[2024-04-12T21:57:17.957+0000] {processor.py:161} INFO - Started process (PID=26) to work on /opt/airflow/dags/hello_airflow.py
[2024-04-12T21:57:17.973+0000] {processor.py:830} INFO - Processing file /opt/airflow/dags/hello_airflow.py for tasks to queue
[2024-04-12T21:57:17.975+0000] {logging_mixin.py:188} INFO - [2024-04-12T21:57:17.975+0000] {dagbag.py:540} INFO - Filling up the DagBag from /opt/airflow/dags/hello_airflow.py
[2024-04-12T21:57:18.049+0000] {processor.py:840} INFO - DAG(s) 'hello_airflow' retrieved from /opt/airflow/dags/hello_airflow.py
[2024-04-12T21:57:18.498+0000] {logging_mixin.py:188} INFO - [2024-04-12T21:57:18.496+0000] {override.py:1829} INFO - Created Permission View: can edit on DAG:hello_airflow
[2024-04-12T21:57:18.565+0000] {logging_mixin.py:188} INFO - [2024-04-12T21:57:18.563+0000] {override.py:1829} INFO - Created Permission View: can read on DAG:hello_airflow
[2024-04-12T21:57:18.582+0000] {logging_mixin.py:188} INFO - [2024-04-12T21:57:18.580+0000] {override.py:1829} INFO - Created Permission View: can delete on DAG:hello_airflow
[2024-04-12T21:57:18.583+0000] {logging_mixin.py:188} INFO - [2024-04-12T21:57:18.583+0000] {dag.py:3096} INFO - Sync 1 DAGs
[2024-04-12T21:57:18.608+0000] {logging_mixin.py:188} INFO - [2024-04-12T21:57:18.607+0000] {dag.py:3118} INFO - Creating ORM DAG for hello_airflow
[2024-04-12T21:57:18.626+0000] {logging_mixin.py:188} INFO - [2024-04-12T21:57:18.626+0000] {dag.py:3954} INFO - Setting next_dagrun for hello_airflow to 2024-04-11 00:00:00+00:00, run_after=2024-04-12 00:00:00+00:00
[2024-04-12T21:57:18.694+0000] {processor.py:183} INFO - Processing /opt/airflow/dags/hello_airflow.py took 0.758 seconds
[2024-04-12T21:57:49.089+0000] {processor.py:161} INFO - Started process (PID=85) to work on /opt/airflow/dags/hello_airflow.py
[2024-04-12T21:57:49.090+0000] {processor.py:830} INFO - Processing file /opt/airflow/dags/hello_airflow.py for tasks to queue
[2024-04-12T21:57:49.094+0000] {logging_mixin.py:188} INFO - [2024-04-12T21:57:49.094+0000] {dagbag.py:540} INFO - Filling up the DagBag from /opt/airflow/dags/hello_airflow.py
[2024-04-12T21:57:49.122+0000] {processor.py:840} INFO - DAG(s) 'hello_airflow' retrieved from /opt/airflow/dags/hello_airflow.py
[2024-04-12T21:57:49.149+0000] {logging_mixin.py:188} INFO - [2024-04-12T21:57:49.149+0000] {dag.py:3096} INFO - Sync 1 DAGs
[2024-04-12T21:57:49.176+0000] {logging_mixin.py:188} INFO - [2024-04-12T21:57:49.176+0000] {dag.py:3954} INFO - Setting next_dagrun for hello_airflow to 2024-04-11 00:00:00+00:00, run_after=2024-04-12 00:00:00+00:00
[2024-04-12T21:57:49.206+0000] {processor.py:183} INFO - Processing /opt/airflow/dags/hello_airflow.py took 0.126 seconds
[2024-04-12T21:58:19.289+0000] {processor.py:161} INFO - Started process (PID=144) to work on /opt/airflow/dags/hello_airflow.py
[2024-04-12T21:58:19.290+0000] {processor.py:830} INFO - Processing file /opt/airflow/dags/hello_airflow.py for tasks to queue
[2024-04-12T21:58:19.294+0000] {logging_mixin.py:188} INFO - [2024-04-12T21:58:19.293+0000] {dagbag.py:540} INFO - Filling up the DagBag from /opt/airflow/dags/hello_airflow.py
[2024-04-12T21:58:19.314+0000] {processor.py:840} INFO - DAG(s) 'hello_airflow' retrieved from /opt/airflow/dags/hello_airflow.py
[2024-04-12T21:58:19.337+0000] {logging_mixin.py:188} INFO - [2024-04-12T21:58:19.337+0000] {dag.py:3096} INFO - Sync 1 DAGs
[2024-04-12T21:58:19.362+0000] {logging_mixin.py:188} INFO - [2024-04-12T21:58:19.362+0000] {dag.py:3954} INFO - Setting next_dagrun for hello_airflow to 2024-04-11 00:00:00+00:00, run_after=2024-04-12 00:00:00+00:00
[2024-04-12T21:58:19.387+0000] {processor.py:183} INFO - Processing /opt/airflow/dags/hello_airflow.py took 0.107 seconds
[2024-04-12T21:58:49.934+0000] {processor.py:161} INFO - Started process (PID=203) to work on /opt/airflow/dags/hello_airflow.py
[2024-04-12T21:58:49.936+0000] {processor.py:830} INFO - Processing file /opt/airflow/dags/hello_airflow.py for tasks to queue
[2024-04-12T21:58:49.939+0000] {logging_mixin.py:188} INFO - [2024-04-12T21:58:49.938+0000] {dagbag.py:540} INFO - Filling up the DagBag from /opt/airflow/dags/hello_airflow.py
[2024-04-12T21:58:49.964+0000] {processor.py:840} INFO - DAG(s) 'hello_airflow' retrieved from /opt/airflow/dags/hello_airflow.py
[2024-04-12T21:58:50.014+0000] {logging_mixin.py:188} INFO - [2024-04-12T21:58:50.014+0000] {dag.py:3096} INFO - Sync 1 DAGs
[2024-04-12T21:58:50.063+0000] {logging_mixin.py:188} INFO - [2024-04-12T21:58:50.062+0000] {dag.py:3954} INFO - Setting next_dagrun for hello_airflow to 2024-04-11 00:00:00+00:00, run_after=2024-04-12 00:00:00+00:00
[2024-04-12T21:58:50.098+0000] {processor.py:183} INFO - Processing /opt/airflow/dags/hello_airflow.py took 0.173 seconds
[2024-04-12T21:59:20.275+0000] {processor.py:161} INFO - Started process (PID=262) to work on /opt/airflow/dags/hello_airflow.py
[2024-04-12T21:59:20.277+0000] {processor.py:830} INFO - Processing file /opt/airflow/dags/hello_airflow.py for tasks to queue
[2024-04-12T21:59:20.279+0000] {logging_mixin.py:188} INFO - [2024-04-12T21:59:20.279+0000] {dagbag.py:540} INFO - Filling up the DagBag from /opt/airflow/dags/hello_airflow.py
[2024-04-12T21:59:20.300+0000] {processor.py:840} INFO - DAG(s) 'hello_airflow' retrieved from /opt/airflow/dags/hello_airflow.py
[2024-04-12T21:59:20.324+0000] {logging_mixin.py:188} INFO - [2024-04-12T21:59:20.324+0000] {dag.py:3096} INFO - Sync 1 DAGs
[2024-04-12T21:59:20.352+0000] {logging_mixin.py:188} INFO - [2024-04-12T21:59:20.351+0000] {dag.py:3954} INFO - Setting next_dagrun for hello_airflow to 2024-04-11 00:00:00+00:00, run_after=2024-04-12 00:00:00+00:00
[2024-04-12T21:59:20.377+0000] {processor.py:183} INFO - Processing /opt/airflow/dags/hello_airflow.py took 0.110 seconds
[2024-04-12T21:59:50.676+0000] {processor.py:161} INFO - Started process (PID=321) to work on /opt/airflow/dags/hello_airflow.py
[2024-04-12T21:59:50.677+0000] {processor.py:830} INFO - Processing file /opt/airflow/dags/hello_airflow.py for tasks to queue
[2024-04-12T21:59:50.679+0000] {logging_mixin.py:188} INFO - [2024-04-12T21:59:50.679+0000] {dagbag.py:540} INFO - Filling up the DagBag from /opt/airflow/dags/hello_airflow.py
[2024-04-12T21:59:50.701+0000] {processor.py:840} INFO - DAG(s) 'hello_airflow' retrieved from /opt/airflow/dags/hello_airflow.py
[2024-04-12T21:59:50.725+0000] {logging_mixin.py:188} INFO - [2024-04-12T21:59:50.725+0000] {dag.py:3096} INFO - Sync 1 DAGs
[2024-04-12T21:59:50.750+0000] {logging_mixin.py:188} INFO - [2024-04-12T21:59:50.750+0000] {dag.py:3954} INFO - Setting next_dagrun for hello_airflow to 2024-04-11 00:00:00+00:00, run_after=2024-04-12 00:00:00+00:00
[2024-04-12T21:59:50.778+0000] {processor.py:183} INFO - Processing /opt/airflow/dags/hello_airflow.py took 0.112 seconds
[2024-04-12T22:00:20.975+0000] {processor.py:161} INFO - Started process (PID=380) to work on /opt/airflow/dags/hello_airflow.py
[2024-04-12T22:00:20.976+0000] {processor.py:830} INFO - Processing file /opt/airflow/dags/hello_airflow.py for tasks to queue
[2024-04-12T22:00:20.979+0000] {logging_mixin.py:188} INFO - [2024-04-12T22:00:20.979+0000] {dagbag.py:540} INFO - Filling up the DagBag from /opt/airflow/dags/hello_airflow.py
[2024-04-12T22:00:21.006+0000] {processor.py:840} INFO - DAG(s) 'hello_airflow' retrieved from /opt/airflow/dags/hello_airflow.py
[2024-04-12T22:00:21.037+0000] {logging_mixin.py:188} INFO - [2024-04-12T22:00:21.037+0000] {dag.py:3096} INFO - Sync 1 DAGs
[2024-04-12T22:00:21.077+0000] {logging_mixin.py:188} INFO - [2024-04-12T22:00:21.076+0000] {dag.py:3954} INFO - Setting next_dagrun for hello_airflow to 2024-04-11 00:00:00+00:00, run_after=2024-04-12 00:00:00+00:00
[2024-04-12T22:00:21.117+0000] {processor.py:183} INFO - Processing /opt/airflow/dags/hello_airflow.py took 0.158 seconds
[2024-04-12T22:00:51.518+0000] {processor.py:161} INFO - Started process (PID=439) to work on /opt/airflow/dags/hello_airflow.py
[2024-04-12T22:00:51.520+0000] {processor.py:830} INFO - Processing file /opt/airflow/dags/hello_airflow.py for tasks to queue
[2024-04-12T22:00:51.522+0000] {logging_mixin.py:188} INFO - [2024-04-12T22:00:51.522+0000] {dagbag.py:540} INFO - Filling up the DagBag from /opt/airflow/dags/hello_airflow.py
[2024-04-12T22:00:51.546+0000] {processor.py:840} INFO - DAG(s) 'hello_airflow' retrieved from /opt/airflow/dags/hello_airflow.py
[2024-04-12T22:00:51.579+0000] {logging_mixin.py:188} INFO - [2024-04-12T22:00:51.579+0000] {dag.py:3096} INFO - Sync 1 DAGs
[2024-04-12T22:00:51.630+0000] {logging_mixin.py:188} INFO - [2024-04-12T22:00:51.629+0000] {dag.py:3954} INFO - Setting next_dagrun for hello_airflow to 2024-04-11 00:00:00+00:00, run_after=2024-04-12 00:00:00+00:00
[2024-04-12T22:00:51.674+0000] {processor.py:183} INFO - Processing /opt/airflow/dags/hello_airflow.py took 0.166 seconds
[2024-04-12T22:01:21.884+0000] {processor.py:161} INFO - Started process (PID=497) to work on /opt/airflow/dags/hello_airflow.py
[2024-04-12T22:01:21.885+0000] {processor.py:830} INFO - Processing file /opt/airflow/dags/hello_airflow.py for tasks to queue
[2024-04-12T22:01:21.888+0000] {logging_mixin.py:188} INFO - [2024-04-12T22:01:21.888+0000] {dagbag.py:540} INFO - Filling up the DagBag from /opt/airflow/dags/hello_airflow.py
[2024-04-12T22:01:21.909+0000] {processor.py:840} INFO - DAG(s) 'hello_airflow' retrieved from /opt/airflow/dags/hello_airflow.py
[2024-04-12T22:01:21.933+0000] {logging_mixin.py:188} INFO - [2024-04-12T22:01:21.933+0000] {dag.py:3096} INFO - Sync 1 DAGs
[2024-04-12T22:01:21.958+0000] {logging_mixin.py:188} INFO - [2024-04-12T22:01:21.957+0000] {dag.py:3954} INFO - Setting next_dagrun for hello_airflow to 2024-04-11 00:00:00+00:00, run_after=2024-04-12 00:00:00+00:00
[2024-04-12T22:01:21.984+0000] {processor.py:183} INFO - Processing /opt/airflow/dags/hello_airflow.py took 0.109 seconds
[2024-04-12T22:01:52.642+0000] {processor.py:161} INFO - Started process (PID=556) to work on /opt/airflow/dags/hello_airflow.py
[2024-04-12T22:01:52.643+0000] {processor.py:830} INFO - Processing file /opt/airflow/dags/hello_airflow.py for tasks to queue
[2024-04-12T22:01:52.646+0000] {logging_mixin.py:188} INFO - [2024-04-12T22:01:52.645+0000] {dagbag.py:540} INFO - Filling up the DagBag from /opt/airflow/dags/hello_airflow.py
[2024-04-12T22:01:52.667+0000] {processor.py:840} INFO - DAG(s) 'hello_airflow' retrieved from /opt/airflow/dags/hello_airflow.py
[2024-04-12T22:01:52.692+0000] {logging_mixin.py:188} INFO - [2024-04-12T22:01:52.692+0000] {dag.py:3096} INFO - Sync 1 DAGs
[2024-04-12T22:01:52.719+0000] {logging_mixin.py:188} INFO - [2024-04-12T22:01:52.719+0000] {dag.py:3954} INFO - Setting next_dagrun for hello_airflow to 2024-04-11 00:00:00+00:00, run_after=2024-04-12 00:00:00+00:00
[2024-04-12T22:01:52.746+0000] {processor.py:183} INFO - Processing /opt/airflow/dags/hello_airflow.py took 0.114 seconds
[2024-04-12T22:02:23.557+0000] {processor.py:161} INFO - Started process (PID=615) to work on /opt/airflow/dags/hello_airflow.py
[2024-04-12T22:02:23.558+0000] {processor.py:830} INFO - Processing file /opt/airflow/dags/hello_airflow.py for tasks to queue
[2024-04-12T22:02:23.562+0000] {logging_mixin.py:188} INFO - [2024-04-12T22:02:23.562+0000] {dagbag.py:540} INFO - Filling up the DagBag from /opt/airflow/dags/hello_airflow.py
[2024-04-12T22:02:23.585+0000] {processor.py:840} INFO - DAG(s) 'hello_airflow' retrieved from /opt/airflow/dags/hello_airflow.py
[2024-04-12T22:02:23.615+0000] {logging_mixin.py:188} INFO - [2024-04-12T22:02:23.614+0000] {dag.py:3096} INFO - Sync 1 DAGs
[2024-04-12T22:02:23.646+0000] {logging_mixin.py:188} INFO - [2024-04-12T22:02:23.646+0000] {dag.py:3954} INFO - Setting next_dagrun for hello_airflow to 2024-04-11 00:00:00+00:00, run_after=2024-04-12 00:00:00+00:00
[2024-04-12T22:02:23.673+0000] {processor.py:183} INFO - Processing /opt/airflow/dags/hello_airflow.py took 0.124 seconds
[2024-04-12T22:02:54.140+0000] {processor.py:161} INFO - Started process (PID=674) to work on /opt/airflow/dags/hello_airflow.py
[2024-04-12T22:02:54.142+0000] {processor.py:830} INFO - Processing file /opt/airflow/dags/hello_airflow.py for tasks to queue
[2024-04-12T22:02:54.146+0000] {logging_mixin.py:188} INFO - [2024-04-12T22:02:54.145+0000] {dagbag.py:540} INFO - Filling up the DagBag from /opt/airflow/dags/hello_airflow.py
[2024-04-12T22:02:54.170+0000] {processor.py:840} INFO - DAG(s) 'hello_airflow' retrieved from /opt/airflow/dags/hello_airflow.py
[2024-04-12T22:02:54.221+0000] {logging_mixin.py:188} INFO - [2024-04-12T22:02:54.221+0000] {dag.py:3096} INFO - Sync 1 DAGs
[2024-04-12T22:02:54.276+0000] {logging_mixin.py:188} INFO - [2024-04-12T22:02:54.276+0000] {dag.py:3954} INFO - Setting next_dagrun for hello_airflow to 2024-04-11 00:00:00+00:00, run_after=2024-04-12 00:00:00+00:00
[2024-04-12T22:02:54.329+0000] {processor.py:183} INFO - Processing /opt/airflow/dags/hello_airflow.py took 0.205 seconds
[2024-04-12T22:03:25.244+0000] {processor.py:161} INFO - Started process (PID=733) to work on /opt/airflow/dags/hello_airflow.py
[2024-04-12T22:03:25.245+0000] {processor.py:830} INFO - Processing file /opt/airflow/dags/hello_airflow.py for tasks to queue
[2024-04-12T22:03:25.249+0000] {logging_mixin.py:188} INFO - [2024-04-12T22:03:25.248+0000] {dagbag.py:540} INFO - Filling up the DagBag from /opt/airflow/dags/hello_airflow.py
[2024-04-12T22:03:25.269+0000] {processor.py:840} INFO - DAG(s) 'hello_airflow' retrieved from /opt/airflow/dags/hello_airflow.py
[2024-04-12T22:03:25.300+0000] {logging_mixin.py:188} INFO - [2024-04-12T22:03:25.300+0000] {dag.py:3096} INFO - Sync 1 DAGs
[2024-04-12T22:03:25.335+0000] {logging_mixin.py:188} INFO - [2024-04-12T22:03:25.335+0000] {dag.py:3954} INFO - Setting next_dagrun for hello_airflow to 2024-04-11 00:00:00+00:00, run_after=2024-04-12 00:00:00+00:00
[2024-04-12T22:03:25.385+0000] {processor.py:183} INFO - Processing /opt/airflow/dags/hello_airflow.py took 0.150 seconds
[2024-04-12T22:03:55.459+0000] {processor.py:161} INFO - Started process (PID=792) to work on /opt/airflow/dags/hello_airflow.py
[2024-04-12T22:03:55.460+0000] {processor.py:830} INFO - Processing file /opt/airflow/dags/hello_airflow.py for tasks to queue
[2024-04-12T22:03:55.464+0000] {logging_mixin.py:188} INFO - [2024-04-12T22:03:55.463+0000] {dagbag.py:540} INFO - Filling up the DagBag from /opt/airflow/dags/hello_airflow.py
[2024-04-12T22:03:55.487+0000] {processor.py:840} INFO - DAG(s) 'hello_airflow' retrieved from /opt/airflow/dags/hello_airflow.py
[2024-04-12T22:03:55.521+0000] {logging_mixin.py:188} INFO - [2024-04-12T22:03:55.521+0000] {dag.py:3096} INFO - Sync 1 DAGs
[2024-04-12T22:03:55.553+0000] {logging_mixin.py:188} INFO - [2024-04-12T22:03:55.553+0000] {dag.py:3954} INFO - Setting next_dagrun for hello_airflow to 2024-04-11 00:00:00+00:00, run_after=2024-04-12 00:00:00+00:00
[2024-04-12T22:03:55.584+0000] {processor.py:183} INFO - Processing /opt/airflow/dags/hello_airflow.py took 0.132 seconds
[2024-04-12T22:04:25.983+0000] {processor.py:161} INFO - Started process (PID=852) to work on /opt/airflow/dags/hello_airflow.py
[2024-04-12T22:04:25.984+0000] {processor.py:830} INFO - Processing file /opt/airflow/dags/hello_airflow.py for tasks to queue
[2024-04-12T22:04:25.987+0000] {logging_mixin.py:188} INFO - [2024-04-12T22:04:25.987+0000] {dagbag.py:540} INFO - Filling up the DagBag from /opt/airflow/dags/hello_airflow.py
[2024-04-12T22:04:26.007+0000] {processor.py:840} INFO - DAG(s) 'hello_airflow' retrieved from /opt/airflow/dags/hello_airflow.py
[2024-04-12T22:04:26.034+0000] {logging_mixin.py:188} INFO - [2024-04-12T22:04:26.034+0000] {dag.py:3096} INFO - Sync 1 DAGs
[2024-04-12T22:04:26.089+0000] {logging_mixin.py:188} INFO - [2024-04-12T22:04:26.089+0000] {dag.py:3954} INFO - Setting next_dagrun for hello_airflow to 2024-04-11 00:00:00+00:00, run_after=2024-04-12 00:00:00+00:00
[2024-04-12T22:04:26.133+0000] {processor.py:183} INFO - Processing /opt/airflow/dags/hello_airflow.py took 0.158 seconds
[2024-04-12T22:04:56.444+0000] {processor.py:161} INFO - Started process (PID=911) to work on /opt/airflow/dags/hello_airflow.py
[2024-04-12T22:04:56.445+0000] {processor.py:830} INFO - Processing file /opt/airflow/dags/hello_airflow.py for tasks to queue
[2024-04-12T22:04:56.448+0000] {logging_mixin.py:188} INFO - [2024-04-12T22:04:56.448+0000] {dagbag.py:540} INFO - Filling up the DagBag from /opt/airflow/dags/hello_airflow.py
[2024-04-12T22:04:56.468+0000] {processor.py:840} INFO - DAG(s) 'hello_airflow' retrieved from /opt/airflow/dags/hello_airflow.py
[2024-04-12T22:04:56.508+0000] {logging_mixin.py:188} INFO - [2024-04-12T22:04:56.508+0000] {dag.py:3096} INFO - Sync 1 DAGs
[2024-04-12T22:04:56.542+0000] {logging_mixin.py:188} INFO - [2024-04-12T22:04:56.542+0000] {dag.py:3954} INFO - Setting next_dagrun for hello_airflow to 2024-04-11 00:00:00+00:00, run_after=2024-04-12 00:00:00+00:00
[2024-04-12T22:04:56.571+0000] {processor.py:183} INFO - Processing /opt/airflow/dags/hello_airflow.py took 0.137 seconds
[2024-04-12T22:05:26.988+0000] {processor.py:161} INFO - Started process (PID=970) to work on /opt/airflow/dags/hello_airflow.py
[2024-04-12T22:05:26.989+0000] {processor.py:830} INFO - Processing file /opt/airflow/dags/hello_airflow.py for tasks to queue
[2024-04-12T22:05:26.991+0000] {logging_mixin.py:188} INFO - [2024-04-12T22:05:26.991+0000] {dagbag.py:540} INFO - Filling up the DagBag from /opt/airflow/dags/hello_airflow.py
[2024-04-12T22:05:27.011+0000] {processor.py:840} INFO - DAG(s) 'hello_airflow' retrieved from /opt/airflow/dags/hello_airflow.py
[2024-04-12T22:05:27.035+0000] {logging_mixin.py:188} INFO - [2024-04-12T22:05:27.035+0000] {dag.py:3096} INFO - Sync 1 DAGs
[2024-04-12T22:05:27.078+0000] {logging_mixin.py:188} INFO - [2024-04-12T22:05:27.078+0000] {dag.py:3954} INFO - Setting next_dagrun for hello_airflow to 2024-04-11 00:00:00+00:00, run_after=2024-04-12 00:00:00+00:00
[2024-04-12T22:05:27.376+0000] {processor.py:183} INFO - Processing /opt/airflow/dags/hello_airflow.py took 0.395 seconds
