[2024-04-12T21:14:58.931+0000] {processor.py:161} INFO - Started process (PID=94) to work on /home/airflow/.local/lib/python3.12/site-packages/airflow/example_dags/example_display_name.py
[2024-04-12T21:14:58.943+0000] {processor.py:830} INFO - Processing file /home/airflow/.local/lib/python3.12/site-packages/airflow/example_dags/example_display_name.py for tasks to queue
[2024-04-12T21:14:59.059+0000] {logging_mixin.py:188} INFO - [2024-04-12T21:14:59.045+0000] {dagbag.py:540} INFO - Filling up the DagBag from /home/airflow/.local/lib/python3.12/site-packages/airflow/example_dags/example_display_name.py
[2024-04-12T21:14:59.166+0000] {processor.py:840} INFO - DAG(s) 'example_display_name' retrieved from /home/airflow/.local/lib/python3.12/site-packages/airflow/example_dags/example_display_name.py
[2024-04-12T21:15:00.932+0000] {logging_mixin.py:188} INFO - [2024-04-12T21:15:00.932+0000] {dag.py:3096} INFO - Sync 1 DAGs
[2024-04-12T21:15:01.209+0000] {logging_mixin.py:188} INFO - [2024-04-12T21:15:01.208+0000] {dag.py:3954} INFO - Setting next_dagrun for example_display_name to None, run_after=None
[2024-04-12T21:15:01.674+0000] {processor.py:183} INFO - Processing /home/airflow/.local/lib/python3.12/site-packages/airflow/example_dags/example_display_name.py took 2.826 seconds
[2024-04-12T21:15:33.816+0000] {processor.py:161} INFO - Started process (PID=152) to work on /home/airflow/.local/lib/python3.12/site-packages/airflow/example_dags/example_display_name.py
[2024-04-12T21:15:33.839+0000] {processor.py:830} INFO - Processing file /home/airflow/.local/lib/python3.12/site-packages/airflow/example_dags/example_display_name.py for tasks to queue
[2024-04-12T21:15:33.843+0000] {logging_mixin.py:188} INFO - [2024-04-12T21:15:33.842+0000] {dagbag.py:540} INFO - Filling up the DagBag from /home/airflow/.local/lib/python3.12/site-packages/airflow/example_dags/example_display_name.py
[2024-04-12T21:15:33.856+0000] {processor.py:840} INFO - DAG(s) 'example_display_name' retrieved from /home/airflow/.local/lib/python3.12/site-packages/airflow/example_dags/example_display_name.py
[2024-04-12T21:15:33.967+0000] {logging_mixin.py:188} INFO - [2024-04-12T21:15:33.967+0000] {dag.py:3096} INFO - Sync 1 DAGs
[2024-04-12T21:15:34.006+0000] {logging_mixin.py:188} INFO - [2024-04-12T21:15:34.005+0000] {dag.py:3954} INFO - Setting next_dagrun for example_display_name to None, run_after=None
[2024-04-12T21:15:34.064+0000] {processor.py:183} INFO - Processing /home/airflow/.local/lib/python3.12/site-packages/airflow/example_dags/example_display_name.py took 0.281 seconds
[2024-04-12T21:16:04.507+0000] {processor.py:161} INFO - Started process (PID=211) to work on /home/airflow/.local/lib/python3.12/site-packages/airflow/example_dags/example_display_name.py
[2024-04-12T21:16:04.508+0000] {processor.py:830} INFO - Processing file /home/airflow/.local/lib/python3.12/site-packages/airflow/example_dags/example_display_name.py for tasks to queue
[2024-04-12T21:16:04.511+0000] {logging_mixin.py:188} INFO - [2024-04-12T21:16:04.511+0000] {dagbag.py:540} INFO - Filling up the DagBag from /home/airflow/.local/lib/python3.12/site-packages/airflow/example_dags/example_display_name.py
[2024-04-12T21:16:04.521+0000] {processor.py:840} INFO - DAG(s) 'example_display_name' retrieved from /home/airflow/.local/lib/python3.12/site-packages/airflow/example_dags/example_display_name.py
[2024-04-12T21:16:04.561+0000] {logging_mixin.py:188} INFO - [2024-04-12T21:16:04.560+0000] {dag.py:3096} INFO - Sync 1 DAGs
[2024-04-12T21:16:04.585+0000] {logging_mixin.py:188} INFO - [2024-04-12T21:16:04.585+0000] {dag.py:3954} INFO - Setting next_dagrun for example_display_name to None, run_after=None
[2024-04-12T21:16:04.624+0000] {processor.py:183} INFO - Processing /home/airflow/.local/lib/python3.12/site-packages/airflow/example_dags/example_display_name.py took 0.126 seconds
[2024-04-12T21:16:35.247+0000] {processor.py:161} INFO - Started process (PID=269) to work on /home/airflow/.local/lib/python3.12/site-packages/airflow/example_dags/example_display_name.py
[2024-04-12T21:16:35.249+0000] {processor.py:830} INFO - Processing file /home/airflow/.local/lib/python3.12/site-packages/airflow/example_dags/example_display_name.py for tasks to queue
[2024-04-12T21:16:35.253+0000] {logging_mixin.py:188} INFO - [2024-04-12T21:16:35.252+0000] {dagbag.py:540} INFO - Filling up the DagBag from /home/airflow/.local/lib/python3.12/site-packages/airflow/example_dags/example_display_name.py
[2024-04-12T21:16:35.269+0000] {processor.py:840} INFO - DAG(s) 'example_display_name' retrieved from /home/airflow/.local/lib/python3.12/site-packages/airflow/example_dags/example_display_name.py
[2024-04-12T21:16:35.301+0000] {logging_mixin.py:188} INFO - [2024-04-12T21:16:35.301+0000] {dag.py:3096} INFO - Sync 1 DAGs
[2024-04-12T21:16:35.336+0000] {logging_mixin.py:188} INFO - [2024-04-12T21:16:35.335+0000] {dag.py:3954} INFO - Setting next_dagrun for example_display_name to None, run_after=None
[2024-04-12T21:16:35.384+0000] {processor.py:183} INFO - Processing /home/airflow/.local/lib/python3.12/site-packages/airflow/example_dags/example_display_name.py took 0.144 seconds
[2024-04-12T21:17:05.531+0000] {processor.py:161} INFO - Started process (PID=326) to work on /home/airflow/.local/lib/python3.12/site-packages/airflow/example_dags/example_display_name.py
[2024-04-12T21:17:05.533+0000] {processor.py:830} INFO - Processing file /home/airflow/.local/lib/python3.12/site-packages/airflow/example_dags/example_display_name.py for tasks to queue
[2024-04-12T21:17:05.536+0000] {logging_mixin.py:188} INFO - [2024-04-12T21:17:05.535+0000] {dagbag.py:540} INFO - Filling up the DagBag from /home/airflow/.local/lib/python3.12/site-packages/airflow/example_dags/example_display_name.py
[2024-04-12T21:17:05.546+0000] {processor.py:840} INFO - DAG(s) 'example_display_name' retrieved from /home/airflow/.local/lib/python3.12/site-packages/airflow/example_dags/example_display_name.py
[2024-04-12T21:17:05.597+0000] {logging_mixin.py:188} INFO - [2024-04-12T21:17:05.597+0000] {dag.py:3096} INFO - Sync 1 DAGs
[2024-04-12T21:17:05.615+0000] {logging_mixin.py:188} INFO - [2024-04-12T21:17:05.615+0000] {dag.py:3954} INFO - Setting next_dagrun for example_display_name to None, run_after=None
[2024-04-12T21:17:05.638+0000] {processor.py:183} INFO - Processing /home/airflow/.local/lib/python3.12/site-packages/airflow/example_dags/example_display_name.py took 0.116 seconds
[2024-04-12T21:17:36.347+0000] {processor.py:161} INFO - Started process (PID=384) to work on /home/airflow/.local/lib/python3.12/site-packages/airflow/example_dags/example_display_name.py
[2024-04-12T21:17:36.349+0000] {processor.py:830} INFO - Processing file /home/airflow/.local/lib/python3.12/site-packages/airflow/example_dags/example_display_name.py for tasks to queue
[2024-04-12T21:17:36.351+0000] {logging_mixin.py:188} INFO - [2024-04-12T21:17:36.351+0000] {dagbag.py:540} INFO - Filling up the DagBag from /home/airflow/.local/lib/python3.12/site-packages/airflow/example_dags/example_display_name.py
[2024-04-12T21:17:36.359+0000] {processor.py:840} INFO - DAG(s) 'example_display_name' retrieved from /home/airflow/.local/lib/python3.12/site-packages/airflow/example_dags/example_display_name.py
[2024-04-12T21:17:36.390+0000] {logging_mixin.py:188} INFO - [2024-04-12T21:17:36.389+0000] {dag.py:3096} INFO - Sync 1 DAGs
[2024-04-12T21:17:36.409+0000] {logging_mixin.py:188} INFO - [2024-04-12T21:17:36.409+0000] {dag.py:3954} INFO - Setting next_dagrun for example_display_name to None, run_after=None
[2024-04-12T21:17:36.443+0000] {processor.py:183} INFO - Processing /home/airflow/.local/lib/python3.12/site-packages/airflow/example_dags/example_display_name.py took 0.103 seconds
[2024-04-12T21:18:07.295+0000] {processor.py:161} INFO - Started process (PID=442) to work on /home/airflow/.local/lib/python3.12/site-packages/airflow/example_dags/example_display_name.py
[2024-04-12T21:18:07.297+0000] {processor.py:830} INFO - Processing file /home/airflow/.local/lib/python3.12/site-packages/airflow/example_dags/example_display_name.py for tasks to queue
[2024-04-12T21:18:07.300+0000] {logging_mixin.py:188} INFO - [2024-04-12T21:18:07.299+0000] {dagbag.py:540} INFO - Filling up the DagBag from /home/airflow/.local/lib/python3.12/site-packages/airflow/example_dags/example_display_name.py
[2024-04-12T21:18:07.307+0000] {processor.py:840} INFO - DAG(s) 'example_display_name' retrieved from /home/airflow/.local/lib/python3.12/site-packages/airflow/example_dags/example_display_name.py
[2024-04-12T21:18:07.335+0000] {logging_mixin.py:188} INFO - [2024-04-12T21:18:07.334+0000] {dag.py:3096} INFO - Sync 1 DAGs
[2024-04-12T21:18:07.355+0000] {logging_mixin.py:188} INFO - [2024-04-12T21:18:07.355+0000] {dag.py:3954} INFO - Setting next_dagrun for example_display_name to None, run_after=None
[2024-04-12T21:18:07.385+0000] {processor.py:183} INFO - Processing /home/airflow/.local/lib/python3.12/site-packages/airflow/example_dags/example_display_name.py took 0.098 seconds
[2024-04-12T21:18:37.553+0000] {processor.py:161} INFO - Started process (PID=501) to work on /home/airflow/.local/lib/python3.12/site-packages/airflow/example_dags/example_display_name.py
[2024-04-12T21:18:37.554+0000] {processor.py:830} INFO - Processing file /home/airflow/.local/lib/python3.12/site-packages/airflow/example_dags/example_display_name.py for tasks to queue
[2024-04-12T21:18:37.556+0000] {logging_mixin.py:188} INFO - [2024-04-12T21:18:37.556+0000] {dagbag.py:540} INFO - Filling up the DagBag from /home/airflow/.local/lib/python3.12/site-packages/airflow/example_dags/example_display_name.py
[2024-04-12T21:18:37.563+0000] {processor.py:840} INFO - DAG(s) 'example_display_name' retrieved from /home/airflow/.local/lib/python3.12/site-packages/airflow/example_dags/example_display_name.py
[2024-04-12T21:18:37.586+0000] {logging_mixin.py:188} INFO - [2024-04-12T21:18:37.585+0000] {dag.py:3096} INFO - Sync 1 DAGs
[2024-04-12T21:18:37.601+0000] {logging_mixin.py:188} INFO - [2024-04-12T21:18:37.600+0000] {dag.py:3954} INFO - Setting next_dagrun for example_display_name to None, run_after=None
[2024-04-12T21:18:37.626+0000] {processor.py:183} INFO - Processing /home/airflow/.local/lib/python3.12/site-packages/airflow/example_dags/example_display_name.py took 0.080 seconds
[2024-04-12T21:19:07.946+0000] {processor.py:161} INFO - Started process (PID=559) to work on /home/airflow/.local/lib/python3.12/site-packages/airflow/example_dags/example_display_name.py
[2024-04-12T21:19:07.947+0000] {processor.py:830} INFO - Processing file /home/airflow/.local/lib/python3.12/site-packages/airflow/example_dags/example_display_name.py for tasks to queue
[2024-04-12T21:19:07.950+0000] {logging_mixin.py:188} INFO - [2024-04-12T21:19:07.949+0000] {dagbag.py:540} INFO - Filling up the DagBag from /home/airflow/.local/lib/python3.12/site-packages/airflow/example_dags/example_display_name.py
[2024-04-12T21:19:07.957+0000] {processor.py:840} INFO - DAG(s) 'example_display_name' retrieved from /home/airflow/.local/lib/python3.12/site-packages/airflow/example_dags/example_display_name.py
[2024-04-12T21:19:07.983+0000] {logging_mixin.py:188} INFO - [2024-04-12T21:19:07.983+0000] {dag.py:3096} INFO - Sync 1 DAGs
[2024-04-12T21:19:08.003+0000] {logging_mixin.py:188} INFO - [2024-04-12T21:19:08.003+0000] {dag.py:3954} INFO - Setting next_dagrun for example_display_name to None, run_after=None
[2024-04-12T21:19:08.035+0000] {processor.py:183} INFO - Processing /home/airflow/.local/lib/python3.12/site-packages/airflow/example_dags/example_display_name.py took 0.097 seconds
[2024-04-12T21:19:38.477+0000] {processor.py:161} INFO - Started process (PID=618) to work on /home/airflow/.local/lib/python3.12/site-packages/airflow/example_dags/example_display_name.py
[2024-04-12T21:19:38.479+0000] {processor.py:830} INFO - Processing file /home/airflow/.local/lib/python3.12/site-packages/airflow/example_dags/example_display_name.py for tasks to queue
[2024-04-12T21:19:38.481+0000] {logging_mixin.py:188} INFO - [2024-04-12T21:19:38.481+0000] {dagbag.py:540} INFO - Filling up the DagBag from /home/airflow/.local/lib/python3.12/site-packages/airflow/example_dags/example_display_name.py
[2024-04-12T21:19:38.488+0000] {processor.py:840} INFO - DAG(s) 'example_display_name' retrieved from /home/airflow/.local/lib/python3.12/site-packages/airflow/example_dags/example_display_name.py
[2024-04-12T21:19:38.513+0000] {logging_mixin.py:188} INFO - [2024-04-12T21:19:38.513+0000] {dag.py:3096} INFO - Sync 1 DAGs
[2024-04-12T21:19:38.540+0000] {logging_mixin.py:188} INFO - [2024-04-12T21:19:38.534+0000] {dag.py:3954} INFO - Setting next_dagrun for example_display_name to None, run_after=None
[2024-04-12T21:19:38.604+0000] {processor.py:183} INFO - Processing /home/airflow/.local/lib/python3.12/site-packages/airflow/example_dags/example_display_name.py took 0.134 seconds
[2024-04-12T21:20:08.649+0000] {processor.py:161} INFO - Started process (PID=674) to work on /home/airflow/.local/lib/python3.12/site-packages/airflow/example_dags/example_display_name.py
[2024-04-12T21:20:08.650+0000] {processor.py:830} INFO - Processing file /home/airflow/.local/lib/python3.12/site-packages/airflow/example_dags/example_display_name.py for tasks to queue
[2024-04-12T21:20:08.654+0000] {logging_mixin.py:188} INFO - [2024-04-12T21:20:08.653+0000] {dagbag.py:540} INFO - Filling up the DagBag from /home/airflow/.local/lib/python3.12/site-packages/airflow/example_dags/example_display_name.py
[2024-04-12T21:20:08.663+0000] {processor.py:840} INFO - DAG(s) 'example_display_name' retrieved from /home/airflow/.local/lib/python3.12/site-packages/airflow/example_dags/example_display_name.py
[2024-04-12T21:20:08.720+0000] {logging_mixin.py:188} INFO - [2024-04-12T21:20:08.719+0000] {dag.py:3096} INFO - Sync 1 DAGs
[2024-04-12T21:20:08.743+0000] {logging_mixin.py:188} INFO - [2024-04-12T21:20:08.743+0000] {dag.py:3954} INFO - Setting next_dagrun for example_display_name to None, run_after=None
[2024-04-12T21:20:08.795+0000] {processor.py:183} INFO - Processing /home/airflow/.local/lib/python3.12/site-packages/airflow/example_dags/example_display_name.py took 0.154 seconds
[2024-04-12T21:20:38.947+0000] {processor.py:161} INFO - Started process (PID=732) to work on /home/airflow/.local/lib/python3.12/site-packages/airflow/example_dags/example_display_name.py
[2024-04-12T21:20:38.949+0000] {processor.py:830} INFO - Processing file /home/airflow/.local/lib/python3.12/site-packages/airflow/example_dags/example_display_name.py for tasks to queue
[2024-04-12T21:20:38.952+0000] {logging_mixin.py:188} INFO - [2024-04-12T21:20:38.951+0000] {dagbag.py:540} INFO - Filling up the DagBag from /home/airflow/.local/lib/python3.12/site-packages/airflow/example_dags/example_display_name.py
[2024-04-12T21:20:38.960+0000] {processor.py:840} INFO - DAG(s) 'example_display_name' retrieved from /home/airflow/.local/lib/python3.12/site-packages/airflow/example_dags/example_display_name.py
[2024-04-12T21:20:38.987+0000] {logging_mixin.py:188} INFO - [2024-04-12T21:20:38.987+0000] {dag.py:3096} INFO - Sync 1 DAGs
[2024-04-12T21:20:39.006+0000] {logging_mixin.py:188} INFO - [2024-04-12T21:20:39.006+0000] {dag.py:3954} INFO - Setting next_dagrun for example_display_name to None, run_after=None
[2024-04-12T21:20:39.035+0000] {processor.py:183} INFO - Processing /home/airflow/.local/lib/python3.12/site-packages/airflow/example_dags/example_display_name.py took 0.096 seconds
[2024-04-12T21:21:11.151+0000] {processor.py:161} INFO - Started process (PID=791) to work on /home/airflow/.local/lib/python3.12/site-packages/airflow/example_dags/example_display_name.py
[2024-04-12T21:21:11.153+0000] {processor.py:830} INFO - Processing file /home/airflow/.local/lib/python3.12/site-packages/airflow/example_dags/example_display_name.py for tasks to queue
[2024-04-12T21:21:11.167+0000] {logging_mixin.py:188} INFO - [2024-04-12T21:21:11.155+0000] {dagbag.py:540} INFO - Filling up the DagBag from /home/airflow/.local/lib/python3.12/site-packages/airflow/example_dags/example_display_name.py
[2024-04-12T21:21:11.188+0000] {processor.py:840} INFO - DAG(s) 'example_display_name' retrieved from /home/airflow/.local/lib/python3.12/site-packages/airflow/example_dags/example_display_name.py
[2024-04-12T21:21:11.312+0000] {logging_mixin.py:188} INFO - [2024-04-12T21:21:11.312+0000] {dag.py:3096} INFO - Sync 1 DAGs
[2024-04-12T21:21:11.462+0000] {logging_mixin.py:188} INFO - [2024-04-12T21:21:11.462+0000] {dag.py:3954} INFO - Setting next_dagrun for example_display_name to None, run_after=None
[2024-04-12T21:21:11.624+0000] {processor.py:183} INFO - Processing /home/airflow/.local/lib/python3.12/site-packages/airflow/example_dags/example_display_name.py took 0.499 seconds
[2024-04-12T21:21:41.722+0000] {processor.py:161} INFO - Started process (PID=848) to work on /home/airflow/.local/lib/python3.12/site-packages/airflow/example_dags/example_display_name.py
[2024-04-12T21:21:41.723+0000] {processor.py:830} INFO - Processing file /home/airflow/.local/lib/python3.12/site-packages/airflow/example_dags/example_display_name.py for tasks to queue
[2024-04-12T21:21:41.726+0000] {logging_mixin.py:188} INFO - [2024-04-12T21:21:41.725+0000] {dagbag.py:540} INFO - Filling up the DagBag from /home/airflow/.local/lib/python3.12/site-packages/airflow/example_dags/example_display_name.py
[2024-04-12T21:21:41.735+0000] {processor.py:840} INFO - DAG(s) 'example_display_name' retrieved from /home/airflow/.local/lib/python3.12/site-packages/airflow/example_dags/example_display_name.py
[2024-04-12T21:21:41.769+0000] {logging_mixin.py:188} INFO - [2024-04-12T21:21:41.769+0000] {dag.py:3096} INFO - Sync 1 DAGs
[2024-04-12T21:21:41.793+0000] {logging_mixin.py:188} INFO - [2024-04-12T21:21:41.793+0000] {dag.py:3954} INFO - Setting next_dagrun for example_display_name to None, run_after=None
[2024-04-12T21:21:41.825+0000] {processor.py:183} INFO - Processing /home/airflow/.local/lib/python3.12/site-packages/airflow/example_dags/example_display_name.py took 0.112 seconds
[2024-04-12T21:22:12.661+0000] {processor.py:161} INFO - Started process (PID=907) to work on /home/airflow/.local/lib/python3.12/site-packages/airflow/example_dags/example_display_name.py
[2024-04-12T21:22:12.662+0000] {processor.py:830} INFO - Processing file /home/airflow/.local/lib/python3.12/site-packages/airflow/example_dags/example_display_name.py for tasks to queue
[2024-04-12T21:22:12.665+0000] {logging_mixin.py:188} INFO - [2024-04-12T21:22:12.664+0000] {dagbag.py:540} INFO - Filling up the DagBag from /home/airflow/.local/lib/python3.12/site-packages/airflow/example_dags/example_display_name.py
[2024-04-12T21:22:12.673+0000] {processor.py:840} INFO - DAG(s) 'example_display_name' retrieved from /home/airflow/.local/lib/python3.12/site-packages/airflow/example_dags/example_display_name.py
[2024-04-12T21:22:12.696+0000] {logging_mixin.py:188} INFO - [2024-04-12T21:22:12.696+0000] {dag.py:3096} INFO - Sync 1 DAGs
[2024-04-12T21:22:12.714+0000] {logging_mixin.py:188} INFO - [2024-04-12T21:22:12.713+0000] {dag.py:3954} INFO - Setting next_dagrun for example_display_name to None, run_after=None
[2024-04-12T21:22:12.739+0000] {processor.py:183} INFO - Processing /home/airflow/.local/lib/python3.12/site-packages/airflow/example_dags/example_display_name.py took 0.086 seconds
[2024-04-12T21:22:43.359+0000] {processor.py:161} INFO - Started process (PID=965) to work on /home/airflow/.local/lib/python3.12/site-packages/airflow/example_dags/example_display_name.py
[2024-04-12T21:22:43.360+0000] {processor.py:830} INFO - Processing file /home/airflow/.local/lib/python3.12/site-packages/airflow/example_dags/example_display_name.py for tasks to queue
[2024-04-12T21:22:43.363+0000] {logging_mixin.py:188} INFO - [2024-04-12T21:22:43.362+0000] {dagbag.py:540} INFO - Filling up the DagBag from /home/airflow/.local/lib/python3.12/site-packages/airflow/example_dags/example_display_name.py
[2024-04-12T21:22:43.370+0000] {processor.py:840} INFO - DAG(s) 'example_display_name' retrieved from /home/airflow/.local/lib/python3.12/site-packages/airflow/example_dags/example_display_name.py
[2024-04-12T21:22:43.397+0000] {logging_mixin.py:188} INFO - [2024-04-12T21:22:43.397+0000] {dag.py:3096} INFO - Sync 1 DAGs
[2024-04-12T21:22:43.418+0000] {logging_mixin.py:188} INFO - [2024-04-12T21:22:43.418+0000] {dag.py:3954} INFO - Setting next_dagrun for example_display_name to None, run_after=None
[2024-04-12T21:22:43.444+0000] {processor.py:183} INFO - Processing /home/airflow/.local/lib/python3.12/site-packages/airflow/example_dags/example_display_name.py took 0.094 seconds
[2024-04-12T21:23:13.556+0000] {processor.py:161} INFO - Started process (PID=1022) to work on /home/airflow/.local/lib/python3.12/site-packages/airflow/example_dags/example_display_name.py
[2024-04-12T21:23:13.557+0000] {processor.py:830} INFO - Processing file /home/airflow/.local/lib/python3.12/site-packages/airflow/example_dags/example_display_name.py for tasks to queue
[2024-04-12T21:23:13.559+0000] {logging_mixin.py:188} INFO - [2024-04-12T21:23:13.559+0000] {dagbag.py:540} INFO - Filling up the DagBag from /home/airflow/.local/lib/python3.12/site-packages/airflow/example_dags/example_display_name.py
[2024-04-12T21:23:13.566+0000] {processor.py:840} INFO - DAG(s) 'example_display_name' retrieved from /home/airflow/.local/lib/python3.12/site-packages/airflow/example_dags/example_display_name.py
[2024-04-12T21:23:13.590+0000] {logging_mixin.py:188} INFO - [2024-04-12T21:23:13.590+0000] {dag.py:3096} INFO - Sync 1 DAGs
[2024-04-12T21:23:13.607+0000] {logging_mixin.py:188} INFO - [2024-04-12T21:23:13.607+0000] {dag.py:3954} INFO - Setting next_dagrun for example_display_name to None, run_after=None
[2024-04-12T21:23:13.631+0000] {processor.py:183} INFO - Processing /home/airflow/.local/lib/python3.12/site-packages/airflow/example_dags/example_display_name.py took 0.082 seconds
[2024-04-12T21:23:44.198+0000] {processor.py:161} INFO - Started process (PID=1081) to work on /home/airflow/.local/lib/python3.12/site-packages/airflow/example_dags/example_display_name.py
[2024-04-12T21:23:44.200+0000] {processor.py:830} INFO - Processing file /home/airflow/.local/lib/python3.12/site-packages/airflow/example_dags/example_display_name.py for tasks to queue
[2024-04-12T21:23:44.202+0000] {logging_mixin.py:188} INFO - [2024-04-12T21:23:44.202+0000] {dagbag.py:540} INFO - Filling up the DagBag from /home/airflow/.local/lib/python3.12/site-packages/airflow/example_dags/example_display_name.py
[2024-04-12T21:23:44.210+0000] {processor.py:840} INFO - DAG(s) 'example_display_name' retrieved from /home/airflow/.local/lib/python3.12/site-packages/airflow/example_dags/example_display_name.py
[2024-04-12T21:23:44.238+0000] {logging_mixin.py:188} INFO - [2024-04-12T21:23:44.237+0000] {dag.py:3096} INFO - Sync 1 DAGs
[2024-04-12T21:23:44.259+0000] {logging_mixin.py:188} INFO - [2024-04-12T21:23:44.259+0000] {dag.py:3954} INFO - Setting next_dagrun for example_display_name to None, run_after=None
[2024-04-12T21:23:44.285+0000] {processor.py:183} INFO - Processing /home/airflow/.local/lib/python3.12/site-packages/airflow/example_dags/example_display_name.py took 0.093 seconds
[2024-04-12T21:28:06.427+0000] {processor.py:161} INFO - Started process (PID=67) to work on /home/airflow/.local/lib/python3.12/site-packages/airflow/example_dags/example_display_name.py
[2024-04-12T21:28:06.430+0000] {processor.py:830} INFO - Processing file /home/airflow/.local/lib/python3.12/site-packages/airflow/example_dags/example_display_name.py for tasks to queue
[2024-04-12T21:28:06.432+0000] {logging_mixin.py:188} INFO - [2024-04-12T21:28:06.431+0000] {dagbag.py:540} INFO - Filling up the DagBag from /home/airflow/.local/lib/python3.12/site-packages/airflow/example_dags/example_display_name.py
[2024-04-12T21:28:06.440+0000] {processor.py:840} INFO - DAG(s) 'example_display_name' retrieved from /home/airflow/.local/lib/python3.12/site-packages/airflow/example_dags/example_display_name.py
[2024-04-12T21:28:06.585+0000] {logging_mixin.py:188} INFO - [2024-04-12T21:28:06.585+0000] {dag.py:3096} INFO - Sync 1 DAGs
[2024-04-12T21:28:06.600+0000] {logging_mixin.py:188} INFO - [2024-04-12T21:28:06.600+0000] {dag.py:3954} INFO - Setting next_dagrun for example_display_name to None, run_after=None
[2024-04-12T21:28:06.629+0000] {processor.py:183} INFO - Processing /home/airflow/.local/lib/python3.12/site-packages/airflow/example_dags/example_display_name.py took 0.208 seconds
[2024-04-12T21:28:38.599+0000] {processor.py:161} INFO - Started process (PID=125) to work on /home/airflow/.local/lib/python3.12/site-packages/airflow/example_dags/example_display_name.py
[2024-04-12T21:28:38.602+0000] {processor.py:830} INFO - Processing file /home/airflow/.local/lib/python3.12/site-packages/airflow/example_dags/example_display_name.py for tasks to queue
[2024-04-12T21:28:38.605+0000] {logging_mixin.py:188} INFO - [2024-04-12T21:28:38.605+0000] {dagbag.py:540} INFO - Filling up the DagBag from /home/airflow/.local/lib/python3.12/site-packages/airflow/example_dags/example_display_name.py
[2024-04-12T21:28:38.620+0000] {processor.py:840} INFO - DAG(s) 'example_display_name' retrieved from /home/airflow/.local/lib/python3.12/site-packages/airflow/example_dags/example_display_name.py
[2024-04-12T21:28:38.717+0000] {logging_mixin.py:188} INFO - [2024-04-12T21:28:38.716+0000] {dag.py:3096} INFO - Sync 1 DAGs
[2024-04-12T21:28:38.787+0000] {logging_mixin.py:188} INFO - [2024-04-12T21:28:38.786+0000] {dag.py:3954} INFO - Setting next_dagrun for example_display_name to None, run_after=None
[2024-04-12T21:28:38.837+0000] {processor.py:183} INFO - Processing /home/airflow/.local/lib/python3.12/site-packages/airflow/example_dags/example_display_name.py took 0.249 seconds
[2024-04-12T21:29:09.164+0000] {processor.py:161} INFO - Started process (PID=184) to work on /home/airflow/.local/lib/python3.12/site-packages/airflow/example_dags/example_display_name.py
[2024-04-12T21:29:09.165+0000] {processor.py:830} INFO - Processing file /home/airflow/.local/lib/python3.12/site-packages/airflow/example_dags/example_display_name.py for tasks to queue
[2024-04-12T21:29:09.167+0000] {logging_mixin.py:188} INFO - [2024-04-12T21:29:09.167+0000] {dagbag.py:540} INFO - Filling up the DagBag from /home/airflow/.local/lib/python3.12/site-packages/airflow/example_dags/example_display_name.py
[2024-04-12T21:29:09.175+0000] {processor.py:840} INFO - DAG(s) 'example_display_name' retrieved from /home/airflow/.local/lib/python3.12/site-packages/airflow/example_dags/example_display_name.py
[2024-04-12T21:29:09.200+0000] {logging_mixin.py:188} INFO - [2024-04-12T21:29:09.199+0000] {dag.py:3096} INFO - Sync 1 DAGs
[2024-04-12T21:29:09.220+0000] {logging_mixin.py:188} INFO - [2024-04-12T21:29:09.220+0000] {dag.py:3954} INFO - Setting next_dagrun for example_display_name to None, run_after=None
[2024-04-12T21:29:09.246+0000] {processor.py:183} INFO - Processing /home/airflow/.local/lib/python3.12/site-packages/airflow/example_dags/example_display_name.py took 0.090 seconds
[2024-04-12T21:29:39.895+0000] {processor.py:161} INFO - Started process (PID=242) to work on /home/airflow/.local/lib/python3.12/site-packages/airflow/example_dags/example_display_name.py
[2024-04-12T21:29:39.897+0000] {processor.py:830} INFO - Processing file /home/airflow/.local/lib/python3.12/site-packages/airflow/example_dags/example_display_name.py for tasks to queue
[2024-04-12T21:29:39.900+0000] {logging_mixin.py:188} INFO - [2024-04-12T21:29:39.899+0000] {dagbag.py:540} INFO - Filling up the DagBag from /home/airflow/.local/lib/python3.12/site-packages/airflow/example_dags/example_display_name.py
[2024-04-12T21:29:39.912+0000] {processor.py:840} INFO - DAG(s) 'example_display_name' retrieved from /home/airflow/.local/lib/python3.12/site-packages/airflow/example_dags/example_display_name.py
[2024-04-12T21:29:39.953+0000] {logging_mixin.py:188} INFO - [2024-04-12T21:29:39.953+0000] {dag.py:3096} INFO - Sync 1 DAGs
[2024-04-12T21:29:39.975+0000] {logging_mixin.py:188} INFO - [2024-04-12T21:29:39.975+0000] {dag.py:3954} INFO - Setting next_dagrun for example_display_name to None, run_after=None
[2024-04-12T21:29:40.035+0000] {processor.py:183} INFO - Processing /home/airflow/.local/lib/python3.12/site-packages/airflow/example_dags/example_display_name.py took 0.152 seconds
[2024-04-12T21:57:25.163+0000] {processor.py:161} INFO - Started process (PID=61) to work on /home/airflow/.local/lib/python3.12/site-packages/airflow/example_dags/example_display_name.py
[2024-04-12T21:57:25.164+0000] {processor.py:830} INFO - Processing file /home/airflow/.local/lib/python3.12/site-packages/airflow/example_dags/example_display_name.py for tasks to queue
[2024-04-12T21:57:25.169+0000] {logging_mixin.py:188} INFO - [2024-04-12T21:57:25.169+0000] {dagbag.py:540} INFO - Filling up the DagBag from /home/airflow/.local/lib/python3.12/site-packages/airflow/example_dags/example_display_name.py
[2024-04-12T21:57:25.188+0000] {processor.py:840} INFO - DAG(s) 'example_display_name' retrieved from /home/airflow/.local/lib/python3.12/site-packages/airflow/example_dags/example_display_name.py
[2024-04-12T21:57:25.357+0000] {logging_mixin.py:188} INFO - [2024-04-12T21:57:25.357+0000] {dag.py:3096} INFO - Sync 1 DAGs
[2024-04-12T21:57:25.376+0000] {logging_mixin.py:188} INFO - [2024-04-12T21:57:25.376+0000] {dag.py:3954} INFO - Setting next_dagrun for example_display_name to None, run_after=None
[2024-04-12T21:57:25.407+0000] {processor.py:183} INFO - Processing /home/airflow/.local/lib/python3.12/site-packages/airflow/example_dags/example_display_name.py took 0.252 seconds
[2024-04-12T21:57:56.982+0000] {processor.py:161} INFO - Started process (PID=126) to work on /home/airflow/.local/lib/python3.12/site-packages/airflow/example_dags/example_display_name.py
[2024-04-12T21:57:56.983+0000] {processor.py:830} INFO - Processing file /home/airflow/.local/lib/python3.12/site-packages/airflow/example_dags/example_display_name.py for tasks to queue
[2024-04-12T21:57:56.986+0000] {logging_mixin.py:188} INFO - [2024-04-12T21:57:56.986+0000] {dagbag.py:540} INFO - Filling up the DagBag from /home/airflow/.local/lib/python3.12/site-packages/airflow/example_dags/example_display_name.py
[2024-04-12T21:57:56.995+0000] {processor.py:840} INFO - DAG(s) 'example_display_name' retrieved from /home/airflow/.local/lib/python3.12/site-packages/airflow/example_dags/example_display_name.py
[2024-04-12T21:57:57.019+0000] {logging_mixin.py:188} INFO - [2024-04-12T21:57:57.019+0000] {dag.py:3096} INFO - Sync 1 DAGs
[2024-04-12T21:57:57.036+0000] {logging_mixin.py:188} INFO - [2024-04-12T21:57:57.035+0000] {dag.py:3954} INFO - Setting next_dagrun for example_display_name to None, run_after=None
[2024-04-12T21:57:57.064+0000] {processor.py:183} INFO - Processing /home/airflow/.local/lib/python3.12/site-packages/airflow/example_dags/example_display_name.py took 0.089 seconds
[2024-04-12T21:58:27.806+0000] {processor.py:161} INFO - Started process (PID=185) to work on /home/airflow/.local/lib/python3.12/site-packages/airflow/example_dags/example_display_name.py
[2024-04-12T21:58:27.807+0000] {processor.py:830} INFO - Processing file /home/airflow/.local/lib/python3.12/site-packages/airflow/example_dags/example_display_name.py for tasks to queue
[2024-04-12T21:58:27.810+0000] {logging_mixin.py:188} INFO - [2024-04-12T21:58:27.809+0000] {dagbag.py:540} INFO - Filling up the DagBag from /home/airflow/.local/lib/python3.12/site-packages/airflow/example_dags/example_display_name.py
[2024-04-12T21:58:27.816+0000] {processor.py:840} INFO - DAG(s) 'example_display_name' retrieved from /home/airflow/.local/lib/python3.12/site-packages/airflow/example_dags/example_display_name.py
[2024-04-12T21:58:27.840+0000] {logging_mixin.py:188} INFO - [2024-04-12T21:58:27.839+0000] {dag.py:3096} INFO - Sync 1 DAGs
[2024-04-12T21:58:27.856+0000] {logging_mixin.py:188} INFO - [2024-04-12T21:58:27.855+0000] {dag.py:3954} INFO - Setting next_dagrun for example_display_name to None, run_after=None
[2024-04-12T21:58:27.882+0000] {processor.py:183} INFO - Processing /home/airflow/.local/lib/python3.12/site-packages/airflow/example_dags/example_display_name.py took 0.082 seconds
[2024-04-12T21:58:58.024+0000] {processor.py:161} INFO - Started process (PID=244) to work on /home/airflow/.local/lib/python3.12/site-packages/airflow/example_dags/example_display_name.py
[2024-04-12T21:58:58.025+0000] {processor.py:830} INFO - Processing file /home/airflow/.local/lib/python3.12/site-packages/airflow/example_dags/example_display_name.py for tasks to queue
[2024-04-12T21:58:58.027+0000] {logging_mixin.py:188} INFO - [2024-04-12T21:58:58.027+0000] {dagbag.py:540} INFO - Filling up the DagBag from /home/airflow/.local/lib/python3.12/site-packages/airflow/example_dags/example_display_name.py
[2024-04-12T21:58:58.034+0000] {processor.py:840} INFO - DAG(s) 'example_display_name' retrieved from /home/airflow/.local/lib/python3.12/site-packages/airflow/example_dags/example_display_name.py
[2024-04-12T21:58:58.058+0000] {logging_mixin.py:188} INFO - [2024-04-12T21:58:58.058+0000] {dag.py:3096} INFO - Sync 1 DAGs
[2024-04-12T21:58:58.081+0000] {logging_mixin.py:188} INFO - [2024-04-12T21:58:58.080+0000] {dag.py:3954} INFO - Setting next_dagrun for example_display_name to None, run_after=None
[2024-04-12T21:58:58.106+0000] {processor.py:183} INFO - Processing /home/airflow/.local/lib/python3.12/site-packages/airflow/example_dags/example_display_name.py took 0.090 seconds
[2024-04-12T21:59:28.258+0000] {processor.py:161} INFO - Started process (PID=303) to work on /home/airflow/.local/lib/python3.12/site-packages/airflow/example_dags/example_display_name.py
[2024-04-12T21:59:28.259+0000] {processor.py:830} INFO - Processing file /home/airflow/.local/lib/python3.12/site-packages/airflow/example_dags/example_display_name.py for tasks to queue
[2024-04-12T21:59:28.262+0000] {logging_mixin.py:188} INFO - [2024-04-12T21:59:28.261+0000] {dagbag.py:540} INFO - Filling up the DagBag from /home/airflow/.local/lib/python3.12/site-packages/airflow/example_dags/example_display_name.py
[2024-04-12T21:59:28.270+0000] {processor.py:840} INFO - DAG(s) 'example_display_name' retrieved from /home/airflow/.local/lib/python3.12/site-packages/airflow/example_dags/example_display_name.py
[2024-04-12T21:59:28.303+0000] {logging_mixin.py:188} INFO - [2024-04-12T21:59:28.302+0000] {dag.py:3096} INFO - Sync 1 DAGs
[2024-04-12T21:59:28.326+0000] {logging_mixin.py:188} INFO - [2024-04-12T21:59:28.325+0000] {dag.py:3954} INFO - Setting next_dagrun for example_display_name to None, run_after=None
[2024-04-12T21:59:28.355+0000] {processor.py:183} INFO - Processing /home/airflow/.local/lib/python3.12/site-packages/airflow/example_dags/example_display_name.py took 0.104 seconds
[2024-04-12T21:59:59.228+0000] {processor.py:161} INFO - Started process (PID=362) to work on /home/airflow/.local/lib/python3.12/site-packages/airflow/example_dags/example_display_name.py
[2024-04-12T21:59:59.229+0000] {processor.py:830} INFO - Processing file /home/airflow/.local/lib/python3.12/site-packages/airflow/example_dags/example_display_name.py for tasks to queue
[2024-04-12T21:59:59.231+0000] {logging_mixin.py:188} INFO - [2024-04-12T21:59:59.231+0000] {dagbag.py:540} INFO - Filling up the DagBag from /home/airflow/.local/lib/python3.12/site-packages/airflow/example_dags/example_display_name.py
[2024-04-12T21:59:59.238+0000] {processor.py:840} INFO - DAG(s) 'example_display_name' retrieved from /home/airflow/.local/lib/python3.12/site-packages/airflow/example_dags/example_display_name.py
[2024-04-12T21:59:59.264+0000] {logging_mixin.py:188} INFO - [2024-04-12T21:59:59.263+0000] {dag.py:3096} INFO - Sync 1 DAGs
[2024-04-12T21:59:59.282+0000] {logging_mixin.py:188} INFO - [2024-04-12T21:59:59.282+0000] {dag.py:3954} INFO - Setting next_dagrun for example_display_name to None, run_after=None
[2024-04-12T21:59:59.308+0000] {processor.py:183} INFO - Processing /home/airflow/.local/lib/python3.12/site-packages/airflow/example_dags/example_display_name.py took 0.087 seconds
[2024-04-12T22:00:29.619+0000] {processor.py:161} INFO - Started process (PID=421) to work on /home/airflow/.local/lib/python3.12/site-packages/airflow/example_dags/example_display_name.py
[2024-04-12T22:00:29.620+0000] {processor.py:830} INFO - Processing file /home/airflow/.local/lib/python3.12/site-packages/airflow/example_dags/example_display_name.py for tasks to queue
[2024-04-12T22:00:29.623+0000] {logging_mixin.py:188} INFO - [2024-04-12T22:00:29.622+0000] {dagbag.py:540} INFO - Filling up the DagBag from /home/airflow/.local/lib/python3.12/site-packages/airflow/example_dags/example_display_name.py
[2024-04-12T22:00:29.630+0000] {processor.py:840} INFO - DAG(s) 'example_display_name' retrieved from /home/airflow/.local/lib/python3.12/site-packages/airflow/example_dags/example_display_name.py
[2024-04-12T22:00:29.655+0000] {logging_mixin.py:188} INFO - [2024-04-12T22:00:29.655+0000] {dag.py:3096} INFO - Sync 1 DAGs
[2024-04-12T22:00:29.671+0000] {logging_mixin.py:188} INFO - [2024-04-12T22:00:29.670+0000] {dag.py:3954} INFO - Setting next_dagrun for example_display_name to None, run_after=None
[2024-04-12T22:00:29.694+0000] {processor.py:183} INFO - Processing /home/airflow/.local/lib/python3.12/site-packages/airflow/example_dags/example_display_name.py took 0.083 seconds
[2024-04-12T22:01:00.244+0000] {processor.py:161} INFO - Started process (PID=479) to work on /home/airflow/.local/lib/python3.12/site-packages/airflow/example_dags/example_display_name.py
[2024-04-12T22:01:00.245+0000] {processor.py:830} INFO - Processing file /home/airflow/.local/lib/python3.12/site-packages/airflow/example_dags/example_display_name.py for tasks to queue
[2024-04-12T22:01:00.248+0000] {logging_mixin.py:188} INFO - [2024-04-12T22:01:00.247+0000] {dagbag.py:540} INFO - Filling up the DagBag from /home/airflow/.local/lib/python3.12/site-packages/airflow/example_dags/example_display_name.py
[2024-04-12T22:01:00.255+0000] {processor.py:840} INFO - DAG(s) 'example_display_name' retrieved from /home/airflow/.local/lib/python3.12/site-packages/airflow/example_dags/example_display_name.py
[2024-04-12T22:01:00.281+0000] {logging_mixin.py:188} INFO - [2024-04-12T22:01:00.281+0000] {dag.py:3096} INFO - Sync 1 DAGs
[2024-04-12T22:01:00.297+0000] {logging_mixin.py:188} INFO - [2024-04-12T22:01:00.297+0000] {dag.py:3954} INFO - Setting next_dagrun for example_display_name to None, run_after=None
[2024-04-12T22:01:00.321+0000] {processor.py:183} INFO - Processing /home/airflow/.local/lib/python3.12/site-packages/airflow/example_dags/example_display_name.py took 0.084 seconds
[2024-04-12T22:01:31.033+0000] {processor.py:161} INFO - Started process (PID=538) to work on /home/airflow/.local/lib/python3.12/site-packages/airflow/example_dags/example_display_name.py
[2024-04-12T22:01:31.035+0000] {processor.py:830} INFO - Processing file /home/airflow/.local/lib/python3.12/site-packages/airflow/example_dags/example_display_name.py for tasks to queue
[2024-04-12T22:01:31.037+0000] {logging_mixin.py:188} INFO - [2024-04-12T22:01:31.037+0000] {dagbag.py:540} INFO - Filling up the DagBag from /home/airflow/.local/lib/python3.12/site-packages/airflow/example_dags/example_display_name.py
[2024-04-12T22:01:31.044+0000] {processor.py:840} INFO - DAG(s) 'example_display_name' retrieved from /home/airflow/.local/lib/python3.12/site-packages/airflow/example_dags/example_display_name.py
[2024-04-12T22:01:31.064+0000] {logging_mixin.py:188} INFO - [2024-04-12T22:01:31.064+0000] {dag.py:3096} INFO - Sync 1 DAGs
[2024-04-12T22:01:31.080+0000] {logging_mixin.py:188} INFO - [2024-04-12T22:01:31.080+0000] {dag.py:3954} INFO - Setting next_dagrun for example_display_name to None, run_after=None
[2024-04-12T22:01:31.102+0000] {processor.py:183} INFO - Processing /home/airflow/.local/lib/python3.12/site-packages/airflow/example_dags/example_display_name.py took 0.077 seconds
[2024-04-12T22:02:02.062+0000] {processor.py:161} INFO - Started process (PID=597) to work on /home/airflow/.local/lib/python3.12/site-packages/airflow/example_dags/example_display_name.py
[2024-04-12T22:02:02.063+0000] {processor.py:830} INFO - Processing file /home/airflow/.local/lib/python3.12/site-packages/airflow/example_dags/example_display_name.py for tasks to queue
[2024-04-12T22:02:02.067+0000] {logging_mixin.py:188} INFO - [2024-04-12T22:02:02.067+0000] {dagbag.py:540} INFO - Filling up the DagBag from /home/airflow/.local/lib/python3.12/site-packages/airflow/example_dags/example_display_name.py
[2024-04-12T22:02:02.085+0000] {processor.py:840} INFO - DAG(s) 'example_display_name' retrieved from /home/airflow/.local/lib/python3.12/site-packages/airflow/example_dags/example_display_name.py
[2024-04-12T22:02:02.134+0000] {logging_mixin.py:188} INFO - [2024-04-12T22:02:02.133+0000] {dag.py:3096} INFO - Sync 1 DAGs
[2024-04-12T22:02:02.159+0000] {logging_mixin.py:188} INFO - [2024-04-12T22:02:02.159+0000] {dag.py:3954} INFO - Setting next_dagrun for example_display_name to None, run_after=None
[2024-04-12T22:02:02.196+0000] {processor.py:183} INFO - Processing /home/airflow/.local/lib/python3.12/site-packages/airflow/example_dags/example_display_name.py took 0.147 seconds
[2024-04-12T22:02:33.035+0000] {processor.py:161} INFO - Started process (PID=656) to work on /home/airflow/.local/lib/python3.12/site-packages/airflow/example_dags/example_display_name.py
[2024-04-12T22:02:33.037+0000] {processor.py:830} INFO - Processing file /home/airflow/.local/lib/python3.12/site-packages/airflow/example_dags/example_display_name.py for tasks to queue
[2024-04-12T22:02:33.040+0000] {logging_mixin.py:188} INFO - [2024-04-12T22:02:33.040+0000] {dagbag.py:540} INFO - Filling up the DagBag from /home/airflow/.local/lib/python3.12/site-packages/airflow/example_dags/example_display_name.py
[2024-04-12T22:02:33.056+0000] {processor.py:840} INFO - DAG(s) 'example_display_name' retrieved from /home/airflow/.local/lib/python3.12/site-packages/airflow/example_dags/example_display_name.py
[2024-04-12T22:02:33.117+0000] {logging_mixin.py:188} INFO - [2024-04-12T22:02:33.117+0000] {dag.py:3096} INFO - Sync 1 DAGs
[2024-04-12T22:02:33.211+0000] {logging_mixin.py:188} INFO - [2024-04-12T22:02:33.210+0000] {dag.py:3954} INFO - Setting next_dagrun for example_display_name to None, run_after=None
[2024-04-12T22:02:33.298+0000] {processor.py:183} INFO - Processing /home/airflow/.local/lib/python3.12/site-packages/airflow/example_dags/example_display_name.py took 0.279 seconds
[2024-04-12T22:03:03.883+0000] {processor.py:161} INFO - Started process (PID=715) to work on /home/airflow/.local/lib/python3.12/site-packages/airflow/example_dags/example_display_name.py
[2024-04-12T22:03:03.885+0000] {processor.py:830} INFO - Processing file /home/airflow/.local/lib/python3.12/site-packages/airflow/example_dags/example_display_name.py for tasks to queue
[2024-04-12T22:03:03.887+0000] {logging_mixin.py:188} INFO - [2024-04-12T22:03:03.887+0000] {dagbag.py:540} INFO - Filling up the DagBag from /home/airflow/.local/lib/python3.12/site-packages/airflow/example_dags/example_display_name.py
[2024-04-12T22:03:03.954+0000] {processor.py:840} INFO - DAG(s) 'example_display_name' retrieved from /home/airflow/.local/lib/python3.12/site-packages/airflow/example_dags/example_display_name.py
[2024-04-12T22:03:04.007+0000] {logging_mixin.py:188} INFO - [2024-04-12T22:03:04.007+0000] {dag.py:3096} INFO - Sync 1 DAGs
[2024-04-12T22:03:04.028+0000] {logging_mixin.py:188} INFO - [2024-04-12T22:03:04.027+0000] {dag.py:3954} INFO - Setting next_dagrun for example_display_name to None, run_after=None
[2024-04-12T22:03:04.068+0000] {processor.py:183} INFO - Processing /home/airflow/.local/lib/python3.12/site-packages/airflow/example_dags/example_display_name.py took 0.193 seconds
[2024-04-12T22:03:34.242+0000] {processor.py:161} INFO - Started process (PID=774) to work on /home/airflow/.local/lib/python3.12/site-packages/airflow/example_dags/example_display_name.py
[2024-04-12T22:03:34.247+0000] {processor.py:830} INFO - Processing file /home/airflow/.local/lib/python3.12/site-packages/airflow/example_dags/example_display_name.py for tasks to queue
[2024-04-12T22:03:34.251+0000] {logging_mixin.py:188} INFO - [2024-04-12T22:03:34.250+0000] {dagbag.py:540} INFO - Filling up the DagBag from /home/airflow/.local/lib/python3.12/site-packages/airflow/example_dags/example_display_name.py
[2024-04-12T22:03:34.270+0000] {processor.py:840} INFO - DAG(s) 'example_display_name' retrieved from /home/airflow/.local/lib/python3.12/site-packages/airflow/example_dags/example_display_name.py
[2024-04-12T22:03:34.348+0000] {logging_mixin.py:188} INFO - [2024-04-12T22:03:34.348+0000] {dag.py:3096} INFO - Sync 1 DAGs
[2024-04-12T22:03:34.397+0000] {logging_mixin.py:188} INFO - [2024-04-12T22:03:34.396+0000] {dag.py:3954} INFO - Setting next_dagrun for example_display_name to None, run_after=None
[2024-04-12T22:03:34.472+0000] {processor.py:183} INFO - Processing /home/airflow/.local/lib/python3.12/site-packages/airflow/example_dags/example_display_name.py took 0.249 seconds
[2024-04-12T22:04:04.855+0000] {processor.py:161} INFO - Started process (PID=834) to work on /home/airflow/.local/lib/python3.12/site-packages/airflow/example_dags/example_display_name.py
[2024-04-12T22:04:04.857+0000] {processor.py:830} INFO - Processing file /home/airflow/.local/lib/python3.12/site-packages/airflow/example_dags/example_display_name.py for tasks to queue
[2024-04-12T22:04:04.867+0000] {logging_mixin.py:188} INFO - [2024-04-12T22:04:04.866+0000] {dagbag.py:540} INFO - Filling up the DagBag from /home/airflow/.local/lib/python3.12/site-packages/airflow/example_dags/example_display_name.py
[2024-04-12T22:04:04.874+0000] {processor.py:840} INFO - DAG(s) 'example_display_name' retrieved from /home/airflow/.local/lib/python3.12/site-packages/airflow/example_dags/example_display_name.py
[2024-04-12T22:04:04.904+0000] {logging_mixin.py:188} INFO - [2024-04-12T22:04:04.904+0000] {dag.py:3096} INFO - Sync 1 DAGs
[2024-04-12T22:04:04.922+0000] {logging_mixin.py:188} INFO - [2024-04-12T22:04:04.922+0000] {dag.py:3954} INFO - Setting next_dagrun for example_display_name to None, run_after=None
[2024-04-12T22:04:04.962+0000] {processor.py:183} INFO - Processing /home/airflow/.local/lib/python3.12/site-packages/airflow/example_dags/example_display_name.py took 0.116 seconds
[2024-04-12T22:04:35.524+0000] {processor.py:161} INFO - Started process (PID=893) to work on /home/airflow/.local/lib/python3.12/site-packages/airflow/example_dags/example_display_name.py
[2024-04-12T22:04:35.525+0000] {processor.py:830} INFO - Processing file /home/airflow/.local/lib/python3.12/site-packages/airflow/example_dags/example_display_name.py for tasks to queue
[2024-04-12T22:04:35.528+0000] {logging_mixin.py:188} INFO - [2024-04-12T22:04:35.527+0000] {dagbag.py:540} INFO - Filling up the DagBag from /home/airflow/.local/lib/python3.12/site-packages/airflow/example_dags/example_display_name.py
[2024-04-12T22:04:35.541+0000] {processor.py:840} INFO - DAG(s) 'example_display_name' retrieved from /home/airflow/.local/lib/python3.12/site-packages/airflow/example_dags/example_display_name.py
[2024-04-12T22:04:35.597+0000] {logging_mixin.py:188} INFO - [2024-04-12T22:04:35.596+0000] {dag.py:3096} INFO - Sync 1 DAGs
[2024-04-12T22:04:35.641+0000] {logging_mixin.py:188} INFO - [2024-04-12T22:04:35.640+0000] {dag.py:3954} INFO - Setting next_dagrun for example_display_name to None, run_after=None
[2024-04-12T22:04:35.715+0000] {processor.py:183} INFO - Processing /home/airflow/.local/lib/python3.12/site-packages/airflow/example_dags/example_display_name.py took 0.199 seconds
[2024-04-12T22:05:06.528+0000] {processor.py:161} INFO - Started process (PID=952) to work on /home/airflow/.local/lib/python3.12/site-packages/airflow/example_dags/example_display_name.py
[2024-04-12T22:05:06.529+0000] {processor.py:830} INFO - Processing file /home/airflow/.local/lib/python3.12/site-packages/airflow/example_dags/example_display_name.py for tasks to queue
[2024-04-12T22:05:06.533+0000] {logging_mixin.py:188} INFO - [2024-04-12T22:05:06.532+0000] {dagbag.py:540} INFO - Filling up the DagBag from /home/airflow/.local/lib/python3.12/site-packages/airflow/example_dags/example_display_name.py
[2024-04-12T22:05:06.541+0000] {processor.py:840} INFO - DAG(s) 'example_display_name' retrieved from /home/airflow/.local/lib/python3.12/site-packages/airflow/example_dags/example_display_name.py
[2024-04-12T22:05:06.571+0000] {logging_mixin.py:188} INFO - [2024-04-12T22:05:06.570+0000] {dag.py:3096} INFO - Sync 1 DAGs
[2024-04-12T22:05:06.589+0000] {logging_mixin.py:188} INFO - [2024-04-12T22:05:06.589+0000] {dag.py:3954} INFO - Setting next_dagrun for example_display_name to None, run_after=None
[2024-04-12T22:05:06.616+0000] {processor.py:183} INFO - Processing /home/airflow/.local/lib/python3.12/site-packages/airflow/example_dags/example_display_name.py took 0.096 seconds
[2024-04-12T22:05:36.782+0000] {processor.py:161} INFO - Started process (PID=1011) to work on /home/airflow/.local/lib/python3.12/site-packages/airflow/example_dags/example_display_name.py
[2024-04-12T22:05:36.783+0000] {processor.py:830} INFO - Processing file /home/airflow/.local/lib/python3.12/site-packages/airflow/example_dags/example_display_name.py for tasks to queue
[2024-04-12T22:05:36.785+0000] {logging_mixin.py:188} INFO - [2024-04-12T22:05:36.785+0000] {dagbag.py:540} INFO - Filling up the DagBag from /home/airflow/.local/lib/python3.12/site-packages/airflow/example_dags/example_display_name.py
[2024-04-12T22:05:36.791+0000] {processor.py:840} INFO - DAG(s) 'example_display_name' retrieved from /home/airflow/.local/lib/python3.12/site-packages/airflow/example_dags/example_display_name.py
[2024-04-12T22:05:36.815+0000] {logging_mixin.py:188} INFO - [2024-04-12T22:05:36.815+0000] {dag.py:3096} INFO - Sync 1 DAGs
[2024-04-12T22:05:36.831+0000] {logging_mixin.py:188} INFO - [2024-04-12T22:05:36.831+0000] {dag.py:3954} INFO - Setting next_dagrun for example_display_name to None, run_after=None
[2024-04-12T22:05:36.853+0000] {processor.py:183} INFO - Processing /home/airflow/.local/lib/python3.12/site-packages/airflow/example_dags/example_display_name.py took 0.078 seconds
