[2024-04-12T21:14:58.073+0000] {processor.py:161} INFO - Started process (PID=93) to work on /home/airflow/.local/lib/python3.12/site-packages/airflow/example_dags/example_subdag_operator.py
[2024-04-12T21:14:58.101+0000] {processor.py:830} INFO - Processing file /home/airflow/.local/lib/python3.12/site-packages/airflow/example_dags/example_subdag_operator.py for tasks to queue
[2024-04-12T21:14:58.146+0000] {logging_mixin.py:188} INFO - [2024-04-12T21:14:58.146+0000] {dagbag.py:540} INFO - Filling up the DagBag from /home/airflow/.local/lib/python3.12/site-packages/airflow/example_dags/example_subdag_operator.py
[2024-04-12T21:14:58.814+0000] {processor.py:840} INFO - DAG(s) 'example_subdag_operator.section-1', 'example_subdag_operator.section-2', 'example_subdag_operator' retrieved from /home/airflow/.local/lib/python3.12/site-packages/airflow/example_dags/example_subdag_operator.py
[2024-04-12T21:15:00.495+0000] {logging_mixin.py:188} INFO - [2024-04-12T21:15:00.462+0000] {dag.py:3096} INFO - Sync 3 DAGs
[2024-04-12T21:15:00.941+0000] {logging_mixin.py:188} INFO - [2024-04-12T21:15:00.940+0000] {dag.py:3954} INFO - Setting next_dagrun for example_subdag_operator to 2022-01-01 00:00:00+00:00, run_after=2022-01-01 00:00:00+00:00
[2024-04-12T21:15:01.098+0000] {logging_mixin.py:188} INFO - [2024-04-12T21:15:01.098+0000] {dag.py:3954} INFO - Setting next_dagrun for example_subdag_operator.section-1 to None, run_after=None
[2024-04-12T21:15:01.114+0000] {logging_mixin.py:188} INFO - [2024-04-12T21:15:01.113+0000] {dag.py:3954} INFO - Setting next_dagrun for example_subdag_operator.section-2 to None, run_after=None
[2024-04-12T21:15:01.365+0000] {logging_mixin.py:188} INFO - [2024-04-12T21:15:01.365+0000] {dag.py:3096} INFO - Sync 2 DAGs
[2024-04-12T21:15:01.483+0000] {logging_mixin.py:188} INFO - [2024-04-12T21:15:01.482+0000] {dag.py:3954} INFO - Setting next_dagrun for example_subdag_operator.section-1 to None, run_after=None
[2024-04-12T21:15:01.499+0000] {logging_mixin.py:188} INFO - [2024-04-12T21:15:01.499+0000] {dag.py:3954} INFO - Setting next_dagrun for example_subdag_operator.section-2 to None, run_after=None
[2024-04-12T21:15:01.707+0000] {processor.py:183} INFO - Processing /home/airflow/.local/lib/python3.12/site-packages/airflow/example_dags/example_subdag_operator.py took 3.894 seconds
[2024-04-12T21:15:33.515+0000] {processor.py:161} INFO - Started process (PID=151) to work on /home/airflow/.local/lib/python3.12/site-packages/airflow/example_dags/example_subdag_operator.py
[2024-04-12T21:15:33.519+0000] {processor.py:830} INFO - Processing file /home/airflow/.local/lib/python3.12/site-packages/airflow/example_dags/example_subdag_operator.py for tasks to queue
[2024-04-12T21:15:33.523+0000] {logging_mixin.py:188} INFO - [2024-04-12T21:15:33.523+0000] {dagbag.py:540} INFO - Filling up the DagBag from /home/airflow/.local/lib/python3.12/site-packages/airflow/example_dags/example_subdag_operator.py
[2024-04-12T21:15:33.576+0000] {processor.py:840} INFO - DAG(s) 'example_subdag_operator.section-1', 'example_subdag_operator.section-2', 'example_subdag_operator' retrieved from /home/airflow/.local/lib/python3.12/site-packages/airflow/example_dags/example_subdag_operator.py
[2024-04-12T21:15:33.674+0000] {logging_mixin.py:188} INFO - [2024-04-12T21:15:33.673+0000] {dag.py:3096} INFO - Sync 3 DAGs
[2024-04-12T21:15:33.781+0000] {logging_mixin.py:188} INFO - [2024-04-12T21:15:33.778+0000] {dag.py:3954} INFO - Setting next_dagrun for example_subdag_operator to 2022-01-01 00:00:00+00:00, run_after=2022-01-01 00:00:00+00:00
[2024-04-12T21:15:33.792+0000] {logging_mixin.py:188} INFO - [2024-04-12T21:15:33.792+0000] {dag.py:3954} INFO - Setting next_dagrun for example_subdag_operator.section-1 to None, run_after=None
[2024-04-12T21:15:33.796+0000] {logging_mixin.py:188} INFO - [2024-04-12T21:15:33.795+0000] {dag.py:3954} INFO - Setting next_dagrun for example_subdag_operator.section-2 to None, run_after=None
[2024-04-12T21:15:33.814+0000] {logging_mixin.py:188} INFO - [2024-04-12T21:15:33.813+0000] {dag.py:3096} INFO - Sync 2 DAGs
[2024-04-12T21:15:33.826+0000] {logging_mixin.py:188} INFO - [2024-04-12T21:15:33.826+0000] {dag.py:3954} INFO - Setting next_dagrun for example_subdag_operator.section-1 to None, run_after=None
[2024-04-12T21:15:33.830+0000] {logging_mixin.py:188} INFO - [2024-04-12T21:15:33.829+0000] {dag.py:3954} INFO - Setting next_dagrun for example_subdag_operator.section-2 to None, run_after=None
[2024-04-12T21:15:33.862+0000] {processor.py:183} INFO - Processing /home/airflow/.local/lib/python3.12/site-packages/airflow/example_dags/example_subdag_operator.py took 0.361 seconds
[2024-04-12T21:16:04.435+0000] {processor.py:161} INFO - Started process (PID=210) to work on /home/airflow/.local/lib/python3.12/site-packages/airflow/example_dags/example_subdag_operator.py
[2024-04-12T21:16:04.437+0000] {processor.py:830} INFO - Processing file /home/airflow/.local/lib/python3.12/site-packages/airflow/example_dags/example_subdag_operator.py for tasks to queue
[2024-04-12T21:16:04.440+0000] {logging_mixin.py:188} INFO - [2024-04-12T21:16:04.439+0000] {dagbag.py:540} INFO - Filling up the DagBag from /home/airflow/.local/lib/python3.12/site-packages/airflow/example_dags/example_subdag_operator.py
[2024-04-12T21:16:04.485+0000] {processor.py:840} INFO - DAG(s) 'example_subdag_operator.section-1', 'example_subdag_operator.section-2', 'example_subdag_operator' retrieved from /home/airflow/.local/lib/python3.12/site-packages/airflow/example_dags/example_subdag_operator.py
[2024-04-12T21:16:04.512+0000] {logging_mixin.py:188} INFO - [2024-04-12T21:16:04.511+0000] {dag.py:3096} INFO - Sync 3 DAGs
[2024-04-12T21:16:04.556+0000] {logging_mixin.py:188} INFO - [2024-04-12T21:16:04.555+0000] {dag.py:3954} INFO - Setting next_dagrun for example_subdag_operator to 2022-01-01 00:00:00+00:00, run_after=2022-01-01 00:00:00+00:00
[2024-04-12T21:16:04.566+0000] {logging_mixin.py:188} INFO - [2024-04-12T21:16:04.566+0000] {dag.py:3954} INFO - Setting next_dagrun for example_subdag_operator.section-1 to None, run_after=None
[2024-04-12T21:16:04.569+0000] {logging_mixin.py:188} INFO - [2024-04-12T21:16:04.569+0000] {dag.py:3954} INFO - Setting next_dagrun for example_subdag_operator.section-2 to None, run_after=None
[2024-04-12T21:16:04.581+0000] {logging_mixin.py:188} INFO - [2024-04-12T21:16:04.581+0000] {dag.py:3096} INFO - Sync 2 DAGs
[2024-04-12T21:16:04.590+0000] {logging_mixin.py:188} INFO - [2024-04-12T21:16:04.590+0000] {dag.py:3954} INFO - Setting next_dagrun for example_subdag_operator.section-1 to None, run_after=None
[2024-04-12T21:16:04.591+0000] {logging_mixin.py:188} INFO - [2024-04-12T21:16:04.591+0000] {dag.py:3954} INFO - Setting next_dagrun for example_subdag_operator.section-2 to None, run_after=None
[2024-04-12T21:16:04.610+0000] {processor.py:183} INFO - Processing /home/airflow/.local/lib/python3.12/site-packages/airflow/example_dags/example_subdag_operator.py took 0.184 seconds
[2024-04-12T21:16:35.199+0000] {processor.py:161} INFO - Started process (PID=268) to work on /home/airflow/.local/lib/python3.12/site-packages/airflow/example_dags/example_subdag_operator.py
[2024-04-12T21:16:35.200+0000] {processor.py:830} INFO - Processing file /home/airflow/.local/lib/python3.12/site-packages/airflow/example_dags/example_subdag_operator.py for tasks to queue
[2024-04-12T21:16:35.203+0000] {logging_mixin.py:188} INFO - [2024-04-12T21:16:35.203+0000] {dagbag.py:540} INFO - Filling up the DagBag from /home/airflow/.local/lib/python3.12/site-packages/airflow/example_dags/example_subdag_operator.py
[2024-04-12T21:16:35.237+0000] {processor.py:840} INFO - DAG(s) 'example_subdag_operator.section-1', 'example_subdag_operator.section-2', 'example_subdag_operator' retrieved from /home/airflow/.local/lib/python3.12/site-packages/airflow/example_dags/example_subdag_operator.py
[2024-04-12T21:16:35.275+0000] {logging_mixin.py:188} INFO - [2024-04-12T21:16:35.274+0000] {dag.py:3096} INFO - Sync 3 DAGs
[2024-04-12T21:16:35.317+0000] {logging_mixin.py:188} INFO - [2024-04-12T21:16:35.316+0000] {dag.py:3954} INFO - Setting next_dagrun for example_subdag_operator to 2022-01-01 00:00:00+00:00, run_after=2022-01-01 00:00:00+00:00
[2024-04-12T21:16:35.326+0000] {logging_mixin.py:188} INFO - [2024-04-12T21:16:35.324+0000] {dag.py:3954} INFO - Setting next_dagrun for example_subdag_operator.section-1 to None, run_after=None
[2024-04-12T21:16:35.330+0000] {logging_mixin.py:188} INFO - [2024-04-12T21:16:35.329+0000] {dag.py:3954} INFO - Setting next_dagrun for example_subdag_operator.section-2 to None, run_after=None
[2024-04-12T21:16:35.349+0000] {logging_mixin.py:188} INFO - [2024-04-12T21:16:35.349+0000] {dag.py:3096} INFO - Sync 2 DAGs
[2024-04-12T21:16:35.365+0000] {logging_mixin.py:188} INFO - [2024-04-12T21:16:35.365+0000] {dag.py:3954} INFO - Setting next_dagrun for example_subdag_operator.section-1 to None, run_after=None
[2024-04-12T21:16:35.366+0000] {logging_mixin.py:188} INFO - [2024-04-12T21:16:35.366+0000] {dag.py:3954} INFO - Setting next_dagrun for example_subdag_operator.section-2 to None, run_after=None
[2024-04-12T21:16:35.401+0000] {processor.py:183} INFO - Processing /home/airflow/.local/lib/python3.12/site-packages/airflow/example_dags/example_subdag_operator.py took 0.210 seconds
[2024-04-12T21:17:05.439+0000] {processor.py:161} INFO - Started process (PID=325) to work on /home/airflow/.local/lib/python3.12/site-packages/airflow/example_dags/example_subdag_operator.py
[2024-04-12T21:17:05.440+0000] {processor.py:830} INFO - Processing file /home/airflow/.local/lib/python3.12/site-packages/airflow/example_dags/example_subdag_operator.py for tasks to queue
[2024-04-12T21:17:05.443+0000] {logging_mixin.py:188} INFO - [2024-04-12T21:17:05.443+0000] {dagbag.py:540} INFO - Filling up the DagBag from /home/airflow/.local/lib/python3.12/site-packages/airflow/example_dags/example_subdag_operator.py
[2024-04-12T21:17:05.479+0000] {processor.py:840} INFO - DAG(s) 'example_subdag_operator.section-1', 'example_subdag_operator.section-2', 'example_subdag_operator' retrieved from /home/airflow/.local/lib/python3.12/site-packages/airflow/example_dags/example_subdag_operator.py
[2024-04-12T21:17:05.517+0000] {logging_mixin.py:188} INFO - [2024-04-12T21:17:05.517+0000] {dag.py:3096} INFO - Sync 3 DAGs
[2024-04-12T21:17:05.573+0000] {logging_mixin.py:188} INFO - [2024-04-12T21:17:05.573+0000] {dag.py:3954} INFO - Setting next_dagrun for example_subdag_operator to 2022-01-01 00:00:00+00:00, run_after=2022-01-01 00:00:00+00:00
[2024-04-12T21:17:05.584+0000] {logging_mixin.py:188} INFO - [2024-04-12T21:17:05.582+0000] {dag.py:3954} INFO - Setting next_dagrun for example_subdag_operator.section-1 to None, run_after=None
[2024-04-12T21:17:05.591+0000] {logging_mixin.py:188} INFO - [2024-04-12T21:17:05.591+0000] {dag.py:3954} INFO - Setting next_dagrun for example_subdag_operator.section-2 to None, run_after=None
[2024-04-12T21:17:05.603+0000] {logging_mixin.py:188} INFO - [2024-04-12T21:17:05.603+0000] {dag.py:3096} INFO - Sync 2 DAGs
[2024-04-12T21:17:05.610+0000] {logging_mixin.py:188} INFO - [2024-04-12T21:17:05.610+0000] {dag.py:3954} INFO - Setting next_dagrun for example_subdag_operator.section-1 to None, run_after=None
[2024-04-12T21:17:05.611+0000] {logging_mixin.py:188} INFO - [2024-04-12T21:17:05.611+0000] {dag.py:3954} INFO - Setting next_dagrun for example_subdag_operator.section-2 to None, run_after=None
[2024-04-12T21:17:05.627+0000] {processor.py:183} INFO - Processing /home/airflow/.local/lib/python3.12/site-packages/airflow/example_dags/example_subdag_operator.py took 0.195 seconds
[2024-04-12T21:17:36.262+0000] {processor.py:161} INFO - Started process (PID=383) to work on /home/airflow/.local/lib/python3.12/site-packages/airflow/example_dags/example_subdag_operator.py
[2024-04-12T21:17:36.265+0000] {processor.py:830} INFO - Processing file /home/airflow/.local/lib/python3.12/site-packages/airflow/example_dags/example_subdag_operator.py for tasks to queue
[2024-04-12T21:17:36.268+0000] {logging_mixin.py:188} INFO - [2024-04-12T21:17:36.268+0000] {dagbag.py:540} INFO - Filling up the DagBag from /home/airflow/.local/lib/python3.12/site-packages/airflow/example_dags/example_subdag_operator.py
[2024-04-12T21:17:36.323+0000] {processor.py:840} INFO - DAG(s) 'example_subdag_operator.section-1', 'example_subdag_operator.section-2', 'example_subdag_operator' retrieved from /home/airflow/.local/lib/python3.12/site-packages/airflow/example_dags/example_subdag_operator.py
[2024-04-12T21:17:36.355+0000] {logging_mixin.py:188} INFO - [2024-04-12T21:17:36.355+0000] {dag.py:3096} INFO - Sync 3 DAGs
[2024-04-12T21:17:36.392+0000] {logging_mixin.py:188} INFO - [2024-04-12T21:17:36.392+0000] {dag.py:3954} INFO - Setting next_dagrun for example_subdag_operator to 2022-01-01 00:00:00+00:00, run_after=2022-01-01 00:00:00+00:00
[2024-04-12T21:17:36.401+0000] {logging_mixin.py:188} INFO - [2024-04-12T21:17:36.401+0000] {dag.py:3954} INFO - Setting next_dagrun for example_subdag_operator.section-1 to None, run_after=None
[2024-04-12T21:17:36.404+0000] {logging_mixin.py:188} INFO - [2024-04-12T21:17:36.403+0000] {dag.py:3954} INFO - Setting next_dagrun for example_subdag_operator.section-2 to None, run_after=None
[2024-04-12T21:17:36.415+0000] {logging_mixin.py:188} INFO - [2024-04-12T21:17:36.415+0000] {dag.py:3096} INFO - Sync 2 DAGs
[2024-04-12T21:17:36.424+0000] {logging_mixin.py:188} INFO - [2024-04-12T21:17:36.423+0000] {dag.py:3954} INFO - Setting next_dagrun for example_subdag_operator.section-1 to None, run_after=None
[2024-04-12T21:17:36.425+0000] {logging_mixin.py:188} INFO - [2024-04-12T21:17:36.424+0000] {dag.py:3954} INFO - Setting next_dagrun for example_subdag_operator.section-2 to None, run_after=None
[2024-04-12T21:17:36.444+0000] {processor.py:183} INFO - Processing /home/airflow/.local/lib/python3.12/site-packages/airflow/example_dags/example_subdag_operator.py took 0.189 seconds
[2024-04-12T21:18:07.234+0000] {processor.py:161} INFO - Started process (PID=441) to work on /home/airflow/.local/lib/python3.12/site-packages/airflow/example_dags/example_subdag_operator.py
[2024-04-12T21:18:07.235+0000] {processor.py:830} INFO - Processing file /home/airflow/.local/lib/python3.12/site-packages/airflow/example_dags/example_subdag_operator.py for tasks to queue
[2024-04-12T21:18:07.238+0000] {logging_mixin.py:188} INFO - [2024-04-12T21:18:07.238+0000] {dagbag.py:540} INFO - Filling up the DagBag from /home/airflow/.local/lib/python3.12/site-packages/airflow/example_dags/example_subdag_operator.py
[2024-04-12T21:18:07.272+0000] {processor.py:840} INFO - DAG(s) 'example_subdag_operator.section-1', 'example_subdag_operator.section-2', 'example_subdag_operator' retrieved from /home/airflow/.local/lib/python3.12/site-packages/airflow/example_dags/example_subdag_operator.py
[2024-04-12T21:18:07.298+0000] {logging_mixin.py:188} INFO - [2024-04-12T21:18:07.298+0000] {dag.py:3096} INFO - Sync 3 DAGs
[2024-04-12T21:18:07.328+0000] {logging_mixin.py:188} INFO - [2024-04-12T21:18:07.328+0000] {dag.py:3954} INFO - Setting next_dagrun for example_subdag_operator to 2022-01-01 00:00:00+00:00, run_after=2022-01-01 00:00:00+00:00
[2024-04-12T21:18:07.335+0000] {logging_mixin.py:188} INFO - [2024-04-12T21:18:07.334+0000] {dag.py:3954} INFO - Setting next_dagrun for example_subdag_operator.section-1 to None, run_after=None
[2024-04-12T21:18:07.337+0000] {logging_mixin.py:188} INFO - [2024-04-12T21:18:07.337+0000] {dag.py:3954} INFO - Setting next_dagrun for example_subdag_operator.section-2 to None, run_after=None
[2024-04-12T21:18:07.349+0000] {logging_mixin.py:188} INFO - [2024-04-12T21:18:07.348+0000] {dag.py:3096} INFO - Sync 2 DAGs
[2024-04-12T21:18:07.357+0000] {logging_mixin.py:188} INFO - [2024-04-12T21:18:07.356+0000] {dag.py:3954} INFO - Setting next_dagrun for example_subdag_operator.section-1 to None, run_after=None
[2024-04-12T21:18:07.358+0000] {logging_mixin.py:188} INFO - [2024-04-12T21:18:07.357+0000] {dag.py:3954} INFO - Setting next_dagrun for example_subdag_operator.section-2 to None, run_after=None
[2024-04-12T21:18:07.377+0000] {processor.py:183} INFO - Processing /home/airflow/.local/lib/python3.12/site-packages/airflow/example_dags/example_subdag_operator.py took 0.153 seconds
[2024-04-12T21:18:37.489+0000] {processor.py:161} INFO - Started process (PID=500) to work on /home/airflow/.local/lib/python3.12/site-packages/airflow/example_dags/example_subdag_operator.py
[2024-04-12T21:18:37.490+0000] {processor.py:830} INFO - Processing file /home/airflow/.local/lib/python3.12/site-packages/airflow/example_dags/example_subdag_operator.py for tasks to queue
[2024-04-12T21:18:37.493+0000] {logging_mixin.py:188} INFO - [2024-04-12T21:18:37.492+0000] {dagbag.py:540} INFO - Filling up the DagBag from /home/airflow/.local/lib/python3.12/site-packages/airflow/example_dags/example_subdag_operator.py
[2024-04-12T21:18:37.524+0000] {processor.py:840} INFO - DAG(s) 'example_subdag_operator.section-1', 'example_subdag_operator.section-2', 'example_subdag_operator' retrieved from /home/airflow/.local/lib/python3.12/site-packages/airflow/example_dags/example_subdag_operator.py
[2024-04-12T21:18:37.549+0000] {logging_mixin.py:188} INFO - [2024-04-12T21:18:37.549+0000] {dag.py:3096} INFO - Sync 3 DAGs
[2024-04-12T21:18:37.577+0000] {logging_mixin.py:188} INFO - [2024-04-12T21:18:37.577+0000] {dag.py:3954} INFO - Setting next_dagrun for example_subdag_operator to 2022-01-01 00:00:00+00:00, run_after=2022-01-01 00:00:00+00:00
[2024-04-12T21:18:37.583+0000] {logging_mixin.py:188} INFO - [2024-04-12T21:18:37.583+0000] {dag.py:3954} INFO - Setting next_dagrun for example_subdag_operator.section-1 to None, run_after=None
[2024-04-12T21:18:37.585+0000] {logging_mixin.py:188} INFO - [2024-04-12T21:18:37.585+0000] {dag.py:3954} INFO - Setting next_dagrun for example_subdag_operator.section-2 to None, run_after=None
[2024-04-12T21:18:37.594+0000] {logging_mixin.py:188} INFO - [2024-04-12T21:18:37.593+0000] {dag.py:3096} INFO - Sync 2 DAGs
[2024-04-12T21:18:37.600+0000] {logging_mixin.py:188} INFO - [2024-04-12T21:18:37.600+0000] {dag.py:3954} INFO - Setting next_dagrun for example_subdag_operator.section-1 to None, run_after=None
[2024-04-12T21:18:37.601+0000] {logging_mixin.py:188} INFO - [2024-04-12T21:18:37.601+0000] {dag.py:3954} INFO - Setting next_dagrun for example_subdag_operator.section-2 to None, run_after=None
[2024-04-12T21:18:37.618+0000] {processor.py:183} INFO - Processing /home/airflow/.local/lib/python3.12/site-packages/airflow/example_dags/example_subdag_operator.py took 0.136 seconds
[2024-04-12T21:19:07.881+0000] {processor.py:161} INFO - Started process (PID=558) to work on /home/airflow/.local/lib/python3.12/site-packages/airflow/example_dags/example_subdag_operator.py
[2024-04-12T21:19:07.882+0000] {processor.py:830} INFO - Processing file /home/airflow/.local/lib/python3.12/site-packages/airflow/example_dags/example_subdag_operator.py for tasks to queue
[2024-04-12T21:19:07.885+0000] {logging_mixin.py:188} INFO - [2024-04-12T21:19:07.884+0000] {dagbag.py:540} INFO - Filling up the DagBag from /home/airflow/.local/lib/python3.12/site-packages/airflow/example_dags/example_subdag_operator.py
[2024-04-12T21:19:07.916+0000] {processor.py:840} INFO - DAG(s) 'example_subdag_operator.section-1', 'example_subdag_operator.section-2', 'example_subdag_operator' retrieved from /home/airflow/.local/lib/python3.12/site-packages/airflow/example_dags/example_subdag_operator.py
[2024-04-12T21:19:07.942+0000] {logging_mixin.py:188} INFO - [2024-04-12T21:19:07.941+0000] {dag.py:3096} INFO - Sync 3 DAGs
[2024-04-12T21:19:07.973+0000] {logging_mixin.py:188} INFO - [2024-04-12T21:19:07.973+0000] {dag.py:3954} INFO - Setting next_dagrun for example_subdag_operator to 2022-01-01 00:00:00+00:00, run_after=2022-01-01 00:00:00+00:00
[2024-04-12T21:19:07.980+0000] {logging_mixin.py:188} INFO - [2024-04-12T21:19:07.980+0000] {dag.py:3954} INFO - Setting next_dagrun for example_subdag_operator.section-1 to None, run_after=None
[2024-04-12T21:19:07.983+0000] {logging_mixin.py:188} INFO - [2024-04-12T21:19:07.983+0000] {dag.py:3954} INFO - Setting next_dagrun for example_subdag_operator.section-2 to None, run_after=None
[2024-04-12T21:19:07.996+0000] {logging_mixin.py:188} INFO - [2024-04-12T21:19:07.996+0000] {dag.py:3096} INFO - Sync 2 DAGs
[2024-04-12T21:19:08.004+0000] {logging_mixin.py:188} INFO - [2024-04-12T21:19:08.003+0000] {dag.py:3954} INFO - Setting next_dagrun for example_subdag_operator.section-1 to None, run_after=None
[2024-04-12T21:19:08.005+0000] {logging_mixin.py:188} INFO - [2024-04-12T21:19:08.004+0000] {dag.py:3954} INFO - Setting next_dagrun for example_subdag_operator.section-2 to None, run_after=None
[2024-04-12T21:19:08.022+0000] {processor.py:183} INFO - Processing /home/airflow/.local/lib/python3.12/site-packages/airflow/example_dags/example_subdag_operator.py took 0.149 seconds
[2024-04-12T21:19:38.290+0000] {processor.py:161} INFO - Started process (PID=617) to work on /home/airflow/.local/lib/python3.12/site-packages/airflow/example_dags/example_subdag_operator.py
[2024-04-12T21:19:38.292+0000] {processor.py:830} INFO - Processing file /home/airflow/.local/lib/python3.12/site-packages/airflow/example_dags/example_subdag_operator.py for tasks to queue
[2024-04-12T21:19:38.294+0000] {logging_mixin.py:188} INFO - [2024-04-12T21:19:38.293+0000] {dagbag.py:540} INFO - Filling up the DagBag from /home/airflow/.local/lib/python3.12/site-packages/airflow/example_dags/example_subdag_operator.py
[2024-04-12T21:19:38.323+0000] {processor.py:840} INFO - DAG(s) 'example_subdag_operator.section-1', 'example_subdag_operator.section-2', 'example_subdag_operator' retrieved from /home/airflow/.local/lib/python3.12/site-packages/airflow/example_dags/example_subdag_operator.py
[2024-04-12T21:19:38.352+0000] {logging_mixin.py:188} INFO - [2024-04-12T21:19:38.351+0000] {dag.py:3096} INFO - Sync 3 DAGs
[2024-04-12T21:19:38.386+0000] {logging_mixin.py:188} INFO - [2024-04-12T21:19:38.385+0000] {dag.py:3954} INFO - Setting next_dagrun for example_subdag_operator to 2022-01-01 00:00:00+00:00, run_after=2022-01-01 00:00:00+00:00
[2024-04-12T21:19:38.392+0000] {logging_mixin.py:188} INFO - [2024-04-12T21:19:38.392+0000] {dag.py:3954} INFO - Setting next_dagrun for example_subdag_operator.section-1 to None, run_after=None
[2024-04-12T21:19:38.395+0000] {logging_mixin.py:188} INFO - [2024-04-12T21:19:38.394+0000] {dag.py:3954} INFO - Setting next_dagrun for example_subdag_operator.section-2 to None, run_after=None
[2024-04-12T21:19:38.407+0000] {logging_mixin.py:188} INFO - [2024-04-12T21:19:38.407+0000] {dag.py:3096} INFO - Sync 2 DAGs
[2024-04-12T21:19:38.414+0000] {logging_mixin.py:188} INFO - [2024-04-12T21:19:38.414+0000] {dag.py:3954} INFO - Setting next_dagrun for example_subdag_operator.section-1 to None, run_after=None
[2024-04-12T21:19:38.415+0000] {logging_mixin.py:188} INFO - [2024-04-12T21:19:38.415+0000] {dag.py:3954} INFO - Setting next_dagrun for example_subdag_operator.section-2 to None, run_after=None
[2024-04-12T21:19:38.432+0000] {processor.py:183} INFO - Processing /home/airflow/.local/lib/python3.12/site-packages/airflow/example_dags/example_subdag_operator.py took 0.151 seconds
[2024-04-12T21:20:08.536+0000] {processor.py:161} INFO - Started process (PID=673) to work on /home/airflow/.local/lib/python3.12/site-packages/airflow/example_dags/example_subdag_operator.py
[2024-04-12T21:20:08.538+0000] {processor.py:830} INFO - Processing file /home/airflow/.local/lib/python3.12/site-packages/airflow/example_dags/example_subdag_operator.py for tasks to queue
[2024-04-12T21:20:08.540+0000] {logging_mixin.py:188} INFO - [2024-04-12T21:20:08.540+0000] {dagbag.py:540} INFO - Filling up the DagBag from /home/airflow/.local/lib/python3.12/site-packages/airflow/example_dags/example_subdag_operator.py
[2024-04-12T21:20:08.588+0000] {processor.py:840} INFO - DAG(s) 'example_subdag_operator.section-1', 'example_subdag_operator.section-2', 'example_subdag_operator' retrieved from /home/airflow/.local/lib/python3.12/site-packages/airflow/example_dags/example_subdag_operator.py
[2024-04-12T21:20:08.621+0000] {logging_mixin.py:188} INFO - [2024-04-12T21:20:08.620+0000] {dag.py:3096} INFO - Sync 3 DAGs
[2024-04-12T21:20:08.668+0000] {logging_mixin.py:188} INFO - [2024-04-12T21:20:08.668+0000] {dag.py:3954} INFO - Setting next_dagrun for example_subdag_operator to 2022-01-01 00:00:00+00:00, run_after=2022-01-01 00:00:00+00:00
[2024-04-12T21:20:08.681+0000] {logging_mixin.py:188} INFO - [2024-04-12T21:20:08.681+0000] {dag.py:3954} INFO - Setting next_dagrun for example_subdag_operator.section-1 to None, run_after=None
[2024-04-12T21:20:08.687+0000] {logging_mixin.py:188} INFO - [2024-04-12T21:20:08.687+0000] {dag.py:3954} INFO - Setting next_dagrun for example_subdag_operator.section-2 to None, run_after=None
[2024-04-12T21:20:08.709+0000] {logging_mixin.py:188} INFO - [2024-04-12T21:20:08.708+0000] {dag.py:3096} INFO - Sync 2 DAGs
[2024-04-12T21:20:08.718+0000] {logging_mixin.py:188} INFO - [2024-04-12T21:20:08.717+0000] {dag.py:3954} INFO - Setting next_dagrun for example_subdag_operator.section-1 to None, run_after=None
[2024-04-12T21:20:08.719+0000] {logging_mixin.py:188} INFO - [2024-04-12T21:20:08.719+0000] {dag.py:3954} INFO - Setting next_dagrun for example_subdag_operator.section-2 to None, run_after=None
[2024-04-12T21:20:08.752+0000] {processor.py:183} INFO - Processing /home/airflow/.local/lib/python3.12/site-packages/airflow/example_dags/example_subdag_operator.py took 0.225 seconds
[2024-04-12T21:20:38.947+0000] {processor.py:161} INFO - Started process (PID=731) to work on /home/airflow/.local/lib/python3.12/site-packages/airflow/example_dags/example_subdag_operator.py
[2024-04-12T21:20:38.949+0000] {processor.py:830} INFO - Processing file /home/airflow/.local/lib/python3.12/site-packages/airflow/example_dags/example_subdag_operator.py for tasks to queue
[2024-04-12T21:20:38.952+0000] {logging_mixin.py:188} INFO - [2024-04-12T21:20:38.951+0000] {dagbag.py:540} INFO - Filling up the DagBag from /home/airflow/.local/lib/python3.12/site-packages/airflow/example_dags/example_subdag_operator.py
[2024-04-12T21:20:38.984+0000] {processor.py:840} INFO - DAG(s) 'example_subdag_operator.section-1', 'example_subdag_operator.section-2', 'example_subdag_operator' retrieved from /home/airflow/.local/lib/python3.12/site-packages/airflow/example_dags/example_subdag_operator.py
[2024-04-12T21:20:39.007+0000] {logging_mixin.py:188} INFO - [2024-04-12T21:20:39.007+0000] {dag.py:3096} INFO - Sync 3 DAGs
[2024-04-12T21:20:39.038+0000] {logging_mixin.py:188} INFO - [2024-04-12T21:20:39.037+0000] {dag.py:3954} INFO - Setting next_dagrun for example_subdag_operator to 2022-01-01 00:00:00+00:00, run_after=2022-01-01 00:00:00+00:00
[2024-04-12T21:20:39.044+0000] {logging_mixin.py:188} INFO - [2024-04-12T21:20:39.044+0000] {dag.py:3954} INFO - Setting next_dagrun for example_subdag_operator.section-1 to None, run_after=None
[2024-04-12T21:20:39.049+0000] {logging_mixin.py:188} INFO - [2024-04-12T21:20:39.048+0000] {dag.py:3954} INFO - Setting next_dagrun for example_subdag_operator.section-2 to None, run_after=None
[2024-04-12T21:20:39.060+0000] {logging_mixin.py:188} INFO - [2024-04-12T21:20:39.060+0000] {dag.py:3096} INFO - Sync 2 DAGs
[2024-04-12T21:20:39.070+0000] {logging_mixin.py:188} INFO - [2024-04-12T21:20:39.070+0000] {dag.py:3954} INFO - Setting next_dagrun for example_subdag_operator.section-1 to None, run_after=None
[2024-04-12T21:20:39.071+0000] {logging_mixin.py:188} INFO - [2024-04-12T21:20:39.071+0000] {dag.py:3954} INFO - Setting next_dagrun for example_subdag_operator.section-2 to None, run_after=None
[2024-04-12T21:20:39.088+0000] {processor.py:183} INFO - Processing /home/airflow/.local/lib/python3.12/site-packages/airflow/example_dags/example_subdag_operator.py took 0.149 seconds
[2024-04-12T21:21:11.076+0000] {processor.py:161} INFO - Started process (PID=790) to work on /home/airflow/.local/lib/python3.12/site-packages/airflow/example_dags/example_subdag_operator.py
[2024-04-12T21:21:11.093+0000] {processor.py:830} INFO - Processing file /home/airflow/.local/lib/python3.12/site-packages/airflow/example_dags/example_subdag_operator.py for tasks to queue
[2024-04-12T21:21:11.099+0000] {logging_mixin.py:188} INFO - [2024-04-12T21:21:11.098+0000] {dagbag.py:540} INFO - Filling up the DagBag from /home/airflow/.local/lib/python3.12/site-packages/airflow/example_dags/example_subdag_operator.py
[2024-04-12T21:21:11.225+0000] {processor.py:840} INFO - DAG(s) 'example_subdag_operator.section-1', 'example_subdag_operator.section-2', 'example_subdag_operator' retrieved from /home/airflow/.local/lib/python3.12/site-packages/airflow/example_dags/example_subdag_operator.py
[2024-04-12T21:21:11.291+0000] {logging_mixin.py:188} INFO - [2024-04-12T21:21:11.290+0000] {dag.py:3096} INFO - Sync 3 DAGs
[2024-04-12T21:21:11.402+0000] {logging_mixin.py:188} INFO - [2024-04-12T21:21:11.402+0000] {dag.py:3954} INFO - Setting next_dagrun for example_subdag_operator to 2022-01-01 00:00:00+00:00, run_after=2022-01-01 00:00:00+00:00
[2024-04-12T21:21:11.448+0000] {logging_mixin.py:188} INFO - [2024-04-12T21:21:11.447+0000] {dag.py:3954} INFO - Setting next_dagrun for example_subdag_operator.section-1 to None, run_after=None
[2024-04-12T21:21:11.459+0000] {logging_mixin.py:188} INFO - [2024-04-12T21:21:11.458+0000] {dag.py:3954} INFO - Setting next_dagrun for example_subdag_operator.section-2 to None, run_after=None
[2024-04-12T21:21:11.499+0000] {logging_mixin.py:188} INFO - [2024-04-12T21:21:11.489+0000] {dag.py:3096} INFO - Sync 2 DAGs
[2024-04-12T21:21:11.584+0000] {logging_mixin.py:188} INFO - [2024-04-12T21:21:11.584+0000] {dag.py:3954} INFO - Setting next_dagrun for example_subdag_operator.section-1 to None, run_after=None
[2024-04-12T21:21:11.591+0000] {logging_mixin.py:188} INFO - [2024-04-12T21:21:11.590+0000] {dag.py:3954} INFO - Setting next_dagrun for example_subdag_operator.section-2 to None, run_after=None
[2024-04-12T21:21:11.662+0000] {processor.py:183} INFO - Processing /home/airflow/.local/lib/python3.12/site-packages/airflow/example_dags/example_subdag_operator.py took 0.620 seconds
[2024-04-12T21:21:41.792+0000] {processor.py:161} INFO - Started process (PID=849) to work on /home/airflow/.local/lib/python3.12/site-packages/airflow/example_dags/example_subdag_operator.py
[2024-04-12T21:21:41.793+0000] {processor.py:830} INFO - Processing file /home/airflow/.local/lib/python3.12/site-packages/airflow/example_dags/example_subdag_operator.py for tasks to queue
[2024-04-12T21:21:41.797+0000] {logging_mixin.py:188} INFO - [2024-04-12T21:21:41.796+0000] {dagbag.py:540} INFO - Filling up the DagBag from /home/airflow/.local/lib/python3.12/site-packages/airflow/example_dags/example_subdag_operator.py
[2024-04-12T21:21:41.836+0000] {processor.py:840} INFO - DAG(s) 'example_subdag_operator.section-1', 'example_subdag_operator.section-2', 'example_subdag_operator' retrieved from /home/airflow/.local/lib/python3.12/site-packages/airflow/example_dags/example_subdag_operator.py
[2024-04-12T21:21:41.858+0000] {logging_mixin.py:188} INFO - [2024-04-12T21:21:41.857+0000] {dag.py:3096} INFO - Sync 3 DAGs
[2024-04-12T21:21:41.890+0000] {logging_mixin.py:188} INFO - [2024-04-12T21:21:41.890+0000] {dag.py:3954} INFO - Setting next_dagrun for example_subdag_operator to 2022-01-01 00:00:00+00:00, run_after=2022-01-01 00:00:00+00:00
[2024-04-12T21:21:41.897+0000] {logging_mixin.py:188} INFO - [2024-04-12T21:21:41.896+0000] {dag.py:3954} INFO - Setting next_dagrun for example_subdag_operator.section-1 to None, run_after=None
[2024-04-12T21:21:41.900+0000] {logging_mixin.py:188} INFO - [2024-04-12T21:21:41.900+0000] {dag.py:3954} INFO - Setting next_dagrun for example_subdag_operator.section-2 to None, run_after=None
[2024-04-12T21:21:41.908+0000] {logging_mixin.py:188} INFO - [2024-04-12T21:21:41.908+0000] {dag.py:3096} INFO - Sync 2 DAGs
[2024-04-12T21:21:41.916+0000] {logging_mixin.py:188} INFO - [2024-04-12T21:21:41.916+0000] {dag.py:3954} INFO - Setting next_dagrun for example_subdag_operator.section-1 to None, run_after=None
[2024-04-12T21:21:41.917+0000] {logging_mixin.py:188} INFO - [2024-04-12T21:21:41.917+0000] {dag.py:3954} INFO - Setting next_dagrun for example_subdag_operator.section-2 to None, run_after=None
[2024-04-12T21:21:41.933+0000] {processor.py:183} INFO - Processing /home/airflow/.local/lib/python3.12/site-packages/airflow/example_dags/example_subdag_operator.py took 0.149 seconds
[2024-04-12T21:22:12.606+0000] {processor.py:161} INFO - Started process (PID=906) to work on /home/airflow/.local/lib/python3.12/site-packages/airflow/example_dags/example_subdag_operator.py
[2024-04-12T21:22:12.608+0000] {processor.py:830} INFO - Processing file /home/airflow/.local/lib/python3.12/site-packages/airflow/example_dags/example_subdag_operator.py for tasks to queue
[2024-04-12T21:22:12.610+0000] {logging_mixin.py:188} INFO - [2024-04-12T21:22:12.610+0000] {dagbag.py:540} INFO - Filling up the DagBag from /home/airflow/.local/lib/python3.12/site-packages/airflow/example_dags/example_subdag_operator.py
[2024-04-12T21:22:12.640+0000] {processor.py:840} INFO - DAG(s) 'example_subdag_operator.section-1', 'example_subdag_operator.section-2', 'example_subdag_operator' retrieved from /home/airflow/.local/lib/python3.12/site-packages/airflow/example_dags/example_subdag_operator.py
[2024-04-12T21:22:12.664+0000] {logging_mixin.py:188} INFO - [2024-04-12T21:22:12.663+0000] {dag.py:3096} INFO - Sync 3 DAGs
[2024-04-12T21:22:12.694+0000] {logging_mixin.py:188} INFO - [2024-04-12T21:22:12.694+0000] {dag.py:3954} INFO - Setting next_dagrun for example_subdag_operator to 2022-01-01 00:00:00+00:00, run_after=2022-01-01 00:00:00+00:00
[2024-04-12T21:22:12.700+0000] {logging_mixin.py:188} INFO - [2024-04-12T21:22:12.699+0000] {dag.py:3954} INFO - Setting next_dagrun for example_subdag_operator.section-1 to None, run_after=None
[2024-04-12T21:22:12.702+0000] {logging_mixin.py:188} INFO - [2024-04-12T21:22:12.701+0000] {dag.py:3954} INFO - Setting next_dagrun for example_subdag_operator.section-2 to None, run_after=None
[2024-04-12T21:22:12.711+0000] {logging_mixin.py:188} INFO - [2024-04-12T21:22:12.710+0000] {dag.py:3096} INFO - Sync 2 DAGs
[2024-04-12T21:22:12.717+0000] {logging_mixin.py:188} INFO - [2024-04-12T21:22:12.717+0000] {dag.py:3954} INFO - Setting next_dagrun for example_subdag_operator.section-1 to None, run_after=None
[2024-04-12T21:22:12.718+0000] {logging_mixin.py:188} INFO - [2024-04-12T21:22:12.718+0000] {dag.py:3954} INFO - Setting next_dagrun for example_subdag_operator.section-2 to None, run_after=None
[2024-04-12T21:22:12.736+0000] {processor.py:183} INFO - Processing /home/airflow/.local/lib/python3.12/site-packages/airflow/example_dags/example_subdag_operator.py took 0.136 seconds
[2024-04-12T21:22:43.159+0000] {processor.py:161} INFO - Started process (PID=964) to work on /home/airflow/.local/lib/python3.12/site-packages/airflow/example_dags/example_subdag_operator.py
[2024-04-12T21:22:43.160+0000] {processor.py:830} INFO - Processing file /home/airflow/.local/lib/python3.12/site-packages/airflow/example_dags/example_subdag_operator.py for tasks to queue
[2024-04-12T21:22:43.162+0000] {logging_mixin.py:188} INFO - [2024-04-12T21:22:43.162+0000] {dagbag.py:540} INFO - Filling up the DagBag from /home/airflow/.local/lib/python3.12/site-packages/airflow/example_dags/example_subdag_operator.py
[2024-04-12T21:22:43.193+0000] {processor.py:840} INFO - DAG(s) 'example_subdag_operator.section-1', 'example_subdag_operator.section-2', 'example_subdag_operator' retrieved from /home/airflow/.local/lib/python3.12/site-packages/airflow/example_dags/example_subdag_operator.py
[2024-04-12T21:22:43.215+0000] {logging_mixin.py:188} INFO - [2024-04-12T21:22:43.215+0000] {dag.py:3096} INFO - Sync 3 DAGs
[2024-04-12T21:22:43.249+0000] {logging_mixin.py:188} INFO - [2024-04-12T21:22:43.248+0000] {dag.py:3954} INFO - Setting next_dagrun for example_subdag_operator to 2022-01-01 00:00:00+00:00, run_after=2022-01-01 00:00:00+00:00
[2024-04-12T21:22:43.256+0000] {logging_mixin.py:188} INFO - [2024-04-12T21:22:43.255+0000] {dag.py:3954} INFO - Setting next_dagrun for example_subdag_operator.section-1 to None, run_after=None
[2024-04-12T21:22:43.258+0000] {logging_mixin.py:188} INFO - [2024-04-12T21:22:43.258+0000] {dag.py:3954} INFO - Setting next_dagrun for example_subdag_operator.section-2 to None, run_after=None
[2024-04-12T21:22:43.268+0000] {logging_mixin.py:188} INFO - [2024-04-12T21:22:43.268+0000] {dag.py:3096} INFO - Sync 2 DAGs
[2024-04-12T21:22:43.435+0000] {logging_mixin.py:188} INFO - [2024-04-12T21:22:43.434+0000] {dag.py:3954} INFO - Setting next_dagrun for example_subdag_operator.section-1 to None, run_after=None
[2024-04-12T21:22:43.436+0000] {logging_mixin.py:188} INFO - [2024-04-12T21:22:43.435+0000] {dag.py:3954} INFO - Setting next_dagrun for example_subdag_operator.section-2 to None, run_after=None
[2024-04-12T21:22:43.451+0000] {processor.py:183} INFO - Processing /home/airflow/.local/lib/python3.12/site-packages/airflow/example_dags/example_subdag_operator.py took 0.299 seconds
[2024-04-12T21:23:13.553+0000] {processor.py:161} INFO - Started process (PID=1021) to work on /home/airflow/.local/lib/python3.12/site-packages/airflow/example_dags/example_subdag_operator.py
[2024-04-12T21:23:13.554+0000] {processor.py:830} INFO - Processing file /home/airflow/.local/lib/python3.12/site-packages/airflow/example_dags/example_subdag_operator.py for tasks to queue
[2024-04-12T21:23:13.557+0000] {logging_mixin.py:188} INFO - [2024-04-12T21:23:13.557+0000] {dagbag.py:540} INFO - Filling up the DagBag from /home/airflow/.local/lib/python3.12/site-packages/airflow/example_dags/example_subdag_operator.py
[2024-04-12T21:23:13.585+0000] {processor.py:840} INFO - DAG(s) 'example_subdag_operator.section-1', 'example_subdag_operator.section-2', 'example_subdag_operator' retrieved from /home/airflow/.local/lib/python3.12/site-packages/airflow/example_dags/example_subdag_operator.py
[2024-04-12T21:23:13.607+0000] {logging_mixin.py:188} INFO - [2024-04-12T21:23:13.606+0000] {dag.py:3096} INFO - Sync 3 DAGs
[2024-04-12T21:23:13.635+0000] {logging_mixin.py:188} INFO - [2024-04-12T21:23:13.635+0000] {dag.py:3954} INFO - Setting next_dagrun for example_subdag_operator to 2022-01-01 00:00:00+00:00, run_after=2022-01-01 00:00:00+00:00
[2024-04-12T21:23:13.641+0000] {logging_mixin.py:188} INFO - [2024-04-12T21:23:13.641+0000] {dag.py:3954} INFO - Setting next_dagrun for example_subdag_operator.section-1 to None, run_after=None
[2024-04-12T21:23:13.643+0000] {logging_mixin.py:188} INFO - [2024-04-12T21:23:13.643+0000] {dag.py:3954} INFO - Setting next_dagrun for example_subdag_operator.section-2 to None, run_after=None
[2024-04-12T21:23:13.651+0000] {logging_mixin.py:188} INFO - [2024-04-12T21:23:13.651+0000] {dag.py:3096} INFO - Sync 2 DAGs
[2024-04-12T21:23:13.658+0000] {logging_mixin.py:188} INFO - [2024-04-12T21:23:13.657+0000] {dag.py:3954} INFO - Setting next_dagrun for example_subdag_operator.section-1 to None, run_after=None
[2024-04-12T21:23:13.658+0000] {logging_mixin.py:188} INFO - [2024-04-12T21:23:13.658+0000] {dag.py:3954} INFO - Setting next_dagrun for example_subdag_operator.section-2 to None, run_after=None
[2024-04-12T21:23:13.672+0000] {processor.py:183} INFO - Processing /home/airflow/.local/lib/python3.12/site-packages/airflow/example_dags/example_subdag_operator.py took 0.125 seconds
[2024-04-12T21:23:44.147+0000] {processor.py:161} INFO - Started process (PID=1080) to work on /home/airflow/.local/lib/python3.12/site-packages/airflow/example_dags/example_subdag_operator.py
[2024-04-12T21:23:44.149+0000] {processor.py:830} INFO - Processing file /home/airflow/.local/lib/python3.12/site-packages/airflow/example_dags/example_subdag_operator.py for tasks to queue
[2024-04-12T21:23:44.151+0000] {logging_mixin.py:188} INFO - [2024-04-12T21:23:44.150+0000] {dagbag.py:540} INFO - Filling up the DagBag from /home/airflow/.local/lib/python3.12/site-packages/airflow/example_dags/example_subdag_operator.py
[2024-04-12T21:23:44.188+0000] {processor.py:840} INFO - DAG(s) 'example_subdag_operator.section-1', 'example_subdag_operator.section-2', 'example_subdag_operator' retrieved from /home/airflow/.local/lib/python3.12/site-packages/airflow/example_dags/example_subdag_operator.py
[2024-04-12T21:23:44.209+0000] {logging_mixin.py:188} INFO - [2024-04-12T21:23:44.208+0000] {dag.py:3096} INFO - Sync 3 DAGs
[2024-04-12T21:23:44.248+0000] {logging_mixin.py:188} INFO - [2024-04-12T21:23:44.245+0000] {dag.py:3954} INFO - Setting next_dagrun for example_subdag_operator to 2022-01-01 00:00:00+00:00, run_after=2022-01-01 00:00:00+00:00
[2024-04-12T21:23:44.256+0000] {logging_mixin.py:188} INFO - [2024-04-12T21:23:44.256+0000] {dag.py:3954} INFO - Setting next_dagrun for example_subdag_operator.section-1 to None, run_after=None
[2024-04-12T21:23:44.258+0000] {logging_mixin.py:188} INFO - [2024-04-12T21:23:44.258+0000] {dag.py:3954} INFO - Setting next_dagrun for example_subdag_operator.section-2 to None, run_after=None
[2024-04-12T21:23:44.270+0000] {logging_mixin.py:188} INFO - [2024-04-12T21:23:44.269+0000] {dag.py:3096} INFO - Sync 2 DAGs
[2024-04-12T21:23:44.276+0000] {logging_mixin.py:188} INFO - [2024-04-12T21:23:44.276+0000] {dag.py:3954} INFO - Setting next_dagrun for example_subdag_operator.section-1 to None, run_after=None
[2024-04-12T21:23:44.277+0000] {logging_mixin.py:188} INFO - [2024-04-12T21:23:44.277+0000] {dag.py:3954} INFO - Setting next_dagrun for example_subdag_operator.section-2 to None, run_after=None
[2024-04-12T21:23:44.301+0000] {processor.py:183} INFO - Processing /home/airflow/.local/lib/python3.12/site-packages/airflow/example_dags/example_subdag_operator.py took 0.163 seconds
[2024-04-12T21:28:06.138+0000] {processor.py:161} INFO - Started process (PID=66) to work on /home/airflow/.local/lib/python3.12/site-packages/airflow/example_dags/example_subdag_operator.py
[2024-04-12T21:28:06.139+0000] {processor.py:830} INFO - Processing file /home/airflow/.local/lib/python3.12/site-packages/airflow/example_dags/example_subdag_operator.py for tasks to queue
[2024-04-12T21:28:06.141+0000] {logging_mixin.py:188} INFO - [2024-04-12T21:28:06.141+0000] {dagbag.py:540} INFO - Filling up the DagBag from /home/airflow/.local/lib/python3.12/site-packages/airflow/example_dags/example_subdag_operator.py
[2024-04-12T21:28:06.173+0000] {processor.py:840} INFO - DAG(s) 'example_subdag_operator.section-1', 'example_subdag_operator.section-2', 'example_subdag_operator' retrieved from /home/airflow/.local/lib/python3.12/site-packages/airflow/example_dags/example_subdag_operator.py
[2024-04-12T21:28:06.314+0000] {logging_mixin.py:188} INFO - [2024-04-12T21:28:06.313+0000] {dag.py:3096} INFO - Sync 3 DAGs
[2024-04-12T21:28:06.338+0000] {logging_mixin.py:188} INFO - [2024-04-12T21:28:06.337+0000] {dag.py:3954} INFO - Setting next_dagrun for example_subdag_operator to 2022-01-01 00:00:00+00:00, run_after=2022-01-01 00:00:00+00:00
[2024-04-12T21:28:06.342+0000] {logging_mixin.py:188} INFO - [2024-04-12T21:28:06.342+0000] {dag.py:3954} INFO - Setting next_dagrun for example_subdag_operator.section-1 to None, run_after=None
[2024-04-12T21:28:06.344+0000] {logging_mixin.py:188} INFO - [2024-04-12T21:28:06.344+0000] {dag.py:3954} INFO - Setting next_dagrun for example_subdag_operator.section-2 to None, run_after=None
[2024-04-12T21:28:06.357+0000] {logging_mixin.py:188} INFO - [2024-04-12T21:28:06.357+0000] {dag.py:3096} INFO - Sync 2 DAGs
[2024-04-12T21:28:06.366+0000] {logging_mixin.py:188} INFO - [2024-04-12T21:28:06.366+0000] {dag.py:3954} INFO - Setting next_dagrun for example_subdag_operator.section-1 to None, run_after=None
[2024-04-12T21:28:06.367+0000] {logging_mixin.py:188} INFO - [2024-04-12T21:28:06.367+0000] {dag.py:3954} INFO - Setting next_dagrun for example_subdag_operator.section-2 to None, run_after=None
[2024-04-12T21:28:06.383+0000] {processor.py:183} INFO - Processing /home/airflow/.local/lib/python3.12/site-packages/airflow/example_dags/example_subdag_operator.py took 0.253 seconds
[2024-04-12T21:28:38.600+0000] {processor.py:161} INFO - Started process (PID=124) to work on /home/airflow/.local/lib/python3.12/site-packages/airflow/example_dags/example_subdag_operator.py
[2024-04-12T21:28:38.606+0000] {processor.py:830} INFO - Processing file /home/airflow/.local/lib/python3.12/site-packages/airflow/example_dags/example_subdag_operator.py for tasks to queue
[2024-04-12T21:28:38.609+0000] {logging_mixin.py:188} INFO - [2024-04-12T21:28:38.609+0000] {dagbag.py:540} INFO - Filling up the DagBag from /home/airflow/.local/lib/python3.12/site-packages/airflow/example_dags/example_subdag_operator.py
[2024-04-12T21:28:38.696+0000] {processor.py:840} INFO - DAG(s) 'example_subdag_operator.section-1', 'example_subdag_operator.section-2', 'example_subdag_operator' retrieved from /home/airflow/.local/lib/python3.12/site-packages/airflow/example_dags/example_subdag_operator.py
[2024-04-12T21:28:38.773+0000] {logging_mixin.py:188} INFO - [2024-04-12T21:28:38.773+0000] {dag.py:3096} INFO - Sync 3 DAGs
[2024-04-12T21:28:38.855+0000] {logging_mixin.py:188} INFO - [2024-04-12T21:28:38.855+0000] {dag.py:3954} INFO - Setting next_dagrun for example_subdag_operator to 2022-01-01 00:00:00+00:00, run_after=2022-01-01 00:00:00+00:00
[2024-04-12T21:28:38.889+0000] {logging_mixin.py:188} INFO - [2024-04-12T21:28:38.889+0000] {dag.py:3954} INFO - Setting next_dagrun for example_subdag_operator.section-1 to None, run_after=None
[2024-04-12T21:28:38.892+0000] {logging_mixin.py:188} INFO - [2024-04-12T21:28:38.892+0000] {dag.py:3954} INFO - Setting next_dagrun for example_subdag_operator.section-2 to None, run_after=None
[2024-04-12T21:28:38.910+0000] {logging_mixin.py:188} INFO - [2024-04-12T21:28:38.910+0000] {dag.py:3096} INFO - Sync 2 DAGs
[2024-04-12T21:28:38.923+0000] {logging_mixin.py:188} INFO - [2024-04-12T21:28:38.923+0000] {dag.py:3954} INFO - Setting next_dagrun for example_subdag_operator.section-1 to None, run_after=None
[2024-04-12T21:28:38.924+0000] {logging_mixin.py:188} INFO - [2024-04-12T21:28:38.924+0000] {dag.py:3954} INFO - Setting next_dagrun for example_subdag_operator.section-2 to None, run_after=None
[2024-04-12T21:28:38.958+0000] {processor.py:183} INFO - Processing /home/airflow/.local/lib/python3.12/site-packages/airflow/example_dags/example_subdag_operator.py took 0.367 seconds
[2024-04-12T21:29:09.161+0000] {processor.py:161} INFO - Started process (PID=183) to work on /home/airflow/.local/lib/python3.12/site-packages/airflow/example_dags/example_subdag_operator.py
[2024-04-12T21:29:09.162+0000] {processor.py:830} INFO - Processing file /home/airflow/.local/lib/python3.12/site-packages/airflow/example_dags/example_subdag_operator.py for tasks to queue
[2024-04-12T21:29:09.164+0000] {logging_mixin.py:188} INFO - [2024-04-12T21:29:09.164+0000] {dagbag.py:540} INFO - Filling up the DagBag from /home/airflow/.local/lib/python3.12/site-packages/airflow/example_dags/example_subdag_operator.py
[2024-04-12T21:29:09.196+0000] {processor.py:840} INFO - DAG(s) 'example_subdag_operator.section-1', 'example_subdag_operator.section-2', 'example_subdag_operator' retrieved from /home/airflow/.local/lib/python3.12/site-packages/airflow/example_dags/example_subdag_operator.py
[2024-04-12T21:29:09.218+0000] {logging_mixin.py:188} INFO - [2024-04-12T21:29:09.218+0000] {dag.py:3096} INFO - Sync 3 DAGs
[2024-04-12T21:29:09.250+0000] {logging_mixin.py:188} INFO - [2024-04-12T21:29:09.250+0000] {dag.py:3954} INFO - Setting next_dagrun for example_subdag_operator to 2022-01-01 00:00:00+00:00, run_after=2022-01-01 00:00:00+00:00
[2024-04-12T21:29:09.259+0000] {logging_mixin.py:188} INFO - [2024-04-12T21:29:09.259+0000] {dag.py:3954} INFO - Setting next_dagrun for example_subdag_operator.section-1 to None, run_after=None
[2024-04-12T21:29:09.261+0000] {logging_mixin.py:188} INFO - [2024-04-12T21:29:09.261+0000] {dag.py:3954} INFO - Setting next_dagrun for example_subdag_operator.section-2 to None, run_after=None
[2024-04-12T21:29:09.270+0000] {logging_mixin.py:188} INFO - [2024-04-12T21:29:09.270+0000] {dag.py:3096} INFO - Sync 2 DAGs
[2024-04-12T21:29:09.277+0000] {logging_mixin.py:188} INFO - [2024-04-12T21:29:09.277+0000] {dag.py:3954} INFO - Setting next_dagrun for example_subdag_operator.section-1 to None, run_after=None
[2024-04-12T21:29:09.278+0000] {logging_mixin.py:188} INFO - [2024-04-12T21:29:09.277+0000] {dag.py:3954} INFO - Setting next_dagrun for example_subdag_operator.section-2 to None, run_after=None
[2024-04-12T21:29:09.291+0000] {processor.py:183} INFO - Processing /home/airflow/.local/lib/python3.12/site-packages/airflow/example_dags/example_subdag_operator.py took 0.138 seconds
[2024-04-12T21:29:39.882+0000] {processor.py:161} INFO - Started process (PID=241) to work on /home/airflow/.local/lib/python3.12/site-packages/airflow/example_dags/example_subdag_operator.py
[2024-04-12T21:29:39.885+0000] {processor.py:830} INFO - Processing file /home/airflow/.local/lib/python3.12/site-packages/airflow/example_dags/example_subdag_operator.py for tasks to queue
[2024-04-12T21:29:39.888+0000] {logging_mixin.py:188} INFO - [2024-04-12T21:29:39.888+0000] {dagbag.py:540} INFO - Filling up the DagBag from /home/airflow/.local/lib/python3.12/site-packages/airflow/example_dags/example_subdag_operator.py
[2024-04-12T21:29:39.951+0000] {processor.py:840} INFO - DAG(s) 'example_subdag_operator.section-1', 'example_subdag_operator.section-2', 'example_subdag_operator' retrieved from /home/airflow/.local/lib/python3.12/site-packages/airflow/example_dags/example_subdag_operator.py
[2024-04-12T21:29:39.981+0000] {logging_mixin.py:188} INFO - [2024-04-12T21:29:39.980+0000] {dag.py:3096} INFO - Sync 3 DAGs
[2024-04-12T21:29:40.050+0000] {logging_mixin.py:188} INFO - [2024-04-12T21:29:40.050+0000] {dag.py:3954} INFO - Setting next_dagrun for example_subdag_operator to 2022-01-01 00:00:00+00:00, run_after=2022-01-01 00:00:00+00:00
[2024-04-12T21:29:40.057+0000] {logging_mixin.py:188} INFO - [2024-04-12T21:29:40.057+0000] {dag.py:3954} INFO - Setting next_dagrun for example_subdag_operator.section-1 to None, run_after=None
[2024-04-12T21:29:40.060+0000] {logging_mixin.py:188} INFO - [2024-04-12T21:29:40.059+0000] {dag.py:3954} INFO - Setting next_dagrun for example_subdag_operator.section-2 to None, run_after=None
[2024-04-12T21:29:40.073+0000] {logging_mixin.py:188} INFO - [2024-04-12T21:29:40.072+0000] {dag.py:3096} INFO - Sync 2 DAGs
[2024-04-12T21:29:40.082+0000] {logging_mixin.py:188} INFO - [2024-04-12T21:29:40.082+0000] {dag.py:3954} INFO - Setting next_dagrun for example_subdag_operator.section-1 to None, run_after=None
[2024-04-12T21:29:40.083+0000] {logging_mixin.py:188} INFO - [2024-04-12T21:29:40.083+0000] {dag.py:3954} INFO - Setting next_dagrun for example_subdag_operator.section-2 to None, run_after=None
[2024-04-12T21:29:40.152+0000] {processor.py:183} INFO - Processing /home/airflow/.local/lib/python3.12/site-packages/airflow/example_dags/example_subdag_operator.py took 0.284 seconds
[2024-04-12T21:57:25.103+0000] {processor.py:161} INFO - Started process (PID=60) to work on /home/airflow/.local/lib/python3.12/site-packages/airflow/example_dags/example_subdag_operator.py
[2024-04-12T21:57:25.105+0000] {processor.py:830} INFO - Processing file /home/airflow/.local/lib/python3.12/site-packages/airflow/example_dags/example_subdag_operator.py for tasks to queue
[2024-04-12T21:57:25.108+0000] {logging_mixin.py:188} INFO - [2024-04-12T21:57:25.107+0000] {dagbag.py:540} INFO - Filling up the DagBag from /home/airflow/.local/lib/python3.12/site-packages/airflow/example_dags/example_subdag_operator.py
[2024-04-12T21:57:25.156+0000] {processor.py:840} INFO - DAG(s) 'example_subdag_operator.section-1', 'example_subdag_operator.section-2', 'example_subdag_operator' retrieved from /home/airflow/.local/lib/python3.12/site-packages/airflow/example_dags/example_subdag_operator.py
[2024-04-12T21:57:25.329+0000] {logging_mixin.py:188} INFO - [2024-04-12T21:57:25.328+0000] {dag.py:3096} INFO - Sync 3 DAGs
[2024-04-12T21:57:25.357+0000] {logging_mixin.py:188} INFO - [2024-04-12T21:57:25.357+0000] {dag.py:3954} INFO - Setting next_dagrun for example_subdag_operator to 2022-01-01 00:00:00+00:00, run_after=2022-01-01 00:00:00+00:00
[2024-04-12T21:57:25.361+0000] {logging_mixin.py:188} INFO - [2024-04-12T21:57:25.361+0000] {dag.py:3954} INFO - Setting next_dagrun for example_subdag_operator.section-1 to None, run_after=None
[2024-04-12T21:57:25.364+0000] {logging_mixin.py:188} INFO - [2024-04-12T21:57:25.364+0000] {dag.py:3954} INFO - Setting next_dagrun for example_subdag_operator.section-2 to None, run_after=None
[2024-04-12T21:57:25.379+0000] {logging_mixin.py:188} INFO - [2024-04-12T21:57:25.379+0000] {dag.py:3096} INFO - Sync 2 DAGs
[2024-04-12T21:57:25.388+0000] {logging_mixin.py:188} INFO - [2024-04-12T21:57:25.388+0000] {dag.py:3954} INFO - Setting next_dagrun for example_subdag_operator.section-1 to None, run_after=None
[2024-04-12T21:57:25.389+0000] {logging_mixin.py:188} INFO - [2024-04-12T21:57:25.389+0000] {dag.py:3954} INFO - Setting next_dagrun for example_subdag_operator.section-2 to None, run_after=None
[2024-04-12T21:57:25.407+0000] {processor.py:183} INFO - Processing /home/airflow/.local/lib/python3.12/site-packages/airflow/example_dags/example_subdag_operator.py took 0.314 seconds
[2024-04-12T21:57:56.958+0000] {processor.py:161} INFO - Started process (PID=125) to work on /home/airflow/.local/lib/python3.12/site-packages/airflow/example_dags/example_subdag_operator.py
[2024-04-12T21:57:56.960+0000] {processor.py:830} INFO - Processing file /home/airflow/.local/lib/python3.12/site-packages/airflow/example_dags/example_subdag_operator.py for tasks to queue
[2024-04-12T21:57:56.963+0000] {logging_mixin.py:188} INFO - [2024-04-12T21:57:56.962+0000] {dagbag.py:540} INFO - Filling up the DagBag from /home/airflow/.local/lib/python3.12/site-packages/airflow/example_dags/example_subdag_operator.py
[2024-04-12T21:57:56.995+0000] {processor.py:840} INFO - DAG(s) 'example_subdag_operator.section-1', 'example_subdag_operator.section-2', 'example_subdag_operator' retrieved from /home/airflow/.local/lib/python3.12/site-packages/airflow/example_dags/example_subdag_operator.py
[2024-04-12T21:57:57.028+0000] {logging_mixin.py:188} INFO - [2024-04-12T21:57:57.028+0000] {dag.py:3096} INFO - Sync 3 DAGs
[2024-04-12T21:57:57.060+0000] {logging_mixin.py:188} INFO - [2024-04-12T21:57:57.060+0000] {dag.py:3954} INFO - Setting next_dagrun for example_subdag_operator to 2022-01-01 00:00:00+00:00, run_after=2022-01-01 00:00:00+00:00
[2024-04-12T21:57:57.065+0000] {logging_mixin.py:188} INFO - [2024-04-12T21:57:57.065+0000] {dag.py:3954} INFO - Setting next_dagrun for example_subdag_operator.section-1 to None, run_after=None
[2024-04-12T21:57:57.068+0000] {logging_mixin.py:188} INFO - [2024-04-12T21:57:57.067+0000] {dag.py:3954} INFO - Setting next_dagrun for example_subdag_operator.section-2 to None, run_after=None
[2024-04-12T21:57:57.081+0000] {logging_mixin.py:188} INFO - [2024-04-12T21:57:57.081+0000] {dag.py:3096} INFO - Sync 2 DAGs
[2024-04-12T21:57:57.091+0000] {logging_mixin.py:188} INFO - [2024-04-12T21:57:57.091+0000] {dag.py:3954} INFO - Setting next_dagrun for example_subdag_operator.section-1 to None, run_after=None
[2024-04-12T21:57:57.092+0000] {logging_mixin.py:188} INFO - [2024-04-12T21:57:57.092+0000] {dag.py:3954} INFO - Setting next_dagrun for example_subdag_operator.section-2 to None, run_after=None
[2024-04-12T21:57:57.106+0000] {processor.py:183} INFO - Processing /home/airflow/.local/lib/python3.12/site-packages/airflow/example_dags/example_subdag_operator.py took 0.157 seconds
[2024-04-12T21:58:27.699+0000] {processor.py:161} INFO - Started process (PID=184) to work on /home/airflow/.local/lib/python3.12/site-packages/airflow/example_dags/example_subdag_operator.py
[2024-04-12T21:58:27.700+0000] {processor.py:830} INFO - Processing file /home/airflow/.local/lib/python3.12/site-packages/airflow/example_dags/example_subdag_operator.py for tasks to queue
[2024-04-12T21:58:27.702+0000] {logging_mixin.py:188} INFO - [2024-04-12T21:58:27.701+0000] {dagbag.py:540} INFO - Filling up the DagBag from /home/airflow/.local/lib/python3.12/site-packages/airflow/example_dags/example_subdag_operator.py
[2024-04-12T21:58:27.732+0000] {processor.py:840} INFO - DAG(s) 'example_subdag_operator.section-1', 'example_subdag_operator.section-2', 'example_subdag_operator' retrieved from /home/airflow/.local/lib/python3.12/site-packages/airflow/example_dags/example_subdag_operator.py
[2024-04-12T21:58:27.750+0000] {logging_mixin.py:188} INFO - [2024-04-12T21:58:27.750+0000] {dag.py:3096} INFO - Sync 3 DAGs
[2024-04-12T21:58:27.778+0000] {logging_mixin.py:188} INFO - [2024-04-12T21:58:27.778+0000] {dag.py:3954} INFO - Setting next_dagrun for example_subdag_operator to 2022-01-01 00:00:00+00:00, run_after=2022-01-01 00:00:00+00:00
[2024-04-12T21:58:27.784+0000] {logging_mixin.py:188} INFO - [2024-04-12T21:58:27.783+0000] {dag.py:3954} INFO - Setting next_dagrun for example_subdag_operator.section-1 to None, run_after=None
[2024-04-12T21:58:27.786+0000] {logging_mixin.py:188} INFO - [2024-04-12T21:58:27.786+0000] {dag.py:3954} INFO - Setting next_dagrun for example_subdag_operator.section-2 to None, run_after=None
[2024-04-12T21:58:27.799+0000] {logging_mixin.py:188} INFO - [2024-04-12T21:58:27.798+0000] {dag.py:3096} INFO - Sync 2 DAGs
[2024-04-12T21:58:27.805+0000] {logging_mixin.py:188} INFO - [2024-04-12T21:58:27.805+0000] {dag.py:3954} INFO - Setting next_dagrun for example_subdag_operator.section-1 to None, run_after=None
[2024-04-12T21:58:27.806+0000] {logging_mixin.py:188} INFO - [2024-04-12T21:58:27.806+0000] {dag.py:3954} INFO - Setting next_dagrun for example_subdag_operator.section-2 to None, run_after=None
[2024-04-12T21:58:27.820+0000] {processor.py:183} INFO - Processing /home/airflow/.local/lib/python3.12/site-packages/airflow/example_dags/example_subdag_operator.py took 0.127 seconds
[2024-04-12T21:58:57.904+0000] {processor.py:161} INFO - Started process (PID=243) to work on /home/airflow/.local/lib/python3.12/site-packages/airflow/example_dags/example_subdag_operator.py
[2024-04-12T21:58:57.905+0000] {processor.py:830} INFO - Processing file /home/airflow/.local/lib/python3.12/site-packages/airflow/example_dags/example_subdag_operator.py for tasks to queue
[2024-04-12T21:58:57.907+0000] {logging_mixin.py:188} INFO - [2024-04-12T21:58:57.907+0000] {dagbag.py:540} INFO - Filling up the DagBag from /home/airflow/.local/lib/python3.12/site-packages/airflow/example_dags/example_subdag_operator.py
[2024-04-12T21:58:57.936+0000] {processor.py:840} INFO - DAG(s) 'example_subdag_operator.section-1', 'example_subdag_operator.section-2', 'example_subdag_operator' retrieved from /home/airflow/.local/lib/python3.12/site-packages/airflow/example_dags/example_subdag_operator.py
[2024-04-12T21:58:57.958+0000] {logging_mixin.py:188} INFO - [2024-04-12T21:58:57.957+0000] {dag.py:3096} INFO - Sync 3 DAGs
[2024-04-12T21:58:57.986+0000] {logging_mixin.py:188} INFO - [2024-04-12T21:58:57.986+0000] {dag.py:3954} INFO - Setting next_dagrun for example_subdag_operator to 2022-01-01 00:00:00+00:00, run_after=2022-01-01 00:00:00+00:00
[2024-04-12T21:58:58.002+0000] {logging_mixin.py:188} INFO - [2024-04-12T21:58:58.001+0000] {dag.py:3954} INFO - Setting next_dagrun for example_subdag_operator.section-1 to None, run_after=None
[2024-04-12T21:58:58.009+0000] {logging_mixin.py:188} INFO - [2024-04-12T21:58:58.009+0000] {dag.py:3954} INFO - Setting next_dagrun for example_subdag_operator.section-2 to None, run_after=None
[2024-04-12T21:58:58.021+0000] {logging_mixin.py:188} INFO - [2024-04-12T21:58:58.021+0000] {dag.py:3096} INFO - Sync 2 DAGs
[2024-04-12T21:58:58.028+0000] {logging_mixin.py:188} INFO - [2024-04-12T21:58:58.028+0000] {dag.py:3954} INFO - Setting next_dagrun for example_subdag_operator.section-1 to None, run_after=None
[2024-04-12T21:58:58.029+0000] {logging_mixin.py:188} INFO - [2024-04-12T21:58:58.029+0000] {dag.py:3954} INFO - Setting next_dagrun for example_subdag_operator.section-2 to None, run_after=None
[2024-04-12T21:58:58.044+0000] {processor.py:183} INFO - Processing /home/airflow/.local/lib/python3.12/site-packages/airflow/example_dags/example_subdag_operator.py took 0.148 seconds
[2024-04-12T21:59:28.106+0000] {processor.py:161} INFO - Started process (PID=302) to work on /home/airflow/.local/lib/python3.12/site-packages/airflow/example_dags/example_subdag_operator.py
[2024-04-12T21:59:28.108+0000] {processor.py:830} INFO - Processing file /home/airflow/.local/lib/python3.12/site-packages/airflow/example_dags/example_subdag_operator.py for tasks to queue
[2024-04-12T21:59:28.111+0000] {logging_mixin.py:188} INFO - [2024-04-12T21:59:28.110+0000] {dagbag.py:540} INFO - Filling up the DagBag from /home/airflow/.local/lib/python3.12/site-packages/airflow/example_dags/example_subdag_operator.py
[2024-04-12T21:59:28.148+0000] {processor.py:840} INFO - DAG(s) 'example_subdag_operator.section-1', 'example_subdag_operator.section-2', 'example_subdag_operator' retrieved from /home/airflow/.local/lib/python3.12/site-packages/airflow/example_dags/example_subdag_operator.py
[2024-04-12T21:59:28.180+0000] {logging_mixin.py:188} INFO - [2024-04-12T21:59:28.180+0000] {dag.py:3096} INFO - Sync 3 DAGs
[2024-04-12T21:59:28.222+0000] {logging_mixin.py:188} INFO - [2024-04-12T21:59:28.221+0000] {dag.py:3954} INFO - Setting next_dagrun for example_subdag_operator to 2022-01-01 00:00:00+00:00, run_after=2022-01-01 00:00:00+00:00
[2024-04-12T21:59:28.231+0000] {logging_mixin.py:188} INFO - [2024-04-12T21:59:28.230+0000] {dag.py:3954} INFO - Setting next_dagrun for example_subdag_operator.section-1 to None, run_after=None
[2024-04-12T21:59:28.233+0000] {logging_mixin.py:188} INFO - [2024-04-12T21:59:28.233+0000] {dag.py:3954} INFO - Setting next_dagrun for example_subdag_operator.section-2 to None, run_after=None
[2024-04-12T21:59:28.246+0000] {logging_mixin.py:188} INFO - [2024-04-12T21:59:28.246+0000] {dag.py:3096} INFO - Sync 2 DAGs
[2024-04-12T21:59:28.254+0000] {logging_mixin.py:188} INFO - [2024-04-12T21:59:28.254+0000] {dag.py:3954} INFO - Setting next_dagrun for example_subdag_operator.section-1 to None, run_after=None
[2024-04-12T21:59:28.255+0000] {logging_mixin.py:188} INFO - [2024-04-12T21:59:28.254+0000] {dag.py:3954} INFO - Setting next_dagrun for example_subdag_operator.section-2 to None, run_after=None
[2024-04-12T21:59:28.272+0000] {processor.py:183} INFO - Processing /home/airflow/.local/lib/python3.12/site-packages/airflow/example_dags/example_subdag_operator.py took 0.174 seconds
[2024-04-12T21:59:59.118+0000] {processor.py:161} INFO - Started process (PID=361) to work on /home/airflow/.local/lib/python3.12/site-packages/airflow/example_dags/example_subdag_operator.py
[2024-04-12T21:59:59.119+0000] {processor.py:830} INFO - Processing file /home/airflow/.local/lib/python3.12/site-packages/airflow/example_dags/example_subdag_operator.py for tasks to queue
[2024-04-12T21:59:59.122+0000] {logging_mixin.py:188} INFO - [2024-04-12T21:59:59.121+0000] {dagbag.py:540} INFO - Filling up the DagBag from /home/airflow/.local/lib/python3.12/site-packages/airflow/example_dags/example_subdag_operator.py
[2024-04-12T21:59:59.152+0000] {processor.py:840} INFO - DAG(s) 'example_subdag_operator.section-1', 'example_subdag_operator.section-2', 'example_subdag_operator' retrieved from /home/airflow/.local/lib/python3.12/site-packages/airflow/example_dags/example_subdag_operator.py
[2024-04-12T21:59:59.173+0000] {logging_mixin.py:188} INFO - [2024-04-12T21:59:59.173+0000] {dag.py:3096} INFO - Sync 3 DAGs
[2024-04-12T21:59:59.202+0000] {logging_mixin.py:188} INFO - [2024-04-12T21:59:59.202+0000] {dag.py:3954} INFO - Setting next_dagrun for example_subdag_operator to 2022-01-01 00:00:00+00:00, run_after=2022-01-01 00:00:00+00:00
[2024-04-12T21:59:59.209+0000] {logging_mixin.py:188} INFO - [2024-04-12T21:59:59.209+0000] {dag.py:3954} INFO - Setting next_dagrun for example_subdag_operator.section-1 to None, run_after=None
[2024-04-12T21:59:59.211+0000] {logging_mixin.py:188} INFO - [2024-04-12T21:59:59.211+0000] {dag.py:3954} INFO - Setting next_dagrun for example_subdag_operator.section-2 to None, run_after=None
[2024-04-12T21:59:59.222+0000] {logging_mixin.py:188} INFO - [2024-04-12T21:59:59.222+0000] {dag.py:3096} INFO - Sync 2 DAGs
[2024-04-12T21:59:59.229+0000] {logging_mixin.py:188} INFO - [2024-04-12T21:59:59.228+0000] {dag.py:3954} INFO - Setting next_dagrun for example_subdag_operator.section-1 to None, run_after=None
[2024-04-12T21:59:59.229+0000] {logging_mixin.py:188} INFO - [2024-04-12T21:59:59.229+0000] {dag.py:3954} INFO - Setting next_dagrun for example_subdag_operator.section-2 to None, run_after=None
[2024-04-12T21:59:59.244+0000] {processor.py:183} INFO - Processing /home/airflow/.local/lib/python3.12/site-packages/airflow/example_dags/example_subdag_operator.py took 0.132 seconds
[2024-04-12T22:00:29.515+0000] {processor.py:161} INFO - Started process (PID=420) to work on /home/airflow/.local/lib/python3.12/site-packages/airflow/example_dags/example_subdag_operator.py
[2024-04-12T22:00:29.516+0000] {processor.py:830} INFO - Processing file /home/airflow/.local/lib/python3.12/site-packages/airflow/example_dags/example_subdag_operator.py for tasks to queue
[2024-04-12T22:00:29.518+0000] {logging_mixin.py:188} INFO - [2024-04-12T22:00:29.518+0000] {dagbag.py:540} INFO - Filling up the DagBag from /home/airflow/.local/lib/python3.12/site-packages/airflow/example_dags/example_subdag_operator.py
[2024-04-12T22:00:29.544+0000] {processor.py:840} INFO - DAG(s) 'example_subdag_operator.section-1', 'example_subdag_operator.section-2', 'example_subdag_operator' retrieved from /home/airflow/.local/lib/python3.12/site-packages/airflow/example_dags/example_subdag_operator.py
[2024-04-12T22:00:29.561+0000] {logging_mixin.py:188} INFO - [2024-04-12T22:00:29.561+0000] {dag.py:3096} INFO - Sync 3 DAGs
[2024-04-12T22:00:29.589+0000] {logging_mixin.py:188} INFO - [2024-04-12T22:00:29.589+0000] {dag.py:3954} INFO - Setting next_dagrun for example_subdag_operator to 2022-01-01 00:00:00+00:00, run_after=2022-01-01 00:00:00+00:00
[2024-04-12T22:00:29.595+0000] {logging_mixin.py:188} INFO - [2024-04-12T22:00:29.594+0000] {dag.py:3954} INFO - Setting next_dagrun for example_subdag_operator.section-1 to None, run_after=None
[2024-04-12T22:00:29.597+0000] {logging_mixin.py:188} INFO - [2024-04-12T22:00:29.597+0000] {dag.py:3954} INFO - Setting next_dagrun for example_subdag_operator.section-2 to None, run_after=None
[2024-04-12T22:00:29.609+0000] {logging_mixin.py:188} INFO - [2024-04-12T22:00:29.608+0000] {dag.py:3096} INFO - Sync 2 DAGs
[2024-04-12T22:00:29.616+0000] {logging_mixin.py:188} INFO - [2024-04-12T22:00:29.615+0000] {dag.py:3954} INFO - Setting next_dagrun for example_subdag_operator.section-1 to None, run_after=None
[2024-04-12T22:00:29.617+0000] {logging_mixin.py:188} INFO - [2024-04-12T22:00:29.617+0000] {dag.py:3954} INFO - Setting next_dagrun for example_subdag_operator.section-2 to None, run_after=None
[2024-04-12T22:00:29.632+0000] {processor.py:183} INFO - Processing /home/airflow/.local/lib/python3.12/site-packages/airflow/example_dags/example_subdag_operator.py took 0.126 seconds
[2024-04-12T22:01:00.094+0000] {processor.py:161} INFO - Started process (PID=478) to work on /home/airflow/.local/lib/python3.12/site-packages/airflow/example_dags/example_subdag_operator.py
[2024-04-12T22:01:00.095+0000] {processor.py:830} INFO - Processing file /home/airflow/.local/lib/python3.12/site-packages/airflow/example_dags/example_subdag_operator.py for tasks to queue
[2024-04-12T22:01:00.097+0000] {logging_mixin.py:188} INFO - [2024-04-12T22:01:00.097+0000] {dagbag.py:540} INFO - Filling up the DagBag from /home/airflow/.local/lib/python3.12/site-packages/airflow/example_dags/example_subdag_operator.py
[2024-04-12T22:01:00.145+0000] {processor.py:840} INFO - DAG(s) 'example_subdag_operator.section-1', 'example_subdag_operator.section-2', 'example_subdag_operator' retrieved from /home/airflow/.local/lib/python3.12/site-packages/airflow/example_dags/example_subdag_operator.py
[2024-04-12T22:01:00.178+0000] {logging_mixin.py:188} INFO - [2024-04-12T22:01:00.177+0000] {dag.py:3096} INFO - Sync 3 DAGs
[2024-04-12T22:01:00.211+0000] {logging_mixin.py:188} INFO - [2024-04-12T22:01:00.210+0000] {dag.py:3954} INFO - Setting next_dagrun for example_subdag_operator to 2022-01-01 00:00:00+00:00, run_after=2022-01-01 00:00:00+00:00
[2024-04-12T22:01:00.219+0000] {logging_mixin.py:188} INFO - [2024-04-12T22:01:00.219+0000] {dag.py:3954} INFO - Setting next_dagrun for example_subdag_operator.section-1 to None, run_after=None
[2024-04-12T22:01:00.222+0000] {logging_mixin.py:188} INFO - [2024-04-12T22:01:00.222+0000] {dag.py:3954} INFO - Setting next_dagrun for example_subdag_operator.section-2 to None, run_after=None
[2024-04-12T22:01:00.235+0000] {logging_mixin.py:188} INFO - [2024-04-12T22:01:00.235+0000] {dag.py:3096} INFO - Sync 2 DAGs
[2024-04-12T22:01:00.242+0000] {logging_mixin.py:188} INFO - [2024-04-12T22:01:00.241+0000] {dag.py:3954} INFO - Setting next_dagrun for example_subdag_operator.section-1 to None, run_after=None
[2024-04-12T22:01:00.242+0000] {logging_mixin.py:188} INFO - [2024-04-12T22:01:00.242+0000] {dag.py:3954} INFO - Setting next_dagrun for example_subdag_operator.section-2 to None, run_after=None
[2024-04-12T22:01:00.257+0000] {processor.py:183} INFO - Processing /home/airflow/.local/lib/python3.12/site-packages/airflow/example_dags/example_subdag_operator.py took 0.170 seconds
[2024-04-12T22:01:30.886+0000] {processor.py:161} INFO - Started process (PID=537) to work on /home/airflow/.local/lib/python3.12/site-packages/airflow/example_dags/example_subdag_operator.py
[2024-04-12T22:01:30.887+0000] {processor.py:830} INFO - Processing file /home/airflow/.local/lib/python3.12/site-packages/airflow/example_dags/example_subdag_operator.py for tasks to queue
[2024-04-12T22:01:30.889+0000] {logging_mixin.py:188} INFO - [2024-04-12T22:01:30.889+0000] {dagbag.py:540} INFO - Filling up the DagBag from /home/airflow/.local/lib/python3.12/site-packages/airflow/example_dags/example_subdag_operator.py
[2024-04-12T22:01:30.915+0000] {processor.py:840} INFO - DAG(s) 'example_subdag_operator.section-1', 'example_subdag_operator.section-2', 'example_subdag_operator' retrieved from /home/airflow/.local/lib/python3.12/site-packages/airflow/example_dags/example_subdag_operator.py
[2024-04-12T22:01:30.939+0000] {logging_mixin.py:188} INFO - [2024-04-12T22:01:30.939+0000] {dag.py:3096} INFO - Sync 3 DAGs
[2024-04-12T22:01:30.969+0000] {logging_mixin.py:188} INFO - [2024-04-12T22:01:30.968+0000] {dag.py:3954} INFO - Setting next_dagrun for example_subdag_operator to 2022-01-01 00:00:00+00:00, run_after=2022-01-01 00:00:00+00:00
[2024-04-12T22:01:30.973+0000] {logging_mixin.py:188} INFO - [2024-04-12T22:01:30.973+0000] {dag.py:3954} INFO - Setting next_dagrun for example_subdag_operator.section-1 to None, run_after=None
[2024-04-12T22:01:30.975+0000] {logging_mixin.py:188} INFO - [2024-04-12T22:01:30.975+0000] {dag.py:3954} INFO - Setting next_dagrun for example_subdag_operator.section-2 to None, run_after=None
[2024-04-12T22:01:30.982+0000] {logging_mixin.py:188} INFO - [2024-04-12T22:01:30.982+0000] {dag.py:3096} INFO - Sync 2 DAGs
[2024-04-12T22:01:30.988+0000] {logging_mixin.py:188} INFO - [2024-04-12T22:01:30.988+0000] {dag.py:3954} INFO - Setting next_dagrun for example_subdag_operator.section-1 to None, run_after=None
[2024-04-12T22:01:30.989+0000] {logging_mixin.py:188} INFO - [2024-04-12T22:01:30.989+0000] {dag.py:3954} INFO - Setting next_dagrun for example_subdag_operator.section-2 to None, run_after=None
[2024-04-12T22:01:31.011+0000] {processor.py:183} INFO - Processing /home/airflow/.local/lib/python3.12/site-packages/airflow/example_dags/example_subdag_operator.py took 0.131 seconds
[2024-04-12T22:02:01.896+0000] {processor.py:161} INFO - Started process (PID=596) to work on /home/airflow/.local/lib/python3.12/site-packages/airflow/example_dags/example_subdag_operator.py
[2024-04-12T22:02:01.899+0000] {processor.py:830} INFO - Processing file /home/airflow/.local/lib/python3.12/site-packages/airflow/example_dags/example_subdag_operator.py for tasks to queue
[2024-04-12T22:02:01.902+0000] {logging_mixin.py:188} INFO - [2024-04-12T22:02:01.902+0000] {dagbag.py:540} INFO - Filling up the DagBag from /home/airflow/.local/lib/python3.12/site-packages/airflow/example_dags/example_subdag_operator.py
[2024-04-12T22:02:01.956+0000] {processor.py:840} INFO - DAG(s) 'example_subdag_operator.section-1', 'example_subdag_operator.section-2', 'example_subdag_operator' retrieved from /home/airflow/.local/lib/python3.12/site-packages/airflow/example_dags/example_subdag_operator.py
[2024-04-12T22:02:01.991+0000] {logging_mixin.py:188} INFO - [2024-04-12T22:02:01.990+0000] {dag.py:3096} INFO - Sync 3 DAGs
[2024-04-12T22:02:02.040+0000] {logging_mixin.py:188} INFO - [2024-04-12T22:02:02.039+0000] {dag.py:3954} INFO - Setting next_dagrun for example_subdag_operator to 2022-01-01 00:00:00+00:00, run_after=2022-01-01 00:00:00+00:00
[2024-04-12T22:02:02.054+0000] {logging_mixin.py:188} INFO - [2024-04-12T22:02:02.053+0000] {dag.py:3954} INFO - Setting next_dagrun for example_subdag_operator.section-1 to None, run_after=None
[2024-04-12T22:02:02.056+0000] {logging_mixin.py:188} INFO - [2024-04-12T22:02:02.056+0000] {dag.py:3954} INFO - Setting next_dagrun for example_subdag_operator.section-2 to None, run_after=None
[2024-04-12T22:02:02.082+0000] {logging_mixin.py:188} INFO - [2024-04-12T22:02:02.082+0000] {dag.py:3096} INFO - Sync 2 DAGs
[2024-04-12T22:02:02.097+0000] {logging_mixin.py:188} INFO - [2024-04-12T22:02:02.097+0000] {dag.py:3954} INFO - Setting next_dagrun for example_subdag_operator.section-1 to None, run_after=None
[2024-04-12T22:02:02.099+0000] {logging_mixin.py:188} INFO - [2024-04-12T22:02:02.099+0000] {dag.py:3954} INFO - Setting next_dagrun for example_subdag_operator.section-2 to None, run_after=None
[2024-04-12T22:02:02.129+0000] {processor.py:183} INFO - Processing /home/airflow/.local/lib/python3.12/site-packages/airflow/example_dags/example_subdag_operator.py took 0.248 seconds
[2024-04-12T22:02:32.904+0000] {processor.py:161} INFO - Started process (PID=655) to work on /home/airflow/.local/lib/python3.12/site-packages/airflow/example_dags/example_subdag_operator.py
[2024-04-12T22:02:32.906+0000] {processor.py:830} INFO - Processing file /home/airflow/.local/lib/python3.12/site-packages/airflow/example_dags/example_subdag_operator.py for tasks to queue
[2024-04-12T22:02:32.913+0000] {logging_mixin.py:188} INFO - [2024-04-12T22:02:32.911+0000] {dagbag.py:540} INFO - Filling up the DagBag from /home/airflow/.local/lib/python3.12/site-packages/airflow/example_dags/example_subdag_operator.py
[2024-04-12T22:02:32.998+0000] {processor.py:840} INFO - DAG(s) 'example_subdag_operator.section-1', 'example_subdag_operator.section-2', 'example_subdag_operator' retrieved from /home/airflow/.local/lib/python3.12/site-packages/airflow/example_dags/example_subdag_operator.py
[2024-04-12T22:02:33.052+0000] {logging_mixin.py:188} INFO - [2024-04-12T22:02:33.051+0000] {dag.py:3096} INFO - Sync 3 DAGs
[2024-04-12T22:02:33.140+0000] {logging_mixin.py:188} INFO - [2024-04-12T22:02:33.140+0000] {dag.py:3954} INFO - Setting next_dagrun for example_subdag_operator to 2022-01-01 00:00:00+00:00, run_after=2022-01-01 00:00:00+00:00
[2024-04-12T22:02:33.176+0000] {logging_mixin.py:188} INFO - [2024-04-12T22:02:33.176+0000] {dag.py:3954} INFO - Setting next_dagrun for example_subdag_operator.section-1 to None, run_after=None
[2024-04-12T22:02:33.185+0000] {logging_mixin.py:188} INFO - [2024-04-12T22:02:33.185+0000] {dag.py:3954} INFO - Setting next_dagrun for example_subdag_operator.section-2 to None, run_after=None
[2024-04-12T22:02:33.240+0000] {logging_mixin.py:188} INFO - [2024-04-12T22:02:33.239+0000] {dag.py:3096} INFO - Sync 2 DAGs
[2024-04-12T22:02:33.258+0000] {logging_mixin.py:188} INFO - [2024-04-12T22:02:33.257+0000] {dag.py:3954} INFO - Setting next_dagrun for example_subdag_operator.section-1 to None, run_after=None
[2024-04-12T22:02:33.259+0000] {logging_mixin.py:188} INFO - [2024-04-12T22:02:33.258+0000] {dag.py:3954} INFO - Setting next_dagrun for example_subdag_operator.section-2 to None, run_after=None
[2024-04-12T22:02:33.310+0000] {processor.py:183} INFO - Processing /home/airflow/.local/lib/python3.12/site-packages/airflow/example_dags/example_subdag_operator.py took 0.424 seconds
[2024-04-12T22:03:03.827+0000] {processor.py:161} INFO - Started process (PID=714) to work on /home/airflow/.local/lib/python3.12/site-packages/airflow/example_dags/example_subdag_operator.py
[2024-04-12T22:03:03.828+0000] {processor.py:830} INFO - Processing file /home/airflow/.local/lib/python3.12/site-packages/airflow/example_dags/example_subdag_operator.py for tasks to queue
[2024-04-12T22:03:03.830+0000] {logging_mixin.py:188} INFO - [2024-04-12T22:03:03.830+0000] {dagbag.py:540} INFO - Filling up the DagBag from /home/airflow/.local/lib/python3.12/site-packages/airflow/example_dags/example_subdag_operator.py
[2024-04-12T22:03:03.860+0000] {processor.py:840} INFO - DAG(s) 'example_subdag_operator.section-1', 'example_subdag_operator.section-2', 'example_subdag_operator' retrieved from /home/airflow/.local/lib/python3.12/site-packages/airflow/example_dags/example_subdag_operator.py
[2024-04-12T22:03:03.887+0000] {logging_mixin.py:188} INFO - [2024-04-12T22:03:03.886+0000] {dag.py:3096} INFO - Sync 3 DAGs
[2024-04-12T22:03:03.989+0000] {logging_mixin.py:188} INFO - [2024-04-12T22:03:03.988+0000] {dag.py:3954} INFO - Setting next_dagrun for example_subdag_operator to 2022-01-01 00:00:00+00:00, run_after=2022-01-01 00:00:00+00:00
[2024-04-12T22:03:03.996+0000] {logging_mixin.py:188} INFO - [2024-04-12T22:03:03.996+0000] {dag.py:3954} INFO - Setting next_dagrun for example_subdag_operator.section-1 to None, run_after=None
[2024-04-12T22:03:03.999+0000] {logging_mixin.py:188} INFO - [2024-04-12T22:03:03.999+0000] {dag.py:3954} INFO - Setting next_dagrun for example_subdag_operator.section-2 to None, run_after=None
[2024-04-12T22:03:04.012+0000] {logging_mixin.py:188} INFO - [2024-04-12T22:03:04.011+0000] {dag.py:3096} INFO - Sync 2 DAGs
[2024-04-12T22:03:04.021+0000] {logging_mixin.py:188} INFO - [2024-04-12T22:03:04.020+0000] {dag.py:3954} INFO - Setting next_dagrun for example_subdag_operator.section-1 to None, run_after=None
[2024-04-12T22:03:04.022+0000] {logging_mixin.py:188} INFO - [2024-04-12T22:03:04.021+0000] {dag.py:3954} INFO - Setting next_dagrun for example_subdag_operator.section-2 to None, run_after=None
[2024-04-12T22:03:04.047+0000] {processor.py:183} INFO - Processing /home/airflow/.local/lib/python3.12/site-packages/airflow/example_dags/example_subdag_operator.py took 0.228 seconds
[2024-04-12T22:03:34.117+0000] {processor.py:161} INFO - Started process (PID=773) to work on /home/airflow/.local/lib/python3.12/site-packages/airflow/example_dags/example_subdag_operator.py
[2024-04-12T22:03:34.118+0000] {processor.py:830} INFO - Processing file /home/airflow/.local/lib/python3.12/site-packages/airflow/example_dags/example_subdag_operator.py for tasks to queue
[2024-04-12T22:03:34.121+0000] {logging_mixin.py:188} INFO - [2024-04-12T22:03:34.120+0000] {dagbag.py:540} INFO - Filling up the DagBag from /home/airflow/.local/lib/python3.12/site-packages/airflow/example_dags/example_subdag_operator.py
[2024-04-12T22:03:34.156+0000] {processor.py:840} INFO - DAG(s) 'example_subdag_operator.section-1', 'example_subdag_operator.section-2', 'example_subdag_operator' retrieved from /home/airflow/.local/lib/python3.12/site-packages/airflow/example_dags/example_subdag_operator.py
[2024-04-12T22:03:34.228+0000] {logging_mixin.py:188} INFO - [2024-04-12T22:03:34.228+0000] {dag.py:3096} INFO - Sync 3 DAGs
[2024-04-12T22:03:34.303+0000] {logging_mixin.py:188} INFO - [2024-04-12T22:03:34.301+0000] {dag.py:3954} INFO - Setting next_dagrun for example_subdag_operator to 2022-01-01 00:00:00+00:00, run_after=2022-01-01 00:00:00+00:00
[2024-04-12T22:03:34.313+0000] {logging_mixin.py:188} INFO - [2024-04-12T22:03:34.312+0000] {dag.py:3954} INFO - Setting next_dagrun for example_subdag_operator.section-1 to None, run_after=None
[2024-04-12T22:03:34.318+0000] {logging_mixin.py:188} INFO - [2024-04-12T22:03:34.317+0000] {dag.py:3954} INFO - Setting next_dagrun for example_subdag_operator.section-2 to None, run_after=None
[2024-04-12T22:03:34.344+0000] {logging_mixin.py:188} INFO - [2024-04-12T22:03:34.344+0000] {dag.py:3096} INFO - Sync 2 DAGs
[2024-04-12T22:03:34.364+0000] {logging_mixin.py:188} INFO - [2024-04-12T22:03:34.363+0000] {dag.py:3954} INFO - Setting next_dagrun for example_subdag_operator.section-1 to None, run_after=None
[2024-04-12T22:03:34.365+0000] {logging_mixin.py:188} INFO - [2024-04-12T22:03:34.365+0000] {dag.py:3954} INFO - Setting next_dagrun for example_subdag_operator.section-2 to None, run_after=None
[2024-04-12T22:03:34.394+0000] {processor.py:183} INFO - Processing /home/airflow/.local/lib/python3.12/site-packages/airflow/example_dags/example_subdag_operator.py took 0.287 seconds
[2024-04-12T22:04:04.788+0000] {processor.py:161} INFO - Started process (PID=833) to work on /home/airflow/.local/lib/python3.12/site-packages/airflow/example_dags/example_subdag_operator.py
[2024-04-12T22:04:04.789+0000] {processor.py:830} INFO - Processing file /home/airflow/.local/lib/python3.12/site-packages/airflow/example_dags/example_subdag_operator.py for tasks to queue
[2024-04-12T22:04:04.792+0000] {logging_mixin.py:188} INFO - [2024-04-12T22:04:04.791+0000] {dagbag.py:540} INFO - Filling up the DagBag from /home/airflow/.local/lib/python3.12/site-packages/airflow/example_dags/example_subdag_operator.py
[2024-04-12T22:04:04.823+0000] {processor.py:840} INFO - DAG(s) 'example_subdag_operator.section-1', 'example_subdag_operator.section-2', 'example_subdag_operator' retrieved from /home/airflow/.local/lib/python3.12/site-packages/airflow/example_dags/example_subdag_operator.py
[2024-04-12T22:04:04.866+0000] {logging_mixin.py:188} INFO - [2024-04-12T22:04:04.866+0000] {dag.py:3096} INFO - Sync 3 DAGs
[2024-04-12T22:04:04.901+0000] {logging_mixin.py:188} INFO - [2024-04-12T22:04:04.900+0000] {dag.py:3954} INFO - Setting next_dagrun for example_subdag_operator to 2022-01-01 00:00:00+00:00, run_after=2022-01-01 00:00:00+00:00
[2024-04-12T22:04:04.907+0000] {logging_mixin.py:188} INFO - [2024-04-12T22:04:04.906+0000] {dag.py:3954} INFO - Setting next_dagrun for example_subdag_operator.section-1 to None, run_after=None
[2024-04-12T22:04:04.909+0000] {logging_mixin.py:188} INFO - [2024-04-12T22:04:04.909+0000] {dag.py:3954} INFO - Setting next_dagrun for example_subdag_operator.section-2 to None, run_after=None
[2024-04-12T22:04:04.920+0000] {logging_mixin.py:188} INFO - [2024-04-12T22:04:04.920+0000] {dag.py:3096} INFO - Sync 2 DAGs
[2024-04-12T22:04:04.929+0000] {logging_mixin.py:188} INFO - [2024-04-12T22:04:04.928+0000] {dag.py:3954} INFO - Setting next_dagrun for example_subdag_operator.section-1 to None, run_after=None
[2024-04-12T22:04:04.930+0000] {logging_mixin.py:188} INFO - [2024-04-12T22:04:04.929+0000] {dag.py:3954} INFO - Setting next_dagrun for example_subdag_operator.section-2 to None, run_after=None
[2024-04-12T22:04:04.953+0000] {processor.py:183} INFO - Processing /home/airflow/.local/lib/python3.12/site-packages/airflow/example_dags/example_subdag_operator.py took 0.172 seconds
[2024-04-12T22:04:35.205+0000] {processor.py:161} INFO - Started process (PID=892) to work on /home/airflow/.local/lib/python3.12/site-packages/airflow/example_dags/example_subdag_operator.py
[2024-04-12T22:04:35.207+0000] {processor.py:830} INFO - Processing file /home/airflow/.local/lib/python3.12/site-packages/airflow/example_dags/example_subdag_operator.py for tasks to queue
[2024-04-12T22:04:35.210+0000] {logging_mixin.py:188} INFO - [2024-04-12T22:04:35.209+0000] {dagbag.py:540} INFO - Filling up the DagBag from /home/airflow/.local/lib/python3.12/site-packages/airflow/example_dags/example_subdag_operator.py
[2024-04-12T22:04:35.250+0000] {processor.py:840} INFO - DAG(s) 'example_subdag_operator.section-1', 'example_subdag_operator.section-2', 'example_subdag_operator' retrieved from /home/airflow/.local/lib/python3.12/site-packages/airflow/example_dags/example_subdag_operator.py
[2024-04-12T22:04:35.284+0000] {logging_mixin.py:188} INFO - [2024-04-12T22:04:35.283+0000] {dag.py:3096} INFO - Sync 3 DAGs
[2024-04-12T22:04:35.327+0000] {logging_mixin.py:188} INFO - [2024-04-12T22:04:35.327+0000] {dag.py:3954} INFO - Setting next_dagrun for example_subdag_operator to 2022-01-01 00:00:00+00:00, run_after=2022-01-01 00:00:00+00:00
[2024-04-12T22:04:35.571+0000] {logging_mixin.py:188} INFO - [2024-04-12T22:04:35.570+0000] {dag.py:3954} INFO - Setting next_dagrun for example_subdag_operator.section-1 to None, run_after=None
[2024-04-12T22:04:35.573+0000] {logging_mixin.py:188} INFO - [2024-04-12T22:04:35.573+0000] {dag.py:3954} INFO - Setting next_dagrun for example_subdag_operator.section-2 to None, run_after=None
[2024-04-12T22:04:35.594+0000] {logging_mixin.py:188} INFO - [2024-04-12T22:04:35.593+0000] {dag.py:3096} INFO - Sync 2 DAGs
[2024-04-12T22:04:35.607+0000] {logging_mixin.py:188} INFO - [2024-04-12T22:04:35.607+0000] {dag.py:3954} INFO - Setting next_dagrun for example_subdag_operator.section-1 to None, run_after=None
[2024-04-12T22:04:35.608+0000] {logging_mixin.py:188} INFO - [2024-04-12T22:04:35.608+0000] {dag.py:3954} INFO - Setting next_dagrun for example_subdag_operator.section-2 to None, run_after=None
[2024-04-12T22:04:35.644+0000] {processor.py:183} INFO - Processing /home/airflow/.local/lib/python3.12/site-packages/airflow/example_dags/example_subdag_operator.py took 0.452 seconds
[2024-04-12T22:05:06.283+0000] {processor.py:161} INFO - Started process (PID=951) to work on /home/airflow/.local/lib/python3.12/site-packages/airflow/example_dags/example_subdag_operator.py
[2024-04-12T22:05:06.284+0000] {processor.py:830} INFO - Processing file /home/airflow/.local/lib/python3.12/site-packages/airflow/example_dags/example_subdag_operator.py for tasks to queue
[2024-04-12T22:05:06.295+0000] {logging_mixin.py:188} INFO - [2024-04-12T22:05:06.293+0000] {dagbag.py:540} INFO - Filling up the DagBag from /home/airflow/.local/lib/python3.12/site-packages/airflow/example_dags/example_subdag_operator.py
[2024-04-12T22:05:06.337+0000] {processor.py:840} INFO - DAG(s) 'example_subdag_operator.section-1', 'example_subdag_operator.section-2', 'example_subdag_operator' retrieved from /home/airflow/.local/lib/python3.12/site-packages/airflow/example_dags/example_subdag_operator.py
[2024-04-12T22:05:06.360+0000] {logging_mixin.py:188} INFO - [2024-04-12T22:05:06.360+0000] {dag.py:3096} INFO - Sync 3 DAGs
[2024-04-12T22:05:06.400+0000] {logging_mixin.py:188} INFO - [2024-04-12T22:05:06.399+0000] {dag.py:3954} INFO - Setting next_dagrun for example_subdag_operator to 2022-01-01 00:00:00+00:00, run_after=2022-01-01 00:00:00+00:00
[2024-04-12T22:05:06.406+0000] {logging_mixin.py:188} INFO - [2024-04-12T22:05:06.406+0000] {dag.py:3954} INFO - Setting next_dagrun for example_subdag_operator.section-1 to None, run_after=None
[2024-04-12T22:05:06.409+0000] {logging_mixin.py:188} INFO - [2024-04-12T22:05:06.408+0000] {dag.py:3954} INFO - Setting next_dagrun for example_subdag_operator.section-2 to None, run_after=None
[2024-04-12T22:05:06.423+0000] {logging_mixin.py:188} INFO - [2024-04-12T22:05:06.423+0000] {dag.py:3096} INFO - Sync 2 DAGs
[2024-04-12T22:05:06.433+0000] {logging_mixin.py:188} INFO - [2024-04-12T22:05:06.432+0000] {dag.py:3954} INFO - Setting next_dagrun for example_subdag_operator.section-1 to None, run_after=None
[2024-04-12T22:05:06.434+0000] {logging_mixin.py:188} INFO - [2024-04-12T22:05:06.434+0000] {dag.py:3954} INFO - Setting next_dagrun for example_subdag_operator.section-2 to None, run_after=None
[2024-04-12T22:05:06.455+0000] {processor.py:183} INFO - Processing /home/airflow/.local/lib/python3.12/site-packages/airflow/example_dags/example_subdag_operator.py took 0.181 seconds
[2024-04-12T22:05:36.579+0000] {processor.py:161} INFO - Started process (PID=1010) to work on /home/airflow/.local/lib/python3.12/site-packages/airflow/example_dags/example_subdag_operator.py
[2024-04-12T22:05:36.580+0000] {processor.py:830} INFO - Processing file /home/airflow/.local/lib/python3.12/site-packages/airflow/example_dags/example_subdag_operator.py for tasks to queue
[2024-04-12T22:05:36.583+0000] {logging_mixin.py:188} INFO - [2024-04-12T22:05:36.582+0000] {dagbag.py:540} INFO - Filling up the DagBag from /home/airflow/.local/lib/python3.12/site-packages/airflow/example_dags/example_subdag_operator.py
[2024-04-12T22:05:36.615+0000] {processor.py:840} INFO - DAG(s) 'example_subdag_operator.section-1', 'example_subdag_operator.section-2', 'example_subdag_operator' retrieved from /home/airflow/.local/lib/python3.12/site-packages/airflow/example_dags/example_subdag_operator.py
[2024-04-12T22:05:36.638+0000] {logging_mixin.py:188} INFO - [2024-04-12T22:05:36.638+0000] {dag.py:3096} INFO - Sync 3 DAGs
[2024-04-12T22:05:36.687+0000] {logging_mixin.py:188} INFO - [2024-04-12T22:05:36.687+0000] {dag.py:3954} INFO - Setting next_dagrun for example_subdag_operator to 2022-01-01 00:00:00+00:00, run_after=2022-01-01 00:00:00+00:00
[2024-04-12T22:05:36.694+0000] {logging_mixin.py:188} INFO - [2024-04-12T22:05:36.694+0000] {dag.py:3954} INFO - Setting next_dagrun for example_subdag_operator.section-1 to None, run_after=None
[2024-04-12T22:05:36.699+0000] {logging_mixin.py:188} INFO - [2024-04-12T22:05:36.698+0000] {dag.py:3954} INFO - Setting next_dagrun for example_subdag_operator.section-2 to None, run_after=None
[2024-04-12T22:05:36.709+0000] {logging_mixin.py:188} INFO - [2024-04-12T22:05:36.708+0000] {dag.py:3096} INFO - Sync 2 DAGs
[2024-04-12T22:05:36.717+0000] {logging_mixin.py:188} INFO - [2024-04-12T22:05:36.717+0000] {dag.py:3954} INFO - Setting next_dagrun for example_subdag_operator.section-1 to None, run_after=None
[2024-04-12T22:05:36.718+0000] {logging_mixin.py:188} INFO - [2024-04-12T22:05:36.718+0000] {dag.py:3954} INFO - Setting next_dagrun for example_subdag_operator.section-2 to None, run_after=None
[2024-04-12T22:05:36.736+0000] {processor.py:183} INFO - Processing /home/airflow/.local/lib/python3.12/site-packages/airflow/example_dags/example_subdag_operator.py took 0.163 seconds
