[2024-04-12T21:14:39.665+0000] {processor.py:161} INFO - Started process (PID=72) to work on /home/airflow/.local/lib/python3.12/site-packages/airflow/example_dags/example_setup_teardown.py
[2024-04-12T21:14:39.669+0000] {processor.py:830} INFO - Processing file /home/airflow/.local/lib/python3.12/site-packages/airflow/example_dags/example_setup_teardown.py for tasks to queue
[2024-04-12T21:14:39.672+0000] {logging_mixin.py:188} INFO - [2024-04-12T21:14:39.672+0000] {dagbag.py:540} INFO - Filling up the DagBag from /home/airflow/.local/lib/python3.12/site-packages/airflow/example_dags/example_setup_teardown.py
[2024-04-12T21:14:39.714+0000] {processor.py:840} INFO - DAG(s) 'example_setup_teardown' retrieved from /home/airflow/.local/lib/python3.12/site-packages/airflow/example_dags/example_setup_teardown.py
[2024-04-12T21:14:40.248+0000] {logging_mixin.py:188} INFO - [2024-04-12T21:14:40.241+0000] {dag.py:3096} INFO - Sync 1 DAGs
[2024-04-12T21:14:40.380+0000] {logging_mixin.py:188} INFO - [2024-04-12T21:14:40.380+0000] {dag.py:3954} INFO - Setting next_dagrun for example_setup_teardown to 2024-04-11 00:00:00+00:00, run_after=2024-04-12 00:00:00+00:00
[2024-04-12T21:14:40.488+0000] {processor.py:183} INFO - Processing /home/airflow/.local/lib/python3.12/site-packages/airflow/example_dags/example_setup_teardown.py took 0.837 seconds
[2024-04-12T21:15:30.173+0000] {processor.py:161} INFO - Started process (PID=137) to work on /home/airflow/.local/lib/python3.12/site-packages/airflow/example_dags/example_setup_teardown.py
[2024-04-12T21:15:30.176+0000] {processor.py:830} INFO - Processing file /home/airflow/.local/lib/python3.12/site-packages/airflow/example_dags/example_setup_teardown.py for tasks to queue
[2024-04-12T21:15:30.182+0000] {logging_mixin.py:188} INFO - [2024-04-12T21:15:30.181+0000] {dagbag.py:540} INFO - Filling up the DagBag from /home/airflow/.local/lib/python3.12/site-packages/airflow/example_dags/example_setup_teardown.py
[2024-04-12T21:15:30.198+0000] {processor.py:840} INFO - DAG(s) 'example_setup_teardown' retrieved from /home/airflow/.local/lib/python3.12/site-packages/airflow/example_dags/example_setup_teardown.py
[2024-04-12T21:15:30.261+0000] {logging_mixin.py:188} INFO - [2024-04-12T21:15:30.260+0000] {dag.py:3096} INFO - Sync 1 DAGs
[2024-04-12T21:15:30.315+0000] {logging_mixin.py:188} INFO - [2024-04-12T21:15:30.314+0000] {dag.py:3954} INFO - Setting next_dagrun for example_setup_teardown to 2024-04-11 00:00:00+00:00, run_after=2024-04-12 00:00:00+00:00
[2024-04-12T21:15:30.358+0000] {processor.py:183} INFO - Processing /home/airflow/.local/lib/python3.12/site-packages/airflow/example_dags/example_setup_teardown.py took 0.198 seconds
[2024-04-12T21:16:01.520+0000] {processor.py:161} INFO - Started process (PID=196) to work on /home/airflow/.local/lib/python3.12/site-packages/airflow/example_dags/example_setup_teardown.py
[2024-04-12T21:16:01.522+0000] {processor.py:830} INFO - Processing file /home/airflow/.local/lib/python3.12/site-packages/airflow/example_dags/example_setup_teardown.py for tasks to queue
[2024-04-12T21:16:01.525+0000] {logging_mixin.py:188} INFO - [2024-04-12T21:16:01.524+0000] {dagbag.py:540} INFO - Filling up the DagBag from /home/airflow/.local/lib/python3.12/site-packages/airflow/example_dags/example_setup_teardown.py
[2024-04-12T21:16:01.536+0000] {processor.py:840} INFO - DAG(s) 'example_setup_teardown' retrieved from /home/airflow/.local/lib/python3.12/site-packages/airflow/example_dags/example_setup_teardown.py
[2024-04-12T21:16:01.571+0000] {logging_mixin.py:188} INFO - [2024-04-12T21:16:01.570+0000] {dag.py:3096} INFO - Sync 1 DAGs
[2024-04-12T21:16:01.623+0000] {logging_mixin.py:188} INFO - [2024-04-12T21:16:01.623+0000] {dag.py:3954} INFO - Setting next_dagrun for example_setup_teardown to 2024-04-11 00:00:00+00:00, run_after=2024-04-12 00:00:00+00:00
[2024-04-12T21:16:01.657+0000] {processor.py:183} INFO - Processing /home/airflow/.local/lib/python3.12/site-packages/airflow/example_dags/example_setup_teardown.py took 0.152 seconds
[2024-04-12T21:16:31.813+0000] {processor.py:161} INFO - Started process (PID=254) to work on /home/airflow/.local/lib/python3.12/site-packages/airflow/example_dags/example_setup_teardown.py
[2024-04-12T21:16:31.814+0000] {processor.py:830} INFO - Processing file /home/airflow/.local/lib/python3.12/site-packages/airflow/example_dags/example_setup_teardown.py for tasks to queue
[2024-04-12T21:16:31.816+0000] {logging_mixin.py:188} INFO - [2024-04-12T21:16:31.816+0000] {dagbag.py:540} INFO - Filling up the DagBag from /home/airflow/.local/lib/python3.12/site-packages/airflow/example_dags/example_setup_teardown.py
[2024-04-12T21:16:31.825+0000] {processor.py:840} INFO - DAG(s) 'example_setup_teardown' retrieved from /home/airflow/.local/lib/python3.12/site-packages/airflow/example_dags/example_setup_teardown.py
[2024-04-12T21:16:31.852+0000] {logging_mixin.py:188} INFO - [2024-04-12T21:16:31.852+0000] {dag.py:3096} INFO - Sync 1 DAGs
[2024-04-12T21:16:31.884+0000] {logging_mixin.py:188} INFO - [2024-04-12T21:16:31.883+0000] {dag.py:3954} INFO - Setting next_dagrun for example_setup_teardown to 2024-04-11 00:00:00+00:00, run_after=2024-04-12 00:00:00+00:00
[2024-04-12T21:16:31.911+0000] {processor.py:183} INFO - Processing /home/airflow/.local/lib/python3.12/site-packages/airflow/example_dags/example_setup_teardown.py took 0.105 seconds
[2024-04-12T21:17:02.246+0000] {processor.py:161} INFO - Started process (PID=311) to work on /home/airflow/.local/lib/python3.12/site-packages/airflow/example_dags/example_setup_teardown.py
[2024-04-12T21:17:02.249+0000] {processor.py:830} INFO - Processing file /home/airflow/.local/lib/python3.12/site-packages/airflow/example_dags/example_setup_teardown.py for tasks to queue
[2024-04-12T21:17:02.252+0000] {logging_mixin.py:188} INFO - [2024-04-12T21:17:02.251+0000] {dagbag.py:540} INFO - Filling up the DagBag from /home/airflow/.local/lib/python3.12/site-packages/airflow/example_dags/example_setup_teardown.py
[2024-04-12T21:17:02.260+0000] {processor.py:840} INFO - DAG(s) 'example_setup_teardown' retrieved from /home/airflow/.local/lib/python3.12/site-packages/airflow/example_dags/example_setup_teardown.py
[2024-04-12T21:17:02.282+0000] {logging_mixin.py:188} INFO - [2024-04-12T21:17:02.281+0000] {dag.py:3096} INFO - Sync 1 DAGs
[2024-04-12T21:17:02.306+0000] {logging_mixin.py:188} INFO - [2024-04-12T21:17:02.305+0000] {dag.py:3954} INFO - Setting next_dagrun for example_setup_teardown to 2024-04-11 00:00:00+00:00, run_after=2024-04-12 00:00:00+00:00
[2024-04-12T21:17:02.400+0000] {processor.py:183} INFO - Processing /home/airflow/.local/lib/python3.12/site-packages/airflow/example_dags/example_setup_teardown.py took 0.162 seconds
[2024-04-12T21:17:33.155+0000] {processor.py:161} INFO - Started process (PID=369) to work on /home/airflow/.local/lib/python3.12/site-packages/airflow/example_dags/example_setup_teardown.py
[2024-04-12T21:17:33.156+0000] {processor.py:830} INFO - Processing file /home/airflow/.local/lib/python3.12/site-packages/airflow/example_dags/example_setup_teardown.py for tasks to queue
[2024-04-12T21:17:33.159+0000] {logging_mixin.py:188} INFO - [2024-04-12T21:17:33.158+0000] {dagbag.py:540} INFO - Filling up the DagBag from /home/airflow/.local/lib/python3.12/site-packages/airflow/example_dags/example_setup_teardown.py
[2024-04-12T21:17:33.169+0000] {processor.py:840} INFO - DAG(s) 'example_setup_teardown' retrieved from /home/airflow/.local/lib/python3.12/site-packages/airflow/example_dags/example_setup_teardown.py
[2024-04-12T21:17:33.204+0000] {logging_mixin.py:188} INFO - [2024-04-12T21:17:33.203+0000] {dag.py:3096} INFO - Sync 1 DAGs
[2024-04-12T21:17:33.234+0000] {logging_mixin.py:188} INFO - [2024-04-12T21:17:33.233+0000] {dag.py:3954} INFO - Setting next_dagrun for example_setup_teardown to 2024-04-11 00:00:00+00:00, run_after=2024-04-12 00:00:00+00:00
[2024-04-12T21:17:33.268+0000] {processor.py:183} INFO - Processing /home/airflow/.local/lib/python3.12/site-packages/airflow/example_dags/example_setup_teardown.py took 0.122 seconds
[2024-04-12T21:18:03.385+0000] {processor.py:161} INFO - Started process (PID=425) to work on /home/airflow/.local/lib/python3.12/site-packages/airflow/example_dags/example_setup_teardown.py
[2024-04-12T21:18:03.386+0000] {processor.py:830} INFO - Processing file /home/airflow/.local/lib/python3.12/site-packages/airflow/example_dags/example_setup_teardown.py for tasks to queue
[2024-04-12T21:18:03.388+0000] {logging_mixin.py:188} INFO - [2024-04-12T21:18:03.388+0000] {dagbag.py:540} INFO - Filling up the DagBag from /home/airflow/.local/lib/python3.12/site-packages/airflow/example_dags/example_setup_teardown.py
[2024-04-12T21:18:03.397+0000] {processor.py:840} INFO - DAG(s) 'example_setup_teardown' retrieved from /home/airflow/.local/lib/python3.12/site-packages/airflow/example_dags/example_setup_teardown.py
[2024-04-12T21:18:03.426+0000] {logging_mixin.py:188} INFO - [2024-04-12T21:18:03.426+0000] {dag.py:3096} INFO - Sync 1 DAGs
[2024-04-12T21:18:03.457+0000] {logging_mixin.py:188} INFO - [2024-04-12T21:18:03.457+0000] {dag.py:3954} INFO - Setting next_dagrun for example_setup_teardown to 2024-04-11 00:00:00+00:00, run_after=2024-04-12 00:00:00+00:00
[2024-04-12T21:18:03.481+0000] {processor.py:183} INFO - Processing /home/airflow/.local/lib/python3.12/site-packages/airflow/example_dags/example_setup_teardown.py took 0.105 seconds
[2024-04-12T21:18:33.822+0000] {processor.py:161} INFO - Started process (PID=484) to work on /home/airflow/.local/lib/python3.12/site-packages/airflow/example_dags/example_setup_teardown.py
[2024-04-12T21:18:33.823+0000] {processor.py:830} INFO - Processing file /home/airflow/.local/lib/python3.12/site-packages/airflow/example_dags/example_setup_teardown.py for tasks to queue
[2024-04-12T21:18:33.825+0000] {logging_mixin.py:188} INFO - [2024-04-12T21:18:33.825+0000] {dagbag.py:540} INFO - Filling up the DagBag from /home/airflow/.local/lib/python3.12/site-packages/airflow/example_dags/example_setup_teardown.py
[2024-04-12T21:18:33.835+0000] {processor.py:840} INFO - DAG(s) 'example_setup_teardown' retrieved from /home/airflow/.local/lib/python3.12/site-packages/airflow/example_dags/example_setup_teardown.py
[2024-04-12T21:18:33.863+0000] {logging_mixin.py:188} INFO - [2024-04-12T21:18:33.863+0000] {dag.py:3096} INFO - Sync 1 DAGs
[2024-04-12T21:18:33.890+0000] {logging_mixin.py:188} INFO - [2024-04-12T21:18:33.890+0000] {dag.py:3954} INFO - Setting next_dagrun for example_setup_teardown to 2024-04-11 00:00:00+00:00, run_after=2024-04-12 00:00:00+00:00
[2024-04-12T21:18:33.917+0000] {processor.py:183} INFO - Processing /home/airflow/.local/lib/python3.12/site-packages/airflow/example_dags/example_setup_teardown.py took 0.104 seconds
[2024-04-12T21:19:04.515+0000] {processor.py:161} INFO - Started process (PID=542) to work on /home/airflow/.local/lib/python3.12/site-packages/airflow/example_dags/example_setup_teardown.py
[2024-04-12T21:19:04.517+0000] {processor.py:830} INFO - Processing file /home/airflow/.local/lib/python3.12/site-packages/airflow/example_dags/example_setup_teardown.py for tasks to queue
[2024-04-12T21:19:04.519+0000] {logging_mixin.py:188} INFO - [2024-04-12T21:19:04.519+0000] {dagbag.py:540} INFO - Filling up the DagBag from /home/airflow/.local/lib/python3.12/site-packages/airflow/example_dags/example_setup_teardown.py
[2024-04-12T21:19:04.529+0000] {processor.py:840} INFO - DAG(s) 'example_setup_teardown' retrieved from /home/airflow/.local/lib/python3.12/site-packages/airflow/example_dags/example_setup_teardown.py
[2024-04-12T21:19:04.564+0000] {logging_mixin.py:188} INFO - [2024-04-12T21:19:04.564+0000] {dag.py:3096} INFO - Sync 1 DAGs
[2024-04-12T21:19:04.600+0000] {logging_mixin.py:188} INFO - [2024-04-12T21:19:04.599+0000] {dag.py:3954} INFO - Setting next_dagrun for example_setup_teardown to 2024-04-11 00:00:00+00:00, run_after=2024-04-12 00:00:00+00:00
[2024-04-12T21:19:04.628+0000] {processor.py:183} INFO - Processing /home/airflow/.local/lib/python3.12/site-packages/airflow/example_dags/example_setup_teardown.py took 0.121 seconds
[2024-04-12T21:19:34.743+0000] {processor.py:161} INFO - Started process (PID=601) to work on /home/airflow/.local/lib/python3.12/site-packages/airflow/example_dags/example_setup_teardown.py
[2024-04-12T21:19:34.744+0000] {processor.py:830} INFO - Processing file /home/airflow/.local/lib/python3.12/site-packages/airflow/example_dags/example_setup_teardown.py for tasks to queue
[2024-04-12T21:19:34.747+0000] {logging_mixin.py:188} INFO - [2024-04-12T21:19:34.747+0000] {dagbag.py:540} INFO - Filling up the DagBag from /home/airflow/.local/lib/python3.12/site-packages/airflow/example_dags/example_setup_teardown.py
[2024-04-12T21:19:34.758+0000] {processor.py:840} INFO - DAG(s) 'example_setup_teardown' retrieved from /home/airflow/.local/lib/python3.12/site-packages/airflow/example_dags/example_setup_teardown.py
[2024-04-12T21:19:34.793+0000] {logging_mixin.py:188} INFO - [2024-04-12T21:19:34.793+0000] {dag.py:3096} INFO - Sync 1 DAGs
[2024-04-12T21:19:34.828+0000] {logging_mixin.py:188} INFO - [2024-04-12T21:19:34.827+0000] {dag.py:3954} INFO - Setting next_dagrun for example_setup_teardown to 2024-04-11 00:00:00+00:00, run_after=2024-04-12 00:00:00+00:00
[2024-04-12T21:19:34.852+0000] {processor.py:183} INFO - Processing /home/airflow/.local/lib/python3.12/site-packages/airflow/example_dags/example_setup_teardown.py took 0.117 seconds
[2024-04-12T21:20:05.287+0000] {processor.py:161} INFO - Started process (PID=659) to work on /home/airflow/.local/lib/python3.12/site-packages/airflow/example_dags/example_setup_teardown.py
[2024-04-12T21:20:05.288+0000] {processor.py:830} INFO - Processing file /home/airflow/.local/lib/python3.12/site-packages/airflow/example_dags/example_setup_teardown.py for tasks to queue
[2024-04-12T21:20:05.291+0000] {logging_mixin.py:188} INFO - [2024-04-12T21:20:05.290+0000] {dagbag.py:540} INFO - Filling up the DagBag from /home/airflow/.local/lib/python3.12/site-packages/airflow/example_dags/example_setup_teardown.py
[2024-04-12T21:20:05.300+0000] {processor.py:840} INFO - DAG(s) 'example_setup_teardown' retrieved from /home/airflow/.local/lib/python3.12/site-packages/airflow/example_dags/example_setup_teardown.py
[2024-04-12T21:20:05.331+0000] {logging_mixin.py:188} INFO - [2024-04-12T21:20:05.330+0000] {dag.py:3096} INFO - Sync 1 DAGs
[2024-04-12T21:20:05.359+0000] {logging_mixin.py:188} INFO - [2024-04-12T21:20:05.359+0000] {dag.py:3954} INFO - Setting next_dagrun for example_setup_teardown to 2024-04-11 00:00:00+00:00, run_after=2024-04-12 00:00:00+00:00
[2024-04-12T21:20:05.386+0000] {processor.py:183} INFO - Processing /home/airflow/.local/lib/python3.12/site-packages/airflow/example_dags/example_setup_teardown.py took 0.107 seconds
[2024-04-12T21:20:35.567+0000] {processor.py:161} INFO - Started process (PID=717) to work on /home/airflow/.local/lib/python3.12/site-packages/airflow/example_dags/example_setup_teardown.py
[2024-04-12T21:20:35.569+0000] {processor.py:830} INFO - Processing file /home/airflow/.local/lib/python3.12/site-packages/airflow/example_dags/example_setup_teardown.py for tasks to queue
[2024-04-12T21:20:35.571+0000] {logging_mixin.py:188} INFO - [2024-04-12T21:20:35.571+0000] {dagbag.py:540} INFO - Filling up the DagBag from /home/airflow/.local/lib/python3.12/site-packages/airflow/example_dags/example_setup_teardown.py
[2024-04-12T21:20:35.581+0000] {processor.py:840} INFO - DAG(s) 'example_setup_teardown' retrieved from /home/airflow/.local/lib/python3.12/site-packages/airflow/example_dags/example_setup_teardown.py
[2024-04-12T21:20:35.610+0000] {logging_mixin.py:188} INFO - [2024-04-12T21:20:35.609+0000] {dag.py:3096} INFO - Sync 1 DAGs
[2024-04-12T21:20:35.641+0000] {logging_mixin.py:188} INFO - [2024-04-12T21:20:35.640+0000] {dag.py:3954} INFO - Setting next_dagrun for example_setup_teardown to 2024-04-11 00:00:00+00:00, run_after=2024-04-12 00:00:00+00:00
[2024-04-12T21:20:35.667+0000] {processor.py:183} INFO - Processing /home/airflow/.local/lib/python3.12/site-packages/airflow/example_dags/example_setup_teardown.py took 0.108 seconds
[2024-04-12T21:21:06.601+0000] {processor.py:161} INFO - Started process (PID=776) to work on /home/airflow/.local/lib/python3.12/site-packages/airflow/example_dags/example_setup_teardown.py
[2024-04-12T21:21:06.603+0000] {processor.py:830} INFO - Processing file /home/airflow/.local/lib/python3.12/site-packages/airflow/example_dags/example_setup_teardown.py for tasks to queue
[2024-04-12T21:21:06.615+0000] {logging_mixin.py:188} INFO - [2024-04-12T21:21:06.615+0000] {dagbag.py:540} INFO - Filling up the DagBag from /home/airflow/.local/lib/python3.12/site-packages/airflow/example_dags/example_setup_teardown.py
[2024-04-12T21:21:06.646+0000] {processor.py:840} INFO - DAG(s) 'example_setup_teardown' retrieved from /home/airflow/.local/lib/python3.12/site-packages/airflow/example_dags/example_setup_teardown.py
[2024-04-12T21:21:06.718+0000] {logging_mixin.py:188} INFO - [2024-04-12T21:21:06.718+0000] {dag.py:3096} INFO - Sync 1 DAGs
[2024-04-12T21:21:06.817+0000] {logging_mixin.py:188} INFO - [2024-04-12T21:21:06.816+0000] {dag.py:3954} INFO - Setting next_dagrun for example_setup_teardown to 2024-04-11 00:00:00+00:00, run_after=2024-04-12 00:00:00+00:00
[2024-04-12T21:21:06.904+0000] {processor.py:183} INFO - Processing /home/airflow/.local/lib/python3.12/site-packages/airflow/example_dags/example_setup_teardown.py took 0.323 seconds
[2024-04-12T21:21:37.578+0000] {processor.py:161} INFO - Started process (PID=834) to work on /home/airflow/.local/lib/python3.12/site-packages/airflow/example_dags/example_setup_teardown.py
[2024-04-12T21:21:37.580+0000] {processor.py:830} INFO - Processing file /home/airflow/.local/lib/python3.12/site-packages/airflow/example_dags/example_setup_teardown.py for tasks to queue
[2024-04-12T21:21:37.583+0000] {logging_mixin.py:188} INFO - [2024-04-12T21:21:37.582+0000] {dagbag.py:540} INFO - Filling up the DagBag from /home/airflow/.local/lib/python3.12/site-packages/airflow/example_dags/example_setup_teardown.py
[2024-04-12T21:21:37.594+0000] {processor.py:840} INFO - DAG(s) 'example_setup_teardown' retrieved from /home/airflow/.local/lib/python3.12/site-packages/airflow/example_dags/example_setup_teardown.py
[2024-04-12T21:21:37.643+0000] {logging_mixin.py:188} INFO - [2024-04-12T21:21:37.643+0000] {dag.py:3096} INFO - Sync 1 DAGs
[2024-04-12T21:21:37.679+0000] {logging_mixin.py:188} INFO - [2024-04-12T21:21:37.679+0000] {dag.py:3954} INFO - Setting next_dagrun for example_setup_teardown to 2024-04-11 00:00:00+00:00, run_after=2024-04-12 00:00:00+00:00
[2024-04-12T21:21:37.709+0000] {processor.py:183} INFO - Processing /home/airflow/.local/lib/python3.12/site-packages/airflow/example_dags/example_setup_teardown.py took 0.140 seconds
[2024-04-12T21:22:08.325+0000] {processor.py:161} INFO - Started process (PID=892) to work on /home/airflow/.local/lib/python3.12/site-packages/airflow/example_dags/example_setup_teardown.py
[2024-04-12T21:22:08.327+0000] {processor.py:830} INFO - Processing file /home/airflow/.local/lib/python3.12/site-packages/airflow/example_dags/example_setup_teardown.py for tasks to queue
[2024-04-12T21:22:08.329+0000] {logging_mixin.py:188} INFO - [2024-04-12T21:22:08.329+0000] {dagbag.py:540} INFO - Filling up the DagBag from /home/airflow/.local/lib/python3.12/site-packages/airflow/example_dags/example_setup_teardown.py
[2024-04-12T21:22:08.339+0000] {processor.py:840} INFO - DAG(s) 'example_setup_teardown' retrieved from /home/airflow/.local/lib/python3.12/site-packages/airflow/example_dags/example_setup_teardown.py
[2024-04-12T21:22:08.368+0000] {logging_mixin.py:188} INFO - [2024-04-12T21:22:08.367+0000] {dag.py:3096} INFO - Sync 1 DAGs
[2024-04-12T21:22:08.399+0000] {logging_mixin.py:188} INFO - [2024-04-12T21:22:08.399+0000] {dag.py:3954} INFO - Setting next_dagrun for example_setup_teardown to 2024-04-11 00:00:00+00:00, run_after=2024-04-12 00:00:00+00:00
[2024-04-12T21:22:08.578+0000] {processor.py:183} INFO - Processing /home/airflow/.local/lib/python3.12/site-packages/airflow/example_dags/example_setup_teardown.py took 0.260 seconds
[2024-04-12T21:22:39.090+0000] {processor.py:161} INFO - Started process (PID=950) to work on /home/airflow/.local/lib/python3.12/site-packages/airflow/example_dags/example_setup_teardown.py
[2024-04-12T21:22:39.091+0000] {processor.py:830} INFO - Processing file /home/airflow/.local/lib/python3.12/site-packages/airflow/example_dags/example_setup_teardown.py for tasks to queue
[2024-04-12T21:22:39.093+0000] {logging_mixin.py:188} INFO - [2024-04-12T21:22:39.093+0000] {dagbag.py:540} INFO - Filling up the DagBag from /home/airflow/.local/lib/python3.12/site-packages/airflow/example_dags/example_setup_teardown.py
[2024-04-12T21:22:39.101+0000] {processor.py:840} INFO - DAG(s) 'example_setup_teardown' retrieved from /home/airflow/.local/lib/python3.12/site-packages/airflow/example_dags/example_setup_teardown.py
[2024-04-12T21:22:39.125+0000] {logging_mixin.py:188} INFO - [2024-04-12T21:22:39.125+0000] {dag.py:3096} INFO - Sync 1 DAGs
[2024-04-12T21:22:39.155+0000] {logging_mixin.py:188} INFO - [2024-04-12T21:22:39.154+0000] {dag.py:3954} INFO - Setting next_dagrun for example_setup_teardown to 2024-04-11 00:00:00+00:00, run_after=2024-04-12 00:00:00+00:00
[2024-04-12T21:22:39.181+0000] {processor.py:183} INFO - Processing /home/airflow/.local/lib/python3.12/site-packages/airflow/example_dags/example_setup_teardown.py took 0.097 seconds
[2024-04-12T21:23:09.381+0000] {processor.py:161} INFO - Started process (PID=1007) to work on /home/airflow/.local/lib/python3.12/site-packages/airflow/example_dags/example_setup_teardown.py
[2024-04-12T21:23:09.382+0000] {processor.py:830} INFO - Processing file /home/airflow/.local/lib/python3.12/site-packages/airflow/example_dags/example_setup_teardown.py for tasks to queue
[2024-04-12T21:23:09.384+0000] {logging_mixin.py:188} INFO - [2024-04-12T21:23:09.383+0000] {dagbag.py:540} INFO - Filling up the DagBag from /home/airflow/.local/lib/python3.12/site-packages/airflow/example_dags/example_setup_teardown.py
[2024-04-12T21:23:09.391+0000] {processor.py:840} INFO - DAG(s) 'example_setup_teardown' retrieved from /home/airflow/.local/lib/python3.12/site-packages/airflow/example_dags/example_setup_teardown.py
[2024-04-12T21:23:09.412+0000] {logging_mixin.py:188} INFO - [2024-04-12T21:23:09.412+0000] {dag.py:3096} INFO - Sync 1 DAGs
[2024-04-12T21:23:09.436+0000] {logging_mixin.py:188} INFO - [2024-04-12T21:23:09.436+0000] {dag.py:3954} INFO - Setting next_dagrun for example_setup_teardown to 2024-04-11 00:00:00+00:00, run_after=2024-04-12 00:00:00+00:00
[2024-04-12T21:23:09.467+0000] {processor.py:183} INFO - Processing /home/airflow/.local/lib/python3.12/site-packages/airflow/example_dags/example_setup_teardown.py took 0.093 seconds
[2024-04-12T21:23:39.922+0000] {processor.py:161} INFO - Started process (PID=1066) to work on /home/airflow/.local/lib/python3.12/site-packages/airflow/example_dags/example_setup_teardown.py
[2024-04-12T21:23:39.930+0000] {processor.py:830} INFO - Processing file /home/airflow/.local/lib/python3.12/site-packages/airflow/example_dags/example_setup_teardown.py for tasks to queue
[2024-04-12T21:23:39.933+0000] {logging_mixin.py:188} INFO - [2024-04-12T21:23:39.932+0000] {dagbag.py:540} INFO - Filling up the DagBag from /home/airflow/.local/lib/python3.12/site-packages/airflow/example_dags/example_setup_teardown.py
[2024-04-12T21:23:39.959+0000] {processor.py:840} INFO - DAG(s) 'example_setup_teardown' retrieved from /home/airflow/.local/lib/python3.12/site-packages/airflow/example_dags/example_setup_teardown.py
[2024-04-12T21:23:40.026+0000] {logging_mixin.py:188} INFO - [2024-04-12T21:23:40.026+0000] {dag.py:3096} INFO - Sync 1 DAGs
[2024-04-12T21:23:40.060+0000] {logging_mixin.py:188} INFO - [2024-04-12T21:23:40.060+0000] {dag.py:3954} INFO - Setting next_dagrun for example_setup_teardown to 2024-04-11 00:00:00+00:00, run_after=2024-04-12 00:00:00+00:00
[2024-04-12T21:23:40.091+0000] {processor.py:183} INFO - Processing /home/airflow/.local/lib/python3.12/site-packages/airflow/example_dags/example_setup_teardown.py took 0.188 seconds
[2024-04-12T21:28:03.034+0000] {processor.py:161} INFO - Started process (PID=52) to work on /home/airflow/.local/lib/python3.12/site-packages/airflow/example_dags/example_setup_teardown.py
[2024-04-12T21:28:03.036+0000] {processor.py:830} INFO - Processing file /home/airflow/.local/lib/python3.12/site-packages/airflow/example_dags/example_setup_teardown.py for tasks to queue
[2024-04-12T21:28:03.039+0000] {logging_mixin.py:188} INFO - [2024-04-12T21:28:03.038+0000] {dagbag.py:540} INFO - Filling up the DagBag from /home/airflow/.local/lib/python3.12/site-packages/airflow/example_dags/example_setup_teardown.py
[2024-04-12T21:28:03.055+0000] {processor.py:840} INFO - DAG(s) 'example_setup_teardown' retrieved from /home/airflow/.local/lib/python3.12/site-packages/airflow/example_dags/example_setup_teardown.py
[2024-04-12T21:28:03.407+0000] {logging_mixin.py:188} INFO - [2024-04-12T21:28:03.407+0000] {dag.py:3096} INFO - Sync 1 DAGs
[2024-04-12T21:28:03.451+0000] {logging_mixin.py:188} INFO - [2024-04-12T21:28:03.451+0000] {dag.py:3954} INFO - Setting next_dagrun for example_setup_teardown to 2024-04-11 00:00:00+00:00, run_after=2024-04-12 00:00:00+00:00
[2024-04-12T21:28:03.494+0000] {processor.py:183} INFO - Processing /home/airflow/.local/lib/python3.12/site-packages/airflow/example_dags/example_setup_teardown.py took 0.471 seconds
[2024-04-12T21:28:33.853+0000] {processor.py:161} INFO - Started process (PID=110) to work on /home/airflow/.local/lib/python3.12/site-packages/airflow/example_dags/example_setup_teardown.py
[2024-04-12T21:28:33.855+0000] {processor.py:830} INFO - Processing file /home/airflow/.local/lib/python3.12/site-packages/airflow/example_dags/example_setup_teardown.py for tasks to queue
[2024-04-12T21:28:33.858+0000] {logging_mixin.py:188} INFO - [2024-04-12T21:28:33.858+0000] {dagbag.py:540} INFO - Filling up the DagBag from /home/airflow/.local/lib/python3.12/site-packages/airflow/example_dags/example_setup_teardown.py
[2024-04-12T21:28:33.870+0000] {processor.py:840} INFO - DAG(s) 'example_setup_teardown' retrieved from /home/airflow/.local/lib/python3.12/site-packages/airflow/example_dags/example_setup_teardown.py
[2024-04-12T21:28:33.950+0000] {logging_mixin.py:188} INFO - [2024-04-12T21:28:33.949+0000] {dag.py:3096} INFO - Sync 1 DAGs
[2024-04-12T21:28:34.037+0000] {logging_mixin.py:188} INFO - [2024-04-12T21:28:34.037+0000] {dag.py:3954} INFO - Setting next_dagrun for example_setup_teardown to 2024-04-11 00:00:00+00:00, run_after=2024-04-12 00:00:00+00:00
[2024-04-12T21:28:34.117+0000] {processor.py:183} INFO - Processing /home/airflow/.local/lib/python3.12/site-packages/airflow/example_dags/example_setup_teardown.py took 0.273 seconds
[2024-04-12T21:29:04.997+0000] {processor.py:161} INFO - Started process (PID=169) to work on /home/airflow/.local/lib/python3.12/site-packages/airflow/example_dags/example_setup_teardown.py
[2024-04-12T21:29:04.998+0000] {processor.py:830} INFO - Processing file /home/airflow/.local/lib/python3.12/site-packages/airflow/example_dags/example_setup_teardown.py for tasks to queue
[2024-04-12T21:29:05.001+0000] {logging_mixin.py:188} INFO - [2024-04-12T21:29:05.001+0000] {dagbag.py:540} INFO - Filling up the DagBag from /home/airflow/.local/lib/python3.12/site-packages/airflow/example_dags/example_setup_teardown.py
[2024-04-12T21:29:05.008+0000] {processor.py:840} INFO - DAG(s) 'example_setup_teardown' retrieved from /home/airflow/.local/lib/python3.12/site-packages/airflow/example_dags/example_setup_teardown.py
[2024-04-12T21:29:05.035+0000] {logging_mixin.py:188} INFO - [2024-04-12T21:29:05.035+0000] {dag.py:3096} INFO - Sync 1 DAGs
[2024-04-12T21:29:05.066+0000] {logging_mixin.py:188} INFO - [2024-04-12T21:29:05.066+0000] {dag.py:3954} INFO - Setting next_dagrun for example_setup_teardown to 2024-04-11 00:00:00+00:00, run_after=2024-04-12 00:00:00+00:00
[2024-04-12T21:29:05.091+0000] {processor.py:183} INFO - Processing /home/airflow/.local/lib/python3.12/site-packages/airflow/example_dags/example_setup_teardown.py took 0.101 seconds
[2024-04-12T21:29:35.675+0000] {processor.py:161} INFO - Started process (PID=227) to work on /home/airflow/.local/lib/python3.12/site-packages/airflow/example_dags/example_setup_teardown.py
[2024-04-12T21:29:35.677+0000] {processor.py:830} INFO - Processing file /home/airflow/.local/lib/python3.12/site-packages/airflow/example_dags/example_setup_teardown.py for tasks to queue
[2024-04-12T21:29:35.679+0000] {logging_mixin.py:188} INFO - [2024-04-12T21:29:35.679+0000] {dagbag.py:540} INFO - Filling up the DagBag from /home/airflow/.local/lib/python3.12/site-packages/airflow/example_dags/example_setup_teardown.py
[2024-04-12T21:29:35.690+0000] {processor.py:840} INFO - DAG(s) 'example_setup_teardown' retrieved from /home/airflow/.local/lib/python3.12/site-packages/airflow/example_dags/example_setup_teardown.py
[2024-04-12T21:29:35.718+0000] {logging_mixin.py:188} INFO - [2024-04-12T21:29:35.718+0000] {dag.py:3096} INFO - Sync 1 DAGs
[2024-04-12T21:29:35.747+0000] {logging_mixin.py:188} INFO - [2024-04-12T21:29:35.746+0000] {dag.py:3954} INFO - Setting next_dagrun for example_setup_teardown to 2024-04-11 00:00:00+00:00, run_after=2024-04-12 00:00:00+00:00
[2024-04-12T21:29:35.773+0000] {processor.py:183} INFO - Processing /home/airflow/.local/lib/python3.12/site-packages/airflow/example_dags/example_setup_teardown.py took 0.105 seconds
[2024-04-12T21:57:22.763+0000] {processor.py:161} INFO - Started process (PID=46) to work on /home/airflow/.local/lib/python3.12/site-packages/airflow/example_dags/example_setup_teardown.py
[2024-04-12T21:57:22.765+0000] {processor.py:830} INFO - Processing file /home/airflow/.local/lib/python3.12/site-packages/airflow/example_dags/example_setup_teardown.py for tasks to queue
[2024-04-12T21:57:22.767+0000] {logging_mixin.py:188} INFO - [2024-04-12T21:57:22.767+0000] {dagbag.py:540} INFO - Filling up the DagBag from /home/airflow/.local/lib/python3.12/site-packages/airflow/example_dags/example_setup_teardown.py
[2024-04-12T21:57:22.779+0000] {processor.py:840} INFO - DAG(s) 'example_setup_teardown' retrieved from /home/airflow/.local/lib/python3.12/site-packages/airflow/example_dags/example_setup_teardown.py
[2024-04-12T21:57:22.947+0000] {logging_mixin.py:188} INFO - [2024-04-12T21:57:22.946+0000] {dag.py:3096} INFO - Sync 1 DAGs
[2024-04-12T21:57:22.972+0000] {logging_mixin.py:188} INFO - [2024-04-12T21:57:22.971+0000] {dag.py:3954} INFO - Setting next_dagrun for example_setup_teardown to 2024-04-11 00:00:00+00:00, run_after=2024-04-12 00:00:00+00:00
[2024-04-12T21:57:22.999+0000] {processor.py:183} INFO - Processing /home/airflow/.local/lib/python3.12/site-packages/airflow/example_dags/example_setup_teardown.py took 0.245 seconds
[2024-04-12T21:57:53.864+0000] {processor.py:161} INFO - Started process (PID=105) to work on /home/airflow/.local/lib/python3.12/site-packages/airflow/example_dags/example_setup_teardown.py
[2024-04-12T21:57:53.866+0000] {processor.py:830} INFO - Processing file /home/airflow/.local/lib/python3.12/site-packages/airflow/example_dags/example_setup_teardown.py for tasks to queue
[2024-04-12T21:57:53.870+0000] {logging_mixin.py:188} INFO - [2024-04-12T21:57:53.870+0000] {dagbag.py:540} INFO - Filling up the DagBag from /home/airflow/.local/lib/python3.12/site-packages/airflow/example_dags/example_setup_teardown.py
[2024-04-12T21:57:53.887+0000] {processor.py:840} INFO - DAG(s) 'example_setup_teardown' retrieved from /home/airflow/.local/lib/python3.12/site-packages/airflow/example_dags/example_setup_teardown.py
[2024-04-12T21:57:53.984+0000] {logging_mixin.py:188} INFO - [2024-04-12T21:57:53.974+0000] {dag.py:3096} INFO - Sync 1 DAGs
[2024-04-12T21:57:54.113+0000] {logging_mixin.py:188} INFO - [2024-04-12T21:57:54.113+0000] {dag.py:3954} INFO - Setting next_dagrun for example_setup_teardown to 2024-04-11 00:00:00+00:00, run_after=2024-04-12 00:00:00+00:00
[2024-04-12T21:57:54.198+0000] {processor.py:183} INFO - Processing /home/airflow/.local/lib/python3.12/site-packages/airflow/example_dags/example_setup_teardown.py took 0.347 seconds
[2024-04-12T21:58:24.356+0000] {processor.py:161} INFO - Started process (PID=164) to work on /home/airflow/.local/lib/python3.12/site-packages/airflow/example_dags/example_setup_teardown.py
[2024-04-12T21:58:24.357+0000] {processor.py:830} INFO - Processing file /home/airflow/.local/lib/python3.12/site-packages/airflow/example_dags/example_setup_teardown.py for tasks to queue
[2024-04-12T21:58:24.360+0000] {logging_mixin.py:188} INFO - [2024-04-12T21:58:24.359+0000] {dagbag.py:540} INFO - Filling up the DagBag from /home/airflow/.local/lib/python3.12/site-packages/airflow/example_dags/example_setup_teardown.py
[2024-04-12T21:58:24.369+0000] {processor.py:840} INFO - DAG(s) 'example_setup_teardown' retrieved from /home/airflow/.local/lib/python3.12/site-packages/airflow/example_dags/example_setup_teardown.py
[2024-04-12T21:58:24.392+0000] {logging_mixin.py:188} INFO - [2024-04-12T21:58:24.391+0000] {dag.py:3096} INFO - Sync 1 DAGs
[2024-04-12T21:58:24.415+0000] {logging_mixin.py:188} INFO - [2024-04-12T21:58:24.414+0000] {dag.py:3954} INFO - Setting next_dagrun for example_setup_teardown to 2024-04-11 00:00:00+00:00, run_after=2024-04-12 00:00:00+00:00
[2024-04-12T21:58:24.435+0000] {processor.py:183} INFO - Processing /home/airflow/.local/lib/python3.12/site-packages/airflow/example_dags/example_setup_teardown.py took 0.085 seconds
[2024-04-12T21:58:54.720+0000] {processor.py:161} INFO - Started process (PID=223) to work on /home/airflow/.local/lib/python3.12/site-packages/airflow/example_dags/example_setup_teardown.py
[2024-04-12T21:58:54.721+0000] {processor.py:830} INFO - Processing file /home/airflow/.local/lib/python3.12/site-packages/airflow/example_dags/example_setup_teardown.py for tasks to queue
[2024-04-12T21:58:54.724+0000] {logging_mixin.py:188} INFO - [2024-04-12T21:58:54.723+0000] {dagbag.py:540} INFO - Filling up the DagBag from /home/airflow/.local/lib/python3.12/site-packages/airflow/example_dags/example_setup_teardown.py
[2024-04-12T21:58:54.731+0000] {processor.py:840} INFO - DAG(s) 'example_setup_teardown' retrieved from /home/airflow/.local/lib/python3.12/site-packages/airflow/example_dags/example_setup_teardown.py
[2024-04-12T21:58:54.758+0000] {logging_mixin.py:188} INFO - [2024-04-12T21:58:54.757+0000] {dag.py:3096} INFO - Sync 1 DAGs
[2024-04-12T21:58:54.781+0000] {logging_mixin.py:188} INFO - [2024-04-12T21:58:54.781+0000] {dag.py:3954} INFO - Setting next_dagrun for example_setup_teardown to 2024-04-11 00:00:00+00:00, run_after=2024-04-12 00:00:00+00:00
[2024-04-12T21:58:54.802+0000] {processor.py:183} INFO - Processing /home/airflow/.local/lib/python3.12/site-packages/airflow/example_dags/example_setup_teardown.py took 0.091 seconds
[2024-04-12T21:59:25.818+0000] {processor.py:161} INFO - Started process (PID=282) to work on /home/airflow/.local/lib/python3.12/site-packages/airflow/example_dags/example_setup_teardown.py
[2024-04-12T21:59:25.820+0000] {processor.py:830} INFO - Processing file /home/airflow/.local/lib/python3.12/site-packages/airflow/example_dags/example_setup_teardown.py for tasks to queue
[2024-04-12T21:59:25.822+0000] {logging_mixin.py:188} INFO - [2024-04-12T21:59:25.822+0000] {dagbag.py:540} INFO - Filling up the DagBag from /home/airflow/.local/lib/python3.12/site-packages/airflow/example_dags/example_setup_teardown.py
[2024-04-12T21:59:25.831+0000] {processor.py:840} INFO - DAG(s) 'example_setup_teardown' retrieved from /home/airflow/.local/lib/python3.12/site-packages/airflow/example_dags/example_setup_teardown.py
[2024-04-12T21:59:25.867+0000] {logging_mixin.py:188} INFO - [2024-04-12T21:59:25.867+0000] {dag.py:3096} INFO - Sync 1 DAGs
[2024-04-12T21:59:25.902+0000] {logging_mixin.py:188} INFO - [2024-04-12T21:59:25.902+0000] {dag.py:3954} INFO - Setting next_dagrun for example_setup_teardown to 2024-04-11 00:00:00+00:00, run_after=2024-04-12 00:00:00+00:00
[2024-04-12T21:59:25.925+0000] {processor.py:183} INFO - Processing /home/airflow/.local/lib/python3.12/site-packages/airflow/example_dags/example_setup_teardown.py took 0.113 seconds
[2024-04-12T21:59:56.060+0000] {processor.py:161} INFO - Started process (PID=341) to work on /home/airflow/.local/lib/python3.12/site-packages/airflow/example_dags/example_setup_teardown.py
[2024-04-12T21:59:56.061+0000] {processor.py:830} INFO - Processing file /home/airflow/.local/lib/python3.12/site-packages/airflow/example_dags/example_setup_teardown.py for tasks to queue
[2024-04-12T21:59:56.064+0000] {logging_mixin.py:188} INFO - [2024-04-12T21:59:56.063+0000] {dagbag.py:540} INFO - Filling up the DagBag from /home/airflow/.local/lib/python3.12/site-packages/airflow/example_dags/example_setup_teardown.py
[2024-04-12T21:59:56.071+0000] {processor.py:840} INFO - DAG(s) 'example_setup_teardown' retrieved from /home/airflow/.local/lib/python3.12/site-packages/airflow/example_dags/example_setup_teardown.py
[2024-04-12T21:59:56.097+0000] {logging_mixin.py:188} INFO - [2024-04-12T21:59:56.096+0000] {dag.py:3096} INFO - Sync 1 DAGs
[2024-04-12T21:59:56.127+0000] {logging_mixin.py:188} INFO - [2024-04-12T21:59:56.127+0000] {dag.py:3954} INFO - Setting next_dagrun for example_setup_teardown to 2024-04-11 00:00:00+00:00, run_after=2024-04-12 00:00:00+00:00
[2024-04-12T21:59:56.152+0000] {processor.py:183} INFO - Processing /home/airflow/.local/lib/python3.12/site-packages/airflow/example_dags/example_setup_teardown.py took 0.098 seconds
[2024-04-12T22:00:26.448+0000] {processor.py:161} INFO - Started process (PID=400) to work on /home/airflow/.local/lib/python3.12/site-packages/airflow/example_dags/example_setup_teardown.py
[2024-04-12T22:00:26.449+0000] {processor.py:830} INFO - Processing file /home/airflow/.local/lib/python3.12/site-packages/airflow/example_dags/example_setup_teardown.py for tasks to queue
[2024-04-12T22:00:26.451+0000] {logging_mixin.py:188} INFO - [2024-04-12T22:00:26.451+0000] {dagbag.py:540} INFO - Filling up the DagBag from /home/airflow/.local/lib/python3.12/site-packages/airflow/example_dags/example_setup_teardown.py
[2024-04-12T22:00:26.460+0000] {processor.py:840} INFO - DAG(s) 'example_setup_teardown' retrieved from /home/airflow/.local/lib/python3.12/site-packages/airflow/example_dags/example_setup_teardown.py
[2024-04-12T22:00:26.490+0000] {logging_mixin.py:188} INFO - [2024-04-12T22:00:26.489+0000] {dag.py:3096} INFO - Sync 1 DAGs
[2024-04-12T22:00:26.521+0000] {logging_mixin.py:188} INFO - [2024-04-12T22:00:26.520+0000] {dag.py:3954} INFO - Setting next_dagrun for example_setup_teardown to 2024-04-11 00:00:00+00:00, run_after=2024-04-12 00:00:00+00:00
[2024-04-12T22:00:26.543+0000] {processor.py:183} INFO - Processing /home/airflow/.local/lib/python3.12/site-packages/airflow/example_dags/example_setup_teardown.py took 0.103 seconds
[2024-04-12T22:00:57.895+0000] {processor.py:161} INFO - Started process (PID=464) to work on /home/airflow/.local/lib/python3.12/site-packages/airflow/example_dags/example_setup_teardown.py
[2024-04-12T22:00:57.896+0000] {processor.py:830} INFO - Processing file /home/airflow/.local/lib/python3.12/site-packages/airflow/example_dags/example_setup_teardown.py for tasks to queue
[2024-04-12T22:00:57.898+0000] {logging_mixin.py:188} INFO - [2024-04-12T22:00:57.898+0000] {dagbag.py:540} INFO - Filling up the DagBag from /home/airflow/.local/lib/python3.12/site-packages/airflow/example_dags/example_setup_teardown.py
[2024-04-12T22:00:57.907+0000] {processor.py:840} INFO - DAG(s) 'example_setup_teardown' retrieved from /home/airflow/.local/lib/python3.12/site-packages/airflow/example_dags/example_setup_teardown.py
[2024-04-12T22:00:57.941+0000] {logging_mixin.py:188} INFO - [2024-04-12T22:00:57.941+0000] {dag.py:3096} INFO - Sync 1 DAGs
[2024-04-12T22:00:58.004+0000] {logging_mixin.py:188} INFO - [2024-04-12T22:00:58.004+0000] {dag.py:3954} INFO - Setting next_dagrun for example_setup_teardown to 2024-04-11 00:00:00+00:00, run_after=2024-04-12 00:00:00+00:00
[2024-04-12T22:00:58.037+0000] {processor.py:183} INFO - Processing /home/airflow/.local/lib/python3.12/site-packages/airflow/example_dags/example_setup_teardown.py took 0.149 seconds
[2024-04-12T22:01:28.402+0000] {processor.py:161} INFO - Started process (PID=523) to work on /home/airflow/.local/lib/python3.12/site-packages/airflow/example_dags/example_setup_teardown.py
[2024-04-12T22:01:28.403+0000] {processor.py:830} INFO - Processing file /home/airflow/.local/lib/python3.12/site-packages/airflow/example_dags/example_setup_teardown.py for tasks to queue
[2024-04-12T22:01:28.406+0000] {logging_mixin.py:188} INFO - [2024-04-12T22:01:28.406+0000] {dagbag.py:540} INFO - Filling up the DagBag from /home/airflow/.local/lib/python3.12/site-packages/airflow/example_dags/example_setup_teardown.py
[2024-04-12T22:01:28.416+0000] {processor.py:840} INFO - DAG(s) 'example_setup_teardown' retrieved from /home/airflow/.local/lib/python3.12/site-packages/airflow/example_dags/example_setup_teardown.py
[2024-04-12T22:01:28.454+0000] {logging_mixin.py:188} INFO - [2024-04-12T22:01:28.453+0000] {dag.py:3096} INFO - Sync 1 DAGs
[2024-04-12T22:01:28.499+0000] {logging_mixin.py:188} INFO - [2024-04-12T22:01:28.498+0000] {dag.py:3954} INFO - Setting next_dagrun for example_setup_teardown to 2024-04-11 00:00:00+00:00, run_after=2024-04-12 00:00:00+00:00
[2024-04-12T22:01:28.531+0000] {processor.py:183} INFO - Processing /home/airflow/.local/lib/python3.12/site-packages/airflow/example_dags/example_setup_teardown.py took 0.138 seconds
[2024-04-12T22:01:59.375+0000] {processor.py:161} INFO - Started process (PID=582) to work on /home/airflow/.local/lib/python3.12/site-packages/airflow/example_dags/example_setup_teardown.py
[2024-04-12T22:01:59.381+0000] {processor.py:830} INFO - Processing file /home/airflow/.local/lib/python3.12/site-packages/airflow/example_dags/example_setup_teardown.py for tasks to queue
[2024-04-12T22:01:59.385+0000] {logging_mixin.py:188} INFO - [2024-04-12T22:01:59.384+0000] {dagbag.py:540} INFO - Filling up the DagBag from /home/airflow/.local/lib/python3.12/site-packages/airflow/example_dags/example_setup_teardown.py
[2024-04-12T22:01:59.404+0000] {processor.py:840} INFO - DAG(s) 'example_setup_teardown' retrieved from /home/airflow/.local/lib/python3.12/site-packages/airflow/example_dags/example_setup_teardown.py
[2024-04-12T22:01:59.451+0000] {logging_mixin.py:188} INFO - [2024-04-12T22:01:59.451+0000] {dag.py:3096} INFO - Sync 1 DAGs
[2024-04-12T22:01:59.497+0000] {logging_mixin.py:188} INFO - [2024-04-12T22:01:59.497+0000] {dag.py:3954} INFO - Setting next_dagrun for example_setup_teardown to 2024-04-11 00:00:00+00:00, run_after=2024-04-12 00:00:00+00:00
[2024-04-12T22:01:59.544+0000] {processor.py:183} INFO - Processing /home/airflow/.local/lib/python3.12/site-packages/airflow/example_dags/example_setup_teardown.py took 0.182 seconds
[2024-04-12T22:02:29.684+0000] {processor.py:161} INFO - Started process (PID=641) to work on /home/airflow/.local/lib/python3.12/site-packages/airflow/example_dags/example_setup_teardown.py
[2024-04-12T22:02:29.685+0000] {processor.py:830} INFO - Processing file /home/airflow/.local/lib/python3.12/site-packages/airflow/example_dags/example_setup_teardown.py for tasks to queue
[2024-04-12T22:02:29.687+0000] {logging_mixin.py:188} INFO - [2024-04-12T22:02:29.687+0000] {dagbag.py:540} INFO - Filling up the DagBag from /home/airflow/.local/lib/python3.12/site-packages/airflow/example_dags/example_setup_teardown.py
[2024-04-12T22:02:29.695+0000] {processor.py:840} INFO - DAG(s) 'example_setup_teardown' retrieved from /home/airflow/.local/lib/python3.12/site-packages/airflow/example_dags/example_setup_teardown.py
[2024-04-12T22:02:29.716+0000] {logging_mixin.py:188} INFO - [2024-04-12T22:02:29.716+0000] {dag.py:3096} INFO - Sync 1 DAGs
[2024-04-12T22:02:29.741+0000] {logging_mixin.py:188} INFO - [2024-04-12T22:02:29.741+0000] {dag.py:3954} INFO - Setting next_dagrun for example_setup_teardown to 2024-04-11 00:00:00+00:00, run_after=2024-04-12 00:00:00+00:00
[2024-04-12T22:02:29.766+0000] {processor.py:183} INFO - Processing /home/airflow/.local/lib/python3.12/site-packages/airflow/example_dags/example_setup_teardown.py took 0.088 seconds
[2024-04-12T22:02:59.825+0000] {processor.py:161} INFO - Started process (PID=700) to work on /home/airflow/.local/lib/python3.12/site-packages/airflow/example_dags/example_setup_teardown.py
[2024-04-12T22:02:59.826+0000] {processor.py:830} INFO - Processing file /home/airflow/.local/lib/python3.12/site-packages/airflow/example_dags/example_setup_teardown.py for tasks to queue
[2024-04-12T22:02:59.830+0000] {logging_mixin.py:188} INFO - [2024-04-12T22:02:59.830+0000] {dagbag.py:540} INFO - Filling up the DagBag from /home/airflow/.local/lib/python3.12/site-packages/airflow/example_dags/example_setup_teardown.py
[2024-04-12T22:02:59.839+0000] {processor.py:840} INFO - DAG(s) 'example_setup_teardown' retrieved from /home/airflow/.local/lib/python3.12/site-packages/airflow/example_dags/example_setup_teardown.py
[2024-04-12T22:02:59.866+0000] {logging_mixin.py:188} INFO - [2024-04-12T22:02:59.866+0000] {dag.py:3096} INFO - Sync 1 DAGs
[2024-04-12T22:02:59.898+0000] {logging_mixin.py:188} INFO - [2024-04-12T22:02:59.898+0000] {dag.py:3954} INFO - Setting next_dagrun for example_setup_teardown to 2024-04-11 00:00:00+00:00, run_after=2024-04-12 00:00:00+00:00
[2024-04-12T22:02:59.920+0000] {processor.py:183} INFO - Processing /home/airflow/.local/lib/python3.12/site-packages/airflow/example_dags/example_setup_teardown.py took 0.101 seconds
[2024-04-12T22:03:30.080+0000] {processor.py:161} INFO - Started process (PID=759) to work on /home/airflow/.local/lib/python3.12/site-packages/airflow/example_dags/example_setup_teardown.py
[2024-04-12T22:03:30.081+0000] {processor.py:830} INFO - Processing file /home/airflow/.local/lib/python3.12/site-packages/airflow/example_dags/example_setup_teardown.py for tasks to queue
[2024-04-12T22:03:30.083+0000] {logging_mixin.py:188} INFO - [2024-04-12T22:03:30.083+0000] {dagbag.py:540} INFO - Filling up the DagBag from /home/airflow/.local/lib/python3.12/site-packages/airflow/example_dags/example_setup_teardown.py
[2024-04-12T22:03:30.091+0000] {processor.py:840} INFO - DAG(s) 'example_setup_teardown' retrieved from /home/airflow/.local/lib/python3.12/site-packages/airflow/example_dags/example_setup_teardown.py
[2024-04-12T22:03:30.113+0000] {logging_mixin.py:188} INFO - [2024-04-12T22:03:30.113+0000] {dag.py:3096} INFO - Sync 1 DAGs
[2024-04-12T22:03:30.144+0000] {logging_mixin.py:188} INFO - [2024-04-12T22:03:30.143+0000] {dag.py:3954} INFO - Setting next_dagrun for example_setup_teardown to 2024-04-11 00:00:00+00:00, run_after=2024-04-12 00:00:00+00:00
[2024-04-12T22:03:30.169+0000] {processor.py:183} INFO - Processing /home/airflow/.local/lib/python3.12/site-packages/airflow/example_dags/example_setup_teardown.py took 0.097 seconds
[2024-04-12T22:04:00.693+0000] {processor.py:161} INFO - Started process (PID=819) to work on /home/airflow/.local/lib/python3.12/site-packages/airflow/example_dags/example_setup_teardown.py
[2024-04-12T22:04:00.694+0000] {processor.py:830} INFO - Processing file /home/airflow/.local/lib/python3.12/site-packages/airflow/example_dags/example_setup_teardown.py for tasks to queue
[2024-04-12T22:04:00.697+0000] {logging_mixin.py:188} INFO - [2024-04-12T22:04:00.696+0000] {dagbag.py:540} INFO - Filling up the DagBag from /home/airflow/.local/lib/python3.12/site-packages/airflow/example_dags/example_setup_teardown.py
[2024-04-12T22:04:00.704+0000] {processor.py:840} INFO - DAG(s) 'example_setup_teardown' retrieved from /home/airflow/.local/lib/python3.12/site-packages/airflow/example_dags/example_setup_teardown.py
[2024-04-12T22:04:00.733+0000] {logging_mixin.py:188} INFO - [2024-04-12T22:04:00.733+0000] {dag.py:3096} INFO - Sync 1 DAGs
[2024-04-12T22:04:00.767+0000] {logging_mixin.py:188} INFO - [2024-04-12T22:04:00.767+0000] {dag.py:3954} INFO - Setting next_dagrun for example_setup_teardown to 2024-04-11 00:00:00+00:00, run_after=2024-04-12 00:00:00+00:00
[2024-04-12T22:04:00.790+0000] {processor.py:183} INFO - Processing /home/airflow/.local/lib/python3.12/site-packages/airflow/example_dags/example_setup_teardown.py took 0.103 seconds
[2024-04-12T22:04:31.863+0000] {processor.py:161} INFO - Started process (PID=878) to work on /home/airflow/.local/lib/python3.12/site-packages/airflow/example_dags/example_setup_teardown.py
[2024-04-12T22:04:31.864+0000] {processor.py:830} INFO - Processing file /home/airflow/.local/lib/python3.12/site-packages/airflow/example_dags/example_setup_teardown.py for tasks to queue
[2024-04-12T22:04:31.868+0000] {logging_mixin.py:188} INFO - [2024-04-12T22:04:31.867+0000] {dagbag.py:540} INFO - Filling up the DagBag from /home/airflow/.local/lib/python3.12/site-packages/airflow/example_dags/example_setup_teardown.py
[2024-04-12T22:04:31.879+0000] {processor.py:840} INFO - DAG(s) 'example_setup_teardown' retrieved from /home/airflow/.local/lib/python3.12/site-packages/airflow/example_dags/example_setup_teardown.py
[2024-04-12T22:04:31.925+0000] {logging_mixin.py:188} INFO - [2024-04-12T22:04:31.925+0000] {dag.py:3096} INFO - Sync 1 DAGs
[2024-04-12T22:04:31.967+0000] {logging_mixin.py:188} INFO - [2024-04-12T22:04:31.966+0000] {dag.py:3954} INFO - Setting next_dagrun for example_setup_teardown to 2024-04-11 00:00:00+00:00, run_after=2024-04-12 00:00:00+00:00
[2024-04-12T22:04:31.997+0000] {processor.py:183} INFO - Processing /home/airflow/.local/lib/python3.12/site-packages/airflow/example_dags/example_setup_teardown.py took 0.145 seconds
[2024-04-12T22:05:02.050+0000] {processor.py:161} INFO - Started process (PID=937) to work on /home/airflow/.local/lib/python3.12/site-packages/airflow/example_dags/example_setup_teardown.py
[2024-04-12T22:05:02.051+0000] {processor.py:830} INFO - Processing file /home/airflow/.local/lib/python3.12/site-packages/airflow/example_dags/example_setup_teardown.py for tasks to queue
[2024-04-12T22:05:02.054+0000] {logging_mixin.py:188} INFO - [2024-04-12T22:05:02.054+0000] {dagbag.py:540} INFO - Filling up the DagBag from /home/airflow/.local/lib/python3.12/site-packages/airflow/example_dags/example_setup_teardown.py
[2024-04-12T22:05:02.064+0000] {processor.py:840} INFO - DAG(s) 'example_setup_teardown' retrieved from /home/airflow/.local/lib/python3.12/site-packages/airflow/example_dags/example_setup_teardown.py
[2024-04-12T22:05:02.092+0000] {logging_mixin.py:188} INFO - [2024-04-12T22:05:02.091+0000] {dag.py:3096} INFO - Sync 1 DAGs
[2024-04-12T22:05:02.118+0000] {logging_mixin.py:188} INFO - [2024-04-12T22:05:02.117+0000] {dag.py:3954} INFO - Setting next_dagrun for example_setup_teardown to 2024-04-11 00:00:00+00:00, run_after=2024-04-12 00:00:00+00:00
[2024-04-12T22:05:02.142+0000] {processor.py:183} INFO - Processing /home/airflow/.local/lib/python3.12/site-packages/airflow/example_dags/example_setup_teardown.py took 0.099 seconds
[2024-04-12T22:05:32.291+0000] {processor.py:161} INFO - Started process (PID=996) to work on /home/airflow/.local/lib/python3.12/site-packages/airflow/example_dags/example_setup_teardown.py
[2024-04-12T22:05:32.293+0000] {processor.py:830} INFO - Processing file /home/airflow/.local/lib/python3.12/site-packages/airflow/example_dags/example_setup_teardown.py for tasks to queue
[2024-04-12T22:05:32.295+0000] {logging_mixin.py:188} INFO - [2024-04-12T22:05:32.294+0000] {dagbag.py:540} INFO - Filling up the DagBag from /home/airflow/.local/lib/python3.12/site-packages/airflow/example_dags/example_setup_teardown.py
[2024-04-12T22:05:32.302+0000] {processor.py:840} INFO - DAG(s) 'example_setup_teardown' retrieved from /home/airflow/.local/lib/python3.12/site-packages/airflow/example_dags/example_setup_teardown.py
[2024-04-12T22:05:32.328+0000] {logging_mixin.py:188} INFO - [2024-04-12T22:05:32.328+0000] {dag.py:3096} INFO - Sync 1 DAGs
[2024-04-12T22:05:32.359+0000] {logging_mixin.py:188} INFO - [2024-04-12T22:05:32.358+0000] {dag.py:3954} INFO - Setting next_dagrun for example_setup_teardown to 2024-04-11 00:00:00+00:00, run_after=2024-04-12 00:00:00+00:00
[2024-04-12T22:05:32.386+0000] {processor.py:183} INFO - Processing /home/airflow/.local/lib/python3.12/site-packages/airflow/example_dags/example_setup_teardown.py took 0.100 seconds
