[2024-04-12T21:14:42.398+0000] {processor.py:161} INFO - Started process (PID=84) to work on /home/airflow/.local/lib/python3.12/site-packages/airflow/example_dags/example_xcomargs.py
[2024-04-12T21:14:42.408+0000] {processor.py:830} INFO - Processing file /home/airflow/.local/lib/python3.12/site-packages/airflow/example_dags/example_xcomargs.py for tasks to queue
[2024-04-12T21:14:42.413+0000] {logging_mixin.py:188} INFO - [2024-04-12T21:14:42.412+0000] {dagbag.py:540} INFO - Filling up the DagBag from /home/airflow/.local/lib/python3.12/site-packages/airflow/example_dags/example_xcomargs.py
[2024-04-12T21:14:42.437+0000] {processor.py:840} INFO - DAG(s) 'example_xcom_args_with_operators', 'example_xcom_args' retrieved from /home/airflow/.local/lib/python3.12/site-packages/airflow/example_dags/example_xcomargs.py
[2024-04-12T21:14:42.905+0000] {logging_mixin.py:188} INFO - [2024-04-12T21:14:42.905+0000] {dag.py:3096} INFO - Sync 2 DAGs
[2024-04-12T21:14:42.968+0000] {logging_mixin.py:188} INFO - [2024-04-12T21:14:42.967+0000] {dag.py:3954} INFO - Setting next_dagrun for example_xcom_args to None, run_after=None
[2024-04-12T21:14:42.976+0000] {logging_mixin.py:188} INFO - [2024-04-12T21:14:42.975+0000] {dag.py:3954} INFO - Setting next_dagrun for example_xcom_args_with_operators to None, run_after=None
[2024-04-12T21:14:43.081+0000] {processor.py:183} INFO - Processing /home/airflow/.local/lib/python3.12/site-packages/airflow/example_dags/example_xcomargs.py took 0.693 seconds
[2024-04-12T21:15:31.219+0000] {processor.py:161} INFO - Started process (PID=142) to work on /home/airflow/.local/lib/python3.12/site-packages/airflow/example_dags/example_xcomargs.py
[2024-04-12T21:15:31.239+0000] {processor.py:830} INFO - Processing file /home/airflow/.local/lib/python3.12/site-packages/airflow/example_dags/example_xcomargs.py for tasks to queue
[2024-04-12T21:15:31.243+0000] {logging_mixin.py:188} INFO - [2024-04-12T21:15:31.242+0000] {dagbag.py:540} INFO - Filling up the DagBag from /home/airflow/.local/lib/python3.12/site-packages/airflow/example_dags/example_xcomargs.py
[2024-04-12T21:15:31.322+0000] {processor.py:840} INFO - DAG(s) 'example_xcom_args_with_operators', 'example_xcom_args' retrieved from /home/airflow/.local/lib/python3.12/site-packages/airflow/example_dags/example_xcomargs.py
[2024-04-12T21:15:31.426+0000] {logging_mixin.py:188} INFO - [2024-04-12T21:15:31.426+0000] {dag.py:3096} INFO - Sync 2 DAGs
[2024-04-12T21:15:31.485+0000] {logging_mixin.py:188} INFO - [2024-04-12T21:15:31.484+0000] {dag.py:3954} INFO - Setting next_dagrun for example_xcom_args to None, run_after=None
[2024-04-12T21:15:31.501+0000] {logging_mixin.py:188} INFO - [2024-04-12T21:15:31.501+0000] {dag.py:3954} INFO - Setting next_dagrun for example_xcom_args_with_operators to None, run_after=None
[2024-04-12T21:15:31.597+0000] {processor.py:183} INFO - Processing /home/airflow/.local/lib/python3.12/site-packages/airflow/example_dags/example_xcomargs.py took 0.424 seconds
[2024-04-12T21:16:02.086+0000] {processor.py:161} INFO - Started process (PID=201) to work on /home/airflow/.local/lib/python3.12/site-packages/airflow/example_dags/example_xcomargs.py
[2024-04-12T21:16:02.088+0000] {processor.py:830} INFO - Processing file /home/airflow/.local/lib/python3.12/site-packages/airflow/example_dags/example_xcomargs.py for tasks to queue
[2024-04-12T21:16:02.091+0000] {logging_mixin.py:188} INFO - [2024-04-12T21:16:02.091+0000] {dagbag.py:540} INFO - Filling up the DagBag from /home/airflow/.local/lib/python3.12/site-packages/airflow/example_dags/example_xcomargs.py
[2024-04-12T21:16:02.108+0000] {processor.py:840} INFO - DAG(s) 'example_xcom_args', 'example_xcom_args_with_operators' retrieved from /home/airflow/.local/lib/python3.12/site-packages/airflow/example_dags/example_xcomargs.py
[2024-04-12T21:16:02.155+0000] {logging_mixin.py:188} INFO - [2024-04-12T21:16:02.155+0000] {dag.py:3096} INFO - Sync 2 DAGs
[2024-04-12T21:16:02.190+0000] {logging_mixin.py:188} INFO - [2024-04-12T21:16:02.190+0000] {dag.py:3954} INFO - Setting next_dagrun for example_xcom_args to None, run_after=None
[2024-04-12T21:16:02.201+0000] {logging_mixin.py:188} INFO - [2024-04-12T21:16:02.201+0000] {dag.py:3954} INFO - Setting next_dagrun for example_xcom_args_with_operators to None, run_after=None
[2024-04-12T21:16:02.246+0000] {processor.py:183} INFO - Processing /home/airflow/.local/lib/python3.12/site-packages/airflow/example_dags/example_xcomargs.py took 0.172 seconds
[2024-04-12T21:16:32.439+0000] {processor.py:161} INFO - Started process (PID=259) to work on /home/airflow/.local/lib/python3.12/site-packages/airflow/example_dags/example_xcomargs.py
[2024-04-12T21:16:32.440+0000] {processor.py:830} INFO - Processing file /home/airflow/.local/lib/python3.12/site-packages/airflow/example_dags/example_xcomargs.py for tasks to queue
[2024-04-12T21:16:32.443+0000] {logging_mixin.py:188} INFO - [2024-04-12T21:16:32.442+0000] {dagbag.py:540} INFO - Filling up the DagBag from /home/airflow/.local/lib/python3.12/site-packages/airflow/example_dags/example_xcomargs.py
[2024-04-12T21:16:32.455+0000] {processor.py:840} INFO - DAG(s) 'example_xcom_args_with_operators', 'example_xcom_args' retrieved from /home/airflow/.local/lib/python3.12/site-packages/airflow/example_dags/example_xcomargs.py
[2024-04-12T21:16:32.487+0000] {logging_mixin.py:188} INFO - [2024-04-12T21:16:32.486+0000] {dag.py:3096} INFO - Sync 2 DAGs
[2024-04-12T21:16:32.510+0000] {logging_mixin.py:188} INFO - [2024-04-12T21:16:32.510+0000] {dag.py:3954} INFO - Setting next_dagrun for example_xcom_args to None, run_after=None
[2024-04-12T21:16:32.518+0000] {logging_mixin.py:188} INFO - [2024-04-12T21:16:32.518+0000] {dag.py:3954} INFO - Setting next_dagrun for example_xcom_args_with_operators to None, run_after=None
[2024-04-12T21:16:32.565+0000] {processor.py:183} INFO - Processing /home/airflow/.local/lib/python3.12/site-packages/airflow/example_dags/example_xcomargs.py took 0.135 seconds
[2024-04-12T21:17:02.703+0000] {processor.py:161} INFO - Started process (PID=316) to work on /home/airflow/.local/lib/python3.12/site-packages/airflow/example_dags/example_xcomargs.py
[2024-04-12T21:17:02.704+0000] {processor.py:830} INFO - Processing file /home/airflow/.local/lib/python3.12/site-packages/airflow/example_dags/example_xcomargs.py for tasks to queue
[2024-04-12T21:17:02.707+0000] {logging_mixin.py:188} INFO - [2024-04-12T21:17:02.706+0000] {dagbag.py:540} INFO - Filling up the DagBag from /home/airflow/.local/lib/python3.12/site-packages/airflow/example_dags/example_xcomargs.py
[2024-04-12T21:17:02.718+0000] {processor.py:840} INFO - DAG(s) 'example_xcom_args', 'example_xcom_args_with_operators' retrieved from /home/airflow/.local/lib/python3.12/site-packages/airflow/example_dags/example_xcomargs.py
[2024-04-12T21:17:02.741+0000] {logging_mixin.py:188} INFO - [2024-04-12T21:17:02.741+0000] {dag.py:3096} INFO - Sync 2 DAGs
[2024-04-12T21:17:02.757+0000] {logging_mixin.py:188} INFO - [2024-04-12T21:17:02.756+0000] {dag.py:3954} INFO - Setting next_dagrun for example_xcom_args to None, run_after=None
[2024-04-12T21:17:02.764+0000] {logging_mixin.py:188} INFO - [2024-04-12T21:17:02.763+0000] {dag.py:3954} INFO - Setting next_dagrun for example_xcom_args_with_operators to None, run_after=None
[2024-04-12T21:17:02.783+0000] {processor.py:183} INFO - Processing /home/airflow/.local/lib/python3.12/site-packages/airflow/example_dags/example_xcomargs.py took 0.087 seconds
[2024-04-12T21:17:33.687+0000] {processor.py:161} INFO - Started process (PID=374) to work on /home/airflow/.local/lib/python3.12/site-packages/airflow/example_dags/example_xcomargs.py
[2024-04-12T21:17:33.688+0000] {processor.py:830} INFO - Processing file /home/airflow/.local/lib/python3.12/site-packages/airflow/example_dags/example_xcomargs.py for tasks to queue
[2024-04-12T21:17:33.690+0000] {logging_mixin.py:188} INFO - [2024-04-12T21:17:33.690+0000] {dagbag.py:540} INFO - Filling up the DagBag from /home/airflow/.local/lib/python3.12/site-packages/airflow/example_dags/example_xcomargs.py
[2024-04-12T21:17:33.702+0000] {processor.py:840} INFO - DAG(s) 'example_xcom_args_with_operators', 'example_xcom_args' retrieved from /home/airflow/.local/lib/python3.12/site-packages/airflow/example_dags/example_xcomargs.py
[2024-04-12T21:17:33.733+0000] {logging_mixin.py:188} INFO - [2024-04-12T21:17:33.733+0000] {dag.py:3096} INFO - Sync 2 DAGs
[2024-04-12T21:17:33.755+0000] {logging_mixin.py:188} INFO - [2024-04-12T21:17:33.754+0000] {dag.py:3954} INFO - Setting next_dagrun for example_xcom_args to None, run_after=None
[2024-04-12T21:17:33.761+0000] {logging_mixin.py:188} INFO - [2024-04-12T21:17:33.760+0000] {dag.py:3954} INFO - Setting next_dagrun for example_xcom_args_with_operators to None, run_after=None
[2024-04-12T21:17:33.784+0000] {processor.py:183} INFO - Processing /home/airflow/.local/lib/python3.12/site-packages/airflow/example_dags/example_xcomargs.py took 0.103 seconds
[2024-04-12T21:18:04.373+0000] {processor.py:161} INFO - Started process (PID=432) to work on /home/airflow/.local/lib/python3.12/site-packages/airflow/example_dags/example_xcomargs.py
[2024-04-12T21:18:04.374+0000] {processor.py:830} INFO - Processing file /home/airflow/.local/lib/python3.12/site-packages/airflow/example_dags/example_xcomargs.py for tasks to queue
[2024-04-12T21:18:04.376+0000] {logging_mixin.py:188} INFO - [2024-04-12T21:18:04.376+0000] {dagbag.py:540} INFO - Filling up the DagBag from /home/airflow/.local/lib/python3.12/site-packages/airflow/example_dags/example_xcomargs.py
[2024-04-12T21:18:04.387+0000] {processor.py:840} INFO - DAG(s) 'example_xcom_args_with_operators', 'example_xcom_args' retrieved from /home/airflow/.local/lib/python3.12/site-packages/airflow/example_dags/example_xcomargs.py
[2024-04-12T21:18:04.416+0000] {logging_mixin.py:188} INFO - [2024-04-12T21:18:04.416+0000] {dag.py:3096} INFO - Sync 2 DAGs
[2024-04-12T21:18:04.435+0000] {logging_mixin.py:188} INFO - [2024-04-12T21:18:04.435+0000] {dag.py:3954} INFO - Setting next_dagrun for example_xcom_args to None, run_after=None
[2024-04-12T21:18:04.441+0000] {logging_mixin.py:188} INFO - [2024-04-12T21:18:04.441+0000] {dag.py:3954} INFO - Setting next_dagrun for example_xcom_args_with_operators to None, run_after=None
[2024-04-12T21:18:04.469+0000] {processor.py:183} INFO - Processing /home/airflow/.local/lib/python3.12/site-packages/airflow/example_dags/example_xcomargs.py took 0.106 seconds
[2024-04-12T21:18:35.139+0000] {processor.py:161} INFO - Started process (PID=489) to work on /home/airflow/.local/lib/python3.12/site-packages/airflow/example_dags/example_xcomargs.py
[2024-04-12T21:18:35.140+0000] {processor.py:830} INFO - Processing file /home/airflow/.local/lib/python3.12/site-packages/airflow/example_dags/example_xcomargs.py for tasks to queue
[2024-04-12T21:18:35.143+0000] {logging_mixin.py:188} INFO - [2024-04-12T21:18:35.143+0000] {dagbag.py:540} INFO - Filling up the DagBag from /home/airflow/.local/lib/python3.12/site-packages/airflow/example_dags/example_xcomargs.py
[2024-04-12T21:18:35.153+0000] {processor.py:840} INFO - DAG(s) 'example_xcom_args', 'example_xcom_args_with_operators' retrieved from /home/airflow/.local/lib/python3.12/site-packages/airflow/example_dags/example_xcomargs.py
[2024-04-12T21:18:35.184+0000] {logging_mixin.py:188} INFO - [2024-04-12T21:18:35.184+0000] {dag.py:3096} INFO - Sync 2 DAGs
[2024-04-12T21:18:35.200+0000] {logging_mixin.py:188} INFO - [2024-04-12T21:18:35.200+0000] {dag.py:3954} INFO - Setting next_dagrun for example_xcom_args to None, run_after=None
[2024-04-12T21:18:35.206+0000] {logging_mixin.py:188} INFO - [2024-04-12T21:18:35.205+0000] {dag.py:3954} INFO - Setting next_dagrun for example_xcom_args_with_operators to None, run_after=None
[2024-04-12T21:18:35.231+0000] {processor.py:183} INFO - Processing /home/airflow/.local/lib/python3.12/site-packages/airflow/example_dags/example_xcomargs.py took 0.099 seconds
[2024-04-12T21:19:06.056+0000] {processor.py:161} INFO - Started process (PID=547) to work on /home/airflow/.local/lib/python3.12/site-packages/airflow/example_dags/example_xcomargs.py
[2024-04-12T21:19:06.057+0000] {processor.py:830} INFO - Processing file /home/airflow/.local/lib/python3.12/site-packages/airflow/example_dags/example_xcomargs.py for tasks to queue
[2024-04-12T21:19:06.061+0000] {logging_mixin.py:188} INFO - [2024-04-12T21:19:06.060+0000] {dagbag.py:540} INFO - Filling up the DagBag from /home/airflow/.local/lib/python3.12/site-packages/airflow/example_dags/example_xcomargs.py
[2024-04-12T21:19:06.079+0000] {processor.py:840} INFO - DAG(s) 'example_xcom_args', 'example_xcom_args_with_operators' retrieved from /home/airflow/.local/lib/python3.12/site-packages/airflow/example_dags/example_xcomargs.py
[2024-04-12T21:19:06.125+0000] {logging_mixin.py:188} INFO - [2024-04-12T21:19:06.125+0000] {dag.py:3096} INFO - Sync 2 DAGs
[2024-04-12T21:19:06.154+0000] {logging_mixin.py:188} INFO - [2024-04-12T21:19:06.154+0000] {dag.py:3954} INFO - Setting next_dagrun for example_xcom_args to None, run_after=None
[2024-04-12T21:19:06.160+0000] {logging_mixin.py:188} INFO - [2024-04-12T21:19:06.160+0000] {dag.py:3954} INFO - Setting next_dagrun for example_xcom_args_with_operators to None, run_after=None
[2024-04-12T21:19:06.184+0000] {processor.py:183} INFO - Processing /home/airflow/.local/lib/python3.12/site-packages/airflow/example_dags/example_xcomargs.py took 0.139 seconds
[2024-04-12T21:19:36.376+0000] {processor.py:161} INFO - Started process (PID=606) to work on /home/airflow/.local/lib/python3.12/site-packages/airflow/example_dags/example_xcomargs.py
[2024-04-12T21:19:36.378+0000] {processor.py:830} INFO - Processing file /home/airflow/.local/lib/python3.12/site-packages/airflow/example_dags/example_xcomargs.py for tasks to queue
[2024-04-12T21:19:36.381+0000] {logging_mixin.py:188} INFO - [2024-04-12T21:19:36.380+0000] {dagbag.py:540} INFO - Filling up the DagBag from /home/airflow/.local/lib/python3.12/site-packages/airflow/example_dags/example_xcomargs.py
[2024-04-12T21:19:36.393+0000] {processor.py:840} INFO - DAG(s) 'example_xcom_args', 'example_xcom_args_with_operators' retrieved from /home/airflow/.local/lib/python3.12/site-packages/airflow/example_dags/example_xcomargs.py
[2024-04-12T21:19:36.439+0000] {logging_mixin.py:188} INFO - [2024-04-12T21:19:36.439+0000] {dag.py:3096} INFO - Sync 2 DAGs
[2024-04-12T21:19:36.461+0000] {logging_mixin.py:188} INFO - [2024-04-12T21:19:36.460+0000] {dag.py:3954} INFO - Setting next_dagrun for example_xcom_args to None, run_after=None
[2024-04-12T21:19:36.467+0000] {logging_mixin.py:188} INFO - [2024-04-12T21:19:36.467+0000] {dag.py:3954} INFO - Setting next_dagrun for example_xcom_args_with_operators to None, run_after=None
[2024-04-12T21:19:36.498+0000] {processor.py:183} INFO - Processing /home/airflow/.local/lib/python3.12/site-packages/airflow/example_dags/example_xcomargs.py took 0.131 seconds
[2024-04-12T21:20:06.680+0000] {processor.py:161} INFO - Started process (PID=664) to work on /home/airflow/.local/lib/python3.12/site-packages/airflow/example_dags/example_xcomargs.py
[2024-04-12T21:20:06.681+0000] {processor.py:830} INFO - Processing file /home/airflow/.local/lib/python3.12/site-packages/airflow/example_dags/example_xcomargs.py for tasks to queue
[2024-04-12T21:20:06.684+0000] {logging_mixin.py:188} INFO - [2024-04-12T21:20:06.683+0000] {dagbag.py:540} INFO - Filling up the DagBag from /home/airflow/.local/lib/python3.12/site-packages/airflow/example_dags/example_xcomargs.py
[2024-04-12T21:20:06.696+0000] {processor.py:840} INFO - DAG(s) 'example_xcom_args_with_operators', 'example_xcom_args' retrieved from /home/airflow/.local/lib/python3.12/site-packages/airflow/example_dags/example_xcomargs.py
[2024-04-12T21:20:06.728+0000] {logging_mixin.py:188} INFO - [2024-04-12T21:20:06.727+0000] {dag.py:3096} INFO - Sync 2 DAGs
[2024-04-12T21:20:06.744+0000] {logging_mixin.py:188} INFO - [2024-04-12T21:20:06.744+0000] {dag.py:3954} INFO - Setting next_dagrun for example_xcom_args to None, run_after=None
[2024-04-12T21:20:06.751+0000] {logging_mixin.py:188} INFO - [2024-04-12T21:20:06.750+0000] {dag.py:3954} INFO - Setting next_dagrun for example_xcom_args_with_operators to None, run_after=None
[2024-04-12T21:20:06.781+0000] {processor.py:183} INFO - Processing /home/airflow/.local/lib/python3.12/site-packages/airflow/example_dags/example_xcomargs.py took 0.110 seconds
[2024-04-12T21:20:36.943+0000] {processor.py:161} INFO - Started process (PID=722) to work on /home/airflow/.local/lib/python3.12/site-packages/airflow/example_dags/example_xcomargs.py
[2024-04-12T21:20:36.945+0000] {processor.py:830} INFO - Processing file /home/airflow/.local/lib/python3.12/site-packages/airflow/example_dags/example_xcomargs.py for tasks to queue
[2024-04-12T21:20:36.950+0000] {logging_mixin.py:188} INFO - [2024-04-12T21:20:36.949+0000] {dagbag.py:540} INFO - Filling up the DagBag from /home/airflow/.local/lib/python3.12/site-packages/airflow/example_dags/example_xcomargs.py
[2024-04-12T21:20:36.965+0000] {processor.py:840} INFO - DAG(s) 'example_xcom_args', 'example_xcom_args_with_operators' retrieved from /home/airflow/.local/lib/python3.12/site-packages/airflow/example_dags/example_xcomargs.py
[2024-04-12T21:20:37.003+0000] {logging_mixin.py:188} INFO - [2024-04-12T21:20:37.003+0000] {dag.py:3096} INFO - Sync 2 DAGs
[2024-04-12T21:20:37.035+0000] {logging_mixin.py:188} INFO - [2024-04-12T21:20:37.034+0000] {dag.py:3954} INFO - Setting next_dagrun for example_xcom_args to None, run_after=None
[2024-04-12T21:20:37.042+0000] {logging_mixin.py:188} INFO - [2024-04-12T21:20:37.041+0000] {dag.py:3954} INFO - Setting next_dagrun for example_xcom_args_with_operators to None, run_after=None
[2024-04-12T21:20:37.070+0000] {processor.py:183} INFO - Processing /home/airflow/.local/lib/python3.12/site-packages/airflow/example_dags/example_xcomargs.py took 0.134 seconds
[2024-04-12T21:21:08.208+0000] {processor.py:161} INFO - Started process (PID=781) to work on /home/airflow/.local/lib/python3.12/site-packages/airflow/example_dags/example_xcomargs.py
[2024-04-12T21:21:08.216+0000] {processor.py:830} INFO - Processing file /home/airflow/.local/lib/python3.12/site-packages/airflow/example_dags/example_xcomargs.py for tasks to queue
[2024-04-12T21:21:08.275+0000] {logging_mixin.py:188} INFO - [2024-04-12T21:21:08.274+0000] {dagbag.py:540} INFO - Filling up the DagBag from /home/airflow/.local/lib/python3.12/site-packages/airflow/example_dags/example_xcomargs.py
[2024-04-12T21:21:08.313+0000] {processor.py:840} INFO - DAG(s) 'example_xcom_args', 'example_xcom_args_with_operators' retrieved from /home/airflow/.local/lib/python3.12/site-packages/airflow/example_dags/example_xcomargs.py
[2024-04-12T21:21:08.400+0000] {logging_mixin.py:188} INFO - [2024-04-12T21:21:08.400+0000] {dag.py:3096} INFO - Sync 2 DAGs
[2024-04-12T21:21:08.464+0000] {logging_mixin.py:188} INFO - [2024-04-12T21:21:08.463+0000] {dag.py:3954} INFO - Setting next_dagrun for example_xcom_args to None, run_after=None
[2024-04-12T21:21:08.511+0000] {logging_mixin.py:188} INFO - [2024-04-12T21:21:08.510+0000] {dag.py:3954} INFO - Setting next_dagrun for example_xcom_args_with_operators to None, run_after=None
[2024-04-12T21:21:08.601+0000] {processor.py:183} INFO - Processing /home/airflow/.local/lib/python3.12/site-packages/airflow/example_dags/example_xcomargs.py took 0.414 seconds
[2024-04-12T21:21:38.996+0000] {processor.py:161} INFO - Started process (PID=839) to work on /home/airflow/.local/lib/python3.12/site-packages/airflow/example_dags/example_xcomargs.py
[2024-04-12T21:21:38.998+0000] {processor.py:830} INFO - Processing file /home/airflow/.local/lib/python3.12/site-packages/airflow/example_dags/example_xcomargs.py for tasks to queue
[2024-04-12T21:21:39.002+0000] {logging_mixin.py:188} INFO - [2024-04-12T21:21:39.001+0000] {dagbag.py:540} INFO - Filling up the DagBag from /home/airflow/.local/lib/python3.12/site-packages/airflow/example_dags/example_xcomargs.py
[2024-04-12T21:21:39.014+0000] {processor.py:840} INFO - DAG(s) 'example_xcom_args_with_operators', 'example_xcom_args' retrieved from /home/airflow/.local/lib/python3.12/site-packages/airflow/example_dags/example_xcomargs.py
[2024-04-12T21:21:39.043+0000] {logging_mixin.py:188} INFO - [2024-04-12T21:21:39.043+0000] {dag.py:3096} INFO - Sync 2 DAGs
[2024-04-12T21:21:39.063+0000] {logging_mixin.py:188} INFO - [2024-04-12T21:21:39.063+0000] {dag.py:3954} INFO - Setting next_dagrun for example_xcom_args to None, run_after=None
[2024-04-12T21:21:39.069+0000] {logging_mixin.py:188} INFO - [2024-04-12T21:21:39.068+0000] {dag.py:3954} INFO - Setting next_dagrun for example_xcom_args_with_operators to None, run_after=None
[2024-04-12T21:21:39.088+0000] {processor.py:183} INFO - Processing /home/airflow/.local/lib/python3.12/site-packages/airflow/example_dags/example_xcomargs.py took 0.103 seconds
[2024-04-12T21:22:09.808+0000] {processor.py:161} INFO - Started process (PID=897) to work on /home/airflow/.local/lib/python3.12/site-packages/airflow/example_dags/example_xcomargs.py
[2024-04-12T21:22:09.809+0000] {processor.py:830} INFO - Processing file /home/airflow/.local/lib/python3.12/site-packages/airflow/example_dags/example_xcomargs.py for tasks to queue
[2024-04-12T21:22:09.812+0000] {logging_mixin.py:188} INFO - [2024-04-12T21:22:09.811+0000] {dagbag.py:540} INFO - Filling up the DagBag from /home/airflow/.local/lib/python3.12/site-packages/airflow/example_dags/example_xcomargs.py
[2024-04-12T21:22:09.823+0000] {processor.py:840} INFO - DAG(s) 'example_xcom_args', 'example_xcom_args_with_operators' retrieved from /home/airflow/.local/lib/python3.12/site-packages/airflow/example_dags/example_xcomargs.py
[2024-04-12T21:22:09.852+0000] {logging_mixin.py:188} INFO - [2024-04-12T21:22:09.852+0000] {dag.py:3096} INFO - Sync 2 DAGs
[2024-04-12T21:22:09.896+0000] {logging_mixin.py:188} INFO - [2024-04-12T21:22:09.895+0000] {dag.py:3954} INFO - Setting next_dagrun for example_xcom_args to None, run_after=None
[2024-04-12T21:22:09.902+0000] {logging_mixin.py:188} INFO - [2024-04-12T21:22:09.902+0000] {dag.py:3954} INFO - Setting next_dagrun for example_xcom_args_with_operators to None, run_after=None
[2024-04-12T21:22:09.970+0000] {processor.py:183} INFO - Processing /home/airflow/.local/lib/python3.12/site-packages/airflow/example_dags/example_xcomargs.py took 0.169 seconds
[2024-04-12T21:22:40.453+0000] {processor.py:161} INFO - Started process (PID=955) to work on /home/airflow/.local/lib/python3.12/site-packages/airflow/example_dags/example_xcomargs.py
[2024-04-12T21:22:40.454+0000] {processor.py:830} INFO - Processing file /home/airflow/.local/lib/python3.12/site-packages/airflow/example_dags/example_xcomargs.py for tasks to queue
[2024-04-12T21:22:40.457+0000] {logging_mixin.py:188} INFO - [2024-04-12T21:22:40.456+0000] {dagbag.py:540} INFO - Filling up the DagBag from /home/airflow/.local/lib/python3.12/site-packages/airflow/example_dags/example_xcomargs.py
[2024-04-12T21:22:40.467+0000] {processor.py:840} INFO - DAG(s) 'example_xcom_args_with_operators', 'example_xcom_args' retrieved from /home/airflow/.local/lib/python3.12/site-packages/airflow/example_dags/example_xcomargs.py
[2024-04-12T21:22:40.498+0000] {logging_mixin.py:188} INFO - [2024-04-12T21:22:40.498+0000] {dag.py:3096} INFO - Sync 2 DAGs
[2024-04-12T21:22:40.515+0000] {logging_mixin.py:188} INFO - [2024-04-12T21:22:40.515+0000] {dag.py:3954} INFO - Setting next_dagrun for example_xcom_args to None, run_after=None
[2024-04-12T21:22:40.521+0000] {logging_mixin.py:188} INFO - [2024-04-12T21:22:40.520+0000] {dag.py:3954} INFO - Setting next_dagrun for example_xcom_args_with_operators to None, run_after=None
[2024-04-12T21:22:40.541+0000] {processor.py:183} INFO - Processing /home/airflow/.local/lib/python3.12/site-packages/airflow/example_dags/example_xcomargs.py took 0.098 seconds
[2024-04-12T21:23:10.707+0000] {processor.py:161} INFO - Started process (PID=1012) to work on /home/airflow/.local/lib/python3.12/site-packages/airflow/example_dags/example_xcomargs.py
[2024-04-12T21:23:10.708+0000] {processor.py:830} INFO - Processing file /home/airflow/.local/lib/python3.12/site-packages/airflow/example_dags/example_xcomargs.py for tasks to queue
[2024-04-12T21:23:10.711+0000] {logging_mixin.py:188} INFO - [2024-04-12T21:23:10.710+0000] {dagbag.py:540} INFO - Filling up the DagBag from /home/airflow/.local/lib/python3.12/site-packages/airflow/example_dags/example_xcomargs.py
[2024-04-12T21:23:10.720+0000] {processor.py:840} INFO - DAG(s) 'example_xcom_args_with_operators', 'example_xcom_args' retrieved from /home/airflow/.local/lib/python3.12/site-packages/airflow/example_dags/example_xcomargs.py
[2024-04-12T21:23:10.749+0000] {logging_mixin.py:188} INFO - [2024-04-12T21:23:10.749+0000] {dag.py:3096} INFO - Sync 2 DAGs
[2024-04-12T21:23:10.766+0000] {logging_mixin.py:188} INFO - [2024-04-12T21:23:10.766+0000] {dag.py:3954} INFO - Setting next_dagrun for example_xcom_args to None, run_after=None
[2024-04-12T21:23:10.771+0000] {logging_mixin.py:188} INFO - [2024-04-12T21:23:10.771+0000] {dag.py:3954} INFO - Setting next_dagrun for example_xcom_args_with_operators to None, run_after=None
[2024-04-12T21:23:10.791+0000] {processor.py:183} INFO - Processing /home/airflow/.local/lib/python3.12/site-packages/airflow/example_dags/example_xcomargs.py took 0.090 seconds
[2024-04-12T21:23:41.323+0000] {processor.py:161} INFO - Started process (PID=1071) to work on /home/airflow/.local/lib/python3.12/site-packages/airflow/example_dags/example_xcomargs.py
[2024-04-12T21:23:41.325+0000] {processor.py:830} INFO - Processing file /home/airflow/.local/lib/python3.12/site-packages/airflow/example_dags/example_xcomargs.py for tasks to queue
[2024-04-12T21:23:41.327+0000] {logging_mixin.py:188} INFO - [2024-04-12T21:23:41.327+0000] {dagbag.py:540} INFO - Filling up the DagBag from /home/airflow/.local/lib/python3.12/site-packages/airflow/example_dags/example_xcomargs.py
[2024-04-12T21:23:41.340+0000] {processor.py:840} INFO - DAG(s) 'example_xcom_args', 'example_xcom_args_with_operators' retrieved from /home/airflow/.local/lib/python3.12/site-packages/airflow/example_dags/example_xcomargs.py
[2024-04-12T21:23:41.367+0000] {logging_mixin.py:188} INFO - [2024-04-12T21:23:41.367+0000] {dag.py:3096} INFO - Sync 2 DAGs
[2024-04-12T21:23:41.385+0000] {logging_mixin.py:188} INFO - [2024-04-12T21:23:41.385+0000] {dag.py:3954} INFO - Setting next_dagrun for example_xcom_args to None, run_after=None
[2024-04-12T21:23:41.393+0000] {logging_mixin.py:188} INFO - [2024-04-12T21:23:41.392+0000] {dag.py:3954} INFO - Setting next_dagrun for example_xcom_args_with_operators to None, run_after=None
[2024-04-12T21:23:41.419+0000] {processor.py:183} INFO - Processing /home/airflow/.local/lib/python3.12/site-packages/airflow/example_dags/example_xcomargs.py took 0.105 seconds
[2024-04-12T21:28:04.265+0000] {processor.py:161} INFO - Started process (PID=57) to work on /home/airflow/.local/lib/python3.12/site-packages/airflow/example_dags/example_xcomargs.py
[2024-04-12T21:28:04.266+0000] {processor.py:830} INFO - Processing file /home/airflow/.local/lib/python3.12/site-packages/airflow/example_dags/example_xcomargs.py for tasks to queue
[2024-04-12T21:28:04.273+0000] {logging_mixin.py:188} INFO - [2024-04-12T21:28:04.269+0000] {dagbag.py:540} INFO - Filling up the DagBag from /home/airflow/.local/lib/python3.12/site-packages/airflow/example_dags/example_xcomargs.py
[2024-04-12T21:28:04.299+0000] {processor.py:840} INFO - DAG(s) 'example_xcom_args_with_operators', 'example_xcom_args' retrieved from /home/airflow/.local/lib/python3.12/site-packages/airflow/example_dags/example_xcomargs.py
[2024-04-12T21:28:04.659+0000] {logging_mixin.py:188} INFO - [2024-04-12T21:28:04.659+0000] {dag.py:3096} INFO - Sync 2 DAGs
[2024-04-12T21:28:04.686+0000] {logging_mixin.py:188} INFO - [2024-04-12T21:28:04.685+0000] {dag.py:3954} INFO - Setting next_dagrun for example_xcom_args to None, run_after=None
[2024-04-12T21:28:04.692+0000] {logging_mixin.py:188} INFO - [2024-04-12T21:28:04.691+0000] {dag.py:3954} INFO - Setting next_dagrun for example_xcom_args_with_operators to None, run_after=None
[2024-04-12T21:28:04.724+0000] {processor.py:183} INFO - Processing /home/airflow/.local/lib/python3.12/site-packages/airflow/example_dags/example_xcomargs.py took 0.469 seconds
[2024-04-12T21:28:35.323+0000] {processor.py:161} INFO - Started process (PID=115) to work on /home/airflow/.local/lib/python3.12/site-packages/airflow/example_dags/example_xcomargs.py
[2024-04-12T21:28:35.341+0000] {processor.py:830} INFO - Processing file /home/airflow/.local/lib/python3.12/site-packages/airflow/example_dags/example_xcomargs.py for tasks to queue
[2024-04-12T21:28:35.345+0000] {logging_mixin.py:188} INFO - [2024-04-12T21:28:35.344+0000] {dagbag.py:540} INFO - Filling up the DagBag from /home/airflow/.local/lib/python3.12/site-packages/airflow/example_dags/example_xcomargs.py
[2024-04-12T21:28:35.366+0000] {processor.py:840} INFO - DAG(s) 'example_xcom_args_with_operators', 'example_xcom_args' retrieved from /home/airflow/.local/lib/python3.12/site-packages/airflow/example_dags/example_xcomargs.py
[2024-04-12T21:28:35.445+0000] {logging_mixin.py:188} INFO - [2024-04-12T21:28:35.445+0000] {dag.py:3096} INFO - Sync 2 DAGs
[2024-04-12T21:28:35.545+0000] {logging_mixin.py:188} INFO - [2024-04-12T21:28:35.545+0000] {dag.py:3954} INFO - Setting next_dagrun for example_xcom_args to None, run_after=None
[2024-04-12T21:28:35.553+0000] {logging_mixin.py:188} INFO - [2024-04-12T21:28:35.553+0000] {dag.py:3954} INFO - Setting next_dagrun for example_xcom_args_with_operators to None, run_after=None
[2024-04-12T21:28:35.669+0000] {processor.py:183} INFO - Processing /home/airflow/.local/lib/python3.12/site-packages/airflow/example_dags/example_xcomargs.py took 0.365 seconds
[2024-04-12T21:29:06.327+0000] {processor.py:161} INFO - Started process (PID=174) to work on /home/airflow/.local/lib/python3.12/site-packages/airflow/example_dags/example_xcomargs.py
[2024-04-12T21:29:06.329+0000] {processor.py:830} INFO - Processing file /home/airflow/.local/lib/python3.12/site-packages/airflow/example_dags/example_xcomargs.py for tasks to queue
[2024-04-12T21:29:06.331+0000] {logging_mixin.py:188} INFO - [2024-04-12T21:29:06.331+0000] {dagbag.py:540} INFO - Filling up the DagBag from /home/airflow/.local/lib/python3.12/site-packages/airflow/example_dags/example_xcomargs.py
[2024-04-12T21:29:06.342+0000] {processor.py:840} INFO - DAG(s) 'example_xcom_args', 'example_xcom_args_with_operators' retrieved from /home/airflow/.local/lib/python3.12/site-packages/airflow/example_dags/example_xcomargs.py
[2024-04-12T21:29:06.370+0000] {logging_mixin.py:188} INFO - [2024-04-12T21:29:06.370+0000] {dag.py:3096} INFO - Sync 2 DAGs
[2024-04-12T21:29:06.385+0000] {logging_mixin.py:188} INFO - [2024-04-12T21:29:06.385+0000] {dag.py:3954} INFO - Setting next_dagrun for example_xcom_args to None, run_after=None
[2024-04-12T21:29:06.390+0000] {logging_mixin.py:188} INFO - [2024-04-12T21:29:06.390+0000] {dag.py:3954} INFO - Setting next_dagrun for example_xcom_args_with_operators to None, run_after=None
[2024-04-12T21:29:06.414+0000] {processor.py:183} INFO - Processing /home/airflow/.local/lib/python3.12/site-packages/airflow/example_dags/example_xcomargs.py took 0.095 seconds
[2024-04-12T21:29:36.871+0000] {processor.py:161} INFO - Started process (PID=232) to work on /home/airflow/.local/lib/python3.12/site-packages/airflow/example_dags/example_xcomargs.py
[2024-04-12T21:29:36.873+0000] {processor.py:830} INFO - Processing file /home/airflow/.local/lib/python3.12/site-packages/airflow/example_dags/example_xcomargs.py for tasks to queue
[2024-04-12T21:29:36.875+0000] {logging_mixin.py:188} INFO - [2024-04-12T21:29:36.874+0000] {dagbag.py:540} INFO - Filling up the DagBag from /home/airflow/.local/lib/python3.12/site-packages/airflow/example_dags/example_xcomargs.py
[2024-04-12T21:29:36.885+0000] {processor.py:840} INFO - DAG(s) 'example_xcom_args_with_operators', 'example_xcom_args' retrieved from /home/airflow/.local/lib/python3.12/site-packages/airflow/example_dags/example_xcomargs.py
[2024-04-12T21:29:36.913+0000] {logging_mixin.py:188} INFO - [2024-04-12T21:29:36.913+0000] {dag.py:3096} INFO - Sync 2 DAGs
[2024-04-12T21:29:36.932+0000] {logging_mixin.py:188} INFO - [2024-04-12T21:29:36.932+0000] {dag.py:3954} INFO - Setting next_dagrun for example_xcom_args to None, run_after=None
[2024-04-12T21:29:36.937+0000] {logging_mixin.py:188} INFO - [2024-04-12T21:29:36.936+0000] {dag.py:3954} INFO - Setting next_dagrun for example_xcom_args_with_operators to None, run_after=None
[2024-04-12T21:29:36.962+0000] {processor.py:183} INFO - Processing /home/airflow/.local/lib/python3.12/site-packages/airflow/example_dags/example_xcomargs.py took 0.097 seconds
[2024-04-12T21:57:23.452+0000] {processor.py:161} INFO - Started process (PID=51) to work on /home/airflow/.local/lib/python3.12/site-packages/airflow/example_dags/example_xcomargs.py
[2024-04-12T21:57:23.453+0000] {processor.py:830} INFO - Processing file /home/airflow/.local/lib/python3.12/site-packages/airflow/example_dags/example_xcomargs.py for tasks to queue
[2024-04-12T21:57:23.456+0000] {logging_mixin.py:188} INFO - [2024-04-12T21:57:23.455+0000] {dagbag.py:540} INFO - Filling up the DagBag from /home/airflow/.local/lib/python3.12/site-packages/airflow/example_dags/example_xcomargs.py
[2024-04-12T21:57:23.467+0000] {processor.py:840} INFO - DAG(s) 'example_xcom_args_with_operators', 'example_xcom_args' retrieved from /home/airflow/.local/lib/python3.12/site-packages/airflow/example_dags/example_xcomargs.py
[2024-04-12T21:57:23.621+0000] {logging_mixin.py:188} INFO - [2024-04-12T21:57:23.621+0000] {dag.py:3096} INFO - Sync 2 DAGs
[2024-04-12T21:57:23.636+0000] {logging_mixin.py:188} INFO - [2024-04-12T21:57:23.636+0000] {dag.py:3954} INFO - Setting next_dagrun for example_xcom_args to None, run_after=None
[2024-04-12T21:57:23.640+0000] {logging_mixin.py:188} INFO - [2024-04-12T21:57:23.640+0000] {dag.py:3954} INFO - Setting next_dagrun for example_xcom_args_with_operators to None, run_after=None
[2024-04-12T21:57:23.665+0000] {processor.py:183} INFO - Processing /home/airflow/.local/lib/python3.12/site-packages/airflow/example_dags/example_xcomargs.py took 0.221 seconds
[2024-04-12T21:57:55.031+0000] {processor.py:161} INFO - Started process (PID=110) to work on /home/airflow/.local/lib/python3.12/site-packages/airflow/example_dags/example_xcomargs.py
[2024-04-12T21:57:55.034+0000] {processor.py:830} INFO - Processing file /home/airflow/.local/lib/python3.12/site-packages/airflow/example_dags/example_xcomargs.py for tasks to queue
[2024-04-12T21:57:55.050+0000] {logging_mixin.py:188} INFO - [2024-04-12T21:57:55.049+0000] {dagbag.py:540} INFO - Filling up the DagBag from /home/airflow/.local/lib/python3.12/site-packages/airflow/example_dags/example_xcomargs.py
[2024-04-12T21:57:55.084+0000] {processor.py:840} INFO - DAG(s) 'example_xcom_args', 'example_xcom_args_with_operators' retrieved from /home/airflow/.local/lib/python3.12/site-packages/airflow/example_dags/example_xcomargs.py
[2024-04-12T21:57:55.180+0000] {logging_mixin.py:188} INFO - [2024-04-12T21:57:55.179+0000] {dag.py:3096} INFO - Sync 2 DAGs
[2024-04-12T21:57:55.218+0000] {logging_mixin.py:188} INFO - [2024-04-12T21:57:55.218+0000] {dag.py:3954} INFO - Setting next_dagrun for example_xcom_args to None, run_after=None
[2024-04-12T21:57:55.233+0000] {logging_mixin.py:188} INFO - [2024-04-12T21:57:55.232+0000] {dag.py:3954} INFO - Setting next_dagrun for example_xcom_args_with_operators to None, run_after=None
[2024-04-12T21:57:55.290+0000] {processor.py:183} INFO - Processing /home/airflow/.local/lib/python3.12/site-packages/airflow/example_dags/example_xcomargs.py took 0.274 seconds
[2024-04-12T21:58:25.800+0000] {processor.py:161} INFO - Started process (PID=169) to work on /home/airflow/.local/lib/python3.12/site-packages/airflow/example_dags/example_xcomargs.py
[2024-04-12T21:58:25.801+0000] {processor.py:830} INFO - Processing file /home/airflow/.local/lib/python3.12/site-packages/airflow/example_dags/example_xcomargs.py for tasks to queue
[2024-04-12T21:58:25.803+0000] {logging_mixin.py:188} INFO - [2024-04-12T21:58:25.803+0000] {dagbag.py:540} INFO - Filling up the DagBag from /home/airflow/.local/lib/python3.12/site-packages/airflow/example_dags/example_xcomargs.py
[2024-04-12T21:58:25.813+0000] {processor.py:840} INFO - DAG(s) 'example_xcom_args', 'example_xcom_args_with_operators' retrieved from /home/airflow/.local/lib/python3.12/site-packages/airflow/example_dags/example_xcomargs.py
[2024-04-12T21:58:25.844+0000] {logging_mixin.py:188} INFO - [2024-04-12T21:58:25.843+0000] {dag.py:3096} INFO - Sync 2 DAGs
[2024-04-12T21:58:25.861+0000] {logging_mixin.py:188} INFO - [2024-04-12T21:58:25.861+0000] {dag.py:3954} INFO - Setting next_dagrun for example_xcom_args to None, run_after=None
[2024-04-12T21:58:25.866+0000] {logging_mixin.py:188} INFO - [2024-04-12T21:58:25.865+0000] {dag.py:3954} INFO - Setting next_dagrun for example_xcom_args_with_operators to None, run_after=None
[2024-04-12T21:58:25.886+0000] {processor.py:183} INFO - Processing /home/airflow/.local/lib/python3.12/site-packages/airflow/example_dags/example_xcomargs.py took 0.093 seconds
[2024-04-12T21:58:56.110+0000] {processor.py:161} INFO - Started process (PID=228) to work on /home/airflow/.local/lib/python3.12/site-packages/airflow/example_dags/example_xcomargs.py
[2024-04-12T21:58:56.111+0000] {processor.py:830} INFO - Processing file /home/airflow/.local/lib/python3.12/site-packages/airflow/example_dags/example_xcomargs.py for tasks to queue
[2024-04-12T21:58:56.114+0000] {logging_mixin.py:188} INFO - [2024-04-12T21:58:56.113+0000] {dagbag.py:540} INFO - Filling up the DagBag from /home/airflow/.local/lib/python3.12/site-packages/airflow/example_dags/example_xcomargs.py
[2024-04-12T21:58:56.126+0000] {processor.py:840} INFO - DAG(s) 'example_xcom_args', 'example_xcom_args_with_operators' retrieved from /home/airflow/.local/lib/python3.12/site-packages/airflow/example_dags/example_xcomargs.py
[2024-04-12T21:58:56.157+0000] {logging_mixin.py:188} INFO - [2024-04-12T21:58:56.157+0000] {dag.py:3096} INFO - Sync 2 DAGs
[2024-04-12T21:58:56.187+0000] {logging_mixin.py:188} INFO - [2024-04-12T21:58:56.186+0000] {dag.py:3954} INFO - Setting next_dagrun for example_xcom_args to None, run_after=None
[2024-04-12T21:58:56.201+0000] {logging_mixin.py:188} INFO - [2024-04-12T21:58:56.201+0000] {dag.py:3954} INFO - Setting next_dagrun for example_xcom_args_with_operators to None, run_after=None
[2024-04-12T21:58:56.289+0000] {processor.py:183} INFO - Processing /home/airflow/.local/lib/python3.12/site-packages/airflow/example_dags/example_xcomargs.py took 0.187 seconds
[2024-04-12T21:59:26.346+0000] {processor.py:161} INFO - Started process (PID=287) to work on /home/airflow/.local/lib/python3.12/site-packages/airflow/example_dags/example_xcomargs.py
[2024-04-12T21:59:26.347+0000] {processor.py:830} INFO - Processing file /home/airflow/.local/lib/python3.12/site-packages/airflow/example_dags/example_xcomargs.py for tasks to queue
[2024-04-12T21:59:26.350+0000] {logging_mixin.py:188} INFO - [2024-04-12T21:59:26.349+0000] {dagbag.py:540} INFO - Filling up the DagBag from /home/airflow/.local/lib/python3.12/site-packages/airflow/example_dags/example_xcomargs.py
[2024-04-12T21:59:26.360+0000] {processor.py:840} INFO - DAG(s) 'example_xcom_args_with_operators', 'example_xcom_args' retrieved from /home/airflow/.local/lib/python3.12/site-packages/airflow/example_dags/example_xcomargs.py
[2024-04-12T21:59:26.391+0000] {logging_mixin.py:188} INFO - [2024-04-12T21:59:26.391+0000] {dag.py:3096} INFO - Sync 2 DAGs
[2024-04-12T21:59:26.409+0000] {logging_mixin.py:188} INFO - [2024-04-12T21:59:26.409+0000] {dag.py:3954} INFO - Setting next_dagrun for example_xcom_args to None, run_after=None
[2024-04-12T21:59:26.416+0000] {logging_mixin.py:188} INFO - [2024-04-12T21:59:26.415+0000] {dag.py:3954} INFO - Setting next_dagrun for example_xcom_args_with_operators to None, run_after=None
[2024-04-12T21:59:26.449+0000] {processor.py:183} INFO - Processing /home/airflow/.local/lib/python3.12/site-packages/airflow/example_dags/example_xcomargs.py took 0.113 seconds
[2024-04-12T21:59:57.438+0000] {processor.py:161} INFO - Started process (PID=352) to work on /home/airflow/.local/lib/python3.12/site-packages/airflow/example_dags/example_xcomargs.py
[2024-04-12T21:59:57.439+0000] {processor.py:830} INFO - Processing file /home/airflow/.local/lib/python3.12/site-packages/airflow/example_dags/example_xcomargs.py for tasks to queue
[2024-04-12T21:59:57.442+0000] {logging_mixin.py:188} INFO - [2024-04-12T21:59:57.441+0000] {dagbag.py:540} INFO - Filling up the DagBag from /home/airflow/.local/lib/python3.12/site-packages/airflow/example_dags/example_xcomargs.py
[2024-04-12T21:59:57.451+0000] {processor.py:840} INFO - DAG(s) 'example_xcom_args', 'example_xcom_args_with_operators' retrieved from /home/airflow/.local/lib/python3.12/site-packages/airflow/example_dags/example_xcomargs.py
[2024-04-12T21:59:57.480+0000] {logging_mixin.py:188} INFO - [2024-04-12T21:59:57.479+0000] {dag.py:3096} INFO - Sync 2 DAGs
[2024-04-12T21:59:57.497+0000] {logging_mixin.py:188} INFO - [2024-04-12T21:59:57.497+0000] {dag.py:3954} INFO - Setting next_dagrun for example_xcom_args to None, run_after=None
[2024-04-12T21:59:57.504+0000] {logging_mixin.py:188} INFO - [2024-04-12T21:59:57.504+0000] {dag.py:3954} INFO - Setting next_dagrun for example_xcom_args_with_operators to None, run_after=None
[2024-04-12T21:59:57.533+0000] {processor.py:183} INFO - Processing /home/airflow/.local/lib/python3.12/site-packages/airflow/example_dags/example_xcomargs.py took 0.102 seconds
[2024-04-12T22:00:27.781+0000] {processor.py:161} INFO - Started process (PID=411) to work on /home/airflow/.local/lib/python3.12/site-packages/airflow/example_dags/example_xcomargs.py
[2024-04-12T22:00:27.782+0000] {processor.py:830} INFO - Processing file /home/airflow/.local/lib/python3.12/site-packages/airflow/example_dags/example_xcomargs.py for tasks to queue
[2024-04-12T22:00:27.785+0000] {logging_mixin.py:188} INFO - [2024-04-12T22:00:27.784+0000] {dagbag.py:540} INFO - Filling up the DagBag from /home/airflow/.local/lib/python3.12/site-packages/airflow/example_dags/example_xcomargs.py
[2024-04-12T22:00:27.821+0000] {processor.py:840} INFO - DAG(s) 'example_xcom_args', 'example_xcom_args_with_operators' retrieved from /home/airflow/.local/lib/python3.12/site-packages/airflow/example_dags/example_xcomargs.py
[2024-04-12T22:00:27.882+0000] {logging_mixin.py:188} INFO - [2024-04-12T22:00:27.882+0000] {dag.py:3096} INFO - Sync 2 DAGs
[2024-04-12T22:00:27.912+0000] {logging_mixin.py:188} INFO - [2024-04-12T22:00:27.912+0000] {dag.py:3954} INFO - Setting next_dagrun for example_xcom_args to None, run_after=None
[2024-04-12T22:00:27.922+0000] {logging_mixin.py:188} INFO - [2024-04-12T22:00:27.922+0000] {dag.py:3954} INFO - Setting next_dagrun for example_xcom_args_with_operators to None, run_after=None
[2024-04-12T22:00:27.961+0000] {processor.py:183} INFO - Processing /home/airflow/.local/lib/python3.12/site-packages/airflow/example_dags/example_xcomargs.py took 0.187 seconds
[2024-04-12T22:00:58.299+0000] {processor.py:161} INFO - Started process (PID=469) to work on /home/airflow/.local/lib/python3.12/site-packages/airflow/example_dags/example_xcomargs.py
[2024-04-12T22:00:58.301+0000] {processor.py:830} INFO - Processing file /home/airflow/.local/lib/python3.12/site-packages/airflow/example_dags/example_xcomargs.py for tasks to queue
[2024-04-12T22:00:58.304+0000] {logging_mixin.py:188} INFO - [2024-04-12T22:00:58.303+0000] {dagbag.py:540} INFO - Filling up the DagBag from /home/airflow/.local/lib/python3.12/site-packages/airflow/example_dags/example_xcomargs.py
[2024-04-12T22:00:58.317+0000] {processor.py:840} INFO - DAG(s) 'example_xcom_args_with_operators', 'example_xcom_args' retrieved from /home/airflow/.local/lib/python3.12/site-packages/airflow/example_dags/example_xcomargs.py
[2024-04-12T22:00:58.350+0000] {logging_mixin.py:188} INFO - [2024-04-12T22:00:58.349+0000] {dag.py:3096} INFO - Sync 2 DAGs
[2024-04-12T22:00:58.376+0000] {logging_mixin.py:188} INFO - [2024-04-12T22:00:58.376+0000] {dag.py:3954} INFO - Setting next_dagrun for example_xcom_args to None, run_after=None
[2024-04-12T22:00:58.385+0000] {logging_mixin.py:188} INFO - [2024-04-12T22:00:58.385+0000] {dag.py:3954} INFO - Setting next_dagrun for example_xcom_args_with_operators to None, run_after=None
[2024-04-12T22:00:58.421+0000] {processor.py:183} INFO - Processing /home/airflow/.local/lib/python3.12/site-packages/airflow/example_dags/example_xcomargs.py took 0.130 seconds
[2024-04-12T22:01:28.919+0000] {processor.py:161} INFO - Started process (PID=528) to work on /home/airflow/.local/lib/python3.12/site-packages/airflow/example_dags/example_xcomargs.py
[2024-04-12T22:01:28.920+0000] {processor.py:830} INFO - Processing file /home/airflow/.local/lib/python3.12/site-packages/airflow/example_dags/example_xcomargs.py for tasks to queue
[2024-04-12T22:01:28.922+0000] {logging_mixin.py:188} INFO - [2024-04-12T22:01:28.922+0000] {dagbag.py:540} INFO - Filling up the DagBag from /home/airflow/.local/lib/python3.12/site-packages/airflow/example_dags/example_xcomargs.py
[2024-04-12T22:01:28.932+0000] {processor.py:840} INFO - DAG(s) 'example_xcom_args', 'example_xcom_args_with_operators' retrieved from /home/airflow/.local/lib/python3.12/site-packages/airflow/example_dags/example_xcomargs.py
[2024-04-12T22:01:28.960+0000] {logging_mixin.py:188} INFO - [2024-04-12T22:01:28.959+0000] {dag.py:3096} INFO - Sync 2 DAGs
[2024-04-12T22:01:28.980+0000] {logging_mixin.py:188} INFO - [2024-04-12T22:01:28.979+0000] {dag.py:3954} INFO - Setting next_dagrun for example_xcom_args to None, run_after=None
[2024-04-12T22:01:28.984+0000] {logging_mixin.py:188} INFO - [2024-04-12T22:01:28.984+0000] {dag.py:3954} INFO - Setting next_dagrun for example_xcom_args_with_operators to None, run_after=None
[2024-04-12T22:01:29.005+0000] {processor.py:183} INFO - Processing /home/airflow/.local/lib/python3.12/site-packages/airflow/example_dags/example_xcomargs.py took 0.093 seconds
[2024-04-12T22:01:59.870+0000] {processor.py:161} INFO - Started process (PID=587) to work on /home/airflow/.local/lib/python3.12/site-packages/airflow/example_dags/example_xcomargs.py
[2024-04-12T22:01:59.872+0000] {processor.py:830} INFO - Processing file /home/airflow/.local/lib/python3.12/site-packages/airflow/example_dags/example_xcomargs.py for tasks to queue
[2024-04-12T22:01:59.874+0000] {logging_mixin.py:188} INFO - [2024-04-12T22:01:59.874+0000] {dagbag.py:540} INFO - Filling up the DagBag from /home/airflow/.local/lib/python3.12/site-packages/airflow/example_dags/example_xcomargs.py
[2024-04-12T22:01:59.886+0000] {processor.py:840} INFO - DAG(s) 'example_xcom_args_with_operators', 'example_xcom_args' retrieved from /home/airflow/.local/lib/python3.12/site-packages/airflow/example_dags/example_xcomargs.py
[2024-04-12T22:01:59.920+0000] {logging_mixin.py:188} INFO - [2024-04-12T22:01:59.920+0000] {dag.py:3096} INFO - Sync 2 DAGs
[2024-04-12T22:01:59.945+0000] {logging_mixin.py:188} INFO - [2024-04-12T22:01:59.945+0000] {dag.py:3954} INFO - Setting next_dagrun for example_xcom_args to None, run_after=None
[2024-04-12T22:01:59.951+0000] {logging_mixin.py:188} INFO - [2024-04-12T22:01:59.951+0000] {dag.py:3954} INFO - Setting next_dagrun for example_xcom_args_with_operators to None, run_after=None
[2024-04-12T22:01:59.984+0000] {processor.py:183} INFO - Processing /home/airflow/.local/lib/python3.12/site-packages/airflow/example_dags/example_xcomargs.py took 0.128 seconds
[2024-04-12T22:02:30.124+0000] {processor.py:161} INFO - Started process (PID=646) to work on /home/airflow/.local/lib/python3.12/site-packages/airflow/example_dags/example_xcomargs.py
[2024-04-12T22:02:30.128+0000] {processor.py:830} INFO - Processing file /home/airflow/.local/lib/python3.12/site-packages/airflow/example_dags/example_xcomargs.py for tasks to queue
[2024-04-12T22:02:30.131+0000] {logging_mixin.py:188} INFO - [2024-04-12T22:02:30.130+0000] {dagbag.py:540} INFO - Filling up the DagBag from /home/airflow/.local/lib/python3.12/site-packages/airflow/example_dags/example_xcomargs.py
[2024-04-12T22:02:30.145+0000] {processor.py:840} INFO - DAG(s) 'example_xcom_args', 'example_xcom_args_with_operators' retrieved from /home/airflow/.local/lib/python3.12/site-packages/airflow/example_dags/example_xcomargs.py
[2024-04-12T22:02:30.181+0000] {logging_mixin.py:188} INFO - [2024-04-12T22:02:30.181+0000] {dag.py:3096} INFO - Sync 2 DAGs
[2024-04-12T22:02:30.202+0000] {logging_mixin.py:188} INFO - [2024-04-12T22:02:30.202+0000] {dag.py:3954} INFO - Setting next_dagrun for example_xcom_args to None, run_after=None
[2024-04-12T22:02:30.209+0000] {logging_mixin.py:188} INFO - [2024-04-12T22:02:30.208+0000] {dag.py:3954} INFO - Setting next_dagrun for example_xcom_args_with_operators to None, run_after=None
[2024-04-12T22:02:30.232+0000] {processor.py:183} INFO - Processing /home/airflow/.local/lib/python3.12/site-packages/airflow/example_dags/example_xcomargs.py took 0.115 seconds
[2024-04-12T22:03:00.263+0000] {processor.py:161} INFO - Started process (PID=705) to work on /home/airflow/.local/lib/python3.12/site-packages/airflow/example_dags/example_xcomargs.py
[2024-04-12T22:03:00.264+0000] {processor.py:830} INFO - Processing file /home/airflow/.local/lib/python3.12/site-packages/airflow/example_dags/example_xcomargs.py for tasks to queue
[2024-04-12T22:03:00.267+0000] {logging_mixin.py:188} INFO - [2024-04-12T22:03:00.266+0000] {dagbag.py:540} INFO - Filling up the DagBag from /home/airflow/.local/lib/python3.12/site-packages/airflow/example_dags/example_xcomargs.py
[2024-04-12T22:03:00.279+0000] {processor.py:840} INFO - DAG(s) 'example_xcom_args', 'example_xcom_args_with_operators' retrieved from /home/airflow/.local/lib/python3.12/site-packages/airflow/example_dags/example_xcomargs.py
[2024-04-12T22:03:00.313+0000] {logging_mixin.py:188} INFO - [2024-04-12T22:03:00.312+0000] {dag.py:3096} INFO - Sync 2 DAGs
[2024-04-12T22:03:00.336+0000] {logging_mixin.py:188} INFO - [2024-04-12T22:03:00.336+0000] {dag.py:3954} INFO - Setting next_dagrun for example_xcom_args to None, run_after=None
[2024-04-12T22:03:00.344+0000] {logging_mixin.py:188} INFO - [2024-04-12T22:03:00.344+0000] {dag.py:3954} INFO - Setting next_dagrun for example_xcom_args_with_operators to None, run_after=None
[2024-04-12T22:03:00.368+0000] {processor.py:183} INFO - Processing /home/airflow/.local/lib/python3.12/site-packages/airflow/example_dags/example_xcomargs.py took 0.113 seconds
[2024-04-12T22:03:30.435+0000] {processor.py:161} INFO - Started process (PID=764) to work on /home/airflow/.local/lib/python3.12/site-packages/airflow/example_dags/example_xcomargs.py
[2024-04-12T22:03:30.436+0000] {processor.py:830} INFO - Processing file /home/airflow/.local/lib/python3.12/site-packages/airflow/example_dags/example_xcomargs.py for tasks to queue
[2024-04-12T22:03:30.439+0000] {logging_mixin.py:188} INFO - [2024-04-12T22:03:30.439+0000] {dagbag.py:540} INFO - Filling up the DagBag from /home/airflow/.local/lib/python3.12/site-packages/airflow/example_dags/example_xcomargs.py
[2024-04-12T22:03:30.450+0000] {processor.py:840} INFO - DAG(s) 'example_xcom_args', 'example_xcom_args_with_operators' retrieved from /home/airflow/.local/lib/python3.12/site-packages/airflow/example_dags/example_xcomargs.py
[2024-04-12T22:03:30.477+0000] {logging_mixin.py:188} INFO - [2024-04-12T22:03:30.477+0000] {dag.py:3096} INFO - Sync 2 DAGs
[2024-04-12T22:03:30.499+0000] {logging_mixin.py:188} INFO - [2024-04-12T22:03:30.499+0000] {dag.py:3954} INFO - Setting next_dagrun for example_xcom_args to None, run_after=None
[2024-04-12T22:03:30.505+0000] {logging_mixin.py:188} INFO - [2024-04-12T22:03:30.505+0000] {dag.py:3954} INFO - Setting next_dagrun for example_xcom_args_with_operators to None, run_after=None
[2024-04-12T22:03:30.530+0000] {processor.py:183} INFO - Processing /home/airflow/.local/lib/python3.12/site-packages/airflow/example_dags/example_xcomargs.py took 0.102 seconds
[2024-04-12T22:04:01.076+0000] {processor.py:161} INFO - Started process (PID=824) to work on /home/airflow/.local/lib/python3.12/site-packages/airflow/example_dags/example_xcomargs.py
[2024-04-12T22:04:01.077+0000] {processor.py:830} INFO - Processing file /home/airflow/.local/lib/python3.12/site-packages/airflow/example_dags/example_xcomargs.py for tasks to queue
[2024-04-12T22:04:01.080+0000] {logging_mixin.py:188} INFO - [2024-04-12T22:04:01.080+0000] {dagbag.py:540} INFO - Filling up the DagBag from /home/airflow/.local/lib/python3.12/site-packages/airflow/example_dags/example_xcomargs.py
[2024-04-12T22:04:01.095+0000] {processor.py:840} INFO - DAG(s) 'example_xcom_args', 'example_xcom_args_with_operators' retrieved from /home/airflow/.local/lib/python3.12/site-packages/airflow/example_dags/example_xcomargs.py
[2024-04-12T22:04:01.153+0000] {logging_mixin.py:188} INFO - [2024-04-12T22:04:01.153+0000] {dag.py:3096} INFO - Sync 2 DAGs
[2024-04-12T22:04:01.190+0000] {logging_mixin.py:188} INFO - [2024-04-12T22:04:01.189+0000] {dag.py:3954} INFO - Setting next_dagrun for example_xcom_args to None, run_after=None
[2024-04-12T22:04:01.205+0000] {logging_mixin.py:188} INFO - [2024-04-12T22:04:01.204+0000] {dag.py:3954} INFO - Setting next_dagrun for example_xcom_args_with_operators to None, run_after=None
[2024-04-12T22:04:01.252+0000] {processor.py:183} INFO - Processing /home/airflow/.local/lib/python3.12/site-packages/airflow/example_dags/example_xcomargs.py took 0.184 seconds
[2024-04-12T22:04:32.383+0000] {processor.py:161} INFO - Started process (PID=883) to work on /home/airflow/.local/lib/python3.12/site-packages/airflow/example_dags/example_xcomargs.py
[2024-04-12T22:04:32.386+0000] {processor.py:830} INFO - Processing file /home/airflow/.local/lib/python3.12/site-packages/airflow/example_dags/example_xcomargs.py for tasks to queue
[2024-04-12T22:04:32.389+0000] {logging_mixin.py:188} INFO - [2024-04-12T22:04:32.389+0000] {dagbag.py:540} INFO - Filling up the DagBag from /home/airflow/.local/lib/python3.12/site-packages/airflow/example_dags/example_xcomargs.py
[2024-04-12T22:04:32.400+0000] {processor.py:840} INFO - DAG(s) 'example_xcom_args_with_operators', 'example_xcom_args' retrieved from /home/airflow/.local/lib/python3.12/site-packages/airflow/example_dags/example_xcomargs.py
[2024-04-12T22:04:32.435+0000] {logging_mixin.py:188} INFO - [2024-04-12T22:04:32.435+0000] {dag.py:3096} INFO - Sync 2 DAGs
[2024-04-12T22:04:32.458+0000] {logging_mixin.py:188} INFO - [2024-04-12T22:04:32.458+0000] {dag.py:3954} INFO - Setting next_dagrun for example_xcom_args to None, run_after=None
[2024-04-12T22:04:32.465+0000] {logging_mixin.py:188} INFO - [2024-04-12T22:04:32.464+0000] {dag.py:3954} INFO - Setting next_dagrun for example_xcom_args_with_operators to None, run_after=None
[2024-04-12T22:04:32.493+0000] {processor.py:183} INFO - Processing /home/airflow/.local/lib/python3.12/site-packages/airflow/example_dags/example_xcomargs.py took 0.118 seconds
[2024-04-12T22:05:02.644+0000] {processor.py:161} INFO - Started process (PID=942) to work on /home/airflow/.local/lib/python3.12/site-packages/airflow/example_dags/example_xcomargs.py
[2024-04-12T22:05:02.645+0000] {processor.py:830} INFO - Processing file /home/airflow/.local/lib/python3.12/site-packages/airflow/example_dags/example_xcomargs.py for tasks to queue
[2024-04-12T22:05:02.647+0000] {logging_mixin.py:188} INFO - [2024-04-12T22:05:02.647+0000] {dagbag.py:540} INFO - Filling up the DagBag from /home/airflow/.local/lib/python3.12/site-packages/airflow/example_dags/example_xcomargs.py
[2024-04-12T22:05:02.657+0000] {processor.py:840} INFO - DAG(s) 'example_xcom_args', 'example_xcom_args_with_operators' retrieved from /home/airflow/.local/lib/python3.12/site-packages/airflow/example_dags/example_xcomargs.py
[2024-04-12T22:05:02.686+0000] {logging_mixin.py:188} INFO - [2024-04-12T22:05:02.686+0000] {dag.py:3096} INFO - Sync 2 DAGs
[2024-04-12T22:05:02.702+0000] {logging_mixin.py:188} INFO - [2024-04-12T22:05:02.702+0000] {dag.py:3954} INFO - Setting next_dagrun for example_xcom_args to None, run_after=None
[2024-04-12T22:05:02.708+0000] {logging_mixin.py:188} INFO - [2024-04-12T22:05:02.708+0000] {dag.py:3954} INFO - Setting next_dagrun for example_xcom_args_with_operators to None, run_after=None
[2024-04-12T22:05:02.732+0000] {processor.py:183} INFO - Processing /home/airflow/.local/lib/python3.12/site-packages/airflow/example_dags/example_xcomargs.py took 0.094 seconds
[2024-04-12T22:05:32.828+0000] {processor.py:161} INFO - Started process (PID=1001) to work on /home/airflow/.local/lib/python3.12/site-packages/airflow/example_dags/example_xcomargs.py
[2024-04-12T22:05:32.829+0000] {processor.py:830} INFO - Processing file /home/airflow/.local/lib/python3.12/site-packages/airflow/example_dags/example_xcomargs.py for tasks to queue
[2024-04-12T22:05:32.832+0000] {logging_mixin.py:188} INFO - [2024-04-12T22:05:32.831+0000] {dagbag.py:540} INFO - Filling up the DagBag from /home/airflow/.local/lib/python3.12/site-packages/airflow/example_dags/example_xcomargs.py
[2024-04-12T22:05:32.843+0000] {processor.py:840} INFO - DAG(s) 'example_xcom_args', 'example_xcom_args_with_operators' retrieved from /home/airflow/.local/lib/python3.12/site-packages/airflow/example_dags/example_xcomargs.py
[2024-04-12T22:05:32.875+0000] {logging_mixin.py:188} INFO - [2024-04-12T22:05:32.874+0000] {dag.py:3096} INFO - Sync 2 DAGs
[2024-04-12T22:05:32.895+0000] {logging_mixin.py:188} INFO - [2024-04-12T22:05:32.894+0000] {dag.py:3954} INFO - Setting next_dagrun for example_xcom_args to None, run_after=None
[2024-04-12T22:05:32.901+0000] {logging_mixin.py:188} INFO - [2024-04-12T22:05:32.900+0000] {dag.py:3954} INFO - Setting next_dagrun for example_xcom_args_with_operators to None, run_after=None
[2024-04-12T22:05:32.926+0000] {processor.py:183} INFO - Processing /home/airflow/.local/lib/python3.12/site-packages/airflow/example_dags/example_xcomargs.py took 0.105 seconds
