[2024-04-12T21:14:35.692+0000] {processor.py:161} INFO - Started process (PID=65) to work on /home/airflow/.local/lib/python3.12/site-packages/airflow/example_dags/example_branch_python_dop_operator_3.py
[2024-04-12T21:14:35.701+0000] {processor.py:830} INFO - Processing file /home/airflow/.local/lib/python3.12/site-packages/airflow/example_dags/example_branch_python_dop_operator_3.py for tasks to queue
[2024-04-12T21:14:35.709+0000] {logging_mixin.py:188} INFO - [2024-04-12T21:14:35.708+0000] {dagbag.py:540} INFO - Filling up the DagBag from /home/airflow/.local/lib/python3.12/site-packages/airflow/example_dags/example_branch_python_dop_operator_3.py
[2024-04-12T21:14:35.844+0000] {processor.py:840} INFO - DAG(s) 'example_branch_dop_operator_v3' retrieved from /home/airflow/.local/lib/python3.12/site-packages/airflow/example_dags/example_branch_python_dop_operator_3.py
[2024-04-12T21:14:36.581+0000] {logging_mixin.py:188} INFO - [2024-04-12T21:14:36.581+0000] {dag.py:3096} INFO - Sync 1 DAGs
[2024-04-12T21:14:36.741+0000] {logging_mixin.py:188} INFO - [2024-04-12T21:14:36.741+0000] {dag.py:3954} INFO - Setting next_dagrun for example_branch_dop_operator_v3 to 2024-04-12 21:13:00+00:00, run_after=2024-04-12 21:14:00+00:00
[2024-04-12T21:14:36.935+0000] {processor.py:183} INFO - Processing /home/airflow/.local/lib/python3.12/site-packages/airflow/example_dags/example_branch_python_dop_operator_3.py took 1.263 seconds
[2024-04-12T21:15:28.642+0000] {processor.py:161} INFO - Started process (PID=130) to work on /home/airflow/.local/lib/python3.12/site-packages/airflow/example_dags/example_branch_python_dop_operator_3.py
[2024-04-12T21:15:28.680+0000] {processor.py:830} INFO - Processing file /home/airflow/.local/lib/python3.12/site-packages/airflow/example_dags/example_branch_python_dop_operator_3.py for tasks to queue
[2024-04-12T21:15:28.685+0000] {logging_mixin.py:188} INFO - [2024-04-12T21:15:28.685+0000] {dagbag.py:540} INFO - Filling up the DagBag from /home/airflow/.local/lib/python3.12/site-packages/airflow/example_dags/example_branch_python_dop_operator_3.py
[2024-04-12T21:15:28.736+0000] {processor.py:840} INFO - DAG(s) 'example_branch_dop_operator_v3' retrieved from /home/airflow/.local/lib/python3.12/site-packages/airflow/example_dags/example_branch_python_dop_operator_3.py
[2024-04-12T21:15:28.851+0000] {logging_mixin.py:188} INFO - [2024-04-12T21:15:28.851+0000] {dag.py:3096} INFO - Sync 1 DAGs
[2024-04-12T21:15:28.977+0000] {logging_mixin.py:188} INFO - [2024-04-12T21:15:28.977+0000] {dag.py:3954} INFO - Setting next_dagrun for example_branch_dop_operator_v3 to 2024-04-12 21:14:00+00:00, run_after=2024-04-12 21:15:00+00:00
[2024-04-12T21:15:29.112+0000] {processor.py:183} INFO - Processing /home/airflow/.local/lib/python3.12/site-packages/airflow/example_dags/example_branch_python_dop_operator_3.py took 0.494 seconds
[2024-04-12T21:16:00.292+0000] {processor.py:161} INFO - Started process (PID=189) to work on /home/airflow/.local/lib/python3.12/site-packages/airflow/example_dags/example_branch_python_dop_operator_3.py
[2024-04-12T21:16:00.302+0000] {processor.py:830} INFO - Processing file /home/airflow/.local/lib/python3.12/site-packages/airflow/example_dags/example_branch_python_dop_operator_3.py for tasks to queue
[2024-04-12T21:16:00.320+0000] {logging_mixin.py:188} INFO - [2024-04-12T21:16:00.319+0000] {dagbag.py:540} INFO - Filling up the DagBag from /home/airflow/.local/lib/python3.12/site-packages/airflow/example_dags/example_branch_python_dop_operator_3.py
[2024-04-12T21:16:00.366+0000] {processor.py:840} INFO - DAG(s) 'example_branch_dop_operator_v3' retrieved from /home/airflow/.local/lib/python3.12/site-packages/airflow/example_dags/example_branch_python_dop_operator_3.py
[2024-04-12T21:16:00.589+0000] {logging_mixin.py:188} INFO - [2024-04-12T21:16:00.588+0000] {dag.py:3096} INFO - Sync 1 DAGs
[2024-04-12T21:16:00.687+0000] {logging_mixin.py:188} INFO - [2024-04-12T21:16:00.686+0000] {dag.py:3954} INFO - Setting next_dagrun for example_branch_dop_operator_v3 to 2024-04-12 21:15:00+00:00, run_after=2024-04-12 21:16:00+00:00
[2024-04-12T21:16:00.782+0000] {processor.py:183} INFO - Processing /home/airflow/.local/lib/python3.12/site-packages/airflow/example_dags/example_branch_python_dop_operator_3.py took 0.514 seconds
[2024-04-12T21:16:30.951+0000] {processor.py:161} INFO - Started process (PID=247) to work on /home/airflow/.local/lib/python3.12/site-packages/airflow/example_dags/example_branch_python_dop_operator_3.py
[2024-04-12T21:16:30.952+0000] {processor.py:830} INFO - Processing file /home/airflow/.local/lib/python3.12/site-packages/airflow/example_dags/example_branch_python_dop_operator_3.py for tasks to queue
[2024-04-12T21:16:30.955+0000] {logging_mixin.py:188} INFO - [2024-04-12T21:16:30.955+0000] {dagbag.py:540} INFO - Filling up the DagBag from /home/airflow/.local/lib/python3.12/site-packages/airflow/example_dags/example_branch_python_dop_operator_3.py
[2024-04-12T21:16:30.966+0000] {processor.py:840} INFO - DAG(s) 'example_branch_dop_operator_v3' retrieved from /home/airflow/.local/lib/python3.12/site-packages/airflow/example_dags/example_branch_python_dop_operator_3.py
[2024-04-12T21:16:30.991+0000] {logging_mixin.py:188} INFO - [2024-04-12T21:16:30.990+0000] {dag.py:3096} INFO - Sync 1 DAGs
[2024-04-12T21:16:31.068+0000] {logging_mixin.py:188} INFO - [2024-04-12T21:16:31.068+0000] {dag.py:3954} INFO - Setting next_dagrun for example_branch_dop_operator_v3 to 2024-04-12 21:15:00+00:00, run_after=2024-04-12 21:16:00+00:00
[2024-04-12T21:16:31.121+0000] {processor.py:183} INFO - Processing /home/airflow/.local/lib/python3.12/site-packages/airflow/example_dags/example_branch_python_dop_operator_3.py took 0.178 seconds
[2024-04-12T21:17:01.286+0000] {processor.py:161} INFO - Started process (PID=302) to work on /home/airflow/.local/lib/python3.12/site-packages/airflow/example_dags/example_branch_python_dop_operator_3.py
[2024-04-12T21:17:01.288+0000] {processor.py:830} INFO - Processing file /home/airflow/.local/lib/python3.12/site-packages/airflow/example_dags/example_branch_python_dop_operator_3.py for tasks to queue
[2024-04-12T21:17:01.290+0000] {logging_mixin.py:188} INFO - [2024-04-12T21:17:01.290+0000] {dagbag.py:540} INFO - Filling up the DagBag from /home/airflow/.local/lib/python3.12/site-packages/airflow/example_dags/example_branch_python_dop_operator_3.py
[2024-04-12T21:17:01.301+0000] {processor.py:840} INFO - DAG(s) 'example_branch_dop_operator_v3' retrieved from /home/airflow/.local/lib/python3.12/site-packages/airflow/example_dags/example_branch_python_dop_operator_3.py
[2024-04-12T21:17:01.334+0000] {logging_mixin.py:188} INFO - [2024-04-12T21:17:01.334+0000] {dag.py:3096} INFO - Sync 1 DAGs
[2024-04-12T21:17:01.368+0000] {logging_mixin.py:188} INFO - [2024-04-12T21:17:01.368+0000] {dag.py:3954} INFO - Setting next_dagrun for example_branch_dop_operator_v3 to 2024-04-12 21:16:00+00:00, run_after=2024-04-12 21:17:00+00:00
[2024-04-12T21:17:01.433+0000] {processor.py:183} INFO - Processing /home/airflow/.local/lib/python3.12/site-packages/airflow/example_dags/example_branch_python_dop_operator_3.py took 0.153 seconds
[2024-04-12T21:17:32.277+0000] {processor.py:161} INFO - Started process (PID=360) to work on /home/airflow/.local/lib/python3.12/site-packages/airflow/example_dags/example_branch_python_dop_operator_3.py
[2024-04-12T21:17:32.281+0000] {processor.py:830} INFO - Processing file /home/airflow/.local/lib/python3.12/site-packages/airflow/example_dags/example_branch_python_dop_operator_3.py for tasks to queue
[2024-04-12T21:17:32.283+0000] {logging_mixin.py:188} INFO - [2024-04-12T21:17:32.283+0000] {dagbag.py:540} INFO - Filling up the DagBag from /home/airflow/.local/lib/python3.12/site-packages/airflow/example_dags/example_branch_python_dop_operator_3.py
[2024-04-12T21:17:32.294+0000] {processor.py:840} INFO - DAG(s) 'example_branch_dop_operator_v3' retrieved from /home/airflow/.local/lib/python3.12/site-packages/airflow/example_dags/example_branch_python_dop_operator_3.py
[2024-04-12T21:17:32.318+0000] {logging_mixin.py:188} INFO - [2024-04-12T21:17:32.318+0000] {dag.py:3096} INFO - Sync 1 DAGs
[2024-04-12T21:17:32.355+0000] {logging_mixin.py:188} INFO - [2024-04-12T21:17:32.354+0000] {dag.py:3954} INFO - Setting next_dagrun for example_branch_dop_operator_v3 to 2024-04-12 21:16:00+00:00, run_after=2024-04-12 21:17:00+00:00
[2024-04-12T21:17:32.380+0000] {processor.py:183} INFO - Processing /home/airflow/.local/lib/python3.12/site-packages/airflow/example_dags/example_branch_python_dop_operator_3.py took 0.118 seconds
[2024-04-12T21:18:02.773+0000] {processor.py:161} INFO - Started process (PID=418) to work on /home/airflow/.local/lib/python3.12/site-packages/airflow/example_dags/example_branch_python_dop_operator_3.py
[2024-04-12T21:18:02.775+0000] {processor.py:830} INFO - Processing file /home/airflow/.local/lib/python3.12/site-packages/airflow/example_dags/example_branch_python_dop_operator_3.py for tasks to queue
[2024-04-12T21:18:02.777+0000] {logging_mixin.py:188} INFO - [2024-04-12T21:18:02.776+0000] {dagbag.py:540} INFO - Filling up the DagBag from /home/airflow/.local/lib/python3.12/site-packages/airflow/example_dags/example_branch_python_dop_operator_3.py
[2024-04-12T21:18:02.790+0000] {processor.py:840} INFO - DAG(s) 'example_branch_dop_operator_v3' retrieved from /home/airflow/.local/lib/python3.12/site-packages/airflow/example_dags/example_branch_python_dop_operator_3.py
[2024-04-12T21:18:02.815+0000] {logging_mixin.py:188} INFO - [2024-04-12T21:18:02.815+0000] {dag.py:3096} INFO - Sync 1 DAGs
[2024-04-12T21:18:02.851+0000] {logging_mixin.py:188} INFO - [2024-04-12T21:18:02.850+0000] {dag.py:3954} INFO - Setting next_dagrun for example_branch_dop_operator_v3 to 2024-04-12 21:17:00+00:00, run_after=2024-04-12 21:18:00+00:00
[2024-04-12T21:18:02.886+0000] {processor.py:183} INFO - Processing /home/airflow/.local/lib/python3.12/site-packages/airflow/example_dags/example_branch_python_dop_operator_3.py took 0.120 seconds
[2024-04-12T21:18:33.172+0000] {processor.py:161} INFO - Started process (PID=477) to work on /home/airflow/.local/lib/python3.12/site-packages/airflow/example_dags/example_branch_python_dop_operator_3.py
[2024-04-12T21:18:33.174+0000] {processor.py:830} INFO - Processing file /home/airflow/.local/lib/python3.12/site-packages/airflow/example_dags/example_branch_python_dop_operator_3.py for tasks to queue
[2024-04-12T21:18:33.176+0000] {logging_mixin.py:188} INFO - [2024-04-12T21:18:33.176+0000] {dagbag.py:540} INFO - Filling up the DagBag from /home/airflow/.local/lib/python3.12/site-packages/airflow/example_dags/example_branch_python_dop_operator_3.py
[2024-04-12T21:18:33.185+0000] {processor.py:840} INFO - DAG(s) 'example_branch_dop_operator_v3' retrieved from /home/airflow/.local/lib/python3.12/site-packages/airflow/example_dags/example_branch_python_dop_operator_3.py
[2024-04-12T21:18:33.209+0000] {logging_mixin.py:188} INFO - [2024-04-12T21:18:33.209+0000] {dag.py:3096} INFO - Sync 1 DAGs
[2024-04-12T21:18:33.243+0000] {logging_mixin.py:188} INFO - [2024-04-12T21:18:33.243+0000] {dag.py:3954} INFO - Setting next_dagrun for example_branch_dop_operator_v3 to 2024-04-12 21:17:00+00:00, run_after=2024-04-12 21:18:00+00:00
[2024-04-12T21:18:33.268+0000] {processor.py:183} INFO - Processing /home/airflow/.local/lib/python3.12/site-packages/airflow/example_dags/example_branch_python_dop_operator_3.py took 0.104 seconds
[2024-04-12T21:19:03.798+0000] {processor.py:161} INFO - Started process (PID=535) to work on /home/airflow/.local/lib/python3.12/site-packages/airflow/example_dags/example_branch_python_dop_operator_3.py
[2024-04-12T21:19:03.799+0000] {processor.py:830} INFO - Processing file /home/airflow/.local/lib/python3.12/site-packages/airflow/example_dags/example_branch_python_dop_operator_3.py for tasks to queue
[2024-04-12T21:19:03.802+0000] {logging_mixin.py:188} INFO - [2024-04-12T21:19:03.802+0000] {dagbag.py:540} INFO - Filling up the DagBag from /home/airflow/.local/lib/python3.12/site-packages/airflow/example_dags/example_branch_python_dop_operator_3.py
[2024-04-12T21:19:03.815+0000] {processor.py:840} INFO - DAG(s) 'example_branch_dop_operator_v3' retrieved from /home/airflow/.local/lib/python3.12/site-packages/airflow/example_dags/example_branch_python_dop_operator_3.py
[2024-04-12T21:19:03.846+0000] {logging_mixin.py:188} INFO - [2024-04-12T21:19:03.845+0000] {dag.py:3096} INFO - Sync 1 DAGs
[2024-04-12T21:19:03.882+0000] {logging_mixin.py:188} INFO - [2024-04-12T21:19:03.881+0000] {dag.py:3954} INFO - Setting next_dagrun for example_branch_dop_operator_v3 to 2024-04-12 21:18:00+00:00, run_after=2024-04-12 21:19:00+00:00
[2024-04-12T21:19:03.911+0000] {processor.py:183} INFO - Processing /home/airflow/.local/lib/python3.12/site-packages/airflow/example_dags/example_branch_python_dop_operator_3.py took 0.122 seconds
[2024-04-12T21:19:34.031+0000] {processor.py:161} INFO - Started process (PID=594) to work on /home/airflow/.local/lib/python3.12/site-packages/airflow/example_dags/example_branch_python_dop_operator_3.py
[2024-04-12T21:19:34.032+0000] {processor.py:830} INFO - Processing file /home/airflow/.local/lib/python3.12/site-packages/airflow/example_dags/example_branch_python_dop_operator_3.py for tasks to queue
[2024-04-12T21:19:34.035+0000] {logging_mixin.py:188} INFO - [2024-04-12T21:19:34.035+0000] {dagbag.py:540} INFO - Filling up the DagBag from /home/airflow/.local/lib/python3.12/site-packages/airflow/example_dags/example_branch_python_dop_operator_3.py
[2024-04-12T21:19:34.048+0000] {processor.py:840} INFO - DAG(s) 'example_branch_dop_operator_v3' retrieved from /home/airflow/.local/lib/python3.12/site-packages/airflow/example_dags/example_branch_python_dop_operator_3.py
[2024-04-12T21:19:34.075+0000] {logging_mixin.py:188} INFO - [2024-04-12T21:19:34.075+0000] {dag.py:3096} INFO - Sync 1 DAGs
[2024-04-12T21:19:34.112+0000] {logging_mixin.py:188} INFO - [2024-04-12T21:19:34.112+0000] {dag.py:3954} INFO - Setting next_dagrun for example_branch_dop_operator_v3 to 2024-04-12 21:18:00+00:00, run_after=2024-04-12 21:19:00+00:00
[2024-04-12T21:19:34.141+0000] {processor.py:183} INFO - Processing /home/airflow/.local/lib/python3.12/site-packages/airflow/example_dags/example_branch_python_dop_operator_3.py took 0.116 seconds
[2024-04-12T21:20:04.637+0000] {processor.py:161} INFO - Started process (PID=652) to work on /home/airflow/.local/lib/python3.12/site-packages/airflow/example_dags/example_branch_python_dop_operator_3.py
[2024-04-12T21:20:04.639+0000] {processor.py:830} INFO - Processing file /home/airflow/.local/lib/python3.12/site-packages/airflow/example_dags/example_branch_python_dop_operator_3.py for tasks to queue
[2024-04-12T21:20:04.642+0000] {logging_mixin.py:188} INFO - [2024-04-12T21:20:04.641+0000] {dagbag.py:540} INFO - Filling up the DagBag from /home/airflow/.local/lib/python3.12/site-packages/airflow/example_dags/example_branch_python_dop_operator_3.py
[2024-04-12T21:20:04.651+0000] {processor.py:840} INFO - DAG(s) 'example_branch_dop_operator_v3' retrieved from /home/airflow/.local/lib/python3.12/site-packages/airflow/example_dags/example_branch_python_dop_operator_3.py
[2024-04-12T21:20:04.678+0000] {logging_mixin.py:188} INFO - [2024-04-12T21:20:04.677+0000] {dag.py:3096} INFO - Sync 1 DAGs
[2024-04-12T21:20:04.709+0000] {logging_mixin.py:188} INFO - [2024-04-12T21:20:04.708+0000] {dag.py:3954} INFO - Setting next_dagrun for example_branch_dop_operator_v3 to 2024-04-12 21:19:00+00:00, run_after=2024-04-12 21:20:00+00:00
[2024-04-12T21:20:04.733+0000] {processor.py:183} INFO - Processing /home/airflow/.local/lib/python3.12/site-packages/airflow/example_dags/example_branch_python_dop_operator_3.py took 0.103 seconds
[2024-04-12T21:20:34.860+0000] {processor.py:161} INFO - Started process (PID=710) to work on /home/airflow/.local/lib/python3.12/site-packages/airflow/example_dags/example_branch_python_dop_operator_3.py
[2024-04-12T21:20:34.861+0000] {processor.py:830} INFO - Processing file /home/airflow/.local/lib/python3.12/site-packages/airflow/example_dags/example_branch_python_dop_operator_3.py for tasks to queue
[2024-04-12T21:20:34.865+0000] {logging_mixin.py:188} INFO - [2024-04-12T21:20:34.864+0000] {dagbag.py:540} INFO - Filling up the DagBag from /home/airflow/.local/lib/python3.12/site-packages/airflow/example_dags/example_branch_python_dop_operator_3.py
[2024-04-12T21:20:34.875+0000] {processor.py:840} INFO - DAG(s) 'example_branch_dop_operator_v3' retrieved from /home/airflow/.local/lib/python3.12/site-packages/airflow/example_dags/example_branch_python_dop_operator_3.py
[2024-04-12T21:20:34.899+0000] {logging_mixin.py:188} INFO - [2024-04-12T21:20:34.899+0000] {dag.py:3096} INFO - Sync 1 DAGs
[2024-04-12T21:20:34.933+0000] {logging_mixin.py:188} INFO - [2024-04-12T21:20:34.933+0000] {dag.py:3954} INFO - Setting next_dagrun for example_branch_dop_operator_v3 to 2024-04-12 21:19:00+00:00, run_after=2024-04-12 21:20:00+00:00
[2024-04-12T21:20:34.959+0000] {processor.py:183} INFO - Processing /home/airflow/.local/lib/python3.12/site-packages/airflow/example_dags/example_branch_python_dop_operator_3.py took 0.105 seconds
[2024-04-12T21:21:05.499+0000] {processor.py:161} INFO - Started process (PID=769) to work on /home/airflow/.local/lib/python3.12/site-packages/airflow/example_dags/example_branch_python_dop_operator_3.py
[2024-04-12T21:21:05.501+0000] {processor.py:830} INFO - Processing file /home/airflow/.local/lib/python3.12/site-packages/airflow/example_dags/example_branch_python_dop_operator_3.py for tasks to queue
[2024-04-12T21:21:05.503+0000] {logging_mixin.py:188} INFO - [2024-04-12T21:21:05.502+0000] {dagbag.py:540} INFO - Filling up the DagBag from /home/airflow/.local/lib/python3.12/site-packages/airflow/example_dags/example_branch_python_dop_operator_3.py
[2024-04-12T21:21:05.514+0000] {processor.py:840} INFO - DAG(s) 'example_branch_dop_operator_v3' retrieved from /home/airflow/.local/lib/python3.12/site-packages/airflow/example_dags/example_branch_python_dop_operator_3.py
[2024-04-12T21:21:05.539+0000] {logging_mixin.py:188} INFO - [2024-04-12T21:21:05.539+0000] {dag.py:3096} INFO - Sync 1 DAGs
[2024-04-12T21:21:05.579+0000] {logging_mixin.py:188} INFO - [2024-04-12T21:21:05.579+0000] {dag.py:3954} INFO - Setting next_dagrun for example_branch_dop_operator_v3 to 2024-04-12 21:20:00+00:00, run_after=2024-04-12 21:21:00+00:00
[2024-04-12T21:21:05.608+0000] {processor.py:183} INFO - Processing /home/airflow/.local/lib/python3.12/site-packages/airflow/example_dags/example_branch_python_dop_operator_3.py took 0.119 seconds
[2024-04-12T21:21:35.815+0000] {processor.py:161} INFO - Started process (PID=827) to work on /home/airflow/.local/lib/python3.12/site-packages/airflow/example_dags/example_branch_python_dop_operator_3.py
[2024-04-12T21:21:35.816+0000] {processor.py:830} INFO - Processing file /home/airflow/.local/lib/python3.12/site-packages/airflow/example_dags/example_branch_python_dop_operator_3.py for tasks to queue
[2024-04-12T21:21:35.819+0000] {logging_mixin.py:188} INFO - [2024-04-12T21:21:35.818+0000] {dagbag.py:540} INFO - Filling up the DagBag from /home/airflow/.local/lib/python3.12/site-packages/airflow/example_dags/example_branch_python_dop_operator_3.py
[2024-04-12T21:21:35.828+0000] {processor.py:840} INFO - DAG(s) 'example_branch_dop_operator_v3' retrieved from /home/airflow/.local/lib/python3.12/site-packages/airflow/example_dags/example_branch_python_dop_operator_3.py
[2024-04-12T21:21:35.858+0000] {logging_mixin.py:188} INFO - [2024-04-12T21:21:35.858+0000] {dag.py:3096} INFO - Sync 1 DAGs
[2024-04-12T21:21:35.936+0000] {logging_mixin.py:188} INFO - [2024-04-12T21:21:35.936+0000] {dag.py:3954} INFO - Setting next_dagrun for example_branch_dop_operator_v3 to 2024-04-12 21:20:00+00:00, run_after=2024-04-12 21:21:00+00:00
[2024-04-12T21:21:36.010+0000] {processor.py:183} INFO - Processing /home/airflow/.local/lib/python3.12/site-packages/airflow/example_dags/example_branch_python_dop_operator_3.py took 0.205 seconds
[2024-04-12T21:22:06.258+0000] {processor.py:161} INFO - Started process (PID=885) to work on /home/airflow/.local/lib/python3.12/site-packages/airflow/example_dags/example_branch_python_dop_operator_3.py
[2024-04-12T21:22:06.259+0000] {processor.py:830} INFO - Processing file /home/airflow/.local/lib/python3.12/site-packages/airflow/example_dags/example_branch_python_dop_operator_3.py for tasks to queue
[2024-04-12T21:22:06.262+0000] {logging_mixin.py:188} INFO - [2024-04-12T21:22:06.261+0000] {dagbag.py:540} INFO - Filling up the DagBag from /home/airflow/.local/lib/python3.12/site-packages/airflow/example_dags/example_branch_python_dop_operator_3.py
[2024-04-12T21:22:06.271+0000] {processor.py:840} INFO - DAG(s) 'example_branch_dop_operator_v3' retrieved from /home/airflow/.local/lib/python3.12/site-packages/airflow/example_dags/example_branch_python_dop_operator_3.py
[2024-04-12T21:22:06.294+0000] {logging_mixin.py:188} INFO - [2024-04-12T21:22:06.294+0000] {dag.py:3096} INFO - Sync 1 DAGs
[2024-04-12T21:22:06.327+0000] {logging_mixin.py:188} INFO - [2024-04-12T21:22:06.326+0000] {dag.py:3954} INFO - Setting next_dagrun for example_branch_dop_operator_v3 to 2024-04-12 21:21:00+00:00, run_after=2024-04-12 21:22:00+00:00
[2024-04-12T21:22:06.354+0000] {processor.py:183} INFO - Processing /home/airflow/.local/lib/python3.12/site-packages/airflow/example_dags/example_branch_python_dop_operator_3.py took 0.102 seconds
[2024-04-12T21:22:36.566+0000] {processor.py:161} INFO - Started process (PID=943) to work on /home/airflow/.local/lib/python3.12/site-packages/airflow/example_dags/example_branch_python_dop_operator_3.py
[2024-04-12T21:22:36.567+0000] {processor.py:830} INFO - Processing file /home/airflow/.local/lib/python3.12/site-packages/airflow/example_dags/example_branch_python_dop_operator_3.py for tasks to queue
[2024-04-12T21:22:36.570+0000] {logging_mixin.py:188} INFO - [2024-04-12T21:22:36.569+0000] {dagbag.py:540} INFO - Filling up the DagBag from /home/airflow/.local/lib/python3.12/site-packages/airflow/example_dags/example_branch_python_dop_operator_3.py
[2024-04-12T21:22:36.581+0000] {processor.py:840} INFO - DAG(s) 'example_branch_dop_operator_v3' retrieved from /home/airflow/.local/lib/python3.12/site-packages/airflow/example_dags/example_branch_python_dop_operator_3.py
[2024-04-12T21:22:36.605+0000] {logging_mixin.py:188} INFO - [2024-04-12T21:22:36.605+0000] {dag.py:3096} INFO - Sync 1 DAGs
[2024-04-12T21:22:36.640+0000] {logging_mixin.py:188} INFO - [2024-04-12T21:22:36.639+0000] {dag.py:3954} INFO - Setting next_dagrun for example_branch_dop_operator_v3 to 2024-04-12 21:21:00+00:00, run_after=2024-04-12 21:22:00+00:00
[2024-04-12T21:22:36.670+0000] {processor.py:183} INFO - Processing /home/airflow/.local/lib/python3.12/site-packages/airflow/example_dags/example_branch_python_dop_operator_3.py took 0.112 seconds
[2024-04-12T21:23:06.745+0000] {processor.py:161} INFO - Started process (PID=999) to work on /home/airflow/.local/lib/python3.12/site-packages/airflow/example_dags/example_branch_python_dop_operator_3.py
[2024-04-12T21:23:06.746+0000] {processor.py:830} INFO - Processing file /home/airflow/.local/lib/python3.12/site-packages/airflow/example_dags/example_branch_python_dop_operator_3.py for tasks to queue
[2024-04-12T21:23:06.748+0000] {logging_mixin.py:188} INFO - [2024-04-12T21:23:06.748+0000] {dagbag.py:540} INFO - Filling up the DagBag from /home/airflow/.local/lib/python3.12/site-packages/airflow/example_dags/example_branch_python_dop_operator_3.py
[2024-04-12T21:23:06.758+0000] {processor.py:840} INFO - DAG(s) 'example_branch_dop_operator_v3' retrieved from /home/airflow/.local/lib/python3.12/site-packages/airflow/example_dags/example_branch_python_dop_operator_3.py
[2024-04-12T21:23:06.781+0000] {logging_mixin.py:188} INFO - [2024-04-12T21:23:06.780+0000] {dag.py:3096} INFO - Sync 1 DAGs
[2024-04-12T21:23:06.809+0000] {logging_mixin.py:188} INFO - [2024-04-12T21:23:06.809+0000] {dag.py:3954} INFO - Setting next_dagrun for example_branch_dop_operator_v3 to 2024-04-12 21:22:00+00:00, run_after=2024-04-12 21:23:00+00:00
[2024-04-12T21:23:06.838+0000] {processor.py:183} INFO - Processing /home/airflow/.local/lib/python3.12/site-packages/airflow/example_dags/example_branch_python_dop_operator_3.py took 0.099 seconds
[2024-04-12T21:23:37.304+0000] {processor.py:161} INFO - Started process (PID=1059) to work on /home/airflow/.local/lib/python3.12/site-packages/airflow/example_dags/example_branch_python_dop_operator_3.py
[2024-04-12T21:23:37.306+0000] {processor.py:830} INFO - Processing file /home/airflow/.local/lib/python3.12/site-packages/airflow/example_dags/example_branch_python_dop_operator_3.py for tasks to queue
[2024-04-12T21:23:37.311+0000] {logging_mixin.py:188} INFO - [2024-04-12T21:23:37.310+0000] {dagbag.py:540} INFO - Filling up the DagBag from /home/airflow/.local/lib/python3.12/site-packages/airflow/example_dags/example_branch_python_dop_operator_3.py
[2024-04-12T21:23:37.330+0000] {processor.py:840} INFO - DAG(s) 'example_branch_dop_operator_v3' retrieved from /home/airflow/.local/lib/python3.12/site-packages/airflow/example_dags/example_branch_python_dop_operator_3.py
[2024-04-12T21:23:37.367+0000] {logging_mixin.py:188} INFO - [2024-04-12T21:23:37.367+0000] {dag.py:3096} INFO - Sync 1 DAGs
[2024-04-12T21:23:37.416+0000] {logging_mixin.py:188} INFO - [2024-04-12T21:23:37.416+0000] {dag.py:3954} INFO - Setting next_dagrun for example_branch_dop_operator_v3 to 2024-04-12 21:22:00+00:00, run_after=2024-04-12 21:23:00+00:00
[2024-04-12T21:23:37.468+0000] {processor.py:183} INFO - Processing /home/airflow/.local/lib/python3.12/site-packages/airflow/example_dags/example_branch_python_dop_operator_3.py took 0.174 seconds
[2024-04-12T21:28:00.542+0000] {processor.py:161} INFO - Started process (PID=45) to work on /home/airflow/.local/lib/python3.12/site-packages/airflow/example_dags/example_branch_python_dop_operator_3.py
[2024-04-12T21:28:00.544+0000] {processor.py:830} INFO - Processing file /home/airflow/.local/lib/python3.12/site-packages/airflow/example_dags/example_branch_python_dop_operator_3.py for tasks to queue
[2024-04-12T21:28:00.547+0000] {logging_mixin.py:188} INFO - [2024-04-12T21:28:00.546+0000] {dagbag.py:540} INFO - Filling up the DagBag from /home/airflow/.local/lib/python3.12/site-packages/airflow/example_dags/example_branch_python_dop_operator_3.py
[2024-04-12T21:28:00.598+0000] {processor.py:840} INFO - DAG(s) 'example_branch_dop_operator_v3' retrieved from /home/airflow/.local/lib/python3.12/site-packages/airflow/example_dags/example_branch_python_dop_operator_3.py
[2024-04-12T21:28:01.203+0000] {logging_mixin.py:188} INFO - [2024-04-12T21:28:01.203+0000] {dag.py:3096} INFO - Sync 1 DAGs
[2024-04-12T21:28:01.319+0000] {logging_mixin.py:188} INFO - [2024-04-12T21:28:01.318+0000] {dag.py:3954} INFO - Setting next_dagrun for example_branch_dop_operator_v3 to 2024-04-12 21:27:00+00:00, run_after=2024-04-12 21:28:00+00:00
[2024-04-12T21:28:01.386+0000] {processor.py:183} INFO - Processing /home/airflow/.local/lib/python3.12/site-packages/airflow/example_dags/example_branch_python_dop_operator_3.py took 0.863 seconds
[2024-04-12T21:28:31.468+0000] {processor.py:161} INFO - Started process (PID=102) to work on /home/airflow/.local/lib/python3.12/site-packages/airflow/example_dags/example_branch_python_dop_operator_3.py
[2024-04-12T21:28:31.471+0000] {processor.py:830} INFO - Processing file /home/airflow/.local/lib/python3.12/site-packages/airflow/example_dags/example_branch_python_dop_operator_3.py for tasks to queue
[2024-04-12T21:28:31.475+0000] {logging_mixin.py:188} INFO - [2024-04-12T21:28:31.474+0000] {dagbag.py:540} INFO - Filling up the DagBag from /home/airflow/.local/lib/python3.12/site-packages/airflow/example_dags/example_branch_python_dop_operator_3.py
[2024-04-12T21:28:31.497+0000] {processor.py:840} INFO - DAG(s) 'example_branch_dop_operator_v3' retrieved from /home/airflow/.local/lib/python3.12/site-packages/airflow/example_dags/example_branch_python_dop_operator_3.py
[2024-04-12T21:28:31.532+0000] {logging_mixin.py:188} INFO - [2024-04-12T21:28:31.531+0000] {dag.py:3096} INFO - Sync 1 DAGs
[2024-04-12T21:28:31.575+0000] {logging_mixin.py:188} INFO - [2024-04-12T21:28:31.575+0000] {dag.py:3954} INFO - Setting next_dagrun for example_branch_dop_operator_v3 to 2024-04-12 21:27:00+00:00, run_after=2024-04-12 21:28:00+00:00
[2024-04-12T21:28:31.609+0000] {processor.py:183} INFO - Processing /home/airflow/.local/lib/python3.12/site-packages/airflow/example_dags/example_branch_python_dop_operator_3.py took 0.157 seconds
[2024-04-12T21:29:02.488+0000] {processor.py:161} INFO - Started process (PID=161) to work on /home/airflow/.local/lib/python3.12/site-packages/airflow/example_dags/example_branch_python_dop_operator_3.py
[2024-04-12T21:29:02.490+0000] {processor.py:830} INFO - Processing file /home/airflow/.local/lib/python3.12/site-packages/airflow/example_dags/example_branch_python_dop_operator_3.py for tasks to queue
[2024-04-12T21:29:02.493+0000] {logging_mixin.py:188} INFO - [2024-04-12T21:29:02.492+0000] {dagbag.py:540} INFO - Filling up the DagBag from /home/airflow/.local/lib/python3.12/site-packages/airflow/example_dags/example_branch_python_dop_operator_3.py
[2024-04-12T21:29:02.504+0000] {processor.py:840} INFO - DAG(s) 'example_branch_dop_operator_v3' retrieved from /home/airflow/.local/lib/python3.12/site-packages/airflow/example_dags/example_branch_python_dop_operator_3.py
[2024-04-12T21:29:02.528+0000] {logging_mixin.py:188} INFO - [2024-04-12T21:29:02.528+0000] {dag.py:3096} INFO - Sync 1 DAGs
[2024-04-12T21:29:02.557+0000] {logging_mixin.py:188} INFO - [2024-04-12T21:29:02.557+0000] {dag.py:3954} INFO - Setting next_dagrun for example_branch_dop_operator_v3 to 2024-04-12 21:28:00+00:00, run_after=2024-04-12 21:29:00+00:00
[2024-04-12T21:29:02.580+0000] {processor.py:183} INFO - Processing /home/airflow/.local/lib/python3.12/site-packages/airflow/example_dags/example_branch_python_dop_operator_3.py took 0.097 seconds
[2024-04-12T21:29:32.769+0000] {processor.py:161} INFO - Started process (PID=219) to work on /home/airflow/.local/lib/python3.12/site-packages/airflow/example_dags/example_branch_python_dop_operator_3.py
[2024-04-12T21:29:32.770+0000] {processor.py:830} INFO - Processing file /home/airflow/.local/lib/python3.12/site-packages/airflow/example_dags/example_branch_python_dop_operator_3.py for tasks to queue
[2024-04-12T21:29:32.772+0000] {logging_mixin.py:188} INFO - [2024-04-12T21:29:32.772+0000] {dagbag.py:540} INFO - Filling up the DagBag from /home/airflow/.local/lib/python3.12/site-packages/airflow/example_dags/example_branch_python_dop_operator_3.py
[2024-04-12T21:29:32.784+0000] {processor.py:840} INFO - DAG(s) 'example_branch_dop_operator_v3' retrieved from /home/airflow/.local/lib/python3.12/site-packages/airflow/example_dags/example_branch_python_dop_operator_3.py
[2024-04-12T21:29:32.811+0000] {logging_mixin.py:188} INFO - [2024-04-12T21:29:32.811+0000] {dag.py:3096} INFO - Sync 1 DAGs
[2024-04-12T21:29:32.851+0000] {logging_mixin.py:188} INFO - [2024-04-12T21:29:32.850+0000] {dag.py:3954} INFO - Setting next_dagrun for example_branch_dop_operator_v3 to 2024-04-12 21:28:00+00:00, run_after=2024-04-12 21:29:00+00:00
[2024-04-12T21:29:32.878+0000] {processor.py:183} INFO - Processing /home/airflow/.local/lib/python3.12/site-packages/airflow/example_dags/example_branch_python_dop_operator_3.py took 0.117 seconds
[2024-04-12T21:57:21.573+0000] {processor.py:161} INFO - Started process (PID=39) to work on /home/airflow/.local/lib/python3.12/site-packages/airflow/example_dags/example_branch_python_dop_operator_3.py
[2024-04-12T21:57:21.576+0000] {processor.py:830} INFO - Processing file /home/airflow/.local/lib/python3.12/site-packages/airflow/example_dags/example_branch_python_dop_operator_3.py for tasks to queue
[2024-04-12T21:57:21.579+0000] {logging_mixin.py:188} INFO - [2024-04-12T21:57:21.578+0000] {dagbag.py:540} INFO - Filling up the DagBag from /home/airflow/.local/lib/python3.12/site-packages/airflow/example_dags/example_branch_python_dop_operator_3.py
[2024-04-12T21:57:21.597+0000] {processor.py:840} INFO - DAG(s) 'example_branch_dop_operator_v3' retrieved from /home/airflow/.local/lib/python3.12/site-packages/airflow/example_dags/example_branch_python_dop_operator_3.py
[2024-04-12T21:57:21.887+0000] {logging_mixin.py:188} INFO - [2024-04-12T21:57:21.887+0000] {dag.py:3096} INFO - Sync 1 DAGs
[2024-04-12T21:57:21.938+0000] {logging_mixin.py:188} INFO - [2024-04-12T21:57:21.938+0000] {dag.py:3954} INFO - Setting next_dagrun for example_branch_dop_operator_v3 to 2024-04-12 21:56:00+00:00, run_after=2024-04-12 21:57:00+00:00
[2024-04-12T21:57:21.984+0000] {processor.py:183} INFO - Processing /home/airflow/.local/lib/python3.12/site-packages/airflow/example_dags/example_branch_python_dop_operator_3.py took 0.420 seconds
[2024-04-12T21:57:52.164+0000] {processor.py:161} INFO - Started process (PID=98) to work on /home/airflow/.local/lib/python3.12/site-packages/airflow/example_dags/example_branch_python_dop_operator_3.py
[2024-04-12T21:57:52.172+0000] {processor.py:830} INFO - Processing file /home/airflow/.local/lib/python3.12/site-packages/airflow/example_dags/example_branch_python_dop_operator_3.py for tasks to queue
[2024-04-12T21:57:52.199+0000] {logging_mixin.py:188} INFO - [2024-04-12T21:57:52.191+0000] {dagbag.py:540} INFO - Filling up the DagBag from /home/airflow/.local/lib/python3.12/site-packages/airflow/example_dags/example_branch_python_dop_operator_3.py
[2024-04-12T21:57:52.241+0000] {processor.py:840} INFO - DAG(s) 'example_branch_dop_operator_v3' retrieved from /home/airflow/.local/lib/python3.12/site-packages/airflow/example_dags/example_branch_python_dop_operator_3.py
[2024-04-12T21:57:52.330+0000] {logging_mixin.py:188} INFO - [2024-04-12T21:57:52.330+0000] {dag.py:3096} INFO - Sync 1 DAGs
[2024-04-12T21:57:52.458+0000] {logging_mixin.py:188} INFO - [2024-04-12T21:57:52.458+0000] {dag.py:3954} INFO - Setting next_dagrun for example_branch_dop_operator_v3 to 2024-04-12 21:56:00+00:00, run_after=2024-04-12 21:57:00+00:00
[2024-04-12T21:57:52.599+0000] {processor.py:183} INFO - Processing /home/airflow/.local/lib/python3.12/site-packages/airflow/example_dags/example_branch_python_dop_operator_3.py took 0.456 seconds
[2024-04-12T21:58:23.341+0000] {processor.py:161} INFO - Started process (PID=157) to work on /home/airflow/.local/lib/python3.12/site-packages/airflow/example_dags/example_branch_python_dop_operator_3.py
[2024-04-12T21:58:23.342+0000] {processor.py:830} INFO - Processing file /home/airflow/.local/lib/python3.12/site-packages/airflow/example_dags/example_branch_python_dop_operator_3.py for tasks to queue
[2024-04-12T21:58:23.345+0000] {logging_mixin.py:188} INFO - [2024-04-12T21:58:23.344+0000] {dagbag.py:540} INFO - Filling up the DagBag from /home/airflow/.local/lib/python3.12/site-packages/airflow/example_dags/example_branch_python_dop_operator_3.py
[2024-04-12T21:58:23.360+0000] {processor.py:840} INFO - DAG(s) 'example_branch_dop_operator_v3' retrieved from /home/airflow/.local/lib/python3.12/site-packages/airflow/example_dags/example_branch_python_dop_operator_3.py
[2024-04-12T21:58:23.388+0000] {logging_mixin.py:188} INFO - [2024-04-12T21:58:23.388+0000] {dag.py:3096} INFO - Sync 1 DAGs
[2024-04-12T21:58:23.420+0000] {logging_mixin.py:188} INFO - [2024-04-12T21:58:23.419+0000] {dag.py:3954} INFO - Setting next_dagrun for example_branch_dop_operator_v3 to 2024-04-12 21:57:00+00:00, run_after=2024-04-12 21:58:00+00:00
[2024-04-12T21:58:23.446+0000] {processor.py:183} INFO - Processing /home/airflow/.local/lib/python3.12/site-packages/airflow/example_dags/example_branch_python_dop_operator_3.py took 0.114 seconds
[2024-04-12T21:58:54.039+0000] {processor.py:161} INFO - Started process (PID=216) to work on /home/airflow/.local/lib/python3.12/site-packages/airflow/example_dags/example_branch_python_dop_operator_3.py
[2024-04-12T21:58:54.041+0000] {processor.py:830} INFO - Processing file /home/airflow/.local/lib/python3.12/site-packages/airflow/example_dags/example_branch_python_dop_operator_3.py for tasks to queue
[2024-04-12T21:58:54.046+0000] {logging_mixin.py:188} INFO - [2024-04-12T21:58:54.045+0000] {dagbag.py:540} INFO - Filling up the DagBag from /home/airflow/.local/lib/python3.12/site-packages/airflow/example_dags/example_branch_python_dop_operator_3.py
[2024-04-12T21:58:54.066+0000] {processor.py:840} INFO - DAG(s) 'example_branch_dop_operator_v3' retrieved from /home/airflow/.local/lib/python3.12/site-packages/airflow/example_dags/example_branch_python_dop_operator_3.py
[2024-04-12T21:58:54.128+0000] {logging_mixin.py:188} INFO - [2024-04-12T21:58:54.127+0000] {dag.py:3096} INFO - Sync 1 DAGs
[2024-04-12T21:58:54.192+0000] {logging_mixin.py:188} INFO - [2024-04-12T21:58:54.192+0000] {dag.py:3954} INFO - Setting next_dagrun for example_branch_dop_operator_v3 to 2024-04-12 21:57:00+00:00, run_after=2024-04-12 21:58:00+00:00
[2024-04-12T21:58:54.229+0000] {processor.py:183} INFO - Processing /home/airflow/.local/lib/python3.12/site-packages/airflow/example_dags/example_branch_python_dop_operator_3.py took 0.202 seconds
[2024-04-12T21:59:25.160+0000] {processor.py:161} INFO - Started process (PID=275) to work on /home/airflow/.local/lib/python3.12/site-packages/airflow/example_dags/example_branch_python_dop_operator_3.py
[2024-04-12T21:59:25.161+0000] {processor.py:830} INFO - Processing file /home/airflow/.local/lib/python3.12/site-packages/airflow/example_dags/example_branch_python_dop_operator_3.py for tasks to queue
[2024-04-12T21:59:25.164+0000] {logging_mixin.py:188} INFO - [2024-04-12T21:59:25.163+0000] {dagbag.py:540} INFO - Filling up the DagBag from /home/airflow/.local/lib/python3.12/site-packages/airflow/example_dags/example_branch_python_dop_operator_3.py
[2024-04-12T21:59:25.176+0000] {processor.py:840} INFO - DAG(s) 'example_branch_dop_operator_v3' retrieved from /home/airflow/.local/lib/python3.12/site-packages/airflow/example_dags/example_branch_python_dop_operator_3.py
[2024-04-12T21:59:25.218+0000] {logging_mixin.py:188} INFO - [2024-04-12T21:59:25.218+0000] {dag.py:3096} INFO - Sync 1 DAGs
[2024-04-12T21:59:25.252+0000] {logging_mixin.py:188} INFO - [2024-04-12T21:59:25.252+0000] {dag.py:3954} INFO - Setting next_dagrun for example_branch_dop_operator_v3 to 2024-04-12 21:58:00+00:00, run_after=2024-04-12 21:59:00+00:00
[2024-04-12T21:59:25.278+0000] {processor.py:183} INFO - Processing /home/airflow/.local/lib/python3.12/site-packages/airflow/example_dags/example_branch_python_dop_operator_3.py took 0.126 seconds
[2024-04-12T21:59:55.475+0000] {processor.py:161} INFO - Started process (PID=334) to work on /home/airflow/.local/lib/python3.12/site-packages/airflow/example_dags/example_branch_python_dop_operator_3.py
[2024-04-12T21:59:55.476+0000] {processor.py:830} INFO - Processing file /home/airflow/.local/lib/python3.12/site-packages/airflow/example_dags/example_branch_python_dop_operator_3.py for tasks to queue
[2024-04-12T21:59:55.479+0000] {logging_mixin.py:188} INFO - [2024-04-12T21:59:55.478+0000] {dagbag.py:540} INFO - Filling up the DagBag from /home/airflow/.local/lib/python3.12/site-packages/airflow/example_dags/example_branch_python_dop_operator_3.py
[2024-04-12T21:59:55.494+0000] {processor.py:840} INFO - DAG(s) 'example_branch_dop_operator_v3' retrieved from /home/airflow/.local/lib/python3.12/site-packages/airflow/example_dags/example_branch_python_dop_operator_3.py
[2024-04-12T21:59:55.529+0000] {logging_mixin.py:188} INFO - [2024-04-12T21:59:55.529+0000] {dag.py:3096} INFO - Sync 1 DAGs
[2024-04-12T21:59:55.574+0000] {logging_mixin.py:188} INFO - [2024-04-12T21:59:55.573+0000] {dag.py:3954} INFO - Setting next_dagrun for example_branch_dop_operator_v3 to 2024-04-12 21:58:00+00:00, run_after=2024-04-12 21:59:00+00:00
[2024-04-12T21:59:55.602+0000] {processor.py:183} INFO - Processing /home/airflow/.local/lib/python3.12/site-packages/airflow/example_dags/example_branch_python_dop_operator_3.py took 0.135 seconds
[2024-04-12T22:00:25.854+0000] {processor.py:161} INFO - Started process (PID=393) to work on /home/airflow/.local/lib/python3.12/site-packages/airflow/example_dags/example_branch_python_dop_operator_3.py
[2024-04-12T22:00:25.855+0000] {processor.py:830} INFO - Processing file /home/airflow/.local/lib/python3.12/site-packages/airflow/example_dags/example_branch_python_dop_operator_3.py for tasks to queue
[2024-04-12T22:00:25.858+0000] {logging_mixin.py:188} INFO - [2024-04-12T22:00:25.858+0000] {dagbag.py:540} INFO - Filling up the DagBag from /home/airflow/.local/lib/python3.12/site-packages/airflow/example_dags/example_branch_python_dop_operator_3.py
[2024-04-12T22:00:25.870+0000] {processor.py:840} INFO - DAG(s) 'example_branch_dop_operator_v3' retrieved from /home/airflow/.local/lib/python3.12/site-packages/airflow/example_dags/example_branch_python_dop_operator_3.py
[2024-04-12T22:00:25.902+0000] {logging_mixin.py:188} INFO - [2024-04-12T22:00:25.902+0000] {dag.py:3096} INFO - Sync 1 DAGs
[2024-04-12T22:00:25.937+0000] {logging_mixin.py:188} INFO - [2024-04-12T22:00:25.937+0000] {dag.py:3954} INFO - Setting next_dagrun for example_branch_dop_operator_v3 to 2024-04-12 21:59:00+00:00, run_after=2024-04-12 22:00:00+00:00
[2024-04-12T22:00:25.964+0000] {processor.py:183} INFO - Processing /home/airflow/.local/lib/python3.12/site-packages/airflow/example_dags/example_branch_python_dop_operator_3.py took 0.116 seconds
[2024-04-12T22:00:56.909+0000] {processor.py:161} INFO - Started process (PID=452) to work on /home/airflow/.local/lib/python3.12/site-packages/airflow/example_dags/example_branch_python_dop_operator_3.py
[2024-04-12T22:00:56.910+0000] {processor.py:830} INFO - Processing file /home/airflow/.local/lib/python3.12/site-packages/airflow/example_dags/example_branch_python_dop_operator_3.py for tasks to queue
[2024-04-12T22:00:56.913+0000] {logging_mixin.py:188} INFO - [2024-04-12T22:00:56.913+0000] {dagbag.py:540} INFO - Filling up the DagBag from /home/airflow/.local/lib/python3.12/site-packages/airflow/example_dags/example_branch_python_dop_operator_3.py
[2024-04-12T22:00:56.932+0000] {processor.py:840} INFO - DAG(s) 'example_branch_dop_operator_v3' retrieved from /home/airflow/.local/lib/python3.12/site-packages/airflow/example_dags/example_branch_python_dop_operator_3.py
[2024-04-12T22:00:56.969+0000] {logging_mixin.py:188} INFO - [2024-04-12T22:00:56.968+0000] {dag.py:3096} INFO - Sync 1 DAGs
[2024-04-12T22:00:57.027+0000] {logging_mixin.py:188} INFO - [2024-04-12T22:00:57.026+0000] {dag.py:3954} INFO - Setting next_dagrun for example_branch_dop_operator_v3 to 2024-04-12 21:59:00+00:00, run_after=2024-04-12 22:00:00+00:00
[2024-04-12T22:00:57.074+0000] {processor.py:183} INFO - Processing /home/airflow/.local/lib/python3.12/site-packages/airflow/example_dags/example_branch_python_dop_operator_3.py took 0.175 seconds
[2024-04-12T22:01:27.384+0000] {processor.py:161} INFO - Started process (PID=509) to work on /home/airflow/.local/lib/python3.12/site-packages/airflow/example_dags/example_branch_python_dop_operator_3.py
[2024-04-12T22:01:27.397+0000] {processor.py:830} INFO - Processing file /home/airflow/.local/lib/python3.12/site-packages/airflow/example_dags/example_branch_python_dop_operator_3.py for tasks to queue
[2024-04-12T22:01:27.399+0000] {logging_mixin.py:188} INFO - [2024-04-12T22:01:27.399+0000] {dagbag.py:540} INFO - Filling up the DagBag from /home/airflow/.local/lib/python3.12/site-packages/airflow/example_dags/example_branch_python_dop_operator_3.py
[2024-04-12T22:01:27.423+0000] {processor.py:840} INFO - DAG(s) 'example_branch_dop_operator_v3' retrieved from /home/airflow/.local/lib/python3.12/site-packages/airflow/example_dags/example_branch_python_dop_operator_3.py
[2024-04-12T22:01:27.498+0000] {logging_mixin.py:188} INFO - [2024-04-12T22:01:27.498+0000] {dag.py:3096} INFO - Sync 1 DAGs
[2024-04-12T22:01:27.556+0000] {logging_mixin.py:188} INFO - [2024-04-12T22:01:27.556+0000] {dag.py:3954} INFO - Setting next_dagrun for example_branch_dop_operator_v3 to 2024-04-12 22:00:00+00:00, run_after=2024-04-12 22:01:00+00:00
[2024-04-12T22:01:27.639+0000] {processor.py:183} INFO - Processing /home/airflow/.local/lib/python3.12/site-packages/airflow/example_dags/example_branch_python_dop_operator_3.py took 0.278 seconds
[2024-04-12T22:01:58.606+0000] {processor.py:161} INFO - Started process (PID=575) to work on /home/airflow/.local/lib/python3.12/site-packages/airflow/example_dags/example_branch_python_dop_operator_3.py
[2024-04-12T22:01:58.607+0000] {processor.py:830} INFO - Processing file /home/airflow/.local/lib/python3.12/site-packages/airflow/example_dags/example_branch_python_dop_operator_3.py for tasks to queue
[2024-04-12T22:01:58.611+0000] {logging_mixin.py:188} INFO - [2024-04-12T22:01:58.610+0000] {dagbag.py:540} INFO - Filling up the DagBag from /home/airflow/.local/lib/python3.12/site-packages/airflow/example_dags/example_branch_python_dop_operator_3.py
[2024-04-12T22:01:58.623+0000] {processor.py:840} INFO - DAG(s) 'example_branch_dop_operator_v3' retrieved from /home/airflow/.local/lib/python3.12/site-packages/airflow/example_dags/example_branch_python_dop_operator_3.py
[2024-04-12T22:01:58.652+0000] {logging_mixin.py:188} INFO - [2024-04-12T22:01:58.652+0000] {dag.py:3096} INFO - Sync 1 DAGs
[2024-04-12T22:01:58.692+0000] {logging_mixin.py:188} INFO - [2024-04-12T22:01:58.691+0000] {dag.py:3954} INFO - Setting next_dagrun for example_branch_dop_operator_v3 to 2024-04-12 22:00:00+00:00, run_after=2024-04-12 22:01:00+00:00
[2024-04-12T22:01:58.722+0000] {processor.py:183} INFO - Processing /home/airflow/.local/lib/python3.12/site-packages/airflow/example_dags/example_branch_python_dop_operator_3.py took 0.125 seconds
[2024-04-12T22:02:28.923+0000] {processor.py:161} INFO - Started process (PID=634) to work on /home/airflow/.local/lib/python3.12/site-packages/airflow/example_dags/example_branch_python_dop_operator_3.py
[2024-04-12T22:02:28.924+0000] {processor.py:830} INFO - Processing file /home/airflow/.local/lib/python3.12/site-packages/airflow/example_dags/example_branch_python_dop_operator_3.py for tasks to queue
[2024-04-12T22:02:28.926+0000] {logging_mixin.py:188} INFO - [2024-04-12T22:02:28.926+0000] {dagbag.py:540} INFO - Filling up the DagBag from /home/airflow/.local/lib/python3.12/site-packages/airflow/example_dags/example_branch_python_dop_operator_3.py
[2024-04-12T22:02:28.938+0000] {processor.py:840} INFO - DAG(s) 'example_branch_dop_operator_v3' retrieved from /home/airflow/.local/lib/python3.12/site-packages/airflow/example_dags/example_branch_python_dop_operator_3.py
[2024-04-12T22:02:28.967+0000] {logging_mixin.py:188} INFO - [2024-04-12T22:02:28.966+0000] {dag.py:3096} INFO - Sync 1 DAGs
[2024-04-12T22:02:29.005+0000] {logging_mixin.py:188} INFO - [2024-04-12T22:02:29.005+0000] {dag.py:3954} INFO - Setting next_dagrun for example_branch_dop_operator_v3 to 2024-04-12 22:01:00+00:00, run_after=2024-04-12 22:02:00+00:00
[2024-04-12T22:02:29.031+0000] {processor.py:183} INFO - Processing /home/airflow/.local/lib/python3.12/site-packages/airflow/example_dags/example_branch_python_dop_operator_3.py took 0.116 seconds
[2024-04-12T22:02:59.273+0000] {processor.py:161} INFO - Started process (PID=693) to work on /home/airflow/.local/lib/python3.12/site-packages/airflow/example_dags/example_branch_python_dop_operator_3.py
[2024-04-12T22:02:59.274+0000] {processor.py:830} INFO - Processing file /home/airflow/.local/lib/python3.12/site-packages/airflow/example_dags/example_branch_python_dop_operator_3.py for tasks to queue
[2024-04-12T22:02:59.276+0000] {logging_mixin.py:188} INFO - [2024-04-12T22:02:59.276+0000] {dagbag.py:540} INFO - Filling up the DagBag from /home/airflow/.local/lib/python3.12/site-packages/airflow/example_dags/example_branch_python_dop_operator_3.py
[2024-04-12T22:02:59.285+0000] {processor.py:840} INFO - DAG(s) 'example_branch_dop_operator_v3' retrieved from /home/airflow/.local/lib/python3.12/site-packages/airflow/example_dags/example_branch_python_dop_operator_3.py
[2024-04-12T22:02:59.310+0000] {logging_mixin.py:188} INFO - [2024-04-12T22:02:59.309+0000] {dag.py:3096} INFO - Sync 1 DAGs
[2024-04-12T22:02:59.342+0000] {logging_mixin.py:188} INFO - [2024-04-12T22:02:59.342+0000] {dag.py:3954} INFO - Setting next_dagrun for example_branch_dop_operator_v3 to 2024-04-12 22:01:00+00:00, run_after=2024-04-12 22:02:00+00:00
[2024-04-12T22:02:59.367+0000] {processor.py:183} INFO - Processing /home/airflow/.local/lib/python3.12/site-packages/airflow/example_dags/example_branch_python_dop_operator_3.py took 0.099 seconds
[2024-04-12T22:03:29.527+0000] {processor.py:161} INFO - Started process (PID=752) to work on /home/airflow/.local/lib/python3.12/site-packages/airflow/example_dags/example_branch_python_dop_operator_3.py
[2024-04-12T22:03:29.529+0000] {processor.py:830} INFO - Processing file /home/airflow/.local/lib/python3.12/site-packages/airflow/example_dags/example_branch_python_dop_operator_3.py for tasks to queue
[2024-04-12T22:03:29.532+0000] {logging_mixin.py:188} INFO - [2024-04-12T22:03:29.531+0000] {dagbag.py:540} INFO - Filling up the DagBag from /home/airflow/.local/lib/python3.12/site-packages/airflow/example_dags/example_branch_python_dop_operator_3.py
[2024-04-12T22:03:29.546+0000] {processor.py:840} INFO - DAG(s) 'example_branch_dop_operator_v3' retrieved from /home/airflow/.local/lib/python3.12/site-packages/airflow/example_dags/example_branch_python_dop_operator_3.py
[2024-04-12T22:03:29.572+0000] {logging_mixin.py:188} INFO - [2024-04-12T22:03:29.572+0000] {dag.py:3096} INFO - Sync 1 DAGs
[2024-04-12T22:03:29.606+0000] {logging_mixin.py:188} INFO - [2024-04-12T22:03:29.605+0000] {dag.py:3954} INFO - Setting next_dagrun for example_branch_dop_operator_v3 to 2024-04-12 22:02:00+00:00, run_after=2024-04-12 22:03:00+00:00
[2024-04-12T22:03:29.628+0000] {processor.py:183} INFO - Processing /home/airflow/.local/lib/python3.12/site-packages/airflow/example_dags/example_branch_python_dop_operator_3.py took 0.109 seconds
[2024-04-12T22:04:00.063+0000] {processor.py:161} INFO - Started process (PID=812) to work on /home/airflow/.local/lib/python3.12/site-packages/airflow/example_dags/example_branch_python_dop_operator_3.py
[2024-04-12T22:04:00.065+0000] {processor.py:830} INFO - Processing file /home/airflow/.local/lib/python3.12/site-packages/airflow/example_dags/example_branch_python_dop_operator_3.py for tasks to queue
[2024-04-12T22:04:00.068+0000] {logging_mixin.py:188} INFO - [2024-04-12T22:04:00.068+0000] {dagbag.py:540} INFO - Filling up the DagBag from /home/airflow/.local/lib/python3.12/site-packages/airflow/example_dags/example_branch_python_dop_operator_3.py
[2024-04-12T22:04:00.077+0000] {processor.py:840} INFO - DAG(s) 'example_branch_dop_operator_v3' retrieved from /home/airflow/.local/lib/python3.12/site-packages/airflow/example_dags/example_branch_python_dop_operator_3.py
[2024-04-12T22:04:00.102+0000] {logging_mixin.py:188} INFO - [2024-04-12T22:04:00.102+0000] {dag.py:3096} INFO - Sync 1 DAGs
[2024-04-12T22:04:00.135+0000] {logging_mixin.py:188} INFO - [2024-04-12T22:04:00.135+0000] {dag.py:3954} INFO - Setting next_dagrun for example_branch_dop_operator_v3 to 2024-04-12 22:03:00+00:00, run_after=2024-04-12 22:04:00+00:00
[2024-04-12T22:04:00.164+0000] {processor.py:183} INFO - Processing /home/airflow/.local/lib/python3.12/site-packages/airflow/example_dags/example_branch_python_dop_operator_3.py took 0.109 seconds
[2024-04-12T22:04:30.875+0000] {processor.py:161} INFO - Started process (PID=871) to work on /home/airflow/.local/lib/python3.12/site-packages/airflow/example_dags/example_branch_python_dop_operator_3.py
[2024-04-12T22:04:30.877+0000] {processor.py:830} INFO - Processing file /home/airflow/.local/lib/python3.12/site-packages/airflow/example_dags/example_branch_python_dop_operator_3.py for tasks to queue
[2024-04-12T22:04:30.880+0000] {logging_mixin.py:188} INFO - [2024-04-12T22:04:30.880+0000] {dagbag.py:540} INFO - Filling up the DagBag from /home/airflow/.local/lib/python3.12/site-packages/airflow/example_dags/example_branch_python_dop_operator_3.py
[2024-04-12T22:04:30.897+0000] {processor.py:840} INFO - DAG(s) 'example_branch_dop_operator_v3' retrieved from /home/airflow/.local/lib/python3.12/site-packages/airflow/example_dags/example_branch_python_dop_operator_3.py
[2024-04-12T22:04:30.928+0000] {logging_mixin.py:188} INFO - [2024-04-12T22:04:30.927+0000] {dag.py:3096} INFO - Sync 1 DAGs
[2024-04-12T22:04:30.967+0000] {logging_mixin.py:188} INFO - [2024-04-12T22:04:30.966+0000] {dag.py:3954} INFO - Setting next_dagrun for example_branch_dop_operator_v3 to 2024-04-12 22:03:00+00:00, run_after=2024-04-12 22:04:00+00:00
[2024-04-12T22:04:30.995+0000] {processor.py:183} INFO - Processing /home/airflow/.local/lib/python3.12/site-packages/airflow/example_dags/example_branch_python_dop_operator_3.py took 0.129 seconds
[2024-04-12T22:05:01.353+0000] {processor.py:161} INFO - Started process (PID=930) to work on /home/airflow/.local/lib/python3.12/site-packages/airflow/example_dags/example_branch_python_dop_operator_3.py
[2024-04-12T22:05:01.354+0000] {processor.py:830} INFO - Processing file /home/airflow/.local/lib/python3.12/site-packages/airflow/example_dags/example_branch_python_dop_operator_3.py for tasks to queue
[2024-04-12T22:05:01.358+0000] {logging_mixin.py:188} INFO - [2024-04-12T22:05:01.357+0000] {dagbag.py:540} INFO - Filling up the DagBag from /home/airflow/.local/lib/python3.12/site-packages/airflow/example_dags/example_branch_python_dop_operator_3.py
[2024-04-12T22:05:01.371+0000] {processor.py:840} INFO - DAG(s) 'example_branch_dop_operator_v3' retrieved from /home/airflow/.local/lib/python3.12/site-packages/airflow/example_dags/example_branch_python_dop_operator_3.py
[2024-04-12T22:05:01.403+0000] {logging_mixin.py:188} INFO - [2024-04-12T22:05:01.402+0000] {dag.py:3096} INFO - Sync 1 DAGs
[2024-04-12T22:05:01.448+0000] {logging_mixin.py:188} INFO - [2024-04-12T22:05:01.448+0000] {dag.py:3954} INFO - Setting next_dagrun for example_branch_dop_operator_v3 to 2024-04-12 22:04:00+00:00, run_after=2024-04-12 22:05:00+00:00
[2024-04-12T22:05:01.486+0000] {processor.py:183} INFO - Processing /home/airflow/.local/lib/python3.12/site-packages/airflow/example_dags/example_branch_python_dop_operator_3.py took 0.142 seconds
[2024-04-12T22:05:31.675+0000] {processor.py:161} INFO - Started process (PID=989) to work on /home/airflow/.local/lib/python3.12/site-packages/airflow/example_dags/example_branch_python_dop_operator_3.py
[2024-04-12T22:05:31.676+0000] {processor.py:830} INFO - Processing file /home/airflow/.local/lib/python3.12/site-packages/airflow/example_dags/example_branch_python_dop_operator_3.py for tasks to queue
[2024-04-12T22:05:31.678+0000] {logging_mixin.py:188} INFO - [2024-04-12T22:05:31.678+0000] {dagbag.py:540} INFO - Filling up the DagBag from /home/airflow/.local/lib/python3.12/site-packages/airflow/example_dags/example_branch_python_dop_operator_3.py
[2024-04-12T22:05:31.687+0000] {processor.py:840} INFO - DAG(s) 'example_branch_dop_operator_v3' retrieved from /home/airflow/.local/lib/python3.12/site-packages/airflow/example_dags/example_branch_python_dop_operator_3.py
[2024-04-12T22:05:31.712+0000] {logging_mixin.py:188} INFO - [2024-04-12T22:05:31.712+0000] {dag.py:3096} INFO - Sync 1 DAGs
[2024-04-12T22:05:31.744+0000] {logging_mixin.py:188} INFO - [2024-04-12T22:05:31.744+0000] {dag.py:3954} INFO - Setting next_dagrun for example_branch_dop_operator_v3 to 2024-04-12 22:04:00+00:00, run_after=2024-04-12 22:05:00+00:00
[2024-04-12T22:05:31.768+0000] {processor.py:183} INFO - Processing /home/airflow/.local/lib/python3.12/site-packages/airflow/example_dags/example_branch_python_dop_operator_3.py took 0.101 seconds
