[2024-04-12T21:15:03.689+0000] {processor.py:161} INFO - Started process (PID=95) to work on /home/airflow/.local/lib/python3.12/site-packages/airflow/example_dags/example_task_group_decorator.py
[2024-04-12T21:15:03.699+0000] {processor.py:830} INFO - Processing file /home/airflow/.local/lib/python3.12/site-packages/airflow/example_dags/example_task_group_decorator.py for tasks to queue
[2024-04-12T21:15:03.865+0000] {logging_mixin.py:188} INFO - [2024-04-12T21:15:03.858+0000] {dagbag.py:540} INFO - Filling up the DagBag from /home/airflow/.local/lib/python3.12/site-packages/airflow/example_dags/example_task_group_decorator.py
[2024-04-12T21:15:06.047+0000] {processor.py:840} INFO - DAG(s) 'example_task_group_decorator' retrieved from /home/airflow/.local/lib/python3.12/site-packages/airflow/example_dags/example_task_group_decorator.py
[2024-04-12T21:15:08.772+0000] {logging_mixin.py:188} INFO - [2024-04-12T21:15:08.771+0000] {dag.py:3096} INFO - Sync 1 DAGs
[2024-04-12T21:15:08.919+0000] {logging_mixin.py:188} INFO - [2024-04-12T21:15:08.910+0000] {dag.py:3954} INFO - Setting next_dagrun for example_task_group_decorator to 2024-04-11 00:00:00+00:00, run_after=2024-04-12 00:00:00+00:00
[2024-04-12T21:15:09.134+0000] {processor.py:183} INFO - Processing /home/airflow/.local/lib/python3.12/site-packages/airflow/example_dags/example_task_group_decorator.py took 6.196 seconds
[2024-04-12T21:15:39.980+0000] {processor.py:161} INFO - Started process (PID=153) to work on /home/airflow/.local/lib/python3.12/site-packages/airflow/example_dags/example_task_group_decorator.py
[2024-04-12T21:15:39.982+0000] {processor.py:830} INFO - Processing file /home/airflow/.local/lib/python3.12/site-packages/airflow/example_dags/example_task_group_decorator.py for tasks to queue
[2024-04-12T21:15:39.985+0000] {logging_mixin.py:188} INFO - [2024-04-12T21:15:39.984+0000] {dagbag.py:540} INFO - Filling up the DagBag from /home/airflow/.local/lib/python3.12/site-packages/airflow/example_dags/example_task_group_decorator.py
[2024-04-12T21:15:40.012+0000] {processor.py:840} INFO - DAG(s) 'example_task_group_decorator' retrieved from /home/airflow/.local/lib/python3.12/site-packages/airflow/example_dags/example_task_group_decorator.py
[2024-04-12T21:15:40.052+0000] {logging_mixin.py:188} INFO - [2024-04-12T21:15:40.051+0000] {dag.py:3096} INFO - Sync 1 DAGs
[2024-04-12T21:15:40.087+0000] {logging_mixin.py:188} INFO - [2024-04-12T21:15:40.087+0000] {dag.py:3954} INFO - Setting next_dagrun for example_task_group_decorator to 2024-04-11 00:00:00+00:00, run_after=2024-04-12 00:00:00+00:00
[2024-04-12T21:15:40.123+0000] {processor.py:183} INFO - Processing /home/airflow/.local/lib/python3.12/site-packages/airflow/example_dags/example_task_group_decorator.py took 0.151 seconds
[2024-04-12T21:16:10.785+0000] {processor.py:161} INFO - Started process (PID=212) to work on /home/airflow/.local/lib/python3.12/site-packages/airflow/example_dags/example_task_group_decorator.py
[2024-04-12T21:16:10.790+0000] {processor.py:830} INFO - Processing file /home/airflow/.local/lib/python3.12/site-packages/airflow/example_dags/example_task_group_decorator.py for tasks to queue
[2024-04-12T21:16:10.833+0000] {logging_mixin.py:188} INFO - [2024-04-12T21:16:10.808+0000] {dagbag.py:540} INFO - Filling up the DagBag from /home/airflow/.local/lib/python3.12/site-packages/airflow/example_dags/example_task_group_decorator.py
[2024-04-12T21:16:10.922+0000] {processor.py:840} INFO - DAG(s) 'example_task_group_decorator' retrieved from /home/airflow/.local/lib/python3.12/site-packages/airflow/example_dags/example_task_group_decorator.py
[2024-04-12T21:16:11.034+0000] {logging_mixin.py:188} INFO - [2024-04-12T21:16:11.032+0000] {dag.py:3096} INFO - Sync 1 DAGs
[2024-04-12T21:16:11.193+0000] {logging_mixin.py:188} INFO - [2024-04-12T21:16:11.193+0000] {dag.py:3954} INFO - Setting next_dagrun for example_task_group_decorator to 2024-04-11 00:00:00+00:00, run_after=2024-04-12 00:00:00+00:00
[2024-04-12T21:16:11.278+0000] {processor.py:183} INFO - Processing /home/airflow/.local/lib/python3.12/site-packages/airflow/example_dags/example_task_group_decorator.py took 0.534 seconds
[2024-04-12T21:16:41.500+0000] {processor.py:161} INFO - Started process (PID=270) to work on /home/airflow/.local/lib/python3.12/site-packages/airflow/example_dags/example_task_group_decorator.py
[2024-04-12T21:16:41.502+0000] {processor.py:830} INFO - Processing file /home/airflow/.local/lib/python3.12/site-packages/airflow/example_dags/example_task_group_decorator.py for tasks to queue
[2024-04-12T21:16:41.506+0000] {logging_mixin.py:188} INFO - [2024-04-12T21:16:41.505+0000] {dagbag.py:540} INFO - Filling up the DagBag from /home/airflow/.local/lib/python3.12/site-packages/airflow/example_dags/example_task_group_decorator.py
[2024-04-12T21:16:41.528+0000] {processor.py:840} INFO - DAG(s) 'example_task_group_decorator' retrieved from /home/airflow/.local/lib/python3.12/site-packages/airflow/example_dags/example_task_group_decorator.py
[2024-04-12T21:16:41.560+0000] {logging_mixin.py:188} INFO - [2024-04-12T21:16:41.559+0000] {dag.py:3096} INFO - Sync 1 DAGs
[2024-04-12T21:16:41.586+0000] {logging_mixin.py:188} INFO - [2024-04-12T21:16:41.586+0000] {dag.py:3954} INFO - Setting next_dagrun for example_task_group_decorator to 2024-04-11 00:00:00+00:00, run_after=2024-04-12 00:00:00+00:00
[2024-04-12T21:16:41.614+0000] {processor.py:183} INFO - Processing /home/airflow/.local/lib/python3.12/site-packages/airflow/example_dags/example_task_group_decorator.py took 0.121 seconds
[2024-04-12T21:17:11.756+0000] {processor.py:161} INFO - Started process (PID=327) to work on /home/airflow/.local/lib/python3.12/site-packages/airflow/example_dags/example_task_group_decorator.py
[2024-04-12T21:17:11.757+0000] {processor.py:830} INFO - Processing file /home/airflow/.local/lib/python3.12/site-packages/airflow/example_dags/example_task_group_decorator.py for tasks to queue
[2024-04-12T21:17:11.759+0000] {logging_mixin.py:188} INFO - [2024-04-12T21:17:11.759+0000] {dagbag.py:540} INFO - Filling up the DagBag from /home/airflow/.local/lib/python3.12/site-packages/airflow/example_dags/example_task_group_decorator.py
[2024-04-12T21:17:11.779+0000] {processor.py:840} INFO - DAG(s) 'example_task_group_decorator' retrieved from /home/airflow/.local/lib/python3.12/site-packages/airflow/example_dags/example_task_group_decorator.py
[2024-04-12T21:17:11.814+0000] {logging_mixin.py:188} INFO - [2024-04-12T21:17:11.814+0000] {dag.py:3096} INFO - Sync 1 DAGs
[2024-04-12T21:17:11.844+0000] {logging_mixin.py:188} INFO - [2024-04-12T21:17:11.843+0000] {dag.py:3954} INFO - Setting next_dagrun for example_task_group_decorator to 2024-04-11 00:00:00+00:00, run_after=2024-04-12 00:00:00+00:00
[2024-04-12T21:17:11.869+0000] {processor.py:183} INFO - Processing /home/airflow/.local/lib/python3.12/site-packages/airflow/example_dags/example_task_group_decorator.py took 0.120 seconds
[2024-04-12T21:17:42.415+0000] {processor.py:161} INFO - Started process (PID=385) to work on /home/airflow/.local/lib/python3.12/site-packages/airflow/example_dags/example_task_group_decorator.py
[2024-04-12T21:17:42.417+0000] {processor.py:830} INFO - Processing file /home/airflow/.local/lib/python3.12/site-packages/airflow/example_dags/example_task_group_decorator.py for tasks to queue
[2024-04-12T21:17:42.420+0000] {logging_mixin.py:188} INFO - [2024-04-12T21:17:42.419+0000] {dagbag.py:540} INFO - Filling up the DagBag from /home/airflow/.local/lib/python3.12/site-packages/airflow/example_dags/example_task_group_decorator.py
[2024-04-12T21:17:42.441+0000] {processor.py:840} INFO - DAG(s) 'example_task_group_decorator' retrieved from /home/airflow/.local/lib/python3.12/site-packages/airflow/example_dags/example_task_group_decorator.py
[2024-04-12T21:17:42.474+0000] {logging_mixin.py:188} INFO - [2024-04-12T21:17:42.473+0000] {dag.py:3096} INFO - Sync 1 DAGs
[2024-04-12T21:17:42.507+0000] {logging_mixin.py:188} INFO - [2024-04-12T21:17:42.506+0000] {dag.py:3954} INFO - Setting next_dagrun for example_task_group_decorator to 2024-04-11 00:00:00+00:00, run_after=2024-04-12 00:00:00+00:00
[2024-04-12T21:17:42.538+0000] {processor.py:183} INFO - Processing /home/airflow/.local/lib/python3.12/site-packages/airflow/example_dags/example_task_group_decorator.py took 0.132 seconds
[2024-04-12T21:18:13.488+0000] {processor.py:161} INFO - Started process (PID=443) to work on /home/airflow/.local/lib/python3.12/site-packages/airflow/example_dags/example_task_group_decorator.py
[2024-04-12T21:18:13.489+0000] {processor.py:830} INFO - Processing file /home/airflow/.local/lib/python3.12/site-packages/airflow/example_dags/example_task_group_decorator.py for tasks to queue
[2024-04-12T21:18:13.492+0000] {logging_mixin.py:188} INFO - [2024-04-12T21:18:13.492+0000] {dagbag.py:540} INFO - Filling up the DagBag from /home/airflow/.local/lib/python3.12/site-packages/airflow/example_dags/example_task_group_decorator.py
[2024-04-12T21:18:13.516+0000] {processor.py:840} INFO - DAG(s) 'example_task_group_decorator' retrieved from /home/airflow/.local/lib/python3.12/site-packages/airflow/example_dags/example_task_group_decorator.py
[2024-04-12T21:18:13.551+0000] {logging_mixin.py:188} INFO - [2024-04-12T21:18:13.550+0000] {dag.py:3096} INFO - Sync 1 DAGs
[2024-04-12T21:18:13.584+0000] {logging_mixin.py:188} INFO - [2024-04-12T21:18:13.583+0000] {dag.py:3954} INFO - Setting next_dagrun for example_task_group_decorator to 2024-04-11 00:00:00+00:00, run_after=2024-04-12 00:00:00+00:00
[2024-04-12T21:18:13.615+0000] {processor.py:183} INFO - Processing /home/airflow/.local/lib/python3.12/site-packages/airflow/example_dags/example_task_group_decorator.py took 0.136 seconds
[2024-04-12T21:18:43.745+0000] {processor.py:161} INFO - Started process (PID=502) to work on /home/airflow/.local/lib/python3.12/site-packages/airflow/example_dags/example_task_group_decorator.py
[2024-04-12T21:18:43.746+0000] {processor.py:830} INFO - Processing file /home/airflow/.local/lib/python3.12/site-packages/airflow/example_dags/example_task_group_decorator.py for tasks to queue
[2024-04-12T21:18:43.749+0000] {logging_mixin.py:188} INFO - [2024-04-12T21:18:43.749+0000] {dagbag.py:540} INFO - Filling up the DagBag from /home/airflow/.local/lib/python3.12/site-packages/airflow/example_dags/example_task_group_decorator.py
[2024-04-12T21:18:43.770+0000] {processor.py:840} INFO - DAG(s) 'example_task_group_decorator' retrieved from /home/airflow/.local/lib/python3.12/site-packages/airflow/example_dags/example_task_group_decorator.py
[2024-04-12T21:18:43.806+0000] {logging_mixin.py:188} INFO - [2024-04-12T21:18:43.805+0000] {dag.py:3096} INFO - Sync 1 DAGs
[2024-04-12T21:18:43.834+0000] {logging_mixin.py:188} INFO - [2024-04-12T21:18:43.834+0000] {dag.py:3954} INFO - Setting next_dagrun for example_task_group_decorator to 2024-04-11 00:00:00+00:00, run_after=2024-04-12 00:00:00+00:00
[2024-04-12T21:18:43.862+0000] {processor.py:183} INFO - Processing /home/airflow/.local/lib/python3.12/site-packages/airflow/example_dags/example_task_group_decorator.py took 0.126 seconds
[2024-04-12T21:19:14.171+0000] {processor.py:161} INFO - Started process (PID=560) to work on /home/airflow/.local/lib/python3.12/site-packages/airflow/example_dags/example_task_group_decorator.py
[2024-04-12T21:19:14.172+0000] {processor.py:830} INFO - Processing file /home/airflow/.local/lib/python3.12/site-packages/airflow/example_dags/example_task_group_decorator.py for tasks to queue
[2024-04-12T21:19:14.175+0000] {logging_mixin.py:188} INFO - [2024-04-12T21:19:14.174+0000] {dagbag.py:540} INFO - Filling up the DagBag from /home/airflow/.local/lib/python3.12/site-packages/airflow/example_dags/example_task_group_decorator.py
[2024-04-12T21:19:14.195+0000] {processor.py:840} INFO - DAG(s) 'example_task_group_decorator' retrieved from /home/airflow/.local/lib/python3.12/site-packages/airflow/example_dags/example_task_group_decorator.py
[2024-04-12T21:19:14.228+0000] {logging_mixin.py:188} INFO - [2024-04-12T21:19:14.227+0000] {dag.py:3096} INFO - Sync 1 DAGs
[2024-04-12T21:19:14.257+0000] {logging_mixin.py:188} INFO - [2024-04-12T21:19:14.256+0000] {dag.py:3954} INFO - Setting next_dagrun for example_task_group_decorator to 2024-04-11 00:00:00+00:00, run_after=2024-04-12 00:00:00+00:00
[2024-04-12T21:19:14.283+0000] {processor.py:183} INFO - Processing /home/airflow/.local/lib/python3.12/site-packages/airflow/example_dags/example_task_group_decorator.py took 0.121 seconds
[2024-04-12T21:19:44.716+0000] {processor.py:161} INFO - Started process (PID=619) to work on /home/airflow/.local/lib/python3.12/site-packages/airflow/example_dags/example_task_group_decorator.py
[2024-04-12T21:19:44.717+0000] {processor.py:830} INFO - Processing file /home/airflow/.local/lib/python3.12/site-packages/airflow/example_dags/example_task_group_decorator.py for tasks to queue
[2024-04-12T21:19:44.720+0000] {logging_mixin.py:188} INFO - [2024-04-12T21:19:44.720+0000] {dagbag.py:540} INFO - Filling up the DagBag from /home/airflow/.local/lib/python3.12/site-packages/airflow/example_dags/example_task_group_decorator.py
[2024-04-12T21:19:44.737+0000] {processor.py:840} INFO - DAG(s) 'example_task_group_decorator' retrieved from /home/airflow/.local/lib/python3.12/site-packages/airflow/example_dags/example_task_group_decorator.py
[2024-04-12T21:19:44.767+0000] {logging_mixin.py:188} INFO - [2024-04-12T21:19:44.767+0000] {dag.py:3096} INFO - Sync 1 DAGs
[2024-04-12T21:19:44.793+0000] {logging_mixin.py:188} INFO - [2024-04-12T21:19:44.793+0000] {dag.py:3954} INFO - Setting next_dagrun for example_task_group_decorator to 2024-04-11 00:00:00+00:00, run_after=2024-04-12 00:00:00+00:00
[2024-04-12T21:19:44.821+0000] {processor.py:183} INFO - Processing /home/airflow/.local/lib/python3.12/site-packages/airflow/example_dags/example_task_group_decorator.py took 0.111 seconds
[2024-04-12T21:20:14.898+0000] {processor.py:161} INFO - Started process (PID=677) to work on /home/airflow/.local/lib/python3.12/site-packages/airflow/example_dags/example_task_group_decorator.py
[2024-04-12T21:20:14.899+0000] {processor.py:830} INFO - Processing file /home/airflow/.local/lib/python3.12/site-packages/airflow/example_dags/example_task_group_decorator.py for tasks to queue
[2024-04-12T21:20:14.902+0000] {logging_mixin.py:188} INFO - [2024-04-12T21:20:14.902+0000] {dagbag.py:540} INFO - Filling up the DagBag from /home/airflow/.local/lib/python3.12/site-packages/airflow/example_dags/example_task_group_decorator.py
[2024-04-12T21:20:14.922+0000] {processor.py:840} INFO - DAG(s) 'example_task_group_decorator' retrieved from /home/airflow/.local/lib/python3.12/site-packages/airflow/example_dags/example_task_group_decorator.py
[2024-04-12T21:20:14.954+0000] {logging_mixin.py:188} INFO - [2024-04-12T21:20:14.954+0000] {dag.py:3096} INFO - Sync 1 DAGs
[2024-04-12T21:20:14.984+0000] {logging_mixin.py:188} INFO - [2024-04-12T21:20:14.983+0000] {dag.py:3954} INFO - Setting next_dagrun for example_task_group_decorator to 2024-04-11 00:00:00+00:00, run_after=2024-04-12 00:00:00+00:00
[2024-04-12T21:20:15.012+0000] {processor.py:183} INFO - Processing /home/airflow/.local/lib/python3.12/site-packages/airflow/example_dags/example_task_group_decorator.py took 0.121 seconds
[2024-04-12T21:20:45.195+0000] {processor.py:161} INFO - Started process (PID=735) to work on /home/airflow/.local/lib/python3.12/site-packages/airflow/example_dags/example_task_group_decorator.py
[2024-04-12T21:20:45.196+0000] {processor.py:830} INFO - Processing file /home/airflow/.local/lib/python3.12/site-packages/airflow/example_dags/example_task_group_decorator.py for tasks to queue
[2024-04-12T21:20:45.199+0000] {logging_mixin.py:188} INFO - [2024-04-12T21:20:45.199+0000] {dagbag.py:540} INFO - Filling up the DagBag from /home/airflow/.local/lib/python3.12/site-packages/airflow/example_dags/example_task_group_decorator.py
[2024-04-12T21:20:45.233+0000] {processor.py:840} INFO - DAG(s) 'example_task_group_decorator' retrieved from /home/airflow/.local/lib/python3.12/site-packages/airflow/example_dags/example_task_group_decorator.py
[2024-04-12T21:20:45.313+0000] {logging_mixin.py:188} INFO - [2024-04-12T21:20:45.313+0000] {dag.py:3096} INFO - Sync 1 DAGs
[2024-04-12T21:20:45.356+0000] {logging_mixin.py:188} INFO - [2024-04-12T21:20:45.356+0000] {dag.py:3954} INFO - Setting next_dagrun for example_task_group_decorator to 2024-04-11 00:00:00+00:00, run_after=2024-04-12 00:00:00+00:00
[2024-04-12T21:20:45.394+0000] {processor.py:183} INFO - Processing /home/airflow/.local/lib/python3.12/site-packages/airflow/example_dags/example_task_group_decorator.py took 0.210 seconds
[2024-04-12T21:21:15.558+0000] {processor.py:161} INFO - Started process (PID=794) to work on /home/airflow/.local/lib/python3.12/site-packages/airflow/example_dags/example_task_group_decorator.py
[2024-04-12T21:21:15.560+0000] {processor.py:830} INFO - Processing file /home/airflow/.local/lib/python3.12/site-packages/airflow/example_dags/example_task_group_decorator.py for tasks to queue
[2024-04-12T21:21:15.564+0000] {logging_mixin.py:188} INFO - [2024-04-12T21:21:15.563+0000] {dagbag.py:540} INFO - Filling up the DagBag from /home/airflow/.local/lib/python3.12/site-packages/airflow/example_dags/example_task_group_decorator.py
[2024-04-12T21:21:15.597+0000] {processor.py:840} INFO - DAG(s) 'example_task_group_decorator' retrieved from /home/airflow/.local/lib/python3.12/site-packages/airflow/example_dags/example_task_group_decorator.py
[2024-04-12T21:21:15.692+0000] {logging_mixin.py:188} INFO - [2024-04-12T21:21:15.691+0000] {dag.py:3096} INFO - Sync 1 DAGs
[2024-04-12T21:21:15.759+0000] {logging_mixin.py:188} INFO - [2024-04-12T21:21:15.758+0000] {dag.py:3954} INFO - Setting next_dagrun for example_task_group_decorator to 2024-04-11 00:00:00+00:00, run_after=2024-04-12 00:00:00+00:00
[2024-04-12T21:21:15.803+0000] {processor.py:183} INFO - Processing /home/airflow/.local/lib/python3.12/site-packages/airflow/example_dags/example_task_group_decorator.py took 0.255 seconds
[2024-04-12T21:21:46.035+0000] {processor.py:161} INFO - Started process (PID=858) to work on /home/airflow/.local/lib/python3.12/site-packages/airflow/example_dags/example_task_group_decorator.py
[2024-04-12T21:21:46.038+0000] {processor.py:830} INFO - Processing file /home/airflow/.local/lib/python3.12/site-packages/airflow/example_dags/example_task_group_decorator.py for tasks to queue
[2024-04-12T21:21:46.049+0000] {logging_mixin.py:188} INFO - [2024-04-12T21:21:46.048+0000] {dagbag.py:540} INFO - Filling up the DagBag from /home/airflow/.local/lib/python3.12/site-packages/airflow/example_dags/example_task_group_decorator.py
[2024-04-12T21:21:46.099+0000] {processor.py:840} INFO - DAG(s) 'example_task_group_decorator' retrieved from /home/airflow/.local/lib/python3.12/site-packages/airflow/example_dags/example_task_group_decorator.py
[2024-04-12T21:21:46.162+0000] {logging_mixin.py:188} INFO - [2024-04-12T21:21:46.161+0000] {dag.py:3096} INFO - Sync 1 DAGs
[2024-04-12T21:21:46.235+0000] {logging_mixin.py:188} INFO - [2024-04-12T21:21:46.234+0000] {dag.py:3954} INFO - Setting next_dagrun for example_task_group_decorator to 2024-04-11 00:00:00+00:00, run_after=2024-04-12 00:00:00+00:00
[2024-04-12T21:21:46.270+0000] {processor.py:183} INFO - Processing /home/airflow/.local/lib/python3.12/site-packages/airflow/example_dags/example_task_group_decorator.py took 0.252 seconds
[2024-04-12T21:22:16.819+0000] {processor.py:161} INFO - Started process (PID=916) to work on /home/airflow/.local/lib/python3.12/site-packages/airflow/example_dags/example_task_group_decorator.py
[2024-04-12T21:22:16.821+0000] {processor.py:830} INFO - Processing file /home/airflow/.local/lib/python3.12/site-packages/airflow/example_dags/example_task_group_decorator.py for tasks to queue
[2024-04-12T21:22:16.823+0000] {logging_mixin.py:188} INFO - [2024-04-12T21:22:16.823+0000] {dagbag.py:540} INFO - Filling up the DagBag from /home/airflow/.local/lib/python3.12/site-packages/airflow/example_dags/example_task_group_decorator.py
[2024-04-12T21:22:16.847+0000] {processor.py:840} INFO - DAG(s) 'example_task_group_decorator' retrieved from /home/airflow/.local/lib/python3.12/site-packages/airflow/example_dags/example_task_group_decorator.py
[2024-04-12T21:22:16.884+0000] {logging_mixin.py:188} INFO - [2024-04-12T21:22:16.883+0000] {dag.py:3096} INFO - Sync 1 DAGs
[2024-04-12T21:22:16.917+0000] {logging_mixin.py:188} INFO - [2024-04-12T21:22:16.917+0000] {dag.py:3954} INFO - Setting next_dagrun for example_task_group_decorator to 2024-04-11 00:00:00+00:00, run_after=2024-04-12 00:00:00+00:00
[2024-04-12T21:22:16.954+0000] {processor.py:183} INFO - Processing /home/airflow/.local/lib/python3.12/site-packages/airflow/example_dags/example_task_group_decorator.py took 0.143 seconds
[2024-04-12T21:22:47.149+0000] {processor.py:161} INFO - Started process (PID=973) to work on /home/airflow/.local/lib/python3.12/site-packages/airflow/example_dags/example_task_group_decorator.py
[2024-04-12T21:22:47.151+0000] {processor.py:830} INFO - Processing file /home/airflow/.local/lib/python3.12/site-packages/airflow/example_dags/example_task_group_decorator.py for tasks to queue
[2024-04-12T21:22:47.153+0000] {logging_mixin.py:188} INFO - [2024-04-12T21:22:47.153+0000] {dagbag.py:540} INFO - Filling up the DagBag from /home/airflow/.local/lib/python3.12/site-packages/airflow/example_dags/example_task_group_decorator.py
[2024-04-12T21:22:47.178+0000] {processor.py:840} INFO - DAG(s) 'example_task_group_decorator' retrieved from /home/airflow/.local/lib/python3.12/site-packages/airflow/example_dags/example_task_group_decorator.py
[2024-04-12T21:22:47.218+0000] {logging_mixin.py:188} INFO - [2024-04-12T21:22:47.218+0000] {dag.py:3096} INFO - Sync 1 DAGs
[2024-04-12T21:22:47.417+0000] {logging_mixin.py:188} INFO - [2024-04-12T21:22:47.417+0000] {dag.py:3954} INFO - Setting next_dagrun for example_task_group_decorator to 2024-04-11 00:00:00+00:00, run_after=2024-04-12 00:00:00+00:00
[2024-04-12T21:22:47.449+0000] {processor.py:183} INFO - Processing /home/airflow/.local/lib/python3.12/site-packages/airflow/example_dags/example_task_group_decorator.py took 0.307 seconds
[2024-04-12T21:23:17.527+0000] {processor.py:161} INFO - Started process (PID=1032) to work on /home/airflow/.local/lib/python3.12/site-packages/airflow/example_dags/example_task_group_decorator.py
[2024-04-12T21:23:17.538+0000] {processor.py:830} INFO - Processing file /home/airflow/.local/lib/python3.12/site-packages/airflow/example_dags/example_task_group_decorator.py for tasks to queue
[2024-04-12T21:23:17.554+0000] {logging_mixin.py:188} INFO - [2024-04-12T21:23:17.553+0000] {dagbag.py:540} INFO - Filling up the DagBag from /home/airflow/.local/lib/python3.12/site-packages/airflow/example_dags/example_task_group_decorator.py
[2024-04-12T21:23:17.596+0000] {processor.py:840} INFO - DAG(s) 'example_task_group_decorator' retrieved from /home/airflow/.local/lib/python3.12/site-packages/airflow/example_dags/example_task_group_decorator.py
[2024-04-12T21:23:17.658+0000] {logging_mixin.py:188} INFO - [2024-04-12T21:23:17.658+0000] {dag.py:3096} INFO - Sync 1 DAGs
[2024-04-12T21:23:17.732+0000] {logging_mixin.py:188} INFO - [2024-04-12T21:23:17.732+0000] {dag.py:3954} INFO - Setting next_dagrun for example_task_group_decorator to 2024-04-11 00:00:00+00:00, run_after=2024-04-12 00:00:00+00:00
[2024-04-12T21:23:17.821+0000] {processor.py:183} INFO - Processing /home/airflow/.local/lib/python3.12/site-packages/airflow/example_dags/example_task_group_decorator.py took 0.308 seconds
[2024-04-12T21:23:48.380+0000] {processor.py:161} INFO - Started process (PID=1088) to work on /home/airflow/.local/lib/python3.12/site-packages/airflow/example_dags/example_task_group_decorator.py
[2024-04-12T21:23:48.383+0000] {processor.py:830} INFO - Processing file /home/airflow/.local/lib/python3.12/site-packages/airflow/example_dags/example_task_group_decorator.py for tasks to queue
[2024-04-12T21:23:48.386+0000] {logging_mixin.py:188} INFO - [2024-04-12T21:23:48.385+0000] {dagbag.py:540} INFO - Filling up the DagBag from /home/airflow/.local/lib/python3.12/site-packages/airflow/example_dags/example_task_group_decorator.py
[2024-04-12T21:23:48.409+0000] {processor.py:840} INFO - DAG(s) 'example_task_group_decorator' retrieved from /home/airflow/.local/lib/python3.12/site-packages/airflow/example_dags/example_task_group_decorator.py
[2024-04-12T21:23:48.438+0000] {logging_mixin.py:188} INFO - [2024-04-12T21:23:48.437+0000] {dag.py:3096} INFO - Sync 1 DAGs
[2024-04-12T21:23:48.471+0000] {logging_mixin.py:188} INFO - [2024-04-12T21:23:48.471+0000] {dag.py:3954} INFO - Setting next_dagrun for example_task_group_decorator to 2024-04-11 00:00:00+00:00, run_after=2024-04-12 00:00:00+00:00
[2024-04-12T21:23:48.511+0000] {processor.py:183} INFO - Processing /home/airflow/.local/lib/python3.12/site-packages/airflow/example_dags/example_task_group_decorator.py took 0.139 seconds
[2024-04-12T21:28:06.427+0000] {processor.py:161} INFO - Started process (PID=68) to work on /home/airflow/.local/lib/python3.12/site-packages/airflow/example_dags/example_task_group_decorator.py
[2024-04-12T21:28:06.430+0000] {processor.py:830} INFO - Processing file /home/airflow/.local/lib/python3.12/site-packages/airflow/example_dags/example_task_group_decorator.py for tasks to queue
[2024-04-12T21:28:06.432+0000] {logging_mixin.py:188} INFO - [2024-04-12T21:28:06.432+0000] {dagbag.py:540} INFO - Filling up the DagBag from /home/airflow/.local/lib/python3.12/site-packages/airflow/example_dags/example_task_group_decorator.py
[2024-04-12T21:28:06.453+0000] {processor.py:840} INFO - DAG(s) 'example_task_group_decorator' retrieved from /home/airflow/.local/lib/python3.12/site-packages/airflow/example_dags/example_task_group_decorator.py
[2024-04-12T21:28:06.605+0000] {logging_mixin.py:188} INFO - [2024-04-12T21:28:06.604+0000] {dag.py:3096} INFO - Sync 1 DAGs
[2024-04-12T21:28:06.632+0000] {logging_mixin.py:188} INFO - [2024-04-12T21:28:06.632+0000] {dag.py:3954} INFO - Setting next_dagrun for example_task_group_decorator to 2024-04-11 00:00:00+00:00, run_after=2024-04-12 00:00:00+00:00
[2024-04-12T21:28:06.664+0000] {processor.py:183} INFO - Processing /home/airflow/.local/lib/python3.12/site-packages/airflow/example_dags/example_task_group_decorator.py took 0.243 seconds
[2024-04-12T21:28:38.935+0000] {processor.py:161} INFO - Started process (PID=126) to work on /home/airflow/.local/lib/python3.12/site-packages/airflow/example_dags/example_task_group_decorator.py
[2024-04-12T21:28:38.936+0000] {processor.py:830} INFO - Processing file /home/airflow/.local/lib/python3.12/site-packages/airflow/example_dags/example_task_group_decorator.py for tasks to queue
[2024-04-12T21:28:38.942+0000] {logging_mixin.py:188} INFO - [2024-04-12T21:28:38.941+0000] {dagbag.py:540} INFO - Filling up the DagBag from /home/airflow/.local/lib/python3.12/site-packages/airflow/example_dags/example_task_group_decorator.py
[2024-04-12T21:28:38.993+0000] {processor.py:840} INFO - DAG(s) 'example_task_group_decorator' retrieved from /home/airflow/.local/lib/python3.12/site-packages/airflow/example_dags/example_task_group_decorator.py
[2024-04-12T21:28:39.106+0000] {logging_mixin.py:188} INFO - [2024-04-12T21:28:39.105+0000] {dag.py:3096} INFO - Sync 1 DAGs
[2024-04-12T21:28:39.184+0000] {logging_mixin.py:188} INFO - [2024-04-12T21:28:39.182+0000] {dag.py:3954} INFO - Setting next_dagrun for example_task_group_decorator to 2024-04-11 00:00:00+00:00, run_after=2024-04-12 00:00:00+00:00
[2024-04-12T21:28:39.259+0000] {processor.py:183} INFO - Processing /home/airflow/.local/lib/python3.12/site-packages/airflow/example_dags/example_task_group_decorator.py took 0.335 seconds
[2024-04-12T21:29:09.463+0000] {processor.py:161} INFO - Started process (PID=186) to work on /home/airflow/.local/lib/python3.12/site-packages/airflow/example_dags/example_task_group_decorator.py
[2024-04-12T21:29:09.464+0000] {processor.py:830} INFO - Processing file /home/airflow/.local/lib/python3.12/site-packages/airflow/example_dags/example_task_group_decorator.py for tasks to queue
[2024-04-12T21:29:09.467+0000] {logging_mixin.py:188} INFO - [2024-04-12T21:29:09.466+0000] {dagbag.py:540} INFO - Filling up the DagBag from /home/airflow/.local/lib/python3.12/site-packages/airflow/example_dags/example_task_group_decorator.py
[2024-04-12T21:29:09.486+0000] {processor.py:840} INFO - DAG(s) 'example_task_group_decorator' retrieved from /home/airflow/.local/lib/python3.12/site-packages/airflow/example_dags/example_task_group_decorator.py
[2024-04-12T21:29:09.514+0000] {logging_mixin.py:188} INFO - [2024-04-12T21:29:09.514+0000] {dag.py:3096} INFO - Sync 1 DAGs
[2024-04-12T21:29:09.540+0000] {logging_mixin.py:188} INFO - [2024-04-12T21:29:09.540+0000] {dag.py:3954} INFO - Setting next_dagrun for example_task_group_decorator to 2024-04-11 00:00:00+00:00, run_after=2024-04-12 00:00:00+00:00
[2024-04-12T21:29:09.567+0000] {processor.py:183} INFO - Processing /home/airflow/.local/lib/python3.12/site-packages/airflow/example_dags/example_task_group_decorator.py took 0.113 seconds
[2024-04-12T21:29:40.373+0000] {processor.py:161} INFO - Started process (PID=243) to work on /home/airflow/.local/lib/python3.12/site-packages/airflow/example_dags/example_task_group_decorator.py
[2024-04-12T21:29:40.375+0000] {processor.py:830} INFO - Processing file /home/airflow/.local/lib/python3.12/site-packages/airflow/example_dags/example_task_group_decorator.py for tasks to queue
[2024-04-12T21:29:40.378+0000] {logging_mixin.py:188} INFO - [2024-04-12T21:29:40.377+0000] {dagbag.py:540} INFO - Filling up the DagBag from /home/airflow/.local/lib/python3.12/site-packages/airflow/example_dags/example_task_group_decorator.py
[2024-04-12T21:29:40.562+0000] {processor.py:840} INFO - DAG(s) 'example_task_group_decorator' retrieved from /home/airflow/.local/lib/python3.12/site-packages/airflow/example_dags/example_task_group_decorator.py
[2024-04-12T21:29:40.739+0000] {logging_mixin.py:188} INFO - [2024-04-12T21:29:40.738+0000] {dag.py:3096} INFO - Sync 1 DAGs
[2024-04-12T21:29:40.959+0000] {logging_mixin.py:188} INFO - [2024-04-12T21:29:40.947+0000] {dag.py:3954} INFO - Setting next_dagrun for example_task_group_decorator to 2024-04-11 00:00:00+00:00, run_after=2024-04-12 00:00:00+00:00
[2024-04-12T21:29:41.134+0000] {processor.py:183} INFO - Processing /home/airflow/.local/lib/python3.12/site-packages/airflow/example_dags/example_task_group_decorator.py took 0.791 seconds
[2024-04-12T21:57:25.457+0000] {processor.py:161} INFO - Started process (PID=62) to work on /home/airflow/.local/lib/python3.12/site-packages/airflow/example_dags/example_task_group_decorator.py
[2024-04-12T21:57:25.458+0000] {processor.py:830} INFO - Processing file /home/airflow/.local/lib/python3.12/site-packages/airflow/example_dags/example_task_group_decorator.py for tasks to queue
[2024-04-12T21:57:25.460+0000] {logging_mixin.py:188} INFO - [2024-04-12T21:57:25.460+0000] {dagbag.py:540} INFO - Filling up the DagBag from /home/airflow/.local/lib/python3.12/site-packages/airflow/example_dags/example_task_group_decorator.py
[2024-04-12T21:57:25.483+0000] {processor.py:840} INFO - DAG(s) 'example_task_group_decorator' retrieved from /home/airflow/.local/lib/python3.12/site-packages/airflow/example_dags/example_task_group_decorator.py
[2024-04-12T21:57:25.628+0000] {logging_mixin.py:188} INFO - [2024-04-12T21:57:25.628+0000] {dag.py:3096} INFO - Sync 1 DAGs
[2024-04-12T21:57:25.654+0000] {logging_mixin.py:188} INFO - [2024-04-12T21:57:25.654+0000] {dag.py:3954} INFO - Setting next_dagrun for example_task_group_decorator to 2024-04-11 00:00:00+00:00, run_after=2024-04-12 00:00:00+00:00
[2024-04-12T21:57:25.697+0000] {processor.py:183} INFO - Processing /home/airflow/.local/lib/python3.12/site-packages/airflow/example_dags/example_task_group_decorator.py took 0.249 seconds
[2024-04-12T21:57:57.097+0000] {processor.py:161} INFO - Started process (PID=127) to work on /home/airflow/.local/lib/python3.12/site-packages/airflow/example_dags/example_task_group_decorator.py
[2024-04-12T21:57:57.098+0000] {processor.py:830} INFO - Processing file /home/airflow/.local/lib/python3.12/site-packages/airflow/example_dags/example_task_group_decorator.py for tasks to queue
[2024-04-12T21:57:57.100+0000] {logging_mixin.py:188} INFO - [2024-04-12T21:57:57.100+0000] {dagbag.py:540} INFO - Filling up the DagBag from /home/airflow/.local/lib/python3.12/site-packages/airflow/example_dags/example_task_group_decorator.py
[2024-04-12T21:57:57.120+0000] {processor.py:840} INFO - DAG(s) 'example_task_group_decorator' retrieved from /home/airflow/.local/lib/python3.12/site-packages/airflow/example_dags/example_task_group_decorator.py
[2024-04-12T21:57:57.152+0000] {logging_mixin.py:188} INFO - [2024-04-12T21:57:57.152+0000] {dag.py:3096} INFO - Sync 1 DAGs
[2024-04-12T21:57:57.181+0000] {logging_mixin.py:188} INFO - [2024-04-12T21:57:57.180+0000] {dag.py:3954} INFO - Setting next_dagrun for example_task_group_decorator to 2024-04-11 00:00:00+00:00, run_after=2024-04-12 00:00:00+00:00
[2024-04-12T21:57:57.214+0000] {processor.py:183} INFO - Processing /home/airflow/.local/lib/python3.12/site-packages/airflow/example_dags/example_task_group_decorator.py took 0.124 seconds
[2024-04-12T21:58:27.852+0000] {processor.py:161} INFO - Started process (PID=186) to work on /home/airflow/.local/lib/python3.12/site-packages/airflow/example_dags/example_task_group_decorator.py
[2024-04-12T21:58:27.854+0000] {processor.py:830} INFO - Processing file /home/airflow/.local/lib/python3.12/site-packages/airflow/example_dags/example_task_group_decorator.py for tasks to queue
[2024-04-12T21:58:27.856+0000] {logging_mixin.py:188} INFO - [2024-04-12T21:58:27.855+0000] {dagbag.py:540} INFO - Filling up the DagBag from /home/airflow/.local/lib/python3.12/site-packages/airflow/example_dags/example_task_group_decorator.py
[2024-04-12T21:58:27.880+0000] {processor.py:840} INFO - DAG(s) 'example_task_group_decorator' retrieved from /home/airflow/.local/lib/python3.12/site-packages/airflow/example_dags/example_task_group_decorator.py
[2024-04-12T21:58:27.923+0000] {logging_mixin.py:188} INFO - [2024-04-12T21:58:27.923+0000] {dag.py:3096} INFO - Sync 1 DAGs
[2024-04-12T21:58:27.961+0000] {logging_mixin.py:188} INFO - [2024-04-12T21:58:27.961+0000] {dag.py:3954} INFO - Setting next_dagrun for example_task_group_decorator to 2024-04-11 00:00:00+00:00, run_after=2024-04-12 00:00:00+00:00
[2024-04-12T21:58:27.992+0000] {processor.py:183} INFO - Processing /home/airflow/.local/lib/python3.12/site-packages/airflow/example_dags/example_task_group_decorator.py took 0.146 seconds
[2024-04-12T21:58:58.082+0000] {processor.py:161} INFO - Started process (PID=245) to work on /home/airflow/.local/lib/python3.12/site-packages/airflow/example_dags/example_task_group_decorator.py
[2024-04-12T21:58:58.083+0000] {processor.py:830} INFO - Processing file /home/airflow/.local/lib/python3.12/site-packages/airflow/example_dags/example_task_group_decorator.py for tasks to queue
[2024-04-12T21:58:58.085+0000] {logging_mixin.py:188} INFO - [2024-04-12T21:58:58.085+0000] {dagbag.py:540} INFO - Filling up the DagBag from /home/airflow/.local/lib/python3.12/site-packages/airflow/example_dags/example_task_group_decorator.py
[2024-04-12T21:58:58.105+0000] {processor.py:840} INFO - DAG(s) 'example_task_group_decorator' retrieved from /home/airflow/.local/lib/python3.12/site-packages/airflow/example_dags/example_task_group_decorator.py
[2024-04-12T21:58:58.142+0000] {logging_mixin.py:188} INFO - [2024-04-12T21:58:58.142+0000] {dag.py:3096} INFO - Sync 1 DAGs
[2024-04-12T21:58:58.168+0000] {logging_mixin.py:188} INFO - [2024-04-12T21:58:58.168+0000] {dag.py:3954} INFO - Setting next_dagrun for example_task_group_decorator to 2024-04-11 00:00:00+00:00, run_after=2024-04-12 00:00:00+00:00
[2024-04-12T21:58:58.190+0000] {processor.py:183} INFO - Processing /home/airflow/.local/lib/python3.12/site-packages/airflow/example_dags/example_task_group_decorator.py took 0.116 seconds
[2024-04-12T21:59:28.317+0000] {processor.py:161} INFO - Started process (PID=304) to work on /home/airflow/.local/lib/python3.12/site-packages/airflow/example_dags/example_task_group_decorator.py
[2024-04-12T21:59:28.318+0000] {processor.py:830} INFO - Processing file /home/airflow/.local/lib/python3.12/site-packages/airflow/example_dags/example_task_group_decorator.py for tasks to queue
[2024-04-12T21:59:28.321+0000] {logging_mixin.py:188} INFO - [2024-04-12T21:59:28.320+0000] {dagbag.py:540} INFO - Filling up the DagBag from /home/airflow/.local/lib/python3.12/site-packages/airflow/example_dags/example_task_group_decorator.py
[2024-04-12T21:59:28.346+0000] {processor.py:840} INFO - DAG(s) 'example_task_group_decorator' retrieved from /home/airflow/.local/lib/python3.12/site-packages/airflow/example_dags/example_task_group_decorator.py
[2024-04-12T21:59:28.392+0000] {logging_mixin.py:188} INFO - [2024-04-12T21:59:28.391+0000] {dag.py:3096} INFO - Sync 1 DAGs
[2024-04-12T21:59:28.422+0000] {logging_mixin.py:188} INFO - [2024-04-12T21:59:28.422+0000] {dag.py:3954} INFO - Setting next_dagrun for example_task_group_decorator to 2024-04-11 00:00:00+00:00, run_after=2024-04-12 00:00:00+00:00
[2024-04-12T21:59:28.446+0000] {processor.py:183} INFO - Processing /home/airflow/.local/lib/python3.12/site-packages/airflow/example_dags/example_task_group_decorator.py took 0.139 seconds
[2024-04-12T21:59:59.278+0000] {processor.py:161} INFO - Started process (PID=363) to work on /home/airflow/.local/lib/python3.12/site-packages/airflow/example_dags/example_task_group_decorator.py
[2024-04-12T21:59:59.279+0000] {processor.py:830} INFO - Processing file /home/airflow/.local/lib/python3.12/site-packages/airflow/example_dags/example_task_group_decorator.py for tasks to queue
[2024-04-12T21:59:59.282+0000] {logging_mixin.py:188} INFO - [2024-04-12T21:59:59.281+0000] {dagbag.py:540} INFO - Filling up the DagBag from /home/airflow/.local/lib/python3.12/site-packages/airflow/example_dags/example_task_group_decorator.py
[2024-04-12T21:59:59.302+0000] {processor.py:840} INFO - DAG(s) 'example_task_group_decorator' retrieved from /home/airflow/.local/lib/python3.12/site-packages/airflow/example_dags/example_task_group_decorator.py
[2024-04-12T21:59:59.350+0000] {logging_mixin.py:188} INFO - [2024-04-12T21:59:59.350+0000] {dag.py:3096} INFO - Sync 1 DAGs
[2024-04-12T21:59:59.385+0000] {logging_mixin.py:188} INFO - [2024-04-12T21:59:59.385+0000] {dag.py:3954} INFO - Setting next_dagrun for example_task_group_decorator to 2024-04-11 00:00:00+00:00, run_after=2024-04-12 00:00:00+00:00
[2024-04-12T21:59:59.407+0000] {processor.py:183} INFO - Processing /home/airflow/.local/lib/python3.12/site-packages/airflow/example_dags/example_task_group_decorator.py took 0.137 seconds
[2024-04-12T22:00:29.665+0000] {processor.py:161} INFO - Started process (PID=422) to work on /home/airflow/.local/lib/python3.12/site-packages/airflow/example_dags/example_task_group_decorator.py
[2024-04-12T22:00:29.666+0000] {processor.py:830} INFO - Processing file /home/airflow/.local/lib/python3.12/site-packages/airflow/example_dags/example_task_group_decorator.py for tasks to queue
[2024-04-12T22:00:29.668+0000] {logging_mixin.py:188} INFO - [2024-04-12T22:00:29.668+0000] {dagbag.py:540} INFO - Filling up the DagBag from /home/airflow/.local/lib/python3.12/site-packages/airflow/example_dags/example_task_group_decorator.py
[2024-04-12T22:00:29.686+0000] {processor.py:840} INFO - DAG(s) 'example_task_group_decorator' retrieved from /home/airflow/.local/lib/python3.12/site-packages/airflow/example_dags/example_task_group_decorator.py
[2024-04-12T22:00:29.726+0000] {logging_mixin.py:188} INFO - [2024-04-12T22:00:29.725+0000] {dag.py:3096} INFO - Sync 1 DAGs
[2024-04-12T22:00:29.762+0000] {logging_mixin.py:188} INFO - [2024-04-12T22:00:29.762+0000] {dag.py:3954} INFO - Setting next_dagrun for example_task_group_decorator to 2024-04-11 00:00:00+00:00, run_after=2024-04-12 00:00:00+00:00
[2024-04-12T22:00:29.786+0000] {processor.py:183} INFO - Processing /home/airflow/.local/lib/python3.12/site-packages/airflow/example_dags/example_task_group_decorator.py took 0.128 seconds
[2024-04-12T22:01:00.291+0000] {processor.py:161} INFO - Started process (PID=480) to work on /home/airflow/.local/lib/python3.12/site-packages/airflow/example_dags/example_task_group_decorator.py
[2024-04-12T22:01:00.292+0000] {processor.py:830} INFO - Processing file /home/airflow/.local/lib/python3.12/site-packages/airflow/example_dags/example_task_group_decorator.py for tasks to queue
[2024-04-12T22:01:00.294+0000] {logging_mixin.py:188} INFO - [2024-04-12T22:01:00.294+0000] {dagbag.py:540} INFO - Filling up the DagBag from /home/airflow/.local/lib/python3.12/site-packages/airflow/example_dags/example_task_group_decorator.py
[2024-04-12T22:01:00.313+0000] {processor.py:840} INFO - DAG(s) 'example_task_group_decorator' retrieved from /home/airflow/.local/lib/python3.12/site-packages/airflow/example_dags/example_task_group_decorator.py
[2024-04-12T22:01:00.349+0000] {logging_mixin.py:188} INFO - [2024-04-12T22:01:00.349+0000] {dag.py:3096} INFO - Sync 1 DAGs
[2024-04-12T22:01:00.383+0000] {logging_mixin.py:188} INFO - [2024-04-12T22:01:00.383+0000] {dag.py:3954} INFO - Setting next_dagrun for example_task_group_decorator to 2024-04-11 00:00:00+00:00, run_after=2024-04-12 00:00:00+00:00
[2024-04-12T22:01:00.407+0000] {processor.py:183} INFO - Processing /home/airflow/.local/lib/python3.12/site-packages/airflow/example_dags/example_task_group_decorator.py took 0.122 seconds
[2024-04-12T22:01:31.046+0000] {processor.py:161} INFO - Started process (PID=539) to work on /home/airflow/.local/lib/python3.12/site-packages/airflow/example_dags/example_task_group_decorator.py
[2024-04-12T22:01:31.048+0000] {processor.py:830} INFO - Processing file /home/airflow/.local/lib/python3.12/site-packages/airflow/example_dags/example_task_group_decorator.py for tasks to queue
[2024-04-12T22:01:31.050+0000] {logging_mixin.py:188} INFO - [2024-04-12T22:01:31.050+0000] {dagbag.py:540} INFO - Filling up the DagBag from /home/airflow/.local/lib/python3.12/site-packages/airflow/example_dags/example_task_group_decorator.py
[2024-04-12T22:01:31.068+0000] {processor.py:840} INFO - DAG(s) 'example_task_group_decorator' retrieved from /home/airflow/.local/lib/python3.12/site-packages/airflow/example_dags/example_task_group_decorator.py
[2024-04-12T22:01:31.096+0000] {logging_mixin.py:188} INFO - [2024-04-12T22:01:31.096+0000] {dag.py:3096} INFO - Sync 1 DAGs
[2024-04-12T22:01:31.129+0000] {logging_mixin.py:188} INFO - [2024-04-12T22:01:31.129+0000] {dag.py:3954} INFO - Setting next_dagrun for example_task_group_decorator to 2024-04-11 00:00:00+00:00, run_after=2024-04-12 00:00:00+00:00
[2024-04-12T22:01:31.153+0000] {processor.py:183} INFO - Processing /home/airflow/.local/lib/python3.12/site-packages/airflow/example_dags/example_task_group_decorator.py took 0.113 seconds
[2024-04-12T22:02:02.174+0000] {processor.py:161} INFO - Started process (PID=598) to work on /home/airflow/.local/lib/python3.12/site-packages/airflow/example_dags/example_task_group_decorator.py
[2024-04-12T22:02:02.175+0000] {processor.py:830} INFO - Processing file /home/airflow/.local/lib/python3.12/site-packages/airflow/example_dags/example_task_group_decorator.py for tasks to queue
[2024-04-12T22:02:02.178+0000] {logging_mixin.py:188} INFO - [2024-04-12T22:02:02.178+0000] {dagbag.py:540} INFO - Filling up the DagBag from /home/airflow/.local/lib/python3.12/site-packages/airflow/example_dags/example_task_group_decorator.py
[2024-04-12T22:02:02.203+0000] {processor.py:840} INFO - DAG(s) 'example_task_group_decorator' retrieved from /home/airflow/.local/lib/python3.12/site-packages/airflow/example_dags/example_task_group_decorator.py
[2024-04-12T22:02:02.271+0000] {logging_mixin.py:188} INFO - [2024-04-12T22:02:02.271+0000] {dag.py:3096} INFO - Sync 1 DAGs
[2024-04-12T22:02:02.328+0000] {logging_mixin.py:188} INFO - [2024-04-12T22:02:02.327+0000] {dag.py:3954} INFO - Setting next_dagrun for example_task_group_decorator to 2024-04-11 00:00:00+00:00, run_after=2024-04-12 00:00:00+00:00
[2024-04-12T22:02:02.381+0000] {processor.py:183} INFO - Processing /home/airflow/.local/lib/python3.12/site-packages/airflow/example_dags/example_task_group_decorator.py took 0.217 seconds
[2024-04-12T22:02:33.459+0000] {processor.py:161} INFO - Started process (PID=657) to work on /home/airflow/.local/lib/python3.12/site-packages/airflow/example_dags/example_task_group_decorator.py
[2024-04-12T22:02:33.478+0000] {processor.py:830} INFO - Processing file /home/airflow/.local/lib/python3.12/site-packages/airflow/example_dags/example_task_group_decorator.py for tasks to queue
[2024-04-12T22:02:33.483+0000] {logging_mixin.py:188} INFO - [2024-04-12T22:02:33.482+0000] {dagbag.py:540} INFO - Filling up the DagBag from /home/airflow/.local/lib/python3.12/site-packages/airflow/example_dags/example_task_group_decorator.py
[2024-04-12T22:02:33.540+0000] {processor.py:840} INFO - DAG(s) 'example_task_group_decorator' retrieved from /home/airflow/.local/lib/python3.12/site-packages/airflow/example_dags/example_task_group_decorator.py
[2024-04-12T22:02:33.714+0000] {logging_mixin.py:188} INFO - [2024-04-12T22:02:33.713+0000] {dag.py:3096} INFO - Sync 1 DAGs
[2024-04-12T22:02:33.816+0000] {logging_mixin.py:188} INFO - [2024-04-12T22:02:33.815+0000] {dag.py:3954} INFO - Setting next_dagrun for example_task_group_decorator to 2024-04-11 00:00:00+00:00, run_after=2024-04-12 00:00:00+00:00
[2024-04-12T22:02:33.903+0000] {processor.py:183} INFO - Processing /home/airflow/.local/lib/python3.12/site-packages/airflow/example_dags/example_task_group_decorator.py took 0.452 seconds
[2024-04-12T22:03:04.097+0000] {processor.py:161} INFO - Started process (PID=716) to work on /home/airflow/.local/lib/python3.12/site-packages/airflow/example_dags/example_task_group_decorator.py
[2024-04-12T22:03:04.098+0000] {processor.py:830} INFO - Processing file /home/airflow/.local/lib/python3.12/site-packages/airflow/example_dags/example_task_group_decorator.py for tasks to queue
[2024-04-12T22:03:04.101+0000] {logging_mixin.py:188} INFO - [2024-04-12T22:03:04.101+0000] {dagbag.py:540} INFO - Filling up the DagBag from /home/airflow/.local/lib/python3.12/site-packages/airflow/example_dags/example_task_group_decorator.py
[2024-04-12T22:03:04.124+0000] {processor.py:840} INFO - DAG(s) 'example_task_group_decorator' retrieved from /home/airflow/.local/lib/python3.12/site-packages/airflow/example_dags/example_task_group_decorator.py
[2024-04-12T22:03:04.197+0000] {logging_mixin.py:188} INFO - [2024-04-12T22:03:04.197+0000] {dag.py:3096} INFO - Sync 1 DAGs
[2024-04-12T22:03:04.237+0000] {logging_mixin.py:188} INFO - [2024-04-12T22:03:04.236+0000] {dag.py:3954} INFO - Setting next_dagrun for example_task_group_decorator to 2024-04-11 00:00:00+00:00, run_after=2024-04-12 00:00:00+00:00
[2024-04-12T22:03:04.270+0000] {processor.py:183} INFO - Processing /home/airflow/.local/lib/python3.12/site-packages/airflow/example_dags/example_task_group_decorator.py took 0.184 seconds
[2024-04-12T22:03:34.484+0000] {processor.py:161} INFO - Started process (PID=775) to work on /home/airflow/.local/lib/python3.12/site-packages/airflow/example_dags/example_task_group_decorator.py
[2024-04-12T22:03:34.486+0000] {processor.py:830} INFO - Processing file /home/airflow/.local/lib/python3.12/site-packages/airflow/example_dags/example_task_group_decorator.py for tasks to queue
[2024-04-12T22:03:34.488+0000] {logging_mixin.py:188} INFO - [2024-04-12T22:03:34.488+0000] {dagbag.py:540} INFO - Filling up the DagBag from /home/airflow/.local/lib/python3.12/site-packages/airflow/example_dags/example_task_group_decorator.py
[2024-04-12T22:03:34.515+0000] {processor.py:840} INFO - DAG(s) 'example_task_group_decorator' retrieved from /home/airflow/.local/lib/python3.12/site-packages/airflow/example_dags/example_task_group_decorator.py
[2024-04-12T22:03:34.551+0000] {logging_mixin.py:188} INFO - [2024-04-12T22:03:34.550+0000] {dag.py:3096} INFO - Sync 1 DAGs
[2024-04-12T22:03:34.583+0000] {logging_mixin.py:188} INFO - [2024-04-12T22:03:34.583+0000] {dag.py:3954} INFO - Setting next_dagrun for example_task_group_decorator to 2024-04-11 00:00:00+00:00, run_after=2024-04-12 00:00:00+00:00
[2024-04-12T22:03:34.613+0000] {processor.py:183} INFO - Processing /home/airflow/.local/lib/python3.12/site-packages/airflow/example_dags/example_task_group_decorator.py took 0.144 seconds
[2024-04-12T22:04:05.034+0000] {processor.py:161} INFO - Started process (PID=835) to work on /home/airflow/.local/lib/python3.12/site-packages/airflow/example_dags/example_task_group_decorator.py
[2024-04-12T22:04:05.036+0000] {processor.py:830} INFO - Processing file /home/airflow/.local/lib/python3.12/site-packages/airflow/example_dags/example_task_group_decorator.py for tasks to queue
[2024-04-12T22:04:05.039+0000] {logging_mixin.py:188} INFO - [2024-04-12T22:04:05.038+0000] {dagbag.py:540} INFO - Filling up the DagBag from /home/airflow/.local/lib/python3.12/site-packages/airflow/example_dags/example_task_group_decorator.py
[2024-04-12T22:04:05.063+0000] {processor.py:840} INFO - DAG(s) 'example_task_group_decorator' retrieved from /home/airflow/.local/lib/python3.12/site-packages/airflow/example_dags/example_task_group_decorator.py
[2024-04-12T22:04:05.100+0000] {logging_mixin.py:188} INFO - [2024-04-12T22:04:05.099+0000] {dag.py:3096} INFO - Sync 1 DAGs
[2024-04-12T22:04:05.133+0000] {logging_mixin.py:188} INFO - [2024-04-12T22:04:05.133+0000] {dag.py:3954} INFO - Setting next_dagrun for example_task_group_decorator to 2024-04-11 00:00:00+00:00, run_after=2024-04-12 00:00:00+00:00
[2024-04-12T22:04:05.164+0000] {processor.py:183} INFO - Processing /home/airflow/.local/lib/python3.12/site-packages/airflow/example_dags/example_task_group_decorator.py took 0.140 seconds
[2024-04-12T22:04:35.747+0000] {processor.py:161} INFO - Started process (PID=894) to work on /home/airflow/.local/lib/python3.12/site-packages/airflow/example_dags/example_task_group_decorator.py
[2024-04-12T22:04:35.749+0000] {processor.py:830} INFO - Processing file /home/airflow/.local/lib/python3.12/site-packages/airflow/example_dags/example_task_group_decorator.py for tasks to queue
[2024-04-12T22:04:35.754+0000] {logging_mixin.py:188} INFO - [2024-04-12T22:04:35.753+0000] {dagbag.py:540} INFO - Filling up the DagBag from /home/airflow/.local/lib/python3.12/site-packages/airflow/example_dags/example_task_group_decorator.py
[2024-04-12T22:04:35.783+0000] {processor.py:840} INFO - DAG(s) 'example_task_group_decorator' retrieved from /home/airflow/.local/lib/python3.12/site-packages/airflow/example_dags/example_task_group_decorator.py
[2024-04-12T22:04:35.838+0000] {logging_mixin.py:188} INFO - [2024-04-12T22:04:35.838+0000] {dag.py:3096} INFO - Sync 1 DAGs
[2024-04-12T22:04:36.068+0000] {logging_mixin.py:188} INFO - [2024-04-12T22:04:36.067+0000] {dag.py:3954} INFO - Setting next_dagrun for example_task_group_decorator to 2024-04-11 00:00:00+00:00, run_after=2024-04-12 00:00:00+00:00
[2024-04-12T22:04:36.097+0000] {processor.py:183} INFO - Processing /home/airflow/.local/lib/python3.12/site-packages/airflow/example_dags/example_task_group_decorator.py took 0.367 seconds
[2024-04-12T22:05:06.658+0000] {processor.py:161} INFO - Started process (PID=953) to work on /home/airflow/.local/lib/python3.12/site-packages/airflow/example_dags/example_task_group_decorator.py
[2024-04-12T22:05:06.660+0000] {processor.py:830} INFO - Processing file /home/airflow/.local/lib/python3.12/site-packages/airflow/example_dags/example_task_group_decorator.py for tasks to queue
[2024-04-12T22:05:06.662+0000] {logging_mixin.py:188} INFO - [2024-04-12T22:05:06.662+0000] {dagbag.py:540} INFO - Filling up the DagBag from /home/airflow/.local/lib/python3.12/site-packages/airflow/example_dags/example_task_group_decorator.py
[2024-04-12T22:05:06.680+0000] {processor.py:840} INFO - DAG(s) 'example_task_group_decorator' retrieved from /home/airflow/.local/lib/python3.12/site-packages/airflow/example_dags/example_task_group_decorator.py
[2024-04-12T22:05:06.712+0000] {logging_mixin.py:188} INFO - [2024-04-12T22:05:06.712+0000] {dag.py:3096} INFO - Sync 1 DAGs
[2024-04-12T22:05:06.746+0000] {logging_mixin.py:188} INFO - [2024-04-12T22:05:06.746+0000] {dag.py:3954} INFO - Setting next_dagrun for example_task_group_decorator to 2024-04-11 00:00:00+00:00, run_after=2024-04-12 00:00:00+00:00
[2024-04-12T22:05:06.773+0000] {processor.py:183} INFO - Processing /home/airflow/.local/lib/python3.12/site-packages/airflow/example_dags/example_task_group_decorator.py took 0.122 seconds
[2024-04-12T22:05:36.891+0000] {processor.py:161} INFO - Started process (PID=1012) to work on /home/airflow/.local/lib/python3.12/site-packages/airflow/example_dags/example_task_group_decorator.py
[2024-04-12T22:05:36.892+0000] {processor.py:830} INFO - Processing file /home/airflow/.local/lib/python3.12/site-packages/airflow/example_dags/example_task_group_decorator.py for tasks to queue
[2024-04-12T22:05:36.895+0000] {logging_mixin.py:188} INFO - [2024-04-12T22:05:36.894+0000] {dagbag.py:540} INFO - Filling up the DagBag from /home/airflow/.local/lib/python3.12/site-packages/airflow/example_dags/example_task_group_decorator.py
[2024-04-12T22:05:36.910+0000] {processor.py:840} INFO - DAG(s) 'example_task_group_decorator' retrieved from /home/airflow/.local/lib/python3.12/site-packages/airflow/example_dags/example_task_group_decorator.py
[2024-04-12T22:05:36.937+0000] {logging_mixin.py:188} INFO - [2024-04-12T22:05:36.936+0000] {dag.py:3096} INFO - Sync 1 DAGs
[2024-04-12T22:05:36.960+0000] {logging_mixin.py:188} INFO - [2024-04-12T22:05:36.960+0000] {dag.py:3954} INFO - Setting next_dagrun for example_task_group_decorator to 2024-04-11 00:00:00+00:00, run_after=2024-04-12 00:00:00+00:00
[2024-04-12T22:05:36.983+0000] {processor.py:183} INFO - Processing /home/airflow/.local/lib/python3.12/site-packages/airflow/example_dags/example_task_group_decorator.py took 0.098 seconds
