[2024-04-12T21:14:41.423+0000] {processor.py:161} INFO - Started process (PID=75) to work on /home/airflow/.local/lib/python3.12/site-packages/airflow/example_dags/example_short_circuit_operator.py
[2024-04-12T21:14:41.426+0000] {processor.py:830} INFO - Processing file /home/airflow/.local/lib/python3.12/site-packages/airflow/example_dags/example_short_circuit_operator.py for tasks to queue
[2024-04-12T21:14:41.440+0000] {logging_mixin.py:188} INFO - [2024-04-12T21:14:41.439+0000] {dagbag.py:540} INFO - Filling up the DagBag from /home/airflow/.local/lib/python3.12/site-packages/airflow/example_dags/example_short_circuit_operator.py
[2024-04-12T21:14:41.492+0000] {processor.py:840} INFO - DAG(s) 'example_short_circuit_operator' retrieved from /home/airflow/.local/lib/python3.12/site-packages/airflow/example_dags/example_short_circuit_operator.py
[2024-04-12T21:14:42.024+0000] {logging_mixin.py:188} INFO - [2024-04-12T21:14:42.023+0000] {dag.py:3096} INFO - Sync 1 DAGs
[2024-04-12T21:14:42.147+0000] {logging_mixin.py:188} INFO - [2024-04-12T21:14:42.146+0000] {dag.py:3954} INFO - Setting next_dagrun for example_short_circuit_operator to 2024-04-11 00:00:00+00:00, run_after=2024-04-12 00:00:00+00:00
[2024-04-12T21:14:42.271+0000] {processor.py:183} INFO - Processing /home/airflow/.local/lib/python3.12/site-packages/airflow/example_dags/example_short_circuit_operator.py took 0.877 seconds
[2024-04-12T21:15:30.656+0000] {processor.py:161} INFO - Started process (PID=140) to work on /home/airflow/.local/lib/python3.12/site-packages/airflow/example_dags/example_short_circuit_operator.py
[2024-04-12T21:15:30.664+0000] {processor.py:830} INFO - Processing file /home/airflow/.local/lib/python3.12/site-packages/airflow/example_dags/example_short_circuit_operator.py for tasks to queue
[2024-04-12T21:15:30.673+0000] {logging_mixin.py:188} INFO - [2024-04-12T21:15:30.672+0000] {dagbag.py:540} INFO - Filling up the DagBag from /home/airflow/.local/lib/python3.12/site-packages/airflow/example_dags/example_short_circuit_operator.py
[2024-04-12T21:15:30.722+0000] {processor.py:840} INFO - DAG(s) 'example_short_circuit_operator' retrieved from /home/airflow/.local/lib/python3.12/site-packages/airflow/example_dags/example_short_circuit_operator.py
[2024-04-12T21:15:30.900+0000] {logging_mixin.py:188} INFO - [2024-04-12T21:15:30.900+0000] {dag.py:3096} INFO - Sync 1 DAGs
[2024-04-12T21:15:30.986+0000] {logging_mixin.py:188} INFO - [2024-04-12T21:15:30.985+0000] {dag.py:3954} INFO - Setting next_dagrun for example_short_circuit_operator to 2024-04-11 00:00:00+00:00, run_after=2024-04-12 00:00:00+00:00
[2024-04-12T21:15:31.076+0000] {processor.py:183} INFO - Processing /home/airflow/.local/lib/python3.12/site-packages/airflow/example_dags/example_short_circuit_operator.py took 0.436 seconds
[2024-04-12T21:16:01.821+0000] {processor.py:161} INFO - Started process (PID=199) to work on /home/airflow/.local/lib/python3.12/site-packages/airflow/example_dags/example_short_circuit_operator.py
[2024-04-12T21:16:01.822+0000] {processor.py:830} INFO - Processing file /home/airflow/.local/lib/python3.12/site-packages/airflow/example_dags/example_short_circuit_operator.py for tasks to queue
[2024-04-12T21:16:01.825+0000] {logging_mixin.py:188} INFO - [2024-04-12T21:16:01.825+0000] {dagbag.py:540} INFO - Filling up the DagBag from /home/airflow/.local/lib/python3.12/site-packages/airflow/example_dags/example_short_circuit_operator.py
[2024-04-12T21:16:01.842+0000] {processor.py:840} INFO - DAG(s) 'example_short_circuit_operator' retrieved from /home/airflow/.local/lib/python3.12/site-packages/airflow/example_dags/example_short_circuit_operator.py
[2024-04-12T21:16:01.889+0000] {logging_mixin.py:188} INFO - [2024-04-12T21:16:01.889+0000] {dag.py:3096} INFO - Sync 1 DAGs
[2024-04-12T21:16:01.942+0000] {logging_mixin.py:188} INFO - [2024-04-12T21:16:01.942+0000] {dag.py:3954} INFO - Setting next_dagrun for example_short_circuit_operator to 2024-04-11 00:00:00+00:00, run_after=2024-04-12 00:00:00+00:00
[2024-04-12T21:16:02.015+0000] {processor.py:183} INFO - Processing /home/airflow/.local/lib/python3.12/site-packages/airflow/example_dags/example_short_circuit_operator.py took 0.203 seconds
[2024-04-12T21:16:32.099+0000] {processor.py:161} INFO - Started process (PID=257) to work on /home/airflow/.local/lib/python3.12/site-packages/airflow/example_dags/example_short_circuit_operator.py
[2024-04-12T21:16:32.101+0000] {processor.py:830} INFO - Processing file /home/airflow/.local/lib/python3.12/site-packages/airflow/example_dags/example_short_circuit_operator.py for tasks to queue
[2024-04-12T21:16:32.105+0000] {logging_mixin.py:188} INFO - [2024-04-12T21:16:32.105+0000] {dagbag.py:540} INFO - Filling up the DagBag from /home/airflow/.local/lib/python3.12/site-packages/airflow/example_dags/example_short_circuit_operator.py
[2024-04-12T21:16:32.115+0000] {processor.py:840} INFO - DAG(s) 'example_short_circuit_operator' retrieved from /home/airflow/.local/lib/python3.12/site-packages/airflow/example_dags/example_short_circuit_operator.py
[2024-04-12T21:16:32.149+0000] {logging_mixin.py:188} INFO - [2024-04-12T21:16:32.149+0000] {dag.py:3096} INFO - Sync 1 DAGs
[2024-04-12T21:16:32.189+0000] {logging_mixin.py:188} INFO - [2024-04-12T21:16:32.189+0000] {dag.py:3954} INFO - Setting next_dagrun for example_short_circuit_operator to 2024-04-11 00:00:00+00:00, run_after=2024-04-12 00:00:00+00:00
[2024-04-12T21:16:32.225+0000] {processor.py:183} INFO - Processing /home/airflow/.local/lib/python3.12/site-packages/airflow/example_dags/example_short_circuit_operator.py took 0.134 seconds
[2024-04-12T21:17:02.571+0000] {processor.py:161} INFO - Started process (PID=314) to work on /home/airflow/.local/lib/python3.12/site-packages/airflow/example_dags/example_short_circuit_operator.py
[2024-04-12T21:17:02.572+0000] {processor.py:830} INFO - Processing file /home/airflow/.local/lib/python3.12/site-packages/airflow/example_dags/example_short_circuit_operator.py for tasks to queue
[2024-04-12T21:17:02.575+0000] {logging_mixin.py:188} INFO - [2024-04-12T21:17:02.574+0000] {dagbag.py:540} INFO - Filling up the DagBag from /home/airflow/.local/lib/python3.12/site-packages/airflow/example_dags/example_short_circuit_operator.py
[2024-04-12T21:17:02.582+0000] {processor.py:840} INFO - DAG(s) 'example_short_circuit_operator' retrieved from /home/airflow/.local/lib/python3.12/site-packages/airflow/example_dags/example_short_circuit_operator.py
[2024-04-12T21:17:02.616+0000] {logging_mixin.py:188} INFO - [2024-04-12T21:17:02.615+0000] {dag.py:3096} INFO - Sync 1 DAGs
[2024-04-12T21:17:02.644+0000] {logging_mixin.py:188} INFO - [2024-04-12T21:17:02.644+0000] {dag.py:3954} INFO - Setting next_dagrun for example_short_circuit_operator to 2024-04-11 00:00:00+00:00, run_after=2024-04-12 00:00:00+00:00
[2024-04-12T21:17:02.668+0000] {processor.py:183} INFO - Processing /home/airflow/.local/lib/python3.12/site-packages/airflow/example_dags/example_short_circuit_operator.py took 0.104 seconds
[2024-04-12T21:17:33.546+0000] {processor.py:161} INFO - Started process (PID=372) to work on /home/airflow/.local/lib/python3.12/site-packages/airflow/example_dags/example_short_circuit_operator.py
[2024-04-12T21:17:33.548+0000] {processor.py:830} INFO - Processing file /home/airflow/.local/lib/python3.12/site-packages/airflow/example_dags/example_short_circuit_operator.py for tasks to queue
[2024-04-12T21:17:33.550+0000] {logging_mixin.py:188} INFO - [2024-04-12T21:17:33.550+0000] {dagbag.py:540} INFO - Filling up the DagBag from /home/airflow/.local/lib/python3.12/site-packages/airflow/example_dags/example_short_circuit_operator.py
[2024-04-12T21:17:33.558+0000] {processor.py:840} INFO - DAG(s) 'example_short_circuit_operator' retrieved from /home/airflow/.local/lib/python3.12/site-packages/airflow/example_dags/example_short_circuit_operator.py
[2024-04-12T21:17:33.590+0000] {logging_mixin.py:188} INFO - [2024-04-12T21:17:33.590+0000] {dag.py:3096} INFO - Sync 1 DAGs
[2024-04-12T21:17:33.620+0000] {logging_mixin.py:188} INFO - [2024-04-12T21:17:33.620+0000] {dag.py:3954} INFO - Setting next_dagrun for example_short_circuit_operator to 2024-04-11 00:00:00+00:00, run_after=2024-04-12 00:00:00+00:00
[2024-04-12T21:17:33.651+0000] {processor.py:183} INFO - Processing /home/airflow/.local/lib/python3.12/site-packages/airflow/example_dags/example_short_circuit_operator.py took 0.113 seconds
[2024-04-12T21:18:04.197+0000] {processor.py:161} INFO - Started process (PID=430) to work on /home/airflow/.local/lib/python3.12/site-packages/airflow/example_dags/example_short_circuit_operator.py
[2024-04-12T21:18:04.199+0000] {processor.py:830} INFO - Processing file /home/airflow/.local/lib/python3.12/site-packages/airflow/example_dags/example_short_circuit_operator.py for tasks to queue
[2024-04-12T21:18:04.201+0000] {logging_mixin.py:188} INFO - [2024-04-12T21:18:04.201+0000] {dagbag.py:540} INFO - Filling up the DagBag from /home/airflow/.local/lib/python3.12/site-packages/airflow/example_dags/example_short_circuit_operator.py
[2024-04-12T21:18:04.211+0000] {processor.py:840} INFO - DAG(s) 'example_short_circuit_operator' retrieved from /home/airflow/.local/lib/python3.12/site-packages/airflow/example_dags/example_short_circuit_operator.py
[2024-04-12T21:18:04.244+0000] {logging_mixin.py:188} INFO - [2024-04-12T21:18:04.244+0000] {dag.py:3096} INFO - Sync 1 DAGs
[2024-04-12T21:18:04.274+0000] {logging_mixin.py:188} INFO - [2024-04-12T21:18:04.274+0000] {dag.py:3954} INFO - Setting next_dagrun for example_short_circuit_operator to 2024-04-11 00:00:00+00:00, run_after=2024-04-12 00:00:00+00:00
[2024-04-12T21:18:04.306+0000] {processor.py:183} INFO - Processing /home/airflow/.local/lib/python3.12/site-packages/airflow/example_dags/example_short_circuit_operator.py took 0.115 seconds
[2024-04-12T21:18:34.993+0000] {processor.py:161} INFO - Started process (PID=487) to work on /home/airflow/.local/lib/python3.12/site-packages/airflow/example_dags/example_short_circuit_operator.py
[2024-04-12T21:18:34.994+0000] {processor.py:830} INFO - Processing file /home/airflow/.local/lib/python3.12/site-packages/airflow/example_dags/example_short_circuit_operator.py for tasks to queue
[2024-04-12T21:18:34.998+0000] {logging_mixin.py:188} INFO - [2024-04-12T21:18:34.997+0000] {dagbag.py:540} INFO - Filling up the DagBag from /home/airflow/.local/lib/python3.12/site-packages/airflow/example_dags/example_short_circuit_operator.py
[2024-04-12T21:18:35.006+0000] {processor.py:840} INFO - DAG(s) 'example_short_circuit_operator' retrieved from /home/airflow/.local/lib/python3.12/site-packages/airflow/example_dags/example_short_circuit_operator.py
[2024-04-12T21:18:35.032+0000] {logging_mixin.py:188} INFO - [2024-04-12T21:18:35.031+0000] {dag.py:3096} INFO - Sync 1 DAGs
[2024-04-12T21:18:35.060+0000] {logging_mixin.py:188} INFO - [2024-04-12T21:18:35.060+0000] {dag.py:3954} INFO - Setting next_dagrun for example_short_circuit_operator to 2024-04-11 00:00:00+00:00, run_after=2024-04-12 00:00:00+00:00
[2024-04-12T21:18:35.085+0000] {processor.py:183} INFO - Processing /home/airflow/.local/lib/python3.12/site-packages/airflow/example_dags/example_short_circuit_operator.py took 0.101 seconds
[2024-04-12T21:19:05.689+0000] {processor.py:161} INFO - Started process (PID=545) to work on /home/airflow/.local/lib/python3.12/site-packages/airflow/example_dags/example_short_circuit_operator.py
[2024-04-12T21:19:05.691+0000] {processor.py:830} INFO - Processing file /home/airflow/.local/lib/python3.12/site-packages/airflow/example_dags/example_short_circuit_operator.py for tasks to queue
[2024-04-12T21:19:05.694+0000] {logging_mixin.py:188} INFO - [2024-04-12T21:19:05.694+0000] {dagbag.py:540} INFO - Filling up the DagBag from /home/airflow/.local/lib/python3.12/site-packages/airflow/example_dags/example_short_circuit_operator.py
[2024-04-12T21:19:05.708+0000] {processor.py:840} INFO - DAG(s) 'example_short_circuit_operator' retrieved from /home/airflow/.local/lib/python3.12/site-packages/airflow/example_dags/example_short_circuit_operator.py
[2024-04-12T21:19:05.749+0000] {logging_mixin.py:188} INFO - [2024-04-12T21:19:05.748+0000] {dag.py:3096} INFO - Sync 1 DAGs
[2024-04-12T21:19:05.795+0000] {logging_mixin.py:188} INFO - [2024-04-12T21:19:05.795+0000] {dag.py:3954} INFO - Setting next_dagrun for example_short_circuit_operator to 2024-04-11 00:00:00+00:00, run_after=2024-04-12 00:00:00+00:00
[2024-04-12T21:19:05.898+0000] {processor.py:183} INFO - Processing /home/airflow/.local/lib/python3.12/site-packages/airflow/example_dags/example_short_circuit_operator.py took 0.218 seconds
[2024-04-12T21:19:35.997+0000] {processor.py:161} INFO - Started process (PID=603) to work on /home/airflow/.local/lib/python3.12/site-packages/airflow/example_dags/example_short_circuit_operator.py
[2024-04-12T21:19:36.001+0000] {processor.py:830} INFO - Processing file /home/airflow/.local/lib/python3.12/site-packages/airflow/example_dags/example_short_circuit_operator.py for tasks to queue
[2024-04-12T21:19:36.004+0000] {logging_mixin.py:188} INFO - [2024-04-12T21:19:36.003+0000] {dagbag.py:540} INFO - Filling up the DagBag from /home/airflow/.local/lib/python3.12/site-packages/airflow/example_dags/example_short_circuit_operator.py
[2024-04-12T21:19:36.020+0000] {processor.py:840} INFO - DAG(s) 'example_short_circuit_operator' retrieved from /home/airflow/.local/lib/python3.12/site-packages/airflow/example_dags/example_short_circuit_operator.py
[2024-04-12T21:19:36.062+0000] {logging_mixin.py:188} INFO - [2024-04-12T21:19:36.061+0000] {dag.py:3096} INFO - Sync 1 DAGs
[2024-04-12T21:19:36.092+0000] {logging_mixin.py:188} INFO - [2024-04-12T21:19:36.092+0000] {dag.py:3954} INFO - Setting next_dagrun for example_short_circuit_operator to 2024-04-11 00:00:00+00:00, run_after=2024-04-12 00:00:00+00:00
[2024-04-12T21:19:36.126+0000] {processor.py:183} INFO - Processing /home/airflow/.local/lib/python3.12/site-packages/airflow/example_dags/example_short_circuit_operator.py took 0.143 seconds
[2024-04-12T21:20:06.454+0000] {processor.py:161} INFO - Started process (PID=662) to work on /home/airflow/.local/lib/python3.12/site-packages/airflow/example_dags/example_short_circuit_operator.py
[2024-04-12T21:20:06.456+0000] {processor.py:830} INFO - Processing file /home/airflow/.local/lib/python3.12/site-packages/airflow/example_dags/example_short_circuit_operator.py for tasks to queue
[2024-04-12T21:20:06.458+0000] {logging_mixin.py:188} INFO - [2024-04-12T21:20:06.457+0000] {dagbag.py:540} INFO - Filling up the DagBag from /home/airflow/.local/lib/python3.12/site-packages/airflow/example_dags/example_short_circuit_operator.py
[2024-04-12T21:20:06.466+0000] {processor.py:840} INFO - DAG(s) 'example_short_circuit_operator' retrieved from /home/airflow/.local/lib/python3.12/site-packages/airflow/example_dags/example_short_circuit_operator.py
[2024-04-12T21:20:06.554+0000] {logging_mixin.py:188} INFO - [2024-04-12T21:20:06.554+0000] {dag.py:3096} INFO - Sync 1 DAGs
[2024-04-12T21:20:06.589+0000] {logging_mixin.py:188} INFO - [2024-04-12T21:20:06.589+0000] {dag.py:3954} INFO - Setting next_dagrun for example_short_circuit_operator to 2024-04-11 00:00:00+00:00, run_after=2024-04-12 00:00:00+00:00
[2024-04-12T21:20:06.615+0000] {processor.py:183} INFO - Processing /home/airflow/.local/lib/python3.12/site-packages/airflow/example_dags/example_short_circuit_operator.py took 0.168 seconds
[2024-04-12T21:20:36.725+0000] {processor.py:161} INFO - Started process (PID=720) to work on /home/airflow/.local/lib/python3.12/site-packages/airflow/example_dags/example_short_circuit_operator.py
[2024-04-12T21:20:36.727+0000] {processor.py:830} INFO - Processing file /home/airflow/.local/lib/python3.12/site-packages/airflow/example_dags/example_short_circuit_operator.py for tasks to queue
[2024-04-12T21:20:36.732+0000] {logging_mixin.py:188} INFO - [2024-04-12T21:20:36.731+0000] {dagbag.py:540} INFO - Filling up the DagBag from /home/airflow/.local/lib/python3.12/site-packages/airflow/example_dags/example_short_circuit_operator.py
[2024-04-12T21:20:36.743+0000] {processor.py:840} INFO - DAG(s) 'example_short_circuit_operator' retrieved from /home/airflow/.local/lib/python3.12/site-packages/airflow/example_dags/example_short_circuit_operator.py
[2024-04-12T21:20:36.778+0000] {logging_mixin.py:188} INFO - [2024-04-12T21:20:36.777+0000] {dag.py:3096} INFO - Sync 1 DAGs
[2024-04-12T21:20:36.819+0000] {logging_mixin.py:188} INFO - [2024-04-12T21:20:36.818+0000] {dag.py:3954} INFO - Setting next_dagrun for example_short_circuit_operator to 2024-04-11 00:00:00+00:00, run_after=2024-04-12 00:00:00+00:00
[2024-04-12T21:20:36.858+0000] {processor.py:183} INFO - Processing /home/airflow/.local/lib/python3.12/site-packages/airflow/example_dags/example_short_circuit_operator.py took 0.140 seconds
[2024-04-12T21:21:07.580+0000] {processor.py:161} INFO - Started process (PID=779) to work on /home/airflow/.local/lib/python3.12/site-packages/airflow/example_dags/example_short_circuit_operator.py
[2024-04-12T21:21:07.582+0000] {processor.py:830} INFO - Processing file /home/airflow/.local/lib/python3.12/site-packages/airflow/example_dags/example_short_circuit_operator.py for tasks to queue
[2024-04-12T21:21:07.609+0000] {logging_mixin.py:188} INFO - [2024-04-12T21:21:07.609+0000] {dagbag.py:540} INFO - Filling up the DagBag from /home/airflow/.local/lib/python3.12/site-packages/airflow/example_dags/example_short_circuit_operator.py
[2024-04-12T21:21:07.640+0000] {processor.py:840} INFO - DAG(s) 'example_short_circuit_operator' retrieved from /home/airflow/.local/lib/python3.12/site-packages/airflow/example_dags/example_short_circuit_operator.py
[2024-04-12T21:21:07.728+0000] {logging_mixin.py:188} INFO - [2024-04-12T21:21:07.727+0000] {dag.py:3096} INFO - Sync 1 DAGs
[2024-04-12T21:21:07.835+0000] {logging_mixin.py:188} INFO - [2024-04-12T21:21:07.835+0000] {dag.py:3954} INFO - Setting next_dagrun for example_short_circuit_operator to 2024-04-11 00:00:00+00:00, run_after=2024-04-12 00:00:00+00:00
[2024-04-12T21:21:07.931+0000] {processor.py:183} INFO - Processing /home/airflow/.local/lib/python3.12/site-packages/airflow/example_dags/example_short_circuit_operator.py took 0.372 seconds
[2024-04-12T21:21:38.773+0000] {processor.py:161} INFO - Started process (PID=837) to work on /home/airflow/.local/lib/python3.12/site-packages/airflow/example_dags/example_short_circuit_operator.py
[2024-04-12T21:21:38.774+0000] {processor.py:830} INFO - Processing file /home/airflow/.local/lib/python3.12/site-packages/airflow/example_dags/example_short_circuit_operator.py for tasks to queue
[2024-04-12T21:21:38.777+0000] {logging_mixin.py:188} INFO - [2024-04-12T21:21:38.777+0000] {dagbag.py:540} INFO - Filling up the DagBag from /home/airflow/.local/lib/python3.12/site-packages/airflow/example_dags/example_short_circuit_operator.py
[2024-04-12T21:21:38.787+0000] {processor.py:840} INFO - DAG(s) 'example_short_circuit_operator' retrieved from /home/airflow/.local/lib/python3.12/site-packages/airflow/example_dags/example_short_circuit_operator.py
[2024-04-12T21:21:38.824+0000] {logging_mixin.py:188} INFO - [2024-04-12T21:21:38.823+0000] {dag.py:3096} INFO - Sync 1 DAGs
[2024-04-12T21:21:38.864+0000] {logging_mixin.py:188} INFO - [2024-04-12T21:21:38.863+0000] {dag.py:3954} INFO - Setting next_dagrun for example_short_circuit_operator to 2024-04-11 00:00:00+00:00, run_after=2024-04-12 00:00:00+00:00
[2024-04-12T21:21:38.917+0000] {processor.py:183} INFO - Processing /home/airflow/.local/lib/python3.12/site-packages/airflow/example_dags/example_short_circuit_operator.py took 0.152 seconds
[2024-04-12T21:22:09.645+0000] {processor.py:161} INFO - Started process (PID=895) to work on /home/airflow/.local/lib/python3.12/site-packages/airflow/example_dags/example_short_circuit_operator.py
[2024-04-12T21:22:09.647+0000] {processor.py:830} INFO - Processing file /home/airflow/.local/lib/python3.12/site-packages/airflow/example_dags/example_short_circuit_operator.py for tasks to queue
[2024-04-12T21:22:09.649+0000] {logging_mixin.py:188} INFO - [2024-04-12T21:22:09.649+0000] {dagbag.py:540} INFO - Filling up the DagBag from /home/airflow/.local/lib/python3.12/site-packages/airflow/example_dags/example_short_circuit_operator.py
[2024-04-12T21:22:09.658+0000] {processor.py:840} INFO - DAG(s) 'example_short_circuit_operator' retrieved from /home/airflow/.local/lib/python3.12/site-packages/airflow/example_dags/example_short_circuit_operator.py
[2024-04-12T21:22:09.691+0000] {logging_mixin.py:188} INFO - [2024-04-12T21:22:09.690+0000] {dag.py:3096} INFO - Sync 1 DAGs
[2024-04-12T21:22:09.720+0000] {logging_mixin.py:188} INFO - [2024-04-12T21:22:09.720+0000] {dag.py:3954} INFO - Setting next_dagrun for example_short_circuit_operator to 2024-04-11 00:00:00+00:00, run_after=2024-04-12 00:00:00+00:00
[2024-04-12T21:22:09.753+0000] {processor.py:183} INFO - Processing /home/airflow/.local/lib/python3.12/site-packages/airflow/example_dags/example_short_circuit_operator.py took 0.115 seconds
[2024-04-12T21:22:40.282+0000] {processor.py:161} INFO - Started process (PID=953) to work on /home/airflow/.local/lib/python3.12/site-packages/airflow/example_dags/example_short_circuit_operator.py
[2024-04-12T21:22:40.283+0000] {processor.py:830} INFO - Processing file /home/airflow/.local/lib/python3.12/site-packages/airflow/example_dags/example_short_circuit_operator.py for tasks to queue
[2024-04-12T21:22:40.286+0000] {logging_mixin.py:188} INFO - [2024-04-12T21:22:40.285+0000] {dagbag.py:540} INFO - Filling up the DagBag from /home/airflow/.local/lib/python3.12/site-packages/airflow/example_dags/example_short_circuit_operator.py
[2024-04-12T21:22:40.295+0000] {processor.py:840} INFO - DAG(s) 'example_short_circuit_operator' retrieved from /home/airflow/.local/lib/python3.12/site-packages/airflow/example_dags/example_short_circuit_operator.py
[2024-04-12T21:22:40.331+0000] {logging_mixin.py:188} INFO - [2024-04-12T21:22:40.330+0000] {dag.py:3096} INFO - Sync 1 DAGs
[2024-04-12T21:22:40.360+0000] {logging_mixin.py:188} INFO - [2024-04-12T21:22:40.359+0000] {dag.py:3954} INFO - Setting next_dagrun for example_short_circuit_operator to 2024-04-11 00:00:00+00:00, run_after=2024-04-12 00:00:00+00:00
[2024-04-12T21:22:40.390+0000] {processor.py:183} INFO - Processing /home/airflow/.local/lib/python3.12/site-packages/airflow/example_dags/example_short_circuit_operator.py took 0.118 seconds
[2024-04-12T21:23:10.547+0000] {processor.py:161} INFO - Started process (PID=1010) to work on /home/airflow/.local/lib/python3.12/site-packages/airflow/example_dags/example_short_circuit_operator.py
[2024-04-12T21:23:10.548+0000] {processor.py:830} INFO - Processing file /home/airflow/.local/lib/python3.12/site-packages/airflow/example_dags/example_short_circuit_operator.py for tasks to queue
[2024-04-12T21:23:10.551+0000] {logging_mixin.py:188} INFO - [2024-04-12T21:23:10.551+0000] {dagbag.py:540} INFO - Filling up the DagBag from /home/airflow/.local/lib/python3.12/site-packages/airflow/example_dags/example_short_circuit_operator.py
[2024-04-12T21:23:10.561+0000] {processor.py:840} INFO - DAG(s) 'example_short_circuit_operator' retrieved from /home/airflow/.local/lib/python3.12/site-packages/airflow/example_dags/example_short_circuit_operator.py
[2024-04-12T21:23:10.590+0000] {logging_mixin.py:188} INFO - [2024-04-12T21:23:10.589+0000] {dag.py:3096} INFO - Sync 1 DAGs
[2024-04-12T21:23:10.620+0000] {logging_mixin.py:188} INFO - [2024-04-12T21:23:10.619+0000] {dag.py:3954} INFO - Setting next_dagrun for example_short_circuit_operator to 2024-04-11 00:00:00+00:00, run_after=2024-04-12 00:00:00+00:00
[2024-04-12T21:23:10.647+0000] {processor.py:183} INFO - Processing /home/airflow/.local/lib/python3.12/site-packages/airflow/example_dags/example_short_circuit_operator.py took 0.108 seconds
[2024-04-12T21:23:41.150+0000] {processor.py:161} INFO - Started process (PID=1069) to work on /home/airflow/.local/lib/python3.12/site-packages/airflow/example_dags/example_short_circuit_operator.py
[2024-04-12T21:23:41.152+0000] {processor.py:830} INFO - Processing file /home/airflow/.local/lib/python3.12/site-packages/airflow/example_dags/example_short_circuit_operator.py for tasks to queue
[2024-04-12T21:23:41.155+0000] {logging_mixin.py:188} INFO - [2024-04-12T21:23:41.154+0000] {dagbag.py:540} INFO - Filling up the DagBag from /home/airflow/.local/lib/python3.12/site-packages/airflow/example_dags/example_short_circuit_operator.py
[2024-04-12T21:23:41.167+0000] {processor.py:840} INFO - DAG(s) 'example_short_circuit_operator' retrieved from /home/airflow/.local/lib/python3.12/site-packages/airflow/example_dags/example_short_circuit_operator.py
[2024-04-12T21:23:41.205+0000] {logging_mixin.py:188} INFO - [2024-04-12T21:23:41.205+0000] {dag.py:3096} INFO - Sync 1 DAGs
[2024-04-12T21:23:41.233+0000] {logging_mixin.py:188} INFO - [2024-04-12T21:23:41.233+0000] {dag.py:3954} INFO - Setting next_dagrun for example_short_circuit_operator to 2024-04-11 00:00:00+00:00, run_after=2024-04-12 00:00:00+00:00
[2024-04-12T21:23:41.262+0000] {processor.py:183} INFO - Processing /home/airflow/.local/lib/python3.12/site-packages/airflow/example_dags/example_short_circuit_operator.py took 0.120 seconds
[2024-04-12T21:28:03.779+0000] {processor.py:161} INFO - Started process (PID=55) to work on /home/airflow/.local/lib/python3.12/site-packages/airflow/example_dags/example_short_circuit_operator.py
[2024-04-12T21:28:03.782+0000] {processor.py:830} INFO - Processing file /home/airflow/.local/lib/python3.12/site-packages/airflow/example_dags/example_short_circuit_operator.py for tasks to queue
[2024-04-12T21:28:03.787+0000] {logging_mixin.py:188} INFO - [2024-04-12T21:28:03.786+0000] {dagbag.py:540} INFO - Filling up the DagBag from /home/airflow/.local/lib/python3.12/site-packages/airflow/example_dags/example_short_circuit_operator.py
[2024-04-12T21:28:03.805+0000] {processor.py:840} INFO - DAG(s) 'example_short_circuit_operator' retrieved from /home/airflow/.local/lib/python3.12/site-packages/airflow/example_dags/example_short_circuit_operator.py
[2024-04-12T21:28:04.056+0000] {logging_mixin.py:188} INFO - [2024-04-12T21:28:04.056+0000] {dag.py:3096} INFO - Sync 1 DAGs
[2024-04-12T21:28:04.124+0000] {logging_mixin.py:188} INFO - [2024-04-12T21:28:04.124+0000] {dag.py:3954} INFO - Setting next_dagrun for example_short_circuit_operator to 2024-04-11 00:00:00+00:00, run_after=2024-04-12 00:00:00+00:00
[2024-04-12T21:28:04.164+0000] {processor.py:183} INFO - Processing /home/airflow/.local/lib/python3.12/site-packages/airflow/example_dags/example_short_circuit_operator.py took 0.397 seconds
[2024-04-12T21:28:34.235+0000] {processor.py:161} INFO - Started process (PID=113) to work on /home/airflow/.local/lib/python3.12/site-packages/airflow/example_dags/example_short_circuit_operator.py
[2024-04-12T21:28:34.236+0000] {processor.py:830} INFO - Processing file /home/airflow/.local/lib/python3.12/site-packages/airflow/example_dags/example_short_circuit_operator.py for tasks to queue
[2024-04-12T21:28:34.239+0000] {logging_mixin.py:188} INFO - [2024-04-12T21:28:34.239+0000] {dagbag.py:540} INFO - Filling up the DagBag from /home/airflow/.local/lib/python3.12/site-packages/airflow/example_dags/example_short_circuit_operator.py
[2024-04-12T21:28:34.256+0000] {processor.py:840} INFO - DAG(s) 'example_short_circuit_operator' retrieved from /home/airflow/.local/lib/python3.12/site-packages/airflow/example_dags/example_short_circuit_operator.py
[2024-04-12T21:28:34.310+0000] {logging_mixin.py:188} INFO - [2024-04-12T21:28:34.309+0000] {dag.py:3096} INFO - Sync 1 DAGs
[2024-04-12T21:28:34.358+0000] {logging_mixin.py:188} INFO - [2024-04-12T21:28:34.358+0000] {dag.py:3954} INFO - Setting next_dagrun for example_short_circuit_operator to 2024-04-11 00:00:00+00:00, run_after=2024-04-12 00:00:00+00:00
[2024-04-12T21:28:34.447+0000] {processor.py:183} INFO - Processing /home/airflow/.local/lib/python3.12/site-packages/airflow/example_dags/example_short_circuit_operator.py took 0.226 seconds
[2024-04-12T21:29:05.287+0000] {processor.py:161} INFO - Started process (PID=172) to work on /home/airflow/.local/lib/python3.12/site-packages/airflow/example_dags/example_short_circuit_operator.py
[2024-04-12T21:29:05.288+0000] {processor.py:830} INFO - Processing file /home/airflow/.local/lib/python3.12/site-packages/airflow/example_dags/example_short_circuit_operator.py for tasks to queue
[2024-04-12T21:29:05.290+0000] {logging_mixin.py:188} INFO - [2024-04-12T21:29:05.290+0000] {dagbag.py:540} INFO - Filling up the DagBag from /home/airflow/.local/lib/python3.12/site-packages/airflow/example_dags/example_short_circuit_operator.py
[2024-04-12T21:29:05.299+0000] {processor.py:840} INFO - DAG(s) 'example_short_circuit_operator' retrieved from /home/airflow/.local/lib/python3.12/site-packages/airflow/example_dags/example_short_circuit_operator.py
[2024-04-12T21:29:05.324+0000] {logging_mixin.py:188} INFO - [2024-04-12T21:29:05.324+0000] {dag.py:3096} INFO - Sync 1 DAGs
[2024-04-12T21:29:05.349+0000] {logging_mixin.py:188} INFO - [2024-04-12T21:29:05.349+0000] {dag.py:3954} INFO - Setting next_dagrun for example_short_circuit_operator to 2024-04-11 00:00:00+00:00, run_after=2024-04-12 00:00:00+00:00
[2024-04-12T21:29:05.373+0000] {processor.py:183} INFO - Processing /home/airflow/.local/lib/python3.12/site-packages/airflow/example_dags/example_short_circuit_operator.py took 0.091 seconds
[2024-04-12T21:29:35.835+0000] {processor.py:161} INFO - Started process (PID=230) to work on /home/airflow/.local/lib/python3.12/site-packages/airflow/example_dags/example_short_circuit_operator.py
[2024-04-12T21:29:35.837+0000] {processor.py:830} INFO - Processing file /home/airflow/.local/lib/python3.12/site-packages/airflow/example_dags/example_short_circuit_operator.py for tasks to queue
[2024-04-12T21:29:35.839+0000] {logging_mixin.py:188} INFO - [2024-04-12T21:29:35.839+0000] {dagbag.py:540} INFO - Filling up the DagBag from /home/airflow/.local/lib/python3.12/site-packages/airflow/example_dags/example_short_circuit_operator.py
[2024-04-12T21:29:35.850+0000] {processor.py:840} INFO - DAG(s) 'example_short_circuit_operator' retrieved from /home/airflow/.local/lib/python3.12/site-packages/airflow/example_dags/example_short_circuit_operator.py
[2024-04-12T21:29:35.877+0000] {logging_mixin.py:188} INFO - [2024-04-12T21:29:35.877+0000] {dag.py:3096} INFO - Sync 1 DAGs
[2024-04-12T21:29:35.903+0000] {logging_mixin.py:188} INFO - [2024-04-12T21:29:35.903+0000] {dag.py:3954} INFO - Setting next_dagrun for example_short_circuit_operator to 2024-04-11 00:00:00+00:00, run_after=2024-04-12 00:00:00+00:00
[2024-04-12T21:29:35.926+0000] {processor.py:183} INFO - Processing /home/airflow/.local/lib/python3.12/site-packages/airflow/example_dags/example_short_circuit_operator.py took 0.097 seconds
[2024-04-12T21:57:23.184+0000] {processor.py:161} INFO - Started process (PID=49) to work on /home/airflow/.local/lib/python3.12/site-packages/airflow/example_dags/example_short_circuit_operator.py
[2024-04-12T21:57:23.186+0000] {processor.py:830} INFO - Processing file /home/airflow/.local/lib/python3.12/site-packages/airflow/example_dags/example_short_circuit_operator.py for tasks to queue
[2024-04-12T21:57:23.189+0000] {logging_mixin.py:188} INFO - [2024-04-12T21:57:23.189+0000] {dagbag.py:540} INFO - Filling up the DagBag from /home/airflow/.local/lib/python3.12/site-packages/airflow/example_dags/example_short_circuit_operator.py
[2024-04-12T21:57:23.205+0000] {processor.py:840} INFO - DAG(s) 'example_short_circuit_operator' retrieved from /home/airflow/.local/lib/python3.12/site-packages/airflow/example_dags/example_short_circuit_operator.py
[2024-04-12T21:57:23.364+0000] {logging_mixin.py:188} INFO - [2024-04-12T21:57:23.364+0000] {dag.py:3096} INFO - Sync 1 DAGs
[2024-04-12T21:57:23.389+0000] {logging_mixin.py:188} INFO - [2024-04-12T21:57:23.388+0000] {dag.py:3954} INFO - Setting next_dagrun for example_short_circuit_operator to 2024-04-11 00:00:00+00:00, run_after=2024-04-12 00:00:00+00:00
[2024-04-12T21:57:23.417+0000] {processor.py:183} INFO - Processing /home/airflow/.local/lib/python3.12/site-packages/airflow/example_dags/example_short_circuit_operator.py took 0.241 seconds
[2024-04-12T21:57:54.675+0000] {processor.py:161} INFO - Started process (PID=108) to work on /home/airflow/.local/lib/python3.12/site-packages/airflow/example_dags/example_short_circuit_operator.py
[2024-04-12T21:57:54.678+0000] {processor.py:830} INFO - Processing file /home/airflow/.local/lib/python3.12/site-packages/airflow/example_dags/example_short_circuit_operator.py for tasks to queue
[2024-04-12T21:57:54.697+0000] {logging_mixin.py:188} INFO - [2024-04-12T21:57:54.697+0000] {dagbag.py:540} INFO - Filling up the DagBag from /home/airflow/.local/lib/python3.12/site-packages/airflow/example_dags/example_short_circuit_operator.py
[2024-04-12T21:57:54.719+0000] {processor.py:840} INFO - DAG(s) 'example_short_circuit_operator' retrieved from /home/airflow/.local/lib/python3.12/site-packages/airflow/example_dags/example_short_circuit_operator.py
[2024-04-12T21:57:54.816+0000] {logging_mixin.py:188} INFO - [2024-04-12T21:57:54.806+0000] {dag.py:3096} INFO - Sync 1 DAGs
[2024-04-12T21:57:54.882+0000] {logging_mixin.py:188} INFO - [2024-04-12T21:57:54.882+0000] {dag.py:3954} INFO - Setting next_dagrun for example_short_circuit_operator to 2024-04-11 00:00:00+00:00, run_after=2024-04-12 00:00:00+00:00
[2024-04-12T21:57:54.951+0000] {processor.py:183} INFO - Processing /home/airflow/.local/lib/python3.12/site-packages/airflow/example_dags/example_short_circuit_operator.py took 0.285 seconds
[2024-04-12T21:58:25.567+0000] {processor.py:161} INFO - Started process (PID=167) to work on /home/airflow/.local/lib/python3.12/site-packages/airflow/example_dags/example_short_circuit_operator.py
[2024-04-12T21:58:25.575+0000] {processor.py:830} INFO - Processing file /home/airflow/.local/lib/python3.12/site-packages/airflow/example_dags/example_short_circuit_operator.py for tasks to queue
[2024-04-12T21:58:25.583+0000] {logging_mixin.py:188} INFO - [2024-04-12T21:58:25.582+0000] {dagbag.py:540} INFO - Filling up the DagBag from /home/airflow/.local/lib/python3.12/site-packages/airflow/example_dags/example_short_circuit_operator.py
[2024-04-12T21:58:25.598+0000] {processor.py:840} INFO - DAG(s) 'example_short_circuit_operator' retrieved from /home/airflow/.local/lib/python3.12/site-packages/airflow/example_dags/example_short_circuit_operator.py
[2024-04-12T21:58:25.643+0000] {logging_mixin.py:188} INFO - [2024-04-12T21:58:25.643+0000] {dag.py:3096} INFO - Sync 1 DAGs
[2024-04-12T21:58:25.712+0000] {logging_mixin.py:188} INFO - [2024-04-12T21:58:25.712+0000] {dag.py:3954} INFO - Setting next_dagrun for example_short_circuit_operator to 2024-04-11 00:00:00+00:00, run_after=2024-04-12 00:00:00+00:00
[2024-04-12T21:58:25.756+0000] {processor.py:183} INFO - Processing /home/airflow/.local/lib/python3.12/site-packages/airflow/example_dags/example_short_circuit_operator.py took 0.199 seconds
[2024-04-12T21:58:55.945+0000] {processor.py:161} INFO - Started process (PID=226) to work on /home/airflow/.local/lib/python3.12/site-packages/airflow/example_dags/example_short_circuit_operator.py
[2024-04-12T21:58:55.946+0000] {processor.py:830} INFO - Processing file /home/airflow/.local/lib/python3.12/site-packages/airflow/example_dags/example_short_circuit_operator.py for tasks to queue
[2024-04-12T21:58:55.950+0000] {logging_mixin.py:188} INFO - [2024-04-12T21:58:55.949+0000] {dagbag.py:540} INFO - Filling up the DagBag from /home/airflow/.local/lib/python3.12/site-packages/airflow/example_dags/example_short_circuit_operator.py
[2024-04-12T21:58:55.962+0000] {processor.py:840} INFO - DAG(s) 'example_short_circuit_operator' retrieved from /home/airflow/.local/lib/python3.12/site-packages/airflow/example_dags/example_short_circuit_operator.py
[2024-04-12T21:58:55.994+0000] {logging_mixin.py:188} INFO - [2024-04-12T21:58:55.994+0000] {dag.py:3096} INFO - Sync 1 DAGs
[2024-04-12T21:58:56.027+0000] {logging_mixin.py:188} INFO - [2024-04-12T21:58:56.027+0000] {dag.py:3954} INFO - Setting next_dagrun for example_short_circuit_operator to 2024-04-11 00:00:00+00:00, run_after=2024-04-12 00:00:00+00:00
[2024-04-12T21:58:56.058+0000] {processor.py:183} INFO - Processing /home/airflow/.local/lib/python3.12/site-packages/airflow/example_dags/example_short_circuit_operator.py took 0.122 seconds
[2024-04-12T21:59:26.115+0000] {processor.py:161} INFO - Started process (PID=285) to work on /home/airflow/.local/lib/python3.12/site-packages/airflow/example_dags/example_short_circuit_operator.py
[2024-04-12T21:59:26.116+0000] {processor.py:830} INFO - Processing file /home/airflow/.local/lib/python3.12/site-packages/airflow/example_dags/example_short_circuit_operator.py for tasks to queue
[2024-04-12T21:59:26.118+0000] {logging_mixin.py:188} INFO - [2024-04-12T21:59:26.117+0000] {dagbag.py:540} INFO - Filling up the DagBag from /home/airflow/.local/lib/python3.12/site-packages/airflow/example_dags/example_short_circuit_operator.py
[2024-04-12T21:59:26.132+0000] {processor.py:840} INFO - DAG(s) 'example_short_circuit_operator' retrieved from /home/airflow/.local/lib/python3.12/site-packages/airflow/example_dags/example_short_circuit_operator.py
[2024-04-12T21:59:26.173+0000] {logging_mixin.py:188} INFO - [2024-04-12T21:59:26.173+0000] {dag.py:3096} INFO - Sync 1 DAGs
[2024-04-12T21:59:26.214+0000] {logging_mixin.py:188} INFO - [2024-04-12T21:59:26.214+0000] {dag.py:3954} INFO - Setting next_dagrun for example_short_circuit_operator to 2024-04-11 00:00:00+00:00, run_after=2024-04-12 00:00:00+00:00
[2024-04-12T21:59:26.276+0000] {processor.py:183} INFO - Processing /home/airflow/.local/lib/python3.12/site-packages/airflow/example_dags/example_short_circuit_operator.py took 0.170 seconds
[2024-04-12T21:59:57.264+0000] {processor.py:161} INFO - Started process (PID=350) to work on /home/airflow/.local/lib/python3.12/site-packages/airflow/example_dags/example_short_circuit_operator.py
[2024-04-12T21:59:57.269+0000] {processor.py:830} INFO - Processing file /home/airflow/.local/lib/python3.12/site-packages/airflow/example_dags/example_short_circuit_operator.py for tasks to queue
[2024-04-12T21:59:57.273+0000] {logging_mixin.py:188} INFO - [2024-04-12T21:59:57.272+0000] {dagbag.py:540} INFO - Filling up the DagBag from /home/airflow/.local/lib/python3.12/site-packages/airflow/example_dags/example_short_circuit_operator.py
[2024-04-12T21:59:57.284+0000] {processor.py:840} INFO - DAG(s) 'example_short_circuit_operator' retrieved from /home/airflow/.local/lib/python3.12/site-packages/airflow/example_dags/example_short_circuit_operator.py
[2024-04-12T21:59:57.320+0000] {logging_mixin.py:188} INFO - [2024-04-12T21:59:57.320+0000] {dag.py:3096} INFO - Sync 1 DAGs
[2024-04-12T21:59:57.348+0000] {logging_mixin.py:188} INFO - [2024-04-12T21:59:57.347+0000] {dag.py:3954} INFO - Setting next_dagrun for example_short_circuit_operator to 2024-04-11 00:00:00+00:00, run_after=2024-04-12 00:00:00+00:00
[2024-04-12T21:59:57.373+0000] {processor.py:183} INFO - Processing /home/airflow/.local/lib/python3.12/site-packages/airflow/example_dags/example_short_circuit_operator.py took 0.132 seconds
[2024-04-12T22:00:27.627+0000] {processor.py:161} INFO - Started process (PID=409) to work on /home/airflow/.local/lib/python3.12/site-packages/airflow/example_dags/example_short_circuit_operator.py
[2024-04-12T22:00:27.629+0000] {processor.py:830} INFO - Processing file /home/airflow/.local/lib/python3.12/site-packages/airflow/example_dags/example_short_circuit_operator.py for tasks to queue
[2024-04-12T22:00:27.631+0000] {logging_mixin.py:188} INFO - [2024-04-12T22:00:27.631+0000] {dagbag.py:540} INFO - Filling up the DagBag from /home/airflow/.local/lib/python3.12/site-packages/airflow/example_dags/example_short_circuit_operator.py
[2024-04-12T22:00:27.639+0000] {processor.py:840} INFO - DAG(s) 'example_short_circuit_operator' retrieved from /home/airflow/.local/lib/python3.12/site-packages/airflow/example_dags/example_short_circuit_operator.py
[2024-04-12T22:00:27.676+0000] {logging_mixin.py:188} INFO - [2024-04-12T22:00:27.675+0000] {dag.py:3096} INFO - Sync 1 DAGs
[2024-04-12T22:00:27.702+0000] {logging_mixin.py:188} INFO - [2024-04-12T22:00:27.702+0000] {dag.py:3954} INFO - Setting next_dagrun for example_short_circuit_operator to 2024-04-11 00:00:00+00:00, run_after=2024-04-12 00:00:00+00:00
[2024-04-12T22:00:27.726+0000] {processor.py:183} INFO - Processing /home/airflow/.local/lib/python3.12/site-packages/airflow/example_dags/example_short_circuit_operator.py took 0.105 seconds
[2024-04-12T22:00:58.156+0000] {processor.py:161} INFO - Started process (PID=467) to work on /home/airflow/.local/lib/python3.12/site-packages/airflow/example_dags/example_short_circuit_operator.py
[2024-04-12T22:00:58.157+0000] {processor.py:830} INFO - Processing file /home/airflow/.local/lib/python3.12/site-packages/airflow/example_dags/example_short_circuit_operator.py for tasks to queue
[2024-04-12T22:00:58.159+0000] {logging_mixin.py:188} INFO - [2024-04-12T22:00:58.159+0000] {dagbag.py:540} INFO - Filling up the DagBag from /home/airflow/.local/lib/python3.12/site-packages/airflow/example_dags/example_short_circuit_operator.py
[2024-04-12T22:00:58.168+0000] {processor.py:840} INFO - DAG(s) 'example_short_circuit_operator' retrieved from /home/airflow/.local/lib/python3.12/site-packages/airflow/example_dags/example_short_circuit_operator.py
[2024-04-12T22:00:58.194+0000] {logging_mixin.py:188} INFO - [2024-04-12T22:00:58.194+0000] {dag.py:3096} INFO - Sync 1 DAGs
[2024-04-12T22:00:58.227+0000] {logging_mixin.py:188} INFO - [2024-04-12T22:00:58.226+0000] {dag.py:3954} INFO - Setting next_dagrun for example_short_circuit_operator to 2024-04-11 00:00:00+00:00, run_after=2024-04-12 00:00:00+00:00
[2024-04-12T22:00:58.258+0000] {processor.py:183} INFO - Processing /home/airflow/.local/lib/python3.12/site-packages/airflow/example_dags/example_short_circuit_operator.py took 0.111 seconds
[2024-04-12T22:01:28.749+0000] {processor.py:161} INFO - Started process (PID=526) to work on /home/airflow/.local/lib/python3.12/site-packages/airflow/example_dags/example_short_circuit_operator.py
[2024-04-12T22:01:28.750+0000] {processor.py:830} INFO - Processing file /home/airflow/.local/lib/python3.12/site-packages/airflow/example_dags/example_short_circuit_operator.py for tasks to queue
[2024-04-12T22:01:28.755+0000] {logging_mixin.py:188} INFO - [2024-04-12T22:01:28.753+0000] {dagbag.py:540} INFO - Filling up the DagBag from /home/airflow/.local/lib/python3.12/site-packages/airflow/example_dags/example_short_circuit_operator.py
[2024-04-12T22:01:28.768+0000] {processor.py:840} INFO - DAG(s) 'example_short_circuit_operator' retrieved from /home/airflow/.local/lib/python3.12/site-packages/airflow/example_dags/example_short_circuit_operator.py
[2024-04-12T22:01:28.807+0000] {logging_mixin.py:188} INFO - [2024-04-12T22:01:28.807+0000] {dag.py:3096} INFO - Sync 1 DAGs
[2024-04-12T22:01:28.840+0000] {logging_mixin.py:188} INFO - [2024-04-12T22:01:28.839+0000] {dag.py:3954} INFO - Setting next_dagrun for example_short_circuit_operator to 2024-04-11 00:00:00+00:00, run_after=2024-04-12 00:00:00+00:00
[2024-04-12T22:01:28.871+0000] {processor.py:183} INFO - Processing /home/airflow/.local/lib/python3.12/site-packages/airflow/example_dags/example_short_circuit_operator.py took 0.132 seconds
[2024-04-12T22:01:59.705+0000] {processor.py:161} INFO - Started process (PID=585) to work on /home/airflow/.local/lib/python3.12/site-packages/airflow/example_dags/example_short_circuit_operator.py
[2024-04-12T22:01:59.706+0000] {processor.py:830} INFO - Processing file /home/airflow/.local/lib/python3.12/site-packages/airflow/example_dags/example_short_circuit_operator.py for tasks to queue
[2024-04-12T22:01:59.708+0000] {logging_mixin.py:188} INFO - [2024-04-12T22:01:59.708+0000] {dagbag.py:540} INFO - Filling up the DagBag from /home/airflow/.local/lib/python3.12/site-packages/airflow/example_dags/example_short_circuit_operator.py
[2024-04-12T22:01:59.721+0000] {processor.py:840} INFO - DAG(s) 'example_short_circuit_operator' retrieved from /home/airflow/.local/lib/python3.12/site-packages/airflow/example_dags/example_short_circuit_operator.py
[2024-04-12T22:01:59.763+0000] {logging_mixin.py:188} INFO - [2024-04-12T22:01:59.762+0000] {dag.py:3096} INFO - Sync 1 DAGs
[2024-04-12T22:01:59.796+0000] {logging_mixin.py:188} INFO - [2024-04-12T22:01:59.796+0000] {dag.py:3954} INFO - Setting next_dagrun for example_short_circuit_operator to 2024-04-11 00:00:00+00:00, run_after=2024-04-12 00:00:00+00:00
[2024-04-12T22:01:59.825+0000] {processor.py:183} INFO - Processing /home/airflow/.local/lib/python3.12/site-packages/airflow/example_dags/example_short_circuit_operator.py took 0.128 seconds
[2024-04-12T22:02:29.948+0000] {processor.py:161} INFO - Started process (PID=644) to work on /home/airflow/.local/lib/python3.12/site-packages/airflow/example_dags/example_short_circuit_operator.py
[2024-04-12T22:02:29.950+0000] {processor.py:830} INFO - Processing file /home/airflow/.local/lib/python3.12/site-packages/airflow/example_dags/example_short_circuit_operator.py for tasks to queue
[2024-04-12T22:02:29.953+0000] {logging_mixin.py:188} INFO - [2024-04-12T22:02:29.952+0000] {dagbag.py:540} INFO - Filling up the DagBag from /home/airflow/.local/lib/python3.12/site-packages/airflow/example_dags/example_short_circuit_operator.py
[2024-04-12T22:02:29.965+0000] {processor.py:840} INFO - DAG(s) 'example_short_circuit_operator' retrieved from /home/airflow/.local/lib/python3.12/site-packages/airflow/example_dags/example_short_circuit_operator.py
[2024-04-12T22:02:29.992+0000] {logging_mixin.py:188} INFO - [2024-04-12T22:02:29.991+0000] {dag.py:3096} INFO - Sync 1 DAGs
[2024-04-12T22:02:30.019+0000] {logging_mixin.py:188} INFO - [2024-04-12T22:02:30.019+0000] {dag.py:3954} INFO - Setting next_dagrun for example_short_circuit_operator to 2024-04-11 00:00:00+00:00, run_after=2024-04-12 00:00:00+00:00
[2024-04-12T22:02:30.048+0000] {processor.py:183} INFO - Processing /home/airflow/.local/lib/python3.12/site-packages/airflow/example_dags/example_short_circuit_operator.py took 0.109 seconds
[2024-04-12T22:03:00.115+0000] {processor.py:161} INFO - Started process (PID=703) to work on /home/airflow/.local/lib/python3.12/site-packages/airflow/example_dags/example_short_circuit_operator.py
[2024-04-12T22:03:00.116+0000] {processor.py:830} INFO - Processing file /home/airflow/.local/lib/python3.12/site-packages/airflow/example_dags/example_short_circuit_operator.py for tasks to queue
[2024-04-12T22:03:00.118+0000] {logging_mixin.py:188} INFO - [2024-04-12T22:03:00.118+0000] {dagbag.py:540} INFO - Filling up the DagBag from /home/airflow/.local/lib/python3.12/site-packages/airflow/example_dags/example_short_circuit_operator.py
[2024-04-12T22:03:00.129+0000] {processor.py:840} INFO - DAG(s) 'example_short_circuit_operator' retrieved from /home/airflow/.local/lib/python3.12/site-packages/airflow/example_dags/example_short_circuit_operator.py
[2024-04-12T22:03:00.158+0000] {logging_mixin.py:188} INFO - [2024-04-12T22:03:00.158+0000] {dag.py:3096} INFO - Sync 1 DAGs
[2024-04-12T22:03:00.185+0000] {logging_mixin.py:188} INFO - [2024-04-12T22:03:00.185+0000] {dag.py:3954} INFO - Setting next_dagrun for example_short_circuit_operator to 2024-04-11 00:00:00+00:00, run_after=2024-04-12 00:00:00+00:00
[2024-04-12T22:03:00.208+0000] {processor.py:183} INFO - Processing /home/airflow/.local/lib/python3.12/site-packages/airflow/example_dags/example_short_circuit_operator.py took 0.101 seconds
[2024-04-12T22:03:30.286+0000] {processor.py:161} INFO - Started process (PID=762) to work on /home/airflow/.local/lib/python3.12/site-packages/airflow/example_dags/example_short_circuit_operator.py
[2024-04-12T22:03:30.287+0000] {processor.py:830} INFO - Processing file /home/airflow/.local/lib/python3.12/site-packages/airflow/example_dags/example_short_circuit_operator.py for tasks to queue
[2024-04-12T22:03:30.289+0000] {logging_mixin.py:188} INFO - [2024-04-12T22:03:30.289+0000] {dagbag.py:540} INFO - Filling up the DagBag from /home/airflow/.local/lib/python3.12/site-packages/airflow/example_dags/example_short_circuit_operator.py
[2024-04-12T22:03:30.299+0000] {processor.py:840} INFO - DAG(s) 'example_short_circuit_operator' retrieved from /home/airflow/.local/lib/python3.12/site-packages/airflow/example_dags/example_short_circuit_operator.py
[2024-04-12T22:03:30.327+0000] {logging_mixin.py:188} INFO - [2024-04-12T22:03:30.327+0000] {dag.py:3096} INFO - Sync 1 DAGs
[2024-04-12T22:03:30.354+0000] {logging_mixin.py:188} INFO - [2024-04-12T22:03:30.354+0000] {dag.py:3954} INFO - Setting next_dagrun for example_short_circuit_operator to 2024-04-11 00:00:00+00:00, run_after=2024-04-12 00:00:00+00:00
[2024-04-12T22:03:30.379+0000] {processor.py:183} INFO - Processing /home/airflow/.local/lib/python3.12/site-packages/airflow/example_dags/example_short_circuit_operator.py took 0.099 seconds
[2024-04-12T22:04:00.938+0000] {processor.py:161} INFO - Started process (PID=822) to work on /home/airflow/.local/lib/python3.12/site-packages/airflow/example_dags/example_short_circuit_operator.py
[2024-04-12T22:04:00.939+0000] {processor.py:830} INFO - Processing file /home/airflow/.local/lib/python3.12/site-packages/airflow/example_dags/example_short_circuit_operator.py for tasks to queue
[2024-04-12T22:04:00.942+0000] {logging_mixin.py:188} INFO - [2024-04-12T22:04:00.941+0000] {dagbag.py:540} INFO - Filling up the DagBag from /home/airflow/.local/lib/python3.12/site-packages/airflow/example_dags/example_short_circuit_operator.py
[2024-04-12T22:04:00.951+0000] {processor.py:840} INFO - DAG(s) 'example_short_circuit_operator' retrieved from /home/airflow/.local/lib/python3.12/site-packages/airflow/example_dags/example_short_circuit_operator.py
[2024-04-12T22:04:00.978+0000] {logging_mixin.py:188} INFO - [2024-04-12T22:04:00.978+0000] {dag.py:3096} INFO - Sync 1 DAGs
[2024-04-12T22:04:01.018+0000] {logging_mixin.py:188} INFO - [2024-04-12T22:04:01.018+0000] {dag.py:3954} INFO - Setting next_dagrun for example_short_circuit_operator to 2024-04-11 00:00:00+00:00, run_after=2024-04-12 00:00:00+00:00
[2024-04-12T22:04:01.041+0000] {processor.py:183} INFO - Processing /home/airflow/.local/lib/python3.12/site-packages/airflow/example_dags/example_short_circuit_operator.py took 0.110 seconds
[2024-04-12T22:04:32.081+0000] {processor.py:161} INFO - Started process (PID=881) to work on /home/airflow/.local/lib/python3.12/site-packages/airflow/example_dags/example_short_circuit_operator.py
[2024-04-12T22:04:32.082+0000] {processor.py:830} INFO - Processing file /home/airflow/.local/lib/python3.12/site-packages/airflow/example_dags/example_short_circuit_operator.py for tasks to queue
[2024-04-12T22:04:32.084+0000] {logging_mixin.py:188} INFO - [2024-04-12T22:04:32.084+0000] {dagbag.py:540} INFO - Filling up the DagBag from /home/airflow/.local/lib/python3.12/site-packages/airflow/example_dags/example_short_circuit_operator.py
[2024-04-12T22:04:32.093+0000] {processor.py:840} INFO - DAG(s) 'example_short_circuit_operator' retrieved from /home/airflow/.local/lib/python3.12/site-packages/airflow/example_dags/example_short_circuit_operator.py
[2024-04-12T22:04:32.128+0000] {logging_mixin.py:188} INFO - [2024-04-12T22:04:32.128+0000] {dag.py:3096} INFO - Sync 1 DAGs
[2024-04-12T22:04:32.160+0000] {logging_mixin.py:188} INFO - [2024-04-12T22:04:32.160+0000] {dag.py:3954} INFO - Setting next_dagrun for example_short_circuit_operator to 2024-04-11 00:00:00+00:00, run_after=2024-04-12 00:00:00+00:00
[2024-04-12T22:04:32.193+0000] {processor.py:183} INFO - Processing /home/airflow/.local/lib/python3.12/site-packages/airflow/example_dags/example_short_circuit_operator.py took 0.120 seconds
[2024-04-12T22:05:02.370+0000] {processor.py:161} INFO - Started process (PID=940) to work on /home/airflow/.local/lib/python3.12/site-packages/airflow/example_dags/example_short_circuit_operator.py
[2024-04-12T22:05:02.372+0000] {processor.py:830} INFO - Processing file /home/airflow/.local/lib/python3.12/site-packages/airflow/example_dags/example_short_circuit_operator.py for tasks to queue
[2024-04-12T22:05:02.375+0000] {logging_mixin.py:188} INFO - [2024-04-12T22:05:02.375+0000] {dagbag.py:540} INFO - Filling up the DagBag from /home/airflow/.local/lib/python3.12/site-packages/airflow/example_dags/example_short_circuit_operator.py
[2024-04-12T22:05:02.386+0000] {processor.py:840} INFO - DAG(s) 'example_short_circuit_operator' retrieved from /home/airflow/.local/lib/python3.12/site-packages/airflow/example_dags/example_short_circuit_operator.py
[2024-04-12T22:05:02.424+0000] {logging_mixin.py:188} INFO - [2024-04-12T22:05:02.423+0000] {dag.py:3096} INFO - Sync 1 DAGs
[2024-04-12T22:05:02.455+0000] {logging_mixin.py:188} INFO - [2024-04-12T22:05:02.454+0000] {dag.py:3954} INFO - Setting next_dagrun for example_short_circuit_operator to 2024-04-11 00:00:00+00:00, run_after=2024-04-12 00:00:00+00:00
[2024-04-12T22:05:02.482+0000] {processor.py:183} INFO - Processing /home/airflow/.local/lib/python3.12/site-packages/airflow/example_dags/example_short_circuit_operator.py took 0.119 seconds
[2024-04-12T22:05:32.573+0000] {processor.py:161} INFO - Started process (PID=999) to work on /home/airflow/.local/lib/python3.12/site-packages/airflow/example_dags/example_short_circuit_operator.py
[2024-04-12T22:05:32.574+0000] {processor.py:830} INFO - Processing file /home/airflow/.local/lib/python3.12/site-packages/airflow/example_dags/example_short_circuit_operator.py for tasks to queue
[2024-04-12T22:05:32.576+0000] {logging_mixin.py:188} INFO - [2024-04-12T22:05:32.576+0000] {dagbag.py:540} INFO - Filling up the DagBag from /home/airflow/.local/lib/python3.12/site-packages/airflow/example_dags/example_short_circuit_operator.py
[2024-04-12T22:05:32.583+0000] {processor.py:840} INFO - DAG(s) 'example_short_circuit_operator' retrieved from /home/airflow/.local/lib/python3.12/site-packages/airflow/example_dags/example_short_circuit_operator.py
[2024-04-12T22:05:32.607+0000] {logging_mixin.py:188} INFO - [2024-04-12T22:05:32.607+0000] {dag.py:3096} INFO - Sync 1 DAGs
[2024-04-12T22:05:32.632+0000] {logging_mixin.py:188} INFO - [2024-04-12T22:05:32.632+0000] {dag.py:3954} INFO - Setting next_dagrun for example_short_circuit_operator to 2024-04-11 00:00:00+00:00, run_after=2024-04-12 00:00:00+00:00
[2024-04-12T22:05:32.655+0000] {processor.py:183} INFO - Processing /home/airflow/.local/lib/python3.12/site-packages/airflow/example_dags/example_short_circuit_operator.py took 0.089 seconds
