[2024-04-12T21:14:43.434+0000] {processor.py:161} INFO - Started process (PID=86) to work on /home/airflow/.local/lib/python3.12/site-packages/airflow/example_dags/example_local_kubernetes_executor.py
[2024-04-12T21:14:43.449+0000] {processor.py:830} INFO - Processing file /home/airflow/.local/lib/python3.12/site-packages/airflow/example_dags/example_local_kubernetes_executor.py for tasks to queue
[2024-04-12T21:14:43.460+0000] {logging_mixin.py:188} INFO - [2024-04-12T21:14:43.458+0000] {dagbag.py:540} INFO - Filling up the DagBag from /home/airflow/.local/lib/python3.12/site-packages/airflow/example_dags/example_local_kubernetes_executor.py
[2024-04-12T21:14:43.600+0000] {processor.py:840} INFO - DAG(s) 'example_local_kubernetes_executor' retrieved from /home/airflow/.local/lib/python3.12/site-packages/airflow/example_dags/example_local_kubernetes_executor.py
[2024-04-12T21:14:44.382+0000] {logging_mixin.py:188} INFO - [2024-04-12T21:14:44.380+0000] {dag.py:3096} INFO - Sync 1 DAGs
[2024-04-12T21:14:44.422+0000] {logging_mixin.py:188} INFO - [2024-04-12T21:14:44.421+0000] {dag.py:3954} INFO - Setting next_dagrun for example_local_kubernetes_executor to None, run_after=None
[2024-04-12T21:14:45.126+0000] {processor.py:183} INFO - Processing /home/airflow/.local/lib/python3.12/site-packages/airflow/example_dags/example_local_kubernetes_executor.py took 1.872 seconds
[2024-04-12T21:15:31.729+0000] {processor.py:161} INFO - Started process (PID=144) to work on /home/airflow/.local/lib/python3.12/site-packages/airflow/example_dags/example_local_kubernetes_executor.py
[2024-04-12T21:15:31.731+0000] {processor.py:830} INFO - Processing file /home/airflow/.local/lib/python3.12/site-packages/airflow/example_dags/example_local_kubernetes_executor.py for tasks to queue
[2024-04-12T21:15:31.739+0000] {logging_mixin.py:188} INFO - [2024-04-12T21:15:31.739+0000] {dagbag.py:540} INFO - Filling up the DagBag from /home/airflow/.local/lib/python3.12/site-packages/airflow/example_dags/example_local_kubernetes_executor.py
[2024-04-12T21:15:31.759+0000] {processor.py:840} INFO - DAG(s) 'example_local_kubernetes_executor' retrieved from /home/airflow/.local/lib/python3.12/site-packages/airflow/example_dags/example_local_kubernetes_executor.py
[2024-04-12T21:15:31.847+0000] {logging_mixin.py:188} INFO - [2024-04-12T21:15:31.846+0000] {dag.py:3096} INFO - Sync 1 DAGs
[2024-04-12T21:15:31.889+0000] {logging_mixin.py:188} INFO - [2024-04-12T21:15:31.889+0000] {dag.py:3954} INFO - Setting next_dagrun for example_local_kubernetes_executor to None, run_after=None
[2024-04-12T21:15:31.935+0000] {processor.py:183} INFO - Processing /home/airflow/.local/lib/python3.12/site-packages/airflow/example_dags/example_local_kubernetes_executor.py took 0.231 seconds
[2024-04-12T21:16:02.319+0000] {processor.py:161} INFO - Started process (PID=203) to work on /home/airflow/.local/lib/python3.12/site-packages/airflow/example_dags/example_local_kubernetes_executor.py
[2024-04-12T21:16:02.321+0000] {processor.py:830} INFO - Processing file /home/airflow/.local/lib/python3.12/site-packages/airflow/example_dags/example_local_kubernetes_executor.py for tasks to queue
[2024-04-12T21:16:02.327+0000] {logging_mixin.py:188} INFO - [2024-04-12T21:16:02.326+0000] {dagbag.py:540} INFO - Filling up the DagBag from /home/airflow/.local/lib/python3.12/site-packages/airflow/example_dags/example_local_kubernetes_executor.py
[2024-04-12T21:16:02.339+0000] {processor.py:840} INFO - DAG(s) 'example_local_kubernetes_executor' retrieved from /home/airflow/.local/lib/python3.12/site-packages/airflow/example_dags/example_local_kubernetes_executor.py
[2024-04-12T21:16:02.444+0000] {logging_mixin.py:188} INFO - [2024-04-12T21:16:02.443+0000] {dag.py:3096} INFO - Sync 1 DAGs
[2024-04-12T21:16:02.484+0000] {logging_mixin.py:188} INFO - [2024-04-12T21:16:02.483+0000] {dag.py:3954} INFO - Setting next_dagrun for example_local_kubernetes_executor to None, run_after=None
[2024-04-12T21:16:02.558+0000] {processor.py:183} INFO - Processing /home/airflow/.local/lib/python3.12/site-packages/airflow/example_dags/example_local_kubernetes_executor.py took 0.248 seconds
[2024-04-12T21:16:32.623+0000] {processor.py:161} INFO - Started process (PID=261) to work on /home/airflow/.local/lib/python3.12/site-packages/airflow/example_dags/example_local_kubernetes_executor.py
[2024-04-12T21:16:32.625+0000] {processor.py:830} INFO - Processing file /home/airflow/.local/lib/python3.12/site-packages/airflow/example_dags/example_local_kubernetes_executor.py for tasks to queue
[2024-04-12T21:16:32.627+0000] {logging_mixin.py:188} INFO - [2024-04-12T21:16:32.627+0000] {dagbag.py:540} INFO - Filling up the DagBag from /home/airflow/.local/lib/python3.12/site-packages/airflow/example_dags/example_local_kubernetes_executor.py
[2024-04-12T21:16:32.637+0000] {processor.py:840} INFO - DAG(s) 'example_local_kubernetes_executor' retrieved from /home/airflow/.local/lib/python3.12/site-packages/airflow/example_dags/example_local_kubernetes_executor.py
[2024-04-12T21:16:32.677+0000] {logging_mixin.py:188} INFO - [2024-04-12T21:16:32.677+0000] {dag.py:3096} INFO - Sync 1 DAGs
[2024-04-12T21:16:32.694+0000] {logging_mixin.py:188} INFO - [2024-04-12T21:16:32.693+0000] {dag.py:3954} INFO - Setting next_dagrun for example_local_kubernetes_executor to None, run_after=None
[2024-04-12T21:16:32.736+0000] {processor.py:183} INFO - Processing /home/airflow/.local/lib/python3.12/site-packages/airflow/example_dags/example_local_kubernetes_executor.py took 0.119 seconds
[2024-04-12T21:17:02.826+0000] {processor.py:161} INFO - Started process (PID=318) to work on /home/airflow/.local/lib/python3.12/site-packages/airflow/example_dags/example_local_kubernetes_executor.py
[2024-04-12T21:17:02.827+0000] {processor.py:830} INFO - Processing file /home/airflow/.local/lib/python3.12/site-packages/airflow/example_dags/example_local_kubernetes_executor.py for tasks to queue
[2024-04-12T21:17:02.829+0000] {logging_mixin.py:188} INFO - [2024-04-12T21:17:02.829+0000] {dagbag.py:540} INFO - Filling up the DagBag from /home/airflow/.local/lib/python3.12/site-packages/airflow/example_dags/example_local_kubernetes_executor.py
[2024-04-12T21:17:02.839+0000] {processor.py:840} INFO - DAG(s) 'example_local_kubernetes_executor' retrieved from /home/airflow/.local/lib/python3.12/site-packages/airflow/example_dags/example_local_kubernetes_executor.py
[2024-04-12T21:17:02.884+0000] {logging_mixin.py:188} INFO - [2024-04-12T21:17:02.883+0000] {dag.py:3096} INFO - Sync 1 DAGs
[2024-04-12T21:17:02.902+0000] {logging_mixin.py:188} INFO - [2024-04-12T21:17:02.902+0000] {dag.py:3954} INFO - Setting next_dagrun for example_local_kubernetes_executor to None, run_after=None
[2024-04-12T21:17:02.932+0000] {processor.py:183} INFO - Processing /home/airflow/.local/lib/python3.12/site-packages/airflow/example_dags/example_local_kubernetes_executor.py took 0.113 seconds
[2024-04-12T21:17:33.820+0000] {processor.py:161} INFO - Started process (PID=376) to work on /home/airflow/.local/lib/python3.12/site-packages/airflow/example_dags/example_local_kubernetes_executor.py
[2024-04-12T21:17:33.821+0000] {processor.py:830} INFO - Processing file /home/airflow/.local/lib/python3.12/site-packages/airflow/example_dags/example_local_kubernetes_executor.py for tasks to queue
[2024-04-12T21:17:33.824+0000] {logging_mixin.py:188} INFO - [2024-04-12T21:17:33.823+0000] {dagbag.py:540} INFO - Filling up the DagBag from /home/airflow/.local/lib/python3.12/site-packages/airflow/example_dags/example_local_kubernetes_executor.py
[2024-04-12T21:17:33.832+0000] {processor.py:840} INFO - DAG(s) 'example_local_kubernetes_executor' retrieved from /home/airflow/.local/lib/python3.12/site-packages/airflow/example_dags/example_local_kubernetes_executor.py
[2024-04-12T21:17:33.877+0000] {logging_mixin.py:188} INFO - [2024-04-12T21:17:33.877+0000] {dag.py:3096} INFO - Sync 1 DAGs
[2024-04-12T21:17:33.894+0000] {logging_mixin.py:188} INFO - [2024-04-12T21:17:33.894+0000] {dag.py:3954} INFO - Setting next_dagrun for example_local_kubernetes_executor to None, run_after=None
[2024-04-12T21:17:33.918+0000] {processor.py:183} INFO - Processing /home/airflow/.local/lib/python3.12/site-packages/airflow/example_dags/example_local_kubernetes_executor.py took 0.104 seconds
[2024-04-12T21:18:04.517+0000] {processor.py:161} INFO - Started process (PID=434) to work on /home/airflow/.local/lib/python3.12/site-packages/airflow/example_dags/example_local_kubernetes_executor.py
[2024-04-12T21:18:04.518+0000] {processor.py:830} INFO - Processing file /home/airflow/.local/lib/python3.12/site-packages/airflow/example_dags/example_local_kubernetes_executor.py for tasks to queue
[2024-04-12T21:18:04.521+0000] {logging_mixin.py:188} INFO - [2024-04-12T21:18:04.521+0000] {dagbag.py:540} INFO - Filling up the DagBag from /home/airflow/.local/lib/python3.12/site-packages/airflow/example_dags/example_local_kubernetes_executor.py
[2024-04-12T21:18:04.530+0000] {processor.py:840} INFO - DAG(s) 'example_local_kubernetes_executor' retrieved from /home/airflow/.local/lib/python3.12/site-packages/airflow/example_dags/example_local_kubernetes_executor.py
[2024-04-12T21:18:04.572+0000] {logging_mixin.py:188} INFO - [2024-04-12T21:18:04.572+0000] {dag.py:3096} INFO - Sync 1 DAGs
[2024-04-12T21:18:04.591+0000] {logging_mixin.py:188} INFO - [2024-04-12T21:18:04.591+0000] {dag.py:3954} INFO - Setting next_dagrun for example_local_kubernetes_executor to None, run_after=None
[2024-04-12T21:18:04.619+0000] {processor.py:183} INFO - Processing /home/airflow/.local/lib/python3.12/site-packages/airflow/example_dags/example_local_kubernetes_executor.py took 0.112 seconds
[2024-04-12T21:18:35.270+0000] {processor.py:161} INFO - Started process (PID=491) to work on /home/airflow/.local/lib/python3.12/site-packages/airflow/example_dags/example_local_kubernetes_executor.py
[2024-04-12T21:18:35.271+0000] {processor.py:830} INFO - Processing file /home/airflow/.local/lib/python3.12/site-packages/airflow/example_dags/example_local_kubernetes_executor.py for tasks to queue
[2024-04-12T21:18:35.274+0000] {logging_mixin.py:188} INFO - [2024-04-12T21:18:35.273+0000] {dagbag.py:540} INFO - Filling up the DagBag from /home/airflow/.local/lib/python3.12/site-packages/airflow/example_dags/example_local_kubernetes_executor.py
[2024-04-12T21:18:35.283+0000] {processor.py:840} INFO - DAG(s) 'example_local_kubernetes_executor' retrieved from /home/airflow/.local/lib/python3.12/site-packages/airflow/example_dags/example_local_kubernetes_executor.py
[2024-04-12T21:18:35.323+0000] {logging_mixin.py:188} INFO - [2024-04-12T21:18:35.323+0000] {dag.py:3096} INFO - Sync 1 DAGs
[2024-04-12T21:18:35.338+0000] {logging_mixin.py:188} INFO - [2024-04-12T21:18:35.338+0000] {dag.py:3954} INFO - Setting next_dagrun for example_local_kubernetes_executor to None, run_after=None
[2024-04-12T21:18:35.368+0000] {processor.py:183} INFO - Processing /home/airflow/.local/lib/python3.12/site-packages/airflow/example_dags/example_local_kubernetes_executor.py took 0.106 seconds
[2024-04-12T21:19:06.221+0000] {processor.py:161} INFO - Started process (PID=549) to work on /home/airflow/.local/lib/python3.12/site-packages/airflow/example_dags/example_local_kubernetes_executor.py
[2024-04-12T21:19:06.222+0000] {processor.py:830} INFO - Processing file /home/airflow/.local/lib/python3.12/site-packages/airflow/example_dags/example_local_kubernetes_executor.py for tasks to queue
[2024-04-12T21:19:06.225+0000] {logging_mixin.py:188} INFO - [2024-04-12T21:19:06.224+0000] {dagbag.py:540} INFO - Filling up the DagBag from /home/airflow/.local/lib/python3.12/site-packages/airflow/example_dags/example_local_kubernetes_executor.py
[2024-04-12T21:19:06.233+0000] {processor.py:840} INFO - DAG(s) 'example_local_kubernetes_executor' retrieved from /home/airflow/.local/lib/python3.12/site-packages/airflow/example_dags/example_local_kubernetes_executor.py
[2024-04-12T21:19:06.273+0000] {logging_mixin.py:188} INFO - [2024-04-12T21:19:06.273+0000] {dag.py:3096} INFO - Sync 1 DAGs
[2024-04-12T21:19:06.292+0000] {logging_mixin.py:188} INFO - [2024-04-12T21:19:06.291+0000] {dag.py:3954} INFO - Setting next_dagrun for example_local_kubernetes_executor to None, run_after=None
[2024-04-12T21:19:06.317+0000] {processor.py:183} INFO - Processing /home/airflow/.local/lib/python3.12/site-packages/airflow/example_dags/example_local_kubernetes_executor.py took 0.104 seconds
[2024-04-12T21:19:36.541+0000] {processor.py:161} INFO - Started process (PID=608) to work on /home/airflow/.local/lib/python3.12/site-packages/airflow/example_dags/example_local_kubernetes_executor.py
[2024-04-12T21:19:36.542+0000] {processor.py:830} INFO - Processing file /home/airflow/.local/lib/python3.12/site-packages/airflow/example_dags/example_local_kubernetes_executor.py for tasks to queue
[2024-04-12T21:19:36.545+0000] {logging_mixin.py:188} INFO - [2024-04-12T21:19:36.544+0000] {dagbag.py:540} INFO - Filling up the DagBag from /home/airflow/.local/lib/python3.12/site-packages/airflow/example_dags/example_local_kubernetes_executor.py
[2024-04-12T21:19:36.554+0000] {processor.py:840} INFO - DAG(s) 'example_local_kubernetes_executor' retrieved from /home/airflow/.local/lib/python3.12/site-packages/airflow/example_dags/example_local_kubernetes_executor.py
[2024-04-12T21:19:36.599+0000] {logging_mixin.py:188} INFO - [2024-04-12T21:19:36.598+0000] {dag.py:3096} INFO - Sync 1 DAGs
[2024-04-12T21:19:36.617+0000] {logging_mixin.py:188} INFO - [2024-04-12T21:19:36.616+0000] {dag.py:3954} INFO - Setting next_dagrun for example_local_kubernetes_executor to None, run_after=None
[2024-04-12T21:19:36.648+0000] {processor.py:183} INFO - Processing /home/airflow/.local/lib/python3.12/site-packages/airflow/example_dags/example_local_kubernetes_executor.py took 0.116 seconds
[2024-04-12T21:20:06.828+0000] {processor.py:161} INFO - Started process (PID=666) to work on /home/airflow/.local/lib/python3.12/site-packages/airflow/example_dags/example_local_kubernetes_executor.py
[2024-04-12T21:20:06.829+0000] {processor.py:830} INFO - Processing file /home/airflow/.local/lib/python3.12/site-packages/airflow/example_dags/example_local_kubernetes_executor.py for tasks to queue
[2024-04-12T21:20:06.832+0000] {logging_mixin.py:188} INFO - [2024-04-12T21:20:06.832+0000] {dagbag.py:540} INFO - Filling up the DagBag from /home/airflow/.local/lib/python3.12/site-packages/airflow/example_dags/example_local_kubernetes_executor.py
[2024-04-12T21:20:06.842+0000] {processor.py:840} INFO - DAG(s) 'example_local_kubernetes_executor' retrieved from /home/airflow/.local/lib/python3.12/site-packages/airflow/example_dags/example_local_kubernetes_executor.py
[2024-04-12T21:20:06.892+0000] {logging_mixin.py:188} INFO - [2024-04-12T21:20:06.891+0000] {dag.py:3096} INFO - Sync 1 DAGs
[2024-04-12T21:20:06.913+0000] {logging_mixin.py:188} INFO - [2024-04-12T21:20:06.912+0000] {dag.py:3954} INFO - Setting next_dagrun for example_local_kubernetes_executor to None, run_after=None
[2024-04-12T21:20:06.957+0000] {processor.py:183} INFO - Processing /home/airflow/.local/lib/python3.12/site-packages/airflow/example_dags/example_local_kubernetes_executor.py took 0.138 seconds
[2024-04-12T21:20:37.111+0000] {processor.py:161} INFO - Started process (PID=724) to work on /home/airflow/.local/lib/python3.12/site-packages/airflow/example_dags/example_local_kubernetes_executor.py
[2024-04-12T21:20:37.113+0000] {processor.py:830} INFO - Processing file /home/airflow/.local/lib/python3.12/site-packages/airflow/example_dags/example_local_kubernetes_executor.py for tasks to queue
[2024-04-12T21:20:37.116+0000] {logging_mixin.py:188} INFO - [2024-04-12T21:20:37.115+0000] {dagbag.py:540} INFO - Filling up the DagBag from /home/airflow/.local/lib/python3.12/site-packages/airflow/example_dags/example_local_kubernetes_executor.py
[2024-04-12T21:20:37.126+0000] {processor.py:840} INFO - DAG(s) 'example_local_kubernetes_executor' retrieved from /home/airflow/.local/lib/python3.12/site-packages/airflow/example_dags/example_local_kubernetes_executor.py
[2024-04-12T21:20:37.170+0000] {logging_mixin.py:188} INFO - [2024-04-12T21:20:37.170+0000] {dag.py:3096} INFO - Sync 1 DAGs
[2024-04-12T21:20:37.189+0000] {logging_mixin.py:188} INFO - [2024-04-12T21:20:37.189+0000] {dag.py:3954} INFO - Setting next_dagrun for example_local_kubernetes_executor to None, run_after=None
[2024-04-12T21:20:37.224+0000] {processor.py:183} INFO - Processing /home/airflow/.local/lib/python3.12/site-packages/airflow/example_dags/example_local_kubernetes_executor.py took 0.120 seconds
[2024-04-12T21:21:09.094+0000] {processor.py:161} INFO - Started process (PID=783) to work on /home/airflow/.local/lib/python3.12/site-packages/airflow/example_dags/example_local_kubernetes_executor.py
[2024-04-12T21:21:09.101+0000] {processor.py:830} INFO - Processing file /home/airflow/.local/lib/python3.12/site-packages/airflow/example_dags/example_local_kubernetes_executor.py for tasks to queue
[2024-04-12T21:21:09.124+0000] {logging_mixin.py:188} INFO - [2024-04-12T21:21:09.123+0000] {dagbag.py:540} INFO - Filling up the DagBag from /home/airflow/.local/lib/python3.12/site-packages/airflow/example_dags/example_local_kubernetes_executor.py
[2024-04-12T21:21:09.151+0000] {processor.py:840} INFO - DAG(s) 'example_local_kubernetes_executor' retrieved from /home/airflow/.local/lib/python3.12/site-packages/airflow/example_dags/example_local_kubernetes_executor.py
[2024-04-12T21:21:09.289+0000] {logging_mixin.py:188} INFO - [2024-04-12T21:21:09.289+0000] {dag.py:3096} INFO - Sync 1 DAGs
[2024-04-12T21:21:09.351+0000] {logging_mixin.py:188} INFO - [2024-04-12T21:21:09.350+0000] {dag.py:3954} INFO - Setting next_dagrun for example_local_kubernetes_executor to None, run_after=None
[2024-04-12T21:21:09.445+0000] {processor.py:183} INFO - Processing /home/airflow/.local/lib/python3.12/site-packages/airflow/example_dags/example_local_kubernetes_executor.py took 0.371 seconds
[2024-04-12T21:21:40.119+0000] {processor.py:161} INFO - Started process (PID=841) to work on /home/airflow/.local/lib/python3.12/site-packages/airflow/example_dags/example_local_kubernetes_executor.py
[2024-04-12T21:21:40.120+0000] {processor.py:830} INFO - Processing file /home/airflow/.local/lib/python3.12/site-packages/airflow/example_dags/example_local_kubernetes_executor.py for tasks to queue
[2024-04-12T21:21:40.123+0000] {logging_mixin.py:188} INFO - [2024-04-12T21:21:40.123+0000] {dagbag.py:540} INFO - Filling up the DagBag from /home/airflow/.local/lib/python3.12/site-packages/airflow/example_dags/example_local_kubernetes_executor.py
[2024-04-12T21:21:40.135+0000] {processor.py:840} INFO - DAG(s) 'example_local_kubernetes_executor' retrieved from /home/airflow/.local/lib/python3.12/site-packages/airflow/example_dags/example_local_kubernetes_executor.py
[2024-04-12T21:21:40.178+0000] {logging_mixin.py:188} INFO - [2024-04-12T21:21:40.178+0000] {dag.py:3096} INFO - Sync 1 DAGs
[2024-04-12T21:21:40.194+0000] {logging_mixin.py:188} INFO - [2024-04-12T21:21:40.194+0000] {dag.py:3954} INFO - Setting next_dagrun for example_local_kubernetes_executor to None, run_after=None
[2024-04-12T21:21:40.220+0000] {processor.py:183} INFO - Processing /home/airflow/.local/lib/python3.12/site-packages/airflow/example_dags/example_local_kubernetes_executor.py took 0.107 seconds
[2024-04-12T21:22:11.034+0000] {processor.py:161} INFO - Started process (PID=899) to work on /home/airflow/.local/lib/python3.12/site-packages/airflow/example_dags/example_local_kubernetes_executor.py
[2024-04-12T21:22:11.036+0000] {processor.py:830} INFO - Processing file /home/airflow/.local/lib/python3.12/site-packages/airflow/example_dags/example_local_kubernetes_executor.py for tasks to queue
[2024-04-12T21:22:11.038+0000] {logging_mixin.py:188} INFO - [2024-04-12T21:22:11.037+0000] {dagbag.py:540} INFO - Filling up the DagBag from /home/airflow/.local/lib/python3.12/site-packages/airflow/example_dags/example_local_kubernetes_executor.py
[2024-04-12T21:22:11.047+0000] {processor.py:840} INFO - DAG(s) 'example_local_kubernetes_executor' retrieved from /home/airflow/.local/lib/python3.12/site-packages/airflow/example_dags/example_local_kubernetes_executor.py
[2024-04-12T21:22:11.088+0000] {logging_mixin.py:188} INFO - [2024-04-12T21:22:11.087+0000] {dag.py:3096} INFO - Sync 1 DAGs
[2024-04-12T21:22:11.104+0000] {logging_mixin.py:188} INFO - [2024-04-12T21:22:11.104+0000] {dag.py:3954} INFO - Setting next_dagrun for example_local_kubernetes_executor to None, run_after=None
[2024-04-12T21:22:11.132+0000] {processor.py:183} INFO - Processing /home/airflow/.local/lib/python3.12/site-packages/airflow/example_dags/example_local_kubernetes_executor.py took 0.104 seconds
[2024-04-12T21:22:41.561+0000] {processor.py:161} INFO - Started process (PID=957) to work on /home/airflow/.local/lib/python3.12/site-packages/airflow/example_dags/example_local_kubernetes_executor.py
[2024-04-12T21:22:41.563+0000] {processor.py:830} INFO - Processing file /home/airflow/.local/lib/python3.12/site-packages/airflow/example_dags/example_local_kubernetes_executor.py for tasks to queue
[2024-04-12T21:22:41.565+0000] {logging_mixin.py:188} INFO - [2024-04-12T21:22:41.565+0000] {dagbag.py:540} INFO - Filling up the DagBag from /home/airflow/.local/lib/python3.12/site-packages/airflow/example_dags/example_local_kubernetes_executor.py
[2024-04-12T21:22:41.574+0000] {processor.py:840} INFO - DAG(s) 'example_local_kubernetes_executor' retrieved from /home/airflow/.local/lib/python3.12/site-packages/airflow/example_dags/example_local_kubernetes_executor.py
[2024-04-12T21:22:41.616+0000] {logging_mixin.py:188} INFO - [2024-04-12T21:22:41.616+0000] {dag.py:3096} INFO - Sync 1 DAGs
[2024-04-12T21:22:41.631+0000] {logging_mixin.py:188} INFO - [2024-04-12T21:22:41.631+0000] {dag.py:3954} INFO - Setting next_dagrun for example_local_kubernetes_executor to None, run_after=None
[2024-04-12T21:22:41.664+0000] {processor.py:183} INFO - Processing /home/airflow/.local/lib/python3.12/site-packages/airflow/example_dags/example_local_kubernetes_executor.py took 0.110 seconds
[2024-04-12T21:23:11.820+0000] {processor.py:161} INFO - Started process (PID=1014) to work on /home/airflow/.local/lib/python3.12/site-packages/airflow/example_dags/example_local_kubernetes_executor.py
[2024-04-12T21:23:11.821+0000] {processor.py:830} INFO - Processing file /home/airflow/.local/lib/python3.12/site-packages/airflow/example_dags/example_local_kubernetes_executor.py for tasks to queue
[2024-04-12T21:23:11.823+0000] {logging_mixin.py:188} INFO - [2024-04-12T21:23:11.823+0000] {dagbag.py:540} INFO - Filling up the DagBag from /home/airflow/.local/lib/python3.12/site-packages/airflow/example_dags/example_local_kubernetes_executor.py
[2024-04-12T21:23:11.831+0000] {processor.py:840} INFO - DAG(s) 'example_local_kubernetes_executor' retrieved from /home/airflow/.local/lib/python3.12/site-packages/airflow/example_dags/example_local_kubernetes_executor.py
[2024-04-12T21:23:11.871+0000] {logging_mixin.py:188} INFO - [2024-04-12T21:23:11.871+0000] {dag.py:3096} INFO - Sync 1 DAGs
[2024-04-12T21:23:11.887+0000] {logging_mixin.py:188} INFO - [2024-04-12T21:23:11.887+0000] {dag.py:3954} INFO - Setting next_dagrun for example_local_kubernetes_executor to None, run_after=None
[2024-04-12T21:23:11.912+0000] {processor.py:183} INFO - Processing /home/airflow/.local/lib/python3.12/site-packages/airflow/example_dags/example_local_kubernetes_executor.py took 0.098 seconds
[2024-04-12T21:23:42.441+0000] {processor.py:161} INFO - Started process (PID=1073) to work on /home/airflow/.local/lib/python3.12/site-packages/airflow/example_dags/example_local_kubernetes_executor.py
[2024-04-12T21:23:42.442+0000] {processor.py:830} INFO - Processing file /home/airflow/.local/lib/python3.12/site-packages/airflow/example_dags/example_local_kubernetes_executor.py for tasks to queue
[2024-04-12T21:23:42.445+0000] {logging_mixin.py:188} INFO - [2024-04-12T21:23:42.444+0000] {dagbag.py:540} INFO - Filling up the DagBag from /home/airflow/.local/lib/python3.12/site-packages/airflow/example_dags/example_local_kubernetes_executor.py
[2024-04-12T21:23:42.455+0000] {processor.py:840} INFO - DAG(s) 'example_local_kubernetes_executor' retrieved from /home/airflow/.local/lib/python3.12/site-packages/airflow/example_dags/example_local_kubernetes_executor.py
[2024-04-12T21:23:42.517+0000] {logging_mixin.py:188} INFO - [2024-04-12T21:23:42.507+0000] {dag.py:3096} INFO - Sync 1 DAGs
[2024-04-12T21:23:42.570+0000] {logging_mixin.py:188} INFO - [2024-04-12T21:23:42.570+0000] {dag.py:3954} INFO - Setting next_dagrun for example_local_kubernetes_executor to None, run_after=None
[2024-04-12T21:23:42.613+0000] {processor.py:183} INFO - Processing /home/airflow/.local/lib/python3.12/site-packages/airflow/example_dags/example_local_kubernetes_executor.py took 0.181 seconds
[2024-04-12T21:28:04.780+0000] {processor.py:161} INFO - Started process (PID=59) to work on /home/airflow/.local/lib/python3.12/site-packages/airflow/example_dags/example_local_kubernetes_executor.py
[2024-04-12T21:28:04.782+0000] {processor.py:830} INFO - Processing file /home/airflow/.local/lib/python3.12/site-packages/airflow/example_dags/example_local_kubernetes_executor.py for tasks to queue
[2024-04-12T21:28:04.786+0000] {logging_mixin.py:188} INFO - [2024-04-12T21:28:04.785+0000] {dagbag.py:540} INFO - Filling up the DagBag from /home/airflow/.local/lib/python3.12/site-packages/airflow/example_dags/example_local_kubernetes_executor.py
[2024-04-12T21:28:04.801+0000] {processor.py:840} INFO - DAG(s) 'example_local_kubernetes_executor' retrieved from /home/airflow/.local/lib/python3.12/site-packages/airflow/example_dags/example_local_kubernetes_executor.py
[2024-04-12T21:28:05.048+0000] {logging_mixin.py:188} INFO - [2024-04-12T21:28:05.047+0000] {dag.py:3096} INFO - Sync 1 DAGs
[2024-04-12T21:28:05.076+0000] {logging_mixin.py:188} INFO - [2024-04-12T21:28:05.076+0000] {dag.py:3954} INFO - Setting next_dagrun for example_local_kubernetes_executor to None, run_after=None
[2024-04-12T21:28:05.170+0000] {processor.py:183} INFO - Processing /home/airflow/.local/lib/python3.12/site-packages/airflow/example_dags/example_local_kubernetes_executor.py took 0.398 seconds
[2024-04-12T21:28:35.795+0000] {processor.py:161} INFO - Started process (PID=117) to work on /home/airflow/.local/lib/python3.12/site-packages/airflow/example_dags/example_local_kubernetes_executor.py
[2024-04-12T21:28:35.799+0000] {processor.py:830} INFO - Processing file /home/airflow/.local/lib/python3.12/site-packages/airflow/example_dags/example_local_kubernetes_executor.py for tasks to queue
[2024-04-12T21:28:35.808+0000] {logging_mixin.py:188} INFO - [2024-04-12T21:28:35.807+0000] {dagbag.py:540} INFO - Filling up the DagBag from /home/airflow/.local/lib/python3.12/site-packages/airflow/example_dags/example_local_kubernetes_executor.py
[2024-04-12T21:28:35.834+0000] {processor.py:840} INFO - DAG(s) 'example_local_kubernetes_executor' retrieved from /home/airflow/.local/lib/python3.12/site-packages/airflow/example_dags/example_local_kubernetes_executor.py
[2024-04-12T21:28:36.049+0000] {logging_mixin.py:188} INFO - [2024-04-12T21:28:36.049+0000] {dag.py:3096} INFO - Sync 1 DAGs
[2024-04-12T21:28:36.163+0000] {logging_mixin.py:188} INFO - [2024-04-12T21:28:36.150+0000] {dag.py:3954} INFO - Setting next_dagrun for example_local_kubernetes_executor to None, run_after=None
[2024-04-12T21:28:36.274+0000] {processor.py:183} INFO - Processing /home/airflow/.local/lib/python3.12/site-packages/airflow/example_dags/example_local_kubernetes_executor.py took 0.489 seconds
[2024-04-12T21:29:06.563+0000] {processor.py:161} INFO - Started process (PID=176) to work on /home/airflow/.local/lib/python3.12/site-packages/airflow/example_dags/example_local_kubernetes_executor.py
[2024-04-12T21:29:06.564+0000] {processor.py:830} INFO - Processing file /home/airflow/.local/lib/python3.12/site-packages/airflow/example_dags/example_local_kubernetes_executor.py for tasks to queue
[2024-04-12T21:29:06.567+0000] {logging_mixin.py:188} INFO - [2024-04-12T21:29:06.566+0000] {dagbag.py:540} INFO - Filling up the DagBag from /home/airflow/.local/lib/python3.12/site-packages/airflow/example_dags/example_local_kubernetes_executor.py
[2024-04-12T21:29:06.576+0000] {processor.py:840} INFO - DAG(s) 'example_local_kubernetes_executor' retrieved from /home/airflow/.local/lib/python3.12/site-packages/airflow/example_dags/example_local_kubernetes_executor.py
[2024-04-12T21:29:06.612+0000] {logging_mixin.py:188} INFO - [2024-04-12T21:29:06.612+0000] {dag.py:3096} INFO - Sync 1 DAGs
[2024-04-12T21:29:06.625+0000] {logging_mixin.py:188} INFO - [2024-04-12T21:29:06.625+0000] {dag.py:3954} INFO - Setting next_dagrun for example_local_kubernetes_executor to None, run_after=None
[2024-04-12T21:29:06.649+0000] {processor.py:183} INFO - Processing /home/airflow/.local/lib/python3.12/site-packages/airflow/example_dags/example_local_kubernetes_executor.py took 0.092 seconds
[2024-04-12T21:29:36.999+0000] {processor.py:161} INFO - Started process (PID=234) to work on /home/airflow/.local/lib/python3.12/site-packages/airflow/example_dags/example_local_kubernetes_executor.py
[2024-04-12T21:29:37.000+0000] {processor.py:830} INFO - Processing file /home/airflow/.local/lib/python3.12/site-packages/airflow/example_dags/example_local_kubernetes_executor.py for tasks to queue
[2024-04-12T21:29:37.002+0000] {logging_mixin.py:188} INFO - [2024-04-12T21:29:37.001+0000] {dagbag.py:540} INFO - Filling up the DagBag from /home/airflow/.local/lib/python3.12/site-packages/airflow/example_dags/example_local_kubernetes_executor.py
[2024-04-12T21:29:37.011+0000] {processor.py:840} INFO - DAG(s) 'example_local_kubernetes_executor' retrieved from /home/airflow/.local/lib/python3.12/site-packages/airflow/example_dags/example_local_kubernetes_executor.py
[2024-04-12T21:29:37.048+0000] {logging_mixin.py:188} INFO - [2024-04-12T21:29:37.048+0000] {dag.py:3096} INFO - Sync 1 DAGs
[2024-04-12T21:29:37.065+0000] {logging_mixin.py:188} INFO - [2024-04-12T21:29:37.064+0000] {dag.py:3954} INFO - Setting next_dagrun for example_local_kubernetes_executor to None, run_after=None
[2024-04-12T21:29:37.090+0000] {processor.py:183} INFO - Processing /home/airflow/.local/lib/python3.12/site-packages/airflow/example_dags/example_local_kubernetes_executor.py took 0.097 seconds
[2024-04-12T21:57:23.708+0000] {processor.py:161} INFO - Started process (PID=53) to work on /home/airflow/.local/lib/python3.12/site-packages/airflow/example_dags/example_local_kubernetes_executor.py
[2024-04-12T21:57:23.709+0000] {processor.py:830} INFO - Processing file /home/airflow/.local/lib/python3.12/site-packages/airflow/example_dags/example_local_kubernetes_executor.py for tasks to queue
[2024-04-12T21:57:23.711+0000] {logging_mixin.py:188} INFO - [2024-04-12T21:57:23.711+0000] {dagbag.py:540} INFO - Filling up the DagBag from /home/airflow/.local/lib/python3.12/site-packages/airflow/example_dags/example_local_kubernetes_executor.py
[2024-04-12T21:57:23.723+0000] {processor.py:840} INFO - DAG(s) 'example_local_kubernetes_executor' retrieved from /home/airflow/.local/lib/python3.12/site-packages/airflow/example_dags/example_local_kubernetes_executor.py
[2024-04-12T21:57:23.985+0000] {logging_mixin.py:188} INFO - [2024-04-12T21:57:23.985+0000] {dag.py:3096} INFO - Sync 1 DAGs
[2024-04-12T21:57:24.012+0000] {logging_mixin.py:188} INFO - [2024-04-12T21:57:24.012+0000] {dag.py:3954} INFO - Setting next_dagrun for example_local_kubernetes_executor to None, run_after=None
[2024-04-12T21:57:24.077+0000] {processor.py:183} INFO - Processing /home/airflow/.local/lib/python3.12/site-packages/airflow/example_dags/example_local_kubernetes_executor.py took 0.377 seconds
[2024-04-12T21:57:55.406+0000] {processor.py:161} INFO - Started process (PID=112) to work on /home/airflow/.local/lib/python3.12/site-packages/airflow/example_dags/example_local_kubernetes_executor.py
[2024-04-12T21:57:55.415+0000] {processor.py:830} INFO - Processing file /home/airflow/.local/lib/python3.12/site-packages/airflow/example_dags/example_local_kubernetes_executor.py for tasks to queue
[2024-04-12T21:57:55.419+0000] {logging_mixin.py:188} INFO - [2024-04-12T21:57:55.418+0000] {dagbag.py:540} INFO - Filling up the DagBag from /home/airflow/.local/lib/python3.12/site-packages/airflow/example_dags/example_local_kubernetes_executor.py
[2024-04-12T21:57:55.443+0000] {processor.py:840} INFO - DAG(s) 'example_local_kubernetes_executor' retrieved from /home/airflow/.local/lib/python3.12/site-packages/airflow/example_dags/example_local_kubernetes_executor.py
[2024-04-12T21:57:55.581+0000] {logging_mixin.py:188} INFO - [2024-04-12T21:57:55.580+0000] {dag.py:3096} INFO - Sync 1 DAGs
[2024-04-12T21:57:55.632+0000] {logging_mixin.py:188} INFO - [2024-04-12T21:57:55.631+0000] {dag.py:3954} INFO - Setting next_dagrun for example_local_kubernetes_executor to None, run_after=None
[2024-04-12T21:57:55.745+0000] {processor.py:183} INFO - Processing /home/airflow/.local/lib/python3.12/site-packages/airflow/example_dags/example_local_kubernetes_executor.py took 0.348 seconds
[2024-04-12T21:58:25.930+0000] {processor.py:161} INFO - Started process (PID=171) to work on /home/airflow/.local/lib/python3.12/site-packages/airflow/example_dags/example_local_kubernetes_executor.py
[2024-04-12T21:58:25.932+0000] {processor.py:830} INFO - Processing file /home/airflow/.local/lib/python3.12/site-packages/airflow/example_dags/example_local_kubernetes_executor.py for tasks to queue
[2024-04-12T21:58:25.934+0000] {logging_mixin.py:188} INFO - [2024-04-12T21:58:25.933+0000] {dagbag.py:540} INFO - Filling up the DagBag from /home/airflow/.local/lib/python3.12/site-packages/airflow/example_dags/example_local_kubernetes_executor.py
[2024-04-12T21:58:25.944+0000] {processor.py:840} INFO - DAG(s) 'example_local_kubernetes_executor' retrieved from /home/airflow/.local/lib/python3.12/site-packages/airflow/example_dags/example_local_kubernetes_executor.py
[2024-04-12T21:58:25.991+0000] {logging_mixin.py:188} INFO - [2024-04-12T21:58:25.990+0000] {dag.py:3096} INFO - Sync 1 DAGs
[2024-04-12T21:58:26.010+0000] {logging_mixin.py:188} INFO - [2024-04-12T21:58:26.010+0000] {dag.py:3954} INFO - Setting next_dagrun for example_local_kubernetes_executor to None, run_after=None
[2024-04-12T21:58:26.044+0000] {processor.py:183} INFO - Processing /home/airflow/.local/lib/python3.12/site-packages/airflow/example_dags/example_local_kubernetes_executor.py took 0.121 seconds
[2024-04-12T21:58:56.387+0000] {processor.py:161} INFO - Started process (PID=230) to work on /home/airflow/.local/lib/python3.12/site-packages/airflow/example_dags/example_local_kubernetes_executor.py
[2024-04-12T21:58:56.393+0000] {processor.py:830} INFO - Processing file /home/airflow/.local/lib/python3.12/site-packages/airflow/example_dags/example_local_kubernetes_executor.py for tasks to queue
[2024-04-12T21:58:56.396+0000] {logging_mixin.py:188} INFO - [2024-04-12T21:58:56.396+0000] {dagbag.py:540} INFO - Filling up the DagBag from /home/airflow/.local/lib/python3.12/site-packages/airflow/example_dags/example_local_kubernetes_executor.py
[2024-04-12T21:58:56.418+0000] {processor.py:840} INFO - DAG(s) 'example_local_kubernetes_executor' retrieved from /home/airflow/.local/lib/python3.12/site-packages/airflow/example_dags/example_local_kubernetes_executor.py
[2024-04-12T21:58:56.470+0000] {logging_mixin.py:188} INFO - [2024-04-12T21:58:56.470+0000] {dag.py:3096} INFO - Sync 1 DAGs
[2024-04-12T21:58:56.487+0000] {logging_mixin.py:188} INFO - [2024-04-12T21:58:56.486+0000] {dag.py:3954} INFO - Setting next_dagrun for example_local_kubernetes_executor to None, run_after=None
[2024-04-12T21:58:56.516+0000] {processor.py:183} INFO - Processing /home/airflow/.local/lib/python3.12/site-packages/airflow/example_dags/example_local_kubernetes_executor.py took 0.148 seconds
[2024-04-12T21:59:26.582+0000] {processor.py:161} INFO - Started process (PID=289) to work on /home/airflow/.local/lib/python3.12/site-packages/airflow/example_dags/example_local_kubernetes_executor.py
[2024-04-12T21:59:26.584+0000] {processor.py:830} INFO - Processing file /home/airflow/.local/lib/python3.12/site-packages/airflow/example_dags/example_local_kubernetes_executor.py for tasks to queue
[2024-04-12T21:59:26.586+0000] {logging_mixin.py:188} INFO - [2024-04-12T21:59:26.586+0000] {dagbag.py:540} INFO - Filling up the DagBag from /home/airflow/.local/lib/python3.12/site-packages/airflow/example_dags/example_local_kubernetes_executor.py
[2024-04-12T21:59:26.594+0000] {processor.py:840} INFO - DAG(s) 'example_local_kubernetes_executor' retrieved from /home/airflow/.local/lib/python3.12/site-packages/airflow/example_dags/example_local_kubernetes_executor.py
[2024-04-12T21:59:26.639+0000] {logging_mixin.py:188} INFO - [2024-04-12T21:59:26.639+0000] {dag.py:3096} INFO - Sync 1 DAGs
[2024-04-12T21:59:26.658+0000] {logging_mixin.py:188} INFO - [2024-04-12T21:59:26.657+0000] {dag.py:3954} INFO - Setting next_dagrun for example_local_kubernetes_executor to None, run_after=None
[2024-04-12T21:59:26.684+0000] {processor.py:183} INFO - Processing /home/airflow/.local/lib/python3.12/site-packages/airflow/example_dags/example_local_kubernetes_executor.py took 0.107 seconds
[2024-04-12T21:59:57.566+0000] {processor.py:161} INFO - Started process (PID=354) to work on /home/airflow/.local/lib/python3.12/site-packages/airflow/example_dags/example_local_kubernetes_executor.py
[2024-04-12T21:59:57.567+0000] {processor.py:830} INFO - Processing file /home/airflow/.local/lib/python3.12/site-packages/airflow/example_dags/example_local_kubernetes_executor.py for tasks to queue
[2024-04-12T21:59:57.570+0000] {logging_mixin.py:188} INFO - [2024-04-12T21:59:57.569+0000] {dagbag.py:540} INFO - Filling up the DagBag from /home/airflow/.local/lib/python3.12/site-packages/airflow/example_dags/example_local_kubernetes_executor.py
[2024-04-12T21:59:57.579+0000] {processor.py:840} INFO - DAG(s) 'example_local_kubernetes_executor' retrieved from /home/airflow/.local/lib/python3.12/site-packages/airflow/example_dags/example_local_kubernetes_executor.py
[2024-04-12T21:59:57.619+0000] {logging_mixin.py:188} INFO - [2024-04-12T21:59:57.619+0000] {dag.py:3096} INFO - Sync 1 DAGs
[2024-04-12T21:59:57.641+0000] {logging_mixin.py:188} INFO - [2024-04-12T21:59:57.641+0000] {dag.py:3954} INFO - Setting next_dagrun for example_local_kubernetes_executor to None, run_after=None
[2024-04-12T21:59:57.666+0000] {processor.py:183} INFO - Processing /home/airflow/.local/lib/python3.12/site-packages/airflow/example_dags/example_local_kubernetes_executor.py took 0.106 seconds
[2024-04-12T22:00:27.997+0000] {processor.py:161} INFO - Started process (PID=413) to work on /home/airflow/.local/lib/python3.12/site-packages/airflow/example_dags/example_local_kubernetes_executor.py
[2024-04-12T22:00:27.998+0000] {processor.py:830} INFO - Processing file /home/airflow/.local/lib/python3.12/site-packages/airflow/example_dags/example_local_kubernetes_executor.py for tasks to queue
[2024-04-12T22:00:28.000+0000] {logging_mixin.py:188} INFO - [2024-04-12T22:00:28.000+0000] {dagbag.py:540} INFO - Filling up the DagBag from /home/airflow/.local/lib/python3.12/site-packages/airflow/example_dags/example_local_kubernetes_executor.py
[2024-04-12T22:00:28.008+0000] {processor.py:840} INFO - DAG(s) 'example_local_kubernetes_executor' retrieved from /home/airflow/.local/lib/python3.12/site-packages/airflow/example_dags/example_local_kubernetes_executor.py
[2024-04-12T22:00:28.045+0000] {logging_mixin.py:188} INFO - [2024-04-12T22:00:28.045+0000] {dag.py:3096} INFO - Sync 1 DAGs
[2024-04-12T22:00:28.065+0000] {logging_mixin.py:188} INFO - [2024-04-12T22:00:28.065+0000] {dag.py:3954} INFO - Setting next_dagrun for example_local_kubernetes_executor to None, run_after=None
[2024-04-12T22:00:28.093+0000] {processor.py:183} INFO - Processing /home/airflow/.local/lib/python3.12/site-packages/airflow/example_dags/example_local_kubernetes_executor.py took 0.104 seconds
[2024-04-12T22:00:58.474+0000] {processor.py:161} INFO - Started process (PID=471) to work on /home/airflow/.local/lib/python3.12/site-packages/airflow/example_dags/example_local_kubernetes_executor.py
[2024-04-12T22:00:58.475+0000] {processor.py:830} INFO - Processing file /home/airflow/.local/lib/python3.12/site-packages/airflow/example_dags/example_local_kubernetes_executor.py for tasks to queue
[2024-04-12T22:00:58.480+0000] {logging_mixin.py:188} INFO - [2024-04-12T22:00:58.480+0000] {dagbag.py:540} INFO - Filling up the DagBag from /home/airflow/.local/lib/python3.12/site-packages/airflow/example_dags/example_local_kubernetes_executor.py
[2024-04-12T22:00:58.491+0000] {processor.py:840} INFO - DAG(s) 'example_local_kubernetes_executor' retrieved from /home/airflow/.local/lib/python3.12/site-packages/airflow/example_dags/example_local_kubernetes_executor.py
[2024-04-12T22:00:58.547+0000] {logging_mixin.py:188} INFO - [2024-04-12T22:00:58.546+0000] {dag.py:3096} INFO - Sync 1 DAGs
[2024-04-12T22:00:58.565+0000] {logging_mixin.py:188} INFO - [2024-04-12T22:00:58.564+0000] {dag.py:3954} INFO - Setting next_dagrun for example_local_kubernetes_executor to None, run_after=None
[2024-04-12T22:00:58.589+0000] {processor.py:183} INFO - Processing /home/airflow/.local/lib/python3.12/site-packages/airflow/example_dags/example_local_kubernetes_executor.py took 0.124 seconds
[2024-04-12T22:01:29.192+0000] {processor.py:161} INFO - Started process (PID=530) to work on /home/airflow/.local/lib/python3.12/site-packages/airflow/example_dags/example_local_kubernetes_executor.py
[2024-04-12T22:01:29.194+0000] {processor.py:830} INFO - Processing file /home/airflow/.local/lib/python3.12/site-packages/airflow/example_dags/example_local_kubernetes_executor.py for tasks to queue
[2024-04-12T22:01:29.197+0000] {logging_mixin.py:188} INFO - [2024-04-12T22:01:29.196+0000] {dagbag.py:540} INFO - Filling up the DagBag from /home/airflow/.local/lib/python3.12/site-packages/airflow/example_dags/example_local_kubernetes_executor.py
[2024-04-12T22:01:29.211+0000] {processor.py:840} INFO - DAG(s) 'example_local_kubernetes_executor' retrieved from /home/airflow/.local/lib/python3.12/site-packages/airflow/example_dags/example_local_kubernetes_executor.py
[2024-04-12T22:01:29.382+0000] {logging_mixin.py:188} INFO - [2024-04-12T22:01:29.382+0000] {dag.py:3096} INFO - Sync 1 DAGs
[2024-04-12T22:01:29.438+0000] {logging_mixin.py:188} INFO - [2024-04-12T22:01:29.438+0000] {dag.py:3954} INFO - Setting next_dagrun for example_local_kubernetes_executor to None, run_after=None
[2024-04-12T22:01:29.517+0000] {processor.py:183} INFO - Processing /home/airflow/.local/lib/python3.12/site-packages/airflow/example_dags/example_local_kubernetes_executor.py took 0.334 seconds
[2024-04-12T22:02:00.053+0000] {processor.py:161} INFO - Started process (PID=589) to work on /home/airflow/.local/lib/python3.12/site-packages/airflow/example_dags/example_local_kubernetes_executor.py
[2024-04-12T22:02:00.056+0000] {processor.py:830} INFO - Processing file /home/airflow/.local/lib/python3.12/site-packages/airflow/example_dags/example_local_kubernetes_executor.py for tasks to queue
[2024-04-12T22:02:00.060+0000] {logging_mixin.py:188} INFO - [2024-04-12T22:02:00.059+0000] {dagbag.py:540} INFO - Filling up the DagBag from /home/airflow/.local/lib/python3.12/site-packages/airflow/example_dags/example_local_kubernetes_executor.py
[2024-04-12T22:02:00.074+0000] {processor.py:840} INFO - DAG(s) 'example_local_kubernetes_executor' retrieved from /home/airflow/.local/lib/python3.12/site-packages/airflow/example_dags/example_local_kubernetes_executor.py
[2024-04-12T22:02:00.123+0000] {logging_mixin.py:188} INFO - [2024-04-12T22:02:00.122+0000] {dag.py:3096} INFO - Sync 1 DAGs
[2024-04-12T22:02:00.146+0000] {logging_mixin.py:188} INFO - [2024-04-12T22:02:00.145+0000] {dag.py:3954} INFO - Setting next_dagrun for example_local_kubernetes_executor to None, run_after=None
[2024-04-12T22:02:00.232+0000] {processor.py:183} INFO - Processing /home/airflow/.local/lib/python3.12/site-packages/airflow/example_dags/example_local_kubernetes_executor.py took 0.190 seconds
[2024-04-12T22:02:30.407+0000] {processor.py:161} INFO - Started process (PID=648) to work on /home/airflow/.local/lib/python3.12/site-packages/airflow/example_dags/example_local_kubernetes_executor.py
[2024-04-12T22:02:30.408+0000] {processor.py:830} INFO - Processing file /home/airflow/.local/lib/python3.12/site-packages/airflow/example_dags/example_local_kubernetes_executor.py for tasks to queue
[2024-04-12T22:02:30.412+0000] {logging_mixin.py:188} INFO - [2024-04-12T22:02:30.411+0000] {dagbag.py:540} INFO - Filling up the DagBag from /home/airflow/.local/lib/python3.12/site-packages/airflow/example_dags/example_local_kubernetes_executor.py
[2024-04-12T22:02:30.421+0000] {processor.py:840} INFO - DAG(s) 'example_local_kubernetes_executor' retrieved from /home/airflow/.local/lib/python3.12/site-packages/airflow/example_dags/example_local_kubernetes_executor.py
[2024-04-12T22:02:30.466+0000] {logging_mixin.py:188} INFO - [2024-04-12T22:02:30.465+0000] {dag.py:3096} INFO - Sync 1 DAGs
[2024-04-12T22:02:30.486+0000] {logging_mixin.py:188} INFO - [2024-04-12T22:02:30.486+0000] {dag.py:3954} INFO - Setting next_dagrun for example_local_kubernetes_executor to None, run_after=None
[2024-04-12T22:02:30.521+0000] {processor.py:183} INFO - Processing /home/airflow/.local/lib/python3.12/site-packages/airflow/example_dags/example_local_kubernetes_executor.py took 0.122 seconds
[2024-04-12T22:03:01.427+0000] {processor.py:161} INFO - Started process (PID=707) to work on /home/airflow/.local/lib/python3.12/site-packages/airflow/example_dags/example_local_kubernetes_executor.py
[2024-04-12T22:03:01.429+0000] {processor.py:830} INFO - Processing file /home/airflow/.local/lib/python3.12/site-packages/airflow/example_dags/example_local_kubernetes_executor.py for tasks to queue
[2024-04-12T22:03:01.431+0000] {logging_mixin.py:188} INFO - [2024-04-12T22:03:01.431+0000] {dagbag.py:540} INFO - Filling up the DagBag from /home/airflow/.local/lib/python3.12/site-packages/airflow/example_dags/example_local_kubernetes_executor.py
[2024-04-12T22:03:01.439+0000] {processor.py:840} INFO - DAG(s) 'example_local_kubernetes_executor' retrieved from /home/airflow/.local/lib/python3.12/site-packages/airflow/example_dags/example_local_kubernetes_executor.py
[2024-04-12T22:03:01.478+0000] {logging_mixin.py:188} INFO - [2024-04-12T22:03:01.478+0000] {dag.py:3096} INFO - Sync 1 DAGs
[2024-04-12T22:03:01.493+0000] {logging_mixin.py:188} INFO - [2024-04-12T22:03:01.493+0000] {dag.py:3954} INFO - Setting next_dagrun for example_local_kubernetes_executor to None, run_after=None
[2024-04-12T22:03:01.518+0000] {processor.py:183} INFO - Processing /home/airflow/.local/lib/python3.12/site-packages/airflow/example_dags/example_local_kubernetes_executor.py took 0.099 seconds
[2024-04-12T22:03:31.648+0000] {processor.py:161} INFO - Started process (PID=766) to work on /home/airflow/.local/lib/python3.12/site-packages/airflow/example_dags/example_local_kubernetes_executor.py
[2024-04-12T22:03:31.651+0000] {processor.py:830} INFO - Processing file /home/airflow/.local/lib/python3.12/site-packages/airflow/example_dags/example_local_kubernetes_executor.py for tasks to queue
[2024-04-12T22:03:31.657+0000] {logging_mixin.py:188} INFO - [2024-04-12T22:03:31.656+0000] {dagbag.py:540} INFO - Filling up the DagBag from /home/airflow/.local/lib/python3.12/site-packages/airflow/example_dags/example_local_kubernetes_executor.py
[2024-04-12T22:03:31.668+0000] {processor.py:840} INFO - DAG(s) 'example_local_kubernetes_executor' retrieved from /home/airflow/.local/lib/python3.12/site-packages/airflow/example_dags/example_local_kubernetes_executor.py
[2024-04-12T22:03:31.739+0000] {logging_mixin.py:188} INFO - [2024-04-12T22:03:31.738+0000] {dag.py:3096} INFO - Sync 1 DAGs
[2024-04-12T22:03:31.774+0000] {logging_mixin.py:188} INFO - [2024-04-12T22:03:31.774+0000] {dag.py:3954} INFO - Setting next_dagrun for example_local_kubernetes_executor to None, run_after=None
[2024-04-12T22:03:31.818+0000] {processor.py:183} INFO - Processing /home/airflow/.local/lib/python3.12/site-packages/airflow/example_dags/example_local_kubernetes_executor.py took 0.179 seconds
[2024-04-12T22:04:02.354+0000] {processor.py:161} INFO - Started process (PID=826) to work on /home/airflow/.local/lib/python3.12/site-packages/airflow/example_dags/example_local_kubernetes_executor.py
[2024-04-12T22:04:02.355+0000] {processor.py:830} INFO - Processing file /home/airflow/.local/lib/python3.12/site-packages/airflow/example_dags/example_local_kubernetes_executor.py for tasks to queue
[2024-04-12T22:04:02.358+0000] {logging_mixin.py:188} INFO - [2024-04-12T22:04:02.358+0000] {dagbag.py:540} INFO - Filling up the DagBag from /home/airflow/.local/lib/python3.12/site-packages/airflow/example_dags/example_local_kubernetes_executor.py
[2024-04-12T22:04:02.372+0000] {processor.py:840} INFO - DAG(s) 'example_local_kubernetes_executor' retrieved from /home/airflow/.local/lib/python3.12/site-packages/airflow/example_dags/example_local_kubernetes_executor.py
[2024-04-12T22:04:02.417+0000] {logging_mixin.py:188} INFO - [2024-04-12T22:04:02.417+0000] {dag.py:3096} INFO - Sync 1 DAGs
[2024-04-12T22:04:02.433+0000] {logging_mixin.py:188} INFO - [2024-04-12T22:04:02.432+0000] {dag.py:3954} INFO - Setting next_dagrun for example_local_kubernetes_executor to None, run_after=None
[2024-04-12T22:04:02.455+0000] {processor.py:183} INFO - Processing /home/airflow/.local/lib/python3.12/site-packages/airflow/example_dags/example_local_kubernetes_executor.py took 0.110 seconds
[2024-04-12T22:04:32.577+0000] {processor.py:161} INFO - Started process (PID=885) to work on /home/airflow/.local/lib/python3.12/site-packages/airflow/example_dags/example_local_kubernetes_executor.py
[2024-04-12T22:04:32.579+0000] {processor.py:830} INFO - Processing file /home/airflow/.local/lib/python3.12/site-packages/airflow/example_dags/example_local_kubernetes_executor.py for tasks to queue
[2024-04-12T22:04:32.582+0000] {logging_mixin.py:188} INFO - [2024-04-12T22:04:32.581+0000] {dagbag.py:540} INFO - Filling up the DagBag from /home/airflow/.local/lib/python3.12/site-packages/airflow/example_dags/example_local_kubernetes_executor.py
[2024-04-12T22:04:32.590+0000] {processor.py:840} INFO - DAG(s) 'example_local_kubernetes_executor' retrieved from /home/airflow/.local/lib/python3.12/site-packages/airflow/example_dags/example_local_kubernetes_executor.py
[2024-04-12T22:04:32.637+0000] {logging_mixin.py:188} INFO - [2024-04-12T22:04:32.636+0000] {dag.py:3096} INFO - Sync 1 DAGs
[2024-04-12T22:04:32.654+0000] {logging_mixin.py:188} INFO - [2024-04-12T22:04:32.654+0000] {dag.py:3954} INFO - Setting next_dagrun for example_local_kubernetes_executor to None, run_after=None
[2024-04-12T22:04:32.685+0000] {processor.py:183} INFO - Processing /home/airflow/.local/lib/python3.12/site-packages/airflow/example_dags/example_local_kubernetes_executor.py took 0.120 seconds
[2024-04-12T22:05:02.773+0000] {processor.py:161} INFO - Started process (PID=944) to work on /home/airflow/.local/lib/python3.12/site-packages/airflow/example_dags/example_local_kubernetes_executor.py
[2024-04-12T22:05:02.774+0000] {processor.py:830} INFO - Processing file /home/airflow/.local/lib/python3.12/site-packages/airflow/example_dags/example_local_kubernetes_executor.py for tasks to queue
[2024-04-12T22:05:02.776+0000] {logging_mixin.py:188} INFO - [2024-04-12T22:05:02.776+0000] {dagbag.py:540} INFO - Filling up the DagBag from /home/airflow/.local/lib/python3.12/site-packages/airflow/example_dags/example_local_kubernetes_executor.py
[2024-04-12T22:05:02.784+0000] {processor.py:840} INFO - DAG(s) 'example_local_kubernetes_executor' retrieved from /home/airflow/.local/lib/python3.12/site-packages/airflow/example_dags/example_local_kubernetes_executor.py
[2024-04-12T22:05:02.818+0000] {logging_mixin.py:188} INFO - [2024-04-12T22:05:02.818+0000] {dag.py:3096} INFO - Sync 1 DAGs
[2024-04-12T22:05:02.832+0000] {logging_mixin.py:188} INFO - [2024-04-12T22:05:02.832+0000] {dag.py:3954} INFO - Setting next_dagrun for example_local_kubernetes_executor to None, run_after=None
[2024-04-12T22:05:02.869+0000] {processor.py:183} INFO - Processing /home/airflow/.local/lib/python3.12/site-packages/airflow/example_dags/example_local_kubernetes_executor.py took 0.102 seconds
[2024-04-12T22:05:32.974+0000] {processor.py:161} INFO - Started process (PID=1003) to work on /home/airflow/.local/lib/python3.12/site-packages/airflow/example_dags/example_local_kubernetes_executor.py
[2024-04-12T22:05:32.975+0000] {processor.py:830} INFO - Processing file /home/airflow/.local/lib/python3.12/site-packages/airflow/example_dags/example_local_kubernetes_executor.py for tasks to queue
[2024-04-12T22:05:32.977+0000] {logging_mixin.py:188} INFO - [2024-04-12T22:05:32.977+0000] {dagbag.py:540} INFO - Filling up the DagBag from /home/airflow/.local/lib/python3.12/site-packages/airflow/example_dags/example_local_kubernetes_executor.py
[2024-04-12T22:05:32.985+0000] {processor.py:840} INFO - DAG(s) 'example_local_kubernetes_executor' retrieved from /home/airflow/.local/lib/python3.12/site-packages/airflow/example_dags/example_local_kubernetes_executor.py
[2024-04-12T22:05:33.019+0000] {logging_mixin.py:188} INFO - [2024-04-12T22:05:33.018+0000] {dag.py:3096} INFO - Sync 1 DAGs
[2024-04-12T22:05:33.032+0000] {logging_mixin.py:188} INFO - [2024-04-12T22:05:33.032+0000] {dag.py:3954} INFO - Setting next_dagrun for example_local_kubernetes_executor to None, run_after=None
[2024-04-12T22:05:33.052+0000] {processor.py:183} INFO - Processing /home/airflow/.local/lib/python3.12/site-packages/airflow/example_dags/example_local_kubernetes_executor.py took 0.084 seconds
