[2024-04-12T21:14:40.616+0000] {processor.py:161} INFO - Started process (PID=74) to work on /home/airflow/.local/lib/python3.12/site-packages/airflow/example_dags/example_branch_datetime_operator.py
[2024-04-12T21:14:40.618+0000] {processor.py:830} INFO - Processing file /home/airflow/.local/lib/python3.12/site-packages/airflow/example_dags/example_branch_datetime_operator.py for tasks to queue
[2024-04-12T21:14:40.623+0000] {logging_mixin.py:188} INFO - [2024-04-12T21:14:40.622+0000] {dagbag.py:540} INFO - Filling up the DagBag from /home/airflow/.local/lib/python3.12/site-packages/airflow/example_dags/example_branch_datetime_operator.py
[2024-04-12T21:14:40.683+0000] {processor.py:840} INFO - DAG(s) 'example_branch_datetime_operator_3', 'example_branch_datetime_operator', 'example_branch_datetime_operator_2' retrieved from /home/airflow/.local/lib/python3.12/site-packages/airflow/example_dags/example_branch_datetime_operator.py
[2024-04-12T21:14:41.456+0000] {logging_mixin.py:188} INFO - [2024-04-12T21:14:41.456+0000] {dag.py:3096} INFO - Sync 3 DAGs
[2024-04-12T21:14:41.606+0000] {logging_mixin.py:188} INFO - [2024-04-12T21:14:41.605+0000] {dag.py:3954} INFO - Setting next_dagrun for example_branch_datetime_operator to 2024-04-11 00:00:00+00:00, run_after=2024-04-12 00:00:00+00:00
[2024-04-12T21:14:41.650+0000] {logging_mixin.py:188} INFO - [2024-04-12T21:14:41.643+0000] {dag.py:3954} INFO - Setting next_dagrun for example_branch_datetime_operator_2 to 2024-04-11 00:00:00+00:00, run_after=2024-04-12 00:00:00+00:00
[2024-04-12T21:14:41.676+0000] {logging_mixin.py:188} INFO - [2024-04-12T21:14:41.676+0000] {dag.py:3954} INFO - Setting next_dagrun for example_branch_datetime_operator_3 to 2024-04-11 00:00:00+00:00, run_after=2024-04-12 00:00:00+00:00
[2024-04-12T21:14:41.790+0000] {processor.py:183} INFO - Processing /home/airflow/.local/lib/python3.12/site-packages/airflow/example_dags/example_branch_datetime_operator.py took 1.193 seconds
[2024-04-12T21:15:30.451+0000] {processor.py:161} INFO - Started process (PID=139) to work on /home/airflow/.local/lib/python3.12/site-packages/airflow/example_dags/example_branch_datetime_operator.py
[2024-04-12T21:15:30.468+0000] {processor.py:830} INFO - Processing file /home/airflow/.local/lib/python3.12/site-packages/airflow/example_dags/example_branch_datetime_operator.py for tasks to queue
[2024-04-12T21:15:30.490+0000] {logging_mixin.py:188} INFO - [2024-04-12T21:15:30.487+0000] {dagbag.py:540} INFO - Filling up the DagBag from /home/airflow/.local/lib/python3.12/site-packages/airflow/example_dags/example_branch_datetime_operator.py
[2024-04-12T21:15:30.524+0000] {processor.py:840} INFO - DAG(s) 'example_branch_datetime_operator', 'example_branch_datetime_operator_3', 'example_branch_datetime_operator_2' retrieved from /home/airflow/.local/lib/python3.12/site-packages/airflow/example_dags/example_branch_datetime_operator.py
[2024-04-12T21:15:30.633+0000] {logging_mixin.py:188} INFO - [2024-04-12T21:15:30.632+0000] {dag.py:3096} INFO - Sync 3 DAGs
[2024-04-12T21:15:30.693+0000] {logging_mixin.py:188} INFO - [2024-04-12T21:15:30.693+0000] {dag.py:3954} INFO - Setting next_dagrun for example_branch_datetime_operator to 2024-04-11 00:00:00+00:00, run_after=2024-04-12 00:00:00+00:00
[2024-04-12T21:15:30.713+0000] {logging_mixin.py:188} INFO - [2024-04-12T21:15:30.712+0000] {dag.py:3954} INFO - Setting next_dagrun for example_branch_datetime_operator_2 to 2024-04-11 00:00:00+00:00, run_after=2024-04-12 00:00:00+00:00
[2024-04-12T21:15:30.726+0000] {logging_mixin.py:188} INFO - [2024-04-12T21:15:30.726+0000] {dag.py:3954} INFO - Setting next_dagrun for example_branch_datetime_operator_3 to 2024-04-11 00:00:00+00:00, run_after=2024-04-12 00:00:00+00:00
[2024-04-12T21:15:30.803+0000] {processor.py:183} INFO - Processing /home/airflow/.local/lib/python3.12/site-packages/airflow/example_dags/example_branch_datetime_operator.py took 0.391 seconds
[2024-04-12T21:16:01.708+0000] {processor.py:161} INFO - Started process (PID=198) to work on /home/airflow/.local/lib/python3.12/site-packages/airflow/example_dags/example_branch_datetime_operator.py
[2024-04-12T21:16:01.709+0000] {processor.py:830} INFO - Processing file /home/airflow/.local/lib/python3.12/site-packages/airflow/example_dags/example_branch_datetime_operator.py for tasks to queue
[2024-04-12T21:16:01.715+0000] {logging_mixin.py:188} INFO - [2024-04-12T21:16:01.714+0000] {dagbag.py:540} INFO - Filling up the DagBag from /home/airflow/.local/lib/python3.12/site-packages/airflow/example_dags/example_branch_datetime_operator.py
[2024-04-12T21:16:01.739+0000] {processor.py:840} INFO - DAG(s) 'example_branch_datetime_operator_2', 'example_branch_datetime_operator', 'example_branch_datetime_operator_3' retrieved from /home/airflow/.local/lib/python3.12/site-packages/airflow/example_dags/example_branch_datetime_operator.py
[2024-04-12T21:16:01.795+0000] {logging_mixin.py:188} INFO - [2024-04-12T21:16:01.795+0000] {dag.py:3096} INFO - Sync 3 DAGs
[2024-04-12T21:16:01.848+0000] {logging_mixin.py:188} INFO - [2024-04-12T21:16:01.845+0000] {dag.py:3954} INFO - Setting next_dagrun for example_branch_datetime_operator to 2024-04-11 00:00:00+00:00, run_after=2024-04-12 00:00:00+00:00
[2024-04-12T21:16:01.859+0000] {logging_mixin.py:188} INFO - [2024-04-12T21:16:01.858+0000] {dag.py:3954} INFO - Setting next_dagrun for example_branch_datetime_operator_2 to 2024-04-11 00:00:00+00:00, run_after=2024-04-12 00:00:00+00:00
[2024-04-12T21:16:01.869+0000] {logging_mixin.py:188} INFO - [2024-04-12T21:16:01.869+0000] {dag.py:3954} INFO - Setting next_dagrun for example_branch_datetime_operator_3 to 2024-04-11 00:00:00+00:00, run_after=2024-04-12 00:00:00+00:00
[2024-04-12T21:16:01.905+0000] {processor.py:183} INFO - Processing /home/airflow/.local/lib/python3.12/site-packages/airflow/example_dags/example_branch_datetime_operator.py took 0.208 seconds
[2024-04-12T21:16:31.948+0000] {processor.py:161} INFO - Started process (PID=256) to work on /home/airflow/.local/lib/python3.12/site-packages/airflow/example_dags/example_branch_datetime_operator.py
[2024-04-12T21:16:31.950+0000] {processor.py:830} INFO - Processing file /home/airflow/.local/lib/python3.12/site-packages/airflow/example_dags/example_branch_datetime_operator.py for tasks to queue
[2024-04-12T21:16:31.952+0000] {logging_mixin.py:188} INFO - [2024-04-12T21:16:31.952+0000] {dagbag.py:540} INFO - Filling up the DagBag from /home/airflow/.local/lib/python3.12/site-packages/airflow/example_dags/example_branch_datetime_operator.py
[2024-04-12T21:16:31.965+0000] {processor.py:840} INFO - DAG(s) 'example_branch_datetime_operator_3', 'example_branch_datetime_operator_2', 'example_branch_datetime_operator' retrieved from /home/airflow/.local/lib/python3.12/site-packages/airflow/example_dags/example_branch_datetime_operator.py
[2024-04-12T21:16:32.000+0000] {logging_mixin.py:188} INFO - [2024-04-12T21:16:31.999+0000] {dag.py:3096} INFO - Sync 3 DAGs
[2024-04-12T21:16:32.026+0000] {logging_mixin.py:188} INFO - [2024-04-12T21:16:32.026+0000] {dag.py:3954} INFO - Setting next_dagrun for example_branch_datetime_operator to 2024-04-11 00:00:00+00:00, run_after=2024-04-12 00:00:00+00:00
[2024-04-12T21:16:32.032+0000] {logging_mixin.py:188} INFO - [2024-04-12T21:16:32.032+0000] {dag.py:3954} INFO - Setting next_dagrun for example_branch_datetime_operator_2 to 2024-04-11 00:00:00+00:00, run_after=2024-04-12 00:00:00+00:00
[2024-04-12T21:16:32.036+0000] {logging_mixin.py:188} INFO - [2024-04-12T21:16:32.035+0000] {dag.py:3954} INFO - Setting next_dagrun for example_branch_datetime_operator_3 to 2024-04-11 00:00:00+00:00, run_after=2024-04-12 00:00:00+00:00
[2024-04-12T21:16:32.056+0000] {processor.py:183} INFO - Processing /home/airflow/.local/lib/python3.12/site-packages/airflow/example_dags/example_branch_datetime_operator.py took 0.115 seconds
[2024-04-12T21:17:02.441+0000] {processor.py:161} INFO - Started process (PID=313) to work on /home/airflow/.local/lib/python3.12/site-packages/airflow/example_dags/example_branch_datetime_operator.py
[2024-04-12T21:17:02.443+0000] {processor.py:830} INFO - Processing file /home/airflow/.local/lib/python3.12/site-packages/airflow/example_dags/example_branch_datetime_operator.py for tasks to queue
[2024-04-12T21:17:02.445+0000] {logging_mixin.py:188} INFO - [2024-04-12T21:17:02.445+0000] {dagbag.py:540} INFO - Filling up the DagBag from /home/airflow/.local/lib/python3.12/site-packages/airflow/example_dags/example_branch_datetime_operator.py
[2024-04-12T21:17:02.459+0000] {processor.py:840} INFO - DAG(s) 'example_branch_datetime_operator_3', 'example_branch_datetime_operator', 'example_branch_datetime_operator_2' retrieved from /home/airflow/.local/lib/python3.12/site-packages/airflow/example_dags/example_branch_datetime_operator.py
[2024-04-12T21:17:02.492+0000] {logging_mixin.py:188} INFO - [2024-04-12T21:17:02.492+0000] {dag.py:3096} INFO - Sync 3 DAGs
[2024-04-12T21:17:02.546+0000] {logging_mixin.py:188} INFO - [2024-04-12T21:17:02.546+0000] {dag.py:3954} INFO - Setting next_dagrun for example_branch_datetime_operator to 2024-04-11 00:00:00+00:00, run_after=2024-04-12 00:00:00+00:00
[2024-04-12T21:17:02.558+0000] {logging_mixin.py:188} INFO - [2024-04-12T21:17:02.557+0000] {dag.py:3954} INFO - Setting next_dagrun for example_branch_datetime_operator_2 to 2024-04-11 00:00:00+00:00, run_after=2024-04-12 00:00:00+00:00
[2024-04-12T21:17:02.563+0000] {logging_mixin.py:188} INFO - [2024-04-12T21:17:02.562+0000] {dag.py:3954} INFO - Setting next_dagrun for example_branch_datetime_operator_3 to 2024-04-11 00:00:00+00:00, run_after=2024-04-12 00:00:00+00:00
[2024-04-12T21:17:02.591+0000] {processor.py:183} INFO - Processing /home/airflow/.local/lib/python3.12/site-packages/airflow/example_dags/example_branch_datetime_operator.py took 0.157 seconds
[2024-04-12T21:17:33.471+0000] {processor.py:161} INFO - Started process (PID=371) to work on /home/airflow/.local/lib/python3.12/site-packages/airflow/example_dags/example_branch_datetime_operator.py
[2024-04-12T21:17:33.472+0000] {processor.py:830} INFO - Processing file /home/airflow/.local/lib/python3.12/site-packages/airflow/example_dags/example_branch_datetime_operator.py for tasks to queue
[2024-04-12T21:17:33.476+0000] {logging_mixin.py:188} INFO - [2024-04-12T21:17:33.475+0000] {dagbag.py:540} INFO - Filling up the DagBag from /home/airflow/.local/lib/python3.12/site-packages/airflow/example_dags/example_branch_datetime_operator.py
[2024-04-12T21:17:33.500+0000] {processor.py:840} INFO - DAG(s) 'example_branch_datetime_operator_2', 'example_branch_datetime_operator', 'example_branch_datetime_operator_3' retrieved from /home/airflow/.local/lib/python3.12/site-packages/airflow/example_dags/example_branch_datetime_operator.py
[2024-04-12T21:17:33.548+0000] {logging_mixin.py:188} INFO - [2024-04-12T21:17:33.548+0000] {dag.py:3096} INFO - Sync 3 DAGs
[2024-04-12T21:17:33.581+0000] {logging_mixin.py:188} INFO - [2024-04-12T21:17:33.581+0000] {dag.py:3954} INFO - Setting next_dagrun for example_branch_datetime_operator to 2024-04-11 00:00:00+00:00, run_after=2024-04-12 00:00:00+00:00
[2024-04-12T21:17:33.588+0000] {logging_mixin.py:188} INFO - [2024-04-12T21:17:33.588+0000] {dag.py:3954} INFO - Setting next_dagrun for example_branch_datetime_operator_2 to 2024-04-11 00:00:00+00:00, run_after=2024-04-12 00:00:00+00:00
[2024-04-12T21:17:33.592+0000] {logging_mixin.py:188} INFO - [2024-04-12T21:17:33.591+0000] {dag.py:3954} INFO - Setting next_dagrun for example_branch_datetime_operator_3 to 2024-04-11 00:00:00+00:00, run_after=2024-04-12 00:00:00+00:00
[2024-04-12T21:17:33.615+0000] {processor.py:183} INFO - Processing /home/airflow/.local/lib/python3.12/site-packages/airflow/example_dags/example_branch_datetime_operator.py took 0.154 seconds
[2024-04-12T21:18:04.196+0000] {processor.py:161} INFO - Started process (PID=429) to work on /home/airflow/.local/lib/python3.12/site-packages/airflow/example_dags/example_branch_datetime_operator.py
[2024-04-12T21:18:04.197+0000] {processor.py:830} INFO - Processing file /home/airflow/.local/lib/python3.12/site-packages/airflow/example_dags/example_branch_datetime_operator.py for tasks to queue
[2024-04-12T21:18:04.200+0000] {logging_mixin.py:188} INFO - [2024-04-12T21:18:04.199+0000] {dagbag.py:540} INFO - Filling up the DagBag from /home/airflow/.local/lib/python3.12/site-packages/airflow/example_dags/example_branch_datetime_operator.py
[2024-04-12T21:18:04.213+0000] {processor.py:840} INFO - DAG(s) 'example_branch_datetime_operator', 'example_branch_datetime_operator_3', 'example_branch_datetime_operator_2' retrieved from /home/airflow/.local/lib/python3.12/site-packages/airflow/example_dags/example_branch_datetime_operator.py
[2024-04-12T21:18:04.251+0000] {logging_mixin.py:188} INFO - [2024-04-12T21:18:04.250+0000] {dag.py:3096} INFO - Sync 3 DAGs
[2024-04-12T21:18:04.282+0000] {logging_mixin.py:188} INFO - [2024-04-12T21:18:04.282+0000] {dag.py:3954} INFO - Setting next_dagrun for example_branch_datetime_operator to 2024-04-11 00:00:00+00:00, run_after=2024-04-12 00:00:00+00:00
[2024-04-12T21:18:04.289+0000] {logging_mixin.py:188} INFO - [2024-04-12T21:18:04.289+0000] {dag.py:3954} INFO - Setting next_dagrun for example_branch_datetime_operator_2 to 2024-04-11 00:00:00+00:00, run_after=2024-04-12 00:00:00+00:00
[2024-04-12T21:18:04.293+0000] {logging_mixin.py:188} INFO - [2024-04-12T21:18:04.293+0000] {dag.py:3954} INFO - Setting next_dagrun for example_branch_datetime_operator_3 to 2024-04-11 00:00:00+00:00, run_after=2024-04-12 00:00:00+00:00
[2024-04-12T21:18:04.322+0000] {processor.py:183} INFO - Processing /home/airflow/.local/lib/python3.12/site-packages/airflow/example_dags/example_branch_datetime_operator.py took 0.132 seconds
[2024-04-12T21:18:34.989+0000] {processor.py:161} INFO - Started process (PID=486) to work on /home/airflow/.local/lib/python3.12/site-packages/airflow/example_dags/example_branch_datetime_operator.py
[2024-04-12T21:18:34.990+0000] {processor.py:830} INFO - Processing file /home/airflow/.local/lib/python3.12/site-packages/airflow/example_dags/example_branch_datetime_operator.py for tasks to queue
[2024-04-12T21:18:34.993+0000] {logging_mixin.py:188} INFO - [2024-04-12T21:18:34.992+0000] {dagbag.py:540} INFO - Filling up the DagBag from /home/airflow/.local/lib/python3.12/site-packages/airflow/example_dags/example_branch_datetime_operator.py
[2024-04-12T21:18:35.005+0000] {processor.py:840} INFO - DAG(s) 'example_branch_datetime_operator_3', 'example_branch_datetime_operator_2', 'example_branch_datetime_operator' retrieved from /home/airflow/.local/lib/python3.12/site-packages/airflow/example_dags/example_branch_datetime_operator.py
[2024-04-12T21:18:35.038+0000] {logging_mixin.py:188} INFO - [2024-04-12T21:18:35.038+0000] {dag.py:3096} INFO - Sync 3 DAGs
[2024-04-12T21:18:35.067+0000] {logging_mixin.py:188} INFO - [2024-04-12T21:18:35.067+0000] {dag.py:3954} INFO - Setting next_dagrun for example_branch_datetime_operator to 2024-04-11 00:00:00+00:00, run_after=2024-04-12 00:00:00+00:00
[2024-04-12T21:18:35.074+0000] {logging_mixin.py:188} INFO - [2024-04-12T21:18:35.073+0000] {dag.py:3954} INFO - Setting next_dagrun for example_branch_datetime_operator_2 to 2024-04-11 00:00:00+00:00, run_after=2024-04-12 00:00:00+00:00
[2024-04-12T21:18:35.078+0000] {logging_mixin.py:188} INFO - [2024-04-12T21:18:35.077+0000] {dag.py:3954} INFO - Setting next_dagrun for example_branch_datetime_operator_3 to 2024-04-11 00:00:00+00:00, run_after=2024-04-12 00:00:00+00:00
[2024-04-12T21:18:35.103+0000] {processor.py:183} INFO - Processing /home/airflow/.local/lib/python3.12/site-packages/airflow/example_dags/example_branch_datetime_operator.py took 0.122 seconds
[2024-04-12T21:19:05.688+0000] {processor.py:161} INFO - Started process (PID=544) to work on /home/airflow/.local/lib/python3.12/site-packages/airflow/example_dags/example_branch_datetime_operator.py
[2024-04-12T21:19:05.690+0000] {processor.py:830} INFO - Processing file /home/airflow/.local/lib/python3.12/site-packages/airflow/example_dags/example_branch_datetime_operator.py for tasks to queue
[2024-04-12T21:19:05.693+0000] {logging_mixin.py:188} INFO - [2024-04-12T21:19:05.693+0000] {dagbag.py:540} INFO - Filling up the DagBag from /home/airflow/.local/lib/python3.12/site-packages/airflow/example_dags/example_branch_datetime_operator.py
[2024-04-12T21:19:05.709+0000] {processor.py:840} INFO - DAG(s) 'example_branch_datetime_operator_3', 'example_branch_datetime_operator', 'example_branch_datetime_operator_2' retrieved from /home/airflow/.local/lib/python3.12/site-packages/airflow/example_dags/example_branch_datetime_operator.py
[2024-04-12T21:19:05.757+0000] {logging_mixin.py:188} INFO - [2024-04-12T21:19:05.756+0000] {dag.py:3096} INFO - Sync 3 DAGs
[2024-04-12T21:19:05.838+0000] {logging_mixin.py:188} INFO - [2024-04-12T21:19:05.827+0000] {dag.py:3954} INFO - Setting next_dagrun for example_branch_datetime_operator to 2024-04-11 00:00:00+00:00, run_after=2024-04-12 00:00:00+00:00
[2024-04-12T21:19:05.855+0000] {logging_mixin.py:188} INFO - [2024-04-12T21:19:05.855+0000] {dag.py:3954} INFO - Setting next_dagrun for example_branch_datetime_operator_2 to 2024-04-11 00:00:00+00:00, run_after=2024-04-12 00:00:00+00:00
[2024-04-12T21:19:05.875+0000] {logging_mixin.py:188} INFO - [2024-04-12T21:19:05.875+0000] {dag.py:3954} INFO - Setting next_dagrun for example_branch_datetime_operator_3 to 2024-04-11 00:00:00+00:00, run_after=2024-04-12 00:00:00+00:00
[2024-04-12T21:19:05.956+0000] {processor.py:183} INFO - Processing /home/airflow/.local/lib/python3.12/site-packages/airflow/example_dags/example_branch_datetime_operator.py took 0.278 seconds
[2024-04-12T21:19:36.192+0000] {processor.py:161} INFO - Started process (PID=604) to work on /home/airflow/.local/lib/python3.12/site-packages/airflow/example_dags/example_branch_datetime_operator.py
[2024-04-12T21:19:36.193+0000] {processor.py:830} INFO - Processing file /home/airflow/.local/lib/python3.12/site-packages/airflow/example_dags/example_branch_datetime_operator.py for tasks to queue
[2024-04-12T21:19:36.196+0000] {logging_mixin.py:188} INFO - [2024-04-12T21:19:36.195+0000] {dagbag.py:540} INFO - Filling up the DagBag from /home/airflow/.local/lib/python3.12/site-packages/airflow/example_dags/example_branch_datetime_operator.py
[2024-04-12T21:19:36.208+0000] {processor.py:840} INFO - DAG(s) 'example_branch_datetime_operator_3', 'example_branch_datetime_operator_2', 'example_branch_datetime_operator' retrieved from /home/airflow/.local/lib/python3.12/site-packages/airflow/example_dags/example_branch_datetime_operator.py
[2024-04-12T21:19:36.243+0000] {logging_mixin.py:188} INFO - [2024-04-12T21:19:36.243+0000] {dag.py:3096} INFO - Sync 3 DAGs
[2024-04-12T21:19:36.282+0000] {logging_mixin.py:188} INFO - [2024-04-12T21:19:36.282+0000] {dag.py:3954} INFO - Setting next_dagrun for example_branch_datetime_operator to 2024-04-11 00:00:00+00:00, run_after=2024-04-12 00:00:00+00:00
[2024-04-12T21:19:36.291+0000] {logging_mixin.py:188} INFO - [2024-04-12T21:19:36.291+0000] {dag.py:3954} INFO - Setting next_dagrun for example_branch_datetime_operator_2 to 2024-04-11 00:00:00+00:00, run_after=2024-04-12 00:00:00+00:00
[2024-04-12T21:19:36.295+0000] {logging_mixin.py:188} INFO - [2024-04-12T21:19:36.294+0000] {dag.py:3954} INFO - Setting next_dagrun for example_branch_datetime_operator_3 to 2024-04-11 00:00:00+00:00, run_after=2024-04-12 00:00:00+00:00
[2024-04-12T21:19:36.323+0000] {processor.py:183} INFO - Processing /home/airflow/.local/lib/python3.12/site-packages/airflow/example_dags/example_branch_datetime_operator.py took 0.139 seconds
[2024-04-12T21:20:06.454+0000] {processor.py:161} INFO - Started process (PID=661) to work on /home/airflow/.local/lib/python3.12/site-packages/airflow/example_dags/example_branch_datetime_operator.py
[2024-04-12T21:20:06.455+0000] {processor.py:830} INFO - Processing file /home/airflow/.local/lib/python3.12/site-packages/airflow/example_dags/example_branch_datetime_operator.py for tasks to queue
[2024-04-12T21:20:06.458+0000] {logging_mixin.py:188} INFO - [2024-04-12T21:20:06.457+0000] {dagbag.py:540} INFO - Filling up the DagBag from /home/airflow/.local/lib/python3.12/site-packages/airflow/example_dags/example_branch_datetime_operator.py
[2024-04-12T21:20:06.469+0000] {processor.py:840} INFO - DAG(s) 'example_branch_datetime_operator_2', 'example_branch_datetime_operator', 'example_branch_datetime_operator_3' retrieved from /home/airflow/.local/lib/python3.12/site-packages/airflow/example_dags/example_branch_datetime_operator.py
[2024-04-12T21:20:06.560+0000] {logging_mixin.py:188} INFO - [2024-04-12T21:20:06.560+0000] {dag.py:3096} INFO - Sync 3 DAGs
[2024-04-12T21:20:06.593+0000] {logging_mixin.py:188} INFO - [2024-04-12T21:20:06.593+0000] {dag.py:3954} INFO - Setting next_dagrun for example_branch_datetime_operator to 2024-04-11 00:00:00+00:00, run_after=2024-04-12 00:00:00+00:00
[2024-04-12T21:20:06.602+0000] {logging_mixin.py:188} INFO - [2024-04-12T21:20:06.602+0000] {dag.py:3954} INFO - Setting next_dagrun for example_branch_datetime_operator_2 to 2024-04-11 00:00:00+00:00, run_after=2024-04-12 00:00:00+00:00
[2024-04-12T21:20:06.607+0000] {logging_mixin.py:188} INFO - [2024-04-12T21:20:06.606+0000] {dag.py:3954} INFO - Setting next_dagrun for example_branch_datetime_operator_3 to 2024-04-11 00:00:00+00:00, run_after=2024-04-12 00:00:00+00:00
[2024-04-12T21:20:06.635+0000] {processor.py:183} INFO - Processing /home/airflow/.local/lib/python3.12/site-packages/airflow/example_dags/example_branch_datetime_operator.py took 0.188 seconds
[2024-04-12T21:20:36.724+0000] {processor.py:161} INFO - Started process (PID=719) to work on /home/airflow/.local/lib/python3.12/site-packages/airflow/example_dags/example_branch_datetime_operator.py
[2024-04-12T21:20:36.725+0000] {processor.py:830} INFO - Processing file /home/airflow/.local/lib/python3.12/site-packages/airflow/example_dags/example_branch_datetime_operator.py for tasks to queue
[2024-04-12T21:20:36.728+0000] {logging_mixin.py:188} INFO - [2024-04-12T21:20:36.728+0000] {dagbag.py:540} INFO - Filling up the DagBag from /home/airflow/.local/lib/python3.12/site-packages/airflow/example_dags/example_branch_datetime_operator.py
[2024-04-12T21:20:36.747+0000] {processor.py:840} INFO - DAG(s) 'example_branch_datetime_operator', 'example_branch_datetime_operator_2', 'example_branch_datetime_operator_3' retrieved from /home/airflow/.local/lib/python3.12/site-packages/airflow/example_dags/example_branch_datetime_operator.py
[2024-04-12T21:20:36.789+0000] {logging_mixin.py:188} INFO - [2024-04-12T21:20:36.789+0000] {dag.py:3096} INFO - Sync 3 DAGs
[2024-04-12T21:20:36.825+0000] {logging_mixin.py:188} INFO - [2024-04-12T21:20:36.825+0000] {dag.py:3954} INFO - Setting next_dagrun for example_branch_datetime_operator to 2024-04-11 00:00:00+00:00, run_after=2024-04-12 00:00:00+00:00
[2024-04-12T21:20:36.836+0000] {logging_mixin.py:188} INFO - [2024-04-12T21:20:36.836+0000] {dag.py:3954} INFO - Setting next_dagrun for example_branch_datetime_operator_2 to 2024-04-11 00:00:00+00:00, run_after=2024-04-12 00:00:00+00:00
[2024-04-12T21:20:36.840+0000] {logging_mixin.py:188} INFO - [2024-04-12T21:20:36.840+0000] {dag.py:3954} INFO - Setting next_dagrun for example_branch_datetime_operator_3 to 2024-04-11 00:00:00+00:00, run_after=2024-04-12 00:00:00+00:00
[2024-04-12T21:20:36.888+0000] {processor.py:183} INFO - Processing /home/airflow/.local/lib/python3.12/site-packages/airflow/example_dags/example_branch_datetime_operator.py took 0.173 seconds
[2024-04-12T21:21:07.582+0000] {processor.py:161} INFO - Started process (PID=778) to work on /home/airflow/.local/lib/python3.12/site-packages/airflow/example_dags/example_branch_datetime_operator.py
[2024-04-12T21:21:07.584+0000] {processor.py:830} INFO - Processing file /home/airflow/.local/lib/python3.12/site-packages/airflow/example_dags/example_branch_datetime_operator.py for tasks to queue
[2024-04-12T21:21:07.603+0000] {logging_mixin.py:188} INFO - [2024-04-12T21:21:07.602+0000] {dagbag.py:540} INFO - Filling up the DagBag from /home/airflow/.local/lib/python3.12/site-packages/airflow/example_dags/example_branch_datetime_operator.py
[2024-04-12T21:21:07.632+0000] {processor.py:840} INFO - DAG(s) 'example_branch_datetime_operator_3', 'example_branch_datetime_operator', 'example_branch_datetime_operator_2' retrieved from /home/airflow/.local/lib/python3.12/site-packages/airflow/example_dags/example_branch_datetime_operator.py
[2024-04-12T21:21:07.756+0000] {logging_mixin.py:188} INFO - [2024-04-12T21:21:07.755+0000] {dag.py:3096} INFO - Sync 3 DAGs
[2024-04-12T21:21:07.854+0000] {logging_mixin.py:188} INFO - [2024-04-12T21:21:07.854+0000] {dag.py:3954} INFO - Setting next_dagrun for example_branch_datetime_operator to 2024-04-11 00:00:00+00:00, run_after=2024-04-12 00:00:00+00:00
[2024-04-12T21:21:07.884+0000] {logging_mixin.py:188} INFO - [2024-04-12T21:21:07.884+0000] {dag.py:3954} INFO - Setting next_dagrun for example_branch_datetime_operator_2 to 2024-04-11 00:00:00+00:00, run_after=2024-04-12 00:00:00+00:00
[2024-04-12T21:21:07.890+0000] {logging_mixin.py:188} INFO - [2024-04-12T21:21:07.890+0000] {dag.py:3954} INFO - Setting next_dagrun for example_branch_datetime_operator_3 to 2024-04-11 00:00:00+00:00, run_after=2024-04-12 00:00:00+00:00
[2024-04-12T21:21:07.968+0000] {processor.py:183} INFO - Processing /home/airflow/.local/lib/python3.12/site-packages/airflow/example_dags/example_branch_datetime_operator.py took 0.405 seconds
[2024-04-12T21:21:38.770+0000] {processor.py:161} INFO - Started process (PID=836) to work on /home/airflow/.local/lib/python3.12/site-packages/airflow/example_dags/example_branch_datetime_operator.py
[2024-04-12T21:21:38.771+0000] {processor.py:830} INFO - Processing file /home/airflow/.local/lib/python3.12/site-packages/airflow/example_dags/example_branch_datetime_operator.py for tasks to queue
[2024-04-12T21:21:38.774+0000] {logging_mixin.py:188} INFO - [2024-04-12T21:21:38.773+0000] {dagbag.py:540} INFO - Filling up the DagBag from /home/airflow/.local/lib/python3.12/site-packages/airflow/example_dags/example_branch_datetime_operator.py
[2024-04-12T21:21:38.792+0000] {processor.py:840} INFO - DAG(s) 'example_branch_datetime_operator', 'example_branch_datetime_operator_2', 'example_branch_datetime_operator_3' retrieved from /home/airflow/.local/lib/python3.12/site-packages/airflow/example_dags/example_branch_datetime_operator.py
[2024-04-12T21:21:38.836+0000] {logging_mixin.py:188} INFO - [2024-04-12T21:21:38.836+0000] {dag.py:3096} INFO - Sync 3 DAGs
[2024-04-12T21:21:38.890+0000] {logging_mixin.py:188} INFO - [2024-04-12T21:21:38.890+0000] {dag.py:3954} INFO - Setting next_dagrun for example_branch_datetime_operator to 2024-04-11 00:00:00+00:00, run_after=2024-04-12 00:00:00+00:00
[2024-04-12T21:21:38.900+0000] {logging_mixin.py:188} INFO - [2024-04-12T21:21:38.899+0000] {dag.py:3954} INFO - Setting next_dagrun for example_branch_datetime_operator_2 to 2024-04-11 00:00:00+00:00, run_after=2024-04-12 00:00:00+00:00
[2024-04-12T21:21:38.913+0000] {logging_mixin.py:188} INFO - [2024-04-12T21:21:38.912+0000] {dag.py:3954} INFO - Setting next_dagrun for example_branch_datetime_operator_3 to 2024-04-11 00:00:00+00:00, run_after=2024-04-12 00:00:00+00:00
[2024-04-12T21:21:38.948+0000] {processor.py:183} INFO - Processing /home/airflow/.local/lib/python3.12/site-packages/airflow/example_dags/example_branch_datetime_operator.py took 0.187 seconds
[2024-04-12T21:22:09.643+0000] {processor.py:161} INFO - Started process (PID=894) to work on /home/airflow/.local/lib/python3.12/site-packages/airflow/example_dags/example_branch_datetime_operator.py
[2024-04-12T21:22:09.644+0000] {processor.py:830} INFO - Processing file /home/airflow/.local/lib/python3.12/site-packages/airflow/example_dags/example_branch_datetime_operator.py for tasks to queue
[2024-04-12T21:22:09.647+0000] {logging_mixin.py:188} INFO - [2024-04-12T21:22:09.647+0000] {dagbag.py:540} INFO - Filling up the DagBag from /home/airflow/.local/lib/python3.12/site-packages/airflow/example_dags/example_branch_datetime_operator.py
[2024-04-12T21:22:09.660+0000] {processor.py:840} INFO - DAG(s) 'example_branch_datetime_operator', 'example_branch_datetime_operator_3', 'example_branch_datetime_operator_2' retrieved from /home/airflow/.local/lib/python3.12/site-packages/airflow/example_dags/example_branch_datetime_operator.py
[2024-04-12T21:22:09.697+0000] {logging_mixin.py:188} INFO - [2024-04-12T21:22:09.697+0000] {dag.py:3096} INFO - Sync 3 DAGs
[2024-04-12T21:22:09.731+0000] {logging_mixin.py:188} INFO - [2024-04-12T21:22:09.730+0000] {dag.py:3954} INFO - Setting next_dagrun for example_branch_datetime_operator to 2024-04-11 00:00:00+00:00, run_after=2024-04-12 00:00:00+00:00
[2024-04-12T21:22:09.737+0000] {logging_mixin.py:188} INFO - [2024-04-12T21:22:09.737+0000] {dag.py:3954} INFO - Setting next_dagrun for example_branch_datetime_operator_2 to 2024-04-11 00:00:00+00:00, run_after=2024-04-12 00:00:00+00:00
[2024-04-12T21:22:09.740+0000] {logging_mixin.py:188} INFO - [2024-04-12T21:22:09.740+0000] {dag.py:3954} INFO - Setting next_dagrun for example_branch_datetime_operator_3 to 2024-04-11 00:00:00+00:00, run_after=2024-04-12 00:00:00+00:00
[2024-04-12T21:22:09.765+0000] {processor.py:183} INFO - Processing /home/airflow/.local/lib/python3.12/site-packages/airflow/example_dags/example_branch_datetime_operator.py took 0.129 seconds
[2024-04-12T21:22:40.277+0000] {processor.py:161} INFO - Started process (PID=952) to work on /home/airflow/.local/lib/python3.12/site-packages/airflow/example_dags/example_branch_datetime_operator.py
[2024-04-12T21:22:40.282+0000] {processor.py:830} INFO - Processing file /home/airflow/.local/lib/python3.12/site-packages/airflow/example_dags/example_branch_datetime_operator.py for tasks to queue
[2024-04-12T21:22:40.285+0000] {logging_mixin.py:188} INFO - [2024-04-12T21:22:40.284+0000] {dagbag.py:540} INFO - Filling up the DagBag from /home/airflow/.local/lib/python3.12/site-packages/airflow/example_dags/example_branch_datetime_operator.py
[2024-04-12T21:22:40.300+0000] {processor.py:840} INFO - DAG(s) 'example_branch_datetime_operator', 'example_branch_datetime_operator_3', 'example_branch_datetime_operator_2' retrieved from /home/airflow/.local/lib/python3.12/site-packages/airflow/example_dags/example_branch_datetime_operator.py
[2024-04-12T21:22:40.338+0000] {logging_mixin.py:188} INFO - [2024-04-12T21:22:40.338+0000] {dag.py:3096} INFO - Sync 3 DAGs
[2024-04-12T21:22:40.368+0000] {logging_mixin.py:188} INFO - [2024-04-12T21:22:40.368+0000] {dag.py:3954} INFO - Setting next_dagrun for example_branch_datetime_operator to 2024-04-11 00:00:00+00:00, run_after=2024-04-12 00:00:00+00:00
[2024-04-12T21:22:40.375+0000] {logging_mixin.py:188} INFO - [2024-04-12T21:22:40.374+0000] {dag.py:3954} INFO - Setting next_dagrun for example_branch_datetime_operator_2 to 2024-04-11 00:00:00+00:00, run_after=2024-04-12 00:00:00+00:00
[2024-04-12T21:22:40.378+0000] {logging_mixin.py:188} INFO - [2024-04-12T21:22:40.378+0000] {dag.py:3954} INFO - Setting next_dagrun for example_branch_datetime_operator_3 to 2024-04-11 00:00:00+00:00, run_after=2024-04-12 00:00:00+00:00
[2024-04-12T21:22:40.405+0000] {processor.py:183} INFO - Processing /home/airflow/.local/lib/python3.12/site-packages/airflow/example_dags/example_branch_datetime_operator.py took 0.136 seconds
[2024-04-12T21:23:10.547+0000] {processor.py:161} INFO - Started process (PID=1009) to work on /home/airflow/.local/lib/python3.12/site-packages/airflow/example_dags/example_branch_datetime_operator.py
[2024-04-12T21:23:10.548+0000] {processor.py:830} INFO - Processing file /home/airflow/.local/lib/python3.12/site-packages/airflow/example_dags/example_branch_datetime_operator.py for tasks to queue
[2024-04-12T21:23:10.552+0000] {logging_mixin.py:188} INFO - [2024-04-12T21:23:10.551+0000] {dagbag.py:540} INFO - Filling up the DagBag from /home/airflow/.local/lib/python3.12/site-packages/airflow/example_dags/example_branch_datetime_operator.py
[2024-04-12T21:23:10.566+0000] {processor.py:840} INFO - DAG(s) 'example_branch_datetime_operator', 'example_branch_datetime_operator_3', 'example_branch_datetime_operator_2' retrieved from /home/airflow/.local/lib/python3.12/site-packages/airflow/example_dags/example_branch_datetime_operator.py
[2024-04-12T21:23:10.599+0000] {logging_mixin.py:188} INFO - [2024-04-12T21:23:10.599+0000] {dag.py:3096} INFO - Sync 3 DAGs
[2024-04-12T21:23:10.633+0000] {logging_mixin.py:188} INFO - [2024-04-12T21:23:10.633+0000] {dag.py:3954} INFO - Setting next_dagrun for example_branch_datetime_operator to 2024-04-11 00:00:00+00:00, run_after=2024-04-12 00:00:00+00:00
[2024-04-12T21:23:10.639+0000] {logging_mixin.py:188} INFO - [2024-04-12T21:23:10.639+0000] {dag.py:3954} INFO - Setting next_dagrun for example_branch_datetime_operator_2 to 2024-04-11 00:00:00+00:00, run_after=2024-04-12 00:00:00+00:00
[2024-04-12T21:23:10.643+0000] {logging_mixin.py:188} INFO - [2024-04-12T21:23:10.642+0000] {dag.py:3954} INFO - Setting next_dagrun for example_branch_datetime_operator_3 to 2024-04-11 00:00:00+00:00, run_after=2024-04-12 00:00:00+00:00
[2024-04-12T21:23:10.670+0000] {processor.py:183} INFO - Processing /home/airflow/.local/lib/python3.12/site-packages/airflow/example_dags/example_branch_datetime_operator.py took 0.131 seconds
[2024-04-12T21:23:41.150+0000] {processor.py:161} INFO - Started process (PID=1068) to work on /home/airflow/.local/lib/python3.12/site-packages/airflow/example_dags/example_branch_datetime_operator.py
[2024-04-12T21:23:41.152+0000] {processor.py:830} INFO - Processing file /home/airflow/.local/lib/python3.12/site-packages/airflow/example_dags/example_branch_datetime_operator.py for tasks to queue
[2024-04-12T21:23:41.155+0000] {logging_mixin.py:188} INFO - [2024-04-12T21:23:41.154+0000] {dagbag.py:540} INFO - Filling up the DagBag from /home/airflow/.local/lib/python3.12/site-packages/airflow/example_dags/example_branch_datetime_operator.py
[2024-04-12T21:23:41.171+0000] {processor.py:840} INFO - DAG(s) 'example_branch_datetime_operator', 'example_branch_datetime_operator_3', 'example_branch_datetime_operator_2' retrieved from /home/airflow/.local/lib/python3.12/site-packages/airflow/example_dags/example_branch_datetime_operator.py
[2024-04-12T21:23:41.214+0000] {logging_mixin.py:188} INFO - [2024-04-12T21:23:41.214+0000] {dag.py:3096} INFO - Sync 3 DAGs
[2024-04-12T21:23:41.246+0000] {logging_mixin.py:188} INFO - [2024-04-12T21:23:41.245+0000] {dag.py:3954} INFO - Setting next_dagrun for example_branch_datetime_operator to 2024-04-11 00:00:00+00:00, run_after=2024-04-12 00:00:00+00:00
[2024-04-12T21:23:41.253+0000] {logging_mixin.py:188} INFO - [2024-04-12T21:23:41.253+0000] {dag.py:3954} INFO - Setting next_dagrun for example_branch_datetime_operator_2 to 2024-04-11 00:00:00+00:00, run_after=2024-04-12 00:00:00+00:00
[2024-04-12T21:23:41.256+0000] {logging_mixin.py:188} INFO - [2024-04-12T21:23:41.256+0000] {dag.py:3954} INFO - Setting next_dagrun for example_branch_datetime_operator_3 to 2024-04-11 00:00:00+00:00, run_after=2024-04-12 00:00:00+00:00
[2024-04-12T21:23:41.285+0000] {processor.py:183} INFO - Processing /home/airflow/.local/lib/python3.12/site-packages/airflow/example_dags/example_branch_datetime_operator.py took 0.144 seconds
[2024-04-12T21:28:03.562+0000] {processor.py:161} INFO - Started process (PID=54) to work on /home/airflow/.local/lib/python3.12/site-packages/airflow/example_dags/example_branch_datetime_operator.py
[2024-04-12T21:28:03.564+0000] {processor.py:830} INFO - Processing file /home/airflow/.local/lib/python3.12/site-packages/airflow/example_dags/example_branch_datetime_operator.py for tasks to queue
[2024-04-12T21:28:03.567+0000] {logging_mixin.py:188} INFO - [2024-04-12T21:28:03.566+0000] {dagbag.py:540} INFO - Filling up the DagBag from /home/airflow/.local/lib/python3.12/site-packages/airflow/example_dags/example_branch_datetime_operator.py
[2024-04-12T21:28:03.593+0000] {processor.py:840} INFO - DAG(s) 'example_branch_datetime_operator_3', 'example_branch_datetime_operator', 'example_branch_datetime_operator_2' retrieved from /home/airflow/.local/lib/python3.12/site-packages/airflow/example_dags/example_branch_datetime_operator.py
[2024-04-12T21:28:03.929+0000] {logging_mixin.py:188} INFO - [2024-04-12T21:28:03.928+0000] {dag.py:3096} INFO - Sync 3 DAGs
[2024-04-12T21:28:03.993+0000] {logging_mixin.py:188} INFO - [2024-04-12T21:28:03.993+0000] {dag.py:3954} INFO - Setting next_dagrun for example_branch_datetime_operator to 2024-04-11 00:00:00+00:00, run_after=2024-04-12 00:00:00+00:00
[2024-04-12T21:28:04.002+0000] {logging_mixin.py:188} INFO - [2024-04-12T21:28:04.002+0000] {dag.py:3954} INFO - Setting next_dagrun for example_branch_datetime_operator_2 to 2024-04-11 00:00:00+00:00, run_after=2024-04-12 00:00:00+00:00
[2024-04-12T21:28:04.007+0000] {logging_mixin.py:188} INFO - [2024-04-12T21:28:04.007+0000] {dag.py:3954} INFO - Setting next_dagrun for example_branch_datetime_operator_3 to 2024-04-11 00:00:00+00:00, run_after=2024-04-12 00:00:00+00:00
[2024-04-12T21:28:04.043+0000] {processor.py:183} INFO - Processing /home/airflow/.local/lib/python3.12/site-packages/airflow/example_dags/example_branch_datetime_operator.py took 0.490 seconds
[2024-04-12T21:28:34.217+0000] {processor.py:161} INFO - Started process (PID=112) to work on /home/airflow/.local/lib/python3.12/site-packages/airflow/example_dags/example_branch_datetime_operator.py
[2024-04-12T21:28:34.218+0000] {processor.py:830} INFO - Processing file /home/airflow/.local/lib/python3.12/site-packages/airflow/example_dags/example_branch_datetime_operator.py for tasks to queue
[2024-04-12T21:28:34.222+0000] {logging_mixin.py:188} INFO - [2024-04-12T21:28:34.221+0000] {dagbag.py:540} INFO - Filling up the DagBag from /home/airflow/.local/lib/python3.12/site-packages/airflow/example_dags/example_branch_datetime_operator.py
[2024-04-12T21:28:34.237+0000] {processor.py:840} INFO - DAG(s) 'example_branch_datetime_operator_2', 'example_branch_datetime_operator', 'example_branch_datetime_operator_3' retrieved from /home/airflow/.local/lib/python3.12/site-packages/airflow/example_dags/example_branch_datetime_operator.py
[2024-04-12T21:28:34.291+0000] {logging_mixin.py:188} INFO - [2024-04-12T21:28:34.291+0000] {dag.py:3096} INFO - Sync 3 DAGs
[2024-04-12T21:28:34.338+0000] {logging_mixin.py:188} INFO - [2024-04-12T21:28:34.338+0000] {dag.py:3954} INFO - Setting next_dagrun for example_branch_datetime_operator to 2024-04-11 00:00:00+00:00, run_after=2024-04-12 00:00:00+00:00
[2024-04-12T21:28:34.350+0000] {logging_mixin.py:188} INFO - [2024-04-12T21:28:34.349+0000] {dag.py:3954} INFO - Setting next_dagrun for example_branch_datetime_operator_2 to 2024-04-11 00:00:00+00:00, run_after=2024-04-12 00:00:00+00:00
[2024-04-12T21:28:34.355+0000] {logging_mixin.py:188} INFO - [2024-04-12T21:28:34.355+0000] {dag.py:3954} INFO - Setting next_dagrun for example_branch_datetime_operator_3 to 2024-04-11 00:00:00+00:00, run_after=2024-04-12 00:00:00+00:00
[2024-04-12T21:28:34.420+0000] {processor.py:183} INFO - Processing /home/airflow/.local/lib/python3.12/site-packages/airflow/example_dags/example_branch_datetime_operator.py took 0.212 seconds
[2024-04-12T21:29:05.135+0000] {processor.py:161} INFO - Started process (PID=171) to work on /home/airflow/.local/lib/python3.12/site-packages/airflow/example_dags/example_branch_datetime_operator.py
[2024-04-12T21:29:05.136+0000] {processor.py:830} INFO - Processing file /home/airflow/.local/lib/python3.12/site-packages/airflow/example_dags/example_branch_datetime_operator.py for tasks to queue
[2024-04-12T21:29:05.138+0000] {logging_mixin.py:188} INFO - [2024-04-12T21:29:05.138+0000] {dagbag.py:540} INFO - Filling up the DagBag from /home/airflow/.local/lib/python3.12/site-packages/airflow/example_dags/example_branch_datetime_operator.py
[2024-04-12T21:29:05.150+0000] {processor.py:840} INFO - DAG(s) 'example_branch_datetime_operator', 'example_branch_datetime_operator_2', 'example_branch_datetime_operator_3' retrieved from /home/airflow/.local/lib/python3.12/site-packages/airflow/example_dags/example_branch_datetime_operator.py
[2024-04-12T21:29:05.180+0000] {logging_mixin.py:188} INFO - [2024-04-12T21:29:05.180+0000] {dag.py:3096} INFO - Sync 3 DAGs
[2024-04-12T21:29:05.218+0000] {logging_mixin.py:188} INFO - [2024-04-12T21:29:05.218+0000] {dag.py:3954} INFO - Setting next_dagrun for example_branch_datetime_operator to 2024-04-11 00:00:00+00:00, run_after=2024-04-12 00:00:00+00:00
[2024-04-12T21:29:05.224+0000] {logging_mixin.py:188} INFO - [2024-04-12T21:29:05.224+0000] {dag.py:3954} INFO - Setting next_dagrun for example_branch_datetime_operator_2 to 2024-04-11 00:00:00+00:00, run_after=2024-04-12 00:00:00+00:00
[2024-04-12T21:29:05.227+0000] {logging_mixin.py:188} INFO - [2024-04-12T21:29:05.227+0000] {dag.py:3954} INFO - Setting next_dagrun for example_branch_datetime_operator_3 to 2024-04-11 00:00:00+00:00, run_after=2024-04-12 00:00:00+00:00
[2024-04-12T21:29:05.249+0000] {processor.py:183} INFO - Processing /home/airflow/.local/lib/python3.12/site-packages/airflow/example_dags/example_branch_datetime_operator.py took 0.120 seconds
[2024-04-12T21:29:35.815+0000] {processor.py:161} INFO - Started process (PID=229) to work on /home/airflow/.local/lib/python3.12/site-packages/airflow/example_dags/example_branch_datetime_operator.py
[2024-04-12T21:29:35.816+0000] {processor.py:830} INFO - Processing file /home/airflow/.local/lib/python3.12/site-packages/airflow/example_dags/example_branch_datetime_operator.py for tasks to queue
[2024-04-12T21:29:35.820+0000] {logging_mixin.py:188} INFO - [2024-04-12T21:29:35.820+0000] {dagbag.py:540} INFO - Filling up the DagBag from /home/airflow/.local/lib/python3.12/site-packages/airflow/example_dags/example_branch_datetime_operator.py
[2024-04-12T21:29:35.833+0000] {processor.py:840} INFO - DAG(s) 'example_branch_datetime_operator_3', 'example_branch_datetime_operator_2', 'example_branch_datetime_operator' retrieved from /home/airflow/.local/lib/python3.12/site-packages/airflow/example_dags/example_branch_datetime_operator.py
[2024-04-12T21:29:35.867+0000] {logging_mixin.py:188} INFO - [2024-04-12T21:29:35.867+0000] {dag.py:3096} INFO - Sync 3 DAGs
[2024-04-12T21:29:35.895+0000] {logging_mixin.py:188} INFO - [2024-04-12T21:29:35.894+0000] {dag.py:3954} INFO - Setting next_dagrun for example_branch_datetime_operator to 2024-04-11 00:00:00+00:00, run_after=2024-04-12 00:00:00+00:00
[2024-04-12T21:29:35.903+0000] {logging_mixin.py:188} INFO - [2024-04-12T21:29:35.903+0000] {dag.py:3954} INFO - Setting next_dagrun for example_branch_datetime_operator_2 to 2024-04-11 00:00:00+00:00, run_after=2024-04-12 00:00:00+00:00
[2024-04-12T21:29:35.907+0000] {logging_mixin.py:188} INFO - [2024-04-12T21:29:35.907+0000] {dag.py:3954} INFO - Setting next_dagrun for example_branch_datetime_operator_3 to 2024-04-11 00:00:00+00:00, run_after=2024-04-12 00:00:00+00:00
[2024-04-12T21:29:35.928+0000] {processor.py:183} INFO - Processing /home/airflow/.local/lib/python3.12/site-packages/airflow/example_dags/example_branch_datetime_operator.py took 0.121 seconds
[2024-04-12T21:57:23.034+0000] {processor.py:161} INFO - Started process (PID=48) to work on /home/airflow/.local/lib/python3.12/site-packages/airflow/example_dags/example_branch_datetime_operator.py
[2024-04-12T21:57:23.036+0000] {processor.py:830} INFO - Processing file /home/airflow/.local/lib/python3.12/site-packages/airflow/example_dags/example_branch_datetime_operator.py for tasks to queue
[2024-04-12T21:57:23.039+0000] {logging_mixin.py:188} INFO - [2024-04-12T21:57:23.038+0000] {dagbag.py:540} INFO - Filling up the DagBag from /home/airflow/.local/lib/python3.12/site-packages/airflow/example_dags/example_branch_datetime_operator.py
[2024-04-12T21:57:23.056+0000] {processor.py:840} INFO - DAG(s) 'example_branch_datetime_operator', 'example_branch_datetime_operator_2', 'example_branch_datetime_operator_3' retrieved from /home/airflow/.local/lib/python3.12/site-packages/airflow/example_dags/example_branch_datetime_operator.py
[2024-04-12T21:57:23.277+0000] {logging_mixin.py:188} INFO - [2024-04-12T21:57:23.276+0000] {dag.py:3096} INFO - Sync 3 DAGs
[2024-04-12T21:57:23.304+0000] {logging_mixin.py:188} INFO - [2024-04-12T21:57:23.304+0000] {dag.py:3954} INFO - Setting next_dagrun for example_branch_datetime_operator to 2024-04-11 00:00:00+00:00, run_after=2024-04-12 00:00:00+00:00
[2024-04-12T21:57:23.310+0000] {logging_mixin.py:188} INFO - [2024-04-12T21:57:23.310+0000] {dag.py:3954} INFO - Setting next_dagrun for example_branch_datetime_operator_2 to 2024-04-11 00:00:00+00:00, run_after=2024-04-12 00:00:00+00:00
[2024-04-12T21:57:23.314+0000] {logging_mixin.py:188} INFO - [2024-04-12T21:57:23.313+0000] {dag.py:3954} INFO - Setting next_dagrun for example_branch_datetime_operator_3 to 2024-04-11 00:00:00+00:00, run_after=2024-04-12 00:00:00+00:00
[2024-04-12T21:57:23.339+0000] {processor.py:183} INFO - Processing /home/airflow/.local/lib/python3.12/site-packages/airflow/example_dags/example_branch_datetime_operator.py took 0.313 seconds
[2024-04-12T21:57:54.307+0000] {processor.py:161} INFO - Started process (PID=107) to work on /home/airflow/.local/lib/python3.12/site-packages/airflow/example_dags/example_branch_datetime_operator.py
[2024-04-12T21:57:54.357+0000] {processor.py:830} INFO - Processing file /home/airflow/.local/lib/python3.12/site-packages/airflow/example_dags/example_branch_datetime_operator.py for tasks to queue
[2024-04-12T21:57:54.374+0000] {logging_mixin.py:188} INFO - [2024-04-12T21:57:54.373+0000] {dagbag.py:540} INFO - Filling up the DagBag from /home/airflow/.local/lib/python3.12/site-packages/airflow/example_dags/example_branch_datetime_operator.py
[2024-04-12T21:57:54.427+0000] {processor.py:840} INFO - DAG(s) 'example_branch_datetime_operator', 'example_branch_datetime_operator_3', 'example_branch_datetime_operator_2' retrieved from /home/airflow/.local/lib/python3.12/site-packages/airflow/example_dags/example_branch_datetime_operator.py
[2024-04-12T21:57:54.548+0000] {logging_mixin.py:188} INFO - [2024-04-12T21:57:54.548+0000] {dag.py:3096} INFO - Sync 3 DAGs
[2024-04-12T21:57:54.636+0000] {logging_mixin.py:188} INFO - [2024-04-12T21:57:54.636+0000] {dag.py:3954} INFO - Setting next_dagrun for example_branch_datetime_operator to 2024-04-11 00:00:00+00:00, run_after=2024-04-12 00:00:00+00:00
[2024-04-12T21:57:54.657+0000] {logging_mixin.py:188} INFO - [2024-04-12T21:57:54.656+0000] {dag.py:3954} INFO - Setting next_dagrun for example_branch_datetime_operator_2 to 2024-04-11 00:00:00+00:00, run_after=2024-04-12 00:00:00+00:00
[2024-04-12T21:57:54.666+0000] {logging_mixin.py:188} INFO - [2024-04-12T21:57:54.666+0000] {dag.py:3954} INFO - Setting next_dagrun for example_branch_datetime_operator_3 to 2024-04-11 00:00:00+00:00, run_after=2024-04-12 00:00:00+00:00
[2024-04-12T21:57:54.727+0000] {processor.py:183} INFO - Processing /home/airflow/.local/lib/python3.12/site-packages/airflow/example_dags/example_branch_datetime_operator.py took 0.440 seconds
[2024-04-12T21:58:25.372+0000] {processor.py:161} INFO - Started process (PID=166) to work on /home/airflow/.local/lib/python3.12/site-packages/airflow/example_dags/example_branch_datetime_operator.py
[2024-04-12T21:58:25.373+0000] {processor.py:830} INFO - Processing file /home/airflow/.local/lib/python3.12/site-packages/airflow/example_dags/example_branch_datetime_operator.py for tasks to queue
[2024-04-12T21:58:25.376+0000] {logging_mixin.py:188} INFO - [2024-04-12T21:58:25.375+0000] {dagbag.py:540} INFO - Filling up the DagBag from /home/airflow/.local/lib/python3.12/site-packages/airflow/example_dags/example_branch_datetime_operator.py
[2024-04-12T21:58:25.390+0000] {processor.py:840} INFO - DAG(s) 'example_branch_datetime_operator_3', 'example_branch_datetime_operator_2', 'example_branch_datetime_operator' retrieved from /home/airflow/.local/lib/python3.12/site-packages/airflow/example_dags/example_branch_datetime_operator.py
[2024-04-12T21:58:25.430+0000] {logging_mixin.py:188} INFO - [2024-04-12T21:58:25.430+0000] {dag.py:3096} INFO - Sync 3 DAGs
[2024-04-12T21:58:25.466+0000] {logging_mixin.py:188} INFO - [2024-04-12T21:58:25.466+0000] {dag.py:3954} INFO - Setting next_dagrun for example_branch_datetime_operator to 2024-04-11 00:00:00+00:00, run_after=2024-04-12 00:00:00+00:00
[2024-04-12T21:58:25.478+0000] {logging_mixin.py:188} INFO - [2024-04-12T21:58:25.478+0000] {dag.py:3954} INFO - Setting next_dagrun for example_branch_datetime_operator_2 to 2024-04-11 00:00:00+00:00, run_after=2024-04-12 00:00:00+00:00
[2024-04-12T21:58:25.484+0000] {logging_mixin.py:188} INFO - [2024-04-12T21:58:25.483+0000] {dag.py:3954} INFO - Setting next_dagrun for example_branch_datetime_operator_3 to 2024-04-11 00:00:00+00:00, run_after=2024-04-12 00:00:00+00:00
[2024-04-12T21:58:25.545+0000] {processor.py:183} INFO - Processing /home/airflow/.local/lib/python3.12/site-packages/airflow/example_dags/example_branch_datetime_operator.py took 0.179 seconds
[2024-04-12T21:58:55.796+0000] {processor.py:161} INFO - Started process (PID=225) to work on /home/airflow/.local/lib/python3.12/site-packages/airflow/example_dags/example_branch_datetime_operator.py
[2024-04-12T21:58:55.797+0000] {processor.py:830} INFO - Processing file /home/airflow/.local/lib/python3.12/site-packages/airflow/example_dags/example_branch_datetime_operator.py for tasks to queue
[2024-04-12T21:58:55.800+0000] {logging_mixin.py:188} INFO - [2024-04-12T21:58:55.799+0000] {dagbag.py:540} INFO - Filling up the DagBag from /home/airflow/.local/lib/python3.12/site-packages/airflow/example_dags/example_branch_datetime_operator.py
[2024-04-12T21:58:55.817+0000] {processor.py:840} INFO - DAG(s) 'example_branch_datetime_operator_3', 'example_branch_datetime_operator_2', 'example_branch_datetime_operator' retrieved from /home/airflow/.local/lib/python3.12/site-packages/airflow/example_dags/example_branch_datetime_operator.py
[2024-04-12T21:58:55.856+0000] {logging_mixin.py:188} INFO - [2024-04-12T21:58:55.855+0000] {dag.py:3096} INFO - Sync 3 DAGs
[2024-04-12T21:58:55.891+0000] {logging_mixin.py:188} INFO - [2024-04-12T21:58:55.890+0000] {dag.py:3954} INFO - Setting next_dagrun for example_branch_datetime_operator to 2024-04-11 00:00:00+00:00, run_after=2024-04-12 00:00:00+00:00
[2024-04-12T21:58:55.901+0000] {logging_mixin.py:188} INFO - [2024-04-12T21:58:55.901+0000] {dag.py:3954} INFO - Setting next_dagrun for example_branch_datetime_operator_2 to 2024-04-11 00:00:00+00:00, run_after=2024-04-12 00:00:00+00:00
[2024-04-12T21:58:55.905+0000] {logging_mixin.py:188} INFO - [2024-04-12T21:58:55.905+0000] {dag.py:3954} INFO - Setting next_dagrun for example_branch_datetime_operator_3 to 2024-04-11 00:00:00+00:00, run_after=2024-04-12 00:00:00+00:00
[2024-04-12T21:58:55.938+0000] {processor.py:183} INFO - Processing /home/airflow/.local/lib/python3.12/site-packages/airflow/example_dags/example_branch_datetime_operator.py took 0.149 seconds
[2024-04-12T21:59:26.112+0000] {processor.py:161} INFO - Started process (PID=284) to work on /home/airflow/.local/lib/python3.12/site-packages/airflow/example_dags/example_branch_datetime_operator.py
[2024-04-12T21:59:26.114+0000] {processor.py:830} INFO - Processing file /home/airflow/.local/lib/python3.12/site-packages/airflow/example_dags/example_branch_datetime_operator.py for tasks to queue
[2024-04-12T21:59:26.116+0000] {logging_mixin.py:188} INFO - [2024-04-12T21:59:26.116+0000] {dagbag.py:540} INFO - Filling up the DagBag from /home/airflow/.local/lib/python3.12/site-packages/airflow/example_dags/example_branch_datetime_operator.py
[2024-04-12T21:59:26.132+0000] {processor.py:840} INFO - DAG(s) 'example_branch_datetime_operator', 'example_branch_datetime_operator_2', 'example_branch_datetime_operator_3' retrieved from /home/airflow/.local/lib/python3.12/site-packages/airflow/example_dags/example_branch_datetime_operator.py
[2024-04-12T21:59:26.185+0000] {logging_mixin.py:188} INFO - [2024-04-12T21:59:26.185+0000] {dag.py:3096} INFO - Sync 3 DAGs
[2024-04-12T21:59:26.252+0000] {logging_mixin.py:188} INFO - [2024-04-12T21:59:26.252+0000] {dag.py:3954} INFO - Setting next_dagrun for example_branch_datetime_operator to 2024-04-11 00:00:00+00:00, run_after=2024-04-12 00:00:00+00:00
[2024-04-12T21:59:26.263+0000] {logging_mixin.py:188} INFO - [2024-04-12T21:59:26.263+0000] {dag.py:3954} INFO - Setting next_dagrun for example_branch_datetime_operator_2 to 2024-04-11 00:00:00+00:00, run_after=2024-04-12 00:00:00+00:00
[2024-04-12T21:59:26.267+0000] {logging_mixin.py:188} INFO - [2024-04-12T21:59:26.267+0000] {dag.py:3954} INFO - Setting next_dagrun for example_branch_datetime_operator_3 to 2024-04-11 00:00:00+00:00, run_after=2024-04-12 00:00:00+00:00
[2024-04-12T21:59:26.297+0000] {processor.py:183} INFO - Processing /home/airflow/.local/lib/python3.12/site-packages/airflow/example_dags/example_branch_datetime_operator.py took 0.192 seconds
[2024-04-12T21:59:57.272+0000] {processor.py:161} INFO - Started process (PID=345) to work on /home/airflow/.local/lib/python3.12/site-packages/airflow/example_dags/example_branch_datetime_operator.py
[2024-04-12T21:59:57.278+0000] {processor.py:830} INFO - Processing file /home/airflow/.local/lib/python3.12/site-packages/airflow/example_dags/example_branch_datetime_operator.py for tasks to queue
[2024-04-12T21:59:57.281+0000] {logging_mixin.py:188} INFO - [2024-04-12T21:59:57.280+0000] {dagbag.py:540} INFO - Filling up the DagBag from /home/airflow/.local/lib/python3.12/site-packages/airflow/example_dags/example_branch_datetime_operator.py
[2024-04-12T21:59:57.295+0000] {processor.py:840} INFO - DAG(s) 'example_branch_datetime_operator_3', 'example_branch_datetime_operator', 'example_branch_datetime_operator_2' retrieved from /home/airflow/.local/lib/python3.12/site-packages/airflow/example_dags/example_branch_datetime_operator.py
[2024-04-12T21:59:57.335+0000] {logging_mixin.py:188} INFO - [2024-04-12T21:59:57.334+0000] {dag.py:3096} INFO - Sync 3 DAGs
[2024-04-12T21:59:57.363+0000] {logging_mixin.py:188} INFO - [2024-04-12T21:59:57.362+0000] {dag.py:3954} INFO - Setting next_dagrun for example_branch_datetime_operator to 2024-04-11 00:00:00+00:00, run_after=2024-04-12 00:00:00+00:00
[2024-04-12T21:59:57.370+0000] {logging_mixin.py:188} INFO - [2024-04-12T21:59:57.369+0000] {dag.py:3954} INFO - Setting next_dagrun for example_branch_datetime_operator_2 to 2024-04-11 00:00:00+00:00, run_after=2024-04-12 00:00:00+00:00
[2024-04-12T21:59:57.373+0000] {logging_mixin.py:188} INFO - [2024-04-12T21:59:57.373+0000] {dag.py:3954} INFO - Setting next_dagrun for example_branch_datetime_operator_3 to 2024-04-11 00:00:00+00:00, run_after=2024-04-12 00:00:00+00:00
[2024-04-12T21:59:57.398+0000] {processor.py:183} INFO - Processing /home/airflow/.local/lib/python3.12/site-packages/airflow/example_dags/example_branch_datetime_operator.py took 0.148 seconds
[2024-04-12T22:00:27.627+0000] {processor.py:161} INFO - Started process (PID=408) to work on /home/airflow/.local/lib/python3.12/site-packages/airflow/example_dags/example_branch_datetime_operator.py
[2024-04-12T22:00:27.628+0000] {processor.py:830} INFO - Processing file /home/airflow/.local/lib/python3.12/site-packages/airflow/example_dags/example_branch_datetime_operator.py for tasks to queue
[2024-04-12T22:00:27.631+0000] {logging_mixin.py:188} INFO - [2024-04-12T22:00:27.630+0000] {dagbag.py:540} INFO - Filling up the DagBag from /home/airflow/.local/lib/python3.12/site-packages/airflow/example_dags/example_branch_datetime_operator.py
[2024-04-12T22:00:27.644+0000] {processor.py:840} INFO - DAG(s) 'example_branch_datetime_operator_3', 'example_branch_datetime_operator', 'example_branch_datetime_operator_2' retrieved from /home/airflow/.local/lib/python3.12/site-packages/airflow/example_dags/example_branch_datetime_operator.py
[2024-04-12T22:00:27.682+0000] {logging_mixin.py:188} INFO - [2024-04-12T22:00:27.682+0000] {dag.py:3096} INFO - Sync 3 DAGs
[2024-04-12T22:00:27.710+0000] {logging_mixin.py:188} INFO - [2024-04-12T22:00:27.710+0000] {dag.py:3954} INFO - Setting next_dagrun for example_branch_datetime_operator to 2024-04-11 00:00:00+00:00, run_after=2024-04-12 00:00:00+00:00
[2024-04-12T22:00:27.717+0000] {logging_mixin.py:188} INFO - [2024-04-12T22:00:27.717+0000] {dag.py:3954} INFO - Setting next_dagrun for example_branch_datetime_operator_2 to 2024-04-11 00:00:00+00:00, run_after=2024-04-12 00:00:00+00:00
[2024-04-12T22:00:27.721+0000] {logging_mixin.py:188} INFO - [2024-04-12T22:00:27.720+0000] {dag.py:3954} INFO - Setting next_dagrun for example_branch_datetime_operator_3 to 2024-04-11 00:00:00+00:00, run_after=2024-04-12 00:00:00+00:00
[2024-04-12T22:00:27.745+0000] {processor.py:183} INFO - Processing /home/airflow/.local/lib/python3.12/site-packages/airflow/example_dags/example_branch_datetime_operator.py took 0.125 seconds
[2024-04-12T22:00:58.083+0000] {processor.py:161} INFO - Started process (PID=466) to work on /home/airflow/.local/lib/python3.12/site-packages/airflow/example_dags/example_branch_datetime_operator.py
[2024-04-12T22:00:58.085+0000] {processor.py:830} INFO - Processing file /home/airflow/.local/lib/python3.12/site-packages/airflow/example_dags/example_branch_datetime_operator.py for tasks to queue
[2024-04-12T22:00:58.088+0000] {logging_mixin.py:188} INFO - [2024-04-12T22:00:58.087+0000] {dagbag.py:540} INFO - Filling up the DagBag from /home/airflow/.local/lib/python3.12/site-packages/airflow/example_dags/example_branch_datetime_operator.py
[2024-04-12T22:00:58.105+0000] {processor.py:840} INFO - DAG(s) 'example_branch_datetime_operator', 'example_branch_datetime_operator_3', 'example_branch_datetime_operator_2' retrieved from /home/airflow/.local/lib/python3.12/site-packages/airflow/example_dags/example_branch_datetime_operator.py
[2024-04-12T22:00:58.158+0000] {logging_mixin.py:188} INFO - [2024-04-12T22:00:58.158+0000] {dag.py:3096} INFO - Sync 3 DAGs
[2024-04-12T22:00:58.189+0000] {logging_mixin.py:188} INFO - [2024-04-12T22:00:58.189+0000] {dag.py:3954} INFO - Setting next_dagrun for example_branch_datetime_operator to 2024-04-11 00:00:00+00:00, run_after=2024-04-12 00:00:00+00:00
[2024-04-12T22:00:58.196+0000] {logging_mixin.py:188} INFO - [2024-04-12T22:00:58.196+0000] {dag.py:3954} INFO - Setting next_dagrun for example_branch_datetime_operator_2 to 2024-04-11 00:00:00+00:00, run_after=2024-04-12 00:00:00+00:00
[2024-04-12T22:00:58.200+0000] {logging_mixin.py:188} INFO - [2024-04-12T22:00:58.199+0000] {dag.py:3954} INFO - Setting next_dagrun for example_branch_datetime_operator_3 to 2024-04-11 00:00:00+00:00, run_after=2024-04-12 00:00:00+00:00
[2024-04-12T22:00:58.226+0000] {processor.py:183} INFO - Processing /home/airflow/.local/lib/python3.12/site-packages/airflow/example_dags/example_branch_datetime_operator.py took 0.149 seconds
[2024-04-12T22:01:28.587+0000] {processor.py:161} INFO - Started process (PID=525) to work on /home/airflow/.local/lib/python3.12/site-packages/airflow/example_dags/example_branch_datetime_operator.py
[2024-04-12T22:01:28.589+0000] {processor.py:830} INFO - Processing file /home/airflow/.local/lib/python3.12/site-packages/airflow/example_dags/example_branch_datetime_operator.py for tasks to queue
[2024-04-12T22:01:28.591+0000] {logging_mixin.py:188} INFO - [2024-04-12T22:01:28.590+0000] {dagbag.py:540} INFO - Filling up the DagBag from /home/airflow/.local/lib/python3.12/site-packages/airflow/example_dags/example_branch_datetime_operator.py
[2024-04-12T22:01:28.607+0000] {processor.py:840} INFO - DAG(s) 'example_branch_datetime_operator', 'example_branch_datetime_operator_2', 'example_branch_datetime_operator_3' retrieved from /home/airflow/.local/lib/python3.12/site-packages/airflow/example_dags/example_branch_datetime_operator.py
[2024-04-12T22:01:28.652+0000] {logging_mixin.py:188} INFO - [2024-04-12T22:01:28.652+0000] {dag.py:3096} INFO - Sync 3 DAGs
[2024-04-12T22:01:28.692+0000] {logging_mixin.py:188} INFO - [2024-04-12T22:01:28.691+0000] {dag.py:3954} INFO - Setting next_dagrun for example_branch_datetime_operator to 2024-04-11 00:00:00+00:00, run_after=2024-04-12 00:00:00+00:00
[2024-04-12T22:01:28.705+0000] {logging_mixin.py:188} INFO - [2024-04-12T22:01:28.705+0000] {dag.py:3954} INFO - Setting next_dagrun for example_branch_datetime_operator_2 to 2024-04-11 00:00:00+00:00, run_after=2024-04-12 00:00:00+00:00
[2024-04-12T22:01:28.710+0000] {logging_mixin.py:188} INFO - [2024-04-12T22:01:28.710+0000] {dag.py:3954} INFO - Setting next_dagrun for example_branch_datetime_operator_3 to 2024-04-11 00:00:00+00:00, run_after=2024-04-12 00:00:00+00:00
[2024-04-12T22:01:28.745+0000] {processor.py:183} INFO - Processing /home/airflow/.local/lib/python3.12/site-packages/airflow/example_dags/example_branch_datetime_operator.py took 0.166 seconds
[2024-04-12T22:01:59.586+0000] {processor.py:161} INFO - Started process (PID=584) to work on /home/airflow/.local/lib/python3.12/site-packages/airflow/example_dags/example_branch_datetime_operator.py
[2024-04-12T22:01:59.587+0000] {processor.py:830} INFO - Processing file /home/airflow/.local/lib/python3.12/site-packages/airflow/example_dags/example_branch_datetime_operator.py for tasks to queue
[2024-04-12T22:01:59.590+0000] {logging_mixin.py:188} INFO - [2024-04-12T22:01:59.589+0000] {dagbag.py:540} INFO - Filling up the DagBag from /home/airflow/.local/lib/python3.12/site-packages/airflow/example_dags/example_branch_datetime_operator.py
[2024-04-12T22:01:59.605+0000] {processor.py:840} INFO - DAG(s) 'example_branch_datetime_operator_3', 'example_branch_datetime_operator_2', 'example_branch_datetime_operator' retrieved from /home/airflow/.local/lib/python3.12/site-packages/airflow/example_dags/example_branch_datetime_operator.py
[2024-04-12T22:01:59.639+0000] {logging_mixin.py:188} INFO - [2024-04-12T22:01:59.639+0000] {dag.py:3096} INFO - Sync 3 DAGs
[2024-04-12T22:01:59.670+0000] {logging_mixin.py:188} INFO - [2024-04-12T22:01:59.670+0000] {dag.py:3954} INFO - Setting next_dagrun for example_branch_datetime_operator to 2024-04-11 00:00:00+00:00, run_after=2024-04-12 00:00:00+00:00
[2024-04-12T22:01:59.680+0000] {logging_mixin.py:188} INFO - [2024-04-12T22:01:59.679+0000] {dag.py:3954} INFO - Setting next_dagrun for example_branch_datetime_operator_2 to 2024-04-11 00:00:00+00:00, run_after=2024-04-12 00:00:00+00:00
[2024-04-12T22:01:59.685+0000] {logging_mixin.py:188} INFO - [2024-04-12T22:01:59.684+0000] {dag.py:3954} INFO - Setting next_dagrun for example_branch_datetime_operator_3 to 2024-04-11 00:00:00+00:00, run_after=2024-04-12 00:00:00+00:00
[2024-04-12T22:01:59.712+0000] {processor.py:183} INFO - Processing /home/airflow/.local/lib/python3.12/site-packages/airflow/example_dags/example_branch_datetime_operator.py took 0.133 seconds
[2024-04-12T22:02:29.813+0000] {processor.py:161} INFO - Started process (PID=643) to work on /home/airflow/.local/lib/python3.12/site-packages/airflow/example_dags/example_branch_datetime_operator.py
[2024-04-12T22:02:29.815+0000] {processor.py:830} INFO - Processing file /home/airflow/.local/lib/python3.12/site-packages/airflow/example_dags/example_branch_datetime_operator.py for tasks to queue
[2024-04-12T22:02:29.817+0000] {logging_mixin.py:188} INFO - [2024-04-12T22:02:29.817+0000] {dagbag.py:540} INFO - Filling up the DagBag from /home/airflow/.local/lib/python3.12/site-packages/airflow/example_dags/example_branch_datetime_operator.py
[2024-04-12T22:02:29.830+0000] {processor.py:840} INFO - DAG(s) 'example_branch_datetime_operator', 'example_branch_datetime_operator_2', 'example_branch_datetime_operator_3' retrieved from /home/airflow/.local/lib/python3.12/site-packages/airflow/example_dags/example_branch_datetime_operator.py
[2024-04-12T22:02:29.865+0000] {logging_mixin.py:188} INFO - [2024-04-12T22:02:29.864+0000] {dag.py:3096} INFO - Sync 3 DAGs
[2024-04-12T22:02:29.896+0000] {logging_mixin.py:188} INFO - [2024-04-12T22:02:29.895+0000] {dag.py:3954} INFO - Setting next_dagrun for example_branch_datetime_operator to 2024-04-11 00:00:00+00:00, run_after=2024-04-12 00:00:00+00:00
[2024-04-12T22:02:29.902+0000] {logging_mixin.py:188} INFO - [2024-04-12T22:02:29.902+0000] {dag.py:3954} INFO - Setting next_dagrun for example_branch_datetime_operator_2 to 2024-04-11 00:00:00+00:00, run_after=2024-04-12 00:00:00+00:00
[2024-04-12T22:02:29.906+0000] {logging_mixin.py:188} INFO - [2024-04-12T22:02:29.906+0000] {dag.py:3954} INFO - Setting next_dagrun for example_branch_datetime_operator_3 to 2024-04-11 00:00:00+00:00, run_after=2024-04-12 00:00:00+00:00
[2024-04-12T22:02:29.937+0000] {processor.py:183} INFO - Processing /home/airflow/.local/lib/python3.12/site-packages/airflow/example_dags/example_branch_datetime_operator.py took 0.130 seconds
[2024-04-12T22:03:00.110+0000] {processor.py:161} INFO - Started process (PID=702) to work on /home/airflow/.local/lib/python3.12/site-packages/airflow/example_dags/example_branch_datetime_operator.py
[2024-04-12T22:03:00.111+0000] {processor.py:830} INFO - Processing file /home/airflow/.local/lib/python3.12/site-packages/airflow/example_dags/example_branch_datetime_operator.py for tasks to queue
[2024-04-12T22:03:00.114+0000] {logging_mixin.py:188} INFO - [2024-04-12T22:03:00.113+0000] {dagbag.py:540} INFO - Filling up the DagBag from /home/airflow/.local/lib/python3.12/site-packages/airflow/example_dags/example_branch_datetime_operator.py
[2024-04-12T22:03:00.128+0000] {processor.py:840} INFO - DAG(s) 'example_branch_datetime_operator_2', 'example_branch_datetime_operator', 'example_branch_datetime_operator_3' retrieved from /home/airflow/.local/lib/python3.12/site-packages/airflow/example_dags/example_branch_datetime_operator.py
[2024-04-12T22:03:00.162+0000] {logging_mixin.py:188} INFO - [2024-04-12T22:03:00.162+0000] {dag.py:3096} INFO - Sync 3 DAGs
[2024-04-12T22:03:00.191+0000] {logging_mixin.py:188} INFO - [2024-04-12T22:03:00.191+0000] {dag.py:3954} INFO - Setting next_dagrun for example_branch_datetime_operator to 2024-04-11 00:00:00+00:00, run_after=2024-04-12 00:00:00+00:00
[2024-04-12T22:03:00.198+0000] {logging_mixin.py:188} INFO - [2024-04-12T22:03:00.198+0000] {dag.py:3954} INFO - Setting next_dagrun for example_branch_datetime_operator_2 to 2024-04-11 00:00:00+00:00, run_after=2024-04-12 00:00:00+00:00
[2024-04-12T22:03:00.201+0000] {logging_mixin.py:188} INFO - [2024-04-12T22:03:00.201+0000] {dag.py:3954} INFO - Setting next_dagrun for example_branch_datetime_operator_3 to 2024-04-11 00:00:00+00:00, run_after=2024-04-12 00:00:00+00:00
[2024-04-12T22:03:00.226+0000] {processor.py:183} INFO - Processing /home/airflow/.local/lib/python3.12/site-packages/airflow/example_dags/example_branch_datetime_operator.py took 0.123 seconds
[2024-04-12T22:03:30.285+0000] {processor.py:161} INFO - Started process (PID=761) to work on /home/airflow/.local/lib/python3.12/site-packages/airflow/example_dags/example_branch_datetime_operator.py
[2024-04-12T22:03:30.286+0000] {processor.py:830} INFO - Processing file /home/airflow/.local/lib/python3.12/site-packages/airflow/example_dags/example_branch_datetime_operator.py for tasks to queue
[2024-04-12T22:03:30.289+0000] {logging_mixin.py:188} INFO - [2024-04-12T22:03:30.288+0000] {dagbag.py:540} INFO - Filling up the DagBag from /home/airflow/.local/lib/python3.12/site-packages/airflow/example_dags/example_branch_datetime_operator.py
[2024-04-12T22:03:30.302+0000] {processor.py:840} INFO - DAG(s) 'example_branch_datetime_operator_2', 'example_branch_datetime_operator_3', 'example_branch_datetime_operator' retrieved from /home/airflow/.local/lib/python3.12/site-packages/airflow/example_dags/example_branch_datetime_operator.py
[2024-04-12T22:03:30.334+0000] {logging_mixin.py:188} INFO - [2024-04-12T22:03:30.334+0000] {dag.py:3096} INFO - Sync 3 DAGs
[2024-04-12T22:03:30.365+0000] {logging_mixin.py:188} INFO - [2024-04-12T22:03:30.364+0000] {dag.py:3954} INFO - Setting next_dagrun for example_branch_datetime_operator to 2024-04-11 00:00:00+00:00, run_after=2024-04-12 00:00:00+00:00
[2024-04-12T22:03:30.371+0000] {logging_mixin.py:188} INFO - [2024-04-12T22:03:30.371+0000] {dag.py:3954} INFO - Setting next_dagrun for example_branch_datetime_operator_2 to 2024-04-11 00:00:00+00:00, run_after=2024-04-12 00:00:00+00:00
[2024-04-12T22:03:30.375+0000] {logging_mixin.py:188} INFO - [2024-04-12T22:03:30.374+0000] {dag.py:3954} INFO - Setting next_dagrun for example_branch_datetime_operator_3 to 2024-04-11 00:00:00+00:00, run_after=2024-04-12 00:00:00+00:00
[2024-04-12T22:03:30.400+0000] {processor.py:183} INFO - Processing /home/airflow/.local/lib/python3.12/site-packages/airflow/example_dags/example_branch_datetime_operator.py took 0.121 seconds
[2024-04-12T22:04:00.856+0000] {processor.py:161} INFO - Started process (PID=821) to work on /home/airflow/.local/lib/python3.12/site-packages/airflow/example_dags/example_branch_datetime_operator.py
[2024-04-12T22:04:00.857+0000] {processor.py:830} INFO - Processing file /home/airflow/.local/lib/python3.12/site-packages/airflow/example_dags/example_branch_datetime_operator.py for tasks to queue
[2024-04-12T22:04:00.860+0000] {logging_mixin.py:188} INFO - [2024-04-12T22:04:00.859+0000] {dagbag.py:540} INFO - Filling up the DagBag from /home/airflow/.local/lib/python3.12/site-packages/airflow/example_dags/example_branch_datetime_operator.py
[2024-04-12T22:04:00.872+0000] {processor.py:840} INFO - DAG(s) 'example_branch_datetime_operator_3', 'example_branch_datetime_operator_2', 'example_branch_datetime_operator' retrieved from /home/airflow/.local/lib/python3.12/site-packages/airflow/example_dags/example_branch_datetime_operator.py
[2024-04-12T22:04:00.908+0000] {logging_mixin.py:188} INFO - [2024-04-12T22:04:00.907+0000] {dag.py:3096} INFO - Sync 3 DAGs
[2024-04-12T22:04:00.944+0000] {logging_mixin.py:188} INFO - [2024-04-12T22:04:00.944+0000] {dag.py:3954} INFO - Setting next_dagrun for example_branch_datetime_operator to 2024-04-11 00:00:00+00:00, run_after=2024-04-12 00:00:00+00:00
[2024-04-12T22:04:00.951+0000] {logging_mixin.py:188} INFO - [2024-04-12T22:04:00.951+0000] {dag.py:3954} INFO - Setting next_dagrun for example_branch_datetime_operator_2 to 2024-04-11 00:00:00+00:00, run_after=2024-04-12 00:00:00+00:00
[2024-04-12T22:04:00.955+0000] {logging_mixin.py:188} INFO - [2024-04-12T22:04:00.955+0000] {dag.py:3954} INFO - Setting next_dagrun for example_branch_datetime_operator_3 to 2024-04-11 00:00:00+00:00, run_after=2024-04-12 00:00:00+00:00
[2024-04-12T22:04:00.976+0000] {processor.py:183} INFO - Processing /home/airflow/.local/lib/python3.12/site-packages/airflow/example_dags/example_branch_datetime_operator.py took 0.128 seconds
[2024-04-12T22:04:32.040+0000] {processor.py:161} INFO - Started process (PID=880) to work on /home/airflow/.local/lib/python3.12/site-packages/airflow/example_dags/example_branch_datetime_operator.py
[2024-04-12T22:04:32.041+0000] {processor.py:830} INFO - Processing file /home/airflow/.local/lib/python3.12/site-packages/airflow/example_dags/example_branch_datetime_operator.py for tasks to queue
[2024-04-12T22:04:32.044+0000] {logging_mixin.py:188} INFO - [2024-04-12T22:04:32.043+0000] {dagbag.py:540} INFO - Filling up the DagBag from /home/airflow/.local/lib/python3.12/site-packages/airflow/example_dags/example_branch_datetime_operator.py
[2024-04-12T22:04:32.065+0000] {processor.py:840} INFO - DAG(s) 'example_branch_datetime_operator', 'example_branch_datetime_operator_3', 'example_branch_datetime_operator_2' retrieved from /home/airflow/.local/lib/python3.12/site-packages/airflow/example_dags/example_branch_datetime_operator.py
[2024-04-12T22:04:32.106+0000] {logging_mixin.py:188} INFO - [2024-04-12T22:04:32.105+0000] {dag.py:3096} INFO - Sync 3 DAGs
[2024-04-12T22:04:32.142+0000] {logging_mixin.py:188} INFO - [2024-04-12T22:04:32.142+0000] {dag.py:3954} INFO - Setting next_dagrun for example_branch_datetime_operator to 2024-04-11 00:00:00+00:00, run_after=2024-04-12 00:00:00+00:00
[2024-04-12T22:04:32.151+0000] {logging_mixin.py:188} INFO - [2024-04-12T22:04:32.151+0000] {dag.py:3954} INFO - Setting next_dagrun for example_branch_datetime_operator_2 to 2024-04-11 00:00:00+00:00, run_after=2024-04-12 00:00:00+00:00
[2024-04-12T22:04:32.156+0000] {logging_mixin.py:188} INFO - [2024-04-12T22:04:32.156+0000] {dag.py:3954} INFO - Setting next_dagrun for example_branch_datetime_operator_3 to 2024-04-11 00:00:00+00:00, run_after=2024-04-12 00:00:00+00:00
[2024-04-12T22:04:32.185+0000] {processor.py:183} INFO - Processing /home/airflow/.local/lib/python3.12/site-packages/airflow/example_dags/example_branch_datetime_operator.py took 0.153 seconds
[2024-04-12T22:05:02.229+0000] {processor.py:161} INFO - Started process (PID=939) to work on /home/airflow/.local/lib/python3.12/site-packages/airflow/example_dags/example_branch_datetime_operator.py
[2024-04-12T22:05:02.230+0000] {processor.py:830} INFO - Processing file /home/airflow/.local/lib/python3.12/site-packages/airflow/example_dags/example_branch_datetime_operator.py for tasks to queue
[2024-04-12T22:05:02.232+0000] {logging_mixin.py:188} INFO - [2024-04-12T22:05:02.231+0000] {dagbag.py:540} INFO - Filling up the DagBag from /home/airflow/.local/lib/python3.12/site-packages/airflow/example_dags/example_branch_datetime_operator.py
[2024-04-12T22:05:02.242+0000] {processor.py:840} INFO - DAG(s) 'example_branch_datetime_operator', 'example_branch_datetime_operator_3', 'example_branch_datetime_operator_2' retrieved from /home/airflow/.local/lib/python3.12/site-packages/airflow/example_dags/example_branch_datetime_operator.py
[2024-04-12T22:05:02.269+0000] {logging_mixin.py:188} INFO - [2024-04-12T22:05:02.269+0000] {dag.py:3096} INFO - Sync 3 DAGs
[2024-04-12T22:05:02.295+0000] {logging_mixin.py:188} INFO - [2024-04-12T22:05:02.294+0000] {dag.py:3954} INFO - Setting next_dagrun for example_branch_datetime_operator to 2024-04-11 00:00:00+00:00, run_after=2024-04-12 00:00:00+00:00
[2024-04-12T22:05:02.300+0000] {logging_mixin.py:188} INFO - [2024-04-12T22:05:02.300+0000] {dag.py:3954} INFO - Setting next_dagrun for example_branch_datetime_operator_2 to 2024-04-11 00:00:00+00:00, run_after=2024-04-12 00:00:00+00:00
[2024-04-12T22:05:02.304+0000] {logging_mixin.py:188} INFO - [2024-04-12T22:05:02.304+0000] {dag.py:3954} INFO - Setting next_dagrun for example_branch_datetime_operator_3 to 2024-04-11 00:00:00+00:00, run_after=2024-04-12 00:00:00+00:00
[2024-04-12T22:05:02.325+0000] {processor.py:183} INFO - Processing /home/airflow/.local/lib/python3.12/site-packages/airflow/example_dags/example_branch_datetime_operator.py took 0.103 seconds
[2024-04-12T22:05:32.430+0000] {processor.py:161} INFO - Started process (PID=998) to work on /home/airflow/.local/lib/python3.12/site-packages/airflow/example_dags/example_branch_datetime_operator.py
[2024-04-12T22:05:32.431+0000] {processor.py:830} INFO - Processing file /home/airflow/.local/lib/python3.12/site-packages/airflow/example_dags/example_branch_datetime_operator.py for tasks to queue
[2024-04-12T22:05:32.433+0000] {logging_mixin.py:188} INFO - [2024-04-12T22:05:32.433+0000] {dagbag.py:540} INFO - Filling up the DagBag from /home/airflow/.local/lib/python3.12/site-packages/airflow/example_dags/example_branch_datetime_operator.py
[2024-04-12T22:05:32.444+0000] {processor.py:840} INFO - DAG(s) 'example_branch_datetime_operator', 'example_branch_datetime_operator_2', 'example_branch_datetime_operator_3' retrieved from /home/airflow/.local/lib/python3.12/site-packages/airflow/example_dags/example_branch_datetime_operator.py
[2024-04-12T22:05:32.472+0000] {logging_mixin.py:188} INFO - [2024-04-12T22:05:32.472+0000] {dag.py:3096} INFO - Sync 3 DAGs
[2024-04-12T22:05:32.498+0000] {logging_mixin.py:188} INFO - [2024-04-12T22:05:32.497+0000] {dag.py:3954} INFO - Setting next_dagrun for example_branch_datetime_operator to 2024-04-11 00:00:00+00:00, run_after=2024-04-12 00:00:00+00:00
[2024-04-12T22:05:32.504+0000] {logging_mixin.py:188} INFO - [2024-04-12T22:05:32.503+0000] {dag.py:3954} INFO - Setting next_dagrun for example_branch_datetime_operator_2 to 2024-04-11 00:00:00+00:00, run_after=2024-04-12 00:00:00+00:00
[2024-04-12T22:05:32.507+0000] {logging_mixin.py:188} INFO - [2024-04-12T22:05:32.506+0000] {dag.py:3954} INFO - Setting next_dagrun for example_branch_datetime_operator_3 to 2024-04-11 00:00:00+00:00, run_after=2024-04-12 00:00:00+00:00
[2024-04-12T22:05:32.531+0000] {processor.py:183} INFO - Processing /home/airflow/.local/lib/python3.12/site-packages/airflow/example_dags/example_branch_datetime_operator.py took 0.107 seconds
