[2024-04-12T21:15:02.705+0000] {processor.py:161} INFO - Started process (PID=96) to work on /home/airflow/.local/lib/python3.12/site-packages/airflow/example_dags/example_latest_only.py
[2024-04-12T21:15:02.844+0000] {processor.py:830} INFO - Processing file /home/airflow/.local/lib/python3.12/site-packages/airflow/example_dags/example_latest_only.py for tasks to queue
[2024-04-12T21:15:02.861+0000] {logging_mixin.py:188} INFO - [2024-04-12T21:15:02.860+0000] {dagbag.py:540} INFO - Filling up the DagBag from /home/airflow/.local/lib/python3.12/site-packages/airflow/example_dags/example_latest_only.py
[2024-04-12T21:15:03.473+0000] {processor.py:840} INFO - DAG(s) 'latest_only' retrieved from /home/airflow/.local/lib/python3.12/site-packages/airflow/example_dags/example_latest_only.py
[2024-04-12T21:15:07.934+0000] {logging_mixin.py:188} INFO - [2024-04-12T21:15:07.934+0000] {dag.py:3096} INFO - Sync 1 DAGs
[2024-04-12T21:15:08.940+0000] {logging_mixin.py:188} INFO - [2024-04-12T21:15:08.939+0000] {dag.py:3954} INFO - Setting next_dagrun for latest_only to 2024-04-12 16:00:00+00:00, run_after=2024-04-12 20:00:00+00:00
[2024-04-12T21:15:09.207+0000] {processor.py:183} INFO - Processing /home/airflow/.local/lib/python3.12/site-packages/airflow/example_dags/example_latest_only.py took 6.540 seconds
[2024-04-12T21:15:39.982+0000] {processor.py:161} INFO - Started process (PID=154) to work on /home/airflow/.local/lib/python3.12/site-packages/airflow/example_dags/example_latest_only.py
[2024-04-12T21:15:39.984+0000] {processor.py:830} INFO - Processing file /home/airflow/.local/lib/python3.12/site-packages/airflow/example_dags/example_latest_only.py for tasks to queue
[2024-04-12T21:15:39.987+0000] {logging_mixin.py:188} INFO - [2024-04-12T21:15:39.986+0000] {dagbag.py:540} INFO - Filling up the DagBag from /home/airflow/.local/lib/python3.12/site-packages/airflow/example_dags/example_latest_only.py
[2024-04-12T21:15:39.995+0000] {processor.py:840} INFO - DAG(s) 'latest_only' retrieved from /home/airflow/.local/lib/python3.12/site-packages/airflow/example_dags/example_latest_only.py
[2024-04-12T21:15:40.028+0000] {logging_mixin.py:188} INFO - [2024-04-12T21:15:40.027+0000] {dag.py:3096} INFO - Sync 1 DAGs
[2024-04-12T21:15:40.068+0000] {logging_mixin.py:188} INFO - [2024-04-12T21:15:40.068+0000] {dag.py:3954} INFO - Setting next_dagrun for latest_only to 2024-04-12 16:00:00+00:00, run_after=2024-04-12 20:00:00+00:00
[2024-04-12T21:15:40.099+0000] {processor.py:183} INFO - Processing /home/airflow/.local/lib/python3.12/site-packages/airflow/example_dags/example_latest_only.py took 0.127 seconds
[2024-04-12T21:16:10.820+0000] {processor.py:161} INFO - Started process (PID=213) to work on /home/airflow/.local/lib/python3.12/site-packages/airflow/example_dags/example_latest_only.py
[2024-04-12T21:16:10.827+0000] {processor.py:830} INFO - Processing file /home/airflow/.local/lib/python3.12/site-packages/airflow/example_dags/example_latest_only.py for tasks to queue
[2024-04-12T21:16:10.841+0000] {logging_mixin.py:188} INFO - [2024-04-12T21:16:10.839+0000] {dagbag.py:540} INFO - Filling up the DagBag from /home/airflow/.local/lib/python3.12/site-packages/airflow/example_dags/example_latest_only.py
[2024-04-12T21:16:10.884+0000] {processor.py:840} INFO - DAG(s) 'latest_only' retrieved from /home/airflow/.local/lib/python3.12/site-packages/airflow/example_dags/example_latest_only.py
[2024-04-12T21:16:11.003+0000] {logging_mixin.py:188} INFO - [2024-04-12T21:16:11.002+0000] {dag.py:3096} INFO - Sync 1 DAGs
[2024-04-12T21:16:11.167+0000] {logging_mixin.py:188} INFO - [2024-04-12T21:16:11.167+0000] {dag.py:3954} INFO - Setting next_dagrun for latest_only to 2024-04-12 16:00:00+00:00, run_after=2024-04-12 20:00:00+00:00
[2024-04-12T21:16:11.254+0000] {processor.py:183} INFO - Processing /home/airflow/.local/lib/python3.12/site-packages/airflow/example_dags/example_latest_only.py took 0.483 seconds
[2024-04-12T21:16:41.504+0000] {processor.py:161} INFO - Started process (PID=271) to work on /home/airflow/.local/lib/python3.12/site-packages/airflow/example_dags/example_latest_only.py
[2024-04-12T21:16:41.505+0000] {processor.py:830} INFO - Processing file /home/airflow/.local/lib/python3.12/site-packages/airflow/example_dags/example_latest_only.py for tasks to queue
[2024-04-12T21:16:41.508+0000] {logging_mixin.py:188} INFO - [2024-04-12T21:16:41.508+0000] {dagbag.py:540} INFO - Filling up the DagBag from /home/airflow/.local/lib/python3.12/site-packages/airflow/example_dags/example_latest_only.py
[2024-04-12T21:16:41.515+0000] {processor.py:840} INFO - DAG(s) 'latest_only' retrieved from /home/airflow/.local/lib/python3.12/site-packages/airflow/example_dags/example_latest_only.py
[2024-04-12T21:16:41.539+0000] {logging_mixin.py:188} INFO - [2024-04-12T21:16:41.539+0000] {dag.py:3096} INFO - Sync 1 DAGs
[2024-04-12T21:16:41.567+0000] {logging_mixin.py:188} INFO - [2024-04-12T21:16:41.567+0000] {dag.py:3954} INFO - Setting next_dagrun for latest_only to 2024-04-12 16:00:00+00:00, run_after=2024-04-12 20:00:00+00:00
[2024-04-12T21:16:41.594+0000] {processor.py:183} INFO - Processing /home/airflow/.local/lib/python3.12/site-packages/airflow/example_dags/example_latest_only.py took 0.098 seconds
[2024-04-12T21:17:11.756+0000] {processor.py:161} INFO - Started process (PID=328) to work on /home/airflow/.local/lib/python3.12/site-packages/airflow/example_dags/example_latest_only.py
[2024-04-12T21:17:11.757+0000] {processor.py:830} INFO - Processing file /home/airflow/.local/lib/python3.12/site-packages/airflow/example_dags/example_latest_only.py for tasks to queue
[2024-04-12T21:17:11.759+0000] {logging_mixin.py:188} INFO - [2024-04-12T21:17:11.759+0000] {dagbag.py:540} INFO - Filling up the DagBag from /home/airflow/.local/lib/python3.12/site-packages/airflow/example_dags/example_latest_only.py
[2024-04-12T21:17:11.765+0000] {processor.py:840} INFO - DAG(s) 'latest_only' retrieved from /home/airflow/.local/lib/python3.12/site-packages/airflow/example_dags/example_latest_only.py
[2024-04-12T21:17:11.789+0000] {logging_mixin.py:188} INFO - [2024-04-12T21:17:11.789+0000] {dag.py:3096} INFO - Sync 1 DAGs
[2024-04-12T21:17:11.821+0000] {logging_mixin.py:188} INFO - [2024-04-12T21:17:11.820+0000] {dag.py:3954} INFO - Setting next_dagrun for latest_only to 2024-04-12 16:00:00+00:00, run_after=2024-04-12 20:00:00+00:00
[2024-04-12T21:17:11.850+0000] {processor.py:183} INFO - Processing /home/airflow/.local/lib/python3.12/site-packages/airflow/example_dags/example_latest_only.py took 0.101 seconds
[2024-04-12T21:17:42.417+0000] {processor.py:161} INFO - Started process (PID=386) to work on /home/airflow/.local/lib/python3.12/site-packages/airflow/example_dags/example_latest_only.py
[2024-04-12T21:17:42.418+0000] {processor.py:830} INFO - Processing file /home/airflow/.local/lib/python3.12/site-packages/airflow/example_dags/example_latest_only.py for tasks to queue
[2024-04-12T21:17:42.421+0000] {logging_mixin.py:188} INFO - [2024-04-12T21:17:42.421+0000] {dagbag.py:540} INFO - Filling up the DagBag from /home/airflow/.local/lib/python3.12/site-packages/airflow/example_dags/example_latest_only.py
[2024-04-12T21:17:42.429+0000] {processor.py:840} INFO - DAG(s) 'latest_only' retrieved from /home/airflow/.local/lib/python3.12/site-packages/airflow/example_dags/example_latest_only.py
[2024-04-12T21:17:42.454+0000] {logging_mixin.py:188} INFO - [2024-04-12T21:17:42.453+0000] {dag.py:3096} INFO - Sync 1 DAGs
[2024-04-12T21:17:42.483+0000] {logging_mixin.py:188} INFO - [2024-04-12T21:17:42.483+0000] {dag.py:3954} INFO - Setting next_dagrun for latest_only to 2024-04-12 16:00:00+00:00, run_after=2024-04-12 20:00:00+00:00
[2024-04-12T21:17:42.518+0000] {processor.py:183} INFO - Processing /home/airflow/.local/lib/python3.12/site-packages/airflow/example_dags/example_latest_only.py took 0.110 seconds
[2024-04-12T21:18:13.488+0000] {processor.py:161} INFO - Started process (PID=444) to work on /home/airflow/.local/lib/python3.12/site-packages/airflow/example_dags/example_latest_only.py
[2024-04-12T21:18:13.489+0000] {processor.py:830} INFO - Processing file /home/airflow/.local/lib/python3.12/site-packages/airflow/example_dags/example_latest_only.py for tasks to queue
[2024-04-12T21:18:13.492+0000] {logging_mixin.py:188} INFO - [2024-04-12T21:18:13.492+0000] {dagbag.py:540} INFO - Filling up the DagBag from /home/airflow/.local/lib/python3.12/site-packages/airflow/example_dags/example_latest_only.py
[2024-04-12T21:18:13.498+0000] {processor.py:840} INFO - DAG(s) 'latest_only' retrieved from /home/airflow/.local/lib/python3.12/site-packages/airflow/example_dags/example_latest_only.py
[2024-04-12T21:18:13.527+0000] {logging_mixin.py:188} INFO - [2024-04-12T21:18:13.527+0000] {dag.py:3096} INFO - Sync 1 DAGs
[2024-04-12T21:18:13.560+0000] {logging_mixin.py:188} INFO - [2024-04-12T21:18:13.560+0000] {dag.py:3954} INFO - Setting next_dagrun for latest_only to 2024-04-12 16:00:00+00:00, run_after=2024-04-12 20:00:00+00:00
[2024-04-12T21:18:13.593+0000] {processor.py:183} INFO - Processing /home/airflow/.local/lib/python3.12/site-packages/airflow/example_dags/example_latest_only.py took 0.114 seconds
[2024-04-12T21:18:43.744+0000] {processor.py:161} INFO - Started process (PID=503) to work on /home/airflow/.local/lib/python3.12/site-packages/airflow/example_dags/example_latest_only.py
[2024-04-12T21:18:43.746+0000] {processor.py:830} INFO - Processing file /home/airflow/.local/lib/python3.12/site-packages/airflow/example_dags/example_latest_only.py for tasks to queue
[2024-04-12T21:18:43.749+0000] {logging_mixin.py:188} INFO - [2024-04-12T21:18:43.748+0000] {dagbag.py:540} INFO - Filling up the DagBag from /home/airflow/.local/lib/python3.12/site-packages/airflow/example_dags/example_latest_only.py
[2024-04-12T21:18:43.757+0000] {processor.py:840} INFO - DAG(s) 'latest_only' retrieved from /home/airflow/.local/lib/python3.12/site-packages/airflow/example_dags/example_latest_only.py
[2024-04-12T21:18:43.781+0000] {logging_mixin.py:188} INFO - [2024-04-12T21:18:43.780+0000] {dag.py:3096} INFO - Sync 1 DAGs
[2024-04-12T21:18:43.813+0000] {logging_mixin.py:188} INFO - [2024-04-12T21:18:43.813+0000] {dag.py:3954} INFO - Setting next_dagrun for latest_only to 2024-04-12 16:00:00+00:00, run_after=2024-04-12 20:00:00+00:00
[2024-04-12T21:18:43.843+0000] {processor.py:183} INFO - Processing /home/airflow/.local/lib/python3.12/site-packages/airflow/example_dags/example_latest_only.py took 0.106 seconds
[2024-04-12T21:19:14.171+0000] {processor.py:161} INFO - Started process (PID=561) to work on /home/airflow/.local/lib/python3.12/site-packages/airflow/example_dags/example_latest_only.py
[2024-04-12T21:19:14.172+0000] {processor.py:830} INFO - Processing file /home/airflow/.local/lib/python3.12/site-packages/airflow/example_dags/example_latest_only.py for tasks to queue
[2024-04-12T21:19:14.175+0000] {logging_mixin.py:188} INFO - [2024-04-12T21:19:14.175+0000] {dagbag.py:540} INFO - Filling up the DagBag from /home/airflow/.local/lib/python3.12/site-packages/airflow/example_dags/example_latest_only.py
[2024-04-12T21:19:14.182+0000] {processor.py:840} INFO - DAG(s) 'latest_only' retrieved from /home/airflow/.local/lib/python3.12/site-packages/airflow/example_dags/example_latest_only.py
[2024-04-12T21:19:14.207+0000] {logging_mixin.py:188} INFO - [2024-04-12T21:19:14.206+0000] {dag.py:3096} INFO - Sync 1 DAGs
[2024-04-12T21:19:14.237+0000] {logging_mixin.py:188} INFO - [2024-04-12T21:19:14.237+0000] {dag.py:3954} INFO - Setting next_dagrun for latest_only to 2024-04-12 16:00:00+00:00, run_after=2024-04-12 20:00:00+00:00
[2024-04-12T21:19:14.263+0000] {processor.py:183} INFO - Processing /home/airflow/.local/lib/python3.12/site-packages/airflow/example_dags/example_latest_only.py took 0.100 seconds
[2024-04-12T21:19:44.717+0000] {processor.py:161} INFO - Started process (PID=620) to work on /home/airflow/.local/lib/python3.12/site-packages/airflow/example_dags/example_latest_only.py
[2024-04-12T21:19:44.718+0000] {processor.py:830} INFO - Processing file /home/airflow/.local/lib/python3.12/site-packages/airflow/example_dags/example_latest_only.py for tasks to queue
[2024-04-12T21:19:44.721+0000] {logging_mixin.py:188} INFO - [2024-04-12T21:19:44.721+0000] {dagbag.py:540} INFO - Filling up the DagBag from /home/airflow/.local/lib/python3.12/site-packages/airflow/example_dags/example_latest_only.py
[2024-04-12T21:19:44.727+0000] {processor.py:840} INFO - DAG(s) 'latest_only' retrieved from /home/airflow/.local/lib/python3.12/site-packages/airflow/example_dags/example_latest_only.py
[2024-04-12T21:19:44.751+0000] {logging_mixin.py:188} INFO - [2024-04-12T21:19:44.750+0000] {dag.py:3096} INFO - Sync 1 DAGs
[2024-04-12T21:19:44.777+0000] {logging_mixin.py:188} INFO - [2024-04-12T21:19:44.777+0000] {dag.py:3954} INFO - Setting next_dagrun for latest_only to 2024-04-12 16:00:00+00:00, run_after=2024-04-12 20:00:00+00:00
[2024-04-12T21:19:44.803+0000] {processor.py:183} INFO - Processing /home/airflow/.local/lib/python3.12/site-packages/airflow/example_dags/example_latest_only.py took 0.092 seconds
[2024-04-12T21:20:14.901+0000] {processor.py:161} INFO - Started process (PID=678) to work on /home/airflow/.local/lib/python3.12/site-packages/airflow/example_dags/example_latest_only.py
[2024-04-12T21:20:14.902+0000] {processor.py:830} INFO - Processing file /home/airflow/.local/lib/python3.12/site-packages/airflow/example_dags/example_latest_only.py for tasks to queue
[2024-04-12T21:20:14.906+0000] {logging_mixin.py:188} INFO - [2024-04-12T21:20:14.905+0000] {dagbag.py:540} INFO - Filling up the DagBag from /home/airflow/.local/lib/python3.12/site-packages/airflow/example_dags/example_latest_only.py
[2024-04-12T21:20:14.911+0000] {processor.py:840} INFO - DAG(s) 'latest_only' retrieved from /home/airflow/.local/lib/python3.12/site-packages/airflow/example_dags/example_latest_only.py
[2024-04-12T21:20:14.935+0000] {logging_mixin.py:188} INFO - [2024-04-12T21:20:14.934+0000] {dag.py:3096} INFO - Sync 1 DAGs
[2024-04-12T21:20:14.965+0000] {logging_mixin.py:188} INFO - [2024-04-12T21:20:14.964+0000] {dag.py:3954} INFO - Setting next_dagrun for latest_only to 2024-04-12 16:00:00+00:00, run_after=2024-04-12 20:00:00+00:00
[2024-04-12T21:20:14.995+0000] {processor.py:183} INFO - Processing /home/airflow/.local/lib/python3.12/site-packages/airflow/example_dags/example_latest_only.py took 0.103 seconds
[2024-04-12T21:20:45.193+0000] {processor.py:161} INFO - Started process (PID=736) to work on /home/airflow/.local/lib/python3.12/site-packages/airflow/example_dags/example_latest_only.py
[2024-04-12T21:20:45.199+0000] {processor.py:830} INFO - Processing file /home/airflow/.local/lib/python3.12/site-packages/airflow/example_dags/example_latest_only.py for tasks to queue
[2024-04-12T21:20:45.205+0000] {logging_mixin.py:188} INFO - [2024-04-12T21:20:45.204+0000] {dagbag.py:540} INFO - Filling up the DagBag from /home/airflow/.local/lib/python3.12/site-packages/airflow/example_dags/example_latest_only.py
[2024-04-12T21:20:45.212+0000] {processor.py:840} INFO - DAG(s) 'latest_only' retrieved from /home/airflow/.local/lib/python3.12/site-packages/airflow/example_dags/example_latest_only.py
[2024-04-12T21:20:45.259+0000] {logging_mixin.py:188} INFO - [2024-04-12T21:20:45.259+0000] {dag.py:3096} INFO - Sync 1 DAGs
[2024-04-12T21:20:45.312+0000] {logging_mixin.py:188} INFO - [2024-04-12T21:20:45.311+0000] {dag.py:3954} INFO - Setting next_dagrun for latest_only to 2024-04-12 16:00:00+00:00, run_after=2024-04-12 20:00:00+00:00
[2024-04-12T21:20:45.364+0000] {processor.py:183} INFO - Processing /home/airflow/.local/lib/python3.12/site-packages/airflow/example_dags/example_latest_only.py took 0.179 seconds
[2024-04-12T21:21:15.566+0000] {processor.py:161} INFO - Started process (PID=795) to work on /home/airflow/.local/lib/python3.12/site-packages/airflow/example_dags/example_latest_only.py
[2024-04-12T21:21:15.568+0000] {processor.py:830} INFO - Processing file /home/airflow/.local/lib/python3.12/site-packages/airflow/example_dags/example_latest_only.py for tasks to queue
[2024-04-12T21:21:15.571+0000] {logging_mixin.py:188} INFO - [2024-04-12T21:21:15.570+0000] {dagbag.py:540} INFO - Filling up the DagBag from /home/airflow/.local/lib/python3.12/site-packages/airflow/example_dags/example_latest_only.py
[2024-04-12T21:21:15.584+0000] {processor.py:840} INFO - DAG(s) 'latest_only' retrieved from /home/airflow/.local/lib/python3.12/site-packages/airflow/example_dags/example_latest_only.py
[2024-04-12T21:21:15.622+0000] {logging_mixin.py:188} INFO - [2024-04-12T21:21:15.622+0000] {dag.py:3096} INFO - Sync 1 DAGs
[2024-04-12T21:21:15.750+0000] {logging_mixin.py:188} INFO - [2024-04-12T21:21:15.749+0000] {dag.py:3954} INFO - Setting next_dagrun for latest_only to 2024-04-12 16:00:00+00:00, run_after=2024-04-12 20:00:00+00:00
[2024-04-12T21:21:15.790+0000] {processor.py:183} INFO - Processing /home/airflow/.local/lib/python3.12/site-packages/airflow/example_dags/example_latest_only.py took 0.239 seconds
[2024-04-12T21:21:46.040+0000] {processor.py:161} INFO - Started process (PID=859) to work on /home/airflow/.local/lib/python3.12/site-packages/airflow/example_dags/example_latest_only.py
[2024-04-12T21:21:46.044+0000] {processor.py:830} INFO - Processing file /home/airflow/.local/lib/python3.12/site-packages/airflow/example_dags/example_latest_only.py for tasks to queue
[2024-04-12T21:21:46.047+0000] {logging_mixin.py:188} INFO - [2024-04-12T21:21:46.047+0000] {dagbag.py:540} INFO - Filling up the DagBag from /home/airflow/.local/lib/python3.12/site-packages/airflow/example_dags/example_latest_only.py
[2024-04-12T21:21:46.066+0000] {processor.py:840} INFO - DAG(s) 'latest_only' retrieved from /home/airflow/.local/lib/python3.12/site-packages/airflow/example_dags/example_latest_only.py
[2024-04-12T21:21:46.125+0000] {logging_mixin.py:188} INFO - [2024-04-12T21:21:46.124+0000] {dag.py:3096} INFO - Sync 1 DAGs
[2024-04-12T21:21:46.202+0000] {logging_mixin.py:188} INFO - [2024-04-12T21:21:46.201+0000] {dag.py:3954} INFO - Setting next_dagrun for latest_only to 2024-04-12 16:00:00+00:00, run_after=2024-04-12 20:00:00+00:00
[2024-04-12T21:21:46.240+0000] {processor.py:183} INFO - Processing /home/airflow/.local/lib/python3.12/site-packages/airflow/example_dags/example_latest_only.py took 0.222 seconds
[2024-04-12T21:22:16.822+0000] {processor.py:161} INFO - Started process (PID=917) to work on /home/airflow/.local/lib/python3.12/site-packages/airflow/example_dags/example_latest_only.py
[2024-04-12T21:22:16.823+0000] {processor.py:830} INFO - Processing file /home/airflow/.local/lib/python3.12/site-packages/airflow/example_dags/example_latest_only.py for tasks to queue
[2024-04-12T21:22:16.826+0000] {logging_mixin.py:188} INFO - [2024-04-12T21:22:16.826+0000] {dagbag.py:540} INFO - Filling up the DagBag from /home/airflow/.local/lib/python3.12/site-packages/airflow/example_dags/example_latest_only.py
[2024-04-12T21:22:16.834+0000] {processor.py:840} INFO - DAG(s) 'latest_only' retrieved from /home/airflow/.local/lib/python3.12/site-packages/airflow/example_dags/example_latest_only.py
[2024-04-12T21:22:16.860+0000] {logging_mixin.py:188} INFO - [2024-04-12T21:22:16.860+0000] {dag.py:3096} INFO - Sync 1 DAGs
[2024-04-12T21:22:16.893+0000] {logging_mixin.py:188} INFO - [2024-04-12T21:22:16.893+0000] {dag.py:3954} INFO - Setting next_dagrun for latest_only to 2024-04-12 16:00:00+00:00, run_after=2024-04-12 20:00:00+00:00
[2024-04-12T21:22:16.924+0000] {processor.py:183} INFO - Processing /home/airflow/.local/lib/python3.12/site-packages/airflow/example_dags/example_latest_only.py took 0.110 seconds
[2024-04-12T21:22:47.150+0000] {processor.py:161} INFO - Started process (PID=974) to work on /home/airflow/.local/lib/python3.12/site-packages/airflow/example_dags/example_latest_only.py
[2024-04-12T21:22:47.151+0000] {processor.py:830} INFO - Processing file /home/airflow/.local/lib/python3.12/site-packages/airflow/example_dags/example_latest_only.py for tasks to queue
[2024-04-12T21:22:47.154+0000] {logging_mixin.py:188} INFO - [2024-04-12T21:22:47.153+0000] {dagbag.py:540} INFO - Filling up the DagBag from /home/airflow/.local/lib/python3.12/site-packages/airflow/example_dags/example_latest_only.py
[2024-04-12T21:22:47.161+0000] {processor.py:840} INFO - DAG(s) 'latest_only' retrieved from /home/airflow/.local/lib/python3.12/site-packages/airflow/example_dags/example_latest_only.py
[2024-04-12T21:22:47.202+0000] {logging_mixin.py:188} INFO - [2024-04-12T21:22:47.201+0000] {dag.py:3096} INFO - Sync 1 DAGs
[2024-04-12T21:22:47.231+0000] {logging_mixin.py:188} INFO - [2024-04-12T21:22:47.231+0000] {dag.py:3954} INFO - Setting next_dagrun for latest_only to 2024-04-12 16:00:00+00:00, run_after=2024-04-12 20:00:00+00:00
[2024-04-12T21:22:47.424+0000] {processor.py:183} INFO - Processing /home/airflow/.local/lib/python3.12/site-packages/airflow/example_dags/example_latest_only.py took 0.281 seconds
[2024-04-12T21:23:17.529+0000] {processor.py:161} INFO - Started process (PID=1033) to work on /home/airflow/.local/lib/python3.12/site-packages/airflow/example_dags/example_latest_only.py
[2024-04-12T21:23:17.540+0000] {processor.py:830} INFO - Processing file /home/airflow/.local/lib/python3.12/site-packages/airflow/example_dags/example_latest_only.py for tasks to queue
[2024-04-12T21:23:17.543+0000] {logging_mixin.py:188} INFO - [2024-04-12T21:23:17.543+0000] {dagbag.py:540} INFO - Filling up the DagBag from /home/airflow/.local/lib/python3.12/site-packages/airflow/example_dags/example_latest_only.py
[2024-04-12T21:23:17.550+0000] {processor.py:840} INFO - DAG(s) 'latest_only' retrieved from /home/airflow/.local/lib/python3.12/site-packages/airflow/example_dags/example_latest_only.py
[2024-04-12T21:23:17.654+0000] {logging_mixin.py:188} INFO - [2024-04-12T21:23:17.654+0000] {dag.py:3096} INFO - Sync 1 DAGs
[2024-04-12T21:23:17.722+0000] {logging_mixin.py:188} INFO - [2024-04-12T21:23:17.722+0000] {dag.py:3954} INFO - Setting next_dagrun for latest_only to 2024-04-12 16:00:00+00:00, run_after=2024-04-12 20:00:00+00:00
[2024-04-12T21:23:17.787+0000] {processor.py:183} INFO - Processing /home/airflow/.local/lib/python3.12/site-packages/airflow/example_dags/example_latest_only.py took 0.277 seconds
[2024-04-12T21:23:48.380+0000] {processor.py:161} INFO - Started process (PID=1089) to work on /home/airflow/.local/lib/python3.12/site-packages/airflow/example_dags/example_latest_only.py
[2024-04-12T21:23:48.383+0000] {processor.py:830} INFO - Processing file /home/airflow/.local/lib/python3.12/site-packages/airflow/example_dags/example_latest_only.py for tasks to queue
[2024-04-12T21:23:48.386+0000] {logging_mixin.py:188} INFO - [2024-04-12T21:23:48.385+0000] {dagbag.py:540} INFO - Filling up the DagBag from /home/airflow/.local/lib/python3.12/site-packages/airflow/example_dags/example_latest_only.py
[2024-04-12T21:23:48.392+0000] {processor.py:840} INFO - DAG(s) 'latest_only' retrieved from /home/airflow/.local/lib/python3.12/site-packages/airflow/example_dags/example_latest_only.py
[2024-04-12T21:23:48.418+0000] {logging_mixin.py:188} INFO - [2024-04-12T21:23:48.417+0000] {dag.py:3096} INFO - Sync 1 DAGs
[2024-04-12T21:23:48.447+0000] {logging_mixin.py:188} INFO - [2024-04-12T21:23:48.446+0000] {dag.py:3954} INFO - Setting next_dagrun for latest_only to 2024-04-12 16:00:00+00:00, run_after=2024-04-12 20:00:00+00:00
[2024-04-12T21:23:48.476+0000] {processor.py:183} INFO - Processing /home/airflow/.local/lib/python3.12/site-packages/airflow/example_dags/example_latest_only.py took 0.103 seconds
[2024-04-12T21:28:06.666+0000] {processor.py:161} INFO - Started process (PID=69) to work on /home/airflow/.local/lib/python3.12/site-packages/airflow/example_dags/example_latest_only.py
[2024-04-12T21:28:06.669+0000] {processor.py:830} INFO - Processing file /home/airflow/.local/lib/python3.12/site-packages/airflow/example_dags/example_latest_only.py for tasks to queue
[2024-04-12T21:28:06.671+0000] {logging_mixin.py:188} INFO - [2024-04-12T21:28:06.671+0000] {dagbag.py:540} INFO - Filling up the DagBag from /home/airflow/.local/lib/python3.12/site-packages/airflow/example_dags/example_latest_only.py
[2024-04-12T21:28:06.682+0000] {processor.py:840} INFO - DAG(s) 'latest_only' retrieved from /home/airflow/.local/lib/python3.12/site-packages/airflow/example_dags/example_latest_only.py
[2024-04-12T21:28:06.833+0000] {logging_mixin.py:188} INFO - [2024-04-12T21:28:06.833+0000] {dag.py:3096} INFO - Sync 1 DAGs
[2024-04-12T21:28:06.866+0000] {logging_mixin.py:188} INFO - [2024-04-12T21:28:06.866+0000] {dag.py:3954} INFO - Setting next_dagrun for latest_only to 2024-04-12 16:00:00+00:00, run_after=2024-04-12 20:00:00+00:00
[2024-04-12T21:28:06.896+0000] {processor.py:183} INFO - Processing /home/airflow/.local/lib/python3.12/site-packages/airflow/example_dags/example_latest_only.py took 0.238 seconds
[2024-04-12T21:28:39.025+0000] {processor.py:161} INFO - Started process (PID=127) to work on /home/airflow/.local/lib/python3.12/site-packages/airflow/example_dags/example_latest_only.py
[2024-04-12T21:28:39.034+0000] {processor.py:830} INFO - Processing file /home/airflow/.local/lib/python3.12/site-packages/airflow/example_dags/example_latest_only.py for tasks to queue
[2024-04-12T21:28:39.041+0000] {logging_mixin.py:188} INFO - [2024-04-12T21:28:39.040+0000] {dagbag.py:540} INFO - Filling up the DagBag from /home/airflow/.local/lib/python3.12/site-packages/airflow/example_dags/example_latest_only.py
[2024-04-12T21:28:39.060+0000] {processor.py:840} INFO - DAG(s) 'latest_only' retrieved from /home/airflow/.local/lib/python3.12/site-packages/airflow/example_dags/example_latest_only.py
[2024-04-12T21:28:39.107+0000] {logging_mixin.py:188} INFO - [2024-04-12T21:28:39.106+0000] {dag.py:3096} INFO - Sync 1 DAGs
[2024-04-12T21:28:39.184+0000] {logging_mixin.py:188} INFO - [2024-04-12T21:28:39.183+0000] {dag.py:3954} INFO - Setting next_dagrun for latest_only to 2024-04-12 16:00:00+00:00, run_after=2024-04-12 20:00:00+00:00
[2024-04-12T21:28:39.258+0000] {processor.py:183} INFO - Processing /home/airflow/.local/lib/python3.12/site-packages/airflow/example_dags/example_latest_only.py took 0.243 seconds
[2024-04-12T21:29:09.334+0000] {processor.py:161} INFO - Started process (PID=185) to work on /home/airflow/.local/lib/python3.12/site-packages/airflow/example_dags/example_latest_only.py
[2024-04-12T21:29:09.335+0000] {processor.py:830} INFO - Processing file /home/airflow/.local/lib/python3.12/site-packages/airflow/example_dags/example_latest_only.py for tasks to queue
[2024-04-12T21:29:09.338+0000] {logging_mixin.py:188} INFO - [2024-04-12T21:29:09.337+0000] {dagbag.py:540} INFO - Filling up the DagBag from /home/airflow/.local/lib/python3.12/site-packages/airflow/example_dags/example_latest_only.py
[2024-04-12T21:29:09.344+0000] {processor.py:840} INFO - DAG(s) 'latest_only' retrieved from /home/airflow/.local/lib/python3.12/site-packages/airflow/example_dags/example_latest_only.py
[2024-04-12T21:29:09.371+0000] {logging_mixin.py:188} INFO - [2024-04-12T21:29:09.370+0000] {dag.py:3096} INFO - Sync 1 DAGs
[2024-04-12T21:29:09.399+0000] {logging_mixin.py:188} INFO - [2024-04-12T21:29:09.398+0000] {dag.py:3954} INFO - Setting next_dagrun for latest_only to 2024-04-12 16:00:00+00:00, run_after=2024-04-12 20:00:00+00:00
[2024-04-12T21:29:09.422+0000] {processor.py:183} INFO - Processing /home/airflow/.local/lib/python3.12/site-packages/airflow/example_dags/example_latest_only.py took 0.095 seconds
[2024-04-12T21:29:41.201+0000] {processor.py:161} INFO - Started process (PID=244) to work on /home/airflow/.local/lib/python3.12/site-packages/airflow/example_dags/example_latest_only.py
[2024-04-12T21:29:41.213+0000] {processor.py:830} INFO - Processing file /home/airflow/.local/lib/python3.12/site-packages/airflow/example_dags/example_latest_only.py for tasks to queue
[2024-04-12T21:29:41.271+0000] {logging_mixin.py:188} INFO - [2024-04-12T21:29:41.270+0000] {dagbag.py:540} INFO - Filling up the DagBag from /home/airflow/.local/lib/python3.12/site-packages/airflow/example_dags/example_latest_only.py
[2024-04-12T21:29:41.289+0000] {processor.py:840} INFO - DAG(s) 'latest_only' retrieved from /home/airflow/.local/lib/python3.12/site-packages/airflow/example_dags/example_latest_only.py
[2024-04-12T21:29:41.371+0000] {logging_mixin.py:188} INFO - [2024-04-12T21:29:41.370+0000] {dag.py:3096} INFO - Sync 1 DAGs
[2024-04-12T21:29:41.454+0000] {logging_mixin.py:188} INFO - [2024-04-12T21:29:41.450+0000] {dag.py:3954} INFO - Setting next_dagrun for latest_only to 2024-04-12 16:00:00+00:00, run_after=2024-04-12 20:00:00+00:00
[2024-04-12T21:29:42.645+0000] {logging_mixin.py:188} INFO - [2024-04-12T21:29:42.645+0000] {process_utils.py:263} INFO - Waiting up to 5 seconds for processes to exit...
[2024-04-12T21:57:25.820+0000] {processor.py:161} INFO - Started process (PID=63) to work on /home/airflow/.local/lib/python3.12/site-packages/airflow/example_dags/example_latest_only.py
[2024-04-12T21:57:25.821+0000] {processor.py:830} INFO - Processing file /home/airflow/.local/lib/python3.12/site-packages/airflow/example_dags/example_latest_only.py for tasks to queue
[2024-04-12T21:57:25.824+0000] {logging_mixin.py:188} INFO - [2024-04-12T21:57:25.824+0000] {dagbag.py:540} INFO - Filling up the DagBag from /home/airflow/.local/lib/python3.12/site-packages/airflow/example_dags/example_latest_only.py
[2024-04-12T21:57:25.833+0000] {processor.py:840} INFO - DAG(s) 'latest_only' retrieved from /home/airflow/.local/lib/python3.12/site-packages/airflow/example_dags/example_latest_only.py
[2024-04-12T21:57:26.112+0000] {logging_mixin.py:188} INFO - [2024-04-12T21:57:26.112+0000] {dag.py:3096} INFO - Sync 1 DAGs
[2024-04-12T21:57:26.158+0000] {logging_mixin.py:188} INFO - [2024-04-12T21:57:26.157+0000] {dag.py:3954} INFO - Setting next_dagrun for latest_only to 2024-04-12 16:00:00+00:00, run_after=2024-04-12 20:00:00+00:00
[2024-04-12T21:57:26.239+0000] {processor.py:183} INFO - Processing /home/airflow/.local/lib/python3.12/site-packages/airflow/example_dags/example_latest_only.py took 0.432 seconds
[2024-04-12T21:57:57.139+0000] {processor.py:161} INFO - Started process (PID=128) to work on /home/airflow/.local/lib/python3.12/site-packages/airflow/example_dags/example_latest_only.py
[2024-04-12T21:57:57.140+0000] {processor.py:830} INFO - Processing file /home/airflow/.local/lib/python3.12/site-packages/airflow/example_dags/example_latest_only.py for tasks to queue
[2024-04-12T21:57:57.142+0000] {logging_mixin.py:188} INFO - [2024-04-12T21:57:57.141+0000] {dagbag.py:540} INFO - Filling up the DagBag from /home/airflow/.local/lib/python3.12/site-packages/airflow/example_dags/example_latest_only.py
[2024-04-12T21:57:57.148+0000] {processor.py:840} INFO - DAG(s) 'latest_only' retrieved from /home/airflow/.local/lib/python3.12/site-packages/airflow/example_dags/example_latest_only.py
[2024-04-12T21:57:57.170+0000] {logging_mixin.py:188} INFO - [2024-04-12T21:57:57.170+0000] {dag.py:3096} INFO - Sync 1 DAGs
[2024-04-12T21:57:57.206+0000] {logging_mixin.py:188} INFO - [2024-04-12T21:57:57.206+0000] {dag.py:3954} INFO - Setting next_dagrun for latest_only to 2024-04-12 16:00:00+00:00, run_after=2024-04-12 20:00:00+00:00
[2024-04-12T21:57:57.251+0000] {processor.py:183} INFO - Processing /home/airflow/.local/lib/python3.12/site-packages/airflow/example_dags/example_latest_only.py took 0.119 seconds
[2024-04-12T21:58:27.924+0000] {processor.py:161} INFO - Started process (PID=187) to work on /home/airflow/.local/lib/python3.12/site-packages/airflow/example_dags/example_latest_only.py
[2024-04-12T21:58:27.925+0000] {processor.py:830} INFO - Processing file /home/airflow/.local/lib/python3.12/site-packages/airflow/example_dags/example_latest_only.py for tasks to queue
[2024-04-12T21:58:27.928+0000] {logging_mixin.py:188} INFO - [2024-04-12T21:58:27.928+0000] {dagbag.py:540} INFO - Filling up the DagBag from /home/airflow/.local/lib/python3.12/site-packages/airflow/example_dags/example_latest_only.py
[2024-04-12T21:58:27.935+0000] {processor.py:840} INFO - DAG(s) 'latest_only' retrieved from /home/airflow/.local/lib/python3.12/site-packages/airflow/example_dags/example_latest_only.py
[2024-04-12T21:58:27.972+0000] {logging_mixin.py:188} INFO - [2024-04-12T21:58:27.972+0000] {dag.py:3096} INFO - Sync 1 DAGs
[2024-04-12T21:58:28.014+0000] {logging_mixin.py:188} INFO - [2024-04-12T21:58:28.012+0000] {dag.py:3954} INFO - Setting next_dagrun for latest_only to 2024-04-12 16:00:00+00:00, run_after=2024-04-12 20:00:00+00:00
[2024-04-12T21:58:28.045+0000] {processor.py:183} INFO - Processing /home/airflow/.local/lib/python3.12/site-packages/airflow/example_dags/example_latest_only.py took 0.129 seconds
[2024-04-12T21:58:58.138+0000] {processor.py:161} INFO - Started process (PID=246) to work on /home/airflow/.local/lib/python3.12/site-packages/airflow/example_dags/example_latest_only.py
[2024-04-12T21:58:58.139+0000] {processor.py:830} INFO - Processing file /home/airflow/.local/lib/python3.12/site-packages/airflow/example_dags/example_latest_only.py for tasks to queue
[2024-04-12T21:58:58.142+0000] {logging_mixin.py:188} INFO - [2024-04-12T21:58:58.141+0000] {dagbag.py:540} INFO - Filling up the DagBag from /home/airflow/.local/lib/python3.12/site-packages/airflow/example_dags/example_latest_only.py
[2024-04-12T21:58:58.147+0000] {processor.py:840} INFO - DAG(s) 'latest_only' retrieved from /home/airflow/.local/lib/python3.12/site-packages/airflow/example_dags/example_latest_only.py
[2024-04-12T21:58:58.168+0000] {logging_mixin.py:188} INFO - [2024-04-12T21:58:58.168+0000] {dag.py:3096} INFO - Sync 1 DAGs
[2024-04-12T21:58:58.194+0000] {logging_mixin.py:188} INFO - [2024-04-12T21:58:58.194+0000] {dag.py:3954} INFO - Setting next_dagrun for latest_only to 2024-04-12 16:00:00+00:00, run_after=2024-04-12 20:00:00+00:00
[2024-04-12T21:58:58.222+0000] {processor.py:183} INFO - Processing /home/airflow/.local/lib/python3.12/site-packages/airflow/example_dags/example_latest_only.py took 0.090 seconds
[2024-04-12T21:59:28.394+0000] {processor.py:161} INFO - Started process (PID=305) to work on /home/airflow/.local/lib/python3.12/site-packages/airflow/example_dags/example_latest_only.py
[2024-04-12T21:59:28.395+0000] {processor.py:830} INFO - Processing file /home/airflow/.local/lib/python3.12/site-packages/airflow/example_dags/example_latest_only.py for tasks to queue
[2024-04-12T21:59:28.398+0000] {logging_mixin.py:188} INFO - [2024-04-12T21:59:28.397+0000] {dagbag.py:540} INFO - Filling up the DagBag from /home/airflow/.local/lib/python3.12/site-packages/airflow/example_dags/example_latest_only.py
[2024-04-12T21:59:28.403+0000] {processor.py:840} INFO - DAG(s) 'latest_only' retrieved from /home/airflow/.local/lib/python3.12/site-packages/airflow/example_dags/example_latest_only.py
[2024-04-12T21:59:28.429+0000] {logging_mixin.py:188} INFO - [2024-04-12T21:59:28.429+0000] {dag.py:3096} INFO - Sync 1 DAGs
[2024-04-12T21:59:28.457+0000] {logging_mixin.py:188} INFO - [2024-04-12T21:59:28.456+0000] {dag.py:3954} INFO - Setting next_dagrun for latest_only to 2024-04-12 16:00:00+00:00, run_after=2024-04-12 20:00:00+00:00
[2024-04-12T21:59:28.486+0000] {processor.py:183} INFO - Processing /home/airflow/.local/lib/python3.12/site-packages/airflow/example_dags/example_latest_only.py took 0.100 seconds
[2024-04-12T21:59:59.346+0000] {processor.py:161} INFO - Started process (PID=364) to work on /home/airflow/.local/lib/python3.12/site-packages/airflow/example_dags/example_latest_only.py
[2024-04-12T21:59:59.348+0000] {processor.py:830} INFO - Processing file /home/airflow/.local/lib/python3.12/site-packages/airflow/example_dags/example_latest_only.py for tasks to queue
[2024-04-12T21:59:59.351+0000] {logging_mixin.py:188} INFO - [2024-04-12T21:59:59.350+0000] {dagbag.py:540} INFO - Filling up the DagBag from /home/airflow/.local/lib/python3.12/site-packages/airflow/example_dags/example_latest_only.py
[2024-04-12T21:59:59.358+0000] {processor.py:840} INFO - DAG(s) 'latest_only' retrieved from /home/airflow/.local/lib/python3.12/site-packages/airflow/example_dags/example_latest_only.py
[2024-04-12T21:59:59.385+0000] {logging_mixin.py:188} INFO - [2024-04-12T21:59:59.385+0000] {dag.py:3096} INFO - Sync 1 DAGs
[2024-04-12T21:59:59.411+0000] {logging_mixin.py:188} INFO - [2024-04-12T21:59:59.411+0000] {dag.py:3954} INFO - Setting next_dagrun for latest_only to 2024-04-12 16:00:00+00:00, run_after=2024-04-12 20:00:00+00:00
[2024-04-12T21:59:59.444+0000] {processor.py:183} INFO - Processing /home/airflow/.local/lib/python3.12/site-packages/airflow/example_dags/example_latest_only.py took 0.106 seconds
[2024-04-12T22:00:29.742+0000] {processor.py:161} INFO - Started process (PID=423) to work on /home/airflow/.local/lib/python3.12/site-packages/airflow/example_dags/example_latest_only.py
[2024-04-12T22:00:29.744+0000] {processor.py:830} INFO - Processing file /home/airflow/.local/lib/python3.12/site-packages/airflow/example_dags/example_latest_only.py for tasks to queue
[2024-04-12T22:00:29.746+0000] {logging_mixin.py:188} INFO - [2024-04-12T22:00:29.746+0000] {dagbag.py:540} INFO - Filling up the DagBag from /home/airflow/.local/lib/python3.12/site-packages/airflow/example_dags/example_latest_only.py
[2024-04-12T22:00:29.754+0000] {processor.py:840} INFO - DAG(s) 'latest_only' retrieved from /home/airflow/.local/lib/python3.12/site-packages/airflow/example_dags/example_latest_only.py
[2024-04-12T22:00:29.777+0000] {logging_mixin.py:188} INFO - [2024-04-12T22:00:29.777+0000] {dag.py:3096} INFO - Sync 1 DAGs
[2024-04-12T22:00:29.811+0000] {logging_mixin.py:188} INFO - [2024-04-12T22:00:29.811+0000] {dag.py:3954} INFO - Setting next_dagrun for latest_only to 2024-04-12 16:00:00+00:00, run_after=2024-04-12 20:00:00+00:00
[2024-04-12T22:00:29.836+0000] {processor.py:183} INFO - Processing /home/airflow/.local/lib/python3.12/site-packages/airflow/example_dags/example_latest_only.py took 0.103 seconds
[2024-04-12T22:01:00.351+0000] {processor.py:161} INFO - Started process (PID=481) to work on /home/airflow/.local/lib/python3.12/site-packages/airflow/example_dags/example_latest_only.py
[2024-04-12T22:01:00.352+0000] {processor.py:830} INFO - Processing file /home/airflow/.local/lib/python3.12/site-packages/airflow/example_dags/example_latest_only.py for tasks to queue
[2024-04-12T22:01:00.354+0000] {logging_mixin.py:188} INFO - [2024-04-12T22:01:00.354+0000] {dagbag.py:540} INFO - Filling up the DagBag from /home/airflow/.local/lib/python3.12/site-packages/airflow/example_dags/example_latest_only.py
[2024-04-12T22:01:00.360+0000] {processor.py:840} INFO - DAG(s) 'latest_only' retrieved from /home/airflow/.local/lib/python3.12/site-packages/airflow/example_dags/example_latest_only.py
[2024-04-12T22:01:00.385+0000] {logging_mixin.py:188} INFO - [2024-04-12T22:01:00.385+0000] {dag.py:3096} INFO - Sync 1 DAGs
[2024-04-12T22:01:00.417+0000] {logging_mixin.py:188} INFO - [2024-04-12T22:01:00.417+0000] {dag.py:3954} INFO - Setting next_dagrun for latest_only to 2024-04-12 16:00:00+00:00, run_after=2024-04-12 20:00:00+00:00
[2024-04-12T22:01:00.449+0000] {processor.py:183} INFO - Processing /home/airflow/.local/lib/python3.12/site-packages/airflow/example_dags/example_latest_only.py took 0.104 seconds
[2024-04-12T22:01:31.135+0000] {processor.py:161} INFO - Started process (PID=540) to work on /home/airflow/.local/lib/python3.12/site-packages/airflow/example_dags/example_latest_only.py
[2024-04-12T22:01:31.136+0000] {processor.py:830} INFO - Processing file /home/airflow/.local/lib/python3.12/site-packages/airflow/example_dags/example_latest_only.py for tasks to queue
[2024-04-12T22:01:31.138+0000] {logging_mixin.py:188} INFO - [2024-04-12T22:01:31.138+0000] {dagbag.py:540} INFO - Filling up the DagBag from /home/airflow/.local/lib/python3.12/site-packages/airflow/example_dags/example_latest_only.py
[2024-04-12T22:01:31.144+0000] {processor.py:840} INFO - DAG(s) 'latest_only' retrieved from /home/airflow/.local/lib/python3.12/site-packages/airflow/example_dags/example_latest_only.py
[2024-04-12T22:01:31.168+0000] {logging_mixin.py:188} INFO - [2024-04-12T22:01:31.168+0000] {dag.py:3096} INFO - Sync 1 DAGs
[2024-04-12T22:01:31.206+0000] {logging_mixin.py:188} INFO - [2024-04-12T22:01:31.206+0000] {dag.py:3954} INFO - Setting next_dagrun for latest_only to 2024-04-12 16:00:00+00:00, run_after=2024-04-12 20:00:00+00:00
[2024-04-12T22:01:31.232+0000] {processor.py:183} INFO - Processing /home/airflow/.local/lib/python3.12/site-packages/airflow/example_dags/example_latest_only.py took 0.103 seconds
[2024-04-12T22:02:02.250+0000] {processor.py:161} INFO - Started process (PID=599) to work on /home/airflow/.local/lib/python3.12/site-packages/airflow/example_dags/example_latest_only.py
[2024-04-12T22:02:02.254+0000] {processor.py:830} INFO - Processing file /home/airflow/.local/lib/python3.12/site-packages/airflow/example_dags/example_latest_only.py for tasks to queue
[2024-04-12T22:02:02.258+0000] {logging_mixin.py:188} INFO - [2024-04-12T22:02:02.257+0000] {dagbag.py:540} INFO - Filling up the DagBag from /home/airflow/.local/lib/python3.12/site-packages/airflow/example_dags/example_latest_only.py
[2024-04-12T22:02:02.267+0000] {processor.py:840} INFO - DAG(s) 'latest_only' retrieved from /home/airflow/.local/lib/python3.12/site-packages/airflow/example_dags/example_latest_only.py
[2024-04-12T22:02:02.307+0000] {logging_mixin.py:188} INFO - [2024-04-12T22:02:02.306+0000] {dag.py:3096} INFO - Sync 1 DAGs
[2024-04-12T22:02:02.364+0000] {logging_mixin.py:188} INFO - [2024-04-12T22:02:02.363+0000] {dag.py:3954} INFO - Setting next_dagrun for latest_only to 2024-04-12 16:00:00+00:00, run_after=2024-04-12 20:00:00+00:00
[2024-04-12T22:02:02.420+0000] {processor.py:183} INFO - Processing /home/airflow/.local/lib/python3.12/site-packages/airflow/example_dags/example_latest_only.py took 0.180 seconds
[2024-04-12T22:02:34.105+0000] {processor.py:161} INFO - Started process (PID=658) to work on /home/airflow/.local/lib/python3.12/site-packages/airflow/example_dags/example_latest_only.py
[2024-04-12T22:02:34.116+0000] {processor.py:830} INFO - Processing file /home/airflow/.local/lib/python3.12/site-packages/airflow/example_dags/example_latest_only.py for tasks to queue
[2024-04-12T22:02:34.126+0000] {logging_mixin.py:188} INFO - [2024-04-12T22:02:34.126+0000] {dagbag.py:540} INFO - Filling up the DagBag from /home/airflow/.local/lib/python3.12/site-packages/airflow/example_dags/example_latest_only.py
[2024-04-12T22:02:34.136+0000] {processor.py:840} INFO - DAG(s) 'latest_only' retrieved from /home/airflow/.local/lib/python3.12/site-packages/airflow/example_dags/example_latest_only.py
[2024-04-12T22:02:34.225+0000] {logging_mixin.py:188} INFO - [2024-04-12T22:02:34.224+0000] {dag.py:3096} INFO - Sync 1 DAGs
[2024-04-12T22:02:34.321+0000] {logging_mixin.py:188} INFO - [2024-04-12T22:02:34.321+0000] {dag.py:3954} INFO - Setting next_dagrun for latest_only to 2024-04-12 16:00:00+00:00, run_after=2024-04-12 20:00:00+00:00
[2024-04-12T22:02:34.443+0000] {processor.py:183} INFO - Processing /home/airflow/.local/lib/python3.12/site-packages/airflow/example_dags/example_latest_only.py took 0.347 seconds
[2024-04-12T22:03:05.130+0000] {processor.py:161} INFO - Started process (PID=717) to work on /home/airflow/.local/lib/python3.12/site-packages/airflow/example_dags/example_latest_only.py
[2024-04-12T22:03:05.132+0000] {processor.py:830} INFO - Processing file /home/airflow/.local/lib/python3.12/site-packages/airflow/example_dags/example_latest_only.py for tasks to queue
[2024-04-12T22:03:05.135+0000] {logging_mixin.py:188} INFO - [2024-04-12T22:03:05.134+0000] {dagbag.py:540} INFO - Filling up the DagBag from /home/airflow/.local/lib/python3.12/site-packages/airflow/example_dags/example_latest_only.py
[2024-04-12T22:03:05.142+0000] {processor.py:840} INFO - DAG(s) 'latest_only' retrieved from /home/airflow/.local/lib/python3.12/site-packages/airflow/example_dags/example_latest_only.py
[2024-04-12T22:03:05.173+0000] {logging_mixin.py:188} INFO - [2024-04-12T22:03:05.172+0000] {dag.py:3096} INFO - Sync 1 DAGs
[2024-04-12T22:03:05.205+0000] {logging_mixin.py:188} INFO - [2024-04-12T22:03:05.205+0000] {dag.py:3954} INFO - Setting next_dagrun for latest_only to 2024-04-12 16:00:00+00:00, run_after=2024-04-12 20:00:00+00:00
[2024-04-12T22:03:05.237+0000] {processor.py:183} INFO - Processing /home/airflow/.local/lib/python3.12/site-packages/airflow/example_dags/example_latest_only.py took 0.115 seconds
[2024-04-12T22:03:35.542+0000] {processor.py:161} INFO - Started process (PID=776) to work on /home/airflow/.local/lib/python3.12/site-packages/airflow/example_dags/example_latest_only.py
[2024-04-12T22:03:35.543+0000] {processor.py:830} INFO - Processing file /home/airflow/.local/lib/python3.12/site-packages/airflow/example_dags/example_latest_only.py for tasks to queue
[2024-04-12T22:03:35.547+0000] {logging_mixin.py:188} INFO - [2024-04-12T22:03:35.547+0000] {dagbag.py:540} INFO - Filling up the DagBag from /home/airflow/.local/lib/python3.12/site-packages/airflow/example_dags/example_latest_only.py
[2024-04-12T22:03:35.554+0000] {processor.py:840} INFO - DAG(s) 'latest_only' retrieved from /home/airflow/.local/lib/python3.12/site-packages/airflow/example_dags/example_latest_only.py
[2024-04-12T22:03:35.583+0000] {logging_mixin.py:188} INFO - [2024-04-12T22:03:35.583+0000] {dag.py:3096} INFO - Sync 1 DAGs
[2024-04-12T22:03:35.616+0000] {logging_mixin.py:188} INFO - [2024-04-12T22:03:35.615+0000] {dag.py:3954} INFO - Setting next_dagrun for latest_only to 2024-04-12 16:00:00+00:00, run_after=2024-04-12 20:00:00+00:00
[2024-04-12T22:03:35.661+0000] {processor.py:183} INFO - Processing /home/airflow/.local/lib/python3.12/site-packages/airflow/example_dags/example_latest_only.py took 0.127 seconds
[2024-04-12T22:04:06.033+0000] {processor.py:161} INFO - Started process (PID=836) to work on /home/airflow/.local/lib/python3.12/site-packages/airflow/example_dags/example_latest_only.py
[2024-04-12T22:04:06.035+0000] {processor.py:830} INFO - Processing file /home/airflow/.local/lib/python3.12/site-packages/airflow/example_dags/example_latest_only.py for tasks to queue
[2024-04-12T22:04:06.038+0000] {logging_mixin.py:188} INFO - [2024-04-12T22:04:06.038+0000] {dagbag.py:540} INFO - Filling up the DagBag from /home/airflow/.local/lib/python3.12/site-packages/airflow/example_dags/example_latest_only.py
[2024-04-12T22:04:06.044+0000] {processor.py:840} INFO - DAG(s) 'latest_only' retrieved from /home/airflow/.local/lib/python3.12/site-packages/airflow/example_dags/example_latest_only.py
[2024-04-12T22:04:06.072+0000] {logging_mixin.py:188} INFO - [2024-04-12T22:04:06.072+0000] {dag.py:3096} INFO - Sync 1 DAGs
[2024-04-12T22:04:06.105+0000] {logging_mixin.py:188} INFO - [2024-04-12T22:04:06.104+0000] {dag.py:3954} INFO - Setting next_dagrun for latest_only to 2024-04-12 16:00:00+00:00, run_after=2024-04-12 20:00:00+00:00
[2024-04-12T22:04:06.128+0000] {processor.py:183} INFO - Processing /home/airflow/.local/lib/python3.12/site-packages/airflow/example_dags/example_latest_only.py took 0.104 seconds
[2024-04-12T22:04:36.808+0000] {processor.py:161} INFO - Started process (PID=895) to work on /home/airflow/.local/lib/python3.12/site-packages/airflow/example_dags/example_latest_only.py
[2024-04-12T22:04:36.811+0000] {processor.py:830} INFO - Processing file /home/airflow/.local/lib/python3.12/site-packages/airflow/example_dags/example_latest_only.py for tasks to queue
[2024-04-12T22:04:36.816+0000] {logging_mixin.py:188} INFO - [2024-04-12T22:04:36.815+0000] {dagbag.py:540} INFO - Filling up the DagBag from /home/airflow/.local/lib/python3.12/site-packages/airflow/example_dags/example_latest_only.py
[2024-04-12T22:04:36.826+0000] {processor.py:840} INFO - DAG(s) 'latest_only' retrieved from /home/airflow/.local/lib/python3.12/site-packages/airflow/example_dags/example_latest_only.py
[2024-04-12T22:04:36.865+0000] {logging_mixin.py:188} INFO - [2024-04-12T22:04:36.864+0000] {dag.py:3096} INFO - Sync 1 DAGs
[2024-04-12T22:04:36.925+0000] {logging_mixin.py:188} INFO - [2024-04-12T22:04:36.924+0000] {dag.py:3954} INFO - Setting next_dagrun for latest_only to 2024-04-12 16:00:00+00:00, run_after=2024-04-12 20:00:00+00:00
[2024-04-12T22:04:37.297+0000] {processor.py:183} INFO - Processing /home/airflow/.local/lib/python3.12/site-packages/airflow/example_dags/example_latest_only.py took 0.500 seconds
[2024-04-12T22:05:07.667+0000] {processor.py:161} INFO - Started process (PID=954) to work on /home/airflow/.local/lib/python3.12/site-packages/airflow/example_dags/example_latest_only.py
[2024-04-12T22:05:07.668+0000] {processor.py:830} INFO - Processing file /home/airflow/.local/lib/python3.12/site-packages/airflow/example_dags/example_latest_only.py for tasks to queue
[2024-04-12T22:05:07.671+0000] {logging_mixin.py:188} INFO - [2024-04-12T22:05:07.670+0000] {dagbag.py:540} INFO - Filling up the DagBag from /home/airflow/.local/lib/python3.12/site-packages/airflow/example_dags/example_latest_only.py
[2024-04-12T22:05:07.676+0000] {processor.py:840} INFO - DAG(s) 'latest_only' retrieved from /home/airflow/.local/lib/python3.12/site-packages/airflow/example_dags/example_latest_only.py
[2024-04-12T22:05:07.699+0000] {logging_mixin.py:188} INFO - [2024-04-12T22:05:07.699+0000] {dag.py:3096} INFO - Sync 1 DAGs
[2024-04-12T22:05:07.731+0000] {logging_mixin.py:188} INFO - [2024-04-12T22:05:07.730+0000] {dag.py:3954} INFO - Setting next_dagrun for latest_only to 2024-04-12 16:00:00+00:00, run_after=2024-04-12 20:00:00+00:00
[2024-04-12T22:05:07.762+0000] {processor.py:183} INFO - Processing /home/airflow/.local/lib/python3.12/site-packages/airflow/example_dags/example_latest_only.py took 0.101 seconds
[2024-04-12T22:05:37.910+0000] {processor.py:161} INFO - Started process (PID=1013) to work on /home/airflow/.local/lib/python3.12/site-packages/airflow/example_dags/example_latest_only.py
[2024-04-12T22:05:37.912+0000] {processor.py:830} INFO - Processing file /home/airflow/.local/lib/python3.12/site-packages/airflow/example_dags/example_latest_only.py for tasks to queue
[2024-04-12T22:05:37.914+0000] {logging_mixin.py:188} INFO - [2024-04-12T22:05:37.913+0000] {dagbag.py:540} INFO - Filling up the DagBag from /home/airflow/.local/lib/python3.12/site-packages/airflow/example_dags/example_latest_only.py
[2024-04-12T22:05:37.921+0000] {processor.py:840} INFO - DAG(s) 'latest_only' retrieved from /home/airflow/.local/lib/python3.12/site-packages/airflow/example_dags/example_latest_only.py
[2024-04-12T22:05:37.946+0000] {logging_mixin.py:188} INFO - [2024-04-12T22:05:37.945+0000] {dag.py:3096} INFO - Sync 1 DAGs
[2024-04-12T22:05:37.976+0000] {logging_mixin.py:188} INFO - [2024-04-12T22:05:37.975+0000] {dag.py:3954} INFO - Setting next_dagrun for latest_only to 2024-04-12 16:00:00+00:00, run_after=2024-04-12 20:00:00+00:00
[2024-04-12T22:05:38.003+0000] {processor.py:183} INFO - Processing /home/airflow/.local/lib/python3.12/site-packages/airflow/example_dags/example_latest_only.py took 0.100 seconds
