[2024-04-12T21:14:38.344+0000] {processor.py:161} INFO - Started process (PID=69) to work on /home/airflow/.local/lib/python3.12/site-packages/airflow/example_dags/example_kubernetes_executor.py
[2024-04-12T21:14:38.399+0000] {processor.py:830} INFO - Processing file /home/airflow/.local/lib/python3.12/site-packages/airflow/example_dags/example_kubernetes_executor.py for tasks to queue
[2024-04-12T21:14:38.416+0000] {logging_mixin.py:188} INFO - [2024-04-12T21:14:38.415+0000] {dagbag.py:540} INFO - Filling up the DagBag from /home/airflow/.local/lib/python3.12/site-packages/airflow/example_dags/example_kubernetes_executor.py
[2024-04-12T21:14:38.486+0000] {processor.py:840} INFO - DAG(s) 'example_kubernetes_executor' retrieved from /home/airflow/.local/lib/python3.12/site-packages/airflow/example_dags/example_kubernetes_executor.py
[2024-04-12T21:14:39.227+0000] {logging_mixin.py:188} INFO - [2024-04-12T21:14:39.227+0000] {dag.py:3096} INFO - Sync 1 DAGs
[2024-04-12T21:14:39.372+0000] {logging_mixin.py:188} INFO - [2024-04-12T21:14:39.347+0000] {dag.py:3954} INFO - Setting next_dagrun for example_kubernetes_executor to None, run_after=None
[2024-04-12T21:14:39.468+0000] {processor.py:183} INFO - Processing /home/airflow/.local/lib/python3.12/site-packages/airflow/example_dags/example_kubernetes_executor.py took 1.133 seconds
[2024-04-12T21:15:29.720+0000] {processor.py:161} INFO - Started process (PID=134) to work on /home/airflow/.local/lib/python3.12/site-packages/airflow/example_dags/example_kubernetes_executor.py
[2024-04-12T21:15:29.722+0000] {processor.py:830} INFO - Processing file /home/airflow/.local/lib/python3.12/site-packages/airflow/example_dags/example_kubernetes_executor.py for tasks to queue
[2024-04-12T21:15:29.725+0000] {logging_mixin.py:188} INFO - [2024-04-12T21:15:29.725+0000] {dagbag.py:540} INFO - Filling up the DagBag from /home/airflow/.local/lib/python3.12/site-packages/airflow/example_dags/example_kubernetes_executor.py
[2024-04-12T21:15:29.767+0000] {processor.py:840} INFO - DAG(s) 'example_kubernetes_executor' retrieved from /home/airflow/.local/lib/python3.12/site-packages/airflow/example_dags/example_kubernetes_executor.py
[2024-04-12T21:15:29.869+0000] {logging_mixin.py:188} INFO - [2024-04-12T21:15:29.869+0000] {dag.py:3096} INFO - Sync 1 DAGs
[2024-04-12T21:15:29.914+0000] {logging_mixin.py:188} INFO - [2024-04-12T21:15:29.913+0000] {dag.py:3954} INFO - Setting next_dagrun for example_kubernetes_executor to None, run_after=None
[2024-04-12T21:15:29.968+0000] {processor.py:183} INFO - Processing /home/airflow/.local/lib/python3.12/site-packages/airflow/example_dags/example_kubernetes_executor.py took 0.267 seconds
[2024-04-12T21:16:01.177+0000] {processor.py:161} INFO - Started process (PID=193) to work on /home/airflow/.local/lib/python3.12/site-packages/airflow/example_dags/example_kubernetes_executor.py
[2024-04-12T21:16:01.179+0000] {processor.py:830} INFO - Processing file /home/airflow/.local/lib/python3.12/site-packages/airflow/example_dags/example_kubernetes_executor.py for tasks to queue
[2024-04-12T21:16:01.183+0000] {logging_mixin.py:188} INFO - [2024-04-12T21:16:01.182+0000] {dagbag.py:540} INFO - Filling up the DagBag from /home/airflow/.local/lib/python3.12/site-packages/airflow/example_dags/example_kubernetes_executor.py
[2024-04-12T21:16:01.214+0000] {processor.py:840} INFO - DAG(s) 'example_kubernetes_executor' retrieved from /home/airflow/.local/lib/python3.12/site-packages/airflow/example_dags/example_kubernetes_executor.py
[2024-04-12T21:16:01.283+0000] {logging_mixin.py:188} INFO - [2024-04-12T21:16:01.283+0000] {dag.py:3096} INFO - Sync 1 DAGs
[2024-04-12T21:16:01.316+0000] {logging_mixin.py:188} INFO - [2024-04-12T21:16:01.315+0000] {dag.py:3954} INFO - Setting next_dagrun for example_kubernetes_executor to None, run_after=None
[2024-04-12T21:16:01.363+0000] {processor.py:183} INFO - Processing /home/airflow/.local/lib/python3.12/site-packages/airflow/example_dags/example_kubernetes_executor.py took 0.196 seconds
[2024-04-12T21:16:31.517+0000] {processor.py:161} INFO - Started process (PID=251) to work on /home/airflow/.local/lib/python3.12/site-packages/airflow/example_dags/example_kubernetes_executor.py
[2024-04-12T21:16:31.518+0000] {processor.py:830} INFO - Processing file /home/airflow/.local/lib/python3.12/site-packages/airflow/example_dags/example_kubernetes_executor.py for tasks to queue
[2024-04-12T21:16:31.521+0000] {logging_mixin.py:188} INFO - [2024-04-12T21:16:31.520+0000] {dagbag.py:540} INFO - Filling up the DagBag from /home/airflow/.local/lib/python3.12/site-packages/airflow/example_dags/example_kubernetes_executor.py
[2024-04-12T21:16:31.536+0000] {processor.py:840} INFO - DAG(s) 'example_kubernetes_executor' retrieved from /home/airflow/.local/lib/python3.12/site-packages/airflow/example_dags/example_kubernetes_executor.py
[2024-04-12T21:16:31.584+0000] {logging_mixin.py:188} INFO - [2024-04-12T21:16:31.584+0000] {dag.py:3096} INFO - Sync 1 DAGs
[2024-04-12T21:16:31.603+0000] {logging_mixin.py:188} INFO - [2024-04-12T21:16:31.602+0000] {dag.py:3954} INFO - Setting next_dagrun for example_kubernetes_executor to None, run_after=None
[2024-04-12T21:16:31.650+0000] {processor.py:183} INFO - Processing /home/airflow/.local/lib/python3.12/site-packages/airflow/example_dags/example_kubernetes_executor.py took 0.141 seconds
[2024-04-12T21:17:01.974+0000] {processor.py:161} INFO - Started process (PID=308) to work on /home/airflow/.local/lib/python3.12/site-packages/airflow/example_dags/example_kubernetes_executor.py
[2024-04-12T21:17:01.975+0000] {processor.py:830} INFO - Processing file /home/airflow/.local/lib/python3.12/site-packages/airflow/example_dags/example_kubernetes_executor.py for tasks to queue
[2024-04-12T21:17:01.978+0000] {logging_mixin.py:188} INFO - [2024-04-12T21:17:01.977+0000] {dagbag.py:540} INFO - Filling up the DagBag from /home/airflow/.local/lib/python3.12/site-packages/airflow/example_dags/example_kubernetes_executor.py
[2024-04-12T21:17:01.998+0000] {processor.py:840} INFO - DAG(s) 'example_kubernetes_executor' retrieved from /home/airflow/.local/lib/python3.12/site-packages/airflow/example_dags/example_kubernetes_executor.py
[2024-04-12T21:17:02.048+0000] {logging_mixin.py:188} INFO - [2024-04-12T21:17:02.048+0000] {dag.py:3096} INFO - Sync 1 DAGs
[2024-04-12T21:17:02.066+0000] {logging_mixin.py:188} INFO - [2024-04-12T21:17:02.065+0000] {dag.py:3954} INFO - Setting next_dagrun for example_kubernetes_executor to None, run_after=None
[2024-04-12T21:17:02.146+0000] {processor.py:183} INFO - Processing /home/airflow/.local/lib/python3.12/site-packages/airflow/example_dags/example_kubernetes_executor.py took 0.179 seconds
[2024-04-12T21:17:32.692+0000] {processor.py:161} INFO - Started process (PID=364) to work on /home/airflow/.local/lib/python3.12/site-packages/airflow/example_dags/example_kubernetes_executor.py
[2024-04-12T21:17:32.694+0000] {processor.py:830} INFO - Processing file /home/airflow/.local/lib/python3.12/site-packages/airflow/example_dags/example_kubernetes_executor.py for tasks to queue
[2024-04-12T21:17:32.696+0000] {logging_mixin.py:188} INFO - [2024-04-12T21:17:32.696+0000] {dagbag.py:540} INFO - Filling up the DagBag from /home/airflow/.local/lib/python3.12/site-packages/airflow/example_dags/example_kubernetes_executor.py
[2024-04-12T21:17:32.710+0000] {processor.py:840} INFO - DAG(s) 'example_kubernetes_executor' retrieved from /home/airflow/.local/lib/python3.12/site-packages/airflow/example_dags/example_kubernetes_executor.py
[2024-04-12T21:17:32.752+0000] {logging_mixin.py:188} INFO - [2024-04-12T21:17:32.751+0000] {dag.py:3096} INFO - Sync 1 DAGs
[2024-04-12T21:17:32.767+0000] {logging_mixin.py:188} INFO - [2024-04-12T21:17:32.766+0000] {dag.py:3954} INFO - Setting next_dagrun for example_kubernetes_executor to None, run_after=None
[2024-04-12T21:17:32.807+0000] {processor.py:183} INFO - Processing /home/airflow/.local/lib/python3.12/site-packages/airflow/example_dags/example_kubernetes_executor.py took 0.120 seconds
[2024-04-12T21:18:03.105+0000] {processor.py:161} INFO - Started process (PID=422) to work on /home/airflow/.local/lib/python3.12/site-packages/airflow/example_dags/example_kubernetes_executor.py
[2024-04-12T21:18:03.106+0000] {processor.py:830} INFO - Processing file /home/airflow/.local/lib/python3.12/site-packages/airflow/example_dags/example_kubernetes_executor.py for tasks to queue
[2024-04-12T21:18:03.108+0000] {logging_mixin.py:188} INFO - [2024-04-12T21:18:03.108+0000] {dagbag.py:540} INFO - Filling up the DagBag from /home/airflow/.local/lib/python3.12/site-packages/airflow/example_dags/example_kubernetes_executor.py
[2024-04-12T21:18:03.124+0000] {processor.py:840} INFO - DAG(s) 'example_kubernetes_executor' retrieved from /home/airflow/.local/lib/python3.12/site-packages/airflow/example_dags/example_kubernetes_executor.py
[2024-04-12T21:18:03.183+0000] {logging_mixin.py:188} INFO - [2024-04-12T21:18:03.181+0000] {dag.py:3096} INFO - Sync 1 DAGs
[2024-04-12T21:18:03.205+0000] {logging_mixin.py:188} INFO - [2024-04-12T21:18:03.205+0000] {dag.py:3954} INFO - Setting next_dagrun for example_kubernetes_executor to None, run_after=None
[2024-04-12T21:18:03.239+0000] {processor.py:183} INFO - Processing /home/airflow/.local/lib/python3.12/site-packages/airflow/example_dags/example_kubernetes_executor.py took 0.141 seconds
[2024-04-12T21:18:33.559+0000] {processor.py:161} INFO - Started process (PID=481) to work on /home/airflow/.local/lib/python3.12/site-packages/airflow/example_dags/example_kubernetes_executor.py
[2024-04-12T21:18:33.561+0000] {processor.py:830} INFO - Processing file /home/airflow/.local/lib/python3.12/site-packages/airflow/example_dags/example_kubernetes_executor.py for tasks to queue
[2024-04-12T21:18:33.564+0000] {logging_mixin.py:188} INFO - [2024-04-12T21:18:33.563+0000] {dagbag.py:540} INFO - Filling up the DagBag from /home/airflow/.local/lib/python3.12/site-packages/airflow/example_dags/example_kubernetes_executor.py
[2024-04-12T21:18:33.584+0000] {processor.py:840} INFO - DAG(s) 'example_kubernetes_executor' retrieved from /home/airflow/.local/lib/python3.12/site-packages/airflow/example_dags/example_kubernetes_executor.py
[2024-04-12T21:18:33.630+0000] {logging_mixin.py:188} INFO - [2024-04-12T21:18:33.630+0000] {dag.py:3096} INFO - Sync 1 DAGs
[2024-04-12T21:18:33.646+0000] {logging_mixin.py:188} INFO - [2024-04-12T21:18:33.645+0000] {dag.py:3954} INFO - Setting next_dagrun for example_kubernetes_executor to None, run_after=None
[2024-04-12T21:18:33.673+0000] {processor.py:183} INFO - Processing /home/airflow/.local/lib/python3.12/site-packages/airflow/example_dags/example_kubernetes_executor.py took 0.122 seconds
[2024-04-12T21:19:04.241+0000] {processor.py:161} INFO - Started process (PID=539) to work on /home/airflow/.local/lib/python3.12/site-packages/airflow/example_dags/example_kubernetes_executor.py
[2024-04-12T21:19:04.243+0000] {processor.py:830} INFO - Processing file /home/airflow/.local/lib/python3.12/site-packages/airflow/example_dags/example_kubernetes_executor.py for tasks to queue
[2024-04-12T21:19:04.245+0000] {logging_mixin.py:188} INFO - [2024-04-12T21:19:04.244+0000] {dagbag.py:540} INFO - Filling up the DagBag from /home/airflow/.local/lib/python3.12/site-packages/airflow/example_dags/example_kubernetes_executor.py
[2024-04-12T21:19:04.258+0000] {processor.py:840} INFO - DAG(s) 'example_kubernetes_executor' retrieved from /home/airflow/.local/lib/python3.12/site-packages/airflow/example_dags/example_kubernetes_executor.py
[2024-04-12T21:19:04.299+0000] {logging_mixin.py:188} INFO - [2024-04-12T21:19:04.299+0000] {dag.py:3096} INFO - Sync 1 DAGs
[2024-04-12T21:19:04.313+0000] {logging_mixin.py:188} INFO - [2024-04-12T21:19:04.313+0000] {dag.py:3954} INFO - Setting next_dagrun for example_kubernetes_executor to None, run_after=None
[2024-04-12T21:19:04.344+0000] {processor.py:183} INFO - Processing /home/airflow/.local/lib/python3.12/site-packages/airflow/example_dags/example_kubernetes_executor.py took 0.109 seconds
[2024-04-12T21:19:34.457+0000] {processor.py:161} INFO - Started process (PID=598) to work on /home/airflow/.local/lib/python3.12/site-packages/airflow/example_dags/example_kubernetes_executor.py
[2024-04-12T21:19:34.458+0000] {processor.py:830} INFO - Processing file /home/airflow/.local/lib/python3.12/site-packages/airflow/example_dags/example_kubernetes_executor.py for tasks to queue
[2024-04-12T21:19:34.461+0000] {logging_mixin.py:188} INFO - [2024-04-12T21:19:34.460+0000] {dagbag.py:540} INFO - Filling up the DagBag from /home/airflow/.local/lib/python3.12/site-packages/airflow/example_dags/example_kubernetes_executor.py
[2024-04-12T21:19:34.476+0000] {processor.py:840} INFO - DAG(s) 'example_kubernetes_executor' retrieved from /home/airflow/.local/lib/python3.12/site-packages/airflow/example_dags/example_kubernetes_executor.py
[2024-04-12T21:19:34.521+0000] {logging_mixin.py:188} INFO - [2024-04-12T21:19:34.521+0000] {dag.py:3096} INFO - Sync 1 DAGs
[2024-04-12T21:19:34.536+0000] {logging_mixin.py:188} INFO - [2024-04-12T21:19:34.536+0000] {dag.py:3954} INFO - Setting next_dagrun for example_kubernetes_executor to None, run_after=None
[2024-04-12T21:19:34.565+0000] {processor.py:183} INFO - Processing /home/airflow/.local/lib/python3.12/site-packages/airflow/example_dags/example_kubernetes_executor.py took 0.115 seconds
[2024-04-12T21:20:05.032+0000] {processor.py:161} INFO - Started process (PID=656) to work on /home/airflow/.local/lib/python3.12/site-packages/airflow/example_dags/example_kubernetes_executor.py
[2024-04-12T21:20:05.033+0000] {processor.py:830} INFO - Processing file /home/airflow/.local/lib/python3.12/site-packages/airflow/example_dags/example_kubernetes_executor.py for tasks to queue
[2024-04-12T21:20:05.035+0000] {logging_mixin.py:188} INFO - [2024-04-12T21:20:05.035+0000] {dagbag.py:540} INFO - Filling up the DagBag from /home/airflow/.local/lib/python3.12/site-packages/airflow/example_dags/example_kubernetes_executor.py
[2024-04-12T21:20:05.048+0000] {processor.py:840} INFO - DAG(s) 'example_kubernetes_executor' retrieved from /home/airflow/.local/lib/python3.12/site-packages/airflow/example_dags/example_kubernetes_executor.py
[2024-04-12T21:20:05.087+0000] {logging_mixin.py:188} INFO - [2024-04-12T21:20:05.087+0000] {dag.py:3096} INFO - Sync 1 DAGs
[2024-04-12T21:20:05.102+0000] {logging_mixin.py:188} INFO - [2024-04-12T21:20:05.101+0000] {dag.py:3954} INFO - Setting next_dagrun for example_kubernetes_executor to None, run_after=None
[2024-04-12T21:20:05.123+0000] {processor.py:183} INFO - Processing /home/airflow/.local/lib/python3.12/site-packages/airflow/example_dags/example_kubernetes_executor.py took 0.097 seconds
[2024-04-12T21:20:35.290+0000] {processor.py:161} INFO - Started process (PID=714) to work on /home/airflow/.local/lib/python3.12/site-packages/airflow/example_dags/example_kubernetes_executor.py
[2024-04-12T21:20:35.291+0000] {processor.py:830} INFO - Processing file /home/airflow/.local/lib/python3.12/site-packages/airflow/example_dags/example_kubernetes_executor.py for tasks to queue
[2024-04-12T21:20:35.294+0000] {logging_mixin.py:188} INFO - [2024-04-12T21:20:35.293+0000] {dagbag.py:540} INFO - Filling up the DagBag from /home/airflow/.local/lib/python3.12/site-packages/airflow/example_dags/example_kubernetes_executor.py
[2024-04-12T21:20:35.308+0000] {processor.py:840} INFO - DAG(s) 'example_kubernetes_executor' retrieved from /home/airflow/.local/lib/python3.12/site-packages/airflow/example_dags/example_kubernetes_executor.py
[2024-04-12T21:20:35.351+0000] {logging_mixin.py:188} INFO - [2024-04-12T21:20:35.351+0000] {dag.py:3096} INFO - Sync 1 DAGs
[2024-04-12T21:20:35.367+0000] {logging_mixin.py:188} INFO - [2024-04-12T21:20:35.367+0000] {dag.py:3954} INFO - Setting next_dagrun for example_kubernetes_executor to None, run_after=None
[2024-04-12T21:20:35.400+0000] {processor.py:183} INFO - Processing /home/airflow/.local/lib/python3.12/site-packages/airflow/example_dags/example_kubernetes_executor.py took 0.116 seconds
[2024-04-12T21:21:05.846+0000] {processor.py:161} INFO - Started process (PID=773) to work on /home/airflow/.local/lib/python3.12/site-packages/airflow/example_dags/example_kubernetes_executor.py
[2024-04-12T21:21:05.848+0000] {processor.py:830} INFO - Processing file /home/airflow/.local/lib/python3.12/site-packages/airflow/example_dags/example_kubernetes_executor.py for tasks to queue
[2024-04-12T21:21:05.852+0000] {logging_mixin.py:188} INFO - [2024-04-12T21:21:05.851+0000] {dagbag.py:540} INFO - Filling up the DagBag from /home/airflow/.local/lib/python3.12/site-packages/airflow/example_dags/example_kubernetes_executor.py
[2024-04-12T21:21:05.904+0000] {processor.py:840} INFO - DAG(s) 'example_kubernetes_executor' retrieved from /home/airflow/.local/lib/python3.12/site-packages/airflow/example_dags/example_kubernetes_executor.py
[2024-04-12T21:21:06.034+0000] {logging_mixin.py:188} INFO - [2024-04-12T21:21:06.034+0000] {dag.py:3096} INFO - Sync 1 DAGs
[2024-04-12T21:21:06.098+0000] {logging_mixin.py:188} INFO - [2024-04-12T21:21:06.097+0000] {dag.py:3954} INFO - Setting next_dagrun for example_kubernetes_executor to None, run_after=None
[2024-04-12T21:21:06.164+0000] {processor.py:183} INFO - Processing /home/airflow/.local/lib/python3.12/site-packages/airflow/example_dags/example_kubernetes_executor.py took 0.327 seconds
[2024-04-12T21:21:36.311+0000] {processor.py:161} INFO - Started process (PID=831) to work on /home/airflow/.local/lib/python3.12/site-packages/airflow/example_dags/example_kubernetes_executor.py
[2024-04-12T21:21:36.312+0000] {processor.py:830} INFO - Processing file /home/airflow/.local/lib/python3.12/site-packages/airflow/example_dags/example_kubernetes_executor.py for tasks to queue
[2024-04-12T21:21:36.315+0000] {logging_mixin.py:188} INFO - [2024-04-12T21:21:36.314+0000] {dagbag.py:540} INFO - Filling up the DagBag from /home/airflow/.local/lib/python3.12/site-packages/airflow/example_dags/example_kubernetes_executor.py
[2024-04-12T21:21:36.330+0000] {processor.py:840} INFO - DAG(s) 'example_kubernetes_executor' retrieved from /home/airflow/.local/lib/python3.12/site-packages/airflow/example_dags/example_kubernetes_executor.py
[2024-04-12T21:21:36.378+0000] {logging_mixin.py:188} INFO - [2024-04-12T21:21:36.377+0000] {dag.py:3096} INFO - Sync 1 DAGs
[2024-04-12T21:21:36.393+0000] {logging_mixin.py:188} INFO - [2024-04-12T21:21:36.392+0000] {dag.py:3954} INFO - Setting next_dagrun for example_kubernetes_executor to None, run_after=None
[2024-04-12T21:21:36.415+0000] {processor.py:183} INFO - Processing /home/airflow/.local/lib/python3.12/site-packages/airflow/example_dags/example_kubernetes_executor.py took 0.110 seconds
[2024-04-12T21:22:06.983+0000] {processor.py:161} INFO - Started process (PID=889) to work on /home/airflow/.local/lib/python3.12/site-packages/airflow/example_dags/example_kubernetes_executor.py
[2024-04-12T21:22:06.984+0000] {processor.py:830} INFO - Processing file /home/airflow/.local/lib/python3.12/site-packages/airflow/example_dags/example_kubernetes_executor.py for tasks to queue
[2024-04-12T21:22:06.986+0000] {logging_mixin.py:188} INFO - [2024-04-12T21:22:06.986+0000] {dagbag.py:540} INFO - Filling up the DagBag from /home/airflow/.local/lib/python3.12/site-packages/airflow/example_dags/example_kubernetes_executor.py
[2024-04-12T21:22:07.004+0000] {processor.py:840} INFO - DAG(s) 'example_kubernetes_executor' retrieved from /home/airflow/.local/lib/python3.12/site-packages/airflow/example_dags/example_kubernetes_executor.py
[2024-04-12T21:22:07.066+0000] {logging_mixin.py:188} INFO - [2024-04-12T21:22:07.066+0000] {dag.py:3096} INFO - Sync 1 DAGs
[2024-04-12T21:22:07.097+0000] {logging_mixin.py:188} INFO - [2024-04-12T21:22:07.097+0000] {dag.py:3954} INFO - Setting next_dagrun for example_kubernetes_executor to None, run_after=None
[2024-04-12T21:22:07.125+0000] {processor.py:183} INFO - Processing /home/airflow/.local/lib/python3.12/site-packages/airflow/example_dags/example_kubernetes_executor.py took 0.148 seconds
[2024-04-12T21:22:37.949+0000] {processor.py:161} INFO - Started process (PID=947) to work on /home/airflow/.local/lib/python3.12/site-packages/airflow/example_dags/example_kubernetes_executor.py
[2024-04-12T21:22:37.950+0000] {processor.py:830} INFO - Processing file /home/airflow/.local/lib/python3.12/site-packages/airflow/example_dags/example_kubernetes_executor.py for tasks to queue
[2024-04-12T21:22:37.952+0000] {logging_mixin.py:188} INFO - [2024-04-12T21:22:37.952+0000] {dagbag.py:540} INFO - Filling up the DagBag from /home/airflow/.local/lib/python3.12/site-packages/airflow/example_dags/example_kubernetes_executor.py
[2024-04-12T21:22:37.968+0000] {processor.py:840} INFO - DAG(s) 'example_kubernetes_executor' retrieved from /home/airflow/.local/lib/python3.12/site-packages/airflow/example_dags/example_kubernetes_executor.py
[2024-04-12T21:22:38.015+0000] {logging_mixin.py:188} INFO - [2024-04-12T21:22:38.015+0000] {dag.py:3096} INFO - Sync 1 DAGs
[2024-04-12T21:22:38.035+0000] {logging_mixin.py:188} INFO - [2024-04-12T21:22:38.035+0000] {dag.py:3954} INFO - Setting next_dagrun for example_kubernetes_executor to None, run_after=None
[2024-04-12T21:22:38.062+0000] {processor.py:183} INFO - Processing /home/airflow/.local/lib/python3.12/site-packages/airflow/example_dags/example_kubernetes_executor.py took 0.120 seconds
[2024-04-12T21:23:08.188+0000] {processor.py:161} INFO - Started process (PID=1004) to work on /home/airflow/.local/lib/python3.12/site-packages/airflow/example_dags/example_kubernetes_executor.py
[2024-04-12T21:23:08.190+0000] {processor.py:830} INFO - Processing file /home/airflow/.local/lib/python3.12/site-packages/airflow/example_dags/example_kubernetes_executor.py for tasks to queue
[2024-04-12T21:23:08.192+0000] {logging_mixin.py:188} INFO - [2024-04-12T21:23:08.192+0000] {dagbag.py:540} INFO - Filling up the DagBag from /home/airflow/.local/lib/python3.12/site-packages/airflow/example_dags/example_kubernetes_executor.py
[2024-04-12T21:23:08.222+0000] {processor.py:840} INFO - DAG(s) 'example_kubernetes_executor' retrieved from /home/airflow/.local/lib/python3.12/site-packages/airflow/example_dags/example_kubernetes_executor.py
[2024-04-12T21:23:08.265+0000] {logging_mixin.py:188} INFO - [2024-04-12T21:23:08.265+0000] {dag.py:3096} INFO - Sync 1 DAGs
[2024-04-12T21:23:08.283+0000] {logging_mixin.py:188} INFO - [2024-04-12T21:23:08.283+0000] {dag.py:3954} INFO - Setting next_dagrun for example_kubernetes_executor to None, run_after=None
[2024-04-12T21:23:08.312+0000] {processor.py:183} INFO - Processing /home/airflow/.local/lib/python3.12/site-packages/airflow/example_dags/example_kubernetes_executor.py took 0.131 seconds
[2024-04-12T21:23:38.697+0000] {processor.py:161} INFO - Started process (PID=1063) to work on /home/airflow/.local/lib/python3.12/site-packages/airflow/example_dags/example_kubernetes_executor.py
[2024-04-12T21:23:38.698+0000] {processor.py:830} INFO - Processing file /home/airflow/.local/lib/python3.12/site-packages/airflow/example_dags/example_kubernetes_executor.py for tasks to queue
[2024-04-12T21:23:38.701+0000] {logging_mixin.py:188} INFO - [2024-04-12T21:23:38.700+0000] {dagbag.py:540} INFO - Filling up the DagBag from /home/airflow/.local/lib/python3.12/site-packages/airflow/example_dags/example_kubernetes_executor.py
[2024-04-12T21:23:38.720+0000] {processor.py:840} INFO - DAG(s) 'example_kubernetes_executor' retrieved from /home/airflow/.local/lib/python3.12/site-packages/airflow/example_dags/example_kubernetes_executor.py
[2024-04-12T21:23:38.794+0000] {logging_mixin.py:188} INFO - [2024-04-12T21:23:38.793+0000] {dag.py:3096} INFO - Sync 1 DAGs
[2024-04-12T21:23:38.824+0000] {logging_mixin.py:188} INFO - [2024-04-12T21:23:38.824+0000] {dag.py:3954} INFO - Setting next_dagrun for example_kubernetes_executor to None, run_after=None
[2024-04-12T21:23:38.857+0000] {processor.py:183} INFO - Processing /home/airflow/.local/lib/python3.12/site-packages/airflow/example_dags/example_kubernetes_executor.py took 0.167 seconds
[2024-04-12T21:28:02.187+0000] {processor.py:161} INFO - Started process (PID=49) to work on /home/airflow/.local/lib/python3.12/site-packages/airflow/example_dags/example_kubernetes_executor.py
[2024-04-12T21:28:02.189+0000] {processor.py:830} INFO - Processing file /home/airflow/.local/lib/python3.12/site-packages/airflow/example_dags/example_kubernetes_executor.py for tasks to queue
[2024-04-12T21:28:02.193+0000] {logging_mixin.py:188} INFO - [2024-04-12T21:28:02.192+0000] {dagbag.py:540} INFO - Filling up the DagBag from /home/airflow/.local/lib/python3.12/site-packages/airflow/example_dags/example_kubernetes_executor.py
[2024-04-12T21:28:02.222+0000] {processor.py:840} INFO - DAG(s) 'example_kubernetes_executor' retrieved from /home/airflow/.local/lib/python3.12/site-packages/airflow/example_dags/example_kubernetes_executor.py
[2024-04-12T21:28:02.614+0000] {logging_mixin.py:188} INFO - [2024-04-12T21:28:02.611+0000] {dag.py:3096} INFO - Sync 1 DAGs
[2024-04-12T21:28:02.638+0000] {logging_mixin.py:188} INFO - [2024-04-12T21:28:02.637+0000] {dag.py:3954} INFO - Setting next_dagrun for example_kubernetes_executor to None, run_after=None
[2024-04-12T21:28:02.680+0000] {processor.py:183} INFO - Processing /home/airflow/.local/lib/python3.12/site-packages/airflow/example_dags/example_kubernetes_executor.py took 0.504 seconds
[2024-04-12T21:28:33.458+0000] {processor.py:161} INFO - Started process (PID=107) to work on /home/airflow/.local/lib/python3.12/site-packages/airflow/example_dags/example_kubernetes_executor.py
[2024-04-12T21:28:33.459+0000] {processor.py:830} INFO - Processing file /home/airflow/.local/lib/python3.12/site-packages/airflow/example_dags/example_kubernetes_executor.py for tasks to queue
[2024-04-12T21:28:33.462+0000] {logging_mixin.py:188} INFO - [2024-04-12T21:28:33.462+0000] {dagbag.py:540} INFO - Filling up the DagBag from /home/airflow/.local/lib/python3.12/site-packages/airflow/example_dags/example_kubernetes_executor.py
[2024-04-12T21:28:33.487+0000] {processor.py:840} INFO - DAG(s) 'example_kubernetes_executor' retrieved from /home/airflow/.local/lib/python3.12/site-packages/airflow/example_dags/example_kubernetes_executor.py
[2024-04-12T21:28:33.551+0000] {logging_mixin.py:188} INFO - [2024-04-12T21:28:33.551+0000] {dag.py:3096} INFO - Sync 1 DAGs
[2024-04-12T21:28:33.582+0000] {logging_mixin.py:188} INFO - [2024-04-12T21:28:33.582+0000] {dag.py:3954} INFO - Setting next_dagrun for example_kubernetes_executor to None, run_after=None
[2024-04-12T21:28:33.617+0000] {processor.py:183} INFO - Processing /home/airflow/.local/lib/python3.12/site-packages/airflow/example_dags/example_kubernetes_executor.py took 0.175 seconds
[2024-04-12T21:29:03.828+0000] {processor.py:161} INFO - Started process (PID=166) to work on /home/airflow/.local/lib/python3.12/site-packages/airflow/example_dags/example_kubernetes_executor.py
[2024-04-12T21:29:03.829+0000] {processor.py:830} INFO - Processing file /home/airflow/.local/lib/python3.12/site-packages/airflow/example_dags/example_kubernetes_executor.py for tasks to queue
[2024-04-12T21:29:03.831+0000] {logging_mixin.py:188} INFO - [2024-04-12T21:29:03.831+0000] {dagbag.py:540} INFO - Filling up the DagBag from /home/airflow/.local/lib/python3.12/site-packages/airflow/example_dags/example_kubernetes_executor.py
[2024-04-12T21:29:03.846+0000] {processor.py:840} INFO - DAG(s) 'example_kubernetes_executor' retrieved from /home/airflow/.local/lib/python3.12/site-packages/airflow/example_dags/example_kubernetes_executor.py
[2024-04-12T21:29:03.896+0000] {logging_mixin.py:188} INFO - [2024-04-12T21:29:03.896+0000] {dag.py:3096} INFO - Sync 1 DAGs
[2024-04-12T21:29:03.918+0000] {logging_mixin.py:188} INFO - [2024-04-12T21:29:03.918+0000] {dag.py:3954} INFO - Setting next_dagrun for example_kubernetes_executor to None, run_after=None
[2024-04-12T21:29:03.944+0000] {processor.py:183} INFO - Processing /home/airflow/.local/lib/python3.12/site-packages/airflow/example_dags/example_kubernetes_executor.py took 0.125 seconds
[2024-04-12T21:29:34.359+0000] {processor.py:161} INFO - Started process (PID=224) to work on /home/airflow/.local/lib/python3.12/site-packages/airflow/example_dags/example_kubernetes_executor.py
[2024-04-12T21:29:34.361+0000] {processor.py:830} INFO - Processing file /home/airflow/.local/lib/python3.12/site-packages/airflow/example_dags/example_kubernetes_executor.py for tasks to queue
[2024-04-12T21:29:34.366+0000] {logging_mixin.py:188} INFO - [2024-04-12T21:29:34.365+0000] {dagbag.py:540} INFO - Filling up the DagBag from /home/airflow/.local/lib/python3.12/site-packages/airflow/example_dags/example_kubernetes_executor.py
[2024-04-12T21:29:34.393+0000] {processor.py:840} INFO - DAG(s) 'example_kubernetes_executor' retrieved from /home/airflow/.local/lib/python3.12/site-packages/airflow/example_dags/example_kubernetes_executor.py
[2024-04-12T21:29:34.500+0000] {logging_mixin.py:188} INFO - [2024-04-12T21:29:34.500+0000] {dag.py:3096} INFO - Sync 1 DAGs
[2024-04-12T21:29:34.536+0000] {logging_mixin.py:188} INFO - [2024-04-12T21:29:34.535+0000] {dag.py:3954} INFO - Setting next_dagrun for example_kubernetes_executor to None, run_after=None
[2024-04-12T21:29:34.577+0000] {processor.py:183} INFO - Processing /home/airflow/.local/lib/python3.12/site-packages/airflow/example_dags/example_kubernetes_executor.py took 0.231 seconds
[2024-04-12T21:57:22.361+0000] {processor.py:161} INFO - Started process (PID=43) to work on /home/airflow/.local/lib/python3.12/site-packages/airflow/example_dags/example_kubernetes_executor.py
[2024-04-12T21:57:22.363+0000] {processor.py:830} INFO - Processing file /home/airflow/.local/lib/python3.12/site-packages/airflow/example_dags/example_kubernetes_executor.py for tasks to queue
[2024-04-12T21:57:22.366+0000] {logging_mixin.py:188} INFO - [2024-04-12T21:57:22.365+0000] {dagbag.py:540} INFO - Filling up the DagBag from /home/airflow/.local/lib/python3.12/site-packages/airflow/example_dags/example_kubernetes_executor.py
[2024-04-12T21:57:22.388+0000] {processor.py:840} INFO - DAG(s) 'example_kubernetes_executor' retrieved from /home/airflow/.local/lib/python3.12/site-packages/airflow/example_dags/example_kubernetes_executor.py
[2024-04-12T21:57:22.566+0000] {logging_mixin.py:188} INFO - [2024-04-12T21:57:22.566+0000] {dag.py:3096} INFO - Sync 1 DAGs
[2024-04-12T21:57:22.580+0000] {logging_mixin.py:188} INFO - [2024-04-12T21:57:22.580+0000] {dag.py:3954} INFO - Setting next_dagrun for example_kubernetes_executor to None, run_after=None
[2024-04-12T21:57:22.606+0000] {processor.py:183} INFO - Processing /home/airflow/.local/lib/python3.12/site-packages/airflow/example_dags/example_kubernetes_executor.py took 0.253 seconds
[2024-04-12T21:57:53.486+0000] {processor.py:161} INFO - Started process (PID=102) to work on /home/airflow/.local/lib/python3.12/site-packages/airflow/example_dags/example_kubernetes_executor.py
[2024-04-12T21:57:53.488+0000] {processor.py:830} INFO - Processing file /home/airflow/.local/lib/python3.12/site-packages/airflow/example_dags/example_kubernetes_executor.py for tasks to queue
[2024-04-12T21:57:53.491+0000] {logging_mixin.py:188} INFO - [2024-04-12T21:57:53.491+0000] {dagbag.py:540} INFO - Filling up the DagBag from /home/airflow/.local/lib/python3.12/site-packages/airflow/example_dags/example_kubernetes_executor.py
[2024-04-12T21:57:53.531+0000] {processor.py:840} INFO - DAG(s) 'example_kubernetes_executor' retrieved from /home/airflow/.local/lib/python3.12/site-packages/airflow/example_dags/example_kubernetes_executor.py
[2024-04-12T21:57:53.620+0000] {logging_mixin.py:188} INFO - [2024-04-12T21:57:53.618+0000] {dag.py:3096} INFO - Sync 1 DAGs
[2024-04-12T21:57:53.644+0000] {logging_mixin.py:188} INFO - [2024-04-12T21:57:53.643+0000] {dag.py:3954} INFO - Setting next_dagrun for example_kubernetes_executor to None, run_after=None
[2024-04-12T21:57:53.690+0000] {processor.py:183} INFO - Processing /home/airflow/.local/lib/python3.12/site-packages/airflow/example_dags/example_kubernetes_executor.py took 0.219 seconds
[2024-04-12T21:58:23.763+0000] {processor.py:161} INFO - Started process (PID=161) to work on /home/airflow/.local/lib/python3.12/site-packages/airflow/example_dags/example_kubernetes_executor.py
[2024-04-12T21:58:23.764+0000] {processor.py:830} INFO - Processing file /home/airflow/.local/lib/python3.12/site-packages/airflow/example_dags/example_kubernetes_executor.py for tasks to queue
[2024-04-12T21:58:23.767+0000] {logging_mixin.py:188} INFO - [2024-04-12T21:58:23.766+0000] {dagbag.py:540} INFO - Filling up the DagBag from /home/airflow/.local/lib/python3.12/site-packages/airflow/example_dags/example_kubernetes_executor.py
[2024-04-12T21:58:23.783+0000] {processor.py:840} INFO - DAG(s) 'example_kubernetes_executor' retrieved from /home/airflow/.local/lib/python3.12/site-packages/airflow/example_dags/example_kubernetes_executor.py
[2024-04-12T21:58:23.824+0000] {logging_mixin.py:188} INFO - [2024-04-12T21:58:23.823+0000] {dag.py:3096} INFO - Sync 1 DAGs
[2024-04-12T21:58:23.838+0000] {logging_mixin.py:188} INFO - [2024-04-12T21:58:23.837+0000] {dag.py:3954} INFO - Setting next_dagrun for example_kubernetes_executor to None, run_after=None
[2024-04-12T21:58:23.860+0000] {processor.py:183} INFO - Processing /home/airflow/.local/lib/python3.12/site-packages/airflow/example_dags/example_kubernetes_executor.py took 0.105 seconds
[2024-04-12T21:58:54.509+0000] {processor.py:161} INFO - Started process (PID=220) to work on /home/airflow/.local/lib/python3.12/site-packages/airflow/example_dags/example_kubernetes_executor.py
[2024-04-12T21:58:54.511+0000] {processor.py:830} INFO - Processing file /home/airflow/.local/lib/python3.12/site-packages/airflow/example_dags/example_kubernetes_executor.py for tasks to queue
[2024-04-12T21:58:54.514+0000] {logging_mixin.py:188} INFO - [2024-04-12T21:58:54.513+0000] {dagbag.py:540} INFO - Filling up the DagBag from /home/airflow/.local/lib/python3.12/site-packages/airflow/example_dags/example_kubernetes_executor.py
[2024-04-12T21:58:54.537+0000] {processor.py:840} INFO - DAG(s) 'example_kubernetes_executor' retrieved from /home/airflow/.local/lib/python3.12/site-packages/airflow/example_dags/example_kubernetes_executor.py
[2024-04-12T21:58:54.587+0000] {logging_mixin.py:188} INFO - [2024-04-12T21:58:54.587+0000] {dag.py:3096} INFO - Sync 1 DAGs
[2024-04-12T21:58:54.603+0000] {logging_mixin.py:188} INFO - [2024-04-12T21:58:54.603+0000] {dag.py:3954} INFO - Setting next_dagrun for example_kubernetes_executor to None, run_after=None
[2024-04-12T21:58:54.627+0000] {processor.py:183} INFO - Processing /home/airflow/.local/lib/python3.12/site-packages/airflow/example_dags/example_kubernetes_executor.py took 0.124 seconds
[2024-04-12T21:59:25.633+0000] {processor.py:161} INFO - Started process (PID=279) to work on /home/airflow/.local/lib/python3.12/site-packages/airflow/example_dags/example_kubernetes_executor.py
[2024-04-12T21:59:25.634+0000] {processor.py:830} INFO - Processing file /home/airflow/.local/lib/python3.12/site-packages/airflow/example_dags/example_kubernetes_executor.py for tasks to queue
[2024-04-12T21:59:25.637+0000] {logging_mixin.py:188} INFO - [2024-04-12T21:59:25.636+0000] {dagbag.py:540} INFO - Filling up the DagBag from /home/airflow/.local/lib/python3.12/site-packages/airflow/example_dags/example_kubernetes_executor.py
[2024-04-12T21:59:25.653+0000] {processor.py:840} INFO - DAG(s) 'example_kubernetes_executor' retrieved from /home/airflow/.local/lib/python3.12/site-packages/airflow/example_dags/example_kubernetes_executor.py
[2024-04-12T21:59:25.697+0000] {logging_mixin.py:188} INFO - [2024-04-12T21:59:25.697+0000] {dag.py:3096} INFO - Sync 1 DAGs
[2024-04-12T21:59:25.714+0000] {logging_mixin.py:188} INFO - [2024-04-12T21:59:25.714+0000] {dag.py:3954} INFO - Setting next_dagrun for example_kubernetes_executor to None, run_after=None
[2024-04-12T21:59:25.741+0000] {processor.py:183} INFO - Processing /home/airflow/.local/lib/python3.12/site-packages/airflow/example_dags/example_kubernetes_executor.py took 0.117 seconds
[2024-04-12T21:59:55.895+0000] {processor.py:161} INFO - Started process (PID=338) to work on /home/airflow/.local/lib/python3.12/site-packages/airflow/example_dags/example_kubernetes_executor.py
[2024-04-12T21:59:55.896+0000] {processor.py:830} INFO - Processing file /home/airflow/.local/lib/python3.12/site-packages/airflow/example_dags/example_kubernetes_executor.py for tasks to queue
[2024-04-12T21:59:55.899+0000] {logging_mixin.py:188} INFO - [2024-04-12T21:59:55.898+0000] {dagbag.py:540} INFO - Filling up the DagBag from /home/airflow/.local/lib/python3.12/site-packages/airflow/example_dags/example_kubernetes_executor.py
[2024-04-12T21:59:55.914+0000] {processor.py:840} INFO - DAG(s) 'example_kubernetes_executor' retrieved from /home/airflow/.local/lib/python3.12/site-packages/airflow/example_dags/example_kubernetes_executor.py
[2024-04-12T21:59:55.958+0000] {logging_mixin.py:188} INFO - [2024-04-12T21:59:55.958+0000] {dag.py:3096} INFO - Sync 1 DAGs
[2024-04-12T21:59:55.973+0000] {logging_mixin.py:188} INFO - [2024-04-12T21:59:55.973+0000] {dag.py:3954} INFO - Setting next_dagrun for example_kubernetes_executor to None, run_after=None
[2024-04-12T21:59:55.997+0000] {processor.py:183} INFO - Processing /home/airflow/.local/lib/python3.12/site-packages/airflow/example_dags/example_kubernetes_executor.py took 0.109 seconds
[2024-04-12T22:00:26.273+0000] {processor.py:161} INFO - Started process (PID=397) to work on /home/airflow/.local/lib/python3.12/site-packages/airflow/example_dags/example_kubernetes_executor.py
[2024-04-12T22:00:26.275+0000] {processor.py:830} INFO - Processing file /home/airflow/.local/lib/python3.12/site-packages/airflow/example_dags/example_kubernetes_executor.py for tasks to queue
[2024-04-12T22:00:26.278+0000] {logging_mixin.py:188} INFO - [2024-04-12T22:00:26.278+0000] {dagbag.py:540} INFO - Filling up the DagBag from /home/airflow/.local/lib/python3.12/site-packages/airflow/example_dags/example_kubernetes_executor.py
[2024-04-12T22:00:26.297+0000] {processor.py:840} INFO - DAG(s) 'example_kubernetes_executor' retrieved from /home/airflow/.local/lib/python3.12/site-packages/airflow/example_dags/example_kubernetes_executor.py
[2024-04-12T22:00:26.337+0000] {logging_mixin.py:188} INFO - [2024-04-12T22:00:26.337+0000] {dag.py:3096} INFO - Sync 1 DAGs
[2024-04-12T22:00:26.352+0000] {logging_mixin.py:188} INFO - [2024-04-12T22:00:26.351+0000] {dag.py:3954} INFO - Setting next_dagrun for example_kubernetes_executor to None, run_after=None
[2024-04-12T22:00:26.375+0000] {processor.py:183} INFO - Processing /home/airflow/.local/lib/python3.12/site-packages/airflow/example_dags/example_kubernetes_executor.py took 0.112 seconds
[2024-04-12T22:00:57.609+0000] {processor.py:161} INFO - Started process (PID=461) to work on /home/airflow/.local/lib/python3.12/site-packages/airflow/example_dags/example_kubernetes_executor.py
[2024-04-12T22:00:57.611+0000] {processor.py:830} INFO - Processing file /home/airflow/.local/lib/python3.12/site-packages/airflow/example_dags/example_kubernetes_executor.py for tasks to queue
[2024-04-12T22:00:57.613+0000] {logging_mixin.py:188} INFO - [2024-04-12T22:00:57.613+0000] {dagbag.py:540} INFO - Filling up the DagBag from /home/airflow/.local/lib/python3.12/site-packages/airflow/example_dags/example_kubernetes_executor.py
[2024-04-12T22:00:57.628+0000] {processor.py:840} INFO - DAG(s) 'example_kubernetes_executor' retrieved from /home/airflow/.local/lib/python3.12/site-packages/airflow/example_dags/example_kubernetes_executor.py
[2024-04-12T22:00:57.676+0000] {logging_mixin.py:188} INFO - [2024-04-12T22:00:57.676+0000] {dag.py:3096} INFO - Sync 1 DAGs
[2024-04-12T22:00:57.691+0000] {logging_mixin.py:188} INFO - [2024-04-12T22:00:57.691+0000] {dag.py:3954} INFO - Setting next_dagrun for example_kubernetes_executor to None, run_after=None
[2024-04-12T22:00:57.716+0000] {processor.py:183} INFO - Processing /home/airflow/.local/lib/python3.12/site-packages/airflow/example_dags/example_kubernetes_executor.py took 0.113 seconds
[2024-04-12T22:01:28.116+0000] {processor.py:161} INFO - Started process (PID=520) to work on /home/airflow/.local/lib/python3.12/site-packages/airflow/example_dags/example_kubernetes_executor.py
[2024-04-12T22:01:28.118+0000] {processor.py:830} INFO - Processing file /home/airflow/.local/lib/python3.12/site-packages/airflow/example_dags/example_kubernetes_executor.py for tasks to queue
[2024-04-12T22:01:28.120+0000] {logging_mixin.py:188} INFO - [2024-04-12T22:01:28.120+0000] {dagbag.py:540} INFO - Filling up the DagBag from /home/airflow/.local/lib/python3.12/site-packages/airflow/example_dags/example_kubernetes_executor.py
[2024-04-12T22:01:28.135+0000] {processor.py:840} INFO - DAG(s) 'example_kubernetes_executor' retrieved from /home/airflow/.local/lib/python3.12/site-packages/airflow/example_dags/example_kubernetes_executor.py
[2024-04-12T22:01:28.191+0000] {logging_mixin.py:188} INFO - [2024-04-12T22:01:28.190+0000] {dag.py:3096} INFO - Sync 1 DAGs
[2024-04-12T22:01:28.213+0000] {logging_mixin.py:188} INFO - [2024-04-12T22:01:28.213+0000] {dag.py:3954} INFO - Setting next_dagrun for example_kubernetes_executor to None, run_after=None
[2024-04-12T22:01:28.237+0000] {processor.py:183} INFO - Processing /home/airflow/.local/lib/python3.12/site-packages/airflow/example_dags/example_kubernetes_executor.py took 0.129 seconds
[2024-04-12T22:01:59.063+0000] {processor.py:161} INFO - Started process (PID=579) to work on /home/airflow/.local/lib/python3.12/site-packages/airflow/example_dags/example_kubernetes_executor.py
[2024-04-12T22:01:59.064+0000] {processor.py:830} INFO - Processing file /home/airflow/.local/lib/python3.12/site-packages/airflow/example_dags/example_kubernetes_executor.py for tasks to queue
[2024-04-12T22:01:59.067+0000] {logging_mixin.py:188} INFO - [2024-04-12T22:01:59.066+0000] {dagbag.py:540} INFO - Filling up the DagBag from /home/airflow/.local/lib/python3.12/site-packages/airflow/example_dags/example_kubernetes_executor.py
[2024-04-12T22:01:59.085+0000] {processor.py:840} INFO - DAG(s) 'example_kubernetes_executor' retrieved from /home/airflow/.local/lib/python3.12/site-packages/airflow/example_dags/example_kubernetes_executor.py
[2024-04-12T22:01:59.152+0000] {logging_mixin.py:188} INFO - [2024-04-12T22:01:59.152+0000] {dag.py:3096} INFO - Sync 1 DAGs
[2024-04-12T22:01:59.172+0000] {logging_mixin.py:188} INFO - [2024-04-12T22:01:59.172+0000] {dag.py:3954} INFO - Setting next_dagrun for example_kubernetes_executor to None, run_after=None
[2024-04-12T22:01:59.252+0000] {processor.py:183} INFO - Processing /home/airflow/.local/lib/python3.12/site-packages/airflow/example_dags/example_kubernetes_executor.py took 0.199 seconds
[2024-04-12T22:02:29.355+0000] {processor.py:161} INFO - Started process (PID=638) to work on /home/airflow/.local/lib/python3.12/site-packages/airflow/example_dags/example_kubernetes_executor.py
[2024-04-12T22:02:29.357+0000] {processor.py:830} INFO - Processing file /home/airflow/.local/lib/python3.12/site-packages/airflow/example_dags/example_kubernetes_executor.py for tasks to queue
[2024-04-12T22:02:29.363+0000] {logging_mixin.py:188} INFO - [2024-04-12T22:02:29.362+0000] {dagbag.py:540} INFO - Filling up the DagBag from /home/airflow/.local/lib/python3.12/site-packages/airflow/example_dags/example_kubernetes_executor.py
[2024-04-12T22:02:29.389+0000] {processor.py:840} INFO - DAG(s) 'example_kubernetes_executor' retrieved from /home/airflow/.local/lib/python3.12/site-packages/airflow/example_dags/example_kubernetes_executor.py
[2024-04-12T22:02:29.441+0000] {logging_mixin.py:188} INFO - [2024-04-12T22:02:29.441+0000] {dag.py:3096} INFO - Sync 1 DAGs
[2024-04-12T22:02:29.460+0000] {logging_mixin.py:188} INFO - [2024-04-12T22:02:29.460+0000] {dag.py:3954} INFO - Setting next_dagrun for example_kubernetes_executor to None, run_after=None
[2024-04-12T22:02:29.482+0000] {processor.py:183} INFO - Processing /home/airflow/.local/lib/python3.12/site-packages/airflow/example_dags/example_kubernetes_executor.py took 0.136 seconds
[2024-04-12T22:02:59.632+0000] {processor.py:161} INFO - Started process (PID=697) to work on /home/airflow/.local/lib/python3.12/site-packages/airflow/example_dags/example_kubernetes_executor.py
[2024-04-12T22:02:59.633+0000] {processor.py:830} INFO - Processing file /home/airflow/.local/lib/python3.12/site-packages/airflow/example_dags/example_kubernetes_executor.py for tasks to queue
[2024-04-12T22:02:59.636+0000] {logging_mixin.py:188} INFO - [2024-04-12T22:02:59.636+0000] {dagbag.py:540} INFO - Filling up the DagBag from /home/airflow/.local/lib/python3.12/site-packages/airflow/example_dags/example_kubernetes_executor.py
[2024-04-12T22:02:59.649+0000] {processor.py:840} INFO - DAG(s) 'example_kubernetes_executor' retrieved from /home/airflow/.local/lib/python3.12/site-packages/airflow/example_dags/example_kubernetes_executor.py
[2024-04-12T22:02:59.701+0000] {logging_mixin.py:188} INFO - [2024-04-12T22:02:59.700+0000] {dag.py:3096} INFO - Sync 1 DAGs
[2024-04-12T22:02:59.720+0000] {logging_mixin.py:188} INFO - [2024-04-12T22:02:59.720+0000] {dag.py:3954} INFO - Setting next_dagrun for example_kubernetes_executor to None, run_after=None
[2024-04-12T22:02:59.746+0000] {processor.py:183} INFO - Processing /home/airflow/.local/lib/python3.12/site-packages/airflow/example_dags/example_kubernetes_executor.py took 0.122 seconds
[2024-04-12T22:03:29.901+0000] {processor.py:161} INFO - Started process (PID=756) to work on /home/airflow/.local/lib/python3.12/site-packages/airflow/example_dags/example_kubernetes_executor.py
[2024-04-12T22:03:29.902+0000] {processor.py:830} INFO - Processing file /home/airflow/.local/lib/python3.12/site-packages/airflow/example_dags/example_kubernetes_executor.py for tasks to queue
[2024-04-12T22:03:29.904+0000] {logging_mixin.py:188} INFO - [2024-04-12T22:03:29.904+0000] {dagbag.py:540} INFO - Filling up the DagBag from /home/airflow/.local/lib/python3.12/site-packages/airflow/example_dags/example_kubernetes_executor.py
[2024-04-12T22:03:29.926+0000] {processor.py:840} INFO - DAG(s) 'example_kubernetes_executor' retrieved from /home/airflow/.local/lib/python3.12/site-packages/airflow/example_dags/example_kubernetes_executor.py
[2024-04-12T22:03:29.972+0000] {logging_mixin.py:188} INFO - [2024-04-12T22:03:29.971+0000] {dag.py:3096} INFO - Sync 1 DAGs
[2024-04-12T22:03:29.990+0000] {logging_mixin.py:188} INFO - [2024-04-12T22:03:29.989+0000] {dag.py:3954} INFO - Setting next_dagrun for example_kubernetes_executor to None, run_after=None
[2024-04-12T22:03:30.013+0000] {processor.py:183} INFO - Processing /home/airflow/.local/lib/python3.12/site-packages/airflow/example_dags/example_kubernetes_executor.py took 0.120 seconds
[2024-04-12T22:04:00.476+0000] {processor.py:161} INFO - Started process (PID=816) to work on /home/airflow/.local/lib/python3.12/site-packages/airflow/example_dags/example_kubernetes_executor.py
[2024-04-12T22:04:00.479+0000] {processor.py:830} INFO - Processing file /home/airflow/.local/lib/python3.12/site-packages/airflow/example_dags/example_kubernetes_executor.py for tasks to queue
[2024-04-12T22:04:00.487+0000] {logging_mixin.py:188} INFO - [2024-04-12T22:04:00.486+0000] {dagbag.py:540} INFO - Filling up the DagBag from /home/airflow/.local/lib/python3.12/site-packages/airflow/example_dags/example_kubernetes_executor.py
[2024-04-12T22:04:00.516+0000] {processor.py:840} INFO - DAG(s) 'example_kubernetes_executor' retrieved from /home/airflow/.local/lib/python3.12/site-packages/airflow/example_dags/example_kubernetes_executor.py
[2024-04-12T22:04:00.573+0000] {logging_mixin.py:188} INFO - [2024-04-12T22:04:00.573+0000] {dag.py:3096} INFO - Sync 1 DAGs
[2024-04-12T22:04:00.588+0000] {logging_mixin.py:188} INFO - [2024-04-12T22:04:00.588+0000] {dag.py:3954} INFO - Setting next_dagrun for example_kubernetes_executor to None, run_after=None
[2024-04-12T22:04:00.617+0000] {processor.py:183} INFO - Processing /home/airflow/.local/lib/python3.12/site-packages/airflow/example_dags/example_kubernetes_executor.py took 0.149 seconds
[2024-04-12T22:04:31.361+0000] {processor.py:161} INFO - Started process (PID=875) to work on /home/airflow/.local/lib/python3.12/site-packages/airflow/example_dags/example_kubernetes_executor.py
[2024-04-12T22:04:31.363+0000] {processor.py:830} INFO - Processing file /home/airflow/.local/lib/python3.12/site-packages/airflow/example_dags/example_kubernetes_executor.py for tasks to queue
[2024-04-12T22:04:31.366+0000] {logging_mixin.py:188} INFO - [2024-04-12T22:04:31.366+0000] {dagbag.py:540} INFO - Filling up the DagBag from /home/airflow/.local/lib/python3.12/site-packages/airflow/example_dags/example_kubernetes_executor.py
[2024-04-12T22:04:31.381+0000] {processor.py:840} INFO - DAG(s) 'example_kubernetes_executor' retrieved from /home/airflow/.local/lib/python3.12/site-packages/airflow/example_dags/example_kubernetes_executor.py
[2024-04-12T22:04:31.441+0000] {logging_mixin.py:188} INFO - [2024-04-12T22:04:31.440+0000] {dag.py:3096} INFO - Sync 1 DAGs
[2024-04-12T22:04:31.486+0000] {logging_mixin.py:188} INFO - [2024-04-12T22:04:31.486+0000] {dag.py:3954} INFO - Setting next_dagrun for example_kubernetes_executor to None, run_after=None
[2024-04-12T22:04:31.673+0000] {processor.py:183} INFO - Processing /home/airflow/.local/lib/python3.12/site-packages/airflow/example_dags/example_kubernetes_executor.py took 0.321 seconds
[2024-04-12T22:05:01.798+0000] {processor.py:161} INFO - Started process (PID=934) to work on /home/airflow/.local/lib/python3.12/site-packages/airflow/example_dags/example_kubernetes_executor.py
[2024-04-12T22:05:01.799+0000] {processor.py:830} INFO - Processing file /home/airflow/.local/lib/python3.12/site-packages/airflow/example_dags/example_kubernetes_executor.py for tasks to queue
[2024-04-12T22:05:01.801+0000] {logging_mixin.py:188} INFO - [2024-04-12T22:05:01.801+0000] {dagbag.py:540} INFO - Filling up the DagBag from /home/airflow/.local/lib/python3.12/site-packages/airflow/example_dags/example_kubernetes_executor.py
[2024-04-12T22:05:01.816+0000] {processor.py:840} INFO - DAG(s) 'example_kubernetes_executor' retrieved from /home/airflow/.local/lib/python3.12/site-packages/airflow/example_dags/example_kubernetes_executor.py
[2024-04-12T22:05:01.861+0000] {logging_mixin.py:188} INFO - [2024-04-12T22:05:01.861+0000] {dag.py:3096} INFO - Sync 1 DAGs
[2024-04-12T22:05:01.876+0000] {logging_mixin.py:188} INFO - [2024-04-12T22:05:01.875+0000] {dag.py:3954} INFO - Setting next_dagrun for example_kubernetes_executor to None, run_after=None
[2024-04-12T22:05:01.900+0000] {processor.py:183} INFO - Processing /home/airflow/.local/lib/python3.12/site-packages/airflow/example_dags/example_kubernetes_executor.py took 0.108 seconds
[2024-04-12T22:05:32.026+0000] {processor.py:161} INFO - Started process (PID=993) to work on /home/airflow/.local/lib/python3.12/site-packages/airflow/example_dags/example_kubernetes_executor.py
[2024-04-12T22:05:32.027+0000] {processor.py:830} INFO - Processing file /home/airflow/.local/lib/python3.12/site-packages/airflow/example_dags/example_kubernetes_executor.py for tasks to queue
[2024-04-12T22:05:32.029+0000] {logging_mixin.py:188} INFO - [2024-04-12T22:05:32.029+0000] {dagbag.py:540} INFO - Filling up the DagBag from /home/airflow/.local/lib/python3.12/site-packages/airflow/example_dags/example_kubernetes_executor.py
[2024-04-12T22:05:32.044+0000] {processor.py:840} INFO - DAG(s) 'example_kubernetes_executor' retrieved from /home/airflow/.local/lib/python3.12/site-packages/airflow/example_dags/example_kubernetes_executor.py
[2024-04-12T22:05:32.085+0000] {logging_mixin.py:188} INFO - [2024-04-12T22:05:32.085+0000] {dag.py:3096} INFO - Sync 1 DAGs
[2024-04-12T22:05:32.099+0000] {logging_mixin.py:188} INFO - [2024-04-12T22:05:32.099+0000] {dag.py:3954} INFO - Setting next_dagrun for example_kubernetes_executor to None, run_after=None
[2024-04-12T22:05:32.126+0000] {processor.py:183} INFO - Processing /home/airflow/.local/lib/python3.12/site-packages/airflow/example_dags/example_kubernetes_executor.py took 0.108 seconds
