[2024-04-12T21:14:28.371+0000] {processor.py:161} INFO - Started process (PID=60) to work on /home/airflow/.local/lib/python3.12/site-packages/airflow/example_dags/example_external_task_marker_dag.py
[2024-04-12T21:14:28.373+0000] {processor.py:830} INFO - Processing file /home/airflow/.local/lib/python3.12/site-packages/airflow/example_dags/example_external_task_marker_dag.py for tasks to queue
[2024-04-12T21:14:28.395+0000] {logging_mixin.py:188} INFO - [2024-04-12T21:14:28.392+0000] {dagbag.py:540} INFO - Filling up the DagBag from /home/airflow/.local/lib/python3.12/site-packages/airflow/example_dags/example_external_task_marker_dag.py
[2024-04-12T21:14:28.604+0000] {processor.py:840} INFO - DAG(s) 'example_external_task_marker_child', 'example_external_task_marker_parent' retrieved from /home/airflow/.local/lib/python3.12/site-packages/airflow/example_dags/example_external_task_marker_dag.py
[2024-04-12T21:14:29.820+0000] {logging_mixin.py:188} INFO - [2024-04-12T21:14:29.820+0000] {dag.py:3096} INFO - Sync 2 DAGs
[2024-04-12T21:14:29.924+0000] {logging_mixin.py:188} INFO - [2024-04-12T21:14:29.923+0000] {dag.py:3954} INFO - Setting next_dagrun for example_external_task_marker_child to None, run_after=None
[2024-04-12T21:14:29.966+0000] {logging_mixin.py:188} INFO - [2024-04-12T21:14:29.963+0000] {dag.py:3954} INFO - Setting next_dagrun for example_external_task_marker_parent to None, run_after=None
[2024-04-12T21:14:30.141+0000] {processor.py:183} INFO - Processing /home/airflow/.local/lib/python3.12/site-packages/airflow/example_dags/example_external_task_marker_dag.py took 1.860 seconds
[2024-04-12T21:15:25.457+0000] {processor.py:161} INFO - Started process (PID=125) to work on /home/airflow/.local/lib/python3.12/site-packages/airflow/example_dags/example_external_task_marker_dag.py
[2024-04-12T21:15:25.459+0000] {processor.py:830} INFO - Processing file /home/airflow/.local/lib/python3.12/site-packages/airflow/example_dags/example_external_task_marker_dag.py for tasks to queue
[2024-04-12T21:15:25.466+0000] {logging_mixin.py:188} INFO - [2024-04-12T21:15:25.464+0000] {dagbag.py:540} INFO - Filling up the DagBag from /home/airflow/.local/lib/python3.12/site-packages/airflow/example_dags/example_external_task_marker_dag.py
[2024-04-12T21:15:25.490+0000] {processor.py:840} INFO - DAG(s) 'example_external_task_marker_child', 'example_external_task_marker_parent' retrieved from /home/airflow/.local/lib/python3.12/site-packages/airflow/example_dags/example_external_task_marker_dag.py
[2024-04-12T21:15:25.588+0000] {logging_mixin.py:188} INFO - [2024-04-12T21:15:25.585+0000] {dag.py:3096} INFO - Sync 2 DAGs
[2024-04-12T21:15:25.680+0000] {logging_mixin.py:188} INFO - [2024-04-12T21:15:25.680+0000] {dag.py:3954} INFO - Setting next_dagrun for example_external_task_marker_child to None, run_after=None
[2024-04-12T21:15:25.706+0000] {logging_mixin.py:188} INFO - [2024-04-12T21:15:25.705+0000] {dag.py:3954} INFO - Setting next_dagrun for example_external_task_marker_parent to None, run_after=None
[2024-04-12T21:15:25.807+0000] {processor.py:183} INFO - Processing /home/airflow/.local/lib/python3.12/site-packages/airflow/example_dags/example_external_task_marker_dag.py took 0.368 seconds
[2024-04-12T21:15:56.600+0000] {processor.py:161} INFO - Started process (PID=182) to work on /home/airflow/.local/lib/python3.12/site-packages/airflow/example_dags/example_external_task_marker_dag.py
[2024-04-12T21:15:56.607+0000] {processor.py:830} INFO - Processing file /home/airflow/.local/lib/python3.12/site-packages/airflow/example_dags/example_external_task_marker_dag.py for tasks to queue
[2024-04-12T21:15:56.625+0000] {logging_mixin.py:188} INFO - [2024-04-12T21:15:56.624+0000] {dagbag.py:540} INFO - Filling up the DagBag from /home/airflow/.local/lib/python3.12/site-packages/airflow/example_dags/example_external_task_marker_dag.py
[2024-04-12T21:15:56.645+0000] {processor.py:840} INFO - DAG(s) 'example_external_task_marker_child', 'example_external_task_marker_parent' retrieved from /home/airflow/.local/lib/python3.12/site-packages/airflow/example_dags/example_external_task_marker_dag.py
[2024-04-12T21:15:56.741+0000] {logging_mixin.py:188} INFO - [2024-04-12T21:15:56.741+0000] {dag.py:3096} INFO - Sync 2 DAGs
[2024-04-12T21:15:56.861+0000] {logging_mixin.py:188} INFO - [2024-04-12T21:15:56.860+0000] {dag.py:3954} INFO - Setting next_dagrun for example_external_task_marker_child to None, run_after=None
[2024-04-12T21:15:56.896+0000] {logging_mixin.py:188} INFO - [2024-04-12T21:15:56.894+0000] {dag.py:3954} INFO - Setting next_dagrun for example_external_task_marker_parent to None, run_after=None
[2024-04-12T21:15:57.041+0000] {processor.py:183} INFO - Processing /home/airflow/.local/lib/python3.12/site-packages/airflow/example_dags/example_external_task_marker_dag.py took 0.500 seconds
[2024-04-12T21:16:27.280+0000] {processor.py:161} INFO - Started process (PID=240) to work on /home/airflow/.local/lib/python3.12/site-packages/airflow/example_dags/example_external_task_marker_dag.py
[2024-04-12T21:16:27.281+0000] {processor.py:830} INFO - Processing file /home/airflow/.local/lib/python3.12/site-packages/airflow/example_dags/example_external_task_marker_dag.py for tasks to queue
[2024-04-12T21:16:27.284+0000] {logging_mixin.py:188} INFO - [2024-04-12T21:16:27.283+0000] {dagbag.py:540} INFO - Filling up the DagBag from /home/airflow/.local/lib/python3.12/site-packages/airflow/example_dags/example_external_task_marker_dag.py
[2024-04-12T21:16:27.291+0000] {processor.py:840} INFO - DAG(s) 'example_external_task_marker_child', 'example_external_task_marker_parent' retrieved from /home/airflow/.local/lib/python3.12/site-packages/airflow/example_dags/example_external_task_marker_dag.py
[2024-04-12T21:16:27.319+0000] {logging_mixin.py:188} INFO - [2024-04-12T21:16:27.318+0000] {dag.py:3096} INFO - Sync 2 DAGs
[2024-04-12T21:16:27.337+0000] {logging_mixin.py:188} INFO - [2024-04-12T21:16:27.336+0000] {dag.py:3954} INFO - Setting next_dagrun for example_external_task_marker_child to None, run_after=None
[2024-04-12T21:16:27.342+0000] {logging_mixin.py:188} INFO - [2024-04-12T21:16:27.342+0000] {dag.py:3954} INFO - Setting next_dagrun for example_external_task_marker_parent to None, run_after=None
[2024-04-12T21:16:27.395+0000] {processor.py:183} INFO - Processing /home/airflow/.local/lib/python3.12/site-packages/airflow/example_dags/example_external_task_marker_dag.py took 0.124 seconds
[2024-04-12T21:16:57.897+0000] {processor.py:161} INFO - Started process (PID=297) to work on /home/airflow/.local/lib/python3.12/site-packages/airflow/example_dags/example_external_task_marker_dag.py
[2024-04-12T21:16:57.916+0000] {processor.py:830} INFO - Processing file /home/airflow/.local/lib/python3.12/site-packages/airflow/example_dags/example_external_task_marker_dag.py for tasks to queue
[2024-04-12T21:16:57.925+0000] {logging_mixin.py:188} INFO - [2024-04-12T21:16:57.924+0000] {dagbag.py:540} INFO - Filling up the DagBag from /home/airflow/.local/lib/python3.12/site-packages/airflow/example_dags/example_external_task_marker_dag.py
[2024-04-12T21:16:57.957+0000] {processor.py:840} INFO - DAG(s) 'example_external_task_marker_child', 'example_external_task_marker_parent' retrieved from /home/airflow/.local/lib/python3.12/site-packages/airflow/example_dags/example_external_task_marker_dag.py
[2024-04-12T21:16:58.026+0000] {logging_mixin.py:188} INFO - [2024-04-12T21:16:58.026+0000] {dag.py:3096} INFO - Sync 2 DAGs
[2024-04-12T21:16:58.051+0000] {logging_mixin.py:188} INFO - [2024-04-12T21:16:58.051+0000] {dag.py:3954} INFO - Setting next_dagrun for example_external_task_marker_child to None, run_after=None
[2024-04-12T21:16:58.059+0000] {logging_mixin.py:188} INFO - [2024-04-12T21:16:58.058+0000] {dag.py:3954} INFO - Setting next_dagrun for example_external_task_marker_parent to None, run_after=None
[2024-04-12T21:16:58.091+0000] {processor.py:183} INFO - Processing /home/airflow/.local/lib/python3.12/site-packages/airflow/example_dags/example_external_task_marker_dag.py took 0.204 seconds
[2024-04-12T21:17:28.898+0000] {processor.py:161} INFO - Started process (PID=355) to work on /home/airflow/.local/lib/python3.12/site-packages/airflow/example_dags/example_external_task_marker_dag.py
[2024-04-12T21:17:28.900+0000] {processor.py:830} INFO - Processing file /home/airflow/.local/lib/python3.12/site-packages/airflow/example_dags/example_external_task_marker_dag.py for tasks to queue
[2024-04-12T21:17:28.902+0000] {logging_mixin.py:188} INFO - [2024-04-12T21:17:28.902+0000] {dagbag.py:540} INFO - Filling up the DagBag from /home/airflow/.local/lib/python3.12/site-packages/airflow/example_dags/example_external_task_marker_dag.py
[2024-04-12T21:17:28.910+0000] {processor.py:840} INFO - DAG(s) 'example_external_task_marker_parent', 'example_external_task_marker_child' retrieved from /home/airflow/.local/lib/python3.12/site-packages/airflow/example_dags/example_external_task_marker_dag.py
[2024-04-12T21:17:28.949+0000] {logging_mixin.py:188} INFO - [2024-04-12T21:17:28.949+0000] {dag.py:3096} INFO - Sync 2 DAGs
[2024-04-12T21:17:28.972+0000] {logging_mixin.py:188} INFO - [2024-04-12T21:17:28.972+0000] {dag.py:3954} INFO - Setting next_dagrun for example_external_task_marker_child to None, run_after=None
[2024-04-12T21:17:28.977+0000] {logging_mixin.py:188} INFO - [2024-04-12T21:17:28.977+0000] {dag.py:3954} INFO - Setting next_dagrun for example_external_task_marker_parent to None, run_after=None
[2024-04-12T21:17:29.051+0000] {processor.py:183} INFO - Processing /home/airflow/.local/lib/python3.12/site-packages/airflow/example_dags/example_external_task_marker_dag.py took 0.163 seconds
[2024-04-12T21:17:59.448+0000] {processor.py:161} INFO - Started process (PID=413) to work on /home/airflow/.local/lib/python3.12/site-packages/airflow/example_dags/example_external_task_marker_dag.py
[2024-04-12T21:17:59.449+0000] {processor.py:830} INFO - Processing file /home/airflow/.local/lib/python3.12/site-packages/airflow/example_dags/example_external_task_marker_dag.py for tasks to queue
[2024-04-12T21:17:59.451+0000] {logging_mixin.py:188} INFO - [2024-04-12T21:17:59.451+0000] {dagbag.py:540} INFO - Filling up the DagBag from /home/airflow/.local/lib/python3.12/site-packages/airflow/example_dags/example_external_task_marker_dag.py
[2024-04-12T21:17:59.458+0000] {processor.py:840} INFO - DAG(s) 'example_external_task_marker_child', 'example_external_task_marker_parent' retrieved from /home/airflow/.local/lib/python3.12/site-packages/airflow/example_dags/example_external_task_marker_dag.py
[2024-04-12T21:17:59.488+0000] {logging_mixin.py:188} INFO - [2024-04-12T21:17:59.488+0000] {dag.py:3096} INFO - Sync 2 DAGs
[2024-04-12T21:17:59.506+0000] {logging_mixin.py:188} INFO - [2024-04-12T21:17:59.505+0000] {dag.py:3954} INFO - Setting next_dagrun for example_external_task_marker_child to None, run_after=None
[2024-04-12T21:17:59.512+0000] {logging_mixin.py:188} INFO - [2024-04-12T21:17:59.511+0000] {dag.py:3954} INFO - Setting next_dagrun for example_external_task_marker_parent to None, run_after=None
[2024-04-12T21:17:59.535+0000] {processor.py:183} INFO - Processing /home/airflow/.local/lib/python3.12/site-packages/airflow/example_dags/example_external_task_marker_dag.py took 0.096 seconds
[2024-04-12T21:18:29.858+0000] {processor.py:161} INFO - Started process (PID=472) to work on /home/airflow/.local/lib/python3.12/site-packages/airflow/example_dags/example_external_task_marker_dag.py
[2024-04-12T21:18:29.862+0000] {processor.py:830} INFO - Processing file /home/airflow/.local/lib/python3.12/site-packages/airflow/example_dags/example_external_task_marker_dag.py for tasks to queue
[2024-04-12T21:18:29.865+0000] {logging_mixin.py:188} INFO - [2024-04-12T21:18:29.865+0000] {dagbag.py:540} INFO - Filling up the DagBag from /home/airflow/.local/lib/python3.12/site-packages/airflow/example_dags/example_external_task_marker_dag.py
[2024-04-12T21:18:29.874+0000] {processor.py:840} INFO - DAG(s) 'example_external_task_marker_parent', 'example_external_task_marker_child' retrieved from /home/airflow/.local/lib/python3.12/site-packages/airflow/example_dags/example_external_task_marker_dag.py
[2024-04-12T21:18:29.910+0000] {logging_mixin.py:188} INFO - [2024-04-12T21:18:29.910+0000] {dag.py:3096} INFO - Sync 2 DAGs
[2024-04-12T21:18:29.932+0000] {logging_mixin.py:188} INFO - [2024-04-12T21:18:29.932+0000] {dag.py:3954} INFO - Setting next_dagrun for example_external_task_marker_child to None, run_after=None
[2024-04-12T21:18:29.939+0000] {logging_mixin.py:188} INFO - [2024-04-12T21:18:29.939+0000] {dag.py:3954} INFO - Setting next_dagrun for example_external_task_marker_parent to None, run_after=None
[2024-04-12T21:18:29.975+0000] {processor.py:183} INFO - Processing /home/airflow/.local/lib/python3.12/site-packages/airflow/example_dags/example_external_task_marker_dag.py took 0.129 seconds
[2024-04-12T21:19:00.499+0000] {processor.py:161} INFO - Started process (PID=530) to work on /home/airflow/.local/lib/python3.12/site-packages/airflow/example_dags/example_external_task_marker_dag.py
[2024-04-12T21:19:00.501+0000] {processor.py:830} INFO - Processing file /home/airflow/.local/lib/python3.12/site-packages/airflow/example_dags/example_external_task_marker_dag.py for tasks to queue
[2024-04-12T21:19:00.504+0000] {logging_mixin.py:188} INFO - [2024-04-12T21:19:00.503+0000] {dagbag.py:540} INFO - Filling up the DagBag from /home/airflow/.local/lib/python3.12/site-packages/airflow/example_dags/example_external_task_marker_dag.py
[2024-04-12T21:19:00.512+0000] {processor.py:840} INFO - DAG(s) 'example_external_task_marker_child', 'example_external_task_marker_parent' retrieved from /home/airflow/.local/lib/python3.12/site-packages/airflow/example_dags/example_external_task_marker_dag.py
[2024-04-12T21:19:00.547+0000] {logging_mixin.py:188} INFO - [2024-04-12T21:19:00.547+0000] {dag.py:3096} INFO - Sync 2 DAGs
[2024-04-12T21:19:00.568+0000] {logging_mixin.py:188} INFO - [2024-04-12T21:19:00.568+0000] {dag.py:3954} INFO - Setting next_dagrun for example_external_task_marker_child to None, run_after=None
[2024-04-12T21:19:00.574+0000] {logging_mixin.py:188} INFO - [2024-04-12T21:19:00.574+0000] {dag.py:3954} INFO - Setting next_dagrun for example_external_task_marker_parent to None, run_after=None
[2024-04-12T21:19:00.599+0000] {processor.py:183} INFO - Processing /home/airflow/.local/lib/python3.12/site-packages/airflow/example_dags/example_external_task_marker_dag.py took 0.106 seconds
[2024-04-12T21:19:30.804+0000] {processor.py:161} INFO - Started process (PID=589) to work on /home/airflow/.local/lib/python3.12/site-packages/airflow/example_dags/example_external_task_marker_dag.py
[2024-04-12T21:19:30.805+0000] {processor.py:830} INFO - Processing file /home/airflow/.local/lib/python3.12/site-packages/airflow/example_dags/example_external_task_marker_dag.py for tasks to queue
[2024-04-12T21:19:30.808+0000] {logging_mixin.py:188} INFO - [2024-04-12T21:19:30.807+0000] {dagbag.py:540} INFO - Filling up the DagBag from /home/airflow/.local/lib/python3.12/site-packages/airflow/example_dags/example_external_task_marker_dag.py
[2024-04-12T21:19:30.816+0000] {processor.py:840} INFO - DAG(s) 'example_external_task_marker_parent', 'example_external_task_marker_child' retrieved from /home/airflow/.local/lib/python3.12/site-packages/airflow/example_dags/example_external_task_marker_dag.py
[2024-04-12T21:19:30.844+0000] {logging_mixin.py:188} INFO - [2024-04-12T21:19:30.843+0000] {dag.py:3096} INFO - Sync 2 DAGs
[2024-04-12T21:19:30.862+0000] {logging_mixin.py:188} INFO - [2024-04-12T21:19:30.861+0000] {dag.py:3954} INFO - Setting next_dagrun for example_external_task_marker_child to None, run_after=None
[2024-04-12T21:19:30.868+0000] {logging_mixin.py:188} INFO - [2024-04-12T21:19:30.867+0000] {dag.py:3954} INFO - Setting next_dagrun for example_external_task_marker_parent to None, run_after=None
[2024-04-12T21:19:30.889+0000] {processor.py:183} INFO - Processing /home/airflow/.local/lib/python3.12/site-packages/airflow/example_dags/example_external_task_marker_dag.py took 0.094 seconds
[2024-04-12T21:20:01.262+0000] {processor.py:161} INFO - Started process (PID=647) to work on /home/airflow/.local/lib/python3.12/site-packages/airflow/example_dags/example_external_task_marker_dag.py
[2024-04-12T21:20:01.264+0000] {processor.py:830} INFO - Processing file /home/airflow/.local/lib/python3.12/site-packages/airflow/example_dags/example_external_task_marker_dag.py for tasks to queue
[2024-04-12T21:20:01.266+0000] {logging_mixin.py:188} INFO - [2024-04-12T21:20:01.266+0000] {dagbag.py:540} INFO - Filling up the DagBag from /home/airflow/.local/lib/python3.12/site-packages/airflow/example_dags/example_external_task_marker_dag.py
[2024-04-12T21:20:01.273+0000] {processor.py:840} INFO - DAG(s) 'example_external_task_marker_parent', 'example_external_task_marker_child' retrieved from /home/airflow/.local/lib/python3.12/site-packages/airflow/example_dags/example_external_task_marker_dag.py
[2024-04-12T21:20:01.300+0000] {logging_mixin.py:188} INFO - [2024-04-12T21:20:01.300+0000] {dag.py:3096} INFO - Sync 2 DAGs
[2024-04-12T21:20:01.325+0000] {logging_mixin.py:188} INFO - [2024-04-12T21:20:01.325+0000] {dag.py:3954} INFO - Setting next_dagrun for example_external_task_marker_child to None, run_after=None
[2024-04-12T21:20:01.396+0000] {logging_mixin.py:188} INFO - [2024-04-12T21:20:01.395+0000] {dag.py:3954} INFO - Setting next_dagrun for example_external_task_marker_parent to None, run_after=None
[2024-04-12T21:20:01.425+0000] {processor.py:183} INFO - Processing /home/airflow/.local/lib/python3.12/site-packages/airflow/example_dags/example_external_task_marker_dag.py took 0.171 seconds
[2024-04-12T21:20:31.540+0000] {processor.py:161} INFO - Started process (PID=705) to work on /home/airflow/.local/lib/python3.12/site-packages/airflow/example_dags/example_external_task_marker_dag.py
[2024-04-12T21:20:31.541+0000] {processor.py:830} INFO - Processing file /home/airflow/.local/lib/python3.12/site-packages/airflow/example_dags/example_external_task_marker_dag.py for tasks to queue
[2024-04-12T21:20:31.544+0000] {logging_mixin.py:188} INFO - [2024-04-12T21:20:31.544+0000] {dagbag.py:540} INFO - Filling up the DagBag from /home/airflow/.local/lib/python3.12/site-packages/airflow/example_dags/example_external_task_marker_dag.py
[2024-04-12T21:20:31.553+0000] {processor.py:840} INFO - DAG(s) 'example_external_task_marker_parent', 'example_external_task_marker_child' retrieved from /home/airflow/.local/lib/python3.12/site-packages/airflow/example_dags/example_external_task_marker_dag.py
[2024-04-12T21:20:31.586+0000] {logging_mixin.py:188} INFO - [2024-04-12T21:20:31.586+0000] {dag.py:3096} INFO - Sync 2 DAGs
[2024-04-12T21:20:31.603+0000] {logging_mixin.py:188} INFO - [2024-04-12T21:20:31.602+0000] {dag.py:3954} INFO - Setting next_dagrun for example_external_task_marker_child to None, run_after=None
[2024-04-12T21:20:31.607+0000] {logging_mixin.py:188} INFO - [2024-04-12T21:20:31.607+0000] {dag.py:3954} INFO - Setting next_dagrun for example_external_task_marker_parent to None, run_after=None
[2024-04-12T21:20:31.632+0000] {processor.py:183} INFO - Processing /home/airflow/.local/lib/python3.12/site-packages/airflow/example_dags/example_external_task_marker_dag.py took 0.099 seconds
[2024-04-12T21:21:01.917+0000] {processor.py:161} INFO - Started process (PID=764) to work on /home/airflow/.local/lib/python3.12/site-packages/airflow/example_dags/example_external_task_marker_dag.py
[2024-04-12T21:21:01.919+0000] {processor.py:830} INFO - Processing file /home/airflow/.local/lib/python3.12/site-packages/airflow/example_dags/example_external_task_marker_dag.py for tasks to queue
[2024-04-12T21:21:01.931+0000] {logging_mixin.py:188} INFO - [2024-04-12T21:21:01.923+0000] {dagbag.py:540} INFO - Filling up the DagBag from /home/airflow/.local/lib/python3.12/site-packages/airflow/example_dags/example_external_task_marker_dag.py
[2024-04-12T21:21:01.944+0000] {processor.py:840} INFO - DAG(s) 'example_external_task_marker_child', 'example_external_task_marker_parent' retrieved from /home/airflow/.local/lib/python3.12/site-packages/airflow/example_dags/example_external_task_marker_dag.py
[2024-04-12T21:21:02.024+0000] {logging_mixin.py:188} INFO - [2024-04-12T21:21:02.024+0000] {dag.py:3096} INFO - Sync 2 DAGs
[2024-04-12T21:21:02.094+0000] {logging_mixin.py:188} INFO - [2024-04-12T21:21:02.094+0000] {dag.py:3954} INFO - Setting next_dagrun for example_external_task_marker_child to None, run_after=None
[2024-04-12T21:21:02.111+0000] {logging_mixin.py:188} INFO - [2024-04-12T21:21:02.111+0000] {dag.py:3954} INFO - Setting next_dagrun for example_external_task_marker_parent to None, run_after=None
[2024-04-12T21:21:02.157+0000] {processor.py:183} INFO - Processing /home/airflow/.local/lib/python3.12/site-packages/airflow/example_dags/example_external_task_marker_dag.py took 0.259 seconds
[2024-04-12T21:21:32.469+0000] {processor.py:161} INFO - Started process (PID=822) to work on /home/airflow/.local/lib/python3.12/site-packages/airflow/example_dags/example_external_task_marker_dag.py
[2024-04-12T21:21:32.471+0000] {processor.py:830} INFO - Processing file /home/airflow/.local/lib/python3.12/site-packages/airflow/example_dags/example_external_task_marker_dag.py for tasks to queue
[2024-04-12T21:21:32.474+0000] {logging_mixin.py:188} INFO - [2024-04-12T21:21:32.473+0000] {dagbag.py:540} INFO - Filling up the DagBag from /home/airflow/.local/lib/python3.12/site-packages/airflow/example_dags/example_external_task_marker_dag.py
[2024-04-12T21:21:32.481+0000] {processor.py:840} INFO - DAG(s) 'example_external_task_marker_parent', 'example_external_task_marker_child' retrieved from /home/airflow/.local/lib/python3.12/site-packages/airflow/example_dags/example_external_task_marker_dag.py
[2024-04-12T21:21:32.514+0000] {logging_mixin.py:188} INFO - [2024-04-12T21:21:32.514+0000] {dag.py:3096} INFO - Sync 2 DAGs
[2024-04-12T21:21:32.539+0000] {logging_mixin.py:188} INFO - [2024-04-12T21:21:32.538+0000] {dag.py:3954} INFO - Setting next_dagrun for example_external_task_marker_child to None, run_after=None
[2024-04-12T21:21:32.546+0000] {logging_mixin.py:188} INFO - [2024-04-12T21:21:32.545+0000] {dag.py:3954} INFO - Setting next_dagrun for example_external_task_marker_parent to None, run_after=None
[2024-04-12T21:21:32.570+0000] {processor.py:183} INFO - Processing /home/airflow/.local/lib/python3.12/site-packages/airflow/example_dags/example_external_task_marker_dag.py took 0.111 seconds
[2024-04-12T21:22:02.982+0000] {processor.py:161} INFO - Started process (PID=880) to work on /home/airflow/.local/lib/python3.12/site-packages/airflow/example_dags/example_external_task_marker_dag.py
[2024-04-12T21:22:02.984+0000] {processor.py:830} INFO - Processing file /home/airflow/.local/lib/python3.12/site-packages/airflow/example_dags/example_external_task_marker_dag.py for tasks to queue
[2024-04-12T21:22:02.986+0000] {logging_mixin.py:188} INFO - [2024-04-12T21:22:02.986+0000] {dagbag.py:540} INFO - Filling up the DagBag from /home/airflow/.local/lib/python3.12/site-packages/airflow/example_dags/example_external_task_marker_dag.py
[2024-04-12T21:22:02.995+0000] {processor.py:840} INFO - DAG(s) 'example_external_task_marker_child', 'example_external_task_marker_parent' retrieved from /home/airflow/.local/lib/python3.12/site-packages/airflow/example_dags/example_external_task_marker_dag.py
[2024-04-12T21:22:03.023+0000] {logging_mixin.py:188} INFO - [2024-04-12T21:22:03.023+0000] {dag.py:3096} INFO - Sync 2 DAGs
[2024-04-12T21:22:03.039+0000] {logging_mixin.py:188} INFO - [2024-04-12T21:22:03.039+0000] {dag.py:3954} INFO - Setting next_dagrun for example_external_task_marker_child to None, run_after=None
[2024-04-12T21:22:03.045+0000] {logging_mixin.py:188} INFO - [2024-04-12T21:22:03.044+0000] {dag.py:3954} INFO - Setting next_dagrun for example_external_task_marker_parent to None, run_after=None
[2024-04-12T21:22:03.070+0000] {processor.py:183} INFO - Processing /home/airflow/.local/lib/python3.12/site-packages/airflow/example_dags/example_external_task_marker_dag.py took 0.094 seconds
[2024-04-12T21:22:33.137+0000] {processor.py:161} INFO - Started process (PID=937) to work on /home/airflow/.local/lib/python3.12/site-packages/airflow/example_dags/example_external_task_marker_dag.py
[2024-04-12T21:22:33.138+0000] {processor.py:830} INFO - Processing file /home/airflow/.local/lib/python3.12/site-packages/airflow/example_dags/example_external_task_marker_dag.py for tasks to queue
[2024-04-12T21:22:33.141+0000] {logging_mixin.py:188} INFO - [2024-04-12T21:22:33.140+0000] {dagbag.py:540} INFO - Filling up the DagBag from /home/airflow/.local/lib/python3.12/site-packages/airflow/example_dags/example_external_task_marker_dag.py
[2024-04-12T21:22:33.149+0000] {processor.py:840} INFO - DAG(s) 'example_external_task_marker_parent', 'example_external_task_marker_child' retrieved from /home/airflow/.local/lib/python3.12/site-packages/airflow/example_dags/example_external_task_marker_dag.py
[2024-04-12T21:22:33.184+0000] {logging_mixin.py:188} INFO - [2024-04-12T21:22:33.184+0000] {dag.py:3096} INFO - Sync 2 DAGs
[2024-04-12T21:22:33.205+0000] {logging_mixin.py:188} INFO - [2024-04-12T21:22:33.204+0000] {dag.py:3954} INFO - Setting next_dagrun for example_external_task_marker_child to None, run_after=None
[2024-04-12T21:22:33.211+0000] {logging_mixin.py:188} INFO - [2024-04-12T21:22:33.210+0000] {dag.py:3954} INFO - Setting next_dagrun for example_external_task_marker_parent to None, run_after=None
[2024-04-12T21:22:33.237+0000] {processor.py:183} INFO - Processing /home/airflow/.local/lib/python3.12/site-packages/airflow/example_dags/example_external_task_marker_dag.py took 0.109 seconds
[2024-04-12T21:23:03.306+0000] {processor.py:161} INFO - Started process (PID=994) to work on /home/airflow/.local/lib/python3.12/site-packages/airflow/example_dags/example_external_task_marker_dag.py
[2024-04-12T21:23:03.307+0000] {processor.py:830} INFO - Processing file /home/airflow/.local/lib/python3.12/site-packages/airflow/example_dags/example_external_task_marker_dag.py for tasks to queue
[2024-04-12T21:23:03.309+0000] {logging_mixin.py:188} INFO - [2024-04-12T21:23:03.309+0000] {dagbag.py:540} INFO - Filling up the DagBag from /home/airflow/.local/lib/python3.12/site-packages/airflow/example_dags/example_external_task_marker_dag.py
[2024-04-12T21:23:03.316+0000] {processor.py:840} INFO - DAG(s) 'example_external_task_marker_parent', 'example_external_task_marker_child' retrieved from /home/airflow/.local/lib/python3.12/site-packages/airflow/example_dags/example_external_task_marker_dag.py
[2024-04-12T21:23:03.342+0000] {logging_mixin.py:188} INFO - [2024-04-12T21:23:03.342+0000] {dag.py:3096} INFO - Sync 2 DAGs
[2024-04-12T21:23:03.359+0000] {logging_mixin.py:188} INFO - [2024-04-12T21:23:03.358+0000] {dag.py:3954} INFO - Setting next_dagrun for example_external_task_marker_child to None, run_after=None
[2024-04-12T21:23:03.364+0000] {logging_mixin.py:188} INFO - [2024-04-12T21:23:03.363+0000] {dag.py:3954} INFO - Setting next_dagrun for example_external_task_marker_parent to None, run_after=None
[2024-04-12T21:23:03.386+0000] {processor.py:183} INFO - Processing /home/airflow/.local/lib/python3.12/site-packages/airflow/example_dags/example_external_task_marker_dag.py took 0.088 seconds
[2024-04-12T21:23:33.929+0000] {processor.py:161} INFO - Started process (PID=1053) to work on /home/airflow/.local/lib/python3.12/site-packages/airflow/example_dags/example_external_task_marker_dag.py
[2024-04-12T21:23:33.930+0000] {processor.py:830} INFO - Processing file /home/airflow/.local/lib/python3.12/site-packages/airflow/example_dags/example_external_task_marker_dag.py for tasks to queue
[2024-04-12T21:23:33.933+0000] {logging_mixin.py:188} INFO - [2024-04-12T21:23:33.932+0000] {dagbag.py:540} INFO - Filling up the DagBag from /home/airflow/.local/lib/python3.12/site-packages/airflow/example_dags/example_external_task_marker_dag.py
[2024-04-12T21:23:33.940+0000] {processor.py:840} INFO - DAG(s) 'example_external_task_marker_parent', 'example_external_task_marker_child' retrieved from /home/airflow/.local/lib/python3.12/site-packages/airflow/example_dags/example_external_task_marker_dag.py
[2024-04-12T21:23:33.969+0000] {logging_mixin.py:188} INFO - [2024-04-12T21:23:33.969+0000] {dag.py:3096} INFO - Sync 2 DAGs
[2024-04-12T21:23:33.988+0000] {logging_mixin.py:188} INFO - [2024-04-12T21:23:33.987+0000] {dag.py:3954} INFO - Setting next_dagrun for example_external_task_marker_child to None, run_after=None
[2024-04-12T21:23:33.994+0000] {logging_mixin.py:188} INFO - [2024-04-12T21:23:33.994+0000] {dag.py:3954} INFO - Setting next_dagrun for example_external_task_marker_parent to None, run_after=None
[2024-04-12T21:23:34.025+0000] {processor.py:183} INFO - Processing /home/airflow/.local/lib/python3.12/site-packages/airflow/example_dags/example_external_task_marker_dag.py took 0.104 seconds
[2024-04-12T21:27:56.797+0000] {processor.py:161} INFO - Started process (PID=40) to work on /home/airflow/.local/lib/python3.12/site-packages/airflow/example_dags/example_external_task_marker_dag.py
[2024-04-12T21:27:56.799+0000] {processor.py:830} INFO - Processing file /home/airflow/.local/lib/python3.12/site-packages/airflow/example_dags/example_external_task_marker_dag.py for tasks to queue
[2024-04-12T21:27:56.811+0000] {logging_mixin.py:188} INFO - [2024-04-12T21:27:56.810+0000] {dagbag.py:540} INFO - Filling up the DagBag from /home/airflow/.local/lib/python3.12/site-packages/airflow/example_dags/example_external_task_marker_dag.py
[2024-04-12T21:27:56.842+0000] {processor.py:840} INFO - DAG(s) 'example_external_task_marker_parent', 'example_external_task_marker_child' retrieved from /home/airflow/.local/lib/python3.12/site-packages/airflow/example_dags/example_external_task_marker_dag.py
[2024-04-12T21:27:57.316+0000] {logging_mixin.py:188} INFO - [2024-04-12T21:27:57.316+0000] {dag.py:3096} INFO - Sync 2 DAGs
[2024-04-12T21:27:57.476+0000] {logging_mixin.py:188} INFO - [2024-04-12T21:27:57.476+0000] {dag.py:3954} INFO - Setting next_dagrun for example_external_task_marker_child to None, run_after=None
[2024-04-12T21:27:57.526+0000] {logging_mixin.py:188} INFO - [2024-04-12T21:27:57.512+0000] {dag.py:3954} INFO - Setting next_dagrun for example_external_task_marker_parent to None, run_after=None
[2024-04-12T21:27:57.703+0000] {processor.py:183} INFO - Processing /home/airflow/.local/lib/python3.12/site-packages/airflow/example_dags/example_external_task_marker_dag.py took 0.919 seconds
[2024-04-12T21:28:27.901+0000] {processor.py:161} INFO - Started process (PID=98) to work on /home/airflow/.local/lib/python3.12/site-packages/airflow/example_dags/example_external_task_marker_dag.py
[2024-04-12T21:28:27.902+0000] {processor.py:830} INFO - Processing file /home/airflow/.local/lib/python3.12/site-packages/airflow/example_dags/example_external_task_marker_dag.py for tasks to queue
[2024-04-12T21:28:27.905+0000] {logging_mixin.py:188} INFO - [2024-04-12T21:28:27.904+0000] {dagbag.py:540} INFO - Filling up the DagBag from /home/airflow/.local/lib/python3.12/site-packages/airflow/example_dags/example_external_task_marker_dag.py
[2024-04-12T21:28:27.915+0000] {processor.py:840} INFO - DAG(s) 'example_external_task_marker_child', 'example_external_task_marker_parent' retrieved from /home/airflow/.local/lib/python3.12/site-packages/airflow/example_dags/example_external_task_marker_dag.py
[2024-04-12T21:28:27.945+0000] {logging_mixin.py:188} INFO - [2024-04-12T21:28:27.945+0000] {dag.py:3096} INFO - Sync 2 DAGs
[2024-04-12T21:28:27.967+0000] {logging_mixin.py:188} INFO - [2024-04-12T21:28:27.966+0000] {dag.py:3954} INFO - Setting next_dagrun for example_external_task_marker_child to None, run_after=None
[2024-04-12T21:28:27.973+0000] {logging_mixin.py:188} INFO - [2024-04-12T21:28:27.973+0000] {dag.py:3954} INFO - Setting next_dagrun for example_external_task_marker_parent to None, run_after=None
[2024-04-12T21:28:28.010+0000] {processor.py:183} INFO - Processing /home/airflow/.local/lib/python3.12/site-packages/airflow/example_dags/example_external_task_marker_dag.py took 0.128 seconds
[2024-04-12T21:28:58.105+0000] {processor.py:161} INFO - Started process (PID=156) to work on /home/airflow/.local/lib/python3.12/site-packages/airflow/example_dags/example_external_task_marker_dag.py
[2024-04-12T21:28:58.106+0000] {processor.py:830} INFO - Processing file /home/airflow/.local/lib/python3.12/site-packages/airflow/example_dags/example_external_task_marker_dag.py for tasks to queue
[2024-04-12T21:28:58.108+0000] {logging_mixin.py:188} INFO - [2024-04-12T21:28:58.108+0000] {dagbag.py:540} INFO - Filling up the DagBag from /home/airflow/.local/lib/python3.12/site-packages/airflow/example_dags/example_external_task_marker_dag.py
[2024-04-12T21:28:58.117+0000] {processor.py:840} INFO - DAG(s) 'example_external_task_marker_parent', 'example_external_task_marker_child' retrieved from /home/airflow/.local/lib/python3.12/site-packages/airflow/example_dags/example_external_task_marker_dag.py
[2024-04-12T21:28:58.148+0000] {logging_mixin.py:188} INFO - [2024-04-12T21:28:58.147+0000] {dag.py:3096} INFO - Sync 2 DAGs
[2024-04-12T21:28:58.163+0000] {logging_mixin.py:188} INFO - [2024-04-12T21:28:58.163+0000] {dag.py:3954} INFO - Setting next_dagrun for example_external_task_marker_child to None, run_after=None
[2024-04-12T21:28:58.167+0000] {logging_mixin.py:188} INFO - [2024-04-12T21:28:58.167+0000] {dag.py:3954} INFO - Setting next_dagrun for example_external_task_marker_parent to None, run_after=None
[2024-04-12T21:28:58.190+0000] {processor.py:183} INFO - Processing /home/airflow/.local/lib/python3.12/site-packages/airflow/example_dags/example_external_task_marker_dag.py took 0.092 seconds
[2024-04-12T21:29:28.355+0000] {processor.py:161} INFO - Started process (PID=215) to work on /home/airflow/.local/lib/python3.12/site-packages/airflow/example_dags/example_external_task_marker_dag.py
[2024-04-12T21:29:28.356+0000] {processor.py:830} INFO - Processing file /home/airflow/.local/lib/python3.12/site-packages/airflow/example_dags/example_external_task_marker_dag.py for tasks to queue
[2024-04-12T21:29:28.359+0000] {logging_mixin.py:188} INFO - [2024-04-12T21:29:28.358+0000] {dagbag.py:540} INFO - Filling up the DagBag from /home/airflow/.local/lib/python3.12/site-packages/airflow/example_dags/example_external_task_marker_dag.py
[2024-04-12T21:29:28.369+0000] {processor.py:840} INFO - DAG(s) 'example_external_task_marker_parent', 'example_external_task_marker_child' retrieved from /home/airflow/.local/lib/python3.12/site-packages/airflow/example_dags/example_external_task_marker_dag.py
[2024-04-12T21:29:28.439+0000] {logging_mixin.py:188} INFO - [2024-04-12T21:29:28.439+0000] {dag.py:3096} INFO - Sync 2 DAGs
[2024-04-12T21:29:28.466+0000] {logging_mixin.py:188} INFO - [2024-04-12T21:29:28.466+0000] {dag.py:3954} INFO - Setting next_dagrun for example_external_task_marker_child to None, run_after=None
[2024-04-12T21:29:28.472+0000] {logging_mixin.py:188} INFO - [2024-04-12T21:29:28.472+0000] {dag.py:3954} INFO - Setting next_dagrun for example_external_task_marker_parent to None, run_after=None
[2024-04-12T21:29:28.500+0000] {processor.py:183} INFO - Processing /home/airflow/.local/lib/python3.12/site-packages/airflow/example_dags/example_external_task_marker_dag.py took 0.152 seconds
[2024-04-12T21:57:20.259+0000] {processor.py:161} INFO - Started process (PID=34) to work on /home/airflow/.local/lib/python3.12/site-packages/airflow/example_dags/example_external_task_marker_dag.py
[2024-04-12T21:57:20.261+0000] {processor.py:830} INFO - Processing file /home/airflow/.local/lib/python3.12/site-packages/airflow/example_dags/example_external_task_marker_dag.py for tasks to queue
[2024-04-12T21:57:20.269+0000] {logging_mixin.py:188} INFO - [2024-04-12T21:57:20.266+0000] {dagbag.py:540} INFO - Filling up the DagBag from /home/airflow/.local/lib/python3.12/site-packages/airflow/example_dags/example_external_task_marker_dag.py
[2024-04-12T21:57:20.291+0000] {processor.py:840} INFO - DAG(s) 'example_external_task_marker_child', 'example_external_task_marker_parent' retrieved from /home/airflow/.local/lib/python3.12/site-packages/airflow/example_dags/example_external_task_marker_dag.py
[2024-04-12T21:57:20.580+0000] {logging_mixin.py:188} INFO - [2024-04-12T21:57:20.580+0000] {dag.py:3096} INFO - Sync 2 DAGs
[2024-04-12T21:57:20.615+0000] {logging_mixin.py:188} INFO - [2024-04-12T21:57:20.615+0000] {dag.py:3954} INFO - Setting next_dagrun for example_external_task_marker_child to None, run_after=None
[2024-04-12T21:57:20.628+0000] {logging_mixin.py:188} INFO - [2024-04-12T21:57:20.627+0000] {dag.py:3954} INFO - Setting next_dagrun for example_external_task_marker_parent to None, run_after=None
[2024-04-12T21:57:20.691+0000] {processor.py:183} INFO - Processing /home/airflow/.local/lib/python3.12/site-packages/airflow/example_dags/example_external_task_marker_dag.py took 0.449 seconds
[2024-04-12T21:57:51.588+0000] {processor.py:161} INFO - Started process (PID=93) to work on /home/airflow/.local/lib/python3.12/site-packages/airflow/example_dags/example_external_task_marker_dag.py
[2024-04-12T21:57:51.589+0000] {processor.py:830} INFO - Processing file /home/airflow/.local/lib/python3.12/site-packages/airflow/example_dags/example_external_task_marker_dag.py for tasks to queue
[2024-04-12T21:57:51.592+0000] {logging_mixin.py:188} INFO - [2024-04-12T21:57:51.592+0000] {dagbag.py:540} INFO - Filling up the DagBag from /home/airflow/.local/lib/python3.12/site-packages/airflow/example_dags/example_external_task_marker_dag.py
[2024-04-12T21:57:51.604+0000] {processor.py:840} INFO - DAG(s) 'example_external_task_marker_parent', 'example_external_task_marker_child' retrieved from /home/airflow/.local/lib/python3.12/site-packages/airflow/example_dags/example_external_task_marker_dag.py
[2024-04-12T21:57:51.641+0000] {logging_mixin.py:188} INFO - [2024-04-12T21:57:51.640+0000] {dag.py:3096} INFO - Sync 2 DAGs
[2024-04-12T21:57:51.663+0000] {logging_mixin.py:188} INFO - [2024-04-12T21:57:51.662+0000] {dag.py:3954} INFO - Setting next_dagrun for example_external_task_marker_child to None, run_after=None
[2024-04-12T21:57:51.670+0000] {logging_mixin.py:188} INFO - [2024-04-12T21:57:51.669+0000] {dag.py:3954} INFO - Setting next_dagrun for example_external_task_marker_parent to None, run_after=None
[2024-04-12T21:57:51.700+0000] {processor.py:183} INFO - Processing /home/airflow/.local/lib/python3.12/site-packages/airflow/example_dags/example_external_task_marker_dag.py took 0.128 seconds
[2024-04-12T21:58:21.907+0000] {processor.py:161} INFO - Started process (PID=152) to work on /home/airflow/.local/lib/python3.12/site-packages/airflow/example_dags/example_external_task_marker_dag.py
[2024-04-12T21:58:21.908+0000] {processor.py:830} INFO - Processing file /home/airflow/.local/lib/python3.12/site-packages/airflow/example_dags/example_external_task_marker_dag.py for tasks to queue
[2024-04-12T21:58:21.910+0000] {logging_mixin.py:188} INFO - [2024-04-12T21:58:21.909+0000] {dagbag.py:540} INFO - Filling up the DagBag from /home/airflow/.local/lib/python3.12/site-packages/airflow/example_dags/example_external_task_marker_dag.py
[2024-04-12T21:58:21.918+0000] {processor.py:840} INFO - DAG(s) 'example_external_task_marker_parent', 'example_external_task_marker_child' retrieved from /home/airflow/.local/lib/python3.12/site-packages/airflow/example_dags/example_external_task_marker_dag.py
[2024-04-12T21:58:21.949+0000] {logging_mixin.py:188} INFO - [2024-04-12T21:58:21.948+0000] {dag.py:3096} INFO - Sync 2 DAGs
[2024-04-12T21:58:21.964+0000] {logging_mixin.py:188} INFO - [2024-04-12T21:58:21.963+0000] {dag.py:3954} INFO - Setting next_dagrun for example_external_task_marker_child to None, run_after=None
[2024-04-12T21:58:21.968+0000] {logging_mixin.py:188} INFO - [2024-04-12T21:58:21.968+0000] {dag.py:3954} INFO - Setting next_dagrun for example_external_task_marker_parent to None, run_after=None
[2024-04-12T21:58:22.008+0000] {processor.py:183} INFO - Processing /home/airflow/.local/lib/python3.12/site-packages/airflow/example_dags/example_external_task_marker_dag.py took 0.107 seconds
[2024-04-12T21:58:52.527+0000] {processor.py:161} INFO - Started process (PID=211) to work on /home/airflow/.local/lib/python3.12/site-packages/airflow/example_dags/example_external_task_marker_dag.py
[2024-04-12T21:58:52.529+0000] {processor.py:830} INFO - Processing file /home/airflow/.local/lib/python3.12/site-packages/airflow/example_dags/example_external_task_marker_dag.py for tasks to queue
[2024-04-12T21:58:52.533+0000] {logging_mixin.py:188} INFO - [2024-04-12T21:58:52.532+0000] {dagbag.py:540} INFO - Filling up the DagBag from /home/airflow/.local/lib/python3.12/site-packages/airflow/example_dags/example_external_task_marker_dag.py
[2024-04-12T21:58:52.546+0000] {processor.py:840} INFO - DAG(s) 'example_external_task_marker_parent', 'example_external_task_marker_child' retrieved from /home/airflow/.local/lib/python3.12/site-packages/airflow/example_dags/example_external_task_marker_dag.py
[2024-04-12T21:58:52.604+0000] {logging_mixin.py:188} INFO - [2024-04-12T21:58:52.604+0000] {dag.py:3096} INFO - Sync 2 DAGs
[2024-04-12T21:58:52.622+0000] {logging_mixin.py:188} INFO - [2024-04-12T21:58:52.622+0000] {dag.py:3954} INFO - Setting next_dagrun for example_external_task_marker_child to None, run_after=None
[2024-04-12T21:58:52.628+0000] {logging_mixin.py:188} INFO - [2024-04-12T21:58:52.628+0000] {dag.py:3954} INFO - Setting next_dagrun for example_external_task_marker_parent to None, run_after=None
[2024-04-12T21:58:52.654+0000] {processor.py:183} INFO - Processing /home/airflow/.local/lib/python3.12/site-packages/airflow/example_dags/example_external_task_marker_dag.py took 0.136 seconds
[2024-04-12T21:59:22.826+0000] {processor.py:161} INFO - Started process (PID=270) to work on /home/airflow/.local/lib/python3.12/site-packages/airflow/example_dags/example_external_task_marker_dag.py
[2024-04-12T21:59:22.827+0000] {processor.py:830} INFO - Processing file /home/airflow/.local/lib/python3.12/site-packages/airflow/example_dags/example_external_task_marker_dag.py for tasks to queue
[2024-04-12T21:59:22.829+0000] {logging_mixin.py:188} INFO - [2024-04-12T21:59:22.829+0000] {dagbag.py:540} INFO - Filling up the DagBag from /home/airflow/.local/lib/python3.12/site-packages/airflow/example_dags/example_external_task_marker_dag.py
[2024-04-12T21:59:22.836+0000] {processor.py:840} INFO - DAG(s) 'example_external_task_marker_child', 'example_external_task_marker_parent' retrieved from /home/airflow/.local/lib/python3.12/site-packages/airflow/example_dags/example_external_task_marker_dag.py
[2024-04-12T21:59:22.862+0000] {logging_mixin.py:188} INFO - [2024-04-12T21:59:22.862+0000] {dag.py:3096} INFO - Sync 2 DAGs
[2024-04-12T21:59:22.884+0000] {logging_mixin.py:188} INFO - [2024-04-12T21:59:22.883+0000] {dag.py:3954} INFO - Setting next_dagrun for example_external_task_marker_child to None, run_after=None
[2024-04-12T21:59:22.893+0000] {logging_mixin.py:188} INFO - [2024-04-12T21:59:22.893+0000] {dag.py:3954} INFO - Setting next_dagrun for example_external_task_marker_parent to None, run_after=None
[2024-04-12T21:59:22.921+0000] {processor.py:183} INFO - Processing /home/airflow/.local/lib/python3.12/site-packages/airflow/example_dags/example_external_task_marker_dag.py took 0.101 seconds
[2024-04-12T21:59:53.147+0000] {processor.py:161} INFO - Started process (PID=329) to work on /home/airflow/.local/lib/python3.12/site-packages/airflow/example_dags/example_external_task_marker_dag.py
[2024-04-12T21:59:53.149+0000] {processor.py:830} INFO - Processing file /home/airflow/.local/lib/python3.12/site-packages/airflow/example_dags/example_external_task_marker_dag.py for tasks to queue
[2024-04-12T21:59:53.152+0000] {logging_mixin.py:188} INFO - [2024-04-12T21:59:53.151+0000] {dagbag.py:540} INFO - Filling up the DagBag from /home/airflow/.local/lib/python3.12/site-packages/airflow/example_dags/example_external_task_marker_dag.py
[2024-04-12T21:59:53.158+0000] {processor.py:840} INFO - DAG(s) 'example_external_task_marker_parent', 'example_external_task_marker_child' retrieved from /home/airflow/.local/lib/python3.12/site-packages/airflow/example_dags/example_external_task_marker_dag.py
[2024-04-12T21:59:53.189+0000] {logging_mixin.py:188} INFO - [2024-04-12T21:59:53.189+0000] {dag.py:3096} INFO - Sync 2 DAGs
[2024-04-12T21:59:53.209+0000] {logging_mixin.py:188} INFO - [2024-04-12T21:59:53.208+0000] {dag.py:3954} INFO - Setting next_dagrun for example_external_task_marker_child to None, run_after=None
[2024-04-12T21:59:53.213+0000] {logging_mixin.py:188} INFO - [2024-04-12T21:59:53.213+0000] {dag.py:3954} INFO - Setting next_dagrun for example_external_task_marker_parent to None, run_after=None
[2024-04-12T21:59:53.235+0000] {processor.py:183} INFO - Processing /home/airflow/.local/lib/python3.12/site-packages/airflow/example_dags/example_external_task_marker_dag.py took 0.094 seconds
[2024-04-12T22:00:23.515+0000] {processor.py:161} INFO - Started process (PID=388) to work on /home/airflow/.local/lib/python3.12/site-packages/airflow/example_dags/example_external_task_marker_dag.py
[2024-04-12T22:00:23.516+0000] {processor.py:830} INFO - Processing file /home/airflow/.local/lib/python3.12/site-packages/airflow/example_dags/example_external_task_marker_dag.py for tasks to queue
[2024-04-12T22:00:23.518+0000] {logging_mixin.py:188} INFO - [2024-04-12T22:00:23.518+0000] {dagbag.py:540} INFO - Filling up the DagBag from /home/airflow/.local/lib/python3.12/site-packages/airflow/example_dags/example_external_task_marker_dag.py
[2024-04-12T22:00:23.525+0000] {processor.py:840} INFO - DAG(s) 'example_external_task_marker_parent', 'example_external_task_marker_child' retrieved from /home/airflow/.local/lib/python3.12/site-packages/airflow/example_dags/example_external_task_marker_dag.py
[2024-04-12T22:00:23.561+0000] {logging_mixin.py:188} INFO - [2024-04-12T22:00:23.560+0000] {dag.py:3096} INFO - Sync 2 DAGs
[2024-04-12T22:00:23.581+0000] {logging_mixin.py:188} INFO - [2024-04-12T22:00:23.581+0000] {dag.py:3954} INFO - Setting next_dagrun for example_external_task_marker_child to None, run_after=None
[2024-04-12T22:00:23.587+0000] {logging_mixin.py:188} INFO - [2024-04-12T22:00:23.587+0000] {dag.py:3954} INFO - Setting next_dagrun for example_external_task_marker_parent to None, run_after=None
[2024-04-12T22:00:23.609+0000] {processor.py:183} INFO - Processing /home/airflow/.local/lib/python3.12/site-packages/airflow/example_dags/example_external_task_marker_dag.py took 0.102 seconds
[2024-04-12T22:00:54.380+0000] {processor.py:161} INFO - Started process (PID=447) to work on /home/airflow/.local/lib/python3.12/site-packages/airflow/example_dags/example_external_task_marker_dag.py
[2024-04-12T22:00:54.383+0000] {processor.py:830} INFO - Processing file /home/airflow/.local/lib/python3.12/site-packages/airflow/example_dags/example_external_task_marker_dag.py for tasks to queue
[2024-04-12T22:00:54.386+0000] {logging_mixin.py:188} INFO - [2024-04-12T22:00:54.385+0000] {dagbag.py:540} INFO - Filling up the DagBag from /home/airflow/.local/lib/python3.12/site-packages/airflow/example_dags/example_external_task_marker_dag.py
[2024-04-12T22:00:54.404+0000] {processor.py:840} INFO - DAG(s) 'example_external_task_marker_parent', 'example_external_task_marker_child' retrieved from /home/airflow/.local/lib/python3.12/site-packages/airflow/example_dags/example_external_task_marker_dag.py
[2024-04-12T22:00:54.442+0000] {logging_mixin.py:188} INFO - [2024-04-12T22:00:54.442+0000] {dag.py:3096} INFO - Sync 2 DAGs
[2024-04-12T22:00:54.468+0000] {logging_mixin.py:188} INFO - [2024-04-12T22:00:54.468+0000] {dag.py:3954} INFO - Setting next_dagrun for example_external_task_marker_child to None, run_after=None
[2024-04-12T22:00:54.483+0000] {logging_mixin.py:188} INFO - [2024-04-12T22:00:54.483+0000] {dag.py:3954} INFO - Setting next_dagrun for example_external_task_marker_parent to None, run_after=None
[2024-04-12T22:00:54.512+0000] {processor.py:183} INFO - Processing /home/airflow/.local/lib/python3.12/site-packages/airflow/example_dags/example_external_task_marker_dag.py took 0.150 seconds
[2024-04-12T22:01:24.609+0000] {processor.py:161} INFO - Started process (PID=504) to work on /home/airflow/.local/lib/python3.12/site-packages/airflow/example_dags/example_external_task_marker_dag.py
[2024-04-12T22:01:24.611+0000] {processor.py:830} INFO - Processing file /home/airflow/.local/lib/python3.12/site-packages/airflow/example_dags/example_external_task_marker_dag.py for tasks to queue
[2024-04-12T22:01:24.613+0000] {logging_mixin.py:188} INFO - [2024-04-12T22:01:24.613+0000] {dagbag.py:540} INFO - Filling up the DagBag from /home/airflow/.local/lib/python3.12/site-packages/airflow/example_dags/example_external_task_marker_dag.py
[2024-04-12T22:01:24.621+0000] {processor.py:840} INFO - DAG(s) 'example_external_task_marker_child', 'example_external_task_marker_parent' retrieved from /home/airflow/.local/lib/python3.12/site-packages/airflow/example_dags/example_external_task_marker_dag.py
[2024-04-12T22:01:24.654+0000] {logging_mixin.py:188} INFO - [2024-04-12T22:01:24.654+0000] {dag.py:3096} INFO - Sync 2 DAGs
[2024-04-12T22:01:24.676+0000] {logging_mixin.py:188} INFO - [2024-04-12T22:01:24.675+0000] {dag.py:3954} INFO - Setting next_dagrun for example_external_task_marker_child to None, run_after=None
[2024-04-12T22:01:24.682+0000] {logging_mixin.py:188} INFO - [2024-04-12T22:01:24.681+0000] {dag.py:3954} INFO - Setting next_dagrun for example_external_task_marker_parent to None, run_after=None
[2024-04-12T22:01:24.707+0000] {processor.py:183} INFO - Processing /home/airflow/.local/lib/python3.12/site-packages/airflow/example_dags/example_external_task_marker_dag.py took 0.105 seconds
[2024-04-12T22:01:55.217+0000] {processor.py:161} INFO - Started process (PID=564) to work on /home/airflow/.local/lib/python3.12/site-packages/airflow/example_dags/example_external_task_marker_dag.py
[2024-04-12T22:01:55.218+0000] {processor.py:830} INFO - Processing file /home/airflow/.local/lib/python3.12/site-packages/airflow/example_dags/example_external_task_marker_dag.py for tasks to queue
[2024-04-12T22:01:55.221+0000] {logging_mixin.py:188} INFO - [2024-04-12T22:01:55.220+0000] {dagbag.py:540} INFO - Filling up the DagBag from /home/airflow/.local/lib/python3.12/site-packages/airflow/example_dags/example_external_task_marker_dag.py
[2024-04-12T22:01:55.227+0000] {processor.py:840} INFO - DAG(s) 'example_external_task_marker_parent', 'example_external_task_marker_child' retrieved from /home/airflow/.local/lib/python3.12/site-packages/airflow/example_dags/example_external_task_marker_dag.py
[2024-04-12T22:01:55.258+0000] {logging_mixin.py:188} INFO - [2024-04-12T22:01:55.258+0000] {dag.py:3096} INFO - Sync 2 DAGs
[2024-04-12T22:01:55.280+0000] {logging_mixin.py:188} INFO - [2024-04-12T22:01:55.280+0000] {dag.py:3954} INFO - Setting next_dagrun for example_external_task_marker_child to None, run_after=None
[2024-04-12T22:01:55.287+0000] {logging_mixin.py:188} INFO - [2024-04-12T22:01:55.286+0000] {dag.py:3954} INFO - Setting next_dagrun for example_external_task_marker_parent to None, run_after=None
[2024-04-12T22:01:55.313+0000] {processor.py:183} INFO - Processing /home/airflow/.local/lib/python3.12/site-packages/airflow/example_dags/example_external_task_marker_dag.py took 0.104 seconds
[2024-04-12T22:02:25.357+0000] {processor.py:161} INFO - Started process (PID=622) to work on /home/airflow/.local/lib/python3.12/site-packages/airflow/example_dags/example_external_task_marker_dag.py
[2024-04-12T22:02:25.358+0000] {processor.py:830} INFO - Processing file /home/airflow/.local/lib/python3.12/site-packages/airflow/example_dags/example_external_task_marker_dag.py for tasks to queue
[2024-04-12T22:02:25.361+0000] {logging_mixin.py:188} INFO - [2024-04-12T22:02:25.360+0000] {dagbag.py:540} INFO - Filling up the DagBag from /home/airflow/.local/lib/python3.12/site-packages/airflow/example_dags/example_external_task_marker_dag.py
[2024-04-12T22:02:25.367+0000] {processor.py:840} INFO - DAG(s) 'example_external_task_marker_parent', 'example_external_task_marker_child' retrieved from /home/airflow/.local/lib/python3.12/site-packages/airflow/example_dags/example_external_task_marker_dag.py
[2024-04-12T22:02:25.393+0000] {logging_mixin.py:188} INFO - [2024-04-12T22:02:25.392+0000] {dag.py:3096} INFO - Sync 2 DAGs
[2024-04-12T22:02:25.408+0000] {logging_mixin.py:188} INFO - [2024-04-12T22:02:25.407+0000] {dag.py:3954} INFO - Setting next_dagrun for example_external_task_marker_child to None, run_after=None
[2024-04-12T22:02:25.413+0000] {logging_mixin.py:188} INFO - [2024-04-12T22:02:25.413+0000] {dag.py:3954} INFO - Setting next_dagrun for example_external_task_marker_parent to None, run_after=None
[2024-04-12T22:02:25.433+0000] {processor.py:183} INFO - Processing /home/airflow/.local/lib/python3.12/site-packages/airflow/example_dags/example_external_task_marker_dag.py took 0.082 seconds
[2024-04-12T22:02:55.755+0000] {processor.py:161} INFO - Started process (PID=682) to work on /home/airflow/.local/lib/python3.12/site-packages/airflow/example_dags/example_external_task_marker_dag.py
[2024-04-12T22:02:55.756+0000] {processor.py:830} INFO - Processing file /home/airflow/.local/lib/python3.12/site-packages/airflow/example_dags/example_external_task_marker_dag.py for tasks to queue
[2024-04-12T22:02:55.759+0000] {logging_mixin.py:188} INFO - [2024-04-12T22:02:55.758+0000] {dagbag.py:540} INFO - Filling up the DagBag from /home/airflow/.local/lib/python3.12/site-packages/airflow/example_dags/example_external_task_marker_dag.py
[2024-04-12T22:02:55.766+0000] {processor.py:840} INFO - DAG(s) 'example_external_task_marker_parent', 'example_external_task_marker_child' retrieved from /home/airflow/.local/lib/python3.12/site-packages/airflow/example_dags/example_external_task_marker_dag.py
[2024-04-12T22:02:55.803+0000] {logging_mixin.py:188} INFO - [2024-04-12T22:02:55.802+0000] {dag.py:3096} INFO - Sync 2 DAGs
[2024-04-12T22:02:55.826+0000] {logging_mixin.py:188} INFO - [2024-04-12T22:02:55.825+0000] {dag.py:3954} INFO - Setting next_dagrun for example_external_task_marker_child to None, run_after=None
[2024-04-12T22:02:55.833+0000] {logging_mixin.py:188} INFO - [2024-04-12T22:02:55.832+0000] {dag.py:3954} INFO - Setting next_dagrun for example_external_task_marker_parent to None, run_after=None
[2024-04-12T22:02:55.875+0000] {processor.py:183} INFO - Processing /home/airflow/.local/lib/python3.12/site-packages/airflow/example_dags/example_external_task_marker_dag.py took 0.129 seconds
[2024-04-12T22:03:27.083+0000] {processor.py:161} INFO - Started process (PID=741) to work on /home/airflow/.local/lib/python3.12/site-packages/airflow/example_dags/example_external_task_marker_dag.py
[2024-04-12T22:03:27.084+0000] {processor.py:830} INFO - Processing file /home/airflow/.local/lib/python3.12/site-packages/airflow/example_dags/example_external_task_marker_dag.py for tasks to queue
[2024-04-12T22:03:27.087+0000] {logging_mixin.py:188} INFO - [2024-04-12T22:03:27.087+0000] {dagbag.py:540} INFO - Filling up the DagBag from /home/airflow/.local/lib/python3.12/site-packages/airflow/example_dags/example_external_task_marker_dag.py
[2024-04-12T22:03:27.107+0000] {processor.py:840} INFO - DAG(s) 'example_external_task_marker_child', 'example_external_task_marker_parent' retrieved from /home/airflow/.local/lib/python3.12/site-packages/airflow/example_dags/example_external_task_marker_dag.py
[2024-04-12T22:03:27.183+0000] {logging_mixin.py:188} INFO - [2024-04-12T22:03:27.182+0000] {dag.py:3096} INFO - Sync 2 DAGs
[2024-04-12T22:03:27.211+0000] {logging_mixin.py:188} INFO - [2024-04-12T22:03:27.210+0000] {dag.py:3954} INFO - Setting next_dagrun for example_external_task_marker_child to None, run_after=None
[2024-04-12T22:03:27.217+0000] {logging_mixin.py:188} INFO - [2024-04-12T22:03:27.217+0000] {dag.py:3954} INFO - Setting next_dagrun for example_external_task_marker_parent to None, run_after=None
[2024-04-12T22:03:27.262+0000] {processor.py:183} INFO - Processing /home/airflow/.local/lib/python3.12/site-packages/airflow/example_dags/example_external_task_marker_dag.py took 0.194 seconds
[2024-04-12T22:03:57.629+0000] {processor.py:161} INFO - Started process (PID=800) to work on /home/airflow/.local/lib/python3.12/site-packages/airflow/example_dags/example_external_task_marker_dag.py
[2024-04-12T22:03:57.631+0000] {processor.py:830} INFO - Processing file /home/airflow/.local/lib/python3.12/site-packages/airflow/example_dags/example_external_task_marker_dag.py for tasks to queue
[2024-04-12T22:03:57.633+0000] {logging_mixin.py:188} INFO - [2024-04-12T22:03:57.633+0000] {dagbag.py:540} INFO - Filling up the DagBag from /home/airflow/.local/lib/python3.12/site-packages/airflow/example_dags/example_external_task_marker_dag.py
[2024-04-12T22:03:57.640+0000] {processor.py:840} INFO - DAG(s) 'example_external_task_marker_parent', 'example_external_task_marker_child' retrieved from /home/airflow/.local/lib/python3.12/site-packages/airflow/example_dags/example_external_task_marker_dag.py
[2024-04-12T22:03:57.668+0000] {logging_mixin.py:188} INFO - [2024-04-12T22:03:57.668+0000] {dag.py:3096} INFO - Sync 2 DAGs
[2024-04-12T22:03:57.682+0000] {logging_mixin.py:188} INFO - [2024-04-12T22:03:57.682+0000] {dag.py:3954} INFO - Setting next_dagrun for example_external_task_marker_child to None, run_after=None
[2024-04-12T22:03:57.687+0000] {logging_mixin.py:188} INFO - [2024-04-12T22:03:57.686+0000] {dag.py:3954} INFO - Setting next_dagrun for example_external_task_marker_parent to None, run_after=None
[2024-04-12T22:03:57.710+0000] {processor.py:183} INFO - Processing /home/airflow/.local/lib/python3.12/site-packages/airflow/example_dags/example_external_task_marker_dag.py took 0.087 seconds
[2024-04-12T22:04:28.539+0000] {processor.py:161} INFO - Started process (PID=866) to work on /home/airflow/.local/lib/python3.12/site-packages/airflow/example_dags/example_external_task_marker_dag.py
[2024-04-12T22:04:28.541+0000] {processor.py:830} INFO - Processing file /home/airflow/.local/lib/python3.12/site-packages/airflow/example_dags/example_external_task_marker_dag.py for tasks to queue
[2024-04-12T22:04:28.543+0000] {logging_mixin.py:188} INFO - [2024-04-12T22:04:28.543+0000] {dagbag.py:540} INFO - Filling up the DagBag from /home/airflow/.local/lib/python3.12/site-packages/airflow/example_dags/example_external_task_marker_dag.py
[2024-04-12T22:04:28.552+0000] {processor.py:840} INFO - DAG(s) 'example_external_task_marker_parent', 'example_external_task_marker_child' retrieved from /home/airflow/.local/lib/python3.12/site-packages/airflow/example_dags/example_external_task_marker_dag.py
[2024-04-12T22:04:28.578+0000] {logging_mixin.py:188} INFO - [2024-04-12T22:04:28.578+0000] {dag.py:3096} INFO - Sync 2 DAGs
[2024-04-12T22:04:28.593+0000] {logging_mixin.py:188} INFO - [2024-04-12T22:04:28.593+0000] {dag.py:3954} INFO - Setting next_dagrun for example_external_task_marker_child to None, run_after=None
[2024-04-12T22:04:28.597+0000] {logging_mixin.py:188} INFO - [2024-04-12T22:04:28.597+0000] {dag.py:3954} INFO - Setting next_dagrun for example_external_task_marker_parent to None, run_after=None
[2024-04-12T22:04:28.619+0000] {processor.py:183} INFO - Processing /home/airflow/.local/lib/python3.12/site-packages/airflow/example_dags/example_external_task_marker_dag.py took 0.088 seconds
[2024-04-12T22:04:58.940+0000] {processor.py:161} INFO - Started process (PID=925) to work on /home/airflow/.local/lib/python3.12/site-packages/airflow/example_dags/example_external_task_marker_dag.py
[2024-04-12T22:04:58.948+0000] {processor.py:830} INFO - Processing file /home/airflow/.local/lib/python3.12/site-packages/airflow/example_dags/example_external_task_marker_dag.py for tasks to queue
[2024-04-12T22:04:58.953+0000] {logging_mixin.py:188} INFO - [2024-04-12T22:04:58.953+0000] {dagbag.py:540} INFO - Filling up the DagBag from /home/airflow/.local/lib/python3.12/site-packages/airflow/example_dags/example_external_task_marker_dag.py
[2024-04-12T22:04:58.962+0000] {processor.py:840} INFO - DAG(s) 'example_external_task_marker_parent', 'example_external_task_marker_child' retrieved from /home/airflow/.local/lib/python3.12/site-packages/airflow/example_dags/example_external_task_marker_dag.py
[2024-04-12T22:04:59.018+0000] {logging_mixin.py:188} INFO - [2024-04-12T22:04:59.017+0000] {dag.py:3096} INFO - Sync 2 DAGs
[2024-04-12T22:04:59.038+0000] {logging_mixin.py:188} INFO - [2024-04-12T22:04:59.038+0000] {dag.py:3954} INFO - Setting next_dagrun for example_external_task_marker_child to None, run_after=None
[2024-04-12T22:04:59.045+0000] {logging_mixin.py:188} INFO - [2024-04-12T22:04:59.045+0000] {dag.py:3954} INFO - Setting next_dagrun for example_external_task_marker_parent to None, run_after=None
[2024-04-12T22:04:59.066+0000] {processor.py:183} INFO - Processing /home/airflow/.local/lib/python3.12/site-packages/airflow/example_dags/example_external_task_marker_dag.py took 0.134 seconds
[2024-04-12T22:05:29.117+0000] {processor.py:161} INFO - Started process (PID=983) to work on /home/airflow/.local/lib/python3.12/site-packages/airflow/example_dags/example_external_task_marker_dag.py
[2024-04-12T22:05:29.118+0000] {processor.py:830} INFO - Processing file /home/airflow/.local/lib/python3.12/site-packages/airflow/example_dags/example_external_task_marker_dag.py for tasks to queue
[2024-04-12T22:05:29.120+0000] {logging_mixin.py:188} INFO - [2024-04-12T22:05:29.120+0000] {dagbag.py:540} INFO - Filling up the DagBag from /home/airflow/.local/lib/python3.12/site-packages/airflow/example_dags/example_external_task_marker_dag.py
[2024-04-12T22:05:29.127+0000] {processor.py:840} INFO - DAG(s) 'example_external_task_marker_child', 'example_external_task_marker_parent' retrieved from /home/airflow/.local/lib/python3.12/site-packages/airflow/example_dags/example_external_task_marker_dag.py
[2024-04-12T22:05:29.150+0000] {logging_mixin.py:188} INFO - [2024-04-12T22:05:29.150+0000] {dag.py:3096} INFO - Sync 2 DAGs
[2024-04-12T22:05:29.305+0000] {logging_mixin.py:188} INFO - [2024-04-12T22:05:29.305+0000] {dag.py:3954} INFO - Setting next_dagrun for example_external_task_marker_child to None, run_after=None
[2024-04-12T22:05:29.311+0000] {logging_mixin.py:188} INFO - [2024-04-12T22:05:29.311+0000] {dag.py:3954} INFO - Setting next_dagrun for example_external_task_marker_parent to None, run_after=None
[2024-04-12T22:05:29.334+0000] {processor.py:183} INFO - Processing /home/airflow/.local/lib/python3.12/site-packages/airflow/example_dags/example_external_task_marker_dag.py took 0.225 seconds
