[2024-04-12T21:14:25.416+0000] {processor.py:161} INFO - Started process (PID=58) to work on /home/airflow/.local/lib/python3.12/site-packages/airflow/example_dags/example_latest_only_with_trigger.py
[2024-04-12T21:14:25.448+0000] {processor.py:830} INFO - Processing file /home/airflow/.local/lib/python3.12/site-packages/airflow/example_dags/example_latest_only_with_trigger.py for tasks to queue
[2024-04-12T21:14:25.465+0000] {logging_mixin.py:188} INFO - [2024-04-12T21:14:25.464+0000] {dagbag.py:540} INFO - Filling up the DagBag from /home/airflow/.local/lib/python3.12/site-packages/airflow/example_dags/example_latest_only_with_trigger.py
[2024-04-12T21:14:25.559+0000] {processor.py:840} INFO - DAG(s) 'latest_only_with_trigger' retrieved from /home/airflow/.local/lib/python3.12/site-packages/airflow/example_dags/example_latest_only_with_trigger.py
[2024-04-12T21:14:26.723+0000] {logging_mixin.py:188} INFO - [2024-04-12T21:14:26.722+0000] {dag.py:3096} INFO - Sync 1 DAGs
[2024-04-12T21:14:26.900+0000] {logging_mixin.py:188} INFO - [2024-04-12T21:14:26.888+0000] {dag.py:3954} INFO - Setting next_dagrun for latest_only_with_trigger to 2024-04-12 16:00:00+00:00, run_after=2024-04-12 20:00:00+00:00
[2024-04-12T21:14:27.095+0000] {processor.py:183} INFO - Processing /home/airflow/.local/lib/python3.12/site-packages/airflow/example_dags/example_latest_only_with_trigger.py took 1.758 seconds
[2024-04-12T21:15:24.267+0000] {processor.py:161} INFO - Started process (PID=123) to work on /home/airflow/.local/lib/python3.12/site-packages/airflow/example_dags/example_latest_only_with_trigger.py
[2024-04-12T21:15:24.276+0000] {processor.py:830} INFO - Processing file /home/airflow/.local/lib/python3.12/site-packages/airflow/example_dags/example_latest_only_with_trigger.py for tasks to queue
[2024-04-12T21:15:24.297+0000] {logging_mixin.py:188} INFO - [2024-04-12T21:15:24.296+0000] {dagbag.py:540} INFO - Filling up the DagBag from /home/airflow/.local/lib/python3.12/site-packages/airflow/example_dags/example_latest_only_with_trigger.py
[2024-04-12T21:15:24.346+0000] {processor.py:840} INFO - DAG(s) 'latest_only_with_trigger' retrieved from /home/airflow/.local/lib/python3.12/site-packages/airflow/example_dags/example_latest_only_with_trigger.py
[2024-04-12T21:15:24.526+0000] {logging_mixin.py:188} INFO - [2024-04-12T21:15:24.525+0000] {dag.py:3096} INFO - Sync 1 DAGs
[2024-04-12T21:15:24.688+0000] {logging_mixin.py:188} INFO - [2024-04-12T21:15:24.688+0000] {dag.py:3954} INFO - Setting next_dagrun for latest_only_with_trigger to 2024-04-12 16:00:00+00:00, run_after=2024-04-12 20:00:00+00:00
[2024-04-12T21:15:24.801+0000] {processor.py:183} INFO - Processing /home/airflow/.local/lib/python3.12/site-packages/airflow/example_dags/example_latest_only_with_trigger.py took 0.586 seconds
[2024-04-12T21:15:55.184+0000] {processor.py:161} INFO - Started process (PID=180) to work on /home/airflow/.local/lib/python3.12/site-packages/airflow/example_dags/example_latest_only_with_trigger.py
[2024-04-12T21:15:55.191+0000] {processor.py:830} INFO - Processing file /home/airflow/.local/lib/python3.12/site-packages/airflow/example_dags/example_latest_only_with_trigger.py for tasks to queue
[2024-04-12T21:15:55.213+0000] {logging_mixin.py:188} INFO - [2024-04-12T21:15:55.210+0000] {dagbag.py:540} INFO - Filling up the DagBag from /home/airflow/.local/lib/python3.12/site-packages/airflow/example_dags/example_latest_only_with_trigger.py
[2024-04-12T21:15:55.261+0000] {processor.py:840} INFO - DAG(s) 'latest_only_with_trigger' retrieved from /home/airflow/.local/lib/python3.12/site-packages/airflow/example_dags/example_latest_only_with_trigger.py
[2024-04-12T21:15:55.306+0000] {logging_mixin.py:188} INFO - [2024-04-12T21:15:55.306+0000] {dag.py:3096} INFO - Sync 1 DAGs
[2024-04-12T21:15:55.358+0000] {logging_mixin.py:188} INFO - [2024-04-12T21:15:55.358+0000] {dag.py:3954} INFO - Setting next_dagrun for latest_only_with_trigger to 2024-04-12 16:00:00+00:00, run_after=2024-04-12 20:00:00+00:00
[2024-04-12T21:15:55.417+0000] {processor.py:183} INFO - Processing /home/airflow/.local/lib/python3.12/site-packages/airflow/example_dags/example_latest_only_with_trigger.py took 0.257 seconds
[2024-04-12T21:16:26.104+0000] {processor.py:161} INFO - Started process (PID=238) to work on /home/airflow/.local/lib/python3.12/site-packages/airflow/example_dags/example_latest_only_with_trigger.py
[2024-04-12T21:16:26.106+0000] {processor.py:830} INFO - Processing file /home/airflow/.local/lib/python3.12/site-packages/airflow/example_dags/example_latest_only_with_trigger.py for tasks to queue
[2024-04-12T21:16:26.109+0000] {logging_mixin.py:188} INFO - [2024-04-12T21:16:26.108+0000] {dagbag.py:540} INFO - Filling up the DagBag from /home/airflow/.local/lib/python3.12/site-packages/airflow/example_dags/example_latest_only_with_trigger.py
[2024-04-12T21:16:26.122+0000] {processor.py:840} INFO - DAG(s) 'latest_only_with_trigger' retrieved from /home/airflow/.local/lib/python3.12/site-packages/airflow/example_dags/example_latest_only_with_trigger.py
[2024-04-12T21:16:26.156+0000] {logging_mixin.py:188} INFO - [2024-04-12T21:16:26.155+0000] {dag.py:3096} INFO - Sync 1 DAGs
[2024-04-12T21:16:26.194+0000] {logging_mixin.py:188} INFO - [2024-04-12T21:16:26.193+0000] {dag.py:3954} INFO - Setting next_dagrun for latest_only_with_trigger to 2024-04-12 16:00:00+00:00, run_after=2024-04-12 20:00:00+00:00
[2024-04-12T21:16:26.226+0000] {processor.py:183} INFO - Processing /home/airflow/.local/lib/python3.12/site-packages/airflow/example_dags/example_latest_only_with_trigger.py took 0.138 seconds
[2024-04-12T21:16:56.705+0000] {processor.py:161} INFO - Started process (PID=295) to work on /home/airflow/.local/lib/python3.12/site-packages/airflow/example_dags/example_latest_only_with_trigger.py
[2024-04-12T21:16:56.706+0000] {processor.py:830} INFO - Processing file /home/airflow/.local/lib/python3.12/site-packages/airflow/example_dags/example_latest_only_with_trigger.py for tasks to queue
[2024-04-12T21:16:56.709+0000] {logging_mixin.py:188} INFO - [2024-04-12T21:16:56.708+0000] {dagbag.py:540} INFO - Filling up the DagBag from /home/airflow/.local/lib/python3.12/site-packages/airflow/example_dags/example_latest_only_with_trigger.py
[2024-04-12T21:16:56.720+0000] {processor.py:840} INFO - DAG(s) 'latest_only_with_trigger' retrieved from /home/airflow/.local/lib/python3.12/site-packages/airflow/example_dags/example_latest_only_with_trigger.py
[2024-04-12T21:16:56.756+0000] {logging_mixin.py:188} INFO - [2024-04-12T21:16:56.756+0000] {dag.py:3096} INFO - Sync 1 DAGs
[2024-04-12T21:16:56.794+0000] {logging_mixin.py:188} INFO - [2024-04-12T21:16:56.794+0000] {dag.py:3954} INFO - Setting next_dagrun for latest_only_with_trigger to 2024-04-12 16:00:00+00:00, run_after=2024-04-12 20:00:00+00:00
[2024-04-12T21:16:56.826+0000] {processor.py:183} INFO - Processing /home/airflow/.local/lib/python3.12/site-packages/airflow/example_dags/example_latest_only_with_trigger.py took 0.129 seconds
[2024-04-12T21:17:27.338+0000] {processor.py:161} INFO - Started process (PID=353) to work on /home/airflow/.local/lib/python3.12/site-packages/airflow/example_dags/example_latest_only_with_trigger.py
[2024-04-12T21:17:27.353+0000] {processor.py:830} INFO - Processing file /home/airflow/.local/lib/python3.12/site-packages/airflow/example_dags/example_latest_only_with_trigger.py for tasks to queue
[2024-04-12T21:17:27.357+0000] {logging_mixin.py:188} INFO - [2024-04-12T21:17:27.356+0000] {dagbag.py:540} INFO - Filling up the DagBag from /home/airflow/.local/lib/python3.12/site-packages/airflow/example_dags/example_latest_only_with_trigger.py
[2024-04-12T21:17:27.369+0000] {processor.py:840} INFO - DAG(s) 'latest_only_with_trigger' retrieved from /home/airflow/.local/lib/python3.12/site-packages/airflow/example_dags/example_latest_only_with_trigger.py
[2024-04-12T21:17:27.439+0000] {logging_mixin.py:188} INFO - [2024-04-12T21:17:27.439+0000] {dag.py:3096} INFO - Sync 1 DAGs
[2024-04-12T21:17:27.514+0000] {logging_mixin.py:188} INFO - [2024-04-12T21:17:27.514+0000] {dag.py:3954} INFO - Setting next_dagrun for latest_only_with_trigger to 2024-04-12 16:00:00+00:00, run_after=2024-04-12 20:00:00+00:00
[2024-04-12T21:17:27.794+0000] {processor.py:183} INFO - Processing /home/airflow/.local/lib/python3.12/site-packages/airflow/example_dags/example_latest_only_with_trigger.py took 0.476 seconds
[2024-04-12T21:17:58.255+0000] {processor.py:161} INFO - Started process (PID=411) to work on /home/airflow/.local/lib/python3.12/site-packages/airflow/example_dags/example_latest_only_with_trigger.py
[2024-04-12T21:17:58.256+0000] {processor.py:830} INFO - Processing file /home/airflow/.local/lib/python3.12/site-packages/airflow/example_dags/example_latest_only_with_trigger.py for tasks to queue
[2024-04-12T21:17:58.259+0000] {logging_mixin.py:188} INFO - [2024-04-12T21:17:58.259+0000] {dagbag.py:540} INFO - Filling up the DagBag from /home/airflow/.local/lib/python3.12/site-packages/airflow/example_dags/example_latest_only_with_trigger.py
[2024-04-12T21:17:58.269+0000] {processor.py:840} INFO - DAG(s) 'latest_only_with_trigger' retrieved from /home/airflow/.local/lib/python3.12/site-packages/airflow/example_dags/example_latest_only_with_trigger.py
[2024-04-12T21:17:58.315+0000] {logging_mixin.py:188} INFO - [2024-04-12T21:17:58.314+0000] {dag.py:3096} INFO - Sync 1 DAGs
[2024-04-12T21:17:58.350+0000] {logging_mixin.py:188} INFO - [2024-04-12T21:17:58.349+0000] {dag.py:3954} INFO - Setting next_dagrun for latest_only_with_trigger to 2024-04-12 16:00:00+00:00, run_after=2024-04-12 20:00:00+00:00
[2024-04-12T21:17:58.385+0000] {processor.py:183} INFO - Processing /home/airflow/.local/lib/python3.12/site-packages/airflow/example_dags/example_latest_only_with_trigger.py took 0.141 seconds
[2024-04-12T21:18:28.569+0000] {processor.py:161} INFO - Started process (PID=470) to work on /home/airflow/.local/lib/python3.12/site-packages/airflow/example_dags/example_latest_only_with_trigger.py
[2024-04-12T21:18:28.573+0000] {processor.py:830} INFO - Processing file /home/airflow/.local/lib/python3.12/site-packages/airflow/example_dags/example_latest_only_with_trigger.py for tasks to queue
[2024-04-12T21:18:28.578+0000] {logging_mixin.py:188} INFO - [2024-04-12T21:18:28.577+0000] {dagbag.py:540} INFO - Filling up the DagBag from /home/airflow/.local/lib/python3.12/site-packages/airflow/example_dags/example_latest_only_with_trigger.py
[2024-04-12T21:18:28.587+0000] {processor.py:840} INFO - DAG(s) 'latest_only_with_trigger' retrieved from /home/airflow/.local/lib/python3.12/site-packages/airflow/example_dags/example_latest_only_with_trigger.py
[2024-04-12T21:18:28.668+0000] {logging_mixin.py:188} INFO - [2024-04-12T21:18:28.668+0000] {dag.py:3096} INFO - Sync 1 DAGs
[2024-04-12T21:18:28.737+0000] {logging_mixin.py:188} INFO - [2024-04-12T21:18:28.725+0000] {dag.py:3954} INFO - Setting next_dagrun for latest_only_with_trigger to 2024-04-12 16:00:00+00:00, run_after=2024-04-12 20:00:00+00:00
[2024-04-12T21:18:28.793+0000] {processor.py:183} INFO - Processing /home/airflow/.local/lib/python3.12/site-packages/airflow/example_dags/example_latest_only_with_trigger.py took 0.247 seconds
[2024-04-12T21:18:59.362+0000] {processor.py:161} INFO - Started process (PID=528) to work on /home/airflow/.local/lib/python3.12/site-packages/airflow/example_dags/example_latest_only_with_trigger.py
[2024-04-12T21:18:59.363+0000] {processor.py:830} INFO - Processing file /home/airflow/.local/lib/python3.12/site-packages/airflow/example_dags/example_latest_only_with_trigger.py for tasks to queue
[2024-04-12T21:18:59.365+0000] {logging_mixin.py:188} INFO - [2024-04-12T21:18:59.365+0000] {dagbag.py:540} INFO - Filling up the DagBag from /home/airflow/.local/lib/python3.12/site-packages/airflow/example_dags/example_latest_only_with_trigger.py
[2024-04-12T21:18:59.373+0000] {processor.py:840} INFO - DAG(s) 'latest_only_with_trigger' retrieved from /home/airflow/.local/lib/python3.12/site-packages/airflow/example_dags/example_latest_only_with_trigger.py
[2024-04-12T21:18:59.397+0000] {logging_mixin.py:188} INFO - [2024-04-12T21:18:59.397+0000] {dag.py:3096} INFO - Sync 1 DAGs
[2024-04-12T21:18:59.427+0000] {logging_mixin.py:188} INFO - [2024-04-12T21:18:59.427+0000] {dag.py:3954} INFO - Setting next_dagrun for latest_only_with_trigger to 2024-04-12 16:00:00+00:00, run_after=2024-04-12 20:00:00+00:00
[2024-04-12T21:18:59.454+0000] {processor.py:183} INFO - Processing /home/airflow/.local/lib/python3.12/site-packages/airflow/example_dags/example_latest_only_with_trigger.py took 0.100 seconds
[2024-04-12T21:19:29.644+0000] {processor.py:161} INFO - Started process (PID=587) to work on /home/airflow/.local/lib/python3.12/site-packages/airflow/example_dags/example_latest_only_with_trigger.py
[2024-04-12T21:19:29.645+0000] {processor.py:830} INFO - Processing file /home/airflow/.local/lib/python3.12/site-packages/airflow/example_dags/example_latest_only_with_trigger.py for tasks to queue
[2024-04-12T21:19:29.647+0000] {logging_mixin.py:188} INFO - [2024-04-12T21:19:29.647+0000] {dagbag.py:540} INFO - Filling up the DagBag from /home/airflow/.local/lib/python3.12/site-packages/airflow/example_dags/example_latest_only_with_trigger.py
[2024-04-12T21:19:29.654+0000] {processor.py:840} INFO - DAG(s) 'latest_only_with_trigger' retrieved from /home/airflow/.local/lib/python3.12/site-packages/airflow/example_dags/example_latest_only_with_trigger.py
[2024-04-12T21:19:29.678+0000] {logging_mixin.py:188} INFO - [2024-04-12T21:19:29.678+0000] {dag.py:3096} INFO - Sync 1 DAGs
[2024-04-12T21:19:29.703+0000] {logging_mixin.py:188} INFO - [2024-04-12T21:19:29.703+0000] {dag.py:3954} INFO - Setting next_dagrun for latest_only_with_trigger to 2024-04-12 16:00:00+00:00, run_after=2024-04-12 20:00:00+00:00
[2024-04-12T21:19:29.729+0000] {processor.py:183} INFO - Processing /home/airflow/.local/lib/python3.12/site-packages/airflow/example_dags/example_latest_only_with_trigger.py took 0.092 seconds
[2024-04-12T21:20:00.098+0000] {processor.py:161} INFO - Started process (PID=645) to work on /home/airflow/.local/lib/python3.12/site-packages/airflow/example_dags/example_latest_only_with_trigger.py
[2024-04-12T21:20:00.100+0000] {processor.py:830} INFO - Processing file /home/airflow/.local/lib/python3.12/site-packages/airflow/example_dags/example_latest_only_with_trigger.py for tasks to queue
[2024-04-12T21:20:00.103+0000] {logging_mixin.py:188} INFO - [2024-04-12T21:20:00.102+0000] {dagbag.py:540} INFO - Filling up the DagBag from /home/airflow/.local/lib/python3.12/site-packages/airflow/example_dags/example_latest_only_with_trigger.py
[2024-04-12T21:20:00.109+0000] {processor.py:840} INFO - DAG(s) 'latest_only_with_trigger' retrieved from /home/airflow/.local/lib/python3.12/site-packages/airflow/example_dags/example_latest_only_with_trigger.py
[2024-04-12T21:20:00.133+0000] {logging_mixin.py:188} INFO - [2024-04-12T21:20:00.133+0000] {dag.py:3096} INFO - Sync 1 DAGs
[2024-04-12T21:20:00.163+0000] {logging_mixin.py:188} INFO - [2024-04-12T21:20:00.163+0000] {dag.py:3954} INFO - Setting next_dagrun for latest_only_with_trigger to 2024-04-12 16:00:00+00:00, run_after=2024-04-12 20:00:00+00:00
[2024-04-12T21:20:00.195+0000] {processor.py:183} INFO - Processing /home/airflow/.local/lib/python3.12/site-packages/airflow/example_dags/example_latest_only_with_trigger.py took 0.103 seconds
[2024-04-12T21:20:30.383+0000] {processor.py:161} INFO - Started process (PID=703) to work on /home/airflow/.local/lib/python3.12/site-packages/airflow/example_dags/example_latest_only_with_trigger.py
[2024-04-12T21:20:30.384+0000] {processor.py:830} INFO - Processing file /home/airflow/.local/lib/python3.12/site-packages/airflow/example_dags/example_latest_only_with_trigger.py for tasks to queue
[2024-04-12T21:20:30.386+0000] {logging_mixin.py:188} INFO - [2024-04-12T21:20:30.386+0000] {dagbag.py:540} INFO - Filling up the DagBag from /home/airflow/.local/lib/python3.12/site-packages/airflow/example_dags/example_latest_only_with_trigger.py
[2024-04-12T21:20:30.393+0000] {processor.py:840} INFO - DAG(s) 'latest_only_with_trigger' retrieved from /home/airflow/.local/lib/python3.12/site-packages/airflow/example_dags/example_latest_only_with_trigger.py
[2024-04-12T21:20:30.419+0000] {logging_mixin.py:188} INFO - [2024-04-12T21:20:30.419+0000] {dag.py:3096} INFO - Sync 1 DAGs
[2024-04-12T21:20:30.444+0000] {logging_mixin.py:188} INFO - [2024-04-12T21:20:30.443+0000] {dag.py:3954} INFO - Setting next_dagrun for latest_only_with_trigger to 2024-04-12 16:00:00+00:00, run_after=2024-04-12 20:00:00+00:00
[2024-04-12T21:20:30.471+0000] {processor.py:183} INFO - Processing /home/airflow/.local/lib/python3.12/site-packages/airflow/example_dags/example_latest_only_with_trigger.py took 0.095 seconds
[2024-04-12T21:21:00.691+0000] {processor.py:161} INFO - Started process (PID=762) to work on /home/airflow/.local/lib/python3.12/site-packages/airflow/example_dags/example_latest_only_with_trigger.py
[2024-04-12T21:21:00.693+0000] {processor.py:830} INFO - Processing file /home/airflow/.local/lib/python3.12/site-packages/airflow/example_dags/example_latest_only_with_trigger.py for tasks to queue
[2024-04-12T21:21:00.696+0000] {logging_mixin.py:188} INFO - [2024-04-12T21:21:00.695+0000] {dagbag.py:540} INFO - Filling up the DagBag from /home/airflow/.local/lib/python3.12/site-packages/airflow/example_dags/example_latest_only_with_trigger.py
[2024-04-12T21:21:00.704+0000] {processor.py:840} INFO - DAG(s) 'latest_only_with_trigger' retrieved from /home/airflow/.local/lib/python3.12/site-packages/airflow/example_dags/example_latest_only_with_trigger.py
[2024-04-12T21:21:00.734+0000] {logging_mixin.py:188} INFO - [2024-04-12T21:21:00.733+0000] {dag.py:3096} INFO - Sync 1 DAGs
[2024-04-12T21:21:00.758+0000] {logging_mixin.py:188} INFO - [2024-04-12T21:21:00.757+0000] {dag.py:3954} INFO - Setting next_dagrun for latest_only_with_trigger to 2024-04-12 16:00:00+00:00, run_after=2024-04-12 20:00:00+00:00
[2024-04-12T21:21:00.812+0000] {processor.py:183} INFO - Processing /home/airflow/.local/lib/python3.12/site-packages/airflow/example_dags/example_latest_only_with_trigger.py took 0.129 seconds
[2024-04-12T21:21:31.213+0000] {processor.py:161} INFO - Started process (PID=819) to work on /home/airflow/.local/lib/python3.12/site-packages/airflow/example_dags/example_latest_only_with_trigger.py
[2024-04-12T21:21:31.215+0000] {processor.py:830} INFO - Processing file /home/airflow/.local/lib/python3.12/site-packages/airflow/example_dags/example_latest_only_with_trigger.py for tasks to queue
[2024-04-12T21:21:31.218+0000] {logging_mixin.py:188} INFO - [2024-04-12T21:21:31.218+0000] {dagbag.py:540} INFO - Filling up the DagBag from /home/airflow/.local/lib/python3.12/site-packages/airflow/example_dags/example_latest_only_with_trigger.py
[2024-04-12T21:21:31.227+0000] {processor.py:840} INFO - DAG(s) 'latest_only_with_trigger' retrieved from /home/airflow/.local/lib/python3.12/site-packages/airflow/example_dags/example_latest_only_with_trigger.py
[2024-04-12T21:21:31.263+0000] {logging_mixin.py:188} INFO - [2024-04-12T21:21:31.262+0000] {dag.py:3096} INFO - Sync 1 DAGs
[2024-04-12T21:21:31.293+0000] {logging_mixin.py:188} INFO - [2024-04-12T21:21:31.292+0000] {dag.py:3954} INFO - Setting next_dagrun for latest_only_with_trigger to 2024-04-12 16:00:00+00:00, run_after=2024-04-12 20:00:00+00:00
[2024-04-12T21:21:31.326+0000] {processor.py:183} INFO - Processing /home/airflow/.local/lib/python3.12/site-packages/airflow/example_dags/example_latest_only_with_trigger.py took 0.121 seconds
[2024-04-12T21:22:01.626+0000] {processor.py:161} INFO - Started process (PID=877) to work on /home/airflow/.local/lib/python3.12/site-packages/airflow/example_dags/example_latest_only_with_trigger.py
[2024-04-12T21:22:01.629+0000] {processor.py:830} INFO - Processing file /home/airflow/.local/lib/python3.12/site-packages/airflow/example_dags/example_latest_only_with_trigger.py for tasks to queue
[2024-04-12T21:22:01.634+0000] {logging_mixin.py:188} INFO - [2024-04-12T21:22:01.633+0000] {dagbag.py:540} INFO - Filling up the DagBag from /home/airflow/.local/lib/python3.12/site-packages/airflow/example_dags/example_latest_only_with_trigger.py
[2024-04-12T21:22:01.643+0000] {processor.py:840} INFO - DAG(s) 'latest_only_with_trigger' retrieved from /home/airflow/.local/lib/python3.12/site-packages/airflow/example_dags/example_latest_only_with_trigger.py
[2024-04-12T21:22:01.714+0000] {logging_mixin.py:188} INFO - [2024-04-12T21:22:01.713+0000] {dag.py:3096} INFO - Sync 1 DAGs
[2024-04-12T21:22:01.751+0000] {logging_mixin.py:188} INFO - [2024-04-12T21:22:01.751+0000] {dag.py:3954} INFO - Setting next_dagrun for latest_only_with_trigger to 2024-04-12 16:00:00+00:00, run_after=2024-04-12 20:00:00+00:00
[2024-04-12T21:22:01.787+0000] {processor.py:183} INFO - Processing /home/airflow/.local/lib/python3.12/site-packages/airflow/example_dags/example_latest_only_with_trigger.py took 0.169 seconds
[2024-04-12T21:22:31.976+0000] {processor.py:161} INFO - Started process (PID=935) to work on /home/airflow/.local/lib/python3.12/site-packages/airflow/example_dags/example_latest_only_with_trigger.py
[2024-04-12T21:22:31.977+0000] {processor.py:830} INFO - Processing file /home/airflow/.local/lib/python3.12/site-packages/airflow/example_dags/example_latest_only_with_trigger.py for tasks to queue
[2024-04-12T21:22:31.980+0000] {logging_mixin.py:188} INFO - [2024-04-12T21:22:31.979+0000] {dagbag.py:540} INFO - Filling up the DagBag from /home/airflow/.local/lib/python3.12/site-packages/airflow/example_dags/example_latest_only_with_trigger.py
[2024-04-12T21:22:31.987+0000] {processor.py:840} INFO - DAG(s) 'latest_only_with_trigger' retrieved from /home/airflow/.local/lib/python3.12/site-packages/airflow/example_dags/example_latest_only_with_trigger.py
[2024-04-12T21:22:32.014+0000] {logging_mixin.py:188} INFO - [2024-04-12T21:22:32.014+0000] {dag.py:3096} INFO - Sync 1 DAGs
[2024-04-12T21:22:32.039+0000] {logging_mixin.py:188} INFO - [2024-04-12T21:22:32.039+0000] {dag.py:3954} INFO - Setting next_dagrun for latest_only_with_trigger to 2024-04-12 16:00:00+00:00, run_after=2024-04-12 20:00:00+00:00
[2024-04-12T21:22:32.068+0000] {processor.py:183} INFO - Processing /home/airflow/.local/lib/python3.12/site-packages/airflow/example_dags/example_latest_only_with_trigger.py took 0.099 seconds
[2024-04-12T21:23:02.132+0000] {processor.py:161} INFO - Started process (PID=992) to work on /home/airflow/.local/lib/python3.12/site-packages/airflow/example_dags/example_latest_only_with_trigger.py
[2024-04-12T21:23:02.133+0000] {processor.py:830} INFO - Processing file /home/airflow/.local/lib/python3.12/site-packages/airflow/example_dags/example_latest_only_with_trigger.py for tasks to queue
[2024-04-12T21:23:02.136+0000] {logging_mixin.py:188} INFO - [2024-04-12T21:23:02.135+0000] {dagbag.py:540} INFO - Filling up the DagBag from /home/airflow/.local/lib/python3.12/site-packages/airflow/example_dags/example_latest_only_with_trigger.py
[2024-04-12T21:23:02.143+0000] {processor.py:840} INFO - DAG(s) 'latest_only_with_trigger' retrieved from /home/airflow/.local/lib/python3.12/site-packages/airflow/example_dags/example_latest_only_with_trigger.py
[2024-04-12T21:23:02.169+0000] {logging_mixin.py:188} INFO - [2024-04-12T21:23:02.169+0000] {dag.py:3096} INFO - Sync 1 DAGs
[2024-04-12T21:23:02.206+0000] {logging_mixin.py:188} INFO - [2024-04-12T21:23:02.205+0000] {dag.py:3954} INFO - Setting next_dagrun for latest_only_with_trigger to 2024-04-12 16:00:00+00:00, run_after=2024-04-12 20:00:00+00:00
[2024-04-12T21:23:02.231+0000] {processor.py:183} INFO - Processing /home/airflow/.local/lib/python3.12/site-packages/airflow/example_dags/example_latest_only_with_trigger.py took 0.106 seconds
[2024-04-12T21:23:32.719+0000] {processor.py:161} INFO - Started process (PID=1051) to work on /home/airflow/.local/lib/python3.12/site-packages/airflow/example_dags/example_latest_only_with_trigger.py
[2024-04-12T21:23:32.721+0000] {processor.py:830} INFO - Processing file /home/airflow/.local/lib/python3.12/site-packages/airflow/example_dags/example_latest_only_with_trigger.py for tasks to queue
[2024-04-12T21:23:32.723+0000] {logging_mixin.py:188} INFO - [2024-04-12T21:23:32.723+0000] {dagbag.py:540} INFO - Filling up the DagBag from /home/airflow/.local/lib/python3.12/site-packages/airflow/example_dags/example_latest_only_with_trigger.py
[2024-04-12T21:23:32.732+0000] {processor.py:840} INFO - DAG(s) 'latest_only_with_trigger' retrieved from /home/airflow/.local/lib/python3.12/site-packages/airflow/example_dags/example_latest_only_with_trigger.py
[2024-04-12T21:23:32.757+0000] {logging_mixin.py:188} INFO - [2024-04-12T21:23:32.757+0000] {dag.py:3096} INFO - Sync 1 DAGs
[2024-04-12T21:23:32.972+0000] {logging_mixin.py:188} INFO - [2024-04-12T21:23:32.971+0000] {dag.py:3954} INFO - Setting next_dagrun for latest_only_with_trigger to 2024-04-12 16:00:00+00:00, run_after=2024-04-12 20:00:00+00:00
[2024-04-12T21:23:33.004+0000] {processor.py:183} INFO - Processing /home/airflow/.local/lib/python3.12/site-packages/airflow/example_dags/example_latest_only_with_trigger.py took 0.297 seconds
[2024-04-12T21:27:55.634+0000] {processor.py:161} INFO - Started process (PID=31) to work on /home/airflow/.local/lib/python3.12/site-packages/airflow/example_dags/example_latest_only_with_trigger.py
[2024-04-12T21:27:55.637+0000] {processor.py:830} INFO - Processing file /home/airflow/.local/lib/python3.12/site-packages/airflow/example_dags/example_latest_only_with_trigger.py for tasks to queue
[2024-04-12T21:27:55.649+0000] {logging_mixin.py:188} INFO - [2024-04-12T21:27:55.648+0000] {dagbag.py:540} INFO - Filling up the DagBag from /home/airflow/.local/lib/python3.12/site-packages/airflow/example_dags/example_latest_only_with_trigger.py
[2024-04-12T21:27:55.756+0000] {processor.py:840} INFO - DAG(s) 'latest_only_with_trigger' retrieved from /home/airflow/.local/lib/python3.12/site-packages/airflow/example_dags/example_latest_only_with_trigger.py
[2024-04-12T21:27:56.584+0000] {logging_mixin.py:188} INFO - [2024-04-12T21:27:56.583+0000] {dag.py:3096} INFO - Sync 1 DAGs
[2024-04-12T21:27:56.641+0000] {logging_mixin.py:188} INFO - [2024-04-12T21:27:56.641+0000] {dag.py:3954} INFO - Setting next_dagrun for latest_only_with_trigger to 2024-04-12 16:00:00+00:00, run_after=2024-04-12 20:00:00+00:00
[2024-04-12T21:27:56.687+0000] {processor.py:183} INFO - Processing /home/airflow/.local/lib/python3.12/site-packages/airflow/example_dags/example_latest_only_with_trigger.py took 1.073 seconds
[2024-04-12T21:28:26.826+0000] {processor.py:161} INFO - Started process (PID=96) to work on /home/airflow/.local/lib/python3.12/site-packages/airflow/example_dags/example_latest_only_with_trigger.py
[2024-04-12T21:28:26.827+0000] {processor.py:830} INFO - Processing file /home/airflow/.local/lib/python3.12/site-packages/airflow/example_dags/example_latest_only_with_trigger.py for tasks to queue
[2024-04-12T21:28:26.830+0000] {logging_mixin.py:188} INFO - [2024-04-12T21:28:26.829+0000] {dagbag.py:540} INFO - Filling up the DagBag from /home/airflow/.local/lib/python3.12/site-packages/airflow/example_dags/example_latest_only_with_trigger.py
[2024-04-12T21:28:26.835+0000] {processor.py:840} INFO - DAG(s) 'latest_only_with_trigger' retrieved from /home/airflow/.local/lib/python3.12/site-packages/airflow/example_dags/example_latest_only_with_trigger.py
[2024-04-12T21:28:26.864+0000] {logging_mixin.py:188} INFO - [2024-04-12T21:28:26.863+0000] {dag.py:3096} INFO - Sync 1 DAGs
[2024-04-12T21:28:26.892+0000] {logging_mixin.py:188} INFO - [2024-04-12T21:28:26.891+0000] {dag.py:3954} INFO - Setting next_dagrun for latest_only_with_trigger to 2024-04-12 16:00:00+00:00, run_after=2024-04-12 20:00:00+00:00
[2024-04-12T21:28:26.927+0000] {processor.py:183} INFO - Processing /home/airflow/.local/lib/python3.12/site-packages/airflow/example_dags/example_latest_only_with_trigger.py took 0.107 seconds
[2024-04-12T21:28:56.967+0000] {processor.py:161} INFO - Started process (PID=155) to work on /home/airflow/.local/lib/python3.12/site-packages/airflow/example_dags/example_latest_only_with_trigger.py
[2024-04-12T21:28:56.968+0000] {processor.py:830} INFO - Processing file /home/airflow/.local/lib/python3.12/site-packages/airflow/example_dags/example_latest_only_with_trigger.py for tasks to queue
[2024-04-12T21:28:56.971+0000] {logging_mixin.py:188} INFO - [2024-04-12T21:28:56.970+0000] {dagbag.py:540} INFO - Filling up the DagBag from /home/airflow/.local/lib/python3.12/site-packages/airflow/example_dags/example_latest_only_with_trigger.py
[2024-04-12T21:28:56.977+0000] {processor.py:840} INFO - DAG(s) 'latest_only_with_trigger' retrieved from /home/airflow/.local/lib/python3.12/site-packages/airflow/example_dags/example_latest_only_with_trigger.py
[2024-04-12T21:28:57.002+0000] {logging_mixin.py:188} INFO - [2024-04-12T21:28:57.001+0000] {dag.py:3096} INFO - Sync 1 DAGs
[2024-04-12T21:28:57.030+0000] {logging_mixin.py:188} INFO - [2024-04-12T21:28:57.030+0000] {dag.py:3954} INFO - Setting next_dagrun for latest_only_with_trigger to 2024-04-12 16:00:00+00:00, run_after=2024-04-12 20:00:00+00:00
[2024-04-12T21:28:57.058+0000] {processor.py:183} INFO - Processing /home/airflow/.local/lib/python3.12/site-packages/airflow/example_dags/example_latest_only_with_trigger.py took 0.097 seconds
[2024-04-12T21:29:27.146+0000] {processor.py:161} INFO - Started process (PID=213) to work on /home/airflow/.local/lib/python3.12/site-packages/airflow/example_dags/example_latest_only_with_trigger.py
[2024-04-12T21:29:27.147+0000] {processor.py:830} INFO - Processing file /home/airflow/.local/lib/python3.12/site-packages/airflow/example_dags/example_latest_only_with_trigger.py for tasks to queue
[2024-04-12T21:29:27.149+0000] {logging_mixin.py:188} INFO - [2024-04-12T21:29:27.149+0000] {dagbag.py:540} INFO - Filling up the DagBag from /home/airflow/.local/lib/python3.12/site-packages/airflow/example_dags/example_latest_only_with_trigger.py
[2024-04-12T21:29:27.156+0000] {processor.py:840} INFO - DAG(s) 'latest_only_with_trigger' retrieved from /home/airflow/.local/lib/python3.12/site-packages/airflow/example_dags/example_latest_only_with_trigger.py
[2024-04-12T21:29:27.186+0000] {logging_mixin.py:188} INFO - [2024-04-12T21:29:27.186+0000] {dag.py:3096} INFO - Sync 1 DAGs
[2024-04-12T21:29:27.222+0000] {logging_mixin.py:188} INFO - [2024-04-12T21:29:27.222+0000] {dag.py:3954} INFO - Setting next_dagrun for latest_only_with_trigger to 2024-04-12 16:00:00+00:00, run_after=2024-04-12 20:00:00+00:00
[2024-04-12T21:29:27.267+0000] {processor.py:183} INFO - Processing /home/airflow/.local/lib/python3.12/site-packages/airflow/example_dags/example_latest_only_with_trigger.py took 0.128 seconds
[2024-04-12T21:57:19.699+0000] {processor.py:161} INFO - Started process (PID=32) to work on /home/airflow/.local/lib/python3.12/site-packages/airflow/example_dags/example_latest_only_with_trigger.py
[2024-04-12T21:57:19.701+0000] {processor.py:830} INFO - Processing file /home/airflow/.local/lib/python3.12/site-packages/airflow/example_dags/example_latest_only_with_trigger.py for tasks to queue
[2024-04-12T21:57:19.704+0000] {logging_mixin.py:188} INFO - [2024-04-12T21:57:19.704+0000] {dagbag.py:540} INFO - Filling up the DagBag from /home/airflow/.local/lib/python3.12/site-packages/airflow/example_dags/example_latest_only_with_trigger.py
[2024-04-12T21:57:19.720+0000] {processor.py:840} INFO - DAG(s) 'latest_only_with_trigger' retrieved from /home/airflow/.local/lib/python3.12/site-packages/airflow/example_dags/example_latest_only_with_trigger.py
[2024-04-12T21:57:19.962+0000] {logging_mixin.py:188} INFO - [2024-04-12T21:57:19.962+0000] {dag.py:3096} INFO - Sync 1 DAGs
[2024-04-12T21:57:20.005+0000] {logging_mixin.py:188} INFO - [2024-04-12T21:57:20.005+0000] {dag.py:3954} INFO - Setting next_dagrun for latest_only_with_trigger to 2024-04-12 16:00:00+00:00, run_after=2024-04-12 20:00:00+00:00
[2024-04-12T21:57:20.129+0000] {processor.py:183} INFO - Processing /home/airflow/.local/lib/python3.12/site-packages/airflow/example_dags/example_latest_only_with_trigger.py took 0.443 seconds
[2024-04-12T21:57:50.440+0000] {processor.py:161} INFO - Started process (PID=91) to work on /home/airflow/.local/lib/python3.12/site-packages/airflow/example_dags/example_latest_only_with_trigger.py
[2024-04-12T21:57:50.441+0000] {processor.py:830} INFO - Processing file /home/airflow/.local/lib/python3.12/site-packages/airflow/example_dags/example_latest_only_with_trigger.py for tasks to queue
[2024-04-12T21:57:50.443+0000] {logging_mixin.py:188} INFO - [2024-04-12T21:57:50.443+0000] {dagbag.py:540} INFO - Filling up the DagBag from /home/airflow/.local/lib/python3.12/site-packages/airflow/example_dags/example_latest_only_with_trigger.py
[2024-04-12T21:57:50.450+0000] {processor.py:840} INFO - DAG(s) 'latest_only_with_trigger' retrieved from /home/airflow/.local/lib/python3.12/site-packages/airflow/example_dags/example_latest_only_with_trigger.py
[2024-04-12T21:57:50.476+0000] {logging_mixin.py:188} INFO - [2024-04-12T21:57:50.475+0000] {dag.py:3096} INFO - Sync 1 DAGs
[2024-04-12T21:57:50.504+0000] {logging_mixin.py:188} INFO - [2024-04-12T21:57:50.504+0000] {dag.py:3954} INFO - Setting next_dagrun for latest_only_with_trigger to 2024-04-12 16:00:00+00:00, run_after=2024-04-12 20:00:00+00:00
[2024-04-12T21:57:50.532+0000] {processor.py:183} INFO - Processing /home/airflow/.local/lib/python3.12/site-packages/airflow/example_dags/example_latest_only_with_trigger.py took 0.098 seconds
[2024-04-12T21:58:20.743+0000] {processor.py:161} INFO - Started process (PID=150) to work on /home/airflow/.local/lib/python3.12/site-packages/airflow/example_dags/example_latest_only_with_trigger.py
[2024-04-12T21:58:20.744+0000] {processor.py:830} INFO - Processing file /home/airflow/.local/lib/python3.12/site-packages/airflow/example_dags/example_latest_only_with_trigger.py for tasks to queue
[2024-04-12T21:58:20.747+0000] {logging_mixin.py:188} INFO - [2024-04-12T21:58:20.746+0000] {dagbag.py:540} INFO - Filling up the DagBag from /home/airflow/.local/lib/python3.12/site-packages/airflow/example_dags/example_latest_only_with_trigger.py
[2024-04-12T21:58:20.754+0000] {processor.py:840} INFO - DAG(s) 'latest_only_with_trigger' retrieved from /home/airflow/.local/lib/python3.12/site-packages/airflow/example_dags/example_latest_only_with_trigger.py
[2024-04-12T21:58:20.781+0000] {logging_mixin.py:188} INFO - [2024-04-12T21:58:20.781+0000] {dag.py:3096} INFO - Sync 1 DAGs
[2024-04-12T21:58:20.818+0000] {logging_mixin.py:188} INFO - [2024-04-12T21:58:20.818+0000] {dag.py:3954} INFO - Setting next_dagrun for latest_only_with_trigger to 2024-04-12 16:00:00+00:00, run_after=2024-04-12 20:00:00+00:00
[2024-04-12T21:58:20.847+0000] {processor.py:183} INFO - Processing /home/airflow/.local/lib/python3.12/site-packages/airflow/example_dags/example_latest_only_with_trigger.py took 0.112 seconds
[2024-04-12T21:58:51.376+0000] {processor.py:161} INFO - Started process (PID=209) to work on /home/airflow/.local/lib/python3.12/site-packages/airflow/example_dags/example_latest_only_with_trigger.py
[2024-04-12T21:58:51.379+0000] {processor.py:830} INFO - Processing file /home/airflow/.local/lib/python3.12/site-packages/airflow/example_dags/example_latest_only_with_trigger.py for tasks to queue
[2024-04-12T21:58:51.382+0000] {logging_mixin.py:188} INFO - [2024-04-12T21:58:51.381+0000] {dagbag.py:540} INFO - Filling up the DagBag from /home/airflow/.local/lib/python3.12/site-packages/airflow/example_dags/example_latest_only_with_trigger.py
[2024-04-12T21:58:51.389+0000] {processor.py:840} INFO - DAG(s) 'latest_only_with_trigger' retrieved from /home/airflow/.local/lib/python3.12/site-packages/airflow/example_dags/example_latest_only_with_trigger.py
[2024-04-12T21:58:51.414+0000] {logging_mixin.py:188} INFO - [2024-04-12T21:58:51.414+0000] {dag.py:3096} INFO - Sync 1 DAGs
[2024-04-12T21:58:51.442+0000] {logging_mixin.py:188} INFO - [2024-04-12T21:58:51.442+0000] {dag.py:3954} INFO - Setting next_dagrun for latest_only_with_trigger to 2024-04-12 16:00:00+00:00, run_after=2024-04-12 20:00:00+00:00
[2024-04-12T21:58:51.468+0000] {processor.py:183} INFO - Processing /home/airflow/.local/lib/python3.12/site-packages/airflow/example_dags/example_latest_only_with_trigger.py took 0.098 seconds
[2024-04-12T21:59:21.697+0000] {processor.py:161} INFO - Started process (PID=268) to work on /home/airflow/.local/lib/python3.12/site-packages/airflow/example_dags/example_latest_only_with_trigger.py
[2024-04-12T21:59:21.698+0000] {processor.py:830} INFO - Processing file /home/airflow/.local/lib/python3.12/site-packages/airflow/example_dags/example_latest_only_with_trigger.py for tasks to queue
[2024-04-12T21:59:21.700+0000] {logging_mixin.py:188} INFO - [2024-04-12T21:59:21.700+0000] {dagbag.py:540} INFO - Filling up the DagBag from /home/airflow/.local/lib/python3.12/site-packages/airflow/example_dags/example_latest_only_with_trigger.py
[2024-04-12T21:59:21.706+0000] {processor.py:840} INFO - DAG(s) 'latest_only_with_trigger' retrieved from /home/airflow/.local/lib/python3.12/site-packages/airflow/example_dags/example_latest_only_with_trigger.py
[2024-04-12T21:59:21.737+0000] {logging_mixin.py:188} INFO - [2024-04-12T21:59:21.736+0000] {dag.py:3096} INFO - Sync 1 DAGs
[2024-04-12T21:59:21.763+0000] {logging_mixin.py:188} INFO - [2024-04-12T21:59:21.763+0000] {dag.py:3954} INFO - Setting next_dagrun for latest_only_with_trigger to 2024-04-12 16:00:00+00:00, run_after=2024-04-12 20:00:00+00:00
[2024-04-12T21:59:21.786+0000] {processor.py:183} INFO - Processing /home/airflow/.local/lib/python3.12/site-packages/airflow/example_dags/example_latest_only_with_trigger.py took 0.097 seconds
[2024-04-12T21:59:52.018+0000] {processor.py:161} INFO - Started process (PID=327) to work on /home/airflow/.local/lib/python3.12/site-packages/airflow/example_dags/example_latest_only_with_trigger.py
[2024-04-12T21:59:52.019+0000] {processor.py:830} INFO - Processing file /home/airflow/.local/lib/python3.12/site-packages/airflow/example_dags/example_latest_only_with_trigger.py for tasks to queue
[2024-04-12T21:59:52.021+0000] {logging_mixin.py:188} INFO - [2024-04-12T21:59:52.021+0000] {dagbag.py:540} INFO - Filling up the DagBag from /home/airflow/.local/lib/python3.12/site-packages/airflow/example_dags/example_latest_only_with_trigger.py
[2024-04-12T21:59:52.030+0000] {processor.py:840} INFO - DAG(s) 'latest_only_with_trigger' retrieved from /home/airflow/.local/lib/python3.12/site-packages/airflow/example_dags/example_latest_only_with_trigger.py
[2024-04-12T21:59:52.062+0000] {logging_mixin.py:188} INFO - [2024-04-12T21:59:52.061+0000] {dag.py:3096} INFO - Sync 1 DAGs
[2024-04-12T21:59:52.088+0000] {logging_mixin.py:188} INFO - [2024-04-12T21:59:52.088+0000] {dag.py:3954} INFO - Setting next_dagrun for latest_only_with_trigger to 2024-04-12 16:00:00+00:00, run_after=2024-04-12 20:00:00+00:00
[2024-04-12T21:59:52.115+0000] {processor.py:183} INFO - Processing /home/airflow/.local/lib/python3.12/site-packages/airflow/example_dags/example_latest_only_with_trigger.py took 0.105 seconds
[2024-04-12T22:00:22.382+0000] {processor.py:161} INFO - Started process (PID=386) to work on /home/airflow/.local/lib/python3.12/site-packages/airflow/example_dags/example_latest_only_with_trigger.py
[2024-04-12T22:00:22.383+0000] {processor.py:830} INFO - Processing file /home/airflow/.local/lib/python3.12/site-packages/airflow/example_dags/example_latest_only_with_trigger.py for tasks to queue
[2024-04-12T22:00:22.386+0000] {logging_mixin.py:188} INFO - [2024-04-12T22:00:22.385+0000] {dagbag.py:540} INFO - Filling up the DagBag from /home/airflow/.local/lib/python3.12/site-packages/airflow/example_dags/example_latest_only_with_trigger.py
[2024-04-12T22:00:22.396+0000] {processor.py:840} INFO - DAG(s) 'latest_only_with_trigger' retrieved from /home/airflow/.local/lib/python3.12/site-packages/airflow/example_dags/example_latest_only_with_trigger.py
[2024-04-12T22:00:22.425+0000] {logging_mixin.py:188} INFO - [2024-04-12T22:00:22.424+0000] {dag.py:3096} INFO - Sync 1 DAGs
[2024-04-12T22:00:22.457+0000] {logging_mixin.py:188} INFO - [2024-04-12T22:00:22.457+0000] {dag.py:3954} INFO - Setting next_dagrun for latest_only_with_trigger to 2024-04-12 16:00:00+00:00, run_after=2024-04-12 20:00:00+00:00
[2024-04-12T22:00:22.487+0000] {processor.py:183} INFO - Processing /home/airflow/.local/lib/python3.12/site-packages/airflow/example_dags/example_latest_only_with_trigger.py took 0.112 seconds
[2024-04-12T22:00:53.167+0000] {processor.py:161} INFO - Started process (PID=445) to work on /home/airflow/.local/lib/python3.12/site-packages/airflow/example_dags/example_latest_only_with_trigger.py
[2024-04-12T22:00:53.168+0000] {processor.py:830} INFO - Processing file /home/airflow/.local/lib/python3.12/site-packages/airflow/example_dags/example_latest_only_with_trigger.py for tasks to queue
[2024-04-12T22:00:53.172+0000] {logging_mixin.py:188} INFO - [2024-04-12T22:00:53.171+0000] {dagbag.py:540} INFO - Filling up the DagBag from /home/airflow/.local/lib/python3.12/site-packages/airflow/example_dags/example_latest_only_with_trigger.py
[2024-04-12T22:00:53.184+0000] {processor.py:840} INFO - DAG(s) 'latest_only_with_trigger' retrieved from /home/airflow/.local/lib/python3.12/site-packages/airflow/example_dags/example_latest_only_with_trigger.py
[2024-04-12T22:00:53.230+0000] {logging_mixin.py:188} INFO - [2024-04-12T22:00:53.230+0000] {dag.py:3096} INFO - Sync 1 DAGs
[2024-04-12T22:00:53.262+0000] {logging_mixin.py:188} INFO - [2024-04-12T22:00:53.262+0000] {dag.py:3954} INFO - Setting next_dagrun for latest_only_with_trigger to 2024-04-12 16:00:00+00:00, run_after=2024-04-12 20:00:00+00:00
[2024-04-12T22:00:53.293+0000] {processor.py:183} INFO - Processing /home/airflow/.local/lib/python3.12/site-packages/airflow/example_dags/example_latest_only_with_trigger.py took 0.141 seconds
[2024-04-12T22:01:23.375+0000] {processor.py:161} INFO - Started process (PID=503) to work on /home/airflow/.local/lib/python3.12/site-packages/airflow/example_dags/example_latest_only_with_trigger.py
[2024-04-12T22:01:23.376+0000] {processor.py:830} INFO - Processing file /home/airflow/.local/lib/python3.12/site-packages/airflow/example_dags/example_latest_only_with_trigger.py for tasks to queue
[2024-04-12T22:01:23.381+0000] {logging_mixin.py:188} INFO - [2024-04-12T22:01:23.381+0000] {dagbag.py:540} INFO - Filling up the DagBag from /home/airflow/.local/lib/python3.12/site-packages/airflow/example_dags/example_latest_only_with_trigger.py
[2024-04-12T22:01:23.392+0000] {processor.py:840} INFO - DAG(s) 'latest_only_with_trigger' retrieved from /home/airflow/.local/lib/python3.12/site-packages/airflow/example_dags/example_latest_only_with_trigger.py
[2024-04-12T22:01:23.444+0000] {logging_mixin.py:188} INFO - [2024-04-12T22:01:23.444+0000] {dag.py:3096} INFO - Sync 1 DAGs
[2024-04-12T22:01:23.510+0000] {logging_mixin.py:188} INFO - [2024-04-12T22:01:23.510+0000] {dag.py:3954} INFO - Setting next_dagrun for latest_only_with_trigger to 2024-04-12 16:00:00+00:00, run_after=2024-04-12 20:00:00+00:00
[2024-04-12T22:01:23.556+0000] {processor.py:183} INFO - Processing /home/airflow/.local/lib/python3.12/site-packages/airflow/example_dags/example_latest_only_with_trigger.py took 0.191 seconds
[2024-04-12T22:01:54.018+0000] {processor.py:161} INFO - Started process (PID=562) to work on /home/airflow/.local/lib/python3.12/site-packages/airflow/example_dags/example_latest_only_with_trigger.py
[2024-04-12T22:01:54.020+0000] {processor.py:830} INFO - Processing file /home/airflow/.local/lib/python3.12/site-packages/airflow/example_dags/example_latest_only_with_trigger.py for tasks to queue
[2024-04-12T22:01:54.025+0000] {logging_mixin.py:188} INFO - [2024-04-12T22:01:54.024+0000] {dagbag.py:540} INFO - Filling up the DagBag from /home/airflow/.local/lib/python3.12/site-packages/airflow/example_dags/example_latest_only_with_trigger.py
[2024-04-12T22:01:54.033+0000] {processor.py:840} INFO - DAG(s) 'latest_only_with_trigger' retrieved from /home/airflow/.local/lib/python3.12/site-packages/airflow/example_dags/example_latest_only_with_trigger.py
[2024-04-12T22:01:54.071+0000] {logging_mixin.py:188} INFO - [2024-04-12T22:01:54.071+0000] {dag.py:3096} INFO - Sync 1 DAGs
[2024-04-12T22:01:54.110+0000] {logging_mixin.py:188} INFO - [2024-04-12T22:01:54.109+0000] {dag.py:3954} INFO - Setting next_dagrun for latest_only_with_trigger to 2024-04-12 16:00:00+00:00, run_after=2024-04-12 20:00:00+00:00
[2024-04-12T22:01:54.165+0000] {processor.py:183} INFO - Processing /home/airflow/.local/lib/python3.12/site-packages/airflow/example_dags/example_latest_only_with_trigger.py took 0.157 seconds
[2024-04-12T22:02:25.085+0000] {processor.py:161} INFO - Started process (PID=621) to work on /home/airflow/.local/lib/python3.12/site-packages/airflow/example_dags/example_latest_only_with_trigger.py
[2024-04-12T22:02:25.087+0000] {processor.py:830} INFO - Processing file /home/airflow/.local/lib/python3.12/site-packages/airflow/example_dags/example_latest_only_with_trigger.py for tasks to queue
[2024-04-12T22:02:25.090+0000] {logging_mixin.py:188} INFO - [2024-04-12T22:02:25.089+0000] {dagbag.py:540} INFO - Filling up the DagBag from /home/airflow/.local/lib/python3.12/site-packages/airflow/example_dags/example_latest_only_with_trigger.py
[2024-04-12T22:02:25.098+0000] {processor.py:840} INFO - DAG(s) 'latest_only_with_trigger' retrieved from /home/airflow/.local/lib/python3.12/site-packages/airflow/example_dags/example_latest_only_with_trigger.py
[2024-04-12T22:02:25.162+0000] {logging_mixin.py:188} INFO - [2024-04-12T22:02:25.161+0000] {dag.py:3096} INFO - Sync 1 DAGs
[2024-04-12T22:02:25.242+0000] {logging_mixin.py:188} INFO - [2024-04-12T22:02:25.242+0000] {dag.py:3954} INFO - Setting next_dagrun for latest_only_with_trigger to 2024-04-12 16:00:00+00:00, run_after=2024-04-12 20:00:00+00:00
[2024-04-12T22:02:25.311+0000] {processor.py:183} INFO - Processing /home/airflow/.local/lib/python3.12/site-packages/airflow/example_dags/example_latest_only_with_trigger.py took 0.235 seconds
[2024-04-12T22:02:55.612+0000] {processor.py:161} INFO - Started process (PID=680) to work on /home/airflow/.local/lib/python3.12/site-packages/airflow/example_dags/example_latest_only_with_trigger.py
[2024-04-12T22:02:55.614+0000] {processor.py:830} INFO - Processing file /home/airflow/.local/lib/python3.12/site-packages/airflow/example_dags/example_latest_only_with_trigger.py for tasks to queue
[2024-04-12T22:02:55.616+0000] {logging_mixin.py:188} INFO - [2024-04-12T22:02:55.616+0000] {dagbag.py:540} INFO - Filling up the DagBag from /home/airflow/.local/lib/python3.12/site-packages/airflow/example_dags/example_latest_only_with_trigger.py
[2024-04-12T22:02:55.624+0000] {processor.py:840} INFO - DAG(s) 'latest_only_with_trigger' retrieved from /home/airflow/.local/lib/python3.12/site-packages/airflow/example_dags/example_latest_only_with_trigger.py
[2024-04-12T22:02:55.650+0000] {logging_mixin.py:188} INFO - [2024-04-12T22:02:55.649+0000] {dag.py:3096} INFO - Sync 1 DAGs
[2024-04-12T22:02:55.679+0000] {logging_mixin.py:188} INFO - [2024-04-12T22:02:55.678+0000] {dag.py:3954} INFO - Setting next_dagrun for latest_only_with_trigger to 2024-04-12 16:00:00+00:00, run_after=2024-04-12 20:00:00+00:00
[2024-04-12T22:02:55.714+0000] {processor.py:183} INFO - Processing /home/airflow/.local/lib/python3.12/site-packages/airflow/example_dags/example_latest_only_with_trigger.py took 0.108 seconds
[2024-04-12T22:03:26.823+0000] {processor.py:161} INFO - Started process (PID=739) to work on /home/airflow/.local/lib/python3.12/site-packages/airflow/example_dags/example_latest_only_with_trigger.py
[2024-04-12T22:03:26.825+0000] {processor.py:830} INFO - Processing file /home/airflow/.local/lib/python3.12/site-packages/airflow/example_dags/example_latest_only_with_trigger.py for tasks to queue
[2024-04-12T22:03:26.829+0000] {logging_mixin.py:188} INFO - [2024-04-12T22:03:26.829+0000] {dagbag.py:540} INFO - Filling up the DagBag from /home/airflow/.local/lib/python3.12/site-packages/airflow/example_dags/example_latest_only_with_trigger.py
[2024-04-12T22:03:26.838+0000] {processor.py:840} INFO - DAG(s) 'latest_only_with_trigger' retrieved from /home/airflow/.local/lib/python3.12/site-packages/airflow/example_dags/example_latest_only_with_trigger.py
[2024-04-12T22:03:26.878+0000] {logging_mixin.py:188} INFO - [2024-04-12T22:03:26.878+0000] {dag.py:3096} INFO - Sync 1 DAGs
[2024-04-12T22:03:26.959+0000] {logging_mixin.py:188} INFO - [2024-04-12T22:03:26.958+0000] {dag.py:3954} INFO - Setting next_dagrun for latest_only_with_trigger to 2024-04-12 16:00:00+00:00, run_after=2024-04-12 20:00:00+00:00
[2024-04-12T22:03:27.014+0000] {processor.py:183} INFO - Processing /home/airflow/.local/lib/python3.12/site-packages/airflow/example_dags/example_latest_only_with_trigger.py took 0.200 seconds
[2024-04-12T22:03:57.213+0000] {processor.py:161} INFO - Started process (PID=798) to work on /home/airflow/.local/lib/python3.12/site-packages/airflow/example_dags/example_latest_only_with_trigger.py
[2024-04-12T22:03:57.214+0000] {processor.py:830} INFO - Processing file /home/airflow/.local/lib/python3.12/site-packages/airflow/example_dags/example_latest_only_with_trigger.py for tasks to queue
[2024-04-12T22:03:57.216+0000] {logging_mixin.py:188} INFO - [2024-04-12T22:03:57.216+0000] {dagbag.py:540} INFO - Filling up the DagBag from /home/airflow/.local/lib/python3.12/site-packages/airflow/example_dags/example_latest_only_with_trigger.py
[2024-04-12T22:03:57.222+0000] {processor.py:840} INFO - DAG(s) 'latest_only_with_trigger' retrieved from /home/airflow/.local/lib/python3.12/site-packages/airflow/example_dags/example_latest_only_with_trigger.py
[2024-04-12T22:03:57.249+0000] {logging_mixin.py:188} INFO - [2024-04-12T22:03:57.249+0000] {dag.py:3096} INFO - Sync 1 DAGs
[2024-04-12T22:03:57.275+0000] {logging_mixin.py:188} INFO - [2024-04-12T22:03:57.275+0000] {dag.py:3954} INFO - Setting next_dagrun for latest_only_with_trigger to 2024-04-12 16:00:00+00:00, run_after=2024-04-12 20:00:00+00:00
[2024-04-12T22:03:57.301+0000] {processor.py:183} INFO - Processing /home/airflow/.local/lib/python3.12/site-packages/airflow/example_dags/example_latest_only_with_trigger.py took 0.094 seconds
[2024-04-12T22:04:27.367+0000] {processor.py:161} INFO - Started process (PID=857) to work on /home/airflow/.local/lib/python3.12/site-packages/airflow/example_dags/example_latest_only_with_trigger.py
[2024-04-12T22:04:27.369+0000] {processor.py:830} INFO - Processing file /home/airflow/.local/lib/python3.12/site-packages/airflow/example_dags/example_latest_only_with_trigger.py for tasks to queue
[2024-04-12T22:04:27.373+0000] {logging_mixin.py:188} INFO - [2024-04-12T22:04:27.373+0000] {dagbag.py:540} INFO - Filling up the DagBag from /home/airflow/.local/lib/python3.12/site-packages/airflow/example_dags/example_latest_only_with_trigger.py
[2024-04-12T22:04:27.381+0000] {processor.py:840} INFO - DAG(s) 'latest_only_with_trigger' retrieved from /home/airflow/.local/lib/python3.12/site-packages/airflow/example_dags/example_latest_only_with_trigger.py
[2024-04-12T22:04:27.407+0000] {logging_mixin.py:188} INFO - [2024-04-12T22:04:27.407+0000] {dag.py:3096} INFO - Sync 1 DAGs
[2024-04-12T22:04:27.434+0000] {logging_mixin.py:188} INFO - [2024-04-12T22:04:27.434+0000] {dag.py:3954} INFO - Setting next_dagrun for latest_only_with_trigger to 2024-04-12 16:00:00+00:00, run_after=2024-04-12 20:00:00+00:00
[2024-04-12T22:04:27.459+0000] {processor.py:183} INFO - Processing /home/airflow/.local/lib/python3.12/site-packages/airflow/example_dags/example_latest_only_with_trigger.py took 0.100 seconds
[2024-04-12T22:04:57.808+0000] {processor.py:161} INFO - Started process (PID=917) to work on /home/airflow/.local/lib/python3.12/site-packages/airflow/example_dags/example_latest_only_with_trigger.py
[2024-04-12T22:04:57.809+0000] {processor.py:830} INFO - Processing file /home/airflow/.local/lib/python3.12/site-packages/airflow/example_dags/example_latest_only_with_trigger.py for tasks to queue
[2024-04-12T22:04:57.811+0000] {logging_mixin.py:188} INFO - [2024-04-12T22:04:57.811+0000] {dagbag.py:540} INFO - Filling up the DagBag from /home/airflow/.local/lib/python3.12/site-packages/airflow/example_dags/example_latest_only_with_trigger.py
[2024-04-12T22:04:57.817+0000] {processor.py:840} INFO - DAG(s) 'latest_only_with_trigger' retrieved from /home/airflow/.local/lib/python3.12/site-packages/airflow/example_dags/example_latest_only_with_trigger.py
[2024-04-12T22:04:57.843+0000] {logging_mixin.py:188} INFO - [2024-04-12T22:04:57.843+0000] {dag.py:3096} INFO - Sync 1 DAGs
[2024-04-12T22:04:57.870+0000] {logging_mixin.py:188} INFO - [2024-04-12T22:04:57.869+0000] {dag.py:3954} INFO - Setting next_dagrun for latest_only_with_trigger to 2024-04-12 16:00:00+00:00, run_after=2024-04-12 20:00:00+00:00
[2024-04-12T22:04:57.897+0000] {processor.py:183} INFO - Processing /home/airflow/.local/lib/python3.12/site-packages/airflow/example_dags/example_latest_only_with_trigger.py took 0.095 seconds
[2024-04-12T22:05:28.871+0000] {processor.py:161} INFO - Started process (PID=982) to work on /home/airflow/.local/lib/python3.12/site-packages/airflow/example_dags/example_latest_only_with_trigger.py
[2024-04-12T22:05:28.872+0000] {processor.py:830} INFO - Processing file /home/airflow/.local/lib/python3.12/site-packages/airflow/example_dags/example_latest_only_with_trigger.py for tasks to queue
[2024-04-12T22:05:28.875+0000] {logging_mixin.py:188} INFO - [2024-04-12T22:05:28.874+0000] {dagbag.py:540} INFO - Filling up the DagBag from /home/airflow/.local/lib/python3.12/site-packages/airflow/example_dags/example_latest_only_with_trigger.py
[2024-04-12T22:05:28.881+0000] {processor.py:840} INFO - DAG(s) 'latest_only_with_trigger' retrieved from /home/airflow/.local/lib/python3.12/site-packages/airflow/example_dags/example_latest_only_with_trigger.py
[2024-04-12T22:05:28.904+0000] {logging_mixin.py:188} INFO - [2024-04-12T22:05:28.904+0000] {dag.py:3096} INFO - Sync 1 DAGs
[2024-04-12T22:05:29.070+0000] {logging_mixin.py:188} INFO - [2024-04-12T22:05:29.070+0000] {dag.py:3954} INFO - Setting next_dagrun for latest_only_with_trigger to 2024-04-12 16:00:00+00:00, run_after=2024-04-12 20:00:00+00:00
[2024-04-12T22:05:29.098+0000] {processor.py:183} INFO - Processing /home/airflow/.local/lib/python3.12/site-packages/airflow/example_dags/example_latest_only_with_trigger.py took 0.234 seconds
