[2024-04-12T21:14:34.721+0000] {processor.py:161} INFO - Started process (PID=64) to work on /home/airflow/.local/lib/python3.12/site-packages/airflow/example_dags/example_sensors.py
[2024-04-12T21:14:34.724+0000] {processor.py:830} INFO - Processing file /home/airflow/.local/lib/python3.12/site-packages/airflow/example_dags/example_sensors.py for tasks to queue
[2024-04-12T21:14:34.727+0000] {logging_mixin.py:188} INFO - [2024-04-12T21:14:34.726+0000] {dagbag.py:540} INFO - Filling up the DagBag from /home/airflow/.local/lib/python3.12/site-packages/airflow/example_dags/example_sensors.py
[2024-04-12T21:14:34.791+0000] {processor.py:840} INFO - DAG(s) 'example_sensors' retrieved from /home/airflow/.local/lib/python3.12/site-packages/airflow/example_dags/example_sensors.py
[2024-04-12T21:14:35.279+0000] {logging_mixin.py:188} INFO - [2024-04-12T21:14:35.278+0000] {dag.py:3096} INFO - Sync 1 DAGs
[2024-04-12T21:14:35.386+0000] {logging_mixin.py:188} INFO - [2024-04-12T21:14:35.386+0000] {dag.py:3954} INFO - Setting next_dagrun for example_sensors to None, run_after=None
[2024-04-12T21:14:35.541+0000] {processor.py:183} INFO - Processing /home/airflow/.local/lib/python3.12/site-packages/airflow/example_dags/example_sensors.py took 0.857 seconds
[2024-04-12T21:15:28.235+0000] {processor.py:161} INFO - Started process (PID=129) to work on /home/airflow/.local/lib/python3.12/site-packages/airflow/example_dags/example_sensors.py
[2024-04-12T21:15:28.243+0000] {processor.py:830} INFO - Processing file /home/airflow/.local/lib/python3.12/site-packages/airflow/example_dags/example_sensors.py for tasks to queue
[2024-04-12T21:15:28.263+0000] {logging_mixin.py:188} INFO - [2024-04-12T21:15:28.259+0000] {dagbag.py:540} INFO - Filling up the DagBag from /home/airflow/.local/lib/python3.12/site-packages/airflow/example_dags/example_sensors.py
[2024-04-12T21:15:28.340+0000] {processor.py:840} INFO - DAG(s) 'example_sensors' retrieved from /home/airflow/.local/lib/python3.12/site-packages/airflow/example_dags/example_sensors.py
[2024-04-12T21:15:28.537+0000] {logging_mixin.py:188} INFO - [2024-04-12T21:15:28.536+0000] {dag.py:3096} INFO - Sync 1 DAGs
[2024-04-12T21:15:28.607+0000] {logging_mixin.py:188} INFO - [2024-04-12T21:15:28.607+0000] {dag.py:3954} INFO - Setting next_dagrun for example_sensors to None, run_after=None
[2024-04-12T21:15:28.742+0000] {processor.py:183} INFO - Processing /home/airflow/.local/lib/python3.12/site-packages/airflow/example_dags/example_sensors.py took 0.532 seconds
[2024-04-12T21:15:59.703+0000] {processor.py:161} INFO - Started process (PID=188) to work on /home/airflow/.local/lib/python3.12/site-packages/airflow/example_dags/example_sensors.py
[2024-04-12T21:15:59.709+0000] {processor.py:830} INFO - Processing file /home/airflow/.local/lib/python3.12/site-packages/airflow/example_dags/example_sensors.py for tasks to queue
[2024-04-12T21:15:59.727+0000] {logging_mixin.py:188} INFO - [2024-04-12T21:15:59.726+0000] {dagbag.py:540} INFO - Filling up the DagBag from /home/airflow/.local/lib/python3.12/site-packages/airflow/example_dags/example_sensors.py
[2024-04-12T21:15:59.785+0000] {processor.py:840} INFO - DAG(s) 'example_sensors' retrieved from /home/airflow/.local/lib/python3.12/site-packages/airflow/example_dags/example_sensors.py
[2024-04-12T21:15:59.965+0000] {logging_mixin.py:188} INFO - [2024-04-12T21:15:59.964+0000] {dag.py:3096} INFO - Sync 1 DAGs
[2024-04-12T21:16:00.058+0000] {logging_mixin.py:188} INFO - [2024-04-12T21:16:00.057+0000] {dag.py:3954} INFO - Setting next_dagrun for example_sensors to None, run_after=None
[2024-04-12T21:16:00.155+0000] {processor.py:183} INFO - Processing /home/airflow/.local/lib/python3.12/site-packages/airflow/example_dags/example_sensors.py took 0.484 seconds
[2024-04-12T21:16:30.780+0000] {processor.py:161} INFO - Started process (PID=244) to work on /home/airflow/.local/lib/python3.12/site-packages/airflow/example_dags/example_sensors.py
[2024-04-12T21:16:30.782+0000] {processor.py:830} INFO - Processing file /home/airflow/.local/lib/python3.12/site-packages/airflow/example_dags/example_sensors.py for tasks to queue
[2024-04-12T21:16:30.785+0000] {logging_mixin.py:188} INFO - [2024-04-12T21:16:30.784+0000] {dagbag.py:540} INFO - Filling up the DagBag from /home/airflow/.local/lib/python3.12/site-packages/airflow/example_dags/example_sensors.py
[2024-04-12T21:16:30.798+0000] {processor.py:840} INFO - DAG(s) 'example_sensors' retrieved from /home/airflow/.local/lib/python3.12/site-packages/airflow/example_dags/example_sensors.py
[2024-04-12T21:16:30.834+0000] {logging_mixin.py:188} INFO - [2024-04-12T21:16:30.833+0000] {dag.py:3096} INFO - Sync 1 DAGs
[2024-04-12T21:16:30.851+0000] {logging_mixin.py:188} INFO - [2024-04-12T21:16:30.851+0000] {dag.py:3954} INFO - Setting next_dagrun for example_sensors to None, run_after=None
[2024-04-12T21:16:30.907+0000] {processor.py:183} INFO - Processing /home/airflow/.local/lib/python3.12/site-packages/airflow/example_dags/example_sensors.py took 0.135 seconds
[2024-04-12T21:17:01.283+0000] {processor.py:161} INFO - Started process (PID=301) to work on /home/airflow/.local/lib/python3.12/site-packages/airflow/example_dags/example_sensors.py
[2024-04-12T21:17:01.285+0000] {processor.py:830} INFO - Processing file /home/airflow/.local/lib/python3.12/site-packages/airflow/example_dags/example_sensors.py for tasks to queue
[2024-04-12T21:17:01.288+0000] {logging_mixin.py:188} INFO - [2024-04-12T21:17:01.287+0000] {dagbag.py:540} INFO - Filling up the DagBag from /home/airflow/.local/lib/python3.12/site-packages/airflow/example_dags/example_sensors.py
[2024-04-12T21:17:01.299+0000] {processor.py:840} INFO - DAG(s) 'example_sensors' retrieved from /home/airflow/.local/lib/python3.12/site-packages/airflow/example_dags/example_sensors.py
[2024-04-12T21:17:01.341+0000] {logging_mixin.py:188} INFO - [2024-04-12T21:17:01.341+0000] {dag.py:3096} INFO - Sync 1 DAGs
[2024-04-12T21:17:01.359+0000] {logging_mixin.py:188} INFO - [2024-04-12T21:17:01.359+0000] {dag.py:3954} INFO - Setting next_dagrun for example_sensors to None, run_after=None
[2024-04-12T21:17:01.408+0000] {processor.py:183} INFO - Processing /home/airflow/.local/lib/python3.12/site-packages/airflow/example_dags/example_sensors.py took 0.133 seconds
[2024-04-12T21:17:32.276+0000] {processor.py:161} INFO - Started process (PID=359) to work on /home/airflow/.local/lib/python3.12/site-packages/airflow/example_dags/example_sensors.py
[2024-04-12T21:17:32.278+0000] {processor.py:830} INFO - Processing file /home/airflow/.local/lib/python3.12/site-packages/airflow/example_dags/example_sensors.py for tasks to queue
[2024-04-12T21:17:32.282+0000] {logging_mixin.py:188} INFO - [2024-04-12T21:17:32.281+0000] {dagbag.py:540} INFO - Filling up the DagBag from /home/airflow/.local/lib/python3.12/site-packages/airflow/example_dags/example_sensors.py
[2024-04-12T21:17:32.293+0000] {processor.py:840} INFO - DAG(s) 'example_sensors' retrieved from /home/airflow/.local/lib/python3.12/site-packages/airflow/example_dags/example_sensors.py
[2024-04-12T21:17:32.327+0000] {logging_mixin.py:188} INFO - [2024-04-12T21:17:32.327+0000] {dag.py:3096} INFO - Sync 1 DAGs
[2024-04-12T21:17:32.346+0000] {logging_mixin.py:188} INFO - [2024-04-12T21:17:32.346+0000] {dag.py:3954} INFO - Setting next_dagrun for example_sensors to None, run_after=None
[2024-04-12T21:17:32.372+0000] {processor.py:183} INFO - Processing /home/airflow/.local/lib/python3.12/site-packages/airflow/example_dags/example_sensors.py took 0.111 seconds
[2024-04-12T21:18:02.771+0000] {processor.py:161} INFO - Started process (PID=417) to work on /home/airflow/.local/lib/python3.12/site-packages/airflow/example_dags/example_sensors.py
[2024-04-12T21:18:02.773+0000] {processor.py:830} INFO - Processing file /home/airflow/.local/lib/python3.12/site-packages/airflow/example_dags/example_sensors.py for tasks to queue
[2024-04-12T21:18:02.776+0000] {logging_mixin.py:188} INFO - [2024-04-12T21:18:02.775+0000] {dagbag.py:540} INFO - Filling up the DagBag from /home/airflow/.local/lib/python3.12/site-packages/airflow/example_dags/example_sensors.py
[2024-04-12T21:18:02.791+0000] {processor.py:840} INFO - DAG(s) 'example_sensors' retrieved from /home/airflow/.local/lib/python3.12/site-packages/airflow/example_dags/example_sensors.py
[2024-04-12T21:18:02.824+0000] {logging_mixin.py:188} INFO - [2024-04-12T21:18:02.823+0000] {dag.py:3096} INFO - Sync 1 DAGs
[2024-04-12T21:18:02.841+0000] {logging_mixin.py:188} INFO - [2024-04-12T21:18:02.841+0000] {dag.py:3954} INFO - Setting next_dagrun for example_sensors to None, run_after=None
[2024-04-12T21:18:02.871+0000] {processor.py:183} INFO - Processing /home/airflow/.local/lib/python3.12/site-packages/airflow/example_dags/example_sensors.py took 0.108 seconds
[2024-04-12T21:18:33.171+0000] {processor.py:161} INFO - Started process (PID=476) to work on /home/airflow/.local/lib/python3.12/site-packages/airflow/example_dags/example_sensors.py
[2024-04-12T21:18:33.173+0000] {processor.py:830} INFO - Processing file /home/airflow/.local/lib/python3.12/site-packages/airflow/example_dags/example_sensors.py for tasks to queue
[2024-04-12T21:18:33.175+0000] {logging_mixin.py:188} INFO - [2024-04-12T21:18:33.175+0000] {dagbag.py:540} INFO - Filling up the DagBag from /home/airflow/.local/lib/python3.12/site-packages/airflow/example_dags/example_sensors.py
[2024-04-12T21:18:33.185+0000] {processor.py:840} INFO - DAG(s) 'example_sensors' retrieved from /home/airflow/.local/lib/python3.12/site-packages/airflow/example_dags/example_sensors.py
[2024-04-12T21:18:33.217+0000] {logging_mixin.py:188} INFO - [2024-04-12T21:18:33.216+0000] {dag.py:3096} INFO - Sync 1 DAGs
[2024-04-12T21:18:33.236+0000] {logging_mixin.py:188} INFO - [2024-04-12T21:18:33.236+0000] {dag.py:3954} INFO - Setting next_dagrun for example_sensors to None, run_after=None
[2024-04-12T21:18:33.262+0000] {processor.py:183} INFO - Processing /home/airflow/.local/lib/python3.12/site-packages/airflow/example_dags/example_sensors.py took 0.099 seconds
[2024-04-12T21:19:03.794+0000] {processor.py:161} INFO - Started process (PID=534) to work on /home/airflow/.local/lib/python3.12/site-packages/airflow/example_dags/example_sensors.py
[2024-04-12T21:19:03.796+0000] {processor.py:830} INFO - Processing file /home/airflow/.local/lib/python3.12/site-packages/airflow/example_dags/example_sensors.py for tasks to queue
[2024-04-12T21:19:03.799+0000] {logging_mixin.py:188} INFO - [2024-04-12T21:19:03.798+0000] {dagbag.py:540} INFO - Filling up the DagBag from /home/airflow/.local/lib/python3.12/site-packages/airflow/example_dags/example_sensors.py
[2024-04-12T21:19:03.817+0000] {processor.py:840} INFO - DAG(s) 'example_sensors' retrieved from /home/airflow/.local/lib/python3.12/site-packages/airflow/example_dags/example_sensors.py
[2024-04-12T21:19:03.857+0000] {logging_mixin.py:188} INFO - [2024-04-12T21:19:03.857+0000] {dag.py:3096} INFO - Sync 1 DAGs
[2024-04-12T21:19:03.872+0000] {logging_mixin.py:188} INFO - [2024-04-12T21:19:03.872+0000] {dag.py:3954} INFO - Setting next_dagrun for example_sensors to None, run_after=None
[2024-04-12T21:19:03.903+0000] {processor.py:183} INFO - Processing /home/airflow/.local/lib/python3.12/site-packages/airflow/example_dags/example_sensors.py took 0.118 seconds
[2024-04-12T21:19:34.032+0000] {processor.py:161} INFO - Started process (PID=593) to work on /home/airflow/.local/lib/python3.12/site-packages/airflow/example_dags/example_sensors.py
[2024-04-12T21:19:34.033+0000] {processor.py:830} INFO - Processing file /home/airflow/.local/lib/python3.12/site-packages/airflow/example_dags/example_sensors.py for tasks to queue
[2024-04-12T21:19:34.035+0000] {logging_mixin.py:188} INFO - [2024-04-12T21:19:34.035+0000] {dagbag.py:540} INFO - Filling up the DagBag from /home/airflow/.local/lib/python3.12/site-packages/airflow/example_dags/example_sensors.py
[2024-04-12T21:19:34.049+0000] {processor.py:840} INFO - DAG(s) 'example_sensors' retrieved from /home/airflow/.local/lib/python3.12/site-packages/airflow/example_dags/example_sensors.py
[2024-04-12T21:19:34.081+0000] {logging_mixin.py:188} INFO - [2024-04-12T21:19:34.081+0000] {dag.py:3096} INFO - Sync 1 DAGs
[2024-04-12T21:19:34.101+0000] {logging_mixin.py:188} INFO - [2024-04-12T21:19:34.101+0000] {dag.py:3954} INFO - Setting next_dagrun for example_sensors to None, run_after=None
[2024-04-12T21:19:34.130+0000] {processor.py:183} INFO - Processing /home/airflow/.local/lib/python3.12/site-packages/airflow/example_dags/example_sensors.py took 0.107 seconds
[2024-04-12T21:20:04.637+0000] {processor.py:161} INFO - Started process (PID=651) to work on /home/airflow/.local/lib/python3.12/site-packages/airflow/example_dags/example_sensors.py
[2024-04-12T21:20:04.638+0000] {processor.py:830} INFO - Processing file /home/airflow/.local/lib/python3.12/site-packages/airflow/example_dags/example_sensors.py for tasks to queue
[2024-04-12T21:20:04.642+0000] {logging_mixin.py:188} INFO - [2024-04-12T21:20:04.641+0000] {dagbag.py:540} INFO - Filling up the DagBag from /home/airflow/.local/lib/python3.12/site-packages/airflow/example_dags/example_sensors.py
[2024-04-12T21:20:04.652+0000] {processor.py:840} INFO - DAG(s) 'example_sensors' retrieved from /home/airflow/.local/lib/python3.12/site-packages/airflow/example_dags/example_sensors.py
[2024-04-12T21:20:04.685+0000] {logging_mixin.py:188} INFO - [2024-04-12T21:20:04.684+0000] {dag.py:3096} INFO - Sync 1 DAGs
[2024-04-12T21:20:04.701+0000] {logging_mixin.py:188} INFO - [2024-04-12T21:20:04.700+0000] {dag.py:3954} INFO - Setting next_dagrun for example_sensors to None, run_after=None
[2024-04-12T21:20:04.726+0000] {processor.py:183} INFO - Processing /home/airflow/.local/lib/python3.12/site-packages/airflow/example_dags/example_sensors.py took 0.097 seconds
[2024-04-12T21:20:34.858+0000] {processor.py:161} INFO - Started process (PID=709) to work on /home/airflow/.local/lib/python3.12/site-packages/airflow/example_dags/example_sensors.py
[2024-04-12T21:20:34.859+0000] {processor.py:830} INFO - Processing file /home/airflow/.local/lib/python3.12/site-packages/airflow/example_dags/example_sensors.py for tasks to queue
[2024-04-12T21:20:34.862+0000] {logging_mixin.py:188} INFO - [2024-04-12T21:20:34.861+0000] {dagbag.py:540} INFO - Filling up the DagBag from /home/airflow/.local/lib/python3.12/site-packages/airflow/example_dags/example_sensors.py
[2024-04-12T21:20:34.873+0000] {processor.py:840} INFO - DAG(s) 'example_sensors' retrieved from /home/airflow/.local/lib/python3.12/site-packages/airflow/example_dags/example_sensors.py
[2024-04-12T21:20:34.905+0000] {logging_mixin.py:188} INFO - [2024-04-12T21:20:34.905+0000] {dag.py:3096} INFO - Sync 1 DAGs
[2024-04-12T21:20:34.922+0000] {logging_mixin.py:188} INFO - [2024-04-12T21:20:34.922+0000] {dag.py:3954} INFO - Setting next_dagrun for example_sensors to None, run_after=None
[2024-04-12T21:20:34.950+0000] {processor.py:183} INFO - Processing /home/airflow/.local/lib/python3.12/site-packages/airflow/example_dags/example_sensors.py took 0.098 seconds
[2024-04-12T21:21:05.499+0000] {processor.py:161} INFO - Started process (PID=768) to work on /home/airflow/.local/lib/python3.12/site-packages/airflow/example_dags/example_sensors.py
[2024-04-12T21:21:05.501+0000] {processor.py:830} INFO - Processing file /home/airflow/.local/lib/python3.12/site-packages/airflow/example_dags/example_sensors.py for tasks to queue
[2024-04-12T21:21:05.503+0000] {logging_mixin.py:188} INFO - [2024-04-12T21:21:05.502+0000] {dagbag.py:540} INFO - Filling up the DagBag from /home/airflow/.local/lib/python3.12/site-packages/airflow/example_dags/example_sensors.py
[2024-04-12T21:21:05.515+0000] {processor.py:840} INFO - DAG(s) 'example_sensors' retrieved from /home/airflow/.local/lib/python3.12/site-packages/airflow/example_dags/example_sensors.py
[2024-04-12T21:21:05.547+0000] {logging_mixin.py:188} INFO - [2024-04-12T21:21:05.546+0000] {dag.py:3096} INFO - Sync 1 DAGs
[2024-04-12T21:21:05.568+0000] {logging_mixin.py:188} INFO - [2024-04-12T21:21:05.567+0000] {dag.py:3954} INFO - Setting next_dagrun for example_sensors to None, run_after=None
[2024-04-12T21:21:05.600+0000] {processor.py:183} INFO - Processing /home/airflow/.local/lib/python3.12/site-packages/airflow/example_dags/example_sensors.py took 0.112 seconds
[2024-04-12T21:21:35.815+0000] {processor.py:161} INFO - Started process (PID=826) to work on /home/airflow/.local/lib/python3.12/site-packages/airflow/example_dags/example_sensors.py
[2024-04-12T21:21:35.816+0000] {processor.py:830} INFO - Processing file /home/airflow/.local/lib/python3.12/site-packages/airflow/example_dags/example_sensors.py for tasks to queue
[2024-04-12T21:21:35.819+0000] {logging_mixin.py:188} INFO - [2024-04-12T21:21:35.818+0000] {dagbag.py:540} INFO - Filling up the DagBag from /home/airflow/.local/lib/python3.12/site-packages/airflow/example_dags/example_sensors.py
[2024-04-12T21:21:35.829+0000] {processor.py:840} INFO - DAG(s) 'example_sensors' retrieved from /home/airflow/.local/lib/python3.12/site-packages/airflow/example_dags/example_sensors.py
[2024-04-12T21:21:35.882+0000] {logging_mixin.py:188} INFO - [2024-04-12T21:21:35.882+0000] {dag.py:3096} INFO - Sync 1 DAGs
[2024-04-12T21:21:35.915+0000] {logging_mixin.py:188} INFO - [2024-04-12T21:21:35.914+0000] {dag.py:3954} INFO - Setting next_dagrun for example_sensors to None, run_after=None
[2024-04-12T21:21:35.987+0000] {processor.py:183} INFO - Processing /home/airflow/.local/lib/python3.12/site-packages/airflow/example_dags/example_sensors.py took 0.182 seconds
[2024-04-12T21:22:06.258+0000] {processor.py:161} INFO - Started process (PID=884) to work on /home/airflow/.local/lib/python3.12/site-packages/airflow/example_dags/example_sensors.py
[2024-04-12T21:22:06.259+0000] {processor.py:830} INFO - Processing file /home/airflow/.local/lib/python3.12/site-packages/airflow/example_dags/example_sensors.py for tasks to queue
[2024-04-12T21:22:06.262+0000] {logging_mixin.py:188} INFO - [2024-04-12T21:22:06.261+0000] {dagbag.py:540} INFO - Filling up the DagBag from /home/airflow/.local/lib/python3.12/site-packages/airflow/example_dags/example_sensors.py
[2024-04-12T21:22:06.272+0000] {processor.py:840} INFO - DAG(s) 'example_sensors' retrieved from /home/airflow/.local/lib/python3.12/site-packages/airflow/example_dags/example_sensors.py
[2024-04-12T21:22:06.303+0000] {logging_mixin.py:188} INFO - [2024-04-12T21:22:06.303+0000] {dag.py:3096} INFO - Sync 1 DAGs
[2024-04-12T21:22:06.320+0000] {logging_mixin.py:188} INFO - [2024-04-12T21:22:06.319+0000] {dag.py:3954} INFO - Setting next_dagrun for example_sensors to None, run_after=None
[2024-04-12T21:22:06.347+0000] {processor.py:183} INFO - Processing /home/airflow/.local/lib/python3.12/site-packages/airflow/example_dags/example_sensors.py took 0.096 seconds
[2024-04-12T21:22:36.432+0000] {processor.py:161} INFO - Started process (PID=942) to work on /home/airflow/.local/lib/python3.12/site-packages/airflow/example_dags/example_sensors.py
[2024-04-12T21:22:36.433+0000] {processor.py:830} INFO - Processing file /home/airflow/.local/lib/python3.12/site-packages/airflow/example_dags/example_sensors.py for tasks to queue
[2024-04-12T21:22:36.435+0000] {logging_mixin.py:188} INFO - [2024-04-12T21:22:36.435+0000] {dagbag.py:540} INFO - Filling up the DagBag from /home/airflow/.local/lib/python3.12/site-packages/airflow/example_dags/example_sensors.py
[2024-04-12T21:22:36.446+0000] {processor.py:840} INFO - DAG(s) 'example_sensors' retrieved from /home/airflow/.local/lib/python3.12/site-packages/airflow/example_dags/example_sensors.py
[2024-04-12T21:22:36.484+0000] {logging_mixin.py:188} INFO - [2024-04-12T21:22:36.484+0000] {dag.py:3096} INFO - Sync 1 DAGs
[2024-04-12T21:22:36.504+0000] {logging_mixin.py:188} INFO - [2024-04-12T21:22:36.504+0000] {dag.py:3954} INFO - Setting next_dagrun for example_sensors to None, run_after=None
[2024-04-12T21:22:36.530+0000] {processor.py:183} INFO - Processing /home/airflow/.local/lib/python3.12/site-packages/airflow/example_dags/example_sensors.py took 0.105 seconds
[2024-04-12T21:23:06.614+0000] {processor.py:161} INFO - Started process (PID=998) to work on /home/airflow/.local/lib/python3.12/site-packages/airflow/example_dags/example_sensors.py
[2024-04-12T21:23:06.615+0000] {processor.py:830} INFO - Processing file /home/airflow/.local/lib/python3.12/site-packages/airflow/example_dags/example_sensors.py for tasks to queue
[2024-04-12T21:23:06.617+0000] {logging_mixin.py:188} INFO - [2024-04-12T21:23:06.617+0000] {dagbag.py:540} INFO - Filling up the DagBag from /home/airflow/.local/lib/python3.12/site-packages/airflow/example_dags/example_sensors.py
[2024-04-12T21:23:06.627+0000] {processor.py:840} INFO - DAG(s) 'example_sensors' retrieved from /home/airflow/.local/lib/python3.12/site-packages/airflow/example_dags/example_sensors.py
[2024-04-12T21:23:06.659+0000] {logging_mixin.py:188} INFO - [2024-04-12T21:23:06.659+0000] {dag.py:3096} INFO - Sync 1 DAGs
[2024-04-12T21:23:06.678+0000] {logging_mixin.py:188} INFO - [2024-04-12T21:23:06.677+0000] {dag.py:3954} INFO - Setting next_dagrun for example_sensors to None, run_after=None
[2024-04-12T21:23:06.703+0000] {processor.py:183} INFO - Processing /home/airflow/.local/lib/python3.12/site-packages/airflow/example_dags/example_sensors.py took 0.096 seconds
[2024-04-12T21:23:37.124+0000] {processor.py:161} INFO - Started process (PID=1058) to work on /home/airflow/.local/lib/python3.12/site-packages/airflow/example_dags/example_sensors.py
[2024-04-12T21:23:37.125+0000] {processor.py:830} INFO - Processing file /home/airflow/.local/lib/python3.12/site-packages/airflow/example_dags/example_sensors.py for tasks to queue
[2024-04-12T21:23:37.128+0000] {logging_mixin.py:188} INFO - [2024-04-12T21:23:37.127+0000] {dagbag.py:540} INFO - Filling up the DagBag from /home/airflow/.local/lib/python3.12/site-packages/airflow/example_dags/example_sensors.py
[2024-04-12T21:23:37.143+0000] {processor.py:840} INFO - DAG(s) 'example_sensors' retrieved from /home/airflow/.local/lib/python3.12/site-packages/airflow/example_dags/example_sensors.py
[2024-04-12T21:23:37.191+0000] {logging_mixin.py:188} INFO - [2024-04-12T21:23:37.190+0000] {dag.py:3096} INFO - Sync 1 DAGs
[2024-04-12T21:23:37.225+0000] {logging_mixin.py:188} INFO - [2024-04-12T21:23:37.224+0000] {dag.py:3954} INFO - Setting next_dagrun for example_sensors to None, run_after=None
[2024-04-12T21:23:37.258+0000] {processor.py:183} INFO - Processing /home/airflow/.local/lib/python3.12/site-packages/airflow/example_dags/example_sensors.py took 0.143 seconds
[2024-04-12T21:27:59.478+0000] {processor.py:161} INFO - Started process (PID=44) to work on /home/airflow/.local/lib/python3.12/site-packages/airflow/example_dags/example_sensors.py
[2024-04-12T21:27:59.479+0000] {processor.py:830} INFO - Processing file /home/airflow/.local/lib/python3.12/site-packages/airflow/example_dags/example_sensors.py for tasks to queue
[2024-04-12T21:27:59.483+0000] {logging_mixin.py:188} INFO - [2024-04-12T21:27:59.482+0000] {dagbag.py:540} INFO - Filling up the DagBag from /home/airflow/.local/lib/python3.12/site-packages/airflow/example_dags/example_sensors.py
[2024-04-12T21:27:59.541+0000] {processor.py:840} INFO - DAG(s) 'example_sensors' retrieved from /home/airflow/.local/lib/python3.12/site-packages/airflow/example_dags/example_sensors.py
[2024-04-12T21:28:00.098+0000] {logging_mixin.py:188} INFO - [2024-04-12T21:28:00.097+0000] {dag.py:3096} INFO - Sync 1 DAGs
[2024-04-12T21:28:00.128+0000] {logging_mixin.py:188} INFO - [2024-04-12T21:28:00.128+0000] {dag.py:3954} INFO - Setting next_dagrun for example_sensors to None, run_after=None
[2024-04-12T21:28:00.291+0000] {processor.py:183} INFO - Processing /home/airflow/.local/lib/python3.12/site-packages/airflow/example_dags/example_sensors.py took 0.834 seconds
[2024-04-12T21:28:30.433+0000] {processor.py:161} INFO - Started process (PID=101) to work on /home/airflow/.local/lib/python3.12/site-packages/airflow/example_dags/example_sensors.py
[2024-04-12T21:28:30.435+0000] {processor.py:830} INFO - Processing file /home/airflow/.local/lib/python3.12/site-packages/airflow/example_dags/example_sensors.py for tasks to queue
[2024-04-12T21:28:30.440+0000] {logging_mixin.py:188} INFO - [2024-04-12T21:28:30.439+0000] {dagbag.py:540} INFO - Filling up the DagBag from /home/airflow/.local/lib/python3.12/site-packages/airflow/example_dags/example_sensors.py
[2024-04-12T21:28:30.462+0000] {processor.py:840} INFO - DAG(s) 'example_sensors' retrieved from /home/airflow/.local/lib/python3.12/site-packages/airflow/example_dags/example_sensors.py
[2024-04-12T21:28:30.556+0000] {logging_mixin.py:188} INFO - [2024-04-12T21:28:30.556+0000] {dag.py:3096} INFO - Sync 1 DAGs
[2024-04-12T21:28:30.590+0000] {logging_mixin.py:188} INFO - [2024-04-12T21:28:30.590+0000] {dag.py:3954} INFO - Setting next_dagrun for example_sensors to None, run_after=None
[2024-04-12T21:28:30.632+0000] {processor.py:183} INFO - Processing /home/airflow/.local/lib/python3.12/site-packages/airflow/example_dags/example_sensors.py took 0.209 seconds
[2024-04-12T21:29:01.436+0000] {processor.py:161} INFO - Started process (PID=160) to work on /home/airflow/.local/lib/python3.12/site-packages/airflow/example_dags/example_sensors.py
[2024-04-12T21:29:01.437+0000] {processor.py:830} INFO - Processing file /home/airflow/.local/lib/python3.12/site-packages/airflow/example_dags/example_sensors.py for tasks to queue
[2024-04-12T21:29:01.440+0000] {logging_mixin.py:188} INFO - [2024-04-12T21:29:01.439+0000] {dagbag.py:540} INFO - Filling up the DagBag from /home/airflow/.local/lib/python3.12/site-packages/airflow/example_dags/example_sensors.py
[2024-04-12T21:29:01.449+0000] {processor.py:840} INFO - DAG(s) 'example_sensors' retrieved from /home/airflow/.local/lib/python3.12/site-packages/airflow/example_dags/example_sensors.py
[2024-04-12T21:29:01.477+0000] {logging_mixin.py:188} INFO - [2024-04-12T21:29:01.477+0000] {dag.py:3096} INFO - Sync 1 DAGs
[2024-04-12T21:29:01.491+0000] {logging_mixin.py:188} INFO - [2024-04-12T21:29:01.491+0000] {dag.py:3954} INFO - Setting next_dagrun for example_sensors to None, run_after=None
[2024-04-12T21:29:01.515+0000] {processor.py:183} INFO - Processing /home/airflow/.local/lib/python3.12/site-packages/airflow/example_dags/example_sensors.py took 0.085 seconds
[2024-04-12T21:29:31.731+0000] {processor.py:161} INFO - Started process (PID=218) to work on /home/airflow/.local/lib/python3.12/site-packages/airflow/example_dags/example_sensors.py
[2024-04-12T21:29:31.733+0000] {processor.py:830} INFO - Processing file /home/airflow/.local/lib/python3.12/site-packages/airflow/example_dags/example_sensors.py for tasks to queue
[2024-04-12T21:29:31.735+0000] {logging_mixin.py:188} INFO - [2024-04-12T21:29:31.735+0000] {dagbag.py:540} INFO - Filling up the DagBag from /home/airflow/.local/lib/python3.12/site-packages/airflow/example_dags/example_sensors.py
[2024-04-12T21:29:31.744+0000] {processor.py:840} INFO - DAG(s) 'example_sensors' retrieved from /home/airflow/.local/lib/python3.12/site-packages/airflow/example_dags/example_sensors.py
[2024-04-12T21:29:31.774+0000] {logging_mixin.py:188} INFO - [2024-04-12T21:29:31.774+0000] {dag.py:3096} INFO - Sync 1 DAGs
[2024-04-12T21:29:31.791+0000] {logging_mixin.py:188} INFO - [2024-04-12T21:29:31.791+0000] {dag.py:3954} INFO - Setting next_dagrun for example_sensors to None, run_after=None
[2024-04-12T21:29:31.817+0000] {processor.py:183} INFO - Processing /home/airflow/.local/lib/python3.12/site-packages/airflow/example_dags/example_sensors.py took 0.093 seconds
[2024-04-12T21:57:21.160+0000] {processor.py:161} INFO - Started process (PID=38) to work on /home/airflow/.local/lib/python3.12/site-packages/airflow/example_dags/example_sensors.py
[2024-04-12T21:57:21.162+0000] {processor.py:830} INFO - Processing file /home/airflow/.local/lib/python3.12/site-packages/airflow/example_dags/example_sensors.py for tasks to queue
[2024-04-12T21:57:21.165+0000] {logging_mixin.py:188} INFO - [2024-04-12T21:57:21.165+0000] {dagbag.py:540} INFO - Filling up the DagBag from /home/airflow/.local/lib/python3.12/site-packages/airflow/example_dags/example_sensors.py
[2024-04-12T21:57:21.189+0000] {processor.py:840} INFO - DAG(s) 'example_sensors' retrieved from /home/airflow/.local/lib/python3.12/site-packages/airflow/example_dags/example_sensors.py
[2024-04-12T21:57:21.447+0000] {logging_mixin.py:188} INFO - [2024-04-12T21:57:21.446+0000] {dag.py:3096} INFO - Sync 1 DAGs
[2024-04-12T21:57:21.465+0000] {logging_mixin.py:188} INFO - [2024-04-12T21:57:21.465+0000] {dag.py:3954} INFO - Setting next_dagrun for example_sensors to None, run_after=None
[2024-04-12T21:57:21.506+0000] {processor.py:183} INFO - Processing /home/airflow/.local/lib/python3.12/site-packages/airflow/example_dags/example_sensors.py took 0.355 seconds
[2024-04-12T21:57:51.885+0000] {processor.py:161} INFO - Started process (PID=96) to work on /home/airflow/.local/lib/python3.12/site-packages/airflow/example_dags/example_sensors.py
[2024-04-12T21:57:51.887+0000] {processor.py:830} INFO - Processing file /home/airflow/.local/lib/python3.12/site-packages/airflow/example_dags/example_sensors.py for tasks to queue
[2024-04-12T21:57:51.890+0000] {logging_mixin.py:188} INFO - [2024-04-12T21:57:51.889+0000] {dagbag.py:540} INFO - Filling up the DagBag from /home/airflow/.local/lib/python3.12/site-packages/airflow/example_dags/example_sensors.py
[2024-04-12T21:57:51.906+0000] {processor.py:840} INFO - DAG(s) 'example_sensors' retrieved from /home/airflow/.local/lib/python3.12/site-packages/airflow/example_dags/example_sensors.py
[2024-04-12T21:57:51.945+0000] {logging_mixin.py:188} INFO - [2024-04-12T21:57:51.944+0000] {dag.py:3096} INFO - Sync 1 DAGs
[2024-04-12T21:57:51.962+0000] {logging_mixin.py:188} INFO - [2024-04-12T21:57:51.962+0000] {dag.py:3954} INFO - Setting next_dagrun for example_sensors to None, run_after=None
[2024-04-12T21:57:52.019+0000] {processor.py:183} INFO - Processing /home/airflow/.local/lib/python3.12/site-packages/airflow/example_dags/example_sensors.py took 0.141 seconds
[2024-04-12T21:58:22.213+0000] {processor.py:161} INFO - Started process (PID=155) to work on /home/airflow/.local/lib/python3.12/site-packages/airflow/example_dags/example_sensors.py
[2024-04-12T21:58:22.215+0000] {processor.py:830} INFO - Processing file /home/airflow/.local/lib/python3.12/site-packages/airflow/example_dags/example_sensors.py for tasks to queue
[2024-04-12T21:58:22.217+0000] {logging_mixin.py:188} INFO - [2024-04-12T21:58:22.217+0000] {dagbag.py:540} INFO - Filling up the DagBag from /home/airflow/.local/lib/python3.12/site-packages/airflow/example_dags/example_sensors.py
[2024-04-12T21:58:22.231+0000] {processor.py:840} INFO - DAG(s) 'example_sensors' retrieved from /home/airflow/.local/lib/python3.12/site-packages/airflow/example_dags/example_sensors.py
[2024-04-12T21:58:22.269+0000] {logging_mixin.py:188} INFO - [2024-04-12T21:58:22.269+0000] {dag.py:3096} INFO - Sync 1 DAGs
[2024-04-12T21:58:22.287+0000] {logging_mixin.py:188} INFO - [2024-04-12T21:58:22.287+0000] {dag.py:3954} INFO - Setting next_dagrun for example_sensors to None, run_after=None
[2024-04-12T21:58:22.312+0000] {processor.py:183} INFO - Processing /home/airflow/.local/lib/python3.12/site-packages/airflow/example_dags/example_sensors.py took 0.106 seconds
[2024-04-12T21:58:52.836+0000] {processor.py:161} INFO - Started process (PID=214) to work on /home/airflow/.local/lib/python3.12/site-packages/airflow/example_dags/example_sensors.py
[2024-04-12T21:58:52.837+0000] {processor.py:830} INFO - Processing file /home/airflow/.local/lib/python3.12/site-packages/airflow/example_dags/example_sensors.py for tasks to queue
[2024-04-12T21:58:52.839+0000] {logging_mixin.py:188} INFO - [2024-04-12T21:58:52.839+0000] {dagbag.py:540} INFO - Filling up the DagBag from /home/airflow/.local/lib/python3.12/site-packages/airflow/example_dags/example_sensors.py
[2024-04-12T21:58:52.860+0000] {processor.py:840} INFO - DAG(s) 'example_sensors' retrieved from /home/airflow/.local/lib/python3.12/site-packages/airflow/example_dags/example_sensors.py
[2024-04-12T21:58:52.926+0000] {logging_mixin.py:188} INFO - [2024-04-12T21:58:52.925+0000] {dag.py:3096} INFO - Sync 1 DAGs
[2024-04-12T21:58:52.949+0000] {logging_mixin.py:188} INFO - [2024-04-12T21:58:52.949+0000] {dag.py:3954} INFO - Setting next_dagrun for example_sensors to None, run_after=None
[2024-04-12T21:58:52.980+0000] {processor.py:183} INFO - Processing /home/airflow/.local/lib/python3.12/site-packages/airflow/example_dags/example_sensors.py took 0.155 seconds
[2024-04-12T21:59:23.064+0000] {processor.py:161} INFO - Started process (PID=273) to work on /home/airflow/.local/lib/python3.12/site-packages/airflow/example_dags/example_sensors.py
[2024-04-12T21:59:23.065+0000] {processor.py:830} INFO - Processing file /home/airflow/.local/lib/python3.12/site-packages/airflow/example_dags/example_sensors.py for tasks to queue
[2024-04-12T21:59:23.067+0000] {logging_mixin.py:188} INFO - [2024-04-12T21:59:23.067+0000] {dagbag.py:540} INFO - Filling up the DagBag from /home/airflow/.local/lib/python3.12/site-packages/airflow/example_dags/example_sensors.py
[2024-04-12T21:59:23.084+0000] {processor.py:840} INFO - DAG(s) 'example_sensors' retrieved from /home/airflow/.local/lib/python3.12/site-packages/airflow/example_dags/example_sensors.py
[2024-04-12T21:59:23.120+0000] {logging_mixin.py:188} INFO - [2024-04-12T21:59:23.119+0000] {dag.py:3096} INFO - Sync 1 DAGs
[2024-04-12T21:59:23.134+0000] {logging_mixin.py:188} INFO - [2024-04-12T21:59:23.134+0000] {dag.py:3954} INFO - Setting next_dagrun for example_sensors to None, run_after=None
[2024-04-12T21:59:23.157+0000] {processor.py:183} INFO - Processing /home/airflow/.local/lib/python3.12/site-packages/airflow/example_dags/example_sensors.py took 0.101 seconds
[2024-04-12T21:59:53.386+0000] {processor.py:161} INFO - Started process (PID=332) to work on /home/airflow/.local/lib/python3.12/site-packages/airflow/example_dags/example_sensors.py
[2024-04-12T21:59:53.387+0000] {processor.py:830} INFO - Processing file /home/airflow/.local/lib/python3.12/site-packages/airflow/example_dags/example_sensors.py for tasks to queue
[2024-04-12T21:59:53.390+0000] {logging_mixin.py:188} INFO - [2024-04-12T21:59:53.389+0000] {dagbag.py:540} INFO - Filling up the DagBag from /home/airflow/.local/lib/python3.12/site-packages/airflow/example_dags/example_sensors.py
[2024-04-12T21:59:53.400+0000] {processor.py:840} INFO - DAG(s) 'example_sensors' retrieved from /home/airflow/.local/lib/python3.12/site-packages/airflow/example_dags/example_sensors.py
[2024-04-12T21:59:53.431+0000] {logging_mixin.py:188} INFO - [2024-04-12T21:59:53.431+0000] {dag.py:3096} INFO - Sync 1 DAGs
[2024-04-12T21:59:53.447+0000] {logging_mixin.py:188} INFO - [2024-04-12T21:59:53.447+0000] {dag.py:3954} INFO - Setting next_dagrun for example_sensors to None, run_after=None
[2024-04-12T21:59:53.475+0000] {processor.py:183} INFO - Processing /home/airflow/.local/lib/python3.12/site-packages/airflow/example_dags/example_sensors.py took 0.097 seconds
[2024-04-12T22:00:23.764+0000] {processor.py:161} INFO - Started process (PID=391) to work on /home/airflow/.local/lib/python3.12/site-packages/airflow/example_dags/example_sensors.py
[2024-04-12T22:00:23.765+0000] {processor.py:830} INFO - Processing file /home/airflow/.local/lib/python3.12/site-packages/airflow/example_dags/example_sensors.py for tasks to queue
[2024-04-12T22:00:23.768+0000] {logging_mixin.py:188} INFO - [2024-04-12T22:00:23.767+0000] {dagbag.py:540} INFO - Filling up the DagBag from /home/airflow/.local/lib/python3.12/site-packages/airflow/example_dags/example_sensors.py
[2024-04-12T22:00:23.779+0000] {processor.py:840} INFO - DAG(s) 'example_sensors' retrieved from /home/airflow/.local/lib/python3.12/site-packages/airflow/example_dags/example_sensors.py
[2024-04-12T22:00:23.818+0000] {logging_mixin.py:188} INFO - [2024-04-12T22:00:23.818+0000] {dag.py:3096} INFO - Sync 1 DAGs
[2024-04-12T22:00:23.832+0000] {logging_mixin.py:188} INFO - [2024-04-12T22:00:23.832+0000] {dag.py:3954} INFO - Setting next_dagrun for example_sensors to None, run_after=None
[2024-04-12T22:00:23.852+0000] {processor.py:183} INFO - Processing /home/airflow/.local/lib/python3.12/site-packages/airflow/example_dags/example_sensors.py took 0.095 seconds
[2024-04-12T22:00:54.757+0000] {processor.py:161} INFO - Started process (PID=450) to work on /home/airflow/.local/lib/python3.12/site-packages/airflow/example_dags/example_sensors.py
[2024-04-12T22:00:54.759+0000] {processor.py:830} INFO - Processing file /home/airflow/.local/lib/python3.12/site-packages/airflow/example_dags/example_sensors.py for tasks to queue
[2024-04-12T22:00:54.761+0000] {logging_mixin.py:188} INFO - [2024-04-12T22:00:54.761+0000] {dagbag.py:540} INFO - Filling up the DagBag from /home/airflow/.local/lib/python3.12/site-packages/airflow/example_dags/example_sensors.py
[2024-04-12T22:00:54.780+0000] {processor.py:840} INFO - DAG(s) 'example_sensors' retrieved from /home/airflow/.local/lib/python3.12/site-packages/airflow/example_dags/example_sensors.py
[2024-04-12T22:00:54.854+0000] {logging_mixin.py:188} INFO - [2024-04-12T22:00:54.853+0000] {dag.py:3096} INFO - Sync 1 DAGs
[2024-04-12T22:00:54.879+0000] {logging_mixin.py:188} INFO - [2024-04-12T22:00:54.878+0000] {dag.py:3954} INFO - Setting next_dagrun for example_sensors to None, run_after=None
[2024-04-12T22:00:54.904+0000] {processor.py:183} INFO - Processing /home/airflow/.local/lib/python3.12/site-packages/airflow/example_dags/example_sensors.py took 0.157 seconds
[2024-04-12T22:01:25.090+0000] {processor.py:161} INFO - Started process (PID=508) to work on /home/airflow/.local/lib/python3.12/site-packages/airflow/example_dags/example_sensors.py
[2024-04-12T22:01:25.100+0000] {processor.py:830} INFO - Processing file /home/airflow/.local/lib/python3.12/site-packages/airflow/example_dags/example_sensors.py for tasks to queue
[2024-04-12T22:01:25.102+0000] {logging_mixin.py:188} INFO - [2024-04-12T22:01:25.102+0000] {dagbag.py:540} INFO - Filling up the DagBag from /home/airflow/.local/lib/python3.12/site-packages/airflow/example_dags/example_sensors.py
[2024-04-12T22:01:25.117+0000] {processor.py:840} INFO - DAG(s) 'example_sensors' retrieved from /home/airflow/.local/lib/python3.12/site-packages/airflow/example_dags/example_sensors.py
[2024-04-12T22:01:25.162+0000] {logging_mixin.py:188} INFO - [2024-04-12T22:01:25.162+0000] {dag.py:3096} INFO - Sync 1 DAGs
[2024-04-12T22:01:25.181+0000] {logging_mixin.py:188} INFO - [2024-04-12T22:01:25.181+0000] {dag.py:3954} INFO - Setting next_dagrun for example_sensors to None, run_after=None
[2024-04-12T22:01:25.211+0000] {processor.py:183} INFO - Processing /home/airflow/.local/lib/python3.12/site-packages/airflow/example_dags/example_sensors.py took 0.132 seconds
[2024-04-12T22:01:55.485+0000] {processor.py:161} INFO - Started process (PID=567) to work on /home/airflow/.local/lib/python3.12/site-packages/airflow/example_dags/example_sensors.py
[2024-04-12T22:01:55.487+0000] {processor.py:830} INFO - Processing file /home/airflow/.local/lib/python3.12/site-packages/airflow/example_dags/example_sensors.py for tasks to queue
[2024-04-12T22:01:55.490+0000] {logging_mixin.py:188} INFO - [2024-04-12T22:01:55.489+0000] {dagbag.py:540} INFO - Filling up the DagBag from /home/airflow/.local/lib/python3.12/site-packages/airflow/example_dags/example_sensors.py
[2024-04-12T22:01:55.507+0000] {processor.py:840} INFO - DAG(s) 'example_sensors' retrieved from /home/airflow/.local/lib/python3.12/site-packages/airflow/example_dags/example_sensors.py
[2024-04-12T22:01:55.553+0000] {logging_mixin.py:188} INFO - [2024-04-12T22:01:55.553+0000] {dag.py:3096} INFO - Sync 1 DAGs
[2024-04-12T22:01:55.570+0000] {logging_mixin.py:188} INFO - [2024-04-12T22:01:55.570+0000] {dag.py:3954} INFO - Setting next_dagrun for example_sensors to None, run_after=None
[2024-04-12T22:01:55.598+0000] {processor.py:183} INFO - Processing /home/airflow/.local/lib/python3.12/site-packages/airflow/example_dags/example_sensors.py took 0.122 seconds
[2024-04-12T22:02:25.828+0000] {processor.py:161} INFO - Started process (PID=626) to work on /home/airflow/.local/lib/python3.12/site-packages/airflow/example_dags/example_sensors.py
[2024-04-12T22:02:25.831+0000] {processor.py:830} INFO - Processing file /home/airflow/.local/lib/python3.12/site-packages/airflow/example_dags/example_sensors.py for tasks to queue
[2024-04-12T22:02:25.833+0000] {logging_mixin.py:188} INFO - [2024-04-12T22:02:25.833+0000] {dagbag.py:540} INFO - Filling up the DagBag from /home/airflow/.local/lib/python3.12/site-packages/airflow/example_dags/example_sensors.py
[2024-04-12T22:02:25.847+0000] {processor.py:840} INFO - DAG(s) 'example_sensors' retrieved from /home/airflow/.local/lib/python3.12/site-packages/airflow/example_dags/example_sensors.py
[2024-04-12T22:02:25.890+0000] {logging_mixin.py:188} INFO - [2024-04-12T22:02:25.889+0000] {dag.py:3096} INFO - Sync 1 DAGs
[2024-04-12T22:02:25.913+0000] {logging_mixin.py:188} INFO - [2024-04-12T22:02:25.912+0000] {dag.py:3954} INFO - Setting next_dagrun for example_sensors to None, run_after=None
[2024-04-12T22:02:25.940+0000] {processor.py:183} INFO - Processing /home/airflow/.local/lib/python3.12/site-packages/airflow/example_dags/example_sensors.py took 0.121 seconds
[2024-04-12T22:02:56.215+0000] {processor.py:161} INFO - Started process (PID=685) to work on /home/airflow/.local/lib/python3.12/site-packages/airflow/example_dags/example_sensors.py
[2024-04-12T22:02:56.216+0000] {processor.py:830} INFO - Processing file /home/airflow/.local/lib/python3.12/site-packages/airflow/example_dags/example_sensors.py for tasks to queue
[2024-04-12T22:02:56.218+0000] {logging_mixin.py:188} INFO - [2024-04-12T22:02:56.218+0000] {dagbag.py:540} INFO - Filling up the DagBag from /home/airflow/.local/lib/python3.12/site-packages/airflow/example_dags/example_sensors.py
[2024-04-12T22:02:56.230+0000] {processor.py:840} INFO - DAG(s) 'example_sensors' retrieved from /home/airflow/.local/lib/python3.12/site-packages/airflow/example_dags/example_sensors.py
[2024-04-12T22:02:56.259+0000] {logging_mixin.py:188} INFO - [2024-04-12T22:02:56.259+0000] {dag.py:3096} INFO - Sync 1 DAGs
[2024-04-12T22:02:56.273+0000] {logging_mixin.py:188} INFO - [2024-04-12T22:02:56.273+0000] {dag.py:3954} INFO - Setting next_dagrun for example_sensors to None, run_after=None
[2024-04-12T22:02:56.297+0000] {processor.py:183} INFO - Processing /home/airflow/.local/lib/python3.12/site-packages/airflow/example_dags/example_sensors.py took 0.089 seconds
[2024-04-12T22:03:27.442+0000] {processor.py:161} INFO - Started process (PID=744) to work on /home/airflow/.local/lib/python3.12/site-packages/airflow/example_dags/example_sensors.py
[2024-04-12T22:03:27.443+0000] {processor.py:830} INFO - Processing file /home/airflow/.local/lib/python3.12/site-packages/airflow/example_dags/example_sensors.py for tasks to queue
[2024-04-12T22:03:27.446+0000] {logging_mixin.py:188} INFO - [2024-04-12T22:03:27.446+0000] {dagbag.py:540} INFO - Filling up the DagBag from /home/airflow/.local/lib/python3.12/site-packages/airflow/example_dags/example_sensors.py
[2024-04-12T22:03:27.458+0000] {processor.py:840} INFO - DAG(s) 'example_sensors' retrieved from /home/airflow/.local/lib/python3.12/site-packages/airflow/example_dags/example_sensors.py
[2024-04-12T22:03:27.485+0000] {logging_mixin.py:188} INFO - [2024-04-12T22:03:27.485+0000] {dag.py:3096} INFO - Sync 1 DAGs
[2024-04-12T22:03:27.503+0000] {logging_mixin.py:188} INFO - [2024-04-12T22:03:27.503+0000] {dag.py:3954} INFO - Setting next_dagrun for example_sensors to None, run_after=None
[2024-04-12T22:03:27.525+0000] {processor.py:183} INFO - Processing /home/airflow/.local/lib/python3.12/site-packages/airflow/example_dags/example_sensors.py took 0.090 seconds
[2024-04-12T22:03:57.869+0000] {processor.py:161} INFO - Started process (PID=803) to work on /home/airflow/.local/lib/python3.12/site-packages/airflow/example_dags/example_sensors.py
[2024-04-12T22:03:57.870+0000] {processor.py:830} INFO - Processing file /home/airflow/.local/lib/python3.12/site-packages/airflow/example_dags/example_sensors.py for tasks to queue
[2024-04-12T22:03:57.872+0000] {logging_mixin.py:188} INFO - [2024-04-12T22:03:57.871+0000] {dagbag.py:540} INFO - Filling up the DagBag from /home/airflow/.local/lib/python3.12/site-packages/airflow/example_dags/example_sensors.py
[2024-04-12T22:03:57.886+0000] {processor.py:840} INFO - DAG(s) 'example_sensors' retrieved from /home/airflow/.local/lib/python3.12/site-packages/airflow/example_dags/example_sensors.py
[2024-04-12T22:03:57.922+0000] {logging_mixin.py:188} INFO - [2024-04-12T22:03:57.922+0000] {dag.py:3096} INFO - Sync 1 DAGs
[2024-04-12T22:03:57.939+0000] {logging_mixin.py:188} INFO - [2024-04-12T22:03:57.939+0000] {dag.py:3954} INFO - Setting next_dagrun for example_sensors to None, run_after=None
[2024-04-12T22:03:57.964+0000] {processor.py:183} INFO - Processing /home/airflow/.local/lib/python3.12/site-packages/airflow/example_dags/example_sensors.py took 0.102 seconds
[2024-04-12T22:04:28.767+0000] {processor.py:161} INFO - Started process (PID=869) to work on /home/airflow/.local/lib/python3.12/site-packages/airflow/example_dags/example_sensors.py
[2024-04-12T22:04:28.768+0000] {processor.py:830} INFO - Processing file /home/airflow/.local/lib/python3.12/site-packages/airflow/example_dags/example_sensors.py for tasks to queue
[2024-04-12T22:04:28.770+0000] {logging_mixin.py:188} INFO - [2024-04-12T22:04:28.770+0000] {dagbag.py:540} INFO - Filling up the DagBag from /home/airflow/.local/lib/python3.12/site-packages/airflow/example_dags/example_sensors.py
[2024-04-12T22:04:28.781+0000] {processor.py:840} INFO - DAG(s) 'example_sensors' retrieved from /home/airflow/.local/lib/python3.12/site-packages/airflow/example_dags/example_sensors.py
[2024-04-12T22:04:28.813+0000] {logging_mixin.py:188} INFO - [2024-04-12T22:04:28.813+0000] {dag.py:3096} INFO - Sync 1 DAGs
[2024-04-12T22:04:28.827+0000] {logging_mixin.py:188} INFO - [2024-04-12T22:04:28.827+0000] {dag.py:3954} INFO - Setting next_dagrun for example_sensors to None, run_after=None
[2024-04-12T22:04:28.848+0000] {processor.py:183} INFO - Processing /home/airflow/.local/lib/python3.12/site-packages/airflow/example_dags/example_sensors.py took 0.090 seconds
[2024-04-12T22:04:59.233+0000] {processor.py:161} INFO - Started process (PID=928) to work on /home/airflow/.local/lib/python3.12/site-packages/airflow/example_dags/example_sensors.py
[2024-04-12T22:04:59.235+0000] {processor.py:830} INFO - Processing file /home/airflow/.local/lib/python3.12/site-packages/airflow/example_dags/example_sensors.py for tasks to queue
[2024-04-12T22:04:59.237+0000] {logging_mixin.py:188} INFO - [2024-04-12T22:04:59.237+0000] {dagbag.py:540} INFO - Filling up the DagBag from /home/airflow/.local/lib/python3.12/site-packages/airflow/example_dags/example_sensors.py
[2024-04-12T22:04:59.250+0000] {processor.py:840} INFO - DAG(s) 'example_sensors' retrieved from /home/airflow/.local/lib/python3.12/site-packages/airflow/example_dags/example_sensors.py
[2024-04-12T22:04:59.285+0000] {logging_mixin.py:188} INFO - [2024-04-12T22:04:59.284+0000] {dag.py:3096} INFO - Sync 1 DAGs
[2024-04-12T22:04:59.300+0000] {logging_mixin.py:188} INFO - [2024-04-12T22:04:59.300+0000] {dag.py:3954} INFO - Setting next_dagrun for example_sensors to None, run_after=None
[2024-04-12T22:04:59.321+0000] {processor.py:183} INFO - Processing /home/airflow/.local/lib/python3.12/site-packages/airflow/example_dags/example_sensors.py took 0.096 seconds
[2024-04-12T22:05:29.545+0000] {processor.py:161} INFO - Started process (PID=987) to work on /home/airflow/.local/lib/python3.12/site-packages/airflow/example_dags/example_sensors.py
[2024-04-12T22:05:29.546+0000] {processor.py:830} INFO - Processing file /home/airflow/.local/lib/python3.12/site-packages/airflow/example_dags/example_sensors.py for tasks to queue
[2024-04-12T22:05:29.548+0000] {logging_mixin.py:188} INFO - [2024-04-12T22:05:29.548+0000] {dagbag.py:540} INFO - Filling up the DagBag from /home/airflow/.local/lib/python3.12/site-packages/airflow/example_dags/example_sensors.py
[2024-04-12T22:05:29.560+0000] {processor.py:840} INFO - DAG(s) 'example_sensors' retrieved from /home/airflow/.local/lib/python3.12/site-packages/airflow/example_dags/example_sensors.py
[2024-04-12T22:05:29.595+0000] {logging_mixin.py:188} INFO - [2024-04-12T22:05:29.594+0000] {dag.py:3096} INFO - Sync 1 DAGs
[2024-04-12T22:05:29.614+0000] {logging_mixin.py:188} INFO - [2024-04-12T22:05:29.614+0000] {dag.py:3954} INFO - Setting next_dagrun for example_sensors to None, run_after=None
[2024-04-12T22:05:29.636+0000] {processor.py:183} INFO - Processing /home/airflow/.local/lib/python3.12/site-packages/airflow/example_dags/example_sensors.py took 0.098 seconds
