[2024-04-12T21:14:21.706+0000] {processor.py:161} INFO - Started process (PID=55) to work on /home/airflow/.local/lib/python3.12/site-packages/airflow/example_dags/example_branch_operator_decorator.py
[2024-04-12T21:14:21.733+0000] {processor.py:830} INFO - Processing file /home/airflow/.local/lib/python3.12/site-packages/airflow/example_dags/example_branch_operator_decorator.py for tasks to queue
[2024-04-12T21:14:21.750+0000] {logging_mixin.py:188} INFO - [2024-04-12T21:14:21.749+0000] {dagbag.py:540} INFO - Filling up the DagBag from /home/airflow/.local/lib/python3.12/site-packages/airflow/example_dags/example_branch_operator_decorator.py
[2024-04-12T21:14:22.077+0000] {processor.py:840} INFO - DAG(s) 'example_branch_python_operator_decorator' retrieved from /home/airflow/.local/lib/python3.12/site-packages/airflow/example_dags/example_branch_operator_decorator.py
[2024-04-12T21:14:23.678+0000] {logging_mixin.py:188} INFO - [2024-04-12T21:14:23.677+0000] {dag.py:3096} INFO - Sync 1 DAGs
[2024-04-12T21:14:24.063+0000] {logging_mixin.py:188} INFO - [2024-04-12T21:14:24.062+0000] {dag.py:3954} INFO - Setting next_dagrun for example_branch_python_operator_decorator to 2024-04-11 00:00:00+00:00, run_after=2024-04-12 00:00:00+00:00
[2024-04-12T21:14:24.432+0000] {processor.py:183} INFO - Processing /home/airflow/.local/lib/python3.12/site-packages/airflow/example_dags/example_branch_operator_decorator.py took 2.778 seconds
[2024-04-12T21:15:21.800+0000] {processor.py:161} INFO - Started process (PID=120) to work on /home/airflow/.local/lib/python3.12/site-packages/airflow/example_dags/example_branch_operator_decorator.py
[2024-04-12T21:15:21.803+0000] {processor.py:830} INFO - Processing file /home/airflow/.local/lib/python3.12/site-packages/airflow/example_dags/example_branch_operator_decorator.py for tasks to queue
[2024-04-12T21:15:21.816+0000] {logging_mixin.py:188} INFO - [2024-04-12T21:15:21.807+0000] {dagbag.py:540} INFO - Filling up the DagBag from /home/airflow/.local/lib/python3.12/site-packages/airflow/example_dags/example_branch_operator_decorator.py
[2024-04-12T21:15:21.950+0000] {processor.py:840} INFO - DAG(s) 'example_branch_python_operator_decorator' retrieved from /home/airflow/.local/lib/python3.12/site-packages/airflow/example_dags/example_branch_operator_decorator.py
[2024-04-12T21:15:22.123+0000] {logging_mixin.py:188} INFO - [2024-04-12T21:15:22.122+0000] {dag.py:3096} INFO - Sync 1 DAGs
[2024-04-12T21:15:22.291+0000] {logging_mixin.py:188} INFO - [2024-04-12T21:15:22.290+0000] {dag.py:3954} INFO - Setting next_dagrun for example_branch_python_operator_decorator to 2024-04-11 00:00:00+00:00, run_after=2024-04-12 00:00:00+00:00
[2024-04-12T21:15:22.433+0000] {processor.py:183} INFO - Processing /home/airflow/.local/lib/python3.12/site-packages/airflow/example_dags/example_branch_operator_decorator.py took 0.675 seconds
[2024-04-12T21:15:52.708+0000] {processor.py:161} INFO - Started process (PID=177) to work on /home/airflow/.local/lib/python3.12/site-packages/airflow/example_dags/example_branch_operator_decorator.py
[2024-04-12T21:15:52.710+0000] {processor.py:830} INFO - Processing file /home/airflow/.local/lib/python3.12/site-packages/airflow/example_dags/example_branch_operator_decorator.py for tasks to queue
[2024-04-12T21:15:52.722+0000] {logging_mixin.py:188} INFO - [2024-04-12T21:15:52.719+0000] {dagbag.py:540} INFO - Filling up the DagBag from /home/airflow/.local/lib/python3.12/site-packages/airflow/example_dags/example_branch_operator_decorator.py
[2024-04-12T21:15:52.803+0000] {processor.py:840} INFO - DAG(s) 'example_branch_python_operator_decorator' retrieved from /home/airflow/.local/lib/python3.12/site-packages/airflow/example_dags/example_branch_operator_decorator.py
[2024-04-12T21:15:52.887+0000] {logging_mixin.py:188} INFO - [2024-04-12T21:15:52.886+0000] {dag.py:3096} INFO - Sync 1 DAGs
[2024-04-12T21:15:52.948+0000] {logging_mixin.py:188} INFO - [2024-04-12T21:15:52.948+0000] {dag.py:3954} INFO - Setting next_dagrun for example_branch_python_operator_decorator to 2024-04-11 00:00:00+00:00, run_after=2024-04-12 00:00:00+00:00
[2024-04-12T21:15:52.982+0000] {processor.py:183} INFO - Processing /home/airflow/.local/lib/python3.12/site-packages/airflow/example_dags/example_branch_operator_decorator.py took 0.344 seconds
[2024-04-12T21:16:23.786+0000] {processor.py:161} INFO - Started process (PID=235) to work on /home/airflow/.local/lib/python3.12/site-packages/airflow/example_dags/example_branch_operator_decorator.py
[2024-04-12T21:16:23.787+0000] {processor.py:830} INFO - Processing file /home/airflow/.local/lib/python3.12/site-packages/airflow/example_dags/example_branch_operator_decorator.py for tasks to queue
[2024-04-12T21:16:23.789+0000] {logging_mixin.py:188} INFO - [2024-04-12T21:16:23.789+0000] {dagbag.py:540} INFO - Filling up the DagBag from /home/airflow/.local/lib/python3.12/site-packages/airflow/example_dags/example_branch_operator_decorator.py
[2024-04-12T21:16:23.816+0000] {processor.py:840} INFO - DAG(s) 'example_branch_python_operator_decorator' retrieved from /home/airflow/.local/lib/python3.12/site-packages/airflow/example_dags/example_branch_operator_decorator.py
[2024-04-12T21:16:23.850+0000] {logging_mixin.py:188} INFO - [2024-04-12T21:16:23.850+0000] {dag.py:3096} INFO - Sync 1 DAGs
[2024-04-12T21:16:23.877+0000] {logging_mixin.py:188} INFO - [2024-04-12T21:16:23.877+0000] {dag.py:3954} INFO - Setting next_dagrun for example_branch_python_operator_decorator to 2024-04-11 00:00:00+00:00, run_after=2024-04-12 00:00:00+00:00
[2024-04-12T21:16:23.908+0000] {processor.py:183} INFO - Processing /home/airflow/.local/lib/python3.12/site-packages/airflow/example_dags/example_branch_operator_decorator.py took 0.129 seconds
[2024-04-12T21:16:54.308+0000] {processor.py:161} INFO - Started process (PID=292) to work on /home/airflow/.local/lib/python3.12/site-packages/airflow/example_dags/example_branch_operator_decorator.py
[2024-04-12T21:16:54.309+0000] {processor.py:830} INFO - Processing file /home/airflow/.local/lib/python3.12/site-packages/airflow/example_dags/example_branch_operator_decorator.py for tasks to queue
[2024-04-12T21:16:54.312+0000] {logging_mixin.py:188} INFO - [2024-04-12T21:16:54.312+0000] {dagbag.py:540} INFO - Filling up the DagBag from /home/airflow/.local/lib/python3.12/site-packages/airflow/example_dags/example_branch_operator_decorator.py
[2024-04-12T21:16:54.337+0000] {processor.py:840} INFO - DAG(s) 'example_branch_python_operator_decorator' retrieved from /home/airflow/.local/lib/python3.12/site-packages/airflow/example_dags/example_branch_operator_decorator.py
[2024-04-12T21:16:54.373+0000] {logging_mixin.py:188} INFO - [2024-04-12T21:16:54.373+0000] {dag.py:3096} INFO - Sync 1 DAGs
[2024-04-12T21:16:54.406+0000] {logging_mixin.py:188} INFO - [2024-04-12T21:16:54.406+0000] {dag.py:3954} INFO - Setting next_dagrun for example_branch_python_operator_decorator to 2024-04-11 00:00:00+00:00, run_after=2024-04-12 00:00:00+00:00
[2024-04-12T21:16:54.441+0000] {processor.py:183} INFO - Processing /home/airflow/.local/lib/python3.12/site-packages/airflow/example_dags/example_branch_operator_decorator.py took 0.141 seconds
[2024-04-12T21:17:24.787+0000] {processor.py:161} INFO - Started process (PID=350) to work on /home/airflow/.local/lib/python3.12/site-packages/airflow/example_dags/example_branch_operator_decorator.py
[2024-04-12T21:17:24.788+0000] {processor.py:830} INFO - Processing file /home/airflow/.local/lib/python3.12/site-packages/airflow/example_dags/example_branch_operator_decorator.py for tasks to queue
[2024-04-12T21:17:24.792+0000] {logging_mixin.py:188} INFO - [2024-04-12T21:17:24.791+0000] {dagbag.py:540} INFO - Filling up the DagBag from /home/airflow/.local/lib/python3.12/site-packages/airflow/example_dags/example_branch_operator_decorator.py
[2024-04-12T21:17:24.833+0000] {processor.py:840} INFO - DAG(s) 'example_branch_python_operator_decorator' retrieved from /home/airflow/.local/lib/python3.12/site-packages/airflow/example_dags/example_branch_operator_decorator.py
[2024-04-12T21:17:24.915+0000] {logging_mixin.py:188} INFO - [2024-04-12T21:17:24.914+0000] {dag.py:3096} INFO - Sync 1 DAGs
[2024-04-12T21:17:24.986+0000] {logging_mixin.py:188} INFO - [2024-04-12T21:17:24.986+0000] {dag.py:3954} INFO - Setting next_dagrun for example_branch_python_operator_decorator to 2024-04-11 00:00:00+00:00, run_after=2024-04-12 00:00:00+00:00
[2024-04-12T21:17:25.034+0000] {processor.py:183} INFO - Processing /home/airflow/.local/lib/python3.12/site-packages/airflow/example_dags/example_branch_operator_decorator.py took 0.257 seconds
[2024-04-12T21:17:55.659+0000] {processor.py:161} INFO - Started process (PID=408) to work on /home/airflow/.local/lib/python3.12/site-packages/airflow/example_dags/example_branch_operator_decorator.py
[2024-04-12T21:17:55.660+0000] {processor.py:830} INFO - Processing file /home/airflow/.local/lib/python3.12/site-packages/airflow/example_dags/example_branch_operator_decorator.py for tasks to queue
[2024-04-12T21:17:55.667+0000] {logging_mixin.py:188} INFO - [2024-04-12T21:17:55.666+0000] {dagbag.py:540} INFO - Filling up the DagBag from /home/airflow/.local/lib/python3.12/site-packages/airflow/example_dags/example_branch_operator_decorator.py
[2024-04-12T21:17:55.726+0000] {processor.py:840} INFO - DAG(s) 'example_branch_python_operator_decorator' retrieved from /home/airflow/.local/lib/python3.12/site-packages/airflow/example_dags/example_branch_operator_decorator.py
[2024-04-12T21:17:55.846+0000] {logging_mixin.py:188} INFO - [2024-04-12T21:17:55.844+0000] {dag.py:3096} INFO - Sync 1 DAGs
[2024-04-12T21:17:55.936+0000] {logging_mixin.py:188} INFO - [2024-04-12T21:17:55.935+0000] {dag.py:3954} INFO - Setting next_dagrun for example_branch_python_operator_decorator to 2024-04-11 00:00:00+00:00, run_after=2024-04-12 00:00:00+00:00
[2024-04-12T21:17:56.000+0000] {processor.py:183} INFO - Processing /home/airflow/.local/lib/python3.12/site-packages/airflow/example_dags/example_branch_operator_decorator.py took 0.348 seconds
[2024-04-12T21:18:26.337+0000] {processor.py:161} INFO - Started process (PID=467) to work on /home/airflow/.local/lib/python3.12/site-packages/airflow/example_dags/example_branch_operator_decorator.py
[2024-04-12T21:18:26.338+0000] {processor.py:830} INFO - Processing file /home/airflow/.local/lib/python3.12/site-packages/airflow/example_dags/example_branch_operator_decorator.py for tasks to queue
[2024-04-12T21:18:26.341+0000] {logging_mixin.py:188} INFO - [2024-04-12T21:18:26.341+0000] {dagbag.py:540} INFO - Filling up the DagBag from /home/airflow/.local/lib/python3.12/site-packages/airflow/example_dags/example_branch_operator_decorator.py
[2024-04-12T21:18:26.363+0000] {processor.py:840} INFO - DAG(s) 'example_branch_python_operator_decorator' retrieved from /home/airflow/.local/lib/python3.12/site-packages/airflow/example_dags/example_branch_operator_decorator.py
[2024-04-12T21:18:26.395+0000] {logging_mixin.py:188} INFO - [2024-04-12T21:18:26.395+0000] {dag.py:3096} INFO - Sync 1 DAGs
[2024-04-12T21:18:26.422+0000] {logging_mixin.py:188} INFO - [2024-04-12T21:18:26.422+0000] {dag.py:3954} INFO - Setting next_dagrun for example_branch_python_operator_decorator to 2024-04-11 00:00:00+00:00, run_after=2024-04-12 00:00:00+00:00
[2024-04-12T21:18:26.446+0000] {processor.py:183} INFO - Processing /home/airflow/.local/lib/python3.12/site-packages/airflow/example_dags/example_branch_operator_decorator.py took 0.115 seconds
[2024-04-12T21:18:57.011+0000] {processor.py:161} INFO - Started process (PID=524) to work on /home/airflow/.local/lib/python3.12/site-packages/airflow/example_dags/example_branch_operator_decorator.py
[2024-04-12T21:18:57.012+0000] {processor.py:830} INFO - Processing file /home/airflow/.local/lib/python3.12/site-packages/airflow/example_dags/example_branch_operator_decorator.py for tasks to queue
[2024-04-12T21:18:57.015+0000] {logging_mixin.py:188} INFO - [2024-04-12T21:18:57.014+0000] {dagbag.py:540} INFO - Filling up the DagBag from /home/airflow/.local/lib/python3.12/site-packages/airflow/example_dags/example_branch_operator_decorator.py
[2024-04-12T21:18:57.050+0000] {processor.py:840} INFO - DAG(s) 'example_branch_python_operator_decorator' retrieved from /home/airflow/.local/lib/python3.12/site-packages/airflow/example_dags/example_branch_operator_decorator.py
[2024-04-12T21:18:57.093+0000] {logging_mixin.py:188} INFO - [2024-04-12T21:18:57.093+0000] {dag.py:3096} INFO - Sync 1 DAGs
[2024-04-12T21:18:57.127+0000] {logging_mixin.py:188} INFO - [2024-04-12T21:18:57.126+0000] {dag.py:3954} INFO - Setting next_dagrun for example_branch_python_operator_decorator to 2024-04-11 00:00:00+00:00, run_after=2024-04-12 00:00:00+00:00
[2024-04-12T21:18:57.156+0000] {processor.py:183} INFO - Processing /home/airflow/.local/lib/python3.12/site-packages/airflow/example_dags/example_branch_operator_decorator.py took 0.157 seconds
[2024-04-12T21:19:27.269+0000] {processor.py:161} INFO - Started process (PID=583) to work on /home/airflow/.local/lib/python3.12/site-packages/airflow/example_dags/example_branch_operator_decorator.py
[2024-04-12T21:19:27.270+0000] {processor.py:830} INFO - Processing file /home/airflow/.local/lib/python3.12/site-packages/airflow/example_dags/example_branch_operator_decorator.py for tasks to queue
[2024-04-12T21:19:27.272+0000] {logging_mixin.py:188} INFO - [2024-04-12T21:19:27.272+0000] {dagbag.py:540} INFO - Filling up the DagBag from /home/airflow/.local/lib/python3.12/site-packages/airflow/example_dags/example_branch_operator_decorator.py
[2024-04-12T21:19:27.297+0000] {processor.py:840} INFO - DAG(s) 'example_branch_python_operator_decorator' retrieved from /home/airflow/.local/lib/python3.12/site-packages/airflow/example_dags/example_branch_operator_decorator.py
[2024-04-12T21:19:27.330+0000] {logging_mixin.py:188} INFO - [2024-04-12T21:19:27.329+0000] {dag.py:3096} INFO - Sync 1 DAGs
[2024-04-12T21:19:27.357+0000] {logging_mixin.py:188} INFO - [2024-04-12T21:19:27.357+0000] {dag.py:3954} INFO - Setting next_dagrun for example_branch_python_operator_decorator to 2024-04-11 00:00:00+00:00, run_after=2024-04-12 00:00:00+00:00
[2024-04-12T21:19:27.385+0000] {processor.py:183} INFO - Processing /home/airflow/.local/lib/python3.12/site-packages/airflow/example_dags/example_branch_operator_decorator.py took 0.122 seconds
[2024-04-12T21:19:57.755+0000] {processor.py:161} INFO - Started process (PID=641) to work on /home/airflow/.local/lib/python3.12/site-packages/airflow/example_dags/example_branch_operator_decorator.py
[2024-04-12T21:19:57.756+0000] {processor.py:830} INFO - Processing file /home/airflow/.local/lib/python3.12/site-packages/airflow/example_dags/example_branch_operator_decorator.py for tasks to queue
[2024-04-12T21:19:57.758+0000] {logging_mixin.py:188} INFO - [2024-04-12T21:19:57.758+0000] {dagbag.py:540} INFO - Filling up the DagBag from /home/airflow/.local/lib/python3.12/site-packages/airflow/example_dags/example_branch_operator_decorator.py
[2024-04-12T21:19:57.781+0000] {processor.py:840} INFO - DAG(s) 'example_branch_python_operator_decorator' retrieved from /home/airflow/.local/lib/python3.12/site-packages/airflow/example_dags/example_branch_operator_decorator.py
[2024-04-12T21:19:57.814+0000] {logging_mixin.py:188} INFO - [2024-04-12T21:19:57.814+0000] {dag.py:3096} INFO - Sync 1 DAGs
[2024-04-12T21:19:57.840+0000] {logging_mixin.py:188} INFO - [2024-04-12T21:19:57.840+0000] {dag.py:3954} INFO - Setting next_dagrun for example_branch_python_operator_decorator to 2024-04-11 00:00:00+00:00, run_after=2024-04-12 00:00:00+00:00
[2024-04-12T21:19:57.866+0000] {processor.py:183} INFO - Processing /home/airflow/.local/lib/python3.12/site-packages/airflow/example_dags/example_branch_operator_decorator.py took 0.117 seconds
[2024-04-12T21:20:28.110+0000] {processor.py:161} INFO - Started process (PID=699) to work on /home/airflow/.local/lib/python3.12/site-packages/airflow/example_dags/example_branch_operator_decorator.py
[2024-04-12T21:20:28.111+0000] {processor.py:830} INFO - Processing file /home/airflow/.local/lib/python3.12/site-packages/airflow/example_dags/example_branch_operator_decorator.py for tasks to queue
[2024-04-12T21:20:28.114+0000] {logging_mixin.py:188} INFO - [2024-04-12T21:20:28.114+0000] {dagbag.py:540} INFO - Filling up the DagBag from /home/airflow/.local/lib/python3.12/site-packages/airflow/example_dags/example_branch_operator_decorator.py
[2024-04-12T21:20:28.138+0000] {processor.py:840} INFO - DAG(s) 'example_branch_python_operator_decorator' retrieved from /home/airflow/.local/lib/python3.12/site-packages/airflow/example_dags/example_branch_operator_decorator.py
[2024-04-12T21:20:28.173+0000] {logging_mixin.py:188} INFO - [2024-04-12T21:20:28.172+0000] {dag.py:3096} INFO - Sync 1 DAGs
[2024-04-12T21:20:28.201+0000] {logging_mixin.py:188} INFO - [2024-04-12T21:20:28.201+0000] {dag.py:3954} INFO - Setting next_dagrun for example_branch_python_operator_decorator to 2024-04-11 00:00:00+00:00, run_after=2024-04-12 00:00:00+00:00
[2024-04-12T21:20:28.229+0000] {processor.py:183} INFO - Processing /home/airflow/.local/lib/python3.12/site-packages/airflow/example_dags/example_branch_operator_decorator.py took 0.125 seconds
[2024-04-12T21:20:58.446+0000] {processor.py:161} INFO - Started process (PID=758) to work on /home/airflow/.local/lib/python3.12/site-packages/airflow/example_dags/example_branch_operator_decorator.py
[2024-04-12T21:20:58.447+0000] {processor.py:830} INFO - Processing file /home/airflow/.local/lib/python3.12/site-packages/airflow/example_dags/example_branch_operator_decorator.py for tasks to queue
[2024-04-12T21:20:58.452+0000] {logging_mixin.py:188} INFO - [2024-04-12T21:20:58.451+0000] {dagbag.py:540} INFO - Filling up the DagBag from /home/airflow/.local/lib/python3.12/site-packages/airflow/example_dags/example_branch_operator_decorator.py
[2024-04-12T21:20:58.496+0000] {processor.py:840} INFO - DAG(s) 'example_branch_python_operator_decorator' retrieved from /home/airflow/.local/lib/python3.12/site-packages/airflow/example_dags/example_branch_operator_decorator.py
[2024-04-12T21:20:58.544+0000] {logging_mixin.py:188} INFO - [2024-04-12T21:20:58.544+0000] {dag.py:3096} INFO - Sync 1 DAGs
[2024-04-12T21:20:58.583+0000] {logging_mixin.py:188} INFO - [2024-04-12T21:20:58.583+0000] {dag.py:3954} INFO - Setting next_dagrun for example_branch_python_operator_decorator to 2024-04-11 00:00:00+00:00, run_after=2024-04-12 00:00:00+00:00
[2024-04-12T21:20:58.617+0000] {processor.py:183} INFO - Processing /home/airflow/.local/lib/python3.12/site-packages/airflow/example_dags/example_branch_operator_decorator.py took 0.179 seconds
[2024-04-12T21:21:28.874+0000] {processor.py:161} INFO - Started process (PID=816) to work on /home/airflow/.local/lib/python3.12/site-packages/airflow/example_dags/example_branch_operator_decorator.py
[2024-04-12T21:21:28.876+0000] {processor.py:830} INFO - Processing file /home/airflow/.local/lib/python3.12/site-packages/airflow/example_dags/example_branch_operator_decorator.py for tasks to queue
[2024-04-12T21:21:28.883+0000] {logging_mixin.py:188} INFO - [2024-04-12T21:21:28.881+0000] {dagbag.py:540} INFO - Filling up the DagBag from /home/airflow/.local/lib/python3.12/site-packages/airflow/example_dags/example_branch_operator_decorator.py
[2024-04-12T21:21:28.930+0000] {processor.py:840} INFO - DAG(s) 'example_branch_python_operator_decorator' retrieved from /home/airflow/.local/lib/python3.12/site-packages/airflow/example_dags/example_branch_operator_decorator.py
[2024-04-12T21:21:28.978+0000] {logging_mixin.py:188} INFO - [2024-04-12T21:21:28.977+0000] {dag.py:3096} INFO - Sync 1 DAGs
[2024-04-12T21:21:29.044+0000] {logging_mixin.py:188} INFO - [2024-04-12T21:21:29.043+0000] {dag.py:3954} INFO - Setting next_dagrun for example_branch_python_operator_decorator to 2024-04-11 00:00:00+00:00, run_after=2024-04-12 00:00:00+00:00
[2024-04-12T21:21:29.103+0000] {processor.py:183} INFO - Processing /home/airflow/.local/lib/python3.12/site-packages/airflow/example_dags/example_branch_operator_decorator.py took 0.245 seconds
[2024-04-12T21:21:59.440+0000] {processor.py:161} INFO - Started process (PID=874) to work on /home/airflow/.local/lib/python3.12/site-packages/airflow/example_dags/example_branch_operator_decorator.py
[2024-04-12T21:21:59.442+0000] {processor.py:830} INFO - Processing file /home/airflow/.local/lib/python3.12/site-packages/airflow/example_dags/example_branch_operator_decorator.py for tasks to queue
[2024-04-12T21:21:59.445+0000] {logging_mixin.py:188} INFO - [2024-04-12T21:21:59.444+0000] {dagbag.py:540} INFO - Filling up the DagBag from /home/airflow/.local/lib/python3.12/site-packages/airflow/example_dags/example_branch_operator_decorator.py
[2024-04-12T21:21:59.473+0000] {processor.py:840} INFO - DAG(s) 'example_branch_python_operator_decorator' retrieved from /home/airflow/.local/lib/python3.12/site-packages/airflow/example_dags/example_branch_operator_decorator.py
[2024-04-12T21:21:59.508+0000] {logging_mixin.py:188} INFO - [2024-04-12T21:21:59.507+0000] {dag.py:3096} INFO - Sync 1 DAGs
[2024-04-12T21:21:59.535+0000] {logging_mixin.py:188} INFO - [2024-04-12T21:21:59.534+0000] {dag.py:3954} INFO - Setting next_dagrun for example_branch_python_operator_decorator to 2024-04-11 00:00:00+00:00, run_after=2024-04-12 00:00:00+00:00
[2024-04-12T21:21:59.560+0000] {processor.py:183} INFO - Processing /home/airflow/.local/lib/python3.12/site-packages/airflow/example_dags/example_branch_operator_decorator.py took 0.129 seconds
[2024-04-12T21:22:29.650+0000] {processor.py:161} INFO - Started process (PID=932) to work on /home/airflow/.local/lib/python3.12/site-packages/airflow/example_dags/example_branch_operator_decorator.py
[2024-04-12T21:22:29.694+0000] {processor.py:830} INFO - Processing file /home/airflow/.local/lib/python3.12/site-packages/airflow/example_dags/example_branch_operator_decorator.py for tasks to queue
[2024-04-12T21:22:29.709+0000] {logging_mixin.py:188} INFO - [2024-04-12T21:22:29.708+0000] {dagbag.py:540} INFO - Filling up the DagBag from /home/airflow/.local/lib/python3.12/site-packages/airflow/example_dags/example_branch_operator_decorator.py
[2024-04-12T21:22:29.755+0000] {processor.py:840} INFO - DAG(s) 'example_branch_python_operator_decorator' retrieved from /home/airflow/.local/lib/python3.12/site-packages/airflow/example_dags/example_branch_operator_decorator.py
[2024-04-12T21:22:29.804+0000] {logging_mixin.py:188} INFO - [2024-04-12T21:22:29.804+0000] {dag.py:3096} INFO - Sync 1 DAGs
[2024-04-12T21:22:29.836+0000] {logging_mixin.py:188} INFO - [2024-04-12T21:22:29.836+0000] {dag.py:3954} INFO - Setting next_dagrun for example_branch_python_operator_decorator to 2024-04-11 00:00:00+00:00, run_after=2024-04-12 00:00:00+00:00
[2024-04-12T21:22:29.863+0000] {processor.py:183} INFO - Processing /home/airflow/.local/lib/python3.12/site-packages/airflow/example_dags/example_branch_operator_decorator.py took 0.223 seconds
[2024-04-12T21:23:00.797+0000] {processor.py:161} INFO - Started process (PID=989) to work on /home/airflow/.local/lib/python3.12/site-packages/airflow/example_dags/example_branch_operator_decorator.py
[2024-04-12T21:23:00.798+0000] {processor.py:830} INFO - Processing file /home/airflow/.local/lib/python3.12/site-packages/airflow/example_dags/example_branch_operator_decorator.py for tasks to queue
[2024-04-12T21:23:00.801+0000] {logging_mixin.py:188} INFO - [2024-04-12T21:23:00.800+0000] {dagbag.py:540} INFO - Filling up the DagBag from /home/airflow/.local/lib/python3.12/site-packages/airflow/example_dags/example_branch_operator_decorator.py
[2024-04-12T21:23:00.825+0000] {processor.py:840} INFO - DAG(s) 'example_branch_python_operator_decorator' retrieved from /home/airflow/.local/lib/python3.12/site-packages/airflow/example_dags/example_branch_operator_decorator.py
[2024-04-12T21:23:00.869+0000] {logging_mixin.py:188} INFO - [2024-04-12T21:23:00.869+0000] {dag.py:3096} INFO - Sync 1 DAGs
[2024-04-12T21:23:00.895+0000] {logging_mixin.py:188} INFO - [2024-04-12T21:23:00.895+0000] {dag.py:3954} INFO - Setting next_dagrun for example_branch_python_operator_decorator to 2024-04-11 00:00:00+00:00, run_after=2024-04-12 00:00:00+00:00
[2024-04-12T21:23:00.923+0000] {processor.py:183} INFO - Processing /home/airflow/.local/lib/python3.12/site-packages/airflow/example_dags/example_branch_operator_decorator.py took 0.134 seconds
[2024-04-12T21:23:31.244+0000] {processor.py:161} INFO - Started process (PID=1048) to work on /home/airflow/.local/lib/python3.12/site-packages/airflow/example_dags/example_branch_operator_decorator.py
[2024-04-12T21:23:31.246+0000] {processor.py:830} INFO - Processing file /home/airflow/.local/lib/python3.12/site-packages/airflow/example_dags/example_branch_operator_decorator.py for tasks to queue
[2024-04-12T21:23:31.249+0000] {logging_mixin.py:188} INFO - [2024-04-12T21:23:31.248+0000] {dagbag.py:540} INFO - Filling up the DagBag from /home/airflow/.local/lib/python3.12/site-packages/airflow/example_dags/example_branch_operator_decorator.py
[2024-04-12T21:23:31.284+0000] {processor.py:840} INFO - DAG(s) 'example_branch_python_operator_decorator' retrieved from /home/airflow/.local/lib/python3.12/site-packages/airflow/example_dags/example_branch_operator_decorator.py
[2024-04-12T21:23:31.521+0000] {logging_mixin.py:188} INFO - [2024-04-12T21:23:31.520+0000] {dag.py:3096} INFO - Sync 1 DAGs
[2024-04-12T21:23:31.564+0000] {logging_mixin.py:188} INFO - [2024-04-12T21:23:31.563+0000] {dag.py:3954} INFO - Setting next_dagrun for example_branch_python_operator_decorator to 2024-04-11 00:00:00+00:00, run_after=2024-04-12 00:00:00+00:00
[2024-04-12T21:23:31.602+0000] {processor.py:183} INFO - Processing /home/airflow/.local/lib/python3.12/site-packages/airflow/example_dags/example_branch_operator_decorator.py took 0.368 seconds
[2024-04-12T21:27:54.386+0000] {processor.py:161} INFO - Started process (PID=28) to work on /home/airflow/.local/lib/python3.12/site-packages/airflow/example_dags/example_branch_operator_decorator.py
[2024-04-12T21:27:54.392+0000] {processor.py:830} INFO - Processing file /home/airflow/.local/lib/python3.12/site-packages/airflow/example_dags/example_branch_operator_decorator.py for tasks to queue
[2024-04-12T21:27:54.397+0000] {logging_mixin.py:188} INFO - [2024-04-12T21:27:54.396+0000] {dagbag.py:540} INFO - Filling up the DagBag from /home/airflow/.local/lib/python3.12/site-packages/airflow/example_dags/example_branch_operator_decorator.py
[2024-04-12T21:27:54.555+0000] {processor.py:840} INFO - DAG(s) 'example_branch_python_operator_decorator' retrieved from /home/airflow/.local/lib/python3.12/site-packages/airflow/example_dags/example_branch_operator_decorator.py
[2024-04-12T21:27:54.997+0000] {logging_mixin.py:188} INFO - [2024-04-12T21:27:54.996+0000] {dag.py:3096} INFO - Sync 1 DAGs
[2024-04-12T21:27:55.068+0000] {logging_mixin.py:188} INFO - [2024-04-12T21:27:55.068+0000] {dag.py:3954} INFO - Setting next_dagrun for example_branch_python_operator_decorator to 2024-04-11 00:00:00+00:00, run_after=2024-04-12 00:00:00+00:00
[2024-04-12T21:27:55.172+0000] {processor.py:183} INFO - Processing /home/airflow/.local/lib/python3.12/site-packages/airflow/example_dags/example_branch_operator_decorator.py took 0.802 seconds
[2024-04-12T21:28:25.477+0000] {processor.py:161} INFO - Started process (PID=88) to work on /home/airflow/.local/lib/python3.12/site-packages/airflow/example_dags/example_branch_operator_decorator.py
[2024-04-12T21:28:25.478+0000] {processor.py:830} INFO - Processing file /home/airflow/.local/lib/python3.12/site-packages/airflow/example_dags/example_branch_operator_decorator.py for tasks to queue
[2024-04-12T21:28:25.484+0000] {logging_mixin.py:188} INFO - [2024-04-12T21:28:25.483+0000] {dagbag.py:540} INFO - Filling up the DagBag from /home/airflow/.local/lib/python3.12/site-packages/airflow/example_dags/example_branch_operator_decorator.py
[2024-04-12T21:28:25.543+0000] {processor.py:840} INFO - DAG(s) 'example_branch_python_operator_decorator' retrieved from /home/airflow/.local/lib/python3.12/site-packages/airflow/example_dags/example_branch_operator_decorator.py
[2024-04-12T21:28:25.591+0000] {logging_mixin.py:188} INFO - [2024-04-12T21:28:25.591+0000] {dag.py:3096} INFO - Sync 1 DAGs
[2024-04-12T21:28:25.622+0000] {logging_mixin.py:188} INFO - [2024-04-12T21:28:25.622+0000] {dag.py:3954} INFO - Setting next_dagrun for example_branch_python_operator_decorator to 2024-04-11 00:00:00+00:00, run_after=2024-04-12 00:00:00+00:00
[2024-04-12T21:28:25.648+0000] {processor.py:183} INFO - Processing /home/airflow/.local/lib/python3.12/site-packages/airflow/example_dags/example_branch_operator_decorator.py took 0.186 seconds
[2024-04-12T21:28:55.795+0000] {processor.py:161} INFO - Started process (PID=146) to work on /home/airflow/.local/lib/python3.12/site-packages/airflow/example_dags/example_branch_operator_decorator.py
[2024-04-12T21:28:55.797+0000] {processor.py:830} INFO - Processing file /home/airflow/.local/lib/python3.12/site-packages/airflow/example_dags/example_branch_operator_decorator.py for tasks to queue
[2024-04-12T21:28:55.799+0000] {logging_mixin.py:188} INFO - [2024-04-12T21:28:55.799+0000] {dagbag.py:540} INFO - Filling up the DagBag from /home/airflow/.local/lib/python3.12/site-packages/airflow/example_dags/example_branch_operator_decorator.py
[2024-04-12T21:28:55.827+0000] {processor.py:840} INFO - DAG(s) 'example_branch_python_operator_decorator' retrieved from /home/airflow/.local/lib/python3.12/site-packages/airflow/example_dags/example_branch_operator_decorator.py
[2024-04-12T21:28:55.876+0000] {logging_mixin.py:188} INFO - [2024-04-12T21:28:55.876+0000] {dag.py:3096} INFO - Sync 1 DAGs
[2024-04-12T21:28:55.906+0000] {logging_mixin.py:188} INFO - [2024-04-12T21:28:55.906+0000] {dag.py:3954} INFO - Setting next_dagrun for example_branch_python_operator_decorator to 2024-04-11 00:00:00+00:00, run_after=2024-04-12 00:00:00+00:00
[2024-04-12T21:28:55.927+0000] {processor.py:183} INFO - Processing /home/airflow/.local/lib/python3.12/site-packages/airflow/example_dags/example_branch_operator_decorator.py took 0.140 seconds
[2024-04-12T21:29:26.004+0000] {processor.py:161} INFO - Started process (PID=204) to work on /home/airflow/.local/lib/python3.12/site-packages/airflow/example_dags/example_branch_operator_decorator.py
[2024-04-12T21:29:26.005+0000] {processor.py:830} INFO - Processing file /home/airflow/.local/lib/python3.12/site-packages/airflow/example_dags/example_branch_operator_decorator.py for tasks to queue
[2024-04-12T21:29:26.007+0000] {logging_mixin.py:188} INFO - [2024-04-12T21:29:26.007+0000] {dagbag.py:540} INFO - Filling up the DagBag from /home/airflow/.local/lib/python3.12/site-packages/airflow/example_dags/example_branch_operator_decorator.py
[2024-04-12T21:29:26.032+0000] {processor.py:840} INFO - DAG(s) 'example_branch_python_operator_decorator' retrieved from /home/airflow/.local/lib/python3.12/site-packages/airflow/example_dags/example_branch_operator_decorator.py
[2024-04-12T21:29:26.065+0000] {logging_mixin.py:188} INFO - [2024-04-12T21:29:26.065+0000] {dag.py:3096} INFO - Sync 1 DAGs
[2024-04-12T21:29:26.097+0000] {logging_mixin.py:188} INFO - [2024-04-12T21:29:26.097+0000] {dag.py:3954} INFO - Setting next_dagrun for example_branch_python_operator_decorator to 2024-04-11 00:00:00+00:00, run_after=2024-04-12 00:00:00+00:00
[2024-04-12T21:29:26.121+0000] {processor.py:183} INFO - Processing /home/airflow/.local/lib/python3.12/site-packages/airflow/example_dags/example_branch_operator_decorator.py took 0.123 seconds
[2024-04-12T21:57:18.790+0000] {processor.py:161} INFO - Started process (PID=29) to work on /home/airflow/.local/lib/python3.12/site-packages/airflow/example_dags/example_branch_operator_decorator.py
[2024-04-12T21:57:18.803+0000] {processor.py:830} INFO - Processing file /home/airflow/.local/lib/python3.12/site-packages/airflow/example_dags/example_branch_operator_decorator.py for tasks to queue
[2024-04-12T21:57:18.813+0000] {logging_mixin.py:188} INFO - [2024-04-12T21:57:18.811+0000] {dagbag.py:540} INFO - Filling up the DagBag from /home/airflow/.local/lib/python3.12/site-packages/airflow/example_dags/example_branch_operator_decorator.py
[2024-04-12T21:57:18.876+0000] {processor.py:840} INFO - DAG(s) 'example_branch_python_operator_decorator' retrieved from /home/airflow/.local/lib/python3.12/site-packages/airflow/example_dags/example_branch_operator_decorator.py
[2024-04-12T21:57:19.236+0000] {logging_mixin.py:188} INFO - [2024-04-12T21:57:19.235+0000] {dag.py:3096} INFO - Sync 1 DAGs
[2024-04-12T21:57:19.292+0000] {logging_mixin.py:188} INFO - [2024-04-12T21:57:19.292+0000] {dag.py:3954} INFO - Setting next_dagrun for example_branch_python_operator_decorator to 2024-04-11 00:00:00+00:00, run_after=2024-04-12 00:00:00+00:00
[2024-04-12T21:57:19.347+0000] {processor.py:183} INFO - Processing /home/airflow/.local/lib/python3.12/site-packages/airflow/example_dags/example_branch_operator_decorator.py took 0.572 seconds
[2024-04-12T21:57:50.282+0000] {processor.py:161} INFO - Started process (PID=88) to work on /home/airflow/.local/lib/python3.12/site-packages/airflow/example_dags/example_branch_operator_decorator.py
[2024-04-12T21:57:50.283+0000] {processor.py:830} INFO - Processing file /home/airflow/.local/lib/python3.12/site-packages/airflow/example_dags/example_branch_operator_decorator.py for tasks to queue
[2024-04-12T21:57:50.286+0000] {logging_mixin.py:188} INFO - [2024-04-12T21:57:50.285+0000] {dagbag.py:540} INFO - Filling up the DagBag from /home/airflow/.local/lib/python3.12/site-packages/airflow/example_dags/example_branch_operator_decorator.py
[2024-04-12T21:57:50.313+0000] {processor.py:840} INFO - DAG(s) 'example_branch_python_operator_decorator' retrieved from /home/airflow/.local/lib/python3.12/site-packages/airflow/example_dags/example_branch_operator_decorator.py
[2024-04-12T21:57:50.348+0000] {logging_mixin.py:188} INFO - [2024-04-12T21:57:50.347+0000] {dag.py:3096} INFO - Sync 1 DAGs
[2024-04-12T21:57:50.377+0000] {logging_mixin.py:188} INFO - [2024-04-12T21:57:50.376+0000] {dag.py:3954} INFO - Setting next_dagrun for example_branch_python_operator_decorator to 2024-04-11 00:00:00+00:00, run_after=2024-04-12 00:00:00+00:00
[2024-04-12T21:57:50.406+0000] {processor.py:183} INFO - Processing /home/airflow/.local/lib/python3.12/site-packages/airflow/example_dags/example_branch_operator_decorator.py took 0.131 seconds
[2024-04-12T21:58:20.585+0000] {processor.py:161} INFO - Started process (PID=148) to work on /home/airflow/.local/lib/python3.12/site-packages/airflow/example_dags/example_branch_operator_decorator.py
[2024-04-12T21:58:20.586+0000] {processor.py:830} INFO - Processing file /home/airflow/.local/lib/python3.12/site-packages/airflow/example_dags/example_branch_operator_decorator.py for tasks to queue
[2024-04-12T21:58:20.588+0000] {logging_mixin.py:188} INFO - [2024-04-12T21:58:20.588+0000] {dagbag.py:540} INFO - Filling up the DagBag from /home/airflow/.local/lib/python3.12/site-packages/airflow/example_dags/example_branch_operator_decorator.py
[2024-04-12T21:58:20.612+0000] {processor.py:840} INFO - DAG(s) 'example_branch_python_operator_decorator' retrieved from /home/airflow/.local/lib/python3.12/site-packages/airflow/example_dags/example_branch_operator_decorator.py
[2024-04-12T21:58:20.646+0000] {logging_mixin.py:188} INFO - [2024-04-12T21:58:20.646+0000] {dag.py:3096} INFO - Sync 1 DAGs
[2024-04-12T21:58:20.675+0000] {logging_mixin.py:188} INFO - [2024-04-12T21:58:20.674+0000] {dag.py:3954} INFO - Setting next_dagrun for example_branch_python_operator_decorator to 2024-04-11 00:00:00+00:00, run_after=2024-04-12 00:00:00+00:00
[2024-04-12T21:58:20.700+0000] {processor.py:183} INFO - Processing /home/airflow/.local/lib/python3.12/site-packages/airflow/example_dags/example_branch_operator_decorator.py took 0.123 seconds
[2024-04-12T21:58:51.174+0000] {processor.py:161} INFO - Started process (PID=206) to work on /home/airflow/.local/lib/python3.12/site-packages/airflow/example_dags/example_branch_operator_decorator.py
[2024-04-12T21:58:51.175+0000] {processor.py:830} INFO - Processing file /home/airflow/.local/lib/python3.12/site-packages/airflow/example_dags/example_branch_operator_decorator.py for tasks to queue
[2024-04-12T21:58:51.180+0000] {logging_mixin.py:188} INFO - [2024-04-12T21:58:51.180+0000] {dagbag.py:540} INFO - Filling up the DagBag from /home/airflow/.local/lib/python3.12/site-packages/airflow/example_dags/example_branch_operator_decorator.py
[2024-04-12T21:58:51.220+0000] {processor.py:840} INFO - DAG(s) 'example_branch_python_operator_decorator' retrieved from /home/airflow/.local/lib/python3.12/site-packages/airflow/example_dags/example_branch_operator_decorator.py
[2024-04-12T21:58:51.266+0000] {logging_mixin.py:188} INFO - [2024-04-12T21:58:51.265+0000] {dag.py:3096} INFO - Sync 1 DAGs
[2024-04-12T21:58:51.304+0000] {logging_mixin.py:188} INFO - [2024-04-12T21:58:51.304+0000] {dag.py:3954} INFO - Setting next_dagrun for example_branch_python_operator_decorator to 2024-04-11 00:00:00+00:00, run_after=2024-04-12 00:00:00+00:00
[2024-04-12T21:58:51.340+0000] {processor.py:183} INFO - Processing /home/airflow/.local/lib/python3.12/site-packages/airflow/example_dags/example_branch_operator_decorator.py took 0.174 seconds
[2024-04-12T21:59:21.532+0000] {processor.py:161} INFO - Started process (PID=265) to work on /home/airflow/.local/lib/python3.12/site-packages/airflow/example_dags/example_branch_operator_decorator.py
[2024-04-12T21:59:21.534+0000] {processor.py:830} INFO - Processing file /home/airflow/.local/lib/python3.12/site-packages/airflow/example_dags/example_branch_operator_decorator.py for tasks to queue
[2024-04-12T21:59:21.536+0000] {logging_mixin.py:188} INFO - [2024-04-12T21:59:21.536+0000] {dagbag.py:540} INFO - Filling up the DagBag from /home/airflow/.local/lib/python3.12/site-packages/airflow/example_dags/example_branch_operator_decorator.py
[2024-04-12T21:59:21.566+0000] {processor.py:840} INFO - DAG(s) 'example_branch_python_operator_decorator' retrieved from /home/airflow/.local/lib/python3.12/site-packages/airflow/example_dags/example_branch_operator_decorator.py
[2024-04-12T21:59:21.601+0000] {logging_mixin.py:188} INFO - [2024-04-12T21:59:21.601+0000] {dag.py:3096} INFO - Sync 1 DAGs
[2024-04-12T21:59:21.636+0000] {logging_mixin.py:188} INFO - [2024-04-12T21:59:21.636+0000] {dag.py:3954} INFO - Setting next_dagrun for example_branch_python_operator_decorator to 2024-04-11 00:00:00+00:00, run_after=2024-04-12 00:00:00+00:00
[2024-04-12T21:59:21.663+0000] {processor.py:183} INFO - Processing /home/airflow/.local/lib/python3.12/site-packages/airflow/example_dags/example_branch_operator_decorator.py took 0.139 seconds
[2024-04-12T21:59:51.861+0000] {processor.py:161} INFO - Started process (PID=324) to work on /home/airflow/.local/lib/python3.12/site-packages/airflow/example_dags/example_branch_operator_decorator.py
[2024-04-12T21:59:51.862+0000] {processor.py:830} INFO - Processing file /home/airflow/.local/lib/python3.12/site-packages/airflow/example_dags/example_branch_operator_decorator.py for tasks to queue
[2024-04-12T21:59:51.864+0000] {logging_mixin.py:188} INFO - [2024-04-12T21:59:51.864+0000] {dagbag.py:540} INFO - Filling up the DagBag from /home/airflow/.local/lib/python3.12/site-packages/airflow/example_dags/example_branch_operator_decorator.py
[2024-04-12T21:59:51.889+0000] {processor.py:840} INFO - DAG(s) 'example_branch_python_operator_decorator' retrieved from /home/airflow/.local/lib/python3.12/site-packages/airflow/example_dags/example_branch_operator_decorator.py
[2024-04-12T21:59:51.923+0000] {logging_mixin.py:188} INFO - [2024-04-12T21:59:51.922+0000] {dag.py:3096} INFO - Sync 1 DAGs
[2024-04-12T21:59:51.951+0000] {logging_mixin.py:188} INFO - [2024-04-12T21:59:51.951+0000] {dag.py:3954} INFO - Setting next_dagrun for example_branch_python_operator_decorator to 2024-04-11 00:00:00+00:00, run_after=2024-04-12 00:00:00+00:00
[2024-04-12T21:59:51.982+0000] {processor.py:183} INFO - Processing /home/airflow/.local/lib/python3.12/site-packages/airflow/example_dags/example_branch_operator_decorator.py took 0.127 seconds
[2024-04-12T22:00:22.215+0000] {processor.py:161} INFO - Started process (PID=383) to work on /home/airflow/.local/lib/python3.12/site-packages/airflow/example_dags/example_branch_operator_decorator.py
[2024-04-12T22:00:22.216+0000] {processor.py:830} INFO - Processing file /home/airflow/.local/lib/python3.12/site-packages/airflow/example_dags/example_branch_operator_decorator.py for tasks to queue
[2024-04-12T22:00:22.219+0000] {logging_mixin.py:188} INFO - [2024-04-12T22:00:22.218+0000] {dagbag.py:540} INFO - Filling up the DagBag from /home/airflow/.local/lib/python3.12/site-packages/airflow/example_dags/example_branch_operator_decorator.py
[2024-04-12T22:00:22.244+0000] {processor.py:840} INFO - DAG(s) 'example_branch_python_operator_decorator' retrieved from /home/airflow/.local/lib/python3.12/site-packages/airflow/example_dags/example_branch_operator_decorator.py
[2024-04-12T22:00:22.278+0000] {logging_mixin.py:188} INFO - [2024-04-12T22:00:22.278+0000] {dag.py:3096} INFO - Sync 1 DAGs
[2024-04-12T22:00:22.310+0000] {logging_mixin.py:188} INFO - [2024-04-12T22:00:22.310+0000] {dag.py:3954} INFO - Setting next_dagrun for example_branch_python_operator_decorator to 2024-04-11 00:00:00+00:00, run_after=2024-04-12 00:00:00+00:00
[2024-04-12T22:00:22.342+0000] {processor.py:183} INFO - Processing /home/airflow/.local/lib/python3.12/site-packages/airflow/example_dags/example_branch_operator_decorator.py took 0.136 seconds
[2024-04-12T22:00:52.787+0000] {processor.py:161} INFO - Started process (PID=442) to work on /home/airflow/.local/lib/python3.12/site-packages/airflow/example_dags/example_branch_operator_decorator.py
[2024-04-12T22:00:52.789+0000] {processor.py:830} INFO - Processing file /home/airflow/.local/lib/python3.12/site-packages/airflow/example_dags/example_branch_operator_decorator.py for tasks to queue
[2024-04-12T22:00:52.796+0000] {logging_mixin.py:188} INFO - [2024-04-12T22:00:52.793+0000] {dagbag.py:540} INFO - Filling up the DagBag from /home/airflow/.local/lib/python3.12/site-packages/airflow/example_dags/example_branch_operator_decorator.py
[2024-04-12T22:00:52.867+0000] {processor.py:840} INFO - DAG(s) 'example_branch_python_operator_decorator' retrieved from /home/airflow/.local/lib/python3.12/site-packages/airflow/example_dags/example_branch_operator_decorator.py
[2024-04-12T22:00:52.947+0000] {logging_mixin.py:188} INFO - [2024-04-12T22:00:52.946+0000] {dag.py:3096} INFO - Sync 1 DAGs
[2024-04-12T22:00:53.001+0000] {logging_mixin.py:188} INFO - [2024-04-12T22:00:53.001+0000] {dag.py:3954} INFO - Setting next_dagrun for example_branch_python_operator_decorator to 2024-04-11 00:00:00+00:00, run_after=2024-04-12 00:00:00+00:00
[2024-04-12T22:00:53.085+0000] {processor.py:183} INFO - Processing /home/airflow/.local/lib/python3.12/site-packages/airflow/example_dags/example_branch_operator_decorator.py took 0.308 seconds
[2024-04-12T22:01:23.152+0000] {processor.py:161} INFO - Started process (PID=501) to work on /home/airflow/.local/lib/python3.12/site-packages/airflow/example_dags/example_branch_operator_decorator.py
[2024-04-12T22:01:23.154+0000] {processor.py:830} INFO - Processing file /home/airflow/.local/lib/python3.12/site-packages/airflow/example_dags/example_branch_operator_decorator.py for tasks to queue
[2024-04-12T22:01:23.157+0000] {logging_mixin.py:188} INFO - [2024-04-12T22:01:23.156+0000] {dagbag.py:540} INFO - Filling up the DagBag from /home/airflow/.local/lib/python3.12/site-packages/airflow/example_dags/example_branch_operator_decorator.py
[2024-04-12T22:01:23.181+0000] {processor.py:840} INFO - DAG(s) 'example_branch_python_operator_decorator' retrieved from /home/airflow/.local/lib/python3.12/site-packages/airflow/example_dags/example_branch_operator_decorator.py
[2024-04-12T22:01:23.224+0000] {logging_mixin.py:188} INFO - [2024-04-12T22:01:23.223+0000] {dag.py:3096} INFO - Sync 1 DAGs
[2024-04-12T22:01:23.261+0000] {logging_mixin.py:188} INFO - [2024-04-12T22:01:23.261+0000] {dag.py:3954} INFO - Setting next_dagrun for example_branch_python_operator_decorator to 2024-04-11 00:00:00+00:00, run_after=2024-04-12 00:00:00+00:00
[2024-04-12T22:01:23.297+0000] {processor.py:183} INFO - Processing /home/airflow/.local/lib/python3.12/site-packages/airflow/example_dags/example_branch_operator_decorator.py took 0.153 seconds
[2024-04-12T22:01:53.822+0000] {processor.py:161} INFO - Started process (PID=559) to work on /home/airflow/.local/lib/python3.12/site-packages/airflow/example_dags/example_branch_operator_decorator.py
[2024-04-12T22:01:53.824+0000] {processor.py:830} INFO - Processing file /home/airflow/.local/lib/python3.12/site-packages/airflow/example_dags/example_branch_operator_decorator.py for tasks to queue
[2024-04-12T22:01:53.827+0000] {logging_mixin.py:188} INFO - [2024-04-12T22:01:53.826+0000] {dagbag.py:540} INFO - Filling up the DagBag from /home/airflow/.local/lib/python3.12/site-packages/airflow/example_dags/example_branch_operator_decorator.py
[2024-04-12T22:01:53.862+0000] {processor.py:840} INFO - DAG(s) 'example_branch_python_operator_decorator' retrieved from /home/airflow/.local/lib/python3.12/site-packages/airflow/example_dags/example_branch_operator_decorator.py
[2024-04-12T22:01:53.904+0000] {logging_mixin.py:188} INFO - [2024-04-12T22:01:53.903+0000] {dag.py:3096} INFO - Sync 1 DAGs
[2024-04-12T22:01:53.937+0000] {logging_mixin.py:188} INFO - [2024-04-12T22:01:53.936+0000] {dag.py:3954} INFO - Setting next_dagrun for example_branch_python_operator_decorator to 2024-04-11 00:00:00+00:00, run_after=2024-04-12 00:00:00+00:00
[2024-04-12T22:01:53.972+0000] {processor.py:183} INFO - Processing /home/airflow/.local/lib/python3.12/site-packages/airflow/example_dags/example_branch_operator_decorator.py took 0.160 seconds
[2024-04-12T22:02:24.782+0000] {processor.py:161} INFO - Started process (PID=618) to work on /home/airflow/.local/lib/python3.12/site-packages/airflow/example_dags/example_branch_operator_decorator.py
[2024-04-12T22:02:24.785+0000] {processor.py:830} INFO - Processing file /home/airflow/.local/lib/python3.12/site-packages/airflow/example_dags/example_branch_operator_decorator.py for tasks to queue
[2024-04-12T22:02:24.789+0000] {logging_mixin.py:188} INFO - [2024-04-12T22:02:24.788+0000] {dagbag.py:540} INFO - Filling up the DagBag from /home/airflow/.local/lib/python3.12/site-packages/airflow/example_dags/example_branch_operator_decorator.py
[2024-04-12T22:02:24.850+0000] {processor.py:840} INFO - DAG(s) 'example_branch_python_operator_decorator' retrieved from /home/airflow/.local/lib/python3.12/site-packages/airflow/example_dags/example_branch_operator_decorator.py
[2024-04-12T22:02:24.932+0000] {logging_mixin.py:188} INFO - [2024-04-12T22:02:24.932+0000] {dag.py:3096} INFO - Sync 1 DAGs
[2024-04-12T22:02:24.988+0000] {logging_mixin.py:188} INFO - [2024-04-12T22:02:24.988+0000] {dag.py:3954} INFO - Setting next_dagrun for example_branch_python_operator_decorator to 2024-04-11 00:00:00+00:00, run_after=2024-04-12 00:00:00+00:00
[2024-04-12T22:02:25.028+0000] {processor.py:183} INFO - Processing /home/airflow/.local/lib/python3.12/site-packages/airflow/example_dags/example_branch_operator_decorator.py took 0.260 seconds
[2024-04-12T22:02:55.435+0000] {processor.py:161} INFO - Started process (PID=677) to work on /home/airflow/.local/lib/python3.12/site-packages/airflow/example_dags/example_branch_operator_decorator.py
[2024-04-12T22:02:55.436+0000] {processor.py:830} INFO - Processing file /home/airflow/.local/lib/python3.12/site-packages/airflow/example_dags/example_branch_operator_decorator.py for tasks to queue
[2024-04-12T22:02:55.438+0000] {logging_mixin.py:188} INFO - [2024-04-12T22:02:55.438+0000] {dagbag.py:540} INFO - Filling up the DagBag from /home/airflow/.local/lib/python3.12/site-packages/airflow/example_dags/example_branch_operator_decorator.py
[2024-04-12T22:02:55.472+0000] {processor.py:840} INFO - DAG(s) 'example_branch_python_operator_decorator' retrieved from /home/airflow/.local/lib/python3.12/site-packages/airflow/example_dags/example_branch_operator_decorator.py
[2024-04-12T22:02:55.512+0000] {logging_mixin.py:188} INFO - [2024-04-12T22:02:55.511+0000] {dag.py:3096} INFO - Sync 1 DAGs
[2024-04-12T22:02:55.544+0000] {logging_mixin.py:188} INFO - [2024-04-12T22:02:55.543+0000] {dag.py:3954} INFO - Setting next_dagrun for example_branch_python_operator_decorator to 2024-04-11 00:00:00+00:00, run_after=2024-04-12 00:00:00+00:00
[2024-04-12T22:02:55.576+0000] {processor.py:183} INFO - Processing /home/airflow/.local/lib/python3.12/site-packages/airflow/example_dags/example_branch_operator_decorator.py took 0.149 seconds
[2024-04-12T22:03:26.493+0000] {processor.py:161} INFO - Started process (PID=736) to work on /home/airflow/.local/lib/python3.12/site-packages/airflow/example_dags/example_branch_operator_decorator.py
[2024-04-12T22:03:26.495+0000] {processor.py:830} INFO - Processing file /home/airflow/.local/lib/python3.12/site-packages/airflow/example_dags/example_branch_operator_decorator.py for tasks to queue
[2024-04-12T22:03:26.498+0000] {logging_mixin.py:188} INFO - [2024-04-12T22:03:26.497+0000] {dagbag.py:540} INFO - Filling up the DagBag from /home/airflow/.local/lib/python3.12/site-packages/airflow/example_dags/example_branch_operator_decorator.py
[2024-04-12T22:03:26.546+0000] {processor.py:840} INFO - DAG(s) 'example_branch_python_operator_decorator' retrieved from /home/airflow/.local/lib/python3.12/site-packages/airflow/example_dags/example_branch_operator_decorator.py
[2024-04-12T22:03:26.647+0000] {logging_mixin.py:188} INFO - [2024-04-12T22:03:26.646+0000] {dag.py:3096} INFO - Sync 1 DAGs
[2024-04-12T22:03:26.700+0000] {logging_mixin.py:188} INFO - [2024-04-12T22:03:26.700+0000] {dag.py:3954} INFO - Setting next_dagrun for example_branch_python_operator_decorator to 2024-04-11 00:00:00+00:00, run_after=2024-04-12 00:00:00+00:00
[2024-04-12T22:03:26.754+0000] {processor.py:183} INFO - Processing /home/airflow/.local/lib/python3.12/site-packages/airflow/example_dags/example_branch_operator_decorator.py took 0.269 seconds
[2024-04-12T22:03:56.848+0000] {processor.py:161} INFO - Started process (PID=796) to work on /home/airflow/.local/lib/python3.12/site-packages/airflow/example_dags/example_branch_operator_decorator.py
[2024-04-12T22:03:56.849+0000] {processor.py:830} INFO - Processing file /home/airflow/.local/lib/python3.12/site-packages/airflow/example_dags/example_branch_operator_decorator.py for tasks to queue
[2024-04-12T22:03:56.852+0000] {logging_mixin.py:188} INFO - [2024-04-12T22:03:56.851+0000] {dagbag.py:540} INFO - Filling up the DagBag from /home/airflow/.local/lib/python3.12/site-packages/airflow/example_dags/example_branch_operator_decorator.py
[2024-04-12T22:03:56.877+0000] {processor.py:840} INFO - DAG(s) 'example_branch_python_operator_decorator' retrieved from /home/airflow/.local/lib/python3.12/site-packages/airflow/example_dags/example_branch_operator_decorator.py
[2024-04-12T22:03:56.923+0000] {logging_mixin.py:188} INFO - [2024-04-12T22:03:56.922+0000] {dag.py:3096} INFO - Sync 1 DAGs
[2024-04-12T22:03:56.969+0000] {logging_mixin.py:188} INFO - [2024-04-12T22:03:56.968+0000] {dag.py:3954} INFO - Setting next_dagrun for example_branch_python_operator_decorator to 2024-04-11 00:00:00+00:00, run_after=2024-04-12 00:00:00+00:00
[2024-04-12T22:03:57.166+0000] {processor.py:183} INFO - Processing /home/airflow/.local/lib/python3.12/site-packages/airflow/example_dags/example_branch_operator_decorator.py took 0.325 seconds
[2024-04-12T22:04:27.239+0000] {processor.py:161} INFO - Started process (PID=855) to work on /home/airflow/.local/lib/python3.12/site-packages/airflow/example_dags/example_branch_operator_decorator.py
[2024-04-12T22:04:27.241+0000] {processor.py:830} INFO - Processing file /home/airflow/.local/lib/python3.12/site-packages/airflow/example_dags/example_branch_operator_decorator.py for tasks to queue
[2024-04-12T22:04:27.243+0000] {logging_mixin.py:188} INFO - [2024-04-12T22:04:27.243+0000] {dagbag.py:540} INFO - Filling up the DagBag from /home/airflow/.local/lib/python3.12/site-packages/airflow/example_dags/example_branch_operator_decorator.py
[2024-04-12T22:04:27.273+0000] {processor.py:840} INFO - DAG(s) 'example_branch_python_operator_decorator' retrieved from /home/airflow/.local/lib/python3.12/site-packages/airflow/example_dags/example_branch_operator_decorator.py
[2024-04-12T22:04:27.306+0000] {logging_mixin.py:188} INFO - [2024-04-12T22:04:27.306+0000] {dag.py:3096} INFO - Sync 1 DAGs
[2024-04-12T22:04:27.337+0000] {logging_mixin.py:188} INFO - [2024-04-12T22:04:27.336+0000] {dag.py:3954} INFO - Setting next_dagrun for example_branch_python_operator_decorator to 2024-04-11 00:00:00+00:00, run_after=2024-04-12 00:00:00+00:00
[2024-04-12T22:04:27.365+0000] {processor.py:183} INFO - Processing /home/airflow/.local/lib/python3.12/site-packages/airflow/example_dags/example_branch_operator_decorator.py took 0.133 seconds
[2024-04-12T22:04:57.650+0000] {processor.py:161} INFO - Started process (PID=914) to work on /home/airflow/.local/lib/python3.12/site-packages/airflow/example_dags/example_branch_operator_decorator.py
[2024-04-12T22:04:57.651+0000] {processor.py:830} INFO - Processing file /home/airflow/.local/lib/python3.12/site-packages/airflow/example_dags/example_branch_operator_decorator.py for tasks to queue
[2024-04-12T22:04:57.654+0000] {logging_mixin.py:188} INFO - [2024-04-12T22:04:57.653+0000] {dagbag.py:540} INFO - Filling up the DagBag from /home/airflow/.local/lib/python3.12/site-packages/airflow/example_dags/example_branch_operator_decorator.py
[2024-04-12T22:04:57.685+0000] {processor.py:840} INFO - DAG(s) 'example_branch_python_operator_decorator' retrieved from /home/airflow/.local/lib/python3.12/site-packages/airflow/example_dags/example_branch_operator_decorator.py
[2024-04-12T22:04:57.717+0000] {logging_mixin.py:188} INFO - [2024-04-12T22:04:57.717+0000] {dag.py:3096} INFO - Sync 1 DAGs
[2024-04-12T22:04:57.747+0000] {logging_mixin.py:188} INFO - [2024-04-12T22:04:57.747+0000] {dag.py:3954} INFO - Setting next_dagrun for example_branch_python_operator_decorator to 2024-04-11 00:00:00+00:00, run_after=2024-04-12 00:00:00+00:00
[2024-04-12T22:04:57.774+0000] {processor.py:183} INFO - Processing /home/airflow/.local/lib/python3.12/site-packages/airflow/example_dags/example_branch_operator_decorator.py took 0.132 seconds
[2024-04-12T22:05:28.478+0000] {processor.py:161} INFO - Started process (PID=973) to work on /home/airflow/.local/lib/python3.12/site-packages/airflow/example_dags/example_branch_operator_decorator.py
[2024-04-12T22:05:28.479+0000] {processor.py:830} INFO - Processing file /home/airflow/.local/lib/python3.12/site-packages/airflow/example_dags/example_branch_operator_decorator.py for tasks to queue
[2024-04-12T22:05:28.488+0000] {logging_mixin.py:188} INFO - [2024-04-12T22:05:28.487+0000] {dagbag.py:540} INFO - Filling up the DagBag from /home/airflow/.local/lib/python3.12/site-packages/airflow/example_dags/example_branch_operator_decorator.py
[2024-04-12T22:05:28.531+0000] {processor.py:840} INFO - DAG(s) 'example_branch_python_operator_decorator' retrieved from /home/airflow/.local/lib/python3.12/site-packages/airflow/example_dags/example_branch_operator_decorator.py
[2024-04-12T22:05:28.634+0000] {logging_mixin.py:188} INFO - [2024-04-12T22:05:28.633+0000] {dag.py:3096} INFO - Sync 1 DAGs
[2024-04-12T22:05:28.806+0000] {logging_mixin.py:188} INFO - [2024-04-12T22:05:28.805+0000] {dag.py:3954} INFO - Setting next_dagrun for example_branch_python_operator_decorator to 2024-04-11 00:00:00+00:00, run_after=2024-04-12 00:00:00+00:00
[2024-04-12T22:05:28.835+0000] {processor.py:183} INFO - Processing /home/airflow/.local/lib/python3.12/site-packages/airflow/example_dags/example_branch_operator_decorator.py took 0.365 seconds
