[2024-04-12T21:14:16.057+0000] {processor.py:161} INFO - Started process (PID=53) to work on /home/airflow/.local/lib/python3.12/site-packages/airflow/example_dags/example_complex.py
[2024-04-12T21:14:16.062+0000] {processor.py:830} INFO - Processing file /home/airflow/.local/lib/python3.12/site-packages/airflow/example_dags/example_complex.py for tasks to queue
[2024-04-12T21:14:16.066+0000] {logging_mixin.py:188} INFO - [2024-04-12T21:14:16.066+0000] {dagbag.py:540} INFO - Filling up the DagBag from /home/airflow/.local/lib/python3.12/site-packages/airflow/example_dags/example_complex.py
[2024-04-12T21:14:16.357+0000] {processor.py:840} INFO - DAG(s) 'example_complex' retrieved from /home/airflow/.local/lib/python3.12/site-packages/airflow/example_dags/example_complex.py
[2024-04-12T21:14:19.688+0000] {logging_mixin.py:188} INFO - [2024-04-12T21:14:19.688+0000] {dag.py:3096} INFO - Sync 1 DAGs
[2024-04-12T21:14:19.818+0000] {logging_mixin.py:188} INFO - [2024-04-12T21:14:19.817+0000] {dag.py:3954} INFO - Setting next_dagrun for example_complex to None, run_after=None
[2024-04-12T21:14:20.108+0000] {processor.py:183} INFO - Processing /home/airflow/.local/lib/python3.12/site-packages/airflow/example_dags/example_complex.py took 4.072 seconds
[2024-04-12T21:15:20.820+0000] {processor.py:161} INFO - Started process (PID=118) to work on /home/airflow/.local/lib/python3.12/site-packages/airflow/example_dags/example_complex.py
[2024-04-12T21:15:20.822+0000] {processor.py:830} INFO - Processing file /home/airflow/.local/lib/python3.12/site-packages/airflow/example_dags/example_complex.py for tasks to queue
[2024-04-12T21:15:20.831+0000] {logging_mixin.py:188} INFO - [2024-04-12T21:15:20.830+0000] {dagbag.py:540} INFO - Filling up the DagBag from /home/airflow/.local/lib/python3.12/site-packages/airflow/example_dags/example_complex.py
[2024-04-12T21:15:20.864+0000] {processor.py:840} INFO - DAG(s) 'example_complex' retrieved from /home/airflow/.local/lib/python3.12/site-packages/airflow/example_dags/example_complex.py
[2024-04-12T21:15:20.960+0000] {logging_mixin.py:188} INFO - [2024-04-12T21:15:20.958+0000] {dag.py:3096} INFO - Sync 1 DAGs
[2024-04-12T21:15:21.005+0000] {logging_mixin.py:188} INFO - [2024-04-12T21:15:21.005+0000] {dag.py:3954} INFO - Setting next_dagrun for example_complex to None, run_after=None
[2024-04-12T21:15:21.099+0000] {processor.py:183} INFO - Processing /home/airflow/.local/lib/python3.12/site-packages/airflow/example_dags/example_complex.py took 0.294 seconds
[2024-04-12T21:15:51.286+0000] {processor.py:161} INFO - Started process (PID=175) to work on /home/airflow/.local/lib/python3.12/site-packages/airflow/example_dags/example_complex.py
[2024-04-12T21:15:51.288+0000] {processor.py:830} INFO - Processing file /home/airflow/.local/lib/python3.12/site-packages/airflow/example_dags/example_complex.py for tasks to queue
[2024-04-12T21:15:51.291+0000] {logging_mixin.py:188} INFO - [2024-04-12T21:15:51.291+0000] {dagbag.py:540} INFO - Filling up the DagBag from /home/airflow/.local/lib/python3.12/site-packages/airflow/example_dags/example_complex.py
[2024-04-12T21:15:51.315+0000] {processor.py:840} INFO - DAG(s) 'example_complex' retrieved from /home/airflow/.local/lib/python3.12/site-packages/airflow/example_dags/example_complex.py
[2024-04-12T21:15:51.383+0000] {logging_mixin.py:188} INFO - [2024-04-12T21:15:51.383+0000] {dag.py:3096} INFO - Sync 1 DAGs
[2024-04-12T21:15:51.411+0000] {logging_mixin.py:188} INFO - [2024-04-12T21:15:51.411+0000] {dag.py:3954} INFO - Setting next_dagrun for example_complex to None, run_after=None
[2024-04-12T21:15:51.462+0000] {processor.py:183} INFO - Processing /home/airflow/.local/lib/python3.12/site-packages/airflow/example_dags/example_complex.py took 0.189 seconds
[2024-04-12T21:16:21.603+0000] {processor.py:161} INFO - Started process (PID=232) to work on /home/airflow/.local/lib/python3.12/site-packages/airflow/example_dags/example_complex.py
[2024-04-12T21:16:21.605+0000] {processor.py:830} INFO - Processing file /home/airflow/.local/lib/python3.12/site-packages/airflow/example_dags/example_complex.py for tasks to queue
[2024-04-12T21:16:21.608+0000] {logging_mixin.py:188} INFO - [2024-04-12T21:16:21.607+0000] {dagbag.py:540} INFO - Filling up the DagBag from /home/airflow/.local/lib/python3.12/site-packages/airflow/example_dags/example_complex.py
[2024-04-12T21:16:21.632+0000] {processor.py:840} INFO - DAG(s) 'example_complex' retrieved from /home/airflow/.local/lib/python3.12/site-packages/airflow/example_dags/example_complex.py
[2024-04-12T21:16:21.678+0000] {logging_mixin.py:188} INFO - [2024-04-12T21:16:21.677+0000] {dag.py:3096} INFO - Sync 1 DAGs
[2024-04-12T21:16:21.692+0000] {logging_mixin.py:188} INFO - [2024-04-12T21:16:21.692+0000] {dag.py:3954} INFO - Setting next_dagrun for example_complex to None, run_after=None
[2024-04-12T21:16:21.717+0000] {processor.py:183} INFO - Processing /home/airflow/.local/lib/python3.12/site-packages/airflow/example_dags/example_complex.py took 0.139 seconds
[2024-04-12T21:16:51.836+0000] {processor.py:161} INFO - Started process (PID=288) to work on /home/airflow/.local/lib/python3.12/site-packages/airflow/example_dags/example_complex.py
[2024-04-12T21:16:51.838+0000] {processor.py:830} INFO - Processing file /home/airflow/.local/lib/python3.12/site-packages/airflow/example_dags/example_complex.py for tasks to queue
[2024-04-12T21:16:51.841+0000] {logging_mixin.py:188} INFO - [2024-04-12T21:16:51.841+0000] {dagbag.py:540} INFO - Filling up the DagBag from /home/airflow/.local/lib/python3.12/site-packages/airflow/example_dags/example_complex.py
[2024-04-12T21:16:51.869+0000] {processor.py:840} INFO - DAG(s) 'example_complex' retrieved from /home/airflow/.local/lib/python3.12/site-packages/airflow/example_dags/example_complex.py
[2024-04-12T21:16:51.944+0000] {logging_mixin.py:188} INFO - [2024-04-12T21:16:51.943+0000] {dag.py:3096} INFO - Sync 1 DAGs
[2024-04-12T21:16:51.971+0000] {logging_mixin.py:188} INFO - [2024-04-12T21:16:51.971+0000] {dag.py:3954} INFO - Setting next_dagrun for example_complex to None, run_after=None
[2024-04-12T21:16:51.999+0000] {processor.py:183} INFO - Processing /home/airflow/.local/lib/python3.12/site-packages/airflow/example_dags/example_complex.py took 0.175 seconds
[2024-04-12T21:17:22.296+0000] {processor.py:161} INFO - Started process (PID=346) to work on /home/airflow/.local/lib/python3.12/site-packages/airflow/example_dags/example_complex.py
[2024-04-12T21:17:22.297+0000] {processor.py:830} INFO - Processing file /home/airflow/.local/lib/python3.12/site-packages/airflow/example_dags/example_complex.py for tasks to queue
[2024-04-12T21:17:22.301+0000] {logging_mixin.py:188} INFO - [2024-04-12T21:17:22.300+0000] {dagbag.py:540} INFO - Filling up the DagBag from /home/airflow/.local/lib/python3.12/site-packages/airflow/example_dags/example_complex.py
[2024-04-12T21:17:22.318+0000] {processor.py:840} INFO - DAG(s) 'example_complex' retrieved from /home/airflow/.local/lib/python3.12/site-packages/airflow/example_dags/example_complex.py
[2024-04-12T21:17:22.484+0000] {logging_mixin.py:188} INFO - [2024-04-12T21:17:22.484+0000] {dag.py:3096} INFO - Sync 1 DAGs
[2024-04-12T21:17:22.568+0000] {logging_mixin.py:188} INFO - [2024-04-12T21:17:22.567+0000] {dag.py:3954} INFO - Setting next_dagrun for example_complex to None, run_after=None
[2024-04-12T21:17:22.657+0000] {processor.py:183} INFO - Processing /home/airflow/.local/lib/python3.12/site-packages/airflow/example_dags/example_complex.py took 0.370 seconds
[2024-04-12T21:17:53.404+0000] {processor.py:161} INFO - Started process (PID=404) to work on /home/airflow/.local/lib/python3.12/site-packages/airflow/example_dags/example_complex.py
[2024-04-12T21:17:53.405+0000] {processor.py:830} INFO - Processing file /home/airflow/.local/lib/python3.12/site-packages/airflow/example_dags/example_complex.py for tasks to queue
[2024-04-12T21:17:53.407+0000] {logging_mixin.py:188} INFO - [2024-04-12T21:17:53.407+0000] {dagbag.py:540} INFO - Filling up the DagBag from /home/airflow/.local/lib/python3.12/site-packages/airflow/example_dags/example_complex.py
[2024-04-12T21:17:53.421+0000] {processor.py:840} INFO - DAG(s) 'example_complex' retrieved from /home/airflow/.local/lib/python3.12/site-packages/airflow/example_dags/example_complex.py
[2024-04-12T21:17:53.493+0000] {logging_mixin.py:188} INFO - [2024-04-12T21:17:53.493+0000] {dag.py:3096} INFO - Sync 1 DAGs
[2024-04-12T21:17:53.510+0000] {logging_mixin.py:188} INFO - [2024-04-12T21:17:53.509+0000] {dag.py:3954} INFO - Setting next_dagrun for example_complex to None, run_after=None
[2024-04-12T21:17:53.536+0000] {processor.py:183} INFO - Processing /home/airflow/.local/lib/python3.12/site-packages/airflow/example_dags/example_complex.py took 0.142 seconds
[2024-04-12T21:18:23.631+0000] {processor.py:161} INFO - Started process (PID=463) to work on /home/airflow/.local/lib/python3.12/site-packages/airflow/example_dags/example_complex.py
[2024-04-12T21:18:23.632+0000] {processor.py:830} INFO - Processing file /home/airflow/.local/lib/python3.12/site-packages/airflow/example_dags/example_complex.py for tasks to queue
[2024-04-12T21:18:23.635+0000] {logging_mixin.py:188} INFO - [2024-04-12T21:18:23.634+0000] {dagbag.py:540} INFO - Filling up the DagBag from /home/airflow/.local/lib/python3.12/site-packages/airflow/example_dags/example_complex.py
[2024-04-12T21:18:23.649+0000] {processor.py:840} INFO - DAG(s) 'example_complex' retrieved from /home/airflow/.local/lib/python3.12/site-packages/airflow/example_dags/example_complex.py
[2024-04-12T21:18:23.695+0000] {logging_mixin.py:188} INFO - [2024-04-12T21:18:23.695+0000] {dag.py:3096} INFO - Sync 1 DAGs
[2024-04-12T21:18:23.710+0000] {logging_mixin.py:188} INFO - [2024-04-12T21:18:23.709+0000] {dag.py:3954} INFO - Setting next_dagrun for example_complex to None, run_after=None
[2024-04-12T21:18:23.736+0000] {processor.py:183} INFO - Processing /home/airflow/.local/lib/python3.12/site-packages/airflow/example_dags/example_complex.py took 0.112 seconds
[2024-04-12T21:18:53.855+0000] {processor.py:161} INFO - Started process (PID=521) to work on /home/airflow/.local/lib/python3.12/site-packages/airflow/example_dags/example_complex.py
[2024-04-12T21:18:53.856+0000] {processor.py:830} INFO - Processing file /home/airflow/.local/lib/python3.12/site-packages/airflow/example_dags/example_complex.py for tasks to queue
[2024-04-12T21:18:53.859+0000] {logging_mixin.py:188} INFO - [2024-04-12T21:18:53.858+0000] {dagbag.py:540} INFO - Filling up the DagBag from /home/airflow/.local/lib/python3.12/site-packages/airflow/example_dags/example_complex.py
[2024-04-12T21:18:53.872+0000] {processor.py:840} INFO - DAG(s) 'example_complex' retrieved from /home/airflow/.local/lib/python3.12/site-packages/airflow/example_dags/example_complex.py
[2024-04-12T21:18:53.911+0000] {logging_mixin.py:188} INFO - [2024-04-12T21:18:53.911+0000] {dag.py:3096} INFO - Sync 1 DAGs
[2024-04-12T21:18:53.926+0000] {logging_mixin.py:188} INFO - [2024-04-12T21:18:53.926+0000] {dag.py:3954} INFO - Setting next_dagrun for example_complex to None, run_after=None
[2024-04-12T21:18:53.949+0000] {processor.py:183} INFO - Processing /home/airflow/.local/lib/python3.12/site-packages/airflow/example_dags/example_complex.py took 0.103 seconds
[2024-04-12T21:19:24.106+0000] {processor.py:161} INFO - Started process (PID=580) to work on /home/airflow/.local/lib/python3.12/site-packages/airflow/example_dags/example_complex.py
[2024-04-12T21:19:24.107+0000] {processor.py:830} INFO - Processing file /home/airflow/.local/lib/python3.12/site-packages/airflow/example_dags/example_complex.py for tasks to queue
[2024-04-12T21:19:24.110+0000] {logging_mixin.py:188} INFO - [2024-04-12T21:19:24.109+0000] {dagbag.py:540} INFO - Filling up the DagBag from /home/airflow/.local/lib/python3.12/site-packages/airflow/example_dags/example_complex.py
[2024-04-12T21:19:24.123+0000] {processor.py:840} INFO - DAG(s) 'example_complex' retrieved from /home/airflow/.local/lib/python3.12/site-packages/airflow/example_dags/example_complex.py
[2024-04-12T21:19:24.163+0000] {logging_mixin.py:188} INFO - [2024-04-12T21:19:24.163+0000] {dag.py:3096} INFO - Sync 1 DAGs
[2024-04-12T21:19:24.177+0000] {logging_mixin.py:188} INFO - [2024-04-12T21:19:24.177+0000] {dag.py:3954} INFO - Setting next_dagrun for example_complex to None, run_after=None
[2024-04-12T21:19:24.201+0000] {processor.py:183} INFO - Processing /home/airflow/.local/lib/python3.12/site-packages/airflow/example_dags/example_complex.py took 0.102 seconds
[2024-04-12T21:19:54.583+0000] {processor.py:161} INFO - Started process (PID=638) to work on /home/airflow/.local/lib/python3.12/site-packages/airflow/example_dags/example_complex.py
[2024-04-12T21:19:54.584+0000] {processor.py:830} INFO - Processing file /home/airflow/.local/lib/python3.12/site-packages/airflow/example_dags/example_complex.py for tasks to queue
[2024-04-12T21:19:54.587+0000] {logging_mixin.py:188} INFO - [2024-04-12T21:19:54.587+0000] {dagbag.py:540} INFO - Filling up the DagBag from /home/airflow/.local/lib/python3.12/site-packages/airflow/example_dags/example_complex.py
[2024-04-12T21:19:54.600+0000] {processor.py:840} INFO - DAG(s) 'example_complex' retrieved from /home/airflow/.local/lib/python3.12/site-packages/airflow/example_dags/example_complex.py
[2024-04-12T21:19:54.640+0000] {logging_mixin.py:188} INFO - [2024-04-12T21:19:54.639+0000] {dag.py:3096} INFO - Sync 1 DAGs
[2024-04-12T21:19:54.654+0000] {logging_mixin.py:188} INFO - [2024-04-12T21:19:54.653+0000] {dag.py:3954} INFO - Setting next_dagrun for example_complex to None, run_after=None
[2024-04-12T21:19:54.693+0000] {processor.py:183} INFO - Processing /home/airflow/.local/lib/python3.12/site-packages/airflow/example_dags/example_complex.py took 0.117 seconds
[2024-04-12T21:20:24.846+0000] {processor.py:161} INFO - Started process (PID=696) to work on /home/airflow/.local/lib/python3.12/site-packages/airflow/example_dags/example_complex.py
[2024-04-12T21:20:24.874+0000] {processor.py:830} INFO - Processing file /home/airflow/.local/lib/python3.12/site-packages/airflow/example_dags/example_complex.py for tasks to queue
[2024-04-12T21:20:24.877+0000] {logging_mixin.py:188} INFO - [2024-04-12T21:20:24.877+0000] {dagbag.py:540} INFO - Filling up the DagBag from /home/airflow/.local/lib/python3.12/site-packages/airflow/example_dags/example_complex.py
[2024-04-12T21:20:24.918+0000] {processor.py:840} INFO - DAG(s) 'example_complex' retrieved from /home/airflow/.local/lib/python3.12/site-packages/airflow/example_dags/example_complex.py
[2024-04-12T21:20:25.010+0000] {logging_mixin.py:188} INFO - [2024-04-12T21:20:25.010+0000] {dag.py:3096} INFO - Sync 1 DAGs
[2024-04-12T21:20:25.025+0000] {logging_mixin.py:188} INFO - [2024-04-12T21:20:25.025+0000] {dag.py:3954} INFO - Setting next_dagrun for example_complex to None, run_after=None
[2024-04-12T21:20:25.051+0000] {processor.py:183} INFO - Processing /home/airflow/.local/lib/python3.12/site-packages/airflow/example_dags/example_complex.py took 0.225 seconds
[2024-04-12T21:20:55.198+0000] {processor.py:161} INFO - Started process (PID=756) to work on /home/airflow/.local/lib/python3.12/site-packages/airflow/example_dags/example_complex.py
[2024-04-12T21:20:55.200+0000] {processor.py:830} INFO - Processing file /home/airflow/.local/lib/python3.12/site-packages/airflow/example_dags/example_complex.py for tasks to queue
[2024-04-12T21:20:55.203+0000] {logging_mixin.py:188} INFO - [2024-04-12T21:20:55.203+0000] {dagbag.py:540} INFO - Filling up the DagBag from /home/airflow/.local/lib/python3.12/site-packages/airflow/example_dags/example_complex.py
[2024-04-12T21:20:55.220+0000] {processor.py:840} INFO - DAG(s) 'example_complex' retrieved from /home/airflow/.local/lib/python3.12/site-packages/airflow/example_dags/example_complex.py
[2024-04-12T21:20:55.283+0000] {logging_mixin.py:188} INFO - [2024-04-12T21:20:55.282+0000] {dag.py:3096} INFO - Sync 1 DAGs
[2024-04-12T21:20:55.315+0000] {logging_mixin.py:188} INFO - [2024-04-12T21:20:55.314+0000] {dag.py:3954} INFO - Setting next_dagrun for example_complex to None, run_after=None
[2024-04-12T21:20:55.364+0000] {processor.py:183} INFO - Processing /home/airflow/.local/lib/python3.12/site-packages/airflow/example_dags/example_complex.py took 0.177 seconds
[2024-04-12T21:21:25.637+0000] {processor.py:161} INFO - Started process (PID=814) to work on /home/airflow/.local/lib/python3.12/site-packages/airflow/example_dags/example_complex.py
[2024-04-12T21:21:25.639+0000] {processor.py:830} INFO - Processing file /home/airflow/.local/lib/python3.12/site-packages/airflow/example_dags/example_complex.py for tasks to queue
[2024-04-12T21:21:25.641+0000] {logging_mixin.py:188} INFO - [2024-04-12T21:21:25.640+0000] {dagbag.py:540} INFO - Filling up the DagBag from /home/airflow/.local/lib/python3.12/site-packages/airflow/example_dags/example_complex.py
[2024-04-12T21:21:25.656+0000] {processor.py:840} INFO - DAG(s) 'example_complex' retrieved from /home/airflow/.local/lib/python3.12/site-packages/airflow/example_dags/example_complex.py
[2024-04-12T21:21:25.697+0000] {logging_mixin.py:188} INFO - [2024-04-12T21:21:25.696+0000] {dag.py:3096} INFO - Sync 1 DAGs
[2024-04-12T21:21:25.714+0000] {logging_mixin.py:188} INFO - [2024-04-12T21:21:25.713+0000] {dag.py:3954} INFO - Setting next_dagrun for example_complex to None, run_after=None
[2024-04-12T21:21:25.743+0000] {processor.py:183} INFO - Processing /home/airflow/.local/lib/python3.12/site-packages/airflow/example_dags/example_complex.py took 0.115 seconds
[2024-04-12T21:21:55.909+0000] {processor.py:161} INFO - Started process (PID=867) to work on /home/airflow/.local/lib/python3.12/site-packages/airflow/example_dags/example_complex.py
[2024-04-12T21:21:55.913+0000] {processor.py:830} INFO - Processing file /home/airflow/.local/lib/python3.12/site-packages/airflow/example_dags/example_complex.py for tasks to queue
[2024-04-12T21:21:55.923+0000] {logging_mixin.py:188} INFO - [2024-04-12T21:21:55.922+0000] {dagbag.py:540} INFO - Filling up the DagBag from /home/airflow/.local/lib/python3.12/site-packages/airflow/example_dags/example_complex.py
[2024-04-12T21:21:55.955+0000] {processor.py:840} INFO - DAG(s) 'example_complex' retrieved from /home/airflow/.local/lib/python3.12/site-packages/airflow/example_dags/example_complex.py
[2024-04-12T21:21:56.038+0000] {logging_mixin.py:188} INFO - [2024-04-12T21:21:56.032+0000] {dag.py:3096} INFO - Sync 1 DAGs
[2024-04-12T21:21:56.075+0000] {logging_mixin.py:188} INFO - [2024-04-12T21:21:56.074+0000] {dag.py:3954} INFO - Setting next_dagrun for example_complex to None, run_after=None
[2024-04-12T21:21:56.116+0000] {processor.py:183} INFO - Processing /home/airflow/.local/lib/python3.12/site-packages/airflow/example_dags/example_complex.py took 0.217 seconds
[2024-04-12T21:22:27.093+0000] {processor.py:161} INFO - Started process (PID=925) to work on /home/airflow/.local/lib/python3.12/site-packages/airflow/example_dags/example_complex.py
[2024-04-12T21:22:27.094+0000] {processor.py:830} INFO - Processing file /home/airflow/.local/lib/python3.12/site-packages/airflow/example_dags/example_complex.py for tasks to queue
[2024-04-12T21:22:27.101+0000] {logging_mixin.py:188} INFO - [2024-04-12T21:22:27.099+0000] {dagbag.py:540} INFO - Filling up the DagBag from /home/airflow/.local/lib/python3.12/site-packages/airflow/example_dags/example_complex.py
[2024-04-12T21:22:27.125+0000] {processor.py:840} INFO - DAG(s) 'example_complex' retrieved from /home/airflow/.local/lib/python3.12/site-packages/airflow/example_dags/example_complex.py
[2024-04-12T21:22:27.214+0000] {logging_mixin.py:188} INFO - [2024-04-12T21:22:27.213+0000] {dag.py:3096} INFO - Sync 1 DAGs
[2024-04-12T21:22:27.256+0000] {logging_mixin.py:188} INFO - [2024-04-12T21:22:27.256+0000] {dag.py:3954} INFO - Setting next_dagrun for example_complex to None, run_after=None
[2024-04-12T21:22:27.306+0000] {processor.py:183} INFO - Processing /home/airflow/.local/lib/python3.12/site-packages/airflow/example_dags/example_complex.py took 0.222 seconds
[2024-04-12T21:22:58.235+0000] {processor.py:161} INFO - Started process (PID=982) to work on /home/airflow/.local/lib/python3.12/site-packages/airflow/example_dags/example_complex.py
[2024-04-12T21:22:58.236+0000] {processor.py:830} INFO - Processing file /home/airflow/.local/lib/python3.12/site-packages/airflow/example_dags/example_complex.py for tasks to queue
[2024-04-12T21:22:58.239+0000] {logging_mixin.py:188} INFO - [2024-04-12T21:22:58.239+0000] {dagbag.py:540} INFO - Filling up the DagBag from /home/airflow/.local/lib/python3.12/site-packages/airflow/example_dags/example_complex.py
[2024-04-12T21:22:58.257+0000] {processor.py:840} INFO - DAG(s) 'example_complex' retrieved from /home/airflow/.local/lib/python3.12/site-packages/airflow/example_dags/example_complex.py
[2024-04-12T21:22:58.304+0000] {logging_mixin.py:188} INFO - [2024-04-12T21:22:58.304+0000] {dag.py:3096} INFO - Sync 1 DAGs
[2024-04-12T21:22:58.324+0000] {logging_mixin.py:188} INFO - [2024-04-12T21:22:58.324+0000] {dag.py:3954} INFO - Setting next_dagrun for example_complex to None, run_after=None
[2024-04-12T21:22:58.353+0000] {processor.py:183} INFO - Processing /home/airflow/.local/lib/python3.12/site-packages/airflow/example_dags/example_complex.py took 0.126 seconds
[2024-04-12T21:23:28.438+0000] {processor.py:161} INFO - Started process (PID=1041) to work on /home/airflow/.local/lib/python3.12/site-packages/airflow/example_dags/example_complex.py
[2024-04-12T21:23:28.440+0000] {processor.py:830} INFO - Processing file /home/airflow/.local/lib/python3.12/site-packages/airflow/example_dags/example_complex.py for tasks to queue
[2024-04-12T21:23:28.443+0000] {logging_mixin.py:188} INFO - [2024-04-12T21:23:28.442+0000] {dagbag.py:540} INFO - Filling up the DagBag from /home/airflow/.local/lib/python3.12/site-packages/airflow/example_dags/example_complex.py
[2024-04-12T21:23:28.459+0000] {processor.py:840} INFO - DAG(s) 'example_complex' retrieved from /home/airflow/.local/lib/python3.12/site-packages/airflow/example_dags/example_complex.py
[2024-04-12T21:23:28.502+0000] {logging_mixin.py:188} INFO - [2024-04-12T21:23:28.501+0000] {dag.py:3096} INFO - Sync 1 DAGs
[2024-04-12T21:23:28.520+0000] {logging_mixin.py:188} INFO - [2024-04-12T21:23:28.520+0000] {dag.py:3954} INFO - Setting next_dagrun for example_complex to None, run_after=None
[2024-04-12T21:23:28.714+0000] {processor.py:183} INFO - Processing /home/airflow/.local/lib/python3.12/site-packages/airflow/example_dags/example_complex.py took 0.284 seconds
[2024-04-12T21:27:53.504+0000] {processor.py:161} INFO - Started process (PID=26) to work on /home/airflow/.local/lib/python3.12/site-packages/airflow/example_dags/example_complex.py
[2024-04-12T21:27:53.510+0000] {processor.py:830} INFO - Processing file /home/airflow/.local/lib/python3.12/site-packages/airflow/example_dags/example_complex.py for tasks to queue
[2024-04-12T21:27:53.514+0000] {logging_mixin.py:188} INFO - [2024-04-12T21:27:53.513+0000] {dagbag.py:540} INFO - Filling up the DagBag from /home/airflow/.local/lib/python3.12/site-packages/airflow/example_dags/example_complex.py
[2024-04-12T21:27:53.575+0000] {processor.py:840} INFO - DAG(s) 'example_complex' retrieved from /home/airflow/.local/lib/python3.12/site-packages/airflow/example_dags/example_complex.py
[2024-04-12T21:27:54.099+0000] {logging_mixin.py:188} INFO - [2024-04-12T21:27:54.094+0000] {dag.py:3096} INFO - Sync 1 DAGs
[2024-04-12T21:27:54.137+0000] {logging_mixin.py:188} INFO - [2024-04-12T21:27:54.136+0000] {dag.py:3954} INFO - Setting next_dagrun for example_complex to None, run_after=None
[2024-04-12T21:27:54.254+0000] {processor.py:183} INFO - Processing /home/airflow/.local/lib/python3.12/site-packages/airflow/example_dags/example_complex.py took 0.764 seconds
[2024-04-12T21:28:24.908+0000] {processor.py:161} INFO - Started process (PID=85) to work on /home/airflow/.local/lib/python3.12/site-packages/airflow/example_dags/example_complex.py
[2024-04-12T21:28:24.910+0000] {processor.py:830} INFO - Processing file /home/airflow/.local/lib/python3.12/site-packages/airflow/example_dags/example_complex.py for tasks to queue
[2024-04-12T21:28:24.919+0000] {logging_mixin.py:188} INFO - [2024-04-12T21:28:24.917+0000] {dagbag.py:540} INFO - Filling up the DagBag from /home/airflow/.local/lib/python3.12/site-packages/airflow/example_dags/example_complex.py
[2024-04-12T21:28:24.947+0000] {processor.py:840} INFO - DAG(s) 'example_complex' retrieved from /home/airflow/.local/lib/python3.12/site-packages/airflow/example_dags/example_complex.py
[2024-04-12T21:28:25.079+0000] {logging_mixin.py:188} INFO - [2024-04-12T21:28:25.078+0000] {dag.py:3096} INFO - Sync 1 DAGs
[2024-04-12T21:28:25.107+0000] {logging_mixin.py:188} INFO - [2024-04-12T21:28:25.106+0000] {dag.py:3954} INFO - Setting next_dagrun for example_complex to None, run_after=None
[2024-04-12T21:28:25.161+0000] {processor.py:183} INFO - Processing /home/airflow/.local/lib/python3.12/site-packages/airflow/example_dags/example_complex.py took 0.261 seconds
[2024-04-12T21:28:55.526+0000] {processor.py:161} INFO - Started process (PID=143) to work on /home/airflow/.local/lib/python3.12/site-packages/airflow/example_dags/example_complex.py
[2024-04-12T21:28:55.527+0000] {processor.py:830} INFO - Processing file /home/airflow/.local/lib/python3.12/site-packages/airflow/example_dags/example_complex.py for tasks to queue
[2024-04-12T21:28:55.530+0000] {logging_mixin.py:188} INFO - [2024-04-12T21:28:55.529+0000] {dagbag.py:540} INFO - Filling up the DagBag from /home/airflow/.local/lib/python3.12/site-packages/airflow/example_dags/example_complex.py
[2024-04-12T21:28:55.542+0000] {processor.py:840} INFO - DAG(s) 'example_complex' retrieved from /home/airflow/.local/lib/python3.12/site-packages/airflow/example_dags/example_complex.py
[2024-04-12T21:28:55.616+0000] {logging_mixin.py:188} INFO - [2024-04-12T21:28:55.616+0000] {dag.py:3096} INFO - Sync 1 DAGs
[2024-04-12T21:28:55.639+0000] {logging_mixin.py:188} INFO - [2024-04-12T21:28:55.639+0000] {dag.py:3954} INFO - Setting next_dagrun for example_complex to None, run_after=None
[2024-04-12T21:28:55.722+0000] {processor.py:183} INFO - Processing /home/airflow/.local/lib/python3.12/site-packages/airflow/example_dags/example_complex.py took 0.202 seconds
[2024-04-12T21:29:25.873+0000] {processor.py:161} INFO - Started process (PID=203) to work on /home/airflow/.local/lib/python3.12/site-packages/airflow/example_dags/example_complex.py
[2024-04-12T21:29:25.875+0000] {processor.py:830} INFO - Processing file /home/airflow/.local/lib/python3.12/site-packages/airflow/example_dags/example_complex.py for tasks to queue
[2024-04-12T21:29:25.878+0000] {logging_mixin.py:188} INFO - [2024-04-12T21:29:25.877+0000] {dagbag.py:540} INFO - Filling up the DagBag from /home/airflow/.local/lib/python3.12/site-packages/airflow/example_dags/example_complex.py
[2024-04-12T21:29:25.890+0000] {processor.py:840} INFO - DAG(s) 'example_complex' retrieved from /home/airflow/.local/lib/python3.12/site-packages/airflow/example_dags/example_complex.py
[2024-04-12T21:29:25.925+0000] {logging_mixin.py:188} INFO - [2024-04-12T21:29:25.925+0000] {dag.py:3096} INFO - Sync 1 DAGs
[2024-04-12T21:29:25.938+0000] {logging_mixin.py:188} INFO - [2024-04-12T21:29:25.938+0000] {dag.py:3954} INFO - Setting next_dagrun for example_complex to None, run_after=None
[2024-04-12T21:29:25.961+0000] {processor.py:183} INFO - Processing /home/airflow/.local/lib/python3.12/site-packages/airflow/example_dags/example_complex.py took 0.094 seconds
[2024-04-12T21:57:17.947+0000] {processor.py:161} INFO - Started process (PID=27) to work on /home/airflow/.local/lib/python3.12/site-packages/airflow/example_dags/example_complex.py
[2024-04-12T21:57:17.949+0000] {processor.py:830} INFO - Processing file /home/airflow/.local/lib/python3.12/site-packages/airflow/example_dags/example_complex.py for tasks to queue
[2024-04-12T21:57:17.954+0000] {logging_mixin.py:188} INFO - [2024-04-12T21:57:17.953+0000] {dagbag.py:540} INFO - Filling up the DagBag from /home/airflow/.local/lib/python3.12/site-packages/airflow/example_dags/example_complex.py
[2024-04-12T21:57:17.985+0000] {processor.py:840} INFO - DAG(s) 'example_complex' retrieved from /home/airflow/.local/lib/python3.12/site-packages/airflow/example_dags/example_complex.py
[2024-04-12T21:57:18.346+0000] {logging_mixin.py:188} INFO - [2024-04-12T21:57:18.346+0000] {dag.py:3096} INFO - Sync 1 DAGs
[2024-04-12T21:57:18.393+0000] {logging_mixin.py:188} INFO - [2024-04-12T21:57:18.393+0000] {dag.py:3954} INFO - Setting next_dagrun for example_complex to None, run_after=None
[2024-04-12T21:57:18.478+0000] {processor.py:183} INFO - Processing /home/airflow/.local/lib/python3.12/site-packages/airflow/example_dags/example_complex.py took 0.546 seconds
[2024-04-12T21:57:49.099+0000] {processor.py:161} INFO - Started process (PID=86) to work on /home/airflow/.local/lib/python3.12/site-packages/airflow/example_dags/example_complex.py
[2024-04-12T21:57:49.102+0000] {processor.py:830} INFO - Processing file /home/airflow/.local/lib/python3.12/site-packages/airflow/example_dags/example_complex.py for tasks to queue
[2024-04-12T21:57:49.107+0000] {logging_mixin.py:188} INFO - [2024-04-12T21:57:49.106+0000] {dagbag.py:540} INFO - Filling up the DagBag from /home/airflow/.local/lib/python3.12/site-packages/airflow/example_dags/example_complex.py
[2024-04-12T21:57:49.129+0000] {processor.py:840} INFO - DAG(s) 'example_complex' retrieved from /home/airflow/.local/lib/python3.12/site-packages/airflow/example_dags/example_complex.py
[2024-04-12T21:57:49.170+0000] {logging_mixin.py:188} INFO - [2024-04-12T21:57:49.170+0000] {dag.py:3096} INFO - Sync 1 DAGs
[2024-04-12T21:57:49.188+0000] {logging_mixin.py:188} INFO - [2024-04-12T21:57:49.188+0000] {dag.py:3954} INFO - Setting next_dagrun for example_complex to None, run_after=None
[2024-04-12T21:57:49.218+0000] {processor.py:183} INFO - Processing /home/airflow/.local/lib/python3.12/site-packages/airflow/example_dags/example_complex.py took 0.129 seconds
[2024-04-12T21:58:19.298+0000] {processor.py:161} INFO - Started process (PID=145) to work on /home/airflow/.local/lib/python3.12/site-packages/airflow/example_dags/example_complex.py
[2024-04-12T21:58:19.299+0000] {processor.py:830} INFO - Processing file /home/airflow/.local/lib/python3.12/site-packages/airflow/example_dags/example_complex.py for tasks to queue
[2024-04-12T21:58:19.302+0000] {logging_mixin.py:188} INFO - [2024-04-12T21:58:19.302+0000] {dagbag.py:540} INFO - Filling up the DagBag from /home/airflow/.local/lib/python3.12/site-packages/airflow/example_dags/example_complex.py
[2024-04-12T21:58:19.317+0000] {processor.py:840} INFO - DAG(s) 'example_complex' retrieved from /home/airflow/.local/lib/python3.12/site-packages/airflow/example_dags/example_complex.py
[2024-04-12T21:58:19.354+0000] {logging_mixin.py:188} INFO - [2024-04-12T21:58:19.354+0000] {dag.py:3096} INFO - Sync 1 DAGs
[2024-04-12T21:58:19.369+0000] {logging_mixin.py:188} INFO - [2024-04-12T21:58:19.369+0000] {dag.py:3954} INFO - Setting next_dagrun for example_complex to None, run_after=None
[2024-04-12T21:58:19.394+0000] {processor.py:183} INFO - Processing /home/airflow/.local/lib/python3.12/site-packages/airflow/example_dags/example_complex.py took 0.103 seconds
[2024-04-12T21:58:49.948+0000] {processor.py:161} INFO - Started process (PID=204) to work on /home/airflow/.local/lib/python3.12/site-packages/airflow/example_dags/example_complex.py
[2024-04-12T21:58:49.950+0000] {processor.py:830} INFO - Processing file /home/airflow/.local/lib/python3.12/site-packages/airflow/example_dags/example_complex.py for tasks to queue
[2024-04-12T21:58:49.953+0000] {logging_mixin.py:188} INFO - [2024-04-12T21:58:49.952+0000] {dagbag.py:540} INFO - Filling up the DagBag from /home/airflow/.local/lib/python3.12/site-packages/airflow/example_dags/example_complex.py
[2024-04-12T21:58:49.972+0000] {processor.py:840} INFO - DAG(s) 'example_complex' retrieved from /home/airflow/.local/lib/python3.12/site-packages/airflow/example_dags/example_complex.py
[2024-04-12T21:58:50.051+0000] {logging_mixin.py:188} INFO - [2024-04-12T21:58:50.051+0000] {dag.py:3096} INFO - Sync 1 DAGs
[2024-04-12T21:58:50.075+0000] {logging_mixin.py:188} INFO - [2024-04-12T21:58:50.075+0000] {dag.py:3954} INFO - Setting next_dagrun for example_complex to None, run_after=None
[2024-04-12T21:58:50.114+0000] {processor.py:183} INFO - Processing /home/airflow/.local/lib/python3.12/site-packages/airflow/example_dags/example_complex.py took 0.176 seconds
[2024-04-12T21:59:20.285+0000] {processor.py:161} INFO - Started process (PID=263) to work on /home/airflow/.local/lib/python3.12/site-packages/airflow/example_dags/example_complex.py
[2024-04-12T21:59:20.287+0000] {processor.py:830} INFO - Processing file /home/airflow/.local/lib/python3.12/site-packages/airflow/example_dags/example_complex.py for tasks to queue
[2024-04-12T21:59:20.290+0000] {logging_mixin.py:188} INFO - [2024-04-12T21:59:20.289+0000] {dagbag.py:540} INFO - Filling up the DagBag from /home/airflow/.local/lib/python3.12/site-packages/airflow/example_dags/example_complex.py
[2024-04-12T21:59:20.303+0000] {processor.py:840} INFO - DAG(s) 'example_complex' retrieved from /home/airflow/.local/lib/python3.12/site-packages/airflow/example_dags/example_complex.py
[2024-04-12T21:59:20.346+0000] {logging_mixin.py:188} INFO - [2024-04-12T21:59:20.346+0000] {dag.py:3096} INFO - Sync 1 DAGs
[2024-04-12T21:59:20.363+0000] {logging_mixin.py:188} INFO - [2024-04-12T21:59:20.363+0000] {dag.py:3954} INFO - Setting next_dagrun for example_complex to None, run_after=None
[2024-04-12T21:59:20.389+0000] {processor.py:183} INFO - Processing /home/airflow/.local/lib/python3.12/site-packages/airflow/example_dags/example_complex.py took 0.111 seconds
[2024-04-12T21:59:50.684+0000] {processor.py:161} INFO - Started process (PID=322) to work on /home/airflow/.local/lib/python3.12/site-packages/airflow/example_dags/example_complex.py
[2024-04-12T21:59:50.686+0000] {processor.py:830} INFO - Processing file /home/airflow/.local/lib/python3.12/site-packages/airflow/example_dags/example_complex.py for tasks to queue
[2024-04-12T21:59:50.691+0000] {logging_mixin.py:188} INFO - [2024-04-12T21:59:50.690+0000] {dagbag.py:540} INFO - Filling up the DagBag from /home/airflow/.local/lib/python3.12/site-packages/airflow/example_dags/example_complex.py
[2024-04-12T21:59:50.709+0000] {processor.py:840} INFO - DAG(s) 'example_complex' retrieved from /home/airflow/.local/lib/python3.12/site-packages/airflow/example_dags/example_complex.py
[2024-04-12T21:59:50.746+0000] {logging_mixin.py:188} INFO - [2024-04-12T21:59:50.746+0000] {dag.py:3096} INFO - Sync 1 DAGs
[2024-04-12T21:59:50.766+0000] {logging_mixin.py:188} INFO - [2024-04-12T21:59:50.765+0000] {dag.py:3954} INFO - Setting next_dagrun for example_complex to None, run_after=None
[2024-04-12T21:59:50.798+0000] {processor.py:183} INFO - Processing /home/airflow/.local/lib/python3.12/site-packages/airflow/example_dags/example_complex.py took 0.122 seconds
[2024-04-12T22:00:20.985+0000] {processor.py:161} INFO - Started process (PID=381) to work on /home/airflow/.local/lib/python3.12/site-packages/airflow/example_dags/example_complex.py
[2024-04-12T22:00:20.987+0000] {processor.py:830} INFO - Processing file /home/airflow/.local/lib/python3.12/site-packages/airflow/example_dags/example_complex.py for tasks to queue
[2024-04-12T22:00:20.991+0000] {logging_mixin.py:188} INFO - [2024-04-12T22:00:20.990+0000] {dagbag.py:540} INFO - Filling up the DagBag from /home/airflow/.local/lib/python3.12/site-packages/airflow/example_dags/example_complex.py
[2024-04-12T22:00:21.016+0000] {processor.py:840} INFO - DAG(s) 'example_complex' retrieved from /home/airflow/.local/lib/python3.12/site-packages/airflow/example_dags/example_complex.py
[2024-04-12T22:00:21.076+0000] {logging_mixin.py:188} INFO - [2024-04-12T22:00:21.075+0000] {dag.py:3096} INFO - Sync 1 DAGs
[2024-04-12T22:00:21.102+0000] {logging_mixin.py:188} INFO - [2024-04-12T22:00:21.102+0000] {dag.py:3954} INFO - Setting next_dagrun for example_complex to None, run_after=None
[2024-04-12T22:00:21.137+0000] {processor.py:183} INFO - Processing /home/airflow/.local/lib/python3.12/site-packages/airflow/example_dags/example_complex.py took 0.163 seconds
[2024-04-12T22:00:51.533+0000] {processor.py:161} INFO - Started process (PID=440) to work on /home/airflow/.local/lib/python3.12/site-packages/airflow/example_dags/example_complex.py
[2024-04-12T22:00:51.534+0000] {processor.py:830} INFO - Processing file /home/airflow/.local/lib/python3.12/site-packages/airflow/example_dags/example_complex.py for tasks to queue
[2024-04-12T22:00:51.538+0000] {logging_mixin.py:188} INFO - [2024-04-12T22:00:51.537+0000] {dagbag.py:540} INFO - Filling up the DagBag from /home/airflow/.local/lib/python3.12/site-packages/airflow/example_dags/example_complex.py
[2024-04-12T22:00:51.565+0000] {processor.py:840} INFO - DAG(s) 'example_complex' retrieved from /home/airflow/.local/lib/python3.12/site-packages/airflow/example_dags/example_complex.py
[2024-04-12T22:00:51.637+0000] {logging_mixin.py:188} INFO - [2024-04-12T22:00:51.637+0000] {dag.py:3096} INFO - Sync 1 DAGs
[2024-04-12T22:00:51.664+0000] {logging_mixin.py:188} INFO - [2024-04-12T22:00:51.661+0000] {dag.py:3954} INFO - Setting next_dagrun for example_complex to None, run_after=None
[2024-04-12T22:00:51.706+0000] {processor.py:183} INFO - Processing /home/airflow/.local/lib/python3.12/site-packages/airflow/example_dags/example_complex.py took 0.184 seconds
[2024-04-12T22:01:21.894+0000] {processor.py:161} INFO - Started process (PID=498) to work on /home/airflow/.local/lib/python3.12/site-packages/airflow/example_dags/example_complex.py
[2024-04-12T22:01:21.896+0000] {processor.py:830} INFO - Processing file /home/airflow/.local/lib/python3.12/site-packages/airflow/example_dags/example_complex.py for tasks to queue
[2024-04-12T22:01:21.899+0000] {logging_mixin.py:188} INFO - [2024-04-12T22:01:21.899+0000] {dagbag.py:540} INFO - Filling up the DagBag from /home/airflow/.local/lib/python3.12/site-packages/airflow/example_dags/example_complex.py
[2024-04-12T22:01:21.913+0000] {processor.py:840} INFO - DAG(s) 'example_complex' retrieved from /home/airflow/.local/lib/python3.12/site-packages/airflow/example_dags/example_complex.py
[2024-04-12T22:01:21.950+0000] {logging_mixin.py:188} INFO - [2024-04-12T22:01:21.950+0000] {dag.py:3096} INFO - Sync 1 DAGs
[2024-04-12T22:01:21.966+0000] {logging_mixin.py:188} INFO - [2024-04-12T22:01:21.966+0000] {dag.py:3954} INFO - Setting next_dagrun for example_complex to None, run_after=None
[2024-04-12T22:01:21.992+0000] {processor.py:183} INFO - Processing /home/airflow/.local/lib/python3.12/site-packages/airflow/example_dags/example_complex.py took 0.108 seconds
[2024-04-12T22:01:52.649+0000] {processor.py:161} INFO - Started process (PID=557) to work on /home/airflow/.local/lib/python3.12/site-packages/airflow/example_dags/example_complex.py
[2024-04-12T22:01:52.651+0000] {processor.py:830} INFO - Processing file /home/airflow/.local/lib/python3.12/site-packages/airflow/example_dags/example_complex.py for tasks to queue
[2024-04-12T22:01:52.654+0000] {logging_mixin.py:188} INFO - [2024-04-12T22:01:52.653+0000] {dagbag.py:540} INFO - Filling up the DagBag from /home/airflow/.local/lib/python3.12/site-packages/airflow/example_dags/example_complex.py
[2024-04-12T22:01:52.670+0000] {processor.py:840} INFO - DAG(s) 'example_complex' retrieved from /home/airflow/.local/lib/python3.12/site-packages/airflow/example_dags/example_complex.py
[2024-04-12T22:01:52.712+0000] {logging_mixin.py:188} INFO - [2024-04-12T22:01:52.712+0000] {dag.py:3096} INFO - Sync 1 DAGs
[2024-04-12T22:01:52.730+0000] {logging_mixin.py:188} INFO - [2024-04-12T22:01:52.729+0000] {dag.py:3954} INFO - Setting next_dagrun for example_complex to None, run_after=None
[2024-04-12T22:01:52.760+0000] {processor.py:183} INFO - Processing /home/airflow/.local/lib/python3.12/site-packages/airflow/example_dags/example_complex.py took 0.118 seconds
[2024-04-12T22:02:23.568+0000] {processor.py:161} INFO - Started process (PID=616) to work on /home/airflow/.local/lib/python3.12/site-packages/airflow/example_dags/example_complex.py
[2024-04-12T22:02:23.569+0000] {processor.py:830} INFO - Processing file /home/airflow/.local/lib/python3.12/site-packages/airflow/example_dags/example_complex.py for tasks to queue
[2024-04-12T22:02:23.572+0000] {logging_mixin.py:188} INFO - [2024-04-12T22:02:23.571+0000] {dagbag.py:540} INFO - Filling up the DagBag from /home/airflow/.local/lib/python3.12/site-packages/airflow/example_dags/example_complex.py
[2024-04-12T22:02:23.590+0000] {processor.py:840} INFO - DAG(s) 'example_complex' retrieved from /home/airflow/.local/lib/python3.12/site-packages/airflow/example_dags/example_complex.py
[2024-04-12T22:02:23.640+0000] {logging_mixin.py:188} INFO - [2024-04-12T22:02:23.640+0000] {dag.py:3096} INFO - Sync 1 DAGs
[2024-04-12T22:02:23.662+0000] {logging_mixin.py:188} INFO - [2024-04-12T22:02:23.661+0000] {dag.py:3954} INFO - Setting next_dagrun for example_complex to None, run_after=None
[2024-04-12T22:02:23.690+0000] {processor.py:183} INFO - Processing /home/airflow/.local/lib/python3.12/site-packages/airflow/example_dags/example_complex.py took 0.130 seconds
[2024-04-12T22:02:54.151+0000] {processor.py:161} INFO - Started process (PID=675) to work on /home/airflow/.local/lib/python3.12/site-packages/airflow/example_dags/example_complex.py
[2024-04-12T22:02:54.152+0000] {processor.py:830} INFO - Processing file /home/airflow/.local/lib/python3.12/site-packages/airflow/example_dags/example_complex.py for tasks to queue
[2024-04-12T22:02:54.155+0000] {logging_mixin.py:188} INFO - [2024-04-12T22:02:54.155+0000] {dagbag.py:540} INFO - Filling up the DagBag from /home/airflow/.local/lib/python3.12/site-packages/airflow/example_dags/example_complex.py
[2024-04-12T22:02:54.196+0000] {processor.py:840} INFO - DAG(s) 'example_complex' retrieved from /home/airflow/.local/lib/python3.12/site-packages/airflow/example_dags/example_complex.py
[2024-04-12T22:02:54.295+0000] {logging_mixin.py:188} INFO - [2024-04-12T22:02:54.295+0000] {dag.py:3096} INFO - Sync 1 DAGs
[2024-04-12T22:02:54.336+0000] {logging_mixin.py:188} INFO - [2024-04-12T22:02:54.335+0000] {dag.py:3954} INFO - Setting next_dagrun for example_complex to None, run_after=None
[2024-04-12T22:02:54.381+0000] {processor.py:183} INFO - Processing /home/airflow/.local/lib/python3.12/site-packages/airflow/example_dags/example_complex.py took 0.242 seconds
[2024-04-12T22:03:25.258+0000] {processor.py:161} INFO - Started process (PID=734) to work on /home/airflow/.local/lib/python3.12/site-packages/airflow/example_dags/example_complex.py
[2024-04-12T22:03:25.260+0000] {processor.py:830} INFO - Processing file /home/airflow/.local/lib/python3.12/site-packages/airflow/example_dags/example_complex.py for tasks to queue
[2024-04-12T22:03:25.264+0000] {logging_mixin.py:188} INFO - [2024-04-12T22:03:25.264+0000] {dagbag.py:540} INFO - Filling up the DagBag from /home/airflow/.local/lib/python3.12/site-packages/airflow/example_dags/example_complex.py
[2024-04-12T22:03:25.284+0000] {processor.py:840} INFO - DAG(s) 'example_complex' retrieved from /home/airflow/.local/lib/python3.12/site-packages/airflow/example_dags/example_complex.py
[2024-04-12T22:03:25.339+0000] {logging_mixin.py:188} INFO - [2024-04-12T22:03:25.339+0000] {dag.py:3096} INFO - Sync 1 DAGs
[2024-04-12T22:03:25.375+0000] {logging_mixin.py:188} INFO - [2024-04-12T22:03:25.375+0000] {dag.py:3954} INFO - Setting next_dagrun for example_complex to None, run_after=None
[2024-04-12T22:03:25.417+0000] {processor.py:183} INFO - Processing /home/airflow/.local/lib/python3.12/site-packages/airflow/example_dags/example_complex.py took 0.172 seconds
[2024-04-12T22:03:55.645+0000] {processor.py:161} INFO - Started process (PID=793) to work on /home/airflow/.local/lib/python3.12/site-packages/airflow/example_dags/example_complex.py
[2024-04-12T22:03:55.648+0000] {processor.py:830} INFO - Processing file /home/airflow/.local/lib/python3.12/site-packages/airflow/example_dags/example_complex.py for tasks to queue
[2024-04-12T22:03:55.653+0000] {logging_mixin.py:188} INFO - [2024-04-12T22:03:55.653+0000] {dagbag.py:540} INFO - Filling up the DagBag from /home/airflow/.local/lib/python3.12/site-packages/airflow/example_dags/example_complex.py
[2024-04-12T22:03:55.671+0000] {processor.py:840} INFO - DAG(s) 'example_complex' retrieved from /home/airflow/.local/lib/python3.12/site-packages/airflow/example_dags/example_complex.py
[2024-04-12T22:03:55.727+0000] {logging_mixin.py:188} INFO - [2024-04-12T22:03:55.727+0000] {dag.py:3096} INFO - Sync 1 DAGs
[2024-04-12T22:03:55.752+0000] {logging_mixin.py:188} INFO - [2024-04-12T22:03:55.751+0000] {dag.py:3954} INFO - Setting next_dagrun for example_complex to None, run_after=None
[2024-04-12T22:03:55.789+0000] {processor.py:183} INFO - Processing /home/airflow/.local/lib/python3.12/site-packages/airflow/example_dags/example_complex.py took 0.152 seconds
[2024-04-12T22:04:25.999+0000] {processor.py:161} INFO - Started process (PID=853) to work on /home/airflow/.local/lib/python3.12/site-packages/airflow/example_dags/example_complex.py
[2024-04-12T22:04:26.000+0000] {processor.py:830} INFO - Processing file /home/airflow/.local/lib/python3.12/site-packages/airflow/example_dags/example_complex.py for tasks to queue
[2024-04-12T22:04:26.003+0000] {logging_mixin.py:188} INFO - [2024-04-12T22:04:26.003+0000] {dagbag.py:540} INFO - Filling up the DagBag from /home/airflow/.local/lib/python3.12/site-packages/airflow/example_dags/example_complex.py
[2024-04-12T22:04:26.018+0000] {processor.py:840} INFO - DAG(s) 'example_complex' retrieved from /home/airflow/.local/lib/python3.12/site-packages/airflow/example_dags/example_complex.py
[2024-04-12T22:04:26.091+0000] {logging_mixin.py:188} INFO - [2024-04-12T22:04:26.090+0000] {dag.py:3096} INFO - Sync 1 DAGs
[2024-04-12T22:04:26.118+0000] {logging_mixin.py:188} INFO - [2024-04-12T22:04:26.118+0000] {dag.py:3954} INFO - Setting next_dagrun for example_complex to None, run_after=None
[2024-04-12T22:04:26.175+0000] {processor.py:183} INFO - Processing /home/airflow/.local/lib/python3.12/site-packages/airflow/example_dags/example_complex.py took 0.185 seconds
[2024-04-12T22:04:56.455+0000] {processor.py:161} INFO - Started process (PID=912) to work on /home/airflow/.local/lib/python3.12/site-packages/airflow/example_dags/example_complex.py
[2024-04-12T22:04:56.457+0000] {processor.py:830} INFO - Processing file /home/airflow/.local/lib/python3.12/site-packages/airflow/example_dags/example_complex.py for tasks to queue
[2024-04-12T22:04:56.461+0000] {logging_mixin.py:188} INFO - [2024-04-12T22:04:56.460+0000] {dagbag.py:540} INFO - Filling up the DagBag from /home/airflow/.local/lib/python3.12/site-packages/airflow/example_dags/example_complex.py
[2024-04-12T22:04:56.492+0000] {processor.py:840} INFO - DAG(s) 'example_complex' retrieved from /home/airflow/.local/lib/python3.12/site-packages/airflow/example_dags/example_complex.py
[2024-04-12T22:04:56.539+0000] {logging_mixin.py:188} INFO - [2024-04-12T22:04:56.538+0000] {dag.py:3096} INFO - Sync 1 DAGs
[2024-04-12T22:04:56.557+0000] {logging_mixin.py:188} INFO - [2024-04-12T22:04:56.557+0000] {dag.py:3954} INFO - Setting next_dagrun for example_complex to None, run_after=None
[2024-04-12T22:04:56.587+0000] {processor.py:183} INFO - Processing /home/airflow/.local/lib/python3.12/site-packages/airflow/example_dags/example_complex.py took 0.142 seconds
[2024-04-12T22:05:26.998+0000] {processor.py:161} INFO - Started process (PID=971) to work on /home/airflow/.local/lib/python3.12/site-packages/airflow/example_dags/example_complex.py
[2024-04-12T22:05:27.000+0000] {processor.py:830} INFO - Processing file /home/airflow/.local/lib/python3.12/site-packages/airflow/example_dags/example_complex.py for tasks to queue
[2024-04-12T22:05:27.003+0000] {logging_mixin.py:188} INFO - [2024-04-12T22:05:27.002+0000] {dagbag.py:540} INFO - Filling up the DagBag from /home/airflow/.local/lib/python3.12/site-packages/airflow/example_dags/example_complex.py
[2024-04-12T22:05:27.022+0000] {processor.py:840} INFO - DAG(s) 'example_complex' retrieved from /home/airflow/.local/lib/python3.12/site-packages/airflow/example_dags/example_complex.py
[2024-04-12T22:05:27.097+0000] {logging_mixin.py:188} INFO - [2024-04-12T22:05:27.096+0000] {dag.py:3096} INFO - Sync 1 DAGs
[2024-04-12T22:05:27.122+0000] {logging_mixin.py:188} INFO - [2024-04-12T22:05:27.121+0000] {dag.py:3954} INFO - Setting next_dagrun for example_complex to None, run_after=None
[2024-04-12T22:05:27.416+0000] {processor.py:183} INFO - Processing /home/airflow/.local/lib/python3.12/site-packages/airflow/example_dags/example_complex.py took 0.427 seconds
