[2024-04-12T21:14:30.345+0000] {processor.py:161} INFO - Started process (PID=62) to work on /home/airflow/.local/lib/python3.12/site-packages/airflow/example_dags/example_sla_dag.py
[2024-04-12T21:14:30.351+0000] {processor.py:830} INFO - Processing file /home/airflow/.local/lib/python3.12/site-packages/airflow/example_dags/example_sla_dag.py for tasks to queue
[2024-04-12T21:14:30.375+0000] {logging_mixin.py:188} INFO - [2024-04-12T21:14:30.362+0000] {dagbag.py:540} INFO - Filling up the DagBag from /home/airflow/.local/lib/python3.12/site-packages/airflow/example_dags/example_sla_dag.py
[2024-04-12T21:14:30.484+0000] {processor.py:840} INFO - DAG(s) 'example_sla_dag' retrieved from /home/airflow/.local/lib/python3.12/site-packages/airflow/example_dags/example_sla_dag.py
[2024-04-12T21:14:33.993+0000] {logging_mixin.py:188} INFO - [2024-04-12T21:14:33.992+0000] {dag.py:3096} INFO - Sync 1 DAGs
[2024-04-12T21:14:34.221+0000] {logging_mixin.py:188} INFO - [2024-04-12T21:14:34.220+0000] {dag.py:3954} INFO - Setting next_dagrun for example_sla_dag to 2024-04-12 21:12:00+00:00, run_after=2024-04-12 21:14:00+00:00
[2024-04-12T21:14:34.366+0000] {processor.py:183} INFO - Processing /home/airflow/.local/lib/python3.12/site-packages/airflow/example_dags/example_sla_dag.py took 4.045 seconds
[2024-04-12T21:15:26.770+0000] {processor.py:161} INFO - Started process (PID=127) to work on /home/airflow/.local/lib/python3.12/site-packages/airflow/example_dags/example_sla_dag.py
[2024-04-12T21:15:26.774+0000] {processor.py:830} INFO - Processing file /home/airflow/.local/lib/python3.12/site-packages/airflow/example_dags/example_sla_dag.py for tasks to queue
[2024-04-12T21:15:26.799+0000] {logging_mixin.py:188} INFO - [2024-04-12T21:15:26.798+0000] {dagbag.py:540} INFO - Filling up the DagBag from /home/airflow/.local/lib/python3.12/site-packages/airflow/example_dags/example_sla_dag.py
[2024-04-12T21:15:26.864+0000] {processor.py:840} INFO - DAG(s) 'example_sla_dag' retrieved from /home/airflow/.local/lib/python3.12/site-packages/airflow/example_dags/example_sla_dag.py
[2024-04-12T21:15:26.974+0000] {logging_mixin.py:188} INFO - [2024-04-12T21:15:26.973+0000] {dag.py:3096} INFO - Sync 1 DAGs
[2024-04-12T21:15:27.142+0000] {logging_mixin.py:188} INFO - [2024-04-12T21:15:27.141+0000] {dag.py:3954} INFO - Setting next_dagrun for example_sla_dag to 2024-04-12 21:12:00+00:00, run_after=2024-04-12 21:14:00+00:00
[2024-04-12T21:15:27.301+0000] {processor.py:183} INFO - Processing /home/airflow/.local/lib/python3.12/site-packages/airflow/example_dags/example_sla_dag.py took 0.551 seconds
[2024-04-12T21:15:57.546+0000] {processor.py:161} INFO - Started process (PID=184) to work on /home/airflow/.local/lib/python3.12/site-packages/airflow/example_dags/example_sla_dag.py
[2024-04-12T21:15:57.558+0000] {processor.py:830} INFO - Processing file /home/airflow/.local/lib/python3.12/site-packages/airflow/example_dags/example_sla_dag.py for tasks to queue
[2024-04-12T21:15:57.561+0000] {logging_mixin.py:188} INFO - [2024-04-12T21:15:57.561+0000] {dagbag.py:540} INFO - Filling up the DagBag from /home/airflow/.local/lib/python3.12/site-packages/airflow/example_dags/example_sla_dag.py
[2024-04-12T21:15:57.591+0000] {processor.py:840} INFO - DAG(s) 'example_sla_dag' retrieved from /home/airflow/.local/lib/python3.12/site-packages/airflow/example_dags/example_sla_dag.py
[2024-04-12T21:15:57.668+0000] {logging_mixin.py:188} INFO - [2024-04-12T21:15:57.667+0000] {dag.py:3096} INFO - Sync 1 DAGs
[2024-04-12T21:15:57.745+0000] {logging_mixin.py:188} INFO - [2024-04-12T21:15:57.744+0000] {dag.py:3954} INFO - Setting next_dagrun for example_sla_dag to 2024-04-12 21:12:00+00:00, run_after=2024-04-12 21:14:00+00:00
[2024-04-12T21:15:57.803+0000] {processor.py:183} INFO - Processing /home/airflow/.local/lib/python3.12/site-packages/airflow/example_dags/example_sla_dag.py took 0.278 seconds
[2024-04-12T21:16:28.482+0000] {processor.py:161} INFO - Started process (PID=242) to work on /home/airflow/.local/lib/python3.12/site-packages/airflow/example_dags/example_sla_dag.py
[2024-04-12T21:16:28.485+0000] {processor.py:830} INFO - Processing file /home/airflow/.local/lib/python3.12/site-packages/airflow/example_dags/example_sla_dag.py for tasks to queue
[2024-04-12T21:16:28.489+0000] {logging_mixin.py:188} INFO - [2024-04-12T21:16:28.488+0000] {dagbag.py:540} INFO - Filling up the DagBag from /home/airflow/.local/lib/python3.12/site-packages/airflow/example_dags/example_sla_dag.py
[2024-04-12T21:16:28.507+0000] {processor.py:840} INFO - DAG(s) 'example_sla_dag' retrieved from /home/airflow/.local/lib/python3.12/site-packages/airflow/example_dags/example_sla_dag.py
[2024-04-12T21:16:28.537+0000] {logging_mixin.py:188} INFO - [2024-04-12T21:16:28.536+0000] {dag.py:3096} INFO - Sync 1 DAGs
[2024-04-12T21:16:28.595+0000] {logging_mixin.py:188} INFO - [2024-04-12T21:16:28.595+0000] {dag.py:3954} INFO - Setting next_dagrun for example_sla_dag to 2024-04-12 21:14:00+00:00, run_after=2024-04-12 21:16:00+00:00
[2024-04-12T21:16:28.700+0000] {processor.py:183} INFO - Processing /home/airflow/.local/lib/python3.12/site-packages/airflow/example_dags/example_sla_dag.py took 0.228 seconds
[2024-04-12T21:16:59.107+0000] {processor.py:161} INFO - Started process (PID=299) to work on /home/airflow/.local/lib/python3.12/site-packages/airflow/example_dags/example_sla_dag.py
[2024-04-12T21:16:59.108+0000] {processor.py:830} INFO - Processing file /home/airflow/.local/lib/python3.12/site-packages/airflow/example_dags/example_sla_dag.py for tasks to queue
[2024-04-12T21:16:59.111+0000] {logging_mixin.py:188} INFO - [2024-04-12T21:16:59.111+0000] {dagbag.py:540} INFO - Filling up the DagBag from /home/airflow/.local/lib/python3.12/site-packages/airflow/example_dags/example_sla_dag.py
[2024-04-12T21:16:59.120+0000] {processor.py:840} INFO - DAG(s) 'example_sla_dag' retrieved from /home/airflow/.local/lib/python3.12/site-packages/airflow/example_dags/example_sla_dag.py
[2024-04-12T21:16:59.141+0000] {logging_mixin.py:188} INFO - [2024-04-12T21:16:59.141+0000] {dag.py:3096} INFO - Sync 1 DAGs
[2024-04-12T21:16:59.175+0000] {logging_mixin.py:188} INFO - [2024-04-12T21:16:59.175+0000] {dag.py:3954} INFO - Setting next_dagrun for example_sla_dag to 2024-04-12 21:14:00+00:00, run_after=2024-04-12 21:16:00+00:00
[2024-04-12T21:16:59.203+0000] {processor.py:183} INFO - Processing /home/airflow/.local/lib/python3.12/site-packages/airflow/example_dags/example_sla_dag.py took 0.102 seconds
[2024-04-12T21:17:30.086+0000] {processor.py:161} INFO - Started process (PID=357) to work on /home/airflow/.local/lib/python3.12/site-packages/airflow/example_dags/example_sla_dag.py
[2024-04-12T21:17:30.087+0000] {processor.py:830} INFO - Processing file /home/airflow/.local/lib/python3.12/site-packages/airflow/example_dags/example_sla_dag.py for tasks to queue
[2024-04-12T21:17:30.090+0000] {logging_mixin.py:188} INFO - [2024-04-12T21:17:30.090+0000] {dagbag.py:540} INFO - Filling up the DagBag from /home/airflow/.local/lib/python3.12/site-packages/airflow/example_dags/example_sla_dag.py
[2024-04-12T21:17:30.101+0000] {processor.py:840} INFO - DAG(s) 'example_sla_dag' retrieved from /home/airflow/.local/lib/python3.12/site-packages/airflow/example_dags/example_sla_dag.py
[2024-04-12T21:17:30.124+0000] {logging_mixin.py:188} INFO - [2024-04-12T21:17:30.123+0000] {dag.py:3096} INFO - Sync 1 DAGs
[2024-04-12T21:17:30.165+0000] {logging_mixin.py:188} INFO - [2024-04-12T21:17:30.164+0000] {dag.py:3954} INFO - Setting next_dagrun for example_sla_dag to 2024-04-12 21:14:00+00:00, run_after=2024-04-12 21:16:00+00:00
[2024-04-12T21:17:30.193+0000] {processor.py:183} INFO - Processing /home/airflow/.local/lib/python3.12/site-packages/airflow/example_dags/example_sla_dag.py took 0.115 seconds
[2024-04-12T21:18:00.611+0000] {processor.py:161} INFO - Started process (PID=415) to work on /home/airflow/.local/lib/python3.12/site-packages/airflow/example_dags/example_sla_dag.py
[2024-04-12T21:18:00.613+0000] {processor.py:830} INFO - Processing file /home/airflow/.local/lib/python3.12/site-packages/airflow/example_dags/example_sla_dag.py for tasks to queue
[2024-04-12T21:18:00.616+0000] {logging_mixin.py:188} INFO - [2024-04-12T21:18:00.616+0000] {dagbag.py:540} INFO - Filling up the DagBag from /home/airflow/.local/lib/python3.12/site-packages/airflow/example_dags/example_sla_dag.py
[2024-04-12T21:18:00.625+0000] {processor.py:840} INFO - DAG(s) 'example_sla_dag' retrieved from /home/airflow/.local/lib/python3.12/site-packages/airflow/example_dags/example_sla_dag.py
[2024-04-12T21:18:00.649+0000] {logging_mixin.py:188} INFO - [2024-04-12T21:18:00.649+0000] {dag.py:3096} INFO - Sync 1 DAGs
[2024-04-12T21:18:00.680+0000] {logging_mixin.py:188} INFO - [2024-04-12T21:18:00.679+0000] {dag.py:3954} INFO - Setting next_dagrun for example_sla_dag to 2024-04-12 21:16:00+00:00, run_after=2024-04-12 21:18:00+00:00
[2024-04-12T21:18:00.709+0000] {processor.py:183} INFO - Processing /home/airflow/.local/lib/python3.12/site-packages/airflow/example_dags/example_sla_dag.py took 0.103 seconds
[2024-04-12T21:18:31.008+0000] {processor.py:161} INFO - Started process (PID=474) to work on /home/airflow/.local/lib/python3.12/site-packages/airflow/example_dags/example_sla_dag.py
[2024-04-12T21:18:31.009+0000] {processor.py:830} INFO - Processing file /home/airflow/.local/lib/python3.12/site-packages/airflow/example_dags/example_sla_dag.py for tasks to queue
[2024-04-12T21:18:31.012+0000] {logging_mixin.py:188} INFO - [2024-04-12T21:18:31.011+0000] {dagbag.py:540} INFO - Filling up the DagBag from /home/airflow/.local/lib/python3.12/site-packages/airflow/example_dags/example_sla_dag.py
[2024-04-12T21:18:31.023+0000] {processor.py:840} INFO - DAG(s) 'example_sla_dag' retrieved from /home/airflow/.local/lib/python3.12/site-packages/airflow/example_dags/example_sla_dag.py
[2024-04-12T21:18:31.044+0000] {logging_mixin.py:188} INFO - [2024-04-12T21:18:31.044+0000] {dag.py:3096} INFO - Sync 1 DAGs
[2024-04-12T21:18:31.072+0000] {logging_mixin.py:188} INFO - [2024-04-12T21:18:31.072+0000] {dag.py:3954} INFO - Setting next_dagrun for example_sla_dag to 2024-04-12 21:16:00+00:00, run_after=2024-04-12 21:18:00+00:00
[2024-04-12T21:18:31.098+0000] {processor.py:183} INFO - Processing /home/airflow/.local/lib/python3.12/site-packages/airflow/example_dags/example_sla_dag.py took 0.097 seconds
[2024-04-12T21:19:01.625+0000] {processor.py:161} INFO - Started process (PID=532) to work on /home/airflow/.local/lib/python3.12/site-packages/airflow/example_dags/example_sla_dag.py
[2024-04-12T21:19:01.626+0000] {processor.py:830} INFO - Processing file /home/airflow/.local/lib/python3.12/site-packages/airflow/example_dags/example_sla_dag.py for tasks to queue
[2024-04-12T21:19:01.628+0000] {logging_mixin.py:188} INFO - [2024-04-12T21:19:01.628+0000] {dagbag.py:540} INFO - Filling up the DagBag from /home/airflow/.local/lib/python3.12/site-packages/airflow/example_dags/example_sla_dag.py
[2024-04-12T21:19:01.641+0000] {processor.py:840} INFO - DAG(s) 'example_sla_dag' retrieved from /home/airflow/.local/lib/python3.12/site-packages/airflow/example_dags/example_sla_dag.py
[2024-04-12T21:19:01.669+0000] {logging_mixin.py:188} INFO - [2024-04-12T21:19:01.669+0000] {dag.py:3096} INFO - Sync 1 DAGs
[2024-04-12T21:19:01.704+0000] {logging_mixin.py:188} INFO - [2024-04-12T21:19:01.704+0000] {dag.py:3954} INFO - Setting next_dagrun for example_sla_dag to 2024-04-12 21:16:00+00:00, run_after=2024-04-12 21:18:00+00:00
[2024-04-12T21:19:01.731+0000] {processor.py:183} INFO - Processing /home/airflow/.local/lib/python3.12/site-packages/airflow/example_dags/example_sla_dag.py took 0.112 seconds
[2024-04-12T21:19:31.862+0000] {processor.py:161} INFO - Started process (PID=591) to work on /home/airflow/.local/lib/python3.12/site-packages/airflow/example_dags/example_sla_dag.py
[2024-04-12T21:19:31.863+0000] {processor.py:830} INFO - Processing file /home/airflow/.local/lib/python3.12/site-packages/airflow/example_dags/example_sla_dag.py for tasks to queue
[2024-04-12T21:19:31.865+0000] {logging_mixin.py:188} INFO - [2024-04-12T21:19:31.865+0000] {dagbag.py:540} INFO - Filling up the DagBag from /home/airflow/.local/lib/python3.12/site-packages/airflow/example_dags/example_sla_dag.py
[2024-04-12T21:19:31.875+0000] {processor.py:840} INFO - DAG(s) 'example_sla_dag' retrieved from /home/airflow/.local/lib/python3.12/site-packages/airflow/example_dags/example_sla_dag.py
[2024-04-12T21:19:31.896+0000] {logging_mixin.py:188} INFO - [2024-04-12T21:19:31.896+0000] {dag.py:3096} INFO - Sync 1 DAGs
[2024-04-12T21:19:31.924+0000] {logging_mixin.py:188} INFO - [2024-04-12T21:19:31.924+0000] {dag.py:3954} INFO - Setting next_dagrun for example_sla_dag to 2024-04-12 21:16:00+00:00, run_after=2024-04-12 21:18:00+00:00
[2024-04-12T21:19:31.958+0000] {processor.py:183} INFO - Processing /home/airflow/.local/lib/python3.12/site-packages/airflow/example_dags/example_sla_dag.py took 0.103 seconds
[2024-04-12T21:20:02.469+0000] {processor.py:161} INFO - Started process (PID=649) to work on /home/airflow/.local/lib/python3.12/site-packages/airflow/example_dags/example_sla_dag.py
[2024-04-12T21:20:02.470+0000] {processor.py:830} INFO - Processing file /home/airflow/.local/lib/python3.12/site-packages/airflow/example_dags/example_sla_dag.py for tasks to queue
[2024-04-12T21:20:02.472+0000] {logging_mixin.py:188} INFO - [2024-04-12T21:20:02.472+0000] {dagbag.py:540} INFO - Filling up the DagBag from /home/airflow/.local/lib/python3.12/site-packages/airflow/example_dags/example_sla_dag.py
[2024-04-12T21:20:02.481+0000] {processor.py:840} INFO - DAG(s) 'example_sla_dag' retrieved from /home/airflow/.local/lib/python3.12/site-packages/airflow/example_dags/example_sla_dag.py
[2024-04-12T21:20:02.502+0000] {logging_mixin.py:188} INFO - [2024-04-12T21:20:02.501+0000] {dag.py:3096} INFO - Sync 1 DAGs
[2024-04-12T21:20:02.532+0000] {logging_mixin.py:188} INFO - [2024-04-12T21:20:02.532+0000] {dag.py:3954} INFO - Setting next_dagrun for example_sla_dag to 2024-04-12 21:18:00+00:00, run_after=2024-04-12 21:20:00+00:00
[2024-04-12T21:20:02.555+0000] {processor.py:183} INFO - Processing /home/airflow/.local/lib/python3.12/site-packages/airflow/example_dags/example_sla_dag.py took 0.092 seconds
[2024-04-12T21:20:32.681+0000] {processor.py:161} INFO - Started process (PID=707) to work on /home/airflow/.local/lib/python3.12/site-packages/airflow/example_dags/example_sla_dag.py
[2024-04-12T21:20:32.683+0000] {processor.py:830} INFO - Processing file /home/airflow/.local/lib/python3.12/site-packages/airflow/example_dags/example_sla_dag.py for tasks to queue
[2024-04-12T21:20:32.685+0000] {logging_mixin.py:188} INFO - [2024-04-12T21:20:32.685+0000] {dagbag.py:540} INFO - Filling up the DagBag from /home/airflow/.local/lib/python3.12/site-packages/airflow/example_dags/example_sla_dag.py
[2024-04-12T21:20:32.694+0000] {processor.py:840} INFO - DAG(s) 'example_sla_dag' retrieved from /home/airflow/.local/lib/python3.12/site-packages/airflow/example_dags/example_sla_dag.py
[2024-04-12T21:20:32.719+0000] {logging_mixin.py:188} INFO - [2024-04-12T21:20:32.719+0000] {dag.py:3096} INFO - Sync 1 DAGs
[2024-04-12T21:20:32.750+0000] {logging_mixin.py:188} INFO - [2024-04-12T21:20:32.750+0000] {dag.py:3954} INFO - Setting next_dagrun for example_sla_dag to 2024-04-12 21:18:00+00:00, run_after=2024-04-12 21:20:00+00:00
[2024-04-12T21:20:32.775+0000] {processor.py:183} INFO - Processing /home/airflow/.local/lib/python3.12/site-packages/airflow/example_dags/example_sla_dag.py took 0.100 seconds
[2024-04-12T21:21:03.226+0000] {processor.py:161} INFO - Started process (PID=766) to work on /home/airflow/.local/lib/python3.12/site-packages/airflow/example_dags/example_sla_dag.py
[2024-04-12T21:21:03.227+0000] {processor.py:830} INFO - Processing file /home/airflow/.local/lib/python3.12/site-packages/airflow/example_dags/example_sla_dag.py for tasks to queue
[2024-04-12T21:21:03.234+0000] {logging_mixin.py:188} INFO - [2024-04-12T21:21:03.233+0000] {dagbag.py:540} INFO - Filling up the DagBag from /home/airflow/.local/lib/python3.12/site-packages/airflow/example_dags/example_sla_dag.py
[2024-04-12T21:21:03.259+0000] {processor.py:840} INFO - DAG(s) 'example_sla_dag' retrieved from /home/airflow/.local/lib/python3.12/site-packages/airflow/example_dags/example_sla_dag.py
[2024-04-12T21:21:03.294+0000] {logging_mixin.py:188} INFO - [2024-04-12T21:21:03.293+0000] {dag.py:3096} INFO - Sync 1 DAGs
[2024-04-12T21:21:03.379+0000] {logging_mixin.py:188} INFO - [2024-04-12T21:21:03.378+0000] {dag.py:3954} INFO - Setting next_dagrun for example_sla_dag to 2024-04-12 21:18:00+00:00, run_after=2024-04-12 21:20:00+00:00
[2024-04-12T21:21:03.425+0000] {processor.py:183} INFO - Processing /home/airflow/.local/lib/python3.12/site-packages/airflow/example_dags/example_sla_dag.py took 0.206 seconds
[2024-04-12T21:21:33.634+0000] {processor.py:161} INFO - Started process (PID=824) to work on /home/airflow/.local/lib/python3.12/site-packages/airflow/example_dags/example_sla_dag.py
[2024-04-12T21:21:33.645+0000] {processor.py:830} INFO - Processing file /home/airflow/.local/lib/python3.12/site-packages/airflow/example_dags/example_sla_dag.py for tasks to queue
[2024-04-12T21:21:33.648+0000] {logging_mixin.py:188} INFO - [2024-04-12T21:21:33.648+0000] {dagbag.py:540} INFO - Filling up the DagBag from /home/airflow/.local/lib/python3.12/site-packages/airflow/example_dags/example_sla_dag.py
[2024-04-12T21:21:33.672+0000] {processor.py:840} INFO - DAG(s) 'example_sla_dag' retrieved from /home/airflow/.local/lib/python3.12/site-packages/airflow/example_dags/example_sla_dag.py
[2024-04-12T21:21:33.702+0000] {logging_mixin.py:188} INFO - [2024-04-12T21:21:33.701+0000] {dag.py:3096} INFO - Sync 1 DAGs
[2024-04-12T21:21:33.731+0000] {logging_mixin.py:188} INFO - [2024-04-12T21:21:33.731+0000] {dag.py:3954} INFO - Setting next_dagrun for example_sla_dag to 2024-04-12 21:18:00+00:00, run_after=2024-04-12 21:20:00+00:00
[2024-04-12T21:21:33.757+0000] {processor.py:183} INFO - Processing /home/airflow/.local/lib/python3.12/site-packages/airflow/example_dags/example_sla_dag.py took 0.131 seconds
[2024-04-12T21:22:04.104+0000] {processor.py:161} INFO - Started process (PID=882) to work on /home/airflow/.local/lib/python3.12/site-packages/airflow/example_dags/example_sla_dag.py
[2024-04-12T21:22:04.105+0000] {processor.py:830} INFO - Processing file /home/airflow/.local/lib/python3.12/site-packages/airflow/example_dags/example_sla_dag.py for tasks to queue
[2024-04-12T21:22:04.107+0000] {logging_mixin.py:188} INFO - [2024-04-12T21:22:04.107+0000] {dagbag.py:540} INFO - Filling up the DagBag from /home/airflow/.local/lib/python3.12/site-packages/airflow/example_dags/example_sla_dag.py
[2024-04-12T21:22:04.116+0000] {processor.py:840} INFO - DAG(s) 'example_sla_dag' retrieved from /home/airflow/.local/lib/python3.12/site-packages/airflow/example_dags/example_sla_dag.py
[2024-04-12T21:22:04.138+0000] {logging_mixin.py:188} INFO - [2024-04-12T21:22:04.137+0000] {dag.py:3096} INFO - Sync 1 DAGs
[2024-04-12T21:22:04.174+0000] {logging_mixin.py:188} INFO - [2024-04-12T21:22:04.174+0000] {dag.py:3954} INFO - Setting next_dagrun for example_sla_dag to 2024-04-12 21:20:00+00:00, run_after=2024-04-12 21:22:00+00:00
[2024-04-12T21:22:04.202+0000] {processor.py:183} INFO - Processing /home/airflow/.local/lib/python3.12/site-packages/airflow/example_dags/example_sla_dag.py took 0.104 seconds
[2024-04-12T21:22:34.295+0000] {processor.py:161} INFO - Started process (PID=940) to work on /home/airflow/.local/lib/python3.12/site-packages/airflow/example_dags/example_sla_dag.py
[2024-04-12T21:22:34.296+0000] {processor.py:830} INFO - Processing file /home/airflow/.local/lib/python3.12/site-packages/airflow/example_dags/example_sla_dag.py for tasks to queue
[2024-04-12T21:22:34.298+0000] {logging_mixin.py:188} INFO - [2024-04-12T21:22:34.298+0000] {dagbag.py:540} INFO - Filling up the DagBag from /home/airflow/.local/lib/python3.12/site-packages/airflow/example_dags/example_sla_dag.py
[2024-04-12T21:22:34.309+0000] {processor.py:840} INFO - DAG(s) 'example_sla_dag' retrieved from /home/airflow/.local/lib/python3.12/site-packages/airflow/example_dags/example_sla_dag.py
[2024-04-12T21:22:34.335+0000] {logging_mixin.py:188} INFO - [2024-04-12T21:22:34.335+0000] {dag.py:3096} INFO - Sync 1 DAGs
[2024-04-12T21:22:34.366+0000] {logging_mixin.py:188} INFO - [2024-04-12T21:22:34.365+0000] {dag.py:3954} INFO - Setting next_dagrun for example_sla_dag to 2024-04-12 21:20:00+00:00, run_after=2024-04-12 21:22:00+00:00
[2024-04-12T21:22:34.389+0000] {processor.py:183} INFO - Processing /home/airflow/.local/lib/python3.12/site-packages/airflow/example_dags/example_sla_dag.py took 0.101 seconds
[2024-04-12T21:23:04.426+0000] {processor.py:161} INFO - Started process (PID=997) to work on /home/airflow/.local/lib/python3.12/site-packages/airflow/example_dags/example_sla_dag.py
[2024-04-12T21:23:04.427+0000] {processor.py:830} INFO - Processing file /home/airflow/.local/lib/python3.12/site-packages/airflow/example_dags/example_sla_dag.py for tasks to queue
[2024-04-12T21:23:04.430+0000] {logging_mixin.py:188} INFO - [2024-04-12T21:23:04.429+0000] {dagbag.py:540} INFO - Filling up the DagBag from /home/airflow/.local/lib/python3.12/site-packages/airflow/example_dags/example_sla_dag.py
[2024-04-12T21:23:04.439+0000] {processor.py:840} INFO - DAG(s) 'example_sla_dag' retrieved from /home/airflow/.local/lib/python3.12/site-packages/airflow/example_dags/example_sla_dag.py
[2024-04-12T21:23:04.465+0000] {logging_mixin.py:188} INFO - [2024-04-12T21:23:04.465+0000] {dag.py:3096} INFO - Sync 1 DAGs
[2024-04-12T21:23:04.502+0000] {logging_mixin.py:188} INFO - [2024-04-12T21:23:04.502+0000] {dag.py:3954} INFO - Setting next_dagrun for example_sla_dag to 2024-04-12 21:20:00+00:00, run_after=2024-04-12 21:22:00+00:00
[2024-04-12T21:23:04.530+0000] {processor.py:183} INFO - Processing /home/airflow/.local/lib/python3.12/site-packages/airflow/example_dags/example_sla_dag.py took 0.111 seconds
[2024-04-12T21:23:34.956+0000] {processor.py:161} INFO - Started process (PID=1055) to work on /home/airflow/.local/lib/python3.12/site-packages/airflow/example_dags/example_sla_dag.py
[2024-04-12T21:23:34.957+0000] {processor.py:830} INFO - Processing file /home/airflow/.local/lib/python3.12/site-packages/airflow/example_dags/example_sla_dag.py for tasks to queue
[2024-04-12T21:23:34.960+0000] {logging_mixin.py:188} INFO - [2024-04-12T21:23:34.959+0000] {dagbag.py:540} INFO - Filling up the DagBag from /home/airflow/.local/lib/python3.12/site-packages/airflow/example_dags/example_sla_dag.py
[2024-04-12T21:23:34.972+0000] {processor.py:840} INFO - DAG(s) 'example_sla_dag' retrieved from /home/airflow/.local/lib/python3.12/site-packages/airflow/example_dags/example_sla_dag.py
[2024-04-12T21:23:34.995+0000] {logging_mixin.py:188} INFO - [2024-04-12T21:23:34.995+0000] {dag.py:3096} INFO - Sync 1 DAGs
[2024-04-12T21:23:35.029+0000] {logging_mixin.py:188} INFO - [2024-04-12T21:23:35.029+0000] {dag.py:3954} INFO - Setting next_dagrun for example_sla_dag to 2024-04-12 21:20:00+00:00, run_after=2024-04-12 21:22:00+00:00
[2024-04-12T21:23:35.057+0000] {processor.py:183} INFO - Processing /home/airflow/.local/lib/python3.12/site-packages/airflow/example_dags/example_sla_dag.py took 0.107 seconds
[2024-04-12T21:27:57.938+0000] {processor.py:161} INFO - Started process (PID=42) to work on /home/airflow/.local/lib/python3.12/site-packages/airflow/example_dags/example_sla_dag.py
[2024-04-12T21:27:57.948+0000] {processor.py:830} INFO - Processing file /home/airflow/.local/lib/python3.12/site-packages/airflow/example_dags/example_sla_dag.py for tasks to queue
[2024-04-12T21:27:57.961+0000] {logging_mixin.py:188} INFO - [2024-04-12T21:27:57.960+0000] {dagbag.py:540} INFO - Filling up the DagBag from /home/airflow/.local/lib/python3.12/site-packages/airflow/example_dags/example_sla_dag.py
[2024-04-12T21:27:58.077+0000] {processor.py:840} INFO - DAG(s) 'example_sla_dag' retrieved from /home/airflow/.local/lib/python3.12/site-packages/airflow/example_dags/example_sla_dag.py
[2024-04-12T21:27:58.869+0000] {logging_mixin.py:188} INFO - [2024-04-12T21:27:58.869+0000] {dag.py:3096} INFO - Sync 1 DAGs
[2024-04-12T21:27:59.007+0000] {logging_mixin.py:188} INFO - [2024-04-12T21:27:59.007+0000] {dag.py:3954} INFO - Setting next_dagrun for example_sla_dag to 2024-04-12 21:24:00+00:00, run_after=2024-04-12 21:26:00+00:00
[2024-04-12T21:27:59.151+0000] {processor.py:183} INFO - Processing /home/airflow/.local/lib/python3.12/site-packages/airflow/example_dags/example_sla_dag.py took 1.225 seconds
[2024-04-12T21:28:29.271+0000] {processor.py:161} INFO - Started process (PID=100) to work on /home/airflow/.local/lib/python3.12/site-packages/airflow/example_dags/example_sla_dag.py
[2024-04-12T21:28:29.273+0000] {processor.py:830} INFO - Processing file /home/airflow/.local/lib/python3.12/site-packages/airflow/example_dags/example_sla_dag.py for tasks to queue
[2024-04-12T21:28:29.275+0000] {logging_mixin.py:188} INFO - [2024-04-12T21:28:29.274+0000] {dagbag.py:540} INFO - Filling up the DagBag from /home/airflow/.local/lib/python3.12/site-packages/airflow/example_dags/example_sla_dag.py
[2024-04-12T21:28:29.287+0000] {processor.py:840} INFO - DAG(s) 'example_sla_dag' retrieved from /home/airflow/.local/lib/python3.12/site-packages/airflow/example_dags/example_sla_dag.py
[2024-04-12T21:28:29.309+0000] {logging_mixin.py:188} INFO - [2024-04-12T21:28:29.309+0000] {dag.py:3096} INFO - Sync 1 DAGs
[2024-04-12T21:28:29.346+0000] {logging_mixin.py:188} INFO - [2024-04-12T21:28:29.346+0000] {dag.py:3954} INFO - Setting next_dagrun for example_sla_dag to 2024-04-12 21:26:00+00:00, run_after=2024-04-12 21:28:00+00:00
[2024-04-12T21:28:29.373+0000] {processor.py:183} INFO - Processing /home/airflow/.local/lib/python3.12/site-packages/airflow/example_dags/example_sla_dag.py took 0.110 seconds
[2024-04-12T21:29:00.330+0000] {processor.py:161} INFO - Started process (PID=159) to work on /home/airflow/.local/lib/python3.12/site-packages/airflow/example_dags/example_sla_dag.py
[2024-04-12T21:29:00.332+0000] {processor.py:830} INFO - Processing file /home/airflow/.local/lib/python3.12/site-packages/airflow/example_dags/example_sla_dag.py for tasks to queue
[2024-04-12T21:29:00.334+0000] {logging_mixin.py:188} INFO - [2024-04-12T21:29:00.333+0000] {dagbag.py:540} INFO - Filling up the DagBag from /home/airflow/.local/lib/python3.12/site-packages/airflow/example_dags/example_sla_dag.py
[2024-04-12T21:29:00.346+0000] {processor.py:840} INFO - DAG(s) 'example_sla_dag' retrieved from /home/airflow/.local/lib/python3.12/site-packages/airflow/example_dags/example_sla_dag.py
[2024-04-12T21:29:00.378+0000] {logging_mixin.py:188} INFO - [2024-04-12T21:29:00.378+0000] {dag.py:3096} INFO - Sync 1 DAGs
[2024-04-12T21:29:00.408+0000] {logging_mixin.py:188} INFO - [2024-04-12T21:29:00.408+0000] {dag.py:3954} INFO - Setting next_dagrun for example_sla_dag to 2024-04-12 21:26:00+00:00, run_after=2024-04-12 21:28:00+00:00
[2024-04-12T21:29:00.428+0000] {processor.py:183} INFO - Processing /home/airflow/.local/lib/python3.12/site-packages/airflow/example_dags/example_sla_dag.py took 0.107 seconds
[2024-04-12T21:29:30.596+0000] {processor.py:161} INFO - Started process (PID=217) to work on /home/airflow/.local/lib/python3.12/site-packages/airflow/example_dags/example_sla_dag.py
[2024-04-12T21:29:30.597+0000] {processor.py:830} INFO - Processing file /home/airflow/.local/lib/python3.12/site-packages/airflow/example_dags/example_sla_dag.py for tasks to queue
[2024-04-12T21:29:30.599+0000] {logging_mixin.py:188} INFO - [2024-04-12T21:29:30.599+0000] {dagbag.py:540} INFO - Filling up the DagBag from /home/airflow/.local/lib/python3.12/site-packages/airflow/example_dags/example_sla_dag.py
[2024-04-12T21:29:30.610+0000] {processor.py:840} INFO - DAG(s) 'example_sla_dag' retrieved from /home/airflow/.local/lib/python3.12/site-packages/airflow/example_dags/example_sla_dag.py
[2024-04-12T21:29:30.637+0000] {logging_mixin.py:188} INFO - [2024-04-12T21:29:30.637+0000] {dag.py:3096} INFO - Sync 1 DAGs
[2024-04-12T21:29:30.673+0000] {logging_mixin.py:188} INFO - [2024-04-12T21:29:30.673+0000] {dag.py:3954} INFO - Setting next_dagrun for example_sla_dag to 2024-04-12 21:26:00+00:00, run_after=2024-04-12 21:28:00+00:00
[2024-04-12T21:29:30.708+0000] {processor.py:183} INFO - Processing /home/airflow/.local/lib/python3.12/site-packages/airflow/example_dags/example_sla_dag.py took 0.118 seconds
[2024-04-12T21:57:20.755+0000] {processor.py:161} INFO - Started process (PID=36) to work on /home/airflow/.local/lib/python3.12/site-packages/airflow/example_dags/example_sla_dag.py
[2024-04-12T21:57:20.757+0000] {processor.py:830} INFO - Processing file /home/airflow/.local/lib/python3.12/site-packages/airflow/example_dags/example_sla_dag.py for tasks to queue
[2024-04-12T21:57:20.760+0000] {logging_mixin.py:188} INFO - [2024-04-12T21:57:20.760+0000] {dagbag.py:540} INFO - Filling up the DagBag from /home/airflow/.local/lib/python3.12/site-packages/airflow/example_dags/example_sla_dag.py
[2024-04-12T21:57:20.787+0000] {processor.py:840} INFO - DAG(s) 'example_sla_dag' retrieved from /home/airflow/.local/lib/python3.12/site-packages/airflow/example_dags/example_sla_dag.py
[2024-04-12T21:57:21.018+0000] {logging_mixin.py:188} INFO - [2024-04-12T21:57:21.018+0000] {dag.py:3096} INFO - Sync 1 DAGs
[2024-04-12T21:57:21.060+0000] {logging_mixin.py:188} INFO - [2024-04-12T21:57:21.059+0000] {dag.py:3954} INFO - Setting next_dagrun for example_sla_dag to 2024-04-12 21:54:00+00:00, run_after=2024-04-12 21:56:00+00:00
[2024-04-12T21:57:21.093+0000] {processor.py:183} INFO - Processing /home/airflow/.local/lib/python3.12/site-packages/airflow/example_dags/example_sla_dag.py took 0.347 seconds
[2024-04-12T21:57:51.795+0000] {processor.py:161} INFO - Started process (PID=95) to work on /home/airflow/.local/lib/python3.12/site-packages/airflow/example_dags/example_sla_dag.py
[2024-04-12T21:57:51.797+0000] {processor.py:830} INFO - Processing file /home/airflow/.local/lib/python3.12/site-packages/airflow/example_dags/example_sla_dag.py for tasks to queue
[2024-04-12T21:57:51.799+0000] {logging_mixin.py:188} INFO - [2024-04-12T21:57:51.799+0000] {dagbag.py:540} INFO - Filling up the DagBag from /home/airflow/.local/lib/python3.12/site-packages/airflow/example_dags/example_sla_dag.py
[2024-04-12T21:57:51.813+0000] {processor.py:840} INFO - DAG(s) 'example_sla_dag' retrieved from /home/airflow/.local/lib/python3.12/site-packages/airflow/example_dags/example_sla_dag.py
[2024-04-12T21:57:51.836+0000] {logging_mixin.py:188} INFO - [2024-04-12T21:57:51.836+0000] {dag.py:3096} INFO - Sync 1 DAGs
[2024-04-12T21:57:51.877+0000] {logging_mixin.py:188} INFO - [2024-04-12T21:57:51.877+0000] {dag.py:3954} INFO - Setting next_dagrun for example_sla_dag to 2024-04-12 21:54:00+00:00, run_after=2024-04-12 21:56:00+00:00
[2024-04-12T21:57:51.904+0000] {processor.py:183} INFO - Processing /home/airflow/.local/lib/python3.12/site-packages/airflow/example_dags/example_sla_dag.py took 0.116 seconds
[2024-04-12T21:58:22.141+0000] {processor.py:161} INFO - Started process (PID=154) to work on /home/airflow/.local/lib/python3.12/site-packages/airflow/example_dags/example_sla_dag.py
[2024-04-12T21:58:22.143+0000] {processor.py:830} INFO - Processing file /home/airflow/.local/lib/python3.12/site-packages/airflow/example_dags/example_sla_dag.py for tasks to queue
[2024-04-12T21:58:22.145+0000] {logging_mixin.py:188} INFO - [2024-04-12T21:58:22.145+0000] {dagbag.py:540} INFO - Filling up the DagBag from /home/airflow/.local/lib/python3.12/site-packages/airflow/example_dags/example_sla_dag.py
[2024-04-12T21:58:22.158+0000] {processor.py:840} INFO - DAG(s) 'example_sla_dag' retrieved from /home/airflow/.local/lib/python3.12/site-packages/airflow/example_dags/example_sla_dag.py
[2024-04-12T21:58:22.182+0000] {logging_mixin.py:188} INFO - [2024-04-12T21:58:22.181+0000] {dag.py:3096} INFO - Sync 1 DAGs
[2024-04-12T21:58:22.219+0000] {logging_mixin.py:188} INFO - [2024-04-12T21:58:22.219+0000] {dag.py:3954} INFO - Setting next_dagrun for example_sla_dag to 2024-04-12 21:56:00+00:00, run_after=2024-04-12 21:58:00+00:00
[2024-04-12T21:58:22.248+0000] {processor.py:183} INFO - Processing /home/airflow/.local/lib/python3.12/site-packages/airflow/example_dags/example_sla_dag.py took 0.115 seconds
[2024-04-12T21:58:52.755+0000] {processor.py:161} INFO - Started process (PID=213) to work on /home/airflow/.local/lib/python3.12/site-packages/airflow/example_dags/example_sla_dag.py
[2024-04-12T21:58:52.757+0000] {processor.py:830} INFO - Processing file /home/airflow/.local/lib/python3.12/site-packages/airflow/example_dags/example_sla_dag.py for tasks to queue
[2024-04-12T21:58:52.759+0000] {logging_mixin.py:188} INFO - [2024-04-12T21:58:52.759+0000] {dagbag.py:540} INFO - Filling up the DagBag from /home/airflow/.local/lib/python3.12/site-packages/airflow/example_dags/example_sla_dag.py
[2024-04-12T21:58:52.771+0000] {processor.py:840} INFO - DAG(s) 'example_sla_dag' retrieved from /home/airflow/.local/lib/python3.12/site-packages/airflow/example_dags/example_sla_dag.py
[2024-04-12T21:58:52.796+0000] {logging_mixin.py:188} INFO - [2024-04-12T21:58:52.796+0000] {dag.py:3096} INFO - Sync 1 DAGs
[2024-04-12T21:58:52.848+0000] {logging_mixin.py:188} INFO - [2024-04-12T21:58:52.846+0000] {dag.py:3954} INFO - Setting next_dagrun for example_sla_dag to 2024-04-12 21:56:00+00:00, run_after=2024-04-12 21:58:00+00:00
[2024-04-12T21:58:52.890+0000] {processor.py:183} INFO - Processing /home/airflow/.local/lib/python3.12/site-packages/airflow/example_dags/example_sla_dag.py took 0.143 seconds
[2024-04-12T21:59:22.996+0000] {processor.py:161} INFO - Started process (PID=272) to work on /home/airflow/.local/lib/python3.12/site-packages/airflow/example_dags/example_sla_dag.py
[2024-04-12T21:59:22.997+0000] {processor.py:830} INFO - Processing file /home/airflow/.local/lib/python3.12/site-packages/airflow/example_dags/example_sla_dag.py for tasks to queue
[2024-04-12T21:59:22.999+0000] {logging_mixin.py:188} INFO - [2024-04-12T21:59:22.999+0000] {dagbag.py:540} INFO - Filling up the DagBag from /home/airflow/.local/lib/python3.12/site-packages/airflow/example_dags/example_sla_dag.py
[2024-04-12T21:59:23.009+0000] {processor.py:840} INFO - DAG(s) 'example_sla_dag' retrieved from /home/airflow/.local/lib/python3.12/site-packages/airflow/example_dags/example_sla_dag.py
[2024-04-12T21:59:23.031+0000] {logging_mixin.py:188} INFO - [2024-04-12T21:59:23.031+0000] {dag.py:3096} INFO - Sync 1 DAGs
[2024-04-12T21:59:23.066+0000] {logging_mixin.py:188} INFO - [2024-04-12T21:59:23.065+0000] {dag.py:3954} INFO - Setting next_dagrun for example_sla_dag to 2024-04-12 21:56:00+00:00, run_after=2024-04-12 21:58:00+00:00
[2024-04-12T21:59:23.097+0000] {processor.py:183} INFO - Processing /home/airflow/.local/lib/python3.12/site-packages/airflow/example_dags/example_sla_dag.py took 0.109 seconds
[2024-04-12T21:59:53.312+0000] {processor.py:161} INFO - Started process (PID=331) to work on /home/airflow/.local/lib/python3.12/site-packages/airflow/example_dags/example_sla_dag.py
[2024-04-12T21:59:53.313+0000] {processor.py:830} INFO - Processing file /home/airflow/.local/lib/python3.12/site-packages/airflow/example_dags/example_sla_dag.py for tasks to queue
[2024-04-12T21:59:53.315+0000] {logging_mixin.py:188} INFO - [2024-04-12T21:59:53.315+0000] {dagbag.py:540} INFO - Filling up the DagBag from /home/airflow/.local/lib/python3.12/site-packages/airflow/example_dags/example_sla_dag.py
[2024-04-12T21:59:53.324+0000] {processor.py:840} INFO - DAG(s) 'example_sla_dag' retrieved from /home/airflow/.local/lib/python3.12/site-packages/airflow/example_dags/example_sla_dag.py
[2024-04-12T21:59:53.351+0000] {logging_mixin.py:188} INFO - [2024-04-12T21:59:53.350+0000] {dag.py:3096} INFO - Sync 1 DAGs
[2024-04-12T21:59:53.385+0000] {logging_mixin.py:188} INFO - [2024-04-12T21:59:53.385+0000] {dag.py:3954} INFO - Setting next_dagrun for example_sla_dag to 2024-04-12 21:56:00+00:00, run_after=2024-04-12 21:58:00+00:00
[2024-04-12T21:59:53.409+0000] {processor.py:183} INFO - Processing /home/airflow/.local/lib/python3.12/site-packages/airflow/example_dags/example_sla_dag.py took 0.103 seconds
[2024-04-12T22:00:23.695+0000] {processor.py:161} INFO - Started process (PID=390) to work on /home/airflow/.local/lib/python3.12/site-packages/airflow/example_dags/example_sla_dag.py
[2024-04-12T22:00:23.697+0000] {processor.py:830} INFO - Processing file /home/airflow/.local/lib/python3.12/site-packages/airflow/example_dags/example_sla_dag.py for tasks to queue
[2024-04-12T22:00:23.700+0000] {logging_mixin.py:188} INFO - [2024-04-12T22:00:23.699+0000] {dagbag.py:540} INFO - Filling up the DagBag from /home/airflow/.local/lib/python3.12/site-packages/airflow/example_dags/example_sla_dag.py
[2024-04-12T22:00:23.710+0000] {processor.py:840} INFO - DAG(s) 'example_sla_dag' retrieved from /home/airflow/.local/lib/python3.12/site-packages/airflow/example_dags/example_sla_dag.py
[2024-04-12T22:00:23.732+0000] {logging_mixin.py:188} INFO - [2024-04-12T22:00:23.731+0000] {dag.py:3096} INFO - Sync 1 DAGs
[2024-04-12T22:00:23.767+0000] {logging_mixin.py:188} INFO - [2024-04-12T22:00:23.767+0000] {dag.py:3954} INFO - Setting next_dagrun for example_sla_dag to 2024-04-12 21:58:00+00:00, run_after=2024-04-12 22:00:00+00:00
[2024-04-12T22:00:23.793+0000] {processor.py:183} INFO - Processing /home/airflow/.local/lib/python3.12/site-packages/airflow/example_dags/example_sla_dag.py took 0.105 seconds
[2024-04-12T22:00:54.637+0000] {processor.py:161} INFO - Started process (PID=449) to work on /home/airflow/.local/lib/python3.12/site-packages/airflow/example_dags/example_sla_dag.py
[2024-04-12T22:00:54.638+0000] {processor.py:830} INFO - Processing file /home/airflow/.local/lib/python3.12/site-packages/airflow/example_dags/example_sla_dag.py for tasks to queue
[2024-04-12T22:00:54.641+0000] {logging_mixin.py:188} INFO - [2024-04-12T22:00:54.641+0000] {dagbag.py:540} INFO - Filling up the DagBag from /home/airflow/.local/lib/python3.12/site-packages/airflow/example_dags/example_sla_dag.py
[2024-04-12T22:00:54.655+0000] {processor.py:840} INFO - DAG(s) 'example_sla_dag' retrieved from /home/airflow/.local/lib/python3.12/site-packages/airflow/example_dags/example_sla_dag.py
[2024-04-12T22:00:54.699+0000] {logging_mixin.py:188} INFO - [2024-04-12T22:00:54.699+0000] {dag.py:3096} INFO - Sync 1 DAGs
[2024-04-12T22:00:54.762+0000] {logging_mixin.py:188} INFO - [2024-04-12T22:00:54.762+0000] {dag.py:3954} INFO - Setting next_dagrun for example_sla_dag to 2024-04-12 21:58:00+00:00, run_after=2024-04-12 22:00:00+00:00
[2024-04-12T22:00:54.807+0000] {processor.py:183} INFO - Processing /home/airflow/.local/lib/python3.12/site-packages/airflow/example_dags/example_sla_dag.py took 0.181 seconds
[2024-04-12T22:01:24.899+0000] {processor.py:161} INFO - Started process (PID=507) to work on /home/airflow/.local/lib/python3.12/site-packages/airflow/example_dags/example_sla_dag.py
[2024-04-12T22:01:24.900+0000] {processor.py:830} INFO - Processing file /home/airflow/.local/lib/python3.12/site-packages/airflow/example_dags/example_sla_dag.py for tasks to queue
[2024-04-12T22:01:24.905+0000] {logging_mixin.py:188} INFO - [2024-04-12T22:01:24.904+0000] {dagbag.py:540} INFO - Filling up the DagBag from /home/airflow/.local/lib/python3.12/site-packages/airflow/example_dags/example_sla_dag.py
[2024-04-12T22:01:24.919+0000] {processor.py:840} INFO - DAG(s) 'example_sla_dag' retrieved from /home/airflow/.local/lib/python3.12/site-packages/airflow/example_dags/example_sla_dag.py
[2024-04-12T22:01:24.954+0000] {logging_mixin.py:188} INFO - [2024-04-12T22:01:24.953+0000] {dag.py:3096} INFO - Sync 1 DAGs
[2024-04-12T22:01:25.000+0000] {logging_mixin.py:188} INFO - [2024-04-12T22:01:25.000+0000] {dag.py:3954} INFO - Setting next_dagrun for example_sla_dag to 2024-04-12 21:58:00+00:00, run_after=2024-04-12 22:00:00+00:00
[2024-04-12T22:01:25.034+0000] {processor.py:183} INFO - Processing /home/airflow/.local/lib/python3.12/site-packages/airflow/example_dags/example_sla_dag.py took 0.144 seconds
[2024-04-12T22:01:55.395+0000] {processor.py:161} INFO - Started process (PID=566) to work on /home/airflow/.local/lib/python3.12/site-packages/airflow/example_dags/example_sla_dag.py
[2024-04-12T22:01:55.396+0000] {processor.py:830} INFO - Processing file /home/airflow/.local/lib/python3.12/site-packages/airflow/example_dags/example_sla_dag.py for tasks to queue
[2024-04-12T22:01:55.398+0000] {logging_mixin.py:188} INFO - [2024-04-12T22:01:55.398+0000] {dagbag.py:540} INFO - Filling up the DagBag from /home/airflow/.local/lib/python3.12/site-packages/airflow/example_dags/example_sla_dag.py
[2024-04-12T22:01:55.409+0000] {processor.py:840} INFO - DAG(s) 'example_sla_dag' retrieved from /home/airflow/.local/lib/python3.12/site-packages/airflow/example_dags/example_sla_dag.py
[2024-04-12T22:01:55.431+0000] {logging_mixin.py:188} INFO - [2024-04-12T22:01:55.431+0000] {dag.py:3096} INFO - Sync 1 DAGs
[2024-04-12T22:01:55.481+0000] {logging_mixin.py:188} INFO - [2024-04-12T22:01:55.481+0000] {dag.py:3954} INFO - Setting next_dagrun for example_sla_dag to 2024-04-12 21:58:00+00:00, run_after=2024-04-12 22:00:00+00:00
[2024-04-12T22:01:55.513+0000] {processor.py:183} INFO - Processing /home/airflow/.local/lib/python3.12/site-packages/airflow/example_dags/example_sla_dag.py took 0.125 seconds
[2024-04-12T22:02:25.643+0000] {processor.py:161} INFO - Started process (PID=625) to work on /home/airflow/.local/lib/python3.12/site-packages/airflow/example_dags/example_sla_dag.py
[2024-04-12T22:02:25.645+0000] {processor.py:830} INFO - Processing file /home/airflow/.local/lib/python3.12/site-packages/airflow/example_dags/example_sla_dag.py for tasks to queue
[2024-04-12T22:02:25.648+0000] {logging_mixin.py:188} INFO - [2024-04-12T22:02:25.647+0000] {dagbag.py:540} INFO - Filling up the DagBag from /home/airflow/.local/lib/python3.12/site-packages/airflow/example_dags/example_sla_dag.py
[2024-04-12T22:02:25.661+0000] {processor.py:840} INFO - DAG(s) 'example_sla_dag' retrieved from /home/airflow/.local/lib/python3.12/site-packages/airflow/example_dags/example_sla_dag.py
[2024-04-12T22:02:25.700+0000] {logging_mixin.py:188} INFO - [2024-04-12T22:02:25.700+0000] {dag.py:3096} INFO - Sync 1 DAGs
[2024-04-12T22:02:25.749+0000] {logging_mixin.py:188} INFO - [2024-04-12T22:02:25.748+0000] {dag.py:3954} INFO - Setting next_dagrun for example_sla_dag to 2024-04-12 22:00:00+00:00, run_after=2024-04-12 22:02:00+00:00
[2024-04-12T22:02:25.789+0000] {processor.py:183} INFO - Processing /home/airflow/.local/lib/python3.12/site-packages/airflow/example_dags/example_sla_dag.py took 0.154 seconds
[2024-04-12T22:02:56.069+0000] {processor.py:161} INFO - Started process (PID=684) to work on /home/airflow/.local/lib/python3.12/site-packages/airflow/example_dags/example_sla_dag.py
[2024-04-12T22:02:56.071+0000] {processor.py:830} INFO - Processing file /home/airflow/.local/lib/python3.12/site-packages/airflow/example_dags/example_sla_dag.py for tasks to queue
[2024-04-12T22:02:56.074+0000] {logging_mixin.py:188} INFO - [2024-04-12T22:02:56.073+0000] {dagbag.py:540} INFO - Filling up the DagBag from /home/airflow/.local/lib/python3.12/site-packages/airflow/example_dags/example_sla_dag.py
[2024-04-12T22:02:56.085+0000] {processor.py:840} INFO - DAG(s) 'example_sla_dag' retrieved from /home/airflow/.local/lib/python3.12/site-packages/airflow/example_dags/example_sla_dag.py
[2024-04-12T22:02:56.113+0000] {logging_mixin.py:188} INFO - [2024-04-12T22:02:56.112+0000] {dag.py:3096} INFO - Sync 1 DAGs
[2024-04-12T22:02:56.146+0000] {logging_mixin.py:188} INFO - [2024-04-12T22:02:56.145+0000] {dag.py:3954} INFO - Setting next_dagrun for example_sla_dag to 2024-04-12 22:00:00+00:00, run_after=2024-04-12 22:02:00+00:00
[2024-04-12T22:02:56.172+0000] {processor.py:183} INFO - Processing /home/airflow/.local/lib/python3.12/site-packages/airflow/example_dags/example_sla_dag.py took 0.110 seconds
[2024-04-12T22:03:27.346+0000] {processor.py:161} INFO - Started process (PID=743) to work on /home/airflow/.local/lib/python3.12/site-packages/airflow/example_dags/example_sla_dag.py
[2024-04-12T22:03:27.347+0000] {processor.py:830} INFO - Processing file /home/airflow/.local/lib/python3.12/site-packages/airflow/example_dags/example_sla_dag.py for tasks to queue
[2024-04-12T22:03:27.350+0000] {logging_mixin.py:188} INFO - [2024-04-12T22:03:27.350+0000] {dagbag.py:540} INFO - Filling up the DagBag from /home/airflow/.local/lib/python3.12/site-packages/airflow/example_dags/example_sla_dag.py
[2024-04-12T22:03:27.363+0000] {processor.py:840} INFO - DAG(s) 'example_sla_dag' retrieved from /home/airflow/.local/lib/python3.12/site-packages/airflow/example_dags/example_sla_dag.py
[2024-04-12T22:03:27.386+0000] {logging_mixin.py:188} INFO - [2024-04-12T22:03:27.386+0000] {dag.py:3096} INFO - Sync 1 DAGs
[2024-04-12T22:03:27.414+0000] {logging_mixin.py:188} INFO - [2024-04-12T22:03:27.414+0000] {dag.py:3954} INFO - Setting next_dagrun for example_sla_dag to 2024-04-12 22:00:00+00:00, run_after=2024-04-12 22:02:00+00:00
[2024-04-12T22:03:27.440+0000] {processor.py:183} INFO - Processing /home/airflow/.local/lib/python3.12/site-packages/airflow/example_dags/example_sla_dag.py took 0.105 seconds
[2024-04-12T22:03:57.758+0000] {processor.py:161} INFO - Started process (PID=802) to work on /home/airflow/.local/lib/python3.12/site-packages/airflow/example_dags/example_sla_dag.py
[2024-04-12T22:03:57.759+0000] {processor.py:830} INFO - Processing file /home/airflow/.local/lib/python3.12/site-packages/airflow/example_dags/example_sla_dag.py for tasks to queue
[2024-04-12T22:03:57.761+0000] {logging_mixin.py:188} INFO - [2024-04-12T22:03:57.761+0000] {dagbag.py:540} INFO - Filling up the DagBag from /home/airflow/.local/lib/python3.12/site-packages/airflow/example_dags/example_sla_dag.py
[2024-04-12T22:03:57.771+0000] {processor.py:840} INFO - DAG(s) 'example_sla_dag' retrieved from /home/airflow/.local/lib/python3.12/site-packages/airflow/example_dags/example_sla_dag.py
[2024-04-12T22:03:57.793+0000] {logging_mixin.py:188} INFO - [2024-04-12T22:03:57.792+0000] {dag.py:3096} INFO - Sync 1 DAGs
[2024-04-12T22:03:57.826+0000] {logging_mixin.py:188} INFO - [2024-04-12T22:03:57.825+0000] {dag.py:3954} INFO - Setting next_dagrun for example_sla_dag to 2024-04-12 22:00:00+00:00, run_after=2024-04-12 22:02:00+00:00
[2024-04-12T22:03:57.989+0000] {processor.py:183} INFO - Processing /home/airflow/.local/lib/python3.12/site-packages/airflow/example_dags/example_sla_dag.py took 0.238 seconds
[2024-04-12T22:04:28.692+0000] {processor.py:161} INFO - Started process (PID=868) to work on /home/airflow/.local/lib/python3.12/site-packages/airflow/example_dags/example_sla_dag.py
[2024-04-12T22:04:28.694+0000] {processor.py:830} INFO - Processing file /home/airflow/.local/lib/python3.12/site-packages/airflow/example_dags/example_sla_dag.py for tasks to queue
[2024-04-12T22:04:28.696+0000] {logging_mixin.py:188} INFO - [2024-04-12T22:04:28.696+0000] {dagbag.py:540} INFO - Filling up the DagBag from /home/airflow/.local/lib/python3.12/site-packages/airflow/example_dags/example_sla_dag.py
[2024-04-12T22:04:28.707+0000] {processor.py:840} INFO - DAG(s) 'example_sla_dag' retrieved from /home/airflow/.local/lib/python3.12/site-packages/airflow/example_dags/example_sla_dag.py
[2024-04-12T22:04:28.731+0000] {logging_mixin.py:188} INFO - [2024-04-12T22:04:28.730+0000] {dag.py:3096} INFO - Sync 1 DAGs
[2024-04-12T22:04:28.767+0000] {logging_mixin.py:188} INFO - [2024-04-12T22:04:28.766+0000] {dag.py:3954} INFO - Setting next_dagrun for example_sla_dag to 2024-04-12 22:02:00+00:00, run_after=2024-04-12 22:04:00+00:00
[2024-04-12T22:04:28.790+0000] {processor.py:183} INFO - Processing /home/airflow/.local/lib/python3.12/site-packages/airflow/example_dags/example_sla_dag.py took 0.104 seconds
[2024-04-12T22:04:59.148+0000] {processor.py:161} INFO - Started process (PID=927) to work on /home/airflow/.local/lib/python3.12/site-packages/airflow/example_dags/example_sla_dag.py
[2024-04-12T22:04:59.149+0000] {processor.py:830} INFO - Processing file /home/airflow/.local/lib/python3.12/site-packages/airflow/example_dags/example_sla_dag.py for tasks to queue
[2024-04-12T22:04:59.151+0000] {logging_mixin.py:188} INFO - [2024-04-12T22:04:59.151+0000] {dagbag.py:540} INFO - Filling up the DagBag from /home/airflow/.local/lib/python3.12/site-packages/airflow/example_dags/example_sla_dag.py
[2024-04-12T22:04:59.162+0000] {processor.py:840} INFO - DAG(s) 'example_sla_dag' retrieved from /home/airflow/.local/lib/python3.12/site-packages/airflow/example_dags/example_sla_dag.py
[2024-04-12T22:04:59.187+0000] {logging_mixin.py:188} INFO - [2024-04-12T22:04:59.187+0000] {dag.py:3096} INFO - Sync 1 DAGs
[2024-04-12T22:04:59.229+0000] {logging_mixin.py:188} INFO - [2024-04-12T22:04:59.229+0000] {dag.py:3954} INFO - Setting next_dagrun for example_sla_dag to 2024-04-12 22:02:00+00:00, run_after=2024-04-12 22:04:00+00:00
[2024-04-12T22:04:59.255+0000] {processor.py:183} INFO - Processing /home/airflow/.local/lib/python3.12/site-packages/airflow/example_dags/example_sla_dag.py took 0.116 seconds
[2024-04-12T22:05:29.492+0000] {processor.py:161} INFO - Started process (PID=986) to work on /home/airflow/.local/lib/python3.12/site-packages/airflow/example_dags/example_sla_dag.py
[2024-04-12T22:05:29.493+0000] {processor.py:830} INFO - Processing file /home/airflow/.local/lib/python3.12/site-packages/airflow/example_dags/example_sla_dag.py for tasks to queue
[2024-04-12T22:05:29.496+0000] {logging_mixin.py:188} INFO - [2024-04-12T22:05:29.495+0000] {dagbag.py:540} INFO - Filling up the DagBag from /home/airflow/.local/lib/python3.12/site-packages/airflow/example_dags/example_sla_dag.py
[2024-04-12T22:05:29.507+0000] {processor.py:840} INFO - DAG(s) 'example_sla_dag' retrieved from /home/airflow/.local/lib/python3.12/site-packages/airflow/example_dags/example_sla_dag.py
[2024-04-12T22:05:29.533+0000] {logging_mixin.py:188} INFO - [2024-04-12T22:05:29.533+0000] {dag.py:3096} INFO - Sync 1 DAGs
[2024-04-12T22:05:29.566+0000] {logging_mixin.py:188} INFO - [2024-04-12T22:05:29.566+0000] {dag.py:3954} INFO - Setting next_dagrun for example_sla_dag to 2024-04-12 22:02:00+00:00, run_after=2024-04-12 22:04:00+00:00
[2024-04-12T22:05:29.593+0000] {processor.py:183} INFO - Processing /home/airflow/.local/lib/python3.12/site-packages/airflow/example_dags/example_sla_dag.py took 0.108 seconds
