[2024-04-12T21:15:19.413+0000] {processor.py:161} INFO - Started process (PID=111) to work on /home/airflow/.local/lib/python3.12/site-packages/airflow/example_dags/example_task_group.py
[2024-04-12T21:15:19.416+0000] {processor.py:830} INFO - Processing file /home/airflow/.local/lib/python3.12/site-packages/airflow/example_dags/example_task_group.py for tasks to queue
[2024-04-12T21:15:19.440+0000] {logging_mixin.py:188} INFO - [2024-04-12T21:15:19.440+0000] {dagbag.py:540} INFO - Filling up the DagBag from /home/airflow/.local/lib/python3.12/site-packages/airflow/example_dags/example_task_group.py
[2024-04-12T21:15:19.458+0000] {processor.py:840} INFO - DAG(s) 'example_task_group' retrieved from /home/airflow/.local/lib/python3.12/site-packages/airflow/example_dags/example_task_group.py
[2024-04-12T21:15:20.012+0000] {logging_mixin.py:188} INFO - [2024-04-12T21:15:20.011+0000] {dag.py:3096} INFO - Sync 1 DAGs
[2024-04-12T21:15:20.082+0000] {logging_mixin.py:188} INFO - [2024-04-12T21:15:20.082+0000] {dag.py:3954} INFO - Setting next_dagrun for example_task_group to 2024-04-11 00:00:00+00:00, run_after=2024-04-12 00:00:00+00:00
[2024-04-12T21:15:20.163+0000] {processor.py:183} INFO - Processing /home/airflow/.local/lib/python3.12/site-packages/airflow/example_dags/example_task_group.py took 0.771 seconds
[2024-04-12T21:15:50.460+0000] {processor.py:161} INFO - Started process (PID=170) to work on /home/airflow/.local/lib/python3.12/site-packages/airflow/example_dags/example_task_group.py
[2024-04-12T21:15:50.464+0000] {processor.py:830} INFO - Processing file /home/airflow/.local/lib/python3.12/site-packages/airflow/example_dags/example_task_group.py for tasks to queue
[2024-04-12T21:15:50.468+0000] {logging_mixin.py:188} INFO - [2024-04-12T21:15:50.467+0000] {dagbag.py:540} INFO - Filling up the DagBag from /home/airflow/.local/lib/python3.12/site-packages/airflow/example_dags/example_task_group.py
[2024-04-12T21:15:50.515+0000] {processor.py:840} INFO - DAG(s) 'example_task_group' retrieved from /home/airflow/.local/lib/python3.12/site-packages/airflow/example_dags/example_task_group.py
[2024-04-12T21:15:50.589+0000] {logging_mixin.py:188} INFO - [2024-04-12T21:15:50.589+0000] {dag.py:3096} INFO - Sync 1 DAGs
[2024-04-12T21:15:50.701+0000] {logging_mixin.py:188} INFO - [2024-04-12T21:15:50.701+0000] {dag.py:3954} INFO - Setting next_dagrun for example_task_group to 2024-04-11 00:00:00+00:00, run_after=2024-04-12 00:00:00+00:00
[2024-04-12T21:15:50.771+0000] {processor.py:183} INFO - Processing /home/airflow/.local/lib/python3.12/site-packages/airflow/example_dags/example_task_group.py took 0.323 seconds
[2024-04-12T21:16:20.855+0000] {processor.py:161} INFO - Started process (PID=227) to work on /home/airflow/.local/lib/python3.12/site-packages/airflow/example_dags/example_task_group.py
[2024-04-12T21:16:20.856+0000] {processor.py:830} INFO - Processing file /home/airflow/.local/lib/python3.12/site-packages/airflow/example_dags/example_task_group.py for tasks to queue
[2024-04-12T21:16:20.858+0000] {logging_mixin.py:188} INFO - [2024-04-12T21:16:20.858+0000] {dagbag.py:540} INFO - Filling up the DagBag from /home/airflow/.local/lib/python3.12/site-packages/airflow/example_dags/example_task_group.py
[2024-04-12T21:16:20.868+0000] {processor.py:840} INFO - DAG(s) 'example_task_group' retrieved from /home/airflow/.local/lib/python3.12/site-packages/airflow/example_dags/example_task_group.py
[2024-04-12T21:16:20.892+0000] {logging_mixin.py:188} INFO - [2024-04-12T21:16:20.892+0000] {dag.py:3096} INFO - Sync 1 DAGs
[2024-04-12T21:16:20.919+0000] {logging_mixin.py:188} INFO - [2024-04-12T21:16:20.918+0000] {dag.py:3954} INFO - Setting next_dagrun for example_task_group to 2024-04-11 00:00:00+00:00, run_after=2024-04-12 00:00:00+00:00
[2024-04-12T21:16:20.948+0000] {processor.py:183} INFO - Processing /home/airflow/.local/lib/python3.12/site-packages/airflow/example_dags/example_task_group.py took 0.100 seconds
[2024-04-12T21:16:51.483+0000] {processor.py:161} INFO - Started process (PID=284) to work on /home/airflow/.local/lib/python3.12/site-packages/airflow/example_dags/example_task_group.py
[2024-04-12T21:16:51.485+0000] {processor.py:830} INFO - Processing file /home/airflow/.local/lib/python3.12/site-packages/airflow/example_dags/example_task_group.py for tasks to queue
[2024-04-12T21:16:51.488+0000] {logging_mixin.py:188} INFO - [2024-04-12T21:16:51.487+0000] {dagbag.py:540} INFO - Filling up the DagBag from /home/airflow/.local/lib/python3.12/site-packages/airflow/example_dags/example_task_group.py
[2024-04-12T21:16:51.502+0000] {processor.py:840} INFO - DAG(s) 'example_task_group' retrieved from /home/airflow/.local/lib/python3.12/site-packages/airflow/example_dags/example_task_group.py
[2024-04-12T21:16:51.559+0000] {logging_mixin.py:188} INFO - [2024-04-12T21:16:51.559+0000] {dag.py:3096} INFO - Sync 1 DAGs
[2024-04-12T21:16:51.613+0000] {logging_mixin.py:188} INFO - [2024-04-12T21:16:51.609+0000] {dag.py:3954} INFO - Setting next_dagrun for example_task_group to 2024-04-11 00:00:00+00:00, run_after=2024-04-12 00:00:00+00:00
[2024-04-12T21:16:51.660+0000] {processor.py:183} INFO - Processing /home/airflow/.local/lib/python3.12/site-packages/airflow/example_dags/example_task_group.py took 0.186 seconds
[2024-04-12T21:17:21.896+0000] {processor.py:161} INFO - Started process (PID=342) to work on /home/airflow/.local/lib/python3.12/site-packages/airflow/example_dags/example_task_group.py
[2024-04-12T21:17:21.898+0000] {processor.py:830} INFO - Processing file /home/airflow/.local/lib/python3.12/site-packages/airflow/example_dags/example_task_group.py for tasks to queue
[2024-04-12T21:17:21.918+0000] {logging_mixin.py:188} INFO - [2024-04-12T21:17:21.917+0000] {dagbag.py:540} INFO - Filling up the DagBag from /home/airflow/.local/lib/python3.12/site-packages/airflow/example_dags/example_task_group.py
[2024-04-12T21:17:21.937+0000] {processor.py:840} INFO - DAG(s) 'example_task_group' retrieved from /home/airflow/.local/lib/python3.12/site-packages/airflow/example_dags/example_task_group.py
[2024-04-12T21:17:21.991+0000] {logging_mixin.py:188} INFO - [2024-04-12T21:17:21.991+0000] {dag.py:3096} INFO - Sync 1 DAGs
[2024-04-12T21:17:22.055+0000] {logging_mixin.py:188} INFO - [2024-04-12T21:17:22.055+0000] {dag.py:3954} INFO - Setting next_dagrun for example_task_group to 2024-04-11 00:00:00+00:00, run_after=2024-04-12 00:00:00+00:00
[2024-04-12T21:17:22.090+0000] {processor.py:183} INFO - Processing /home/airflow/.local/lib/python3.12/site-packages/airflow/example_dags/example_task_group.py took 0.204 seconds
[2024-04-12T21:17:52.203+0000] {processor.py:161} INFO - Started process (PID=401) to work on /home/airflow/.local/lib/python3.12/site-packages/airflow/example_dags/example_task_group.py
[2024-04-12T21:17:52.205+0000] {processor.py:830} INFO - Processing file /home/airflow/.local/lib/python3.12/site-packages/airflow/example_dags/example_task_group.py for tasks to queue
[2024-04-12T21:17:52.207+0000] {logging_mixin.py:188} INFO - [2024-04-12T21:17:52.207+0000] {dagbag.py:540} INFO - Filling up the DagBag from /home/airflow/.local/lib/python3.12/site-packages/airflow/example_dags/example_task_group.py
[2024-04-12T21:17:52.216+0000] {processor.py:840} INFO - DAG(s) 'example_task_group' retrieved from /home/airflow/.local/lib/python3.12/site-packages/airflow/example_dags/example_task_group.py
[2024-04-12T21:17:52.246+0000] {logging_mixin.py:188} INFO - [2024-04-12T21:17:52.246+0000] {dag.py:3096} INFO - Sync 1 DAGs
[2024-04-12T21:17:52.279+0000] {logging_mixin.py:188} INFO - [2024-04-12T21:17:52.279+0000] {dag.py:3954} INFO - Setting next_dagrun for example_task_group to 2024-04-11 00:00:00+00:00, run_after=2024-04-12 00:00:00+00:00
[2024-04-12T21:17:52.309+0000] {processor.py:183} INFO - Processing /home/airflow/.local/lib/python3.12/site-packages/airflow/example_dags/example_task_group.py took 0.112 seconds
[2024-04-12T21:18:22.402+0000] {processor.py:161} INFO - Started process (PID=460) to work on /home/airflow/.local/lib/python3.12/site-packages/airflow/example_dags/example_task_group.py
[2024-04-12T21:18:22.403+0000] {processor.py:830} INFO - Processing file /home/airflow/.local/lib/python3.12/site-packages/airflow/example_dags/example_task_group.py for tasks to queue
[2024-04-12T21:18:22.406+0000] {logging_mixin.py:188} INFO - [2024-04-12T21:18:22.406+0000] {dagbag.py:540} INFO - Filling up the DagBag from /home/airflow/.local/lib/python3.12/site-packages/airflow/example_dags/example_task_group.py
[2024-04-12T21:18:22.415+0000] {processor.py:840} INFO - DAG(s) 'example_task_group' retrieved from /home/airflow/.local/lib/python3.12/site-packages/airflow/example_dags/example_task_group.py
[2024-04-12T21:18:22.443+0000] {logging_mixin.py:188} INFO - [2024-04-12T21:18:22.443+0000] {dag.py:3096} INFO - Sync 1 DAGs
[2024-04-12T21:18:22.473+0000] {logging_mixin.py:188} INFO - [2024-04-12T21:18:22.473+0000] {dag.py:3954} INFO - Setting next_dagrun for example_task_group to 2024-04-11 00:00:00+00:00, run_after=2024-04-12 00:00:00+00:00
[2024-04-12T21:18:22.498+0000] {processor.py:183} INFO - Processing /home/airflow/.local/lib/python3.12/site-packages/airflow/example_dags/example_task_group.py took 0.103 seconds
[2024-04-12T21:18:52.659+0000] {processor.py:161} INFO - Started process (PID=518) to work on /home/airflow/.local/lib/python3.12/site-packages/airflow/example_dags/example_task_group.py
[2024-04-12T21:18:52.660+0000] {processor.py:830} INFO - Processing file /home/airflow/.local/lib/python3.12/site-packages/airflow/example_dags/example_task_group.py for tasks to queue
[2024-04-12T21:18:52.663+0000] {logging_mixin.py:188} INFO - [2024-04-12T21:18:52.662+0000] {dagbag.py:540} INFO - Filling up the DagBag from /home/airflow/.local/lib/python3.12/site-packages/airflow/example_dags/example_task_group.py
[2024-04-12T21:18:52.672+0000] {processor.py:840} INFO - DAG(s) 'example_task_group' retrieved from /home/airflow/.local/lib/python3.12/site-packages/airflow/example_dags/example_task_group.py
[2024-04-12T21:18:52.698+0000] {logging_mixin.py:188} INFO - [2024-04-12T21:18:52.698+0000] {dag.py:3096} INFO - Sync 1 DAGs
[2024-04-12T21:18:52.725+0000] {logging_mixin.py:188} INFO - [2024-04-12T21:18:52.724+0000] {dag.py:3954} INFO - Setting next_dagrun for example_task_group to 2024-04-11 00:00:00+00:00, run_after=2024-04-12 00:00:00+00:00
[2024-04-12T21:18:52.751+0000] {processor.py:183} INFO - Processing /home/airflow/.local/lib/python3.12/site-packages/airflow/example_dags/example_task_group.py took 0.099 seconds
[2024-04-12T21:19:22.900+0000] {processor.py:161} INFO - Started process (PID=577) to work on /home/airflow/.local/lib/python3.12/site-packages/airflow/example_dags/example_task_group.py
[2024-04-12T21:19:22.902+0000] {processor.py:830} INFO - Processing file /home/airflow/.local/lib/python3.12/site-packages/airflow/example_dags/example_task_group.py for tasks to queue
[2024-04-12T21:19:22.905+0000] {logging_mixin.py:188} INFO - [2024-04-12T21:19:22.904+0000] {dagbag.py:540} INFO - Filling up the DagBag from /home/airflow/.local/lib/python3.12/site-packages/airflow/example_dags/example_task_group.py
[2024-04-12T21:19:22.914+0000] {processor.py:840} INFO - DAG(s) 'example_task_group' retrieved from /home/airflow/.local/lib/python3.12/site-packages/airflow/example_dags/example_task_group.py
[2024-04-12T21:19:22.940+0000] {logging_mixin.py:188} INFO - [2024-04-12T21:19:22.940+0000] {dag.py:3096} INFO - Sync 1 DAGs
[2024-04-12T21:19:22.968+0000] {logging_mixin.py:188} INFO - [2024-04-12T21:19:22.968+0000] {dag.py:3954} INFO - Setting next_dagrun for example_task_group to 2024-04-11 00:00:00+00:00, run_after=2024-04-12 00:00:00+00:00
[2024-04-12T21:19:22.995+0000] {processor.py:183} INFO - Processing /home/airflow/.local/lib/python3.12/site-packages/airflow/example_dags/example_task_group.py took 0.103 seconds
[2024-04-12T21:19:53.344+0000] {processor.py:161} INFO - Started process (PID=634) to work on /home/airflow/.local/lib/python3.12/site-packages/airflow/example_dags/example_task_group.py
[2024-04-12T21:19:53.345+0000] {processor.py:830} INFO - Processing file /home/airflow/.local/lib/python3.12/site-packages/airflow/example_dags/example_task_group.py for tasks to queue
[2024-04-12T21:19:53.348+0000] {logging_mixin.py:188} INFO - [2024-04-12T21:19:53.347+0000] {dagbag.py:540} INFO - Filling up the DagBag from /home/airflow/.local/lib/python3.12/site-packages/airflow/example_dags/example_task_group.py
[2024-04-12T21:19:53.356+0000] {processor.py:840} INFO - DAG(s) 'example_task_group' retrieved from /home/airflow/.local/lib/python3.12/site-packages/airflow/example_dags/example_task_group.py
[2024-04-12T21:19:53.383+0000] {logging_mixin.py:188} INFO - [2024-04-12T21:19:53.383+0000] {dag.py:3096} INFO - Sync 1 DAGs
[2024-04-12T21:19:53.413+0000] {logging_mixin.py:188} INFO - [2024-04-12T21:19:53.413+0000] {dag.py:3954} INFO - Setting next_dagrun for example_task_group to 2024-04-11 00:00:00+00:00, run_after=2024-04-12 00:00:00+00:00
[2024-04-12T21:19:53.441+0000] {processor.py:183} INFO - Processing /home/airflow/.local/lib/python3.12/site-packages/airflow/example_dags/example_task_group.py took 0.104 seconds
[2024-04-12T21:20:23.535+0000] {processor.py:161} INFO - Started process (PID=692) to work on /home/airflow/.local/lib/python3.12/site-packages/airflow/example_dags/example_task_group.py
[2024-04-12T21:20:23.536+0000] {processor.py:830} INFO - Processing file /home/airflow/.local/lib/python3.12/site-packages/airflow/example_dags/example_task_group.py for tasks to queue
[2024-04-12T21:20:23.538+0000] {logging_mixin.py:188} INFO - [2024-04-12T21:20:23.538+0000] {dagbag.py:540} INFO - Filling up the DagBag from /home/airflow/.local/lib/python3.12/site-packages/airflow/example_dags/example_task_group.py
[2024-04-12T21:20:23.549+0000] {processor.py:840} INFO - DAG(s) 'example_task_group' retrieved from /home/airflow/.local/lib/python3.12/site-packages/airflow/example_dags/example_task_group.py
[2024-04-12T21:20:23.582+0000] {logging_mixin.py:188} INFO - [2024-04-12T21:20:23.582+0000] {dag.py:3096} INFO - Sync 1 DAGs
[2024-04-12T21:20:23.611+0000] {logging_mixin.py:188} INFO - [2024-04-12T21:20:23.611+0000] {dag.py:3954} INFO - Setting next_dagrun for example_task_group to 2024-04-11 00:00:00+00:00, run_after=2024-04-12 00:00:00+00:00
[2024-04-12T21:20:23.648+0000] {processor.py:183} INFO - Processing /home/airflow/.local/lib/python3.12/site-packages/airflow/example_dags/example_task_group.py took 0.122 seconds
[2024-04-12T21:20:54.579+0000] {processor.py:161} INFO - Started process (PID=751) to work on /home/airflow/.local/lib/python3.12/site-packages/airflow/example_dags/example_task_group.py
[2024-04-12T21:20:54.581+0000] {processor.py:830} INFO - Processing file /home/airflow/.local/lib/python3.12/site-packages/airflow/example_dags/example_task_group.py for tasks to queue
[2024-04-12T21:20:54.584+0000] {logging_mixin.py:188} INFO - [2024-04-12T21:20:54.584+0000] {dagbag.py:540} INFO - Filling up the DagBag from /home/airflow/.local/lib/python3.12/site-packages/airflow/example_dags/example_task_group.py
[2024-04-12T21:20:54.601+0000] {processor.py:840} INFO - DAG(s) 'example_task_group' retrieved from /home/airflow/.local/lib/python3.12/site-packages/airflow/example_dags/example_task_group.py
[2024-04-12T21:20:54.653+0000] {logging_mixin.py:188} INFO - [2024-04-12T21:20:54.653+0000] {dag.py:3096} INFO - Sync 1 DAGs
[2024-04-12T21:20:54.707+0000] {logging_mixin.py:188} INFO - [2024-04-12T21:20:54.706+0000] {dag.py:3954} INFO - Setting next_dagrun for example_task_group to 2024-04-11 00:00:00+00:00, run_after=2024-04-12 00:00:00+00:00
[2024-04-12T21:20:54.780+0000] {processor.py:183} INFO - Processing /home/airflow/.local/lib/python3.12/site-packages/airflow/example_dags/example_task_group.py took 0.216 seconds
[2024-04-12T21:21:25.238+0000] {processor.py:161} INFO - Started process (PID=809) to work on /home/airflow/.local/lib/python3.12/site-packages/airflow/example_dags/example_task_group.py
[2024-04-12T21:21:25.239+0000] {processor.py:830} INFO - Processing file /home/airflow/.local/lib/python3.12/site-packages/airflow/example_dags/example_task_group.py for tasks to queue
[2024-04-12T21:21:25.242+0000] {logging_mixin.py:188} INFO - [2024-04-12T21:21:25.241+0000] {dagbag.py:540} INFO - Filling up the DagBag from /home/airflow/.local/lib/python3.12/site-packages/airflow/example_dags/example_task_group.py
[2024-04-12T21:21:25.258+0000] {processor.py:840} INFO - DAG(s) 'example_task_group' retrieved from /home/airflow/.local/lib/python3.12/site-packages/airflow/example_dags/example_task_group.py
[2024-04-12T21:21:25.295+0000] {logging_mixin.py:188} INFO - [2024-04-12T21:21:25.294+0000] {dag.py:3096} INFO - Sync 1 DAGs
[2024-04-12T21:21:25.354+0000] {logging_mixin.py:188} INFO - [2024-04-12T21:21:25.354+0000] {dag.py:3954} INFO - Setting next_dagrun for example_task_group to 2024-04-11 00:00:00+00:00, run_after=2024-04-12 00:00:00+00:00
[2024-04-12T21:21:25.398+0000] {processor.py:183} INFO - Processing /home/airflow/.local/lib/python3.12/site-packages/airflow/example_dags/example_task_group.py took 0.173 seconds
[2024-04-12T21:21:56.164+0000] {processor.py:161} INFO - Started process (PID=868) to work on /home/airflow/.local/lib/python3.12/site-packages/airflow/example_dags/example_task_group.py
[2024-04-12T21:21:56.165+0000] {processor.py:830} INFO - Processing file /home/airflow/.local/lib/python3.12/site-packages/airflow/example_dags/example_task_group.py for tasks to queue
[2024-04-12T21:21:56.167+0000] {logging_mixin.py:188} INFO - [2024-04-12T21:21:56.167+0000] {dagbag.py:540} INFO - Filling up the DagBag from /home/airflow/.local/lib/python3.12/site-packages/airflow/example_dags/example_task_group.py
[2024-04-12T21:21:56.178+0000] {processor.py:840} INFO - DAG(s) 'example_task_group' retrieved from /home/airflow/.local/lib/python3.12/site-packages/airflow/example_dags/example_task_group.py
[2024-04-12T21:21:56.207+0000] {logging_mixin.py:188} INFO - [2024-04-12T21:21:56.207+0000] {dag.py:3096} INFO - Sync 1 DAGs
[2024-04-12T21:21:56.241+0000] {logging_mixin.py:188} INFO - [2024-04-12T21:21:56.240+0000] {dag.py:3954} INFO - Setting next_dagrun for example_task_group to 2024-04-11 00:00:00+00:00, run_after=2024-04-12 00:00:00+00:00
[2024-04-12T21:21:56.272+0000] {processor.py:183} INFO - Processing /home/airflow/.local/lib/python3.12/site-packages/airflow/example_dags/example_task_group.py took 0.119 seconds
[2024-04-12T21:22:27.093+0000] {processor.py:161} INFO - Started process (PID=926) to work on /home/airflow/.local/lib/python3.12/site-packages/airflow/example_dags/example_task_group.py
[2024-04-12T21:22:27.095+0000] {processor.py:830} INFO - Processing file /home/airflow/.local/lib/python3.12/site-packages/airflow/example_dags/example_task_group.py for tasks to queue
[2024-04-12T21:22:27.100+0000] {logging_mixin.py:188} INFO - [2024-04-12T21:22:27.100+0000] {dagbag.py:540} INFO - Filling up the DagBag from /home/airflow/.local/lib/python3.12/site-packages/airflow/example_dags/example_task_group.py
[2024-04-12T21:22:27.112+0000] {processor.py:840} INFO - DAG(s) 'example_task_group' retrieved from /home/airflow/.local/lib/python3.12/site-packages/airflow/example_dags/example_task_group.py
[2024-04-12T21:22:27.173+0000] {logging_mixin.py:188} INFO - [2024-04-12T21:22:27.172+0000] {dag.py:3096} INFO - Sync 1 DAGs
[2024-04-12T21:22:27.216+0000] {logging_mixin.py:188} INFO - [2024-04-12T21:22:27.216+0000] {dag.py:3954} INFO - Setting next_dagrun for example_task_group to 2024-04-11 00:00:00+00:00, run_after=2024-04-12 00:00:00+00:00
[2024-04-12T21:22:27.271+0000] {processor.py:183} INFO - Processing /home/airflow/.local/lib/python3.12/site-packages/airflow/example_dags/example_task_group.py took 0.187 seconds
[2024-04-12T21:22:58.417+0000] {processor.py:161} INFO - Started process (PID=984) to work on /home/airflow/.local/lib/python3.12/site-packages/airflow/example_dags/example_task_group.py
[2024-04-12T21:22:58.418+0000] {processor.py:830} INFO - Processing file /home/airflow/.local/lib/python3.12/site-packages/airflow/example_dags/example_task_group.py for tasks to queue
[2024-04-12T21:22:58.421+0000] {logging_mixin.py:188} INFO - [2024-04-12T21:22:58.421+0000] {dagbag.py:540} INFO - Filling up the DagBag from /home/airflow/.local/lib/python3.12/site-packages/airflow/example_dags/example_task_group.py
[2024-04-12T21:22:58.435+0000] {processor.py:840} INFO - DAG(s) 'example_task_group' retrieved from /home/airflow/.local/lib/python3.12/site-packages/airflow/example_dags/example_task_group.py
[2024-04-12T21:22:58.479+0000] {logging_mixin.py:188} INFO - [2024-04-12T21:22:58.478+0000] {dag.py:3096} INFO - Sync 1 DAGs
[2024-04-12T21:22:58.515+0000] {logging_mixin.py:188} INFO - [2024-04-12T21:22:58.515+0000] {dag.py:3954} INFO - Setting next_dagrun for example_task_group to 2024-04-11 00:00:00+00:00, run_after=2024-04-12 00:00:00+00:00
[2024-04-12T21:22:58.548+0000] {processor.py:183} INFO - Processing /home/airflow/.local/lib/python3.12/site-packages/airflow/example_dags/example_task_group.py took 0.141 seconds
[2024-04-12T21:23:28.770+0000] {processor.py:161} INFO - Started process (PID=1043) to work on /home/airflow/.local/lib/python3.12/site-packages/airflow/example_dags/example_task_group.py
[2024-04-12T21:23:28.772+0000] {processor.py:830} INFO - Processing file /home/airflow/.local/lib/python3.12/site-packages/airflow/example_dags/example_task_group.py for tasks to queue
[2024-04-12T21:23:28.774+0000] {logging_mixin.py:188} INFO - [2024-04-12T21:23:28.774+0000] {dagbag.py:540} INFO - Filling up the DagBag from /home/airflow/.local/lib/python3.12/site-packages/airflow/example_dags/example_task_group.py
[2024-04-12T21:23:28.790+0000] {processor.py:840} INFO - DAG(s) 'example_task_group' retrieved from /home/airflow/.local/lib/python3.12/site-packages/airflow/example_dags/example_task_group.py
[2024-04-12T21:23:28.833+0000] {logging_mixin.py:188} INFO - [2024-04-12T21:23:28.833+0000] {dag.py:3096} INFO - Sync 1 DAGs
[2024-04-12T21:23:28.895+0000] {logging_mixin.py:188} INFO - [2024-04-12T21:23:28.895+0000] {dag.py:3954} INFO - Setting next_dagrun for example_task_group to 2024-04-11 00:00:00+00:00, run_after=2024-04-12 00:00:00+00:00
[2024-04-12T21:23:29.135+0000] {processor.py:183} INFO - Processing /home/airflow/.local/lib/python3.12/site-packages/airflow/example_dags/example_task_group.py took 0.372 seconds
[2024-04-12T21:28:08.481+0000] {processor.py:161} INFO - Started process (PID=78) to work on /home/airflow/.local/lib/python3.12/site-packages/airflow/example_dags/example_task_group.py
[2024-04-12T21:28:08.482+0000] {processor.py:830} INFO - Processing file /home/airflow/.local/lib/python3.12/site-packages/airflow/example_dags/example_task_group.py for tasks to queue
[2024-04-12T21:28:08.484+0000] {logging_mixin.py:188} INFO - [2024-04-12T21:28:08.484+0000] {dagbag.py:540} INFO - Filling up the DagBag from /home/airflow/.local/lib/python3.12/site-packages/airflow/example_dags/example_task_group.py
[2024-04-12T21:28:08.495+0000] {processor.py:840} INFO - DAG(s) 'example_task_group' retrieved from /home/airflow/.local/lib/python3.12/site-packages/airflow/example_dags/example_task_group.py
[2024-04-12T21:28:08.712+0000] {logging_mixin.py:188} INFO - [2024-04-12T21:28:08.711+0000] {dag.py:3096} INFO - Sync 1 DAGs
[2024-04-12T21:28:08.757+0000] {logging_mixin.py:188} INFO - [2024-04-12T21:28:08.756+0000] {dag.py:3954} INFO - Setting next_dagrun for example_task_group to 2024-04-11 00:00:00+00:00, run_after=2024-04-12 00:00:00+00:00
[2024-04-12T21:28:08.802+0000] {processor.py:183} INFO - Processing /home/airflow/.local/lib/python3.12/site-packages/airflow/example_dags/example_task_group.py took 0.330 seconds
[2024-04-12T21:28:40.453+0000] {processor.py:161} INFO - Started process (PID=136) to work on /home/airflow/.local/lib/python3.12/site-packages/airflow/example_dags/example_task_group.py
[2024-04-12T21:28:40.459+0000] {processor.py:830} INFO - Processing file /home/airflow/.local/lib/python3.12/site-packages/airflow/example_dags/example_task_group.py for tasks to queue
[2024-04-12T21:28:40.463+0000] {logging_mixin.py:188} INFO - [2024-04-12T21:28:40.462+0000] {dagbag.py:540} INFO - Filling up the DagBag from /home/airflow/.local/lib/python3.12/site-packages/airflow/example_dags/example_task_group.py
[2024-04-12T21:28:40.481+0000] {processor.py:840} INFO - DAG(s) 'example_task_group' retrieved from /home/airflow/.local/lib/python3.12/site-packages/airflow/example_dags/example_task_group.py
[2024-04-12T21:28:40.548+0000] {logging_mixin.py:188} INFO - [2024-04-12T21:28:40.547+0000] {dag.py:3096} INFO - Sync 1 DAGs
[2024-04-12T21:28:40.618+0000] {logging_mixin.py:188} INFO - [2024-04-12T21:28:40.618+0000] {dag.py:3954} INFO - Setting next_dagrun for example_task_group to 2024-04-11 00:00:00+00:00, run_after=2024-04-12 00:00:00+00:00
[2024-04-12T21:28:40.745+0000] {processor.py:183} INFO - Processing /home/airflow/.local/lib/python3.12/site-packages/airflow/example_dags/example_task_group.py took 0.302 seconds
[2024-04-12T21:29:11.059+0000] {processor.py:161} INFO - Started process (PID=194) to work on /home/airflow/.local/lib/python3.12/site-packages/airflow/example_dags/example_task_group.py
[2024-04-12T21:29:11.061+0000] {processor.py:830} INFO - Processing file /home/airflow/.local/lib/python3.12/site-packages/airflow/example_dags/example_task_group.py for tasks to queue
[2024-04-12T21:29:11.063+0000] {logging_mixin.py:188} INFO - [2024-04-12T21:29:11.063+0000] {dagbag.py:540} INFO - Filling up the DagBag from /home/airflow/.local/lib/python3.12/site-packages/airflow/example_dags/example_task_group.py
[2024-04-12T21:29:11.071+0000] {processor.py:840} INFO - DAG(s) 'example_task_group' retrieved from /home/airflow/.local/lib/python3.12/site-packages/airflow/example_dags/example_task_group.py
[2024-04-12T21:29:11.093+0000] {logging_mixin.py:188} INFO - [2024-04-12T21:29:11.093+0000] {dag.py:3096} INFO - Sync 1 DAGs
[2024-04-12T21:29:11.119+0000] {logging_mixin.py:188} INFO - [2024-04-12T21:29:11.119+0000] {dag.py:3954} INFO - Setting next_dagrun for example_task_group to 2024-04-11 00:00:00+00:00, run_after=2024-04-12 00:00:00+00:00
[2024-04-12T21:29:11.141+0000] {processor.py:183} INFO - Processing /home/airflow/.local/lib/python3.12/site-packages/airflow/example_dags/example_task_group.py took 0.088 seconds
[2024-04-12T21:57:28.615+0000] {processor.py:161} INFO - Started process (PID=78) to work on /home/airflow/.local/lib/python3.12/site-packages/airflow/example_dags/example_task_group.py
[2024-04-12T21:57:28.616+0000] {processor.py:830} INFO - Processing file /home/airflow/.local/lib/python3.12/site-packages/airflow/example_dags/example_task_group.py for tasks to queue
[2024-04-12T21:57:28.620+0000] {logging_mixin.py:188} INFO - [2024-04-12T21:57:28.620+0000] {dagbag.py:540} INFO - Filling up the DagBag from /home/airflow/.local/lib/python3.12/site-packages/airflow/example_dags/example_task_group.py
[2024-04-12T21:57:28.633+0000] {processor.py:840} INFO - DAG(s) 'example_task_group' retrieved from /home/airflow/.local/lib/python3.12/site-packages/airflow/example_dags/example_task_group.py
[2024-04-12T21:57:28.833+0000] {logging_mixin.py:188} INFO - [2024-04-12T21:57:28.833+0000] {dag.py:3096} INFO - Sync 1 DAGs
[2024-04-12T21:57:28.860+0000] {logging_mixin.py:188} INFO - [2024-04-12T21:57:28.859+0000] {dag.py:3954} INFO - Setting next_dagrun for example_task_group to 2024-04-11 00:00:00+00:00, run_after=2024-04-12 00:00:00+00:00
[2024-04-12T21:57:28.892+0000] {processor.py:183} INFO - Processing /home/airflow/.local/lib/python3.12/site-packages/airflow/example_dags/example_task_group.py took 0.285 seconds
[2024-04-12T21:57:59.259+0000] {processor.py:161} INFO - Started process (PID=137) to work on /home/airflow/.local/lib/python3.12/site-packages/airflow/example_dags/example_task_group.py
[2024-04-12T21:57:59.260+0000] {processor.py:830} INFO - Processing file /home/airflow/.local/lib/python3.12/site-packages/airflow/example_dags/example_task_group.py for tasks to queue
[2024-04-12T21:57:59.263+0000] {logging_mixin.py:188} INFO - [2024-04-12T21:57:59.262+0000] {dagbag.py:540} INFO - Filling up the DagBag from /home/airflow/.local/lib/python3.12/site-packages/airflow/example_dags/example_task_group.py
[2024-04-12T21:57:59.273+0000] {processor.py:840} INFO - DAG(s) 'example_task_group' retrieved from /home/airflow/.local/lib/python3.12/site-packages/airflow/example_dags/example_task_group.py
[2024-04-12T21:57:59.301+0000] {logging_mixin.py:188} INFO - [2024-04-12T21:57:59.301+0000] {dag.py:3096} INFO - Sync 1 DAGs
[2024-04-12T21:57:59.335+0000] {logging_mixin.py:188} INFO - [2024-04-12T21:57:59.334+0000] {dag.py:3954} INFO - Setting next_dagrun for example_task_group to 2024-04-11 00:00:00+00:00, run_after=2024-04-12 00:00:00+00:00
[2024-04-12T21:57:59.371+0000] {processor.py:183} INFO - Processing /home/airflow/.local/lib/python3.12/site-packages/airflow/example_dags/example_task_group.py took 0.119 seconds
[2024-04-12T21:58:29.836+0000] {processor.py:161} INFO - Started process (PID=196) to work on /home/airflow/.local/lib/python3.12/site-packages/airflow/example_dags/example_task_group.py
[2024-04-12T21:58:29.837+0000] {processor.py:830} INFO - Processing file /home/airflow/.local/lib/python3.12/site-packages/airflow/example_dags/example_task_group.py for tasks to queue
[2024-04-12T21:58:29.840+0000] {logging_mixin.py:188} INFO - [2024-04-12T21:58:29.840+0000] {dagbag.py:540} INFO - Filling up the DagBag from /home/airflow/.local/lib/python3.12/site-packages/airflow/example_dags/example_task_group.py
[2024-04-12T21:58:29.851+0000] {processor.py:840} INFO - DAG(s) 'example_task_group' retrieved from /home/airflow/.local/lib/python3.12/site-packages/airflow/example_dags/example_task_group.py
[2024-04-12T21:58:29.882+0000] {logging_mixin.py:188} INFO - [2024-04-12T21:58:29.882+0000] {dag.py:3096} INFO - Sync 1 DAGs
[2024-04-12T21:58:29.916+0000] {logging_mixin.py:188} INFO - [2024-04-12T21:58:29.916+0000] {dag.py:3954} INFO - Setting next_dagrun for example_task_group to 2024-04-11 00:00:00+00:00, run_after=2024-04-12 00:00:00+00:00
[2024-04-12T21:58:29.948+0000] {processor.py:183} INFO - Processing /home/airflow/.local/lib/python3.12/site-packages/airflow/example_dags/example_task_group.py took 0.123 seconds
[2024-04-12T21:59:01.170+0000] {processor.py:161} INFO - Started process (PID=255) to work on /home/airflow/.local/lib/python3.12/site-packages/airflow/example_dags/example_task_group.py
[2024-04-12T21:59:01.171+0000] {processor.py:830} INFO - Processing file /home/airflow/.local/lib/python3.12/site-packages/airflow/example_dags/example_task_group.py for tasks to queue
[2024-04-12T21:59:01.174+0000] {logging_mixin.py:188} INFO - [2024-04-12T21:59:01.174+0000] {dagbag.py:540} INFO - Filling up the DagBag from /home/airflow/.local/lib/python3.12/site-packages/airflow/example_dags/example_task_group.py
[2024-04-12T21:59:01.185+0000] {processor.py:840} INFO - DAG(s) 'example_task_group' retrieved from /home/airflow/.local/lib/python3.12/site-packages/airflow/example_dags/example_task_group.py
[2024-04-12T21:59:01.210+0000] {logging_mixin.py:188} INFO - [2024-04-12T21:59:01.210+0000] {dag.py:3096} INFO - Sync 1 DAGs
[2024-04-12T21:59:01.236+0000] {logging_mixin.py:188} INFO - [2024-04-12T21:59:01.236+0000] {dag.py:3954} INFO - Setting next_dagrun for example_task_group to 2024-04-11 00:00:00+00:00, run_after=2024-04-12 00:00:00+00:00
[2024-04-12T21:59:01.262+0000] {processor.py:183} INFO - Processing /home/airflow/.local/lib/python3.12/site-packages/airflow/example_dags/example_task_group.py took 0.098 seconds
[2024-04-12T21:59:32.113+0000] {processor.py:161} INFO - Started process (PID=314) to work on /home/airflow/.local/lib/python3.12/site-packages/airflow/example_dags/example_task_group.py
[2024-04-12T21:59:32.114+0000] {processor.py:830} INFO - Processing file /home/airflow/.local/lib/python3.12/site-packages/airflow/example_dags/example_task_group.py for tasks to queue
[2024-04-12T21:59:32.118+0000] {logging_mixin.py:188} INFO - [2024-04-12T21:59:32.117+0000] {dagbag.py:540} INFO - Filling up the DagBag from /home/airflow/.local/lib/python3.12/site-packages/airflow/example_dags/example_task_group.py
[2024-04-12T21:59:32.126+0000] {processor.py:840} INFO - DAG(s) 'example_task_group' retrieved from /home/airflow/.local/lib/python3.12/site-packages/airflow/example_dags/example_task_group.py
[2024-04-12T21:59:32.157+0000] {logging_mixin.py:188} INFO - [2024-04-12T21:59:32.157+0000] {dag.py:3096} INFO - Sync 1 DAGs
[2024-04-12T21:59:32.186+0000] {logging_mixin.py:188} INFO - [2024-04-12T21:59:32.186+0000] {dag.py:3954} INFO - Setting next_dagrun for example_task_group to 2024-04-11 00:00:00+00:00, run_after=2024-04-12 00:00:00+00:00
[2024-04-12T21:59:32.212+0000] {processor.py:183} INFO - Processing /home/airflow/.local/lib/python3.12/site-packages/airflow/example_dags/example_task_group.py took 0.107 seconds
[2024-04-12T22:00:03.212+0000] {processor.py:161} INFO - Started process (PID=373) to work on /home/airflow/.local/lib/python3.12/site-packages/airflow/example_dags/example_task_group.py
[2024-04-12T22:00:03.213+0000] {processor.py:830} INFO - Processing file /home/airflow/.local/lib/python3.12/site-packages/airflow/example_dags/example_task_group.py for tasks to queue
[2024-04-12T22:00:03.217+0000] {logging_mixin.py:188} INFO - [2024-04-12T22:00:03.216+0000] {dagbag.py:540} INFO - Filling up the DagBag from /home/airflow/.local/lib/python3.12/site-packages/airflow/example_dags/example_task_group.py
[2024-04-12T22:00:03.228+0000] {processor.py:840} INFO - DAG(s) 'example_task_group' retrieved from /home/airflow/.local/lib/python3.12/site-packages/airflow/example_dags/example_task_group.py
[2024-04-12T22:00:03.283+0000] {logging_mixin.py:188} INFO - [2024-04-12T22:00:03.283+0000] {dag.py:3096} INFO - Sync 1 DAGs
[2024-04-12T22:00:03.321+0000] {logging_mixin.py:188} INFO - [2024-04-12T22:00:03.321+0000] {dag.py:3954} INFO - Setting next_dagrun for example_task_group to 2024-04-11 00:00:00+00:00, run_after=2024-04-12 00:00:00+00:00
[2024-04-12T22:00:03.353+0000] {processor.py:183} INFO - Processing /home/airflow/.local/lib/python3.12/site-packages/airflow/example_dags/example_task_group.py took 0.150 seconds
[2024-04-12T22:00:33.425+0000] {processor.py:161} INFO - Started process (PID=431) to work on /home/airflow/.local/lib/python3.12/site-packages/airflow/example_dags/example_task_group.py
[2024-04-12T22:00:33.427+0000] {processor.py:830} INFO - Processing file /home/airflow/.local/lib/python3.12/site-packages/airflow/example_dags/example_task_group.py for tasks to queue
[2024-04-12T22:00:33.430+0000] {logging_mixin.py:188} INFO - [2024-04-12T22:00:33.429+0000] {dagbag.py:540} INFO - Filling up the DagBag from /home/airflow/.local/lib/python3.12/site-packages/airflow/example_dags/example_task_group.py
[2024-04-12T22:00:33.438+0000] {processor.py:840} INFO - DAG(s) 'example_task_group' retrieved from /home/airflow/.local/lib/python3.12/site-packages/airflow/example_dags/example_task_group.py
[2024-04-12T22:00:33.472+0000] {logging_mixin.py:188} INFO - [2024-04-12T22:00:33.472+0000] {dag.py:3096} INFO - Sync 1 DAGs
[2024-04-12T22:00:33.496+0000] {logging_mixin.py:188} INFO - [2024-04-12T22:00:33.496+0000] {dag.py:3954} INFO - Setting next_dagrun for example_task_group to 2024-04-11 00:00:00+00:00, run_after=2024-04-12 00:00:00+00:00
[2024-04-12T22:00:33.523+0000] {processor.py:183} INFO - Processing /home/airflow/.local/lib/python3.12/site-packages/airflow/example_dags/example_task_group.py took 0.105 seconds
[2024-04-12T22:01:03.888+0000] {processor.py:161} INFO - Started process (PID=489) to work on /home/airflow/.local/lib/python3.12/site-packages/airflow/example_dags/example_task_group.py
[2024-04-12T22:01:03.889+0000] {processor.py:830} INFO - Processing file /home/airflow/.local/lib/python3.12/site-packages/airflow/example_dags/example_task_group.py for tasks to queue
[2024-04-12T22:01:03.891+0000] {logging_mixin.py:188} INFO - [2024-04-12T22:01:03.891+0000] {dagbag.py:540} INFO - Filling up the DagBag from /home/airflow/.local/lib/python3.12/site-packages/airflow/example_dags/example_task_group.py
[2024-04-12T22:01:03.899+0000] {processor.py:840} INFO - DAG(s) 'example_task_group' retrieved from /home/airflow/.local/lib/python3.12/site-packages/airflow/example_dags/example_task_group.py
[2024-04-12T22:01:03.925+0000] {logging_mixin.py:188} INFO - [2024-04-12T22:01:03.924+0000] {dag.py:3096} INFO - Sync 1 DAGs
[2024-04-12T22:01:03.950+0000] {logging_mixin.py:188} INFO - [2024-04-12T22:01:03.950+0000] {dag.py:3954} INFO - Setting next_dagrun for example_task_group to 2024-04-11 00:00:00+00:00, run_after=2024-04-12 00:00:00+00:00
[2024-04-12T22:01:03.974+0000] {processor.py:183} INFO - Processing /home/airflow/.local/lib/python3.12/site-packages/airflow/example_dags/example_task_group.py took 0.094 seconds
[2024-04-12T22:01:34.674+0000] {processor.py:161} INFO - Started process (PID=548) to work on /home/airflow/.local/lib/python3.12/site-packages/airflow/example_dags/example_task_group.py
[2024-04-12T22:01:34.675+0000] {processor.py:830} INFO - Processing file /home/airflow/.local/lib/python3.12/site-packages/airflow/example_dags/example_task_group.py for tasks to queue
[2024-04-12T22:01:34.678+0000] {logging_mixin.py:188} INFO - [2024-04-12T22:01:34.677+0000] {dagbag.py:540} INFO - Filling up the DagBag from /home/airflow/.local/lib/python3.12/site-packages/airflow/example_dags/example_task_group.py
[2024-04-12T22:01:34.687+0000] {processor.py:840} INFO - DAG(s) 'example_task_group' retrieved from /home/airflow/.local/lib/python3.12/site-packages/airflow/example_dags/example_task_group.py
[2024-04-12T22:01:34.716+0000] {logging_mixin.py:188} INFO - [2024-04-12T22:01:34.715+0000] {dag.py:3096} INFO - Sync 1 DAGs
[2024-04-12T22:01:34.746+0000] {logging_mixin.py:188} INFO - [2024-04-12T22:01:34.745+0000] {dag.py:3954} INFO - Setting next_dagrun for example_task_group to 2024-04-11 00:00:00+00:00, run_after=2024-04-12 00:00:00+00:00
[2024-04-12T22:01:34.775+0000] {processor.py:183} INFO - Processing /home/airflow/.local/lib/python3.12/site-packages/airflow/example_dags/example_task_group.py took 0.109 seconds
[2024-04-12T22:02:05.153+0000] {processor.py:161} INFO - Started process (PID=607) to work on /home/airflow/.local/lib/python3.12/site-packages/airflow/example_dags/example_task_group.py
[2024-04-12T22:02:05.155+0000] {processor.py:830} INFO - Processing file /home/airflow/.local/lib/python3.12/site-packages/airflow/example_dags/example_task_group.py for tasks to queue
[2024-04-12T22:02:05.168+0000] {logging_mixin.py:188} INFO - [2024-04-12T22:02:05.168+0000] {dagbag.py:540} INFO - Filling up the DagBag from /home/airflow/.local/lib/python3.12/site-packages/airflow/example_dags/example_task_group.py
[2024-04-12T22:02:05.186+0000] {processor.py:840} INFO - DAG(s) 'example_task_group' retrieved from /home/airflow/.local/lib/python3.12/site-packages/airflow/example_dags/example_task_group.py
[2024-04-12T22:02:05.252+0000] {logging_mixin.py:188} INFO - [2024-04-12T22:02:05.251+0000] {dag.py:3096} INFO - Sync 1 DAGs
[2024-04-12T22:02:05.331+0000] {logging_mixin.py:188} INFO - [2024-04-12T22:02:05.330+0000] {dag.py:3954} INFO - Setting next_dagrun for example_task_group to 2024-04-11 00:00:00+00:00, run_after=2024-04-12 00:00:00+00:00
[2024-04-12T22:02:05.424+0000] {processor.py:183} INFO - Processing /home/airflow/.local/lib/python3.12/site-packages/airflow/example_dags/example_task_group.py took 0.280 seconds
[2024-04-12T22:02:36.020+0000] {processor.py:161} INFO - Started process (PID=666) to work on /home/airflow/.local/lib/python3.12/site-packages/airflow/example_dags/example_task_group.py
[2024-04-12T22:02:36.021+0000] {processor.py:830} INFO - Processing file /home/airflow/.local/lib/python3.12/site-packages/airflow/example_dags/example_task_group.py for tasks to queue
[2024-04-12T22:02:36.024+0000] {logging_mixin.py:188} INFO - [2024-04-12T22:02:36.024+0000] {dagbag.py:540} INFO - Filling up the DagBag from /home/airflow/.local/lib/python3.12/site-packages/airflow/example_dags/example_task_group.py
[2024-04-12T22:02:36.037+0000] {processor.py:840} INFO - DAG(s) 'example_task_group' retrieved from /home/airflow/.local/lib/python3.12/site-packages/airflow/example_dags/example_task_group.py
[2024-04-12T22:02:36.074+0000] {logging_mixin.py:188} INFO - [2024-04-12T22:02:36.074+0000] {dag.py:3096} INFO - Sync 1 DAGs
[2024-04-12T22:02:36.139+0000] {logging_mixin.py:188} INFO - [2024-04-12T22:02:36.139+0000] {dag.py:3954} INFO - Setting next_dagrun for example_task_group to 2024-04-11 00:00:00+00:00, run_after=2024-04-12 00:00:00+00:00
[2024-04-12T22:02:36.224+0000] {processor.py:183} INFO - Processing /home/airflow/.local/lib/python3.12/site-packages/airflow/example_dags/example_task_group.py took 0.214 seconds
[2024-04-12T22:03:06.789+0000] {processor.py:161} INFO - Started process (PID=725) to work on /home/airflow/.local/lib/python3.12/site-packages/airflow/example_dags/example_task_group.py
[2024-04-12T22:03:06.790+0000] {processor.py:830} INFO - Processing file /home/airflow/.local/lib/python3.12/site-packages/airflow/example_dags/example_task_group.py for tasks to queue
[2024-04-12T22:03:06.793+0000] {logging_mixin.py:188} INFO - [2024-04-12T22:03:06.792+0000] {dagbag.py:540} INFO - Filling up the DagBag from /home/airflow/.local/lib/python3.12/site-packages/airflow/example_dags/example_task_group.py
[2024-04-12T22:03:06.802+0000] {processor.py:840} INFO - DAG(s) 'example_task_group' retrieved from /home/airflow/.local/lib/python3.12/site-packages/airflow/example_dags/example_task_group.py
[2024-04-12T22:03:06.826+0000] {logging_mixin.py:188} INFO - [2024-04-12T22:03:06.826+0000] {dag.py:3096} INFO - Sync 1 DAGs
[2024-04-12T22:03:06.853+0000] {logging_mixin.py:188} INFO - [2024-04-12T22:03:06.853+0000] {dag.py:3954} INFO - Setting next_dagrun for example_task_group to 2024-04-11 00:00:00+00:00, run_after=2024-04-12 00:00:00+00:00
[2024-04-12T22:03:06.880+0000] {processor.py:183} INFO - Processing /home/airflow/.local/lib/python3.12/site-packages/airflow/example_dags/example_task_group.py took 0.097 seconds
[2024-04-12T22:03:37.172+0000] {processor.py:161} INFO - Started process (PID=784) to work on /home/airflow/.local/lib/python3.12/site-packages/airflow/example_dags/example_task_group.py
[2024-04-12T22:03:37.173+0000] {processor.py:830} INFO - Processing file /home/airflow/.local/lib/python3.12/site-packages/airflow/example_dags/example_task_group.py for tasks to queue
[2024-04-12T22:03:37.178+0000] {logging_mixin.py:188} INFO - [2024-04-12T22:03:37.177+0000] {dagbag.py:540} INFO - Filling up the DagBag from /home/airflow/.local/lib/python3.12/site-packages/airflow/example_dags/example_task_group.py
[2024-04-12T22:03:37.188+0000] {processor.py:840} INFO - DAG(s) 'example_task_group' retrieved from /home/airflow/.local/lib/python3.12/site-packages/airflow/example_dags/example_task_group.py
[2024-04-12T22:03:37.223+0000] {logging_mixin.py:188} INFO - [2024-04-12T22:03:37.223+0000] {dag.py:3096} INFO - Sync 1 DAGs
[2024-04-12T22:03:37.261+0000] {logging_mixin.py:188} INFO - [2024-04-12T22:03:37.260+0000] {dag.py:3954} INFO - Setting next_dagrun for example_task_group to 2024-04-11 00:00:00+00:00, run_after=2024-04-12 00:00:00+00:00
[2024-04-12T22:03:37.311+0000] {processor.py:183} INFO - Processing /home/airflow/.local/lib/python3.12/site-packages/airflow/example_dags/example_task_group.py took 0.148 seconds
[2024-04-12T22:04:07.555+0000] {processor.py:161} INFO - Started process (PID=844) to work on /home/airflow/.local/lib/python3.12/site-packages/airflow/example_dags/example_task_group.py
[2024-04-12T22:04:07.556+0000] {processor.py:830} INFO - Processing file /home/airflow/.local/lib/python3.12/site-packages/airflow/example_dags/example_task_group.py for tasks to queue
[2024-04-12T22:04:07.560+0000] {logging_mixin.py:188} INFO - [2024-04-12T22:04:07.559+0000] {dagbag.py:540} INFO - Filling up the DagBag from /home/airflow/.local/lib/python3.12/site-packages/airflow/example_dags/example_task_group.py
[2024-04-12T22:04:07.572+0000] {processor.py:840} INFO - DAG(s) 'example_task_group' retrieved from /home/airflow/.local/lib/python3.12/site-packages/airflow/example_dags/example_task_group.py
[2024-04-12T22:04:07.602+0000] {logging_mixin.py:188} INFO - [2024-04-12T22:04:07.602+0000] {dag.py:3096} INFO - Sync 1 DAGs
[2024-04-12T22:04:07.637+0000] {logging_mixin.py:188} INFO - [2024-04-12T22:04:07.637+0000] {dag.py:3954} INFO - Setting next_dagrun for example_task_group to 2024-04-11 00:00:00+00:00, run_after=2024-04-12 00:00:00+00:00
[2024-04-12T22:04:07.668+0000] {processor.py:183} INFO - Processing /home/airflow/.local/lib/python3.12/site-packages/airflow/example_dags/example_task_group.py took 0.119 seconds
[2024-04-12T22:04:38.652+0000] {processor.py:161} INFO - Started process (PID=903) to work on /home/airflow/.local/lib/python3.12/site-packages/airflow/example_dags/example_task_group.py
[2024-04-12T22:04:38.655+0000] {processor.py:830} INFO - Processing file /home/airflow/.local/lib/python3.12/site-packages/airflow/example_dags/example_task_group.py for tasks to queue
[2024-04-12T22:04:38.661+0000] {logging_mixin.py:188} INFO - [2024-04-12T22:04:38.661+0000] {dagbag.py:540} INFO - Filling up the DagBag from /home/airflow/.local/lib/python3.12/site-packages/airflow/example_dags/example_task_group.py
[2024-04-12T22:04:38.684+0000] {processor.py:840} INFO - DAG(s) 'example_task_group' retrieved from /home/airflow/.local/lib/python3.12/site-packages/airflow/example_dags/example_task_group.py
[2024-04-12T22:04:38.754+0000] {logging_mixin.py:188} INFO - [2024-04-12T22:04:38.754+0000] {dag.py:3096} INFO - Sync 1 DAGs
[2024-04-12T22:04:38.990+0000] {logging_mixin.py:188} INFO - [2024-04-12T22:04:38.989+0000] {dag.py:3954} INFO - Setting next_dagrun for example_task_group to 2024-04-11 00:00:00+00:00, run_after=2024-04-12 00:00:00+00:00
[2024-04-12T22:04:39.030+0000] {processor.py:183} INFO - Processing /home/airflow/.local/lib/python3.12/site-packages/airflow/example_dags/example_task_group.py took 0.390 seconds
[2024-04-12T22:05:09.132+0000] {processor.py:161} INFO - Started process (PID=962) to work on /home/airflow/.local/lib/python3.12/site-packages/airflow/example_dags/example_task_group.py
[2024-04-12T22:05:09.134+0000] {processor.py:830} INFO - Processing file /home/airflow/.local/lib/python3.12/site-packages/airflow/example_dags/example_task_group.py for tasks to queue
[2024-04-12T22:05:09.136+0000] {logging_mixin.py:188} INFO - [2024-04-12T22:05:09.136+0000] {dagbag.py:540} INFO - Filling up the DagBag from /home/airflow/.local/lib/python3.12/site-packages/airflow/example_dags/example_task_group.py
[2024-04-12T22:05:09.146+0000] {processor.py:840} INFO - DAG(s) 'example_task_group' retrieved from /home/airflow/.local/lib/python3.12/site-packages/airflow/example_dags/example_task_group.py
[2024-04-12T22:05:09.174+0000] {logging_mixin.py:188} INFO - [2024-04-12T22:05:09.173+0000] {dag.py:3096} INFO - Sync 1 DAGs
[2024-04-12T22:05:09.198+0000] {logging_mixin.py:188} INFO - [2024-04-12T22:05:09.198+0000] {dag.py:3954} INFO - Setting next_dagrun for example_task_group to 2024-04-11 00:00:00+00:00, run_after=2024-04-12 00:00:00+00:00
[2024-04-12T22:05:09.226+0000] {processor.py:183} INFO - Processing /home/airflow/.local/lib/python3.12/site-packages/airflow/example_dags/example_task_group.py took 0.103 seconds
[2024-04-12T22:05:39.400+0000] {processor.py:161} INFO - Started process (PID=1021) to work on /home/airflow/.local/lib/python3.12/site-packages/airflow/example_dags/example_task_group.py
[2024-04-12T22:05:39.401+0000] {processor.py:830} INFO - Processing file /home/airflow/.local/lib/python3.12/site-packages/airflow/example_dags/example_task_group.py for tasks to queue
[2024-04-12T22:05:39.404+0000] {logging_mixin.py:188} INFO - [2024-04-12T22:05:39.403+0000] {dagbag.py:540} INFO - Filling up the DagBag from /home/airflow/.local/lib/python3.12/site-packages/airflow/example_dags/example_task_group.py
[2024-04-12T22:05:39.413+0000] {processor.py:840} INFO - DAG(s) 'example_task_group' retrieved from /home/airflow/.local/lib/python3.12/site-packages/airflow/example_dags/example_task_group.py
[2024-04-12T22:05:39.437+0000] {logging_mixin.py:188} INFO - [2024-04-12T22:05:39.437+0000] {dag.py:3096} INFO - Sync 1 DAGs
[2024-04-12T22:05:39.466+0000] {logging_mixin.py:188} INFO - [2024-04-12T22:05:39.466+0000] {dag.py:3954} INFO - Setting next_dagrun for example_task_group to 2024-04-11 00:00:00+00:00, run_after=2024-04-12 00:00:00+00:00
[2024-04-12T22:05:39.505+0000] {processor.py:183} INFO - Processing /home/airflow/.local/lib/python3.12/site-packages/airflow/example_dags/example_task_group.py took 0.113 seconds
