[2024-04-12T21:15:09.542+0000] {processor.py:161} INFO - Started process (PID=97) to work on /home/airflow/.local/lib/python3.12/site-packages/airflow/example_dags/tutorial.py
[2024-04-12T21:15:09.544+0000] {processor.py:830} INFO - Processing file /home/airflow/.local/lib/python3.12/site-packages/airflow/example_dags/tutorial.py for tasks to queue
[2024-04-12T21:15:09.570+0000] {logging_mixin.py:188} INFO - [2024-04-12T21:15:09.570+0000] {dagbag.py:540} INFO - Filling up the DagBag from /home/airflow/.local/lib/python3.12/site-packages/airflow/example_dags/tutorial.py
[2024-04-12T21:15:09.650+0000] {processor.py:840} INFO - DAG(s) 'tutorial' retrieved from /home/airflow/.local/lib/python3.12/site-packages/airflow/example_dags/tutorial.py
[2024-04-12T21:15:14.822+0000] {logging_mixin.py:188} INFO - [2024-04-12T21:15:14.806+0000] {dag.py:3096} INFO - Sync 1 DAGs
[2024-04-12T21:15:15.131+0000] {logging_mixin.py:188} INFO - [2024-04-12T21:15:15.130+0000] {dag.py:3954} INFO - Setting next_dagrun for tutorial to 2024-04-11 00:00:00+00:00, run_after=2024-04-12 00:00:00+00:00
[2024-04-12T21:15:15.263+0000] {processor.py:183} INFO - Processing /home/airflow/.local/lib/python3.12/site-packages/airflow/example_dags/tutorial.py took 5.773 seconds
[2024-04-12T21:15:46.207+0000] {processor.py:161} INFO - Started process (PID=162) to work on /home/airflow/.local/lib/python3.12/site-packages/airflow/example_dags/tutorial.py
[2024-04-12T21:15:46.209+0000] {processor.py:830} INFO - Processing file /home/airflow/.local/lib/python3.12/site-packages/airflow/example_dags/tutorial.py for tasks to queue
[2024-04-12T21:15:46.212+0000] {logging_mixin.py:188} INFO - [2024-04-12T21:15:46.211+0000] {dagbag.py:540} INFO - Filling up the DagBag from /home/airflow/.local/lib/python3.12/site-packages/airflow/example_dags/tutorial.py
[2024-04-12T21:15:46.222+0000] {processor.py:840} INFO - DAG(s) 'tutorial' retrieved from /home/airflow/.local/lib/python3.12/site-packages/airflow/example_dags/tutorial.py
[2024-04-12T21:15:46.259+0000] {logging_mixin.py:188} INFO - [2024-04-12T21:15:46.259+0000] {dag.py:3096} INFO - Sync 1 DAGs
[2024-04-12T21:15:46.298+0000] {logging_mixin.py:188} INFO - [2024-04-12T21:15:46.298+0000] {dag.py:3954} INFO - Setting next_dagrun for tutorial to 2024-04-11 00:00:00+00:00, run_after=2024-04-12 00:00:00+00:00
[2024-04-12T21:15:46.337+0000] {processor.py:183} INFO - Processing /home/airflow/.local/lib/python3.12/site-packages/airflow/example_dags/tutorial.py took 0.142 seconds
[2024-04-12T21:16:17.373+0000] {processor.py:161} INFO - Started process (PID=220) to work on /home/airflow/.local/lib/python3.12/site-packages/airflow/example_dags/tutorial.py
[2024-04-12T21:16:17.375+0000] {processor.py:830} INFO - Processing file /home/airflow/.local/lib/python3.12/site-packages/airflow/example_dags/tutorial.py for tasks to queue
[2024-04-12T21:16:17.377+0000] {logging_mixin.py:188} INFO - [2024-04-12T21:16:17.377+0000] {dagbag.py:540} INFO - Filling up the DagBag from /home/airflow/.local/lib/python3.12/site-packages/airflow/example_dags/tutorial.py
[2024-04-12T21:16:17.386+0000] {processor.py:840} INFO - DAG(s) 'tutorial' retrieved from /home/airflow/.local/lib/python3.12/site-packages/airflow/example_dags/tutorial.py
[2024-04-12T21:16:17.408+0000] {logging_mixin.py:188} INFO - [2024-04-12T21:16:17.408+0000] {dag.py:3096} INFO - Sync 1 DAGs
[2024-04-12T21:16:17.436+0000] {logging_mixin.py:188} INFO - [2024-04-12T21:16:17.436+0000] {dag.py:3954} INFO - Setting next_dagrun for tutorial to 2024-04-11 00:00:00+00:00, run_after=2024-04-12 00:00:00+00:00
[2024-04-12T21:16:17.465+0000] {processor.py:183} INFO - Processing /home/airflow/.local/lib/python3.12/site-packages/airflow/example_dags/tutorial.py took 0.099 seconds
[2024-04-12T21:16:47.756+0000] {processor.py:161} INFO - Started process (PID=277) to work on /home/airflow/.local/lib/python3.12/site-packages/airflow/example_dags/tutorial.py
[2024-04-12T21:16:47.759+0000] {processor.py:830} INFO - Processing file /home/airflow/.local/lib/python3.12/site-packages/airflow/example_dags/tutorial.py for tasks to queue
[2024-04-12T21:16:47.784+0000] {logging_mixin.py:188} INFO - [2024-04-12T21:16:47.781+0000] {dagbag.py:540} INFO - Filling up the DagBag from /home/airflow/.local/lib/python3.12/site-packages/airflow/example_dags/tutorial.py
[2024-04-12T21:16:47.830+0000] {processor.py:840} INFO - DAG(s) 'tutorial' retrieved from /home/airflow/.local/lib/python3.12/site-packages/airflow/example_dags/tutorial.py
[2024-04-12T21:16:47.999+0000] {logging_mixin.py:188} INFO - [2024-04-12T21:16:47.998+0000] {dag.py:3096} INFO - Sync 1 DAGs
[2024-04-12T21:16:48.138+0000] {logging_mixin.py:188} INFO - [2024-04-12T21:16:48.138+0000] {dag.py:3954} INFO - Setting next_dagrun for tutorial to 2024-04-11 00:00:00+00:00, run_after=2024-04-12 00:00:00+00:00
[2024-04-12T21:16:48.219+0000] {processor.py:183} INFO - Processing /home/airflow/.local/lib/python3.12/site-packages/airflow/example_dags/tutorial.py took 0.508 seconds
[2024-04-12T21:17:19.006+0000] {processor.py:161} INFO - Started process (PID=335) to work on /home/airflow/.local/lib/python3.12/site-packages/airflow/example_dags/tutorial.py
[2024-04-12T21:17:19.007+0000] {processor.py:830} INFO - Processing file /home/airflow/.local/lib/python3.12/site-packages/airflow/example_dags/tutorial.py for tasks to queue
[2024-04-12T21:17:19.010+0000] {logging_mixin.py:188} INFO - [2024-04-12T21:17:19.010+0000] {dagbag.py:540} INFO - Filling up the DagBag from /home/airflow/.local/lib/python3.12/site-packages/airflow/example_dags/tutorial.py
[2024-04-12T21:17:19.020+0000] {processor.py:840} INFO - DAG(s) 'tutorial' retrieved from /home/airflow/.local/lib/python3.12/site-packages/airflow/example_dags/tutorial.py
[2024-04-12T21:17:19.049+0000] {logging_mixin.py:188} INFO - [2024-04-12T21:17:19.049+0000] {dag.py:3096} INFO - Sync 1 DAGs
[2024-04-12T21:17:19.081+0000] {logging_mixin.py:188} INFO - [2024-04-12T21:17:19.080+0000] {dag.py:3954} INFO - Setting next_dagrun for tutorial to 2024-04-11 00:00:00+00:00, run_after=2024-04-12 00:00:00+00:00
[2024-04-12T21:17:19.113+0000] {processor.py:183} INFO - Processing /home/airflow/.local/lib/python3.12/site-packages/airflow/example_dags/tutorial.py took 0.114 seconds
[2024-04-12T21:17:49.611+0000] {processor.py:161} INFO - Started process (PID=393) to work on /home/airflow/.local/lib/python3.12/site-packages/airflow/example_dags/tutorial.py
[2024-04-12T21:17:49.613+0000] {processor.py:830} INFO - Processing file /home/airflow/.local/lib/python3.12/site-packages/airflow/example_dags/tutorial.py for tasks to queue
[2024-04-12T21:17:49.615+0000] {logging_mixin.py:188} INFO - [2024-04-12T21:17:49.615+0000] {dagbag.py:540} INFO - Filling up the DagBag from /home/airflow/.local/lib/python3.12/site-packages/airflow/example_dags/tutorial.py
[2024-04-12T21:17:49.621+0000] {processor.py:840} INFO - DAG(s) 'tutorial' retrieved from /home/airflow/.local/lib/python3.12/site-packages/airflow/example_dags/tutorial.py
[2024-04-12T21:17:49.642+0000] {logging_mixin.py:188} INFO - [2024-04-12T21:17:49.642+0000] {dag.py:3096} INFO - Sync 1 DAGs
[2024-04-12T21:17:49.670+0000] {logging_mixin.py:188} INFO - [2024-04-12T21:17:49.670+0000] {dag.py:3954} INFO - Setting next_dagrun for tutorial to 2024-04-11 00:00:00+00:00, run_after=2024-04-12 00:00:00+00:00
[2024-04-12T21:17:49.698+0000] {processor.py:183} INFO - Processing /home/airflow/.local/lib/python3.12/site-packages/airflow/example_dags/tutorial.py took 0.093 seconds
[2024-04-12T21:18:20.701+0000] {processor.py:161} INFO - Started process (PID=452) to work on /home/airflow/.local/lib/python3.12/site-packages/airflow/example_dags/tutorial.py
[2024-04-12T21:18:20.702+0000] {processor.py:830} INFO - Processing file /home/airflow/.local/lib/python3.12/site-packages/airflow/example_dags/tutorial.py for tasks to queue
[2024-04-12T21:18:20.705+0000] {logging_mixin.py:188} INFO - [2024-04-12T21:18:20.704+0000] {dagbag.py:540} INFO - Filling up the DagBag from /home/airflow/.local/lib/python3.12/site-packages/airflow/example_dags/tutorial.py
[2024-04-12T21:18:20.711+0000] {processor.py:840} INFO - DAG(s) 'tutorial' retrieved from /home/airflow/.local/lib/python3.12/site-packages/airflow/example_dags/tutorial.py
[2024-04-12T21:18:20.734+0000] {logging_mixin.py:188} INFO - [2024-04-12T21:18:20.734+0000] {dag.py:3096} INFO - Sync 1 DAGs
[2024-04-12T21:18:20.760+0000] {logging_mixin.py:188} INFO - [2024-04-12T21:18:20.759+0000] {dag.py:3954} INFO - Setting next_dagrun for tutorial to 2024-04-11 00:00:00+00:00, run_after=2024-04-12 00:00:00+00:00
[2024-04-12T21:18:20.786+0000] {processor.py:183} INFO - Processing /home/airflow/.local/lib/python3.12/site-packages/airflow/example_dags/tutorial.py took 0.091 seconds
[2024-04-12T21:18:50.943+0000] {processor.py:161} INFO - Started process (PID=510) to work on /home/airflow/.local/lib/python3.12/site-packages/airflow/example_dags/tutorial.py
[2024-04-12T21:18:50.945+0000] {processor.py:830} INFO - Processing file /home/airflow/.local/lib/python3.12/site-packages/airflow/example_dags/tutorial.py for tasks to queue
[2024-04-12T21:18:50.949+0000] {logging_mixin.py:188} INFO - [2024-04-12T21:18:50.949+0000] {dagbag.py:540} INFO - Filling up the DagBag from /home/airflow/.local/lib/python3.12/site-packages/airflow/example_dags/tutorial.py
[2024-04-12T21:18:50.957+0000] {processor.py:840} INFO - DAG(s) 'tutorial' retrieved from /home/airflow/.local/lib/python3.12/site-packages/airflow/example_dags/tutorial.py
[2024-04-12T21:18:50.995+0000] {logging_mixin.py:188} INFO - [2024-04-12T21:18:50.995+0000] {dag.py:3096} INFO - Sync 1 DAGs
[2024-04-12T21:18:51.039+0000] {logging_mixin.py:188} INFO - [2024-04-12T21:18:51.039+0000] {dag.py:3954} INFO - Setting next_dagrun for tutorial to 2024-04-11 00:00:00+00:00, run_after=2024-04-12 00:00:00+00:00
[2024-04-12T21:18:51.076+0000] {processor.py:183} INFO - Processing /home/airflow/.local/lib/python3.12/site-packages/airflow/example_dags/tutorial.py took 0.144 seconds
[2024-04-12T21:19:21.430+0000] {processor.py:161} INFO - Started process (PID=569) to work on /home/airflow/.local/lib/python3.12/site-packages/airflow/example_dags/tutorial.py
[2024-04-12T21:19:21.431+0000] {processor.py:830} INFO - Processing file /home/airflow/.local/lib/python3.12/site-packages/airflow/example_dags/tutorial.py for tasks to queue
[2024-04-12T21:19:21.434+0000] {logging_mixin.py:188} INFO - [2024-04-12T21:19:21.433+0000] {dagbag.py:540} INFO - Filling up the DagBag from /home/airflow/.local/lib/python3.12/site-packages/airflow/example_dags/tutorial.py
[2024-04-12T21:19:21.440+0000] {processor.py:840} INFO - DAG(s) 'tutorial' retrieved from /home/airflow/.local/lib/python3.12/site-packages/airflow/example_dags/tutorial.py
[2024-04-12T21:19:21.464+0000] {logging_mixin.py:188} INFO - [2024-04-12T21:19:21.464+0000] {dag.py:3096} INFO - Sync 1 DAGs
[2024-04-12T21:19:21.493+0000] {logging_mixin.py:188} INFO - [2024-04-12T21:19:21.492+0000] {dag.py:3954} INFO - Setting next_dagrun for tutorial to 2024-04-11 00:00:00+00:00, run_after=2024-04-12 00:00:00+00:00
[2024-04-12T21:19:21.521+0000] {processor.py:183} INFO - Processing /home/airflow/.local/lib/python3.12/site-packages/airflow/example_dags/tutorial.py took 0.097 seconds
[2024-04-12T21:19:51.938+0000] {processor.py:161} INFO - Started process (PID=627) to work on /home/airflow/.local/lib/python3.12/site-packages/airflow/example_dags/tutorial.py
[2024-04-12T21:19:51.939+0000] {processor.py:830} INFO - Processing file /home/airflow/.local/lib/python3.12/site-packages/airflow/example_dags/tutorial.py for tasks to queue
[2024-04-12T21:19:51.941+0000] {logging_mixin.py:188} INFO - [2024-04-12T21:19:51.941+0000] {dagbag.py:540} INFO - Filling up the DagBag from /home/airflow/.local/lib/python3.12/site-packages/airflow/example_dags/tutorial.py
[2024-04-12T21:19:51.948+0000] {processor.py:840} INFO - DAG(s) 'tutorial' retrieved from /home/airflow/.local/lib/python3.12/site-packages/airflow/example_dags/tutorial.py
[2024-04-12T21:19:51.972+0000] {logging_mixin.py:188} INFO - [2024-04-12T21:19:51.972+0000] {dag.py:3096} INFO - Sync 1 DAGs
[2024-04-12T21:19:51.997+0000] {logging_mixin.py:188} INFO - [2024-04-12T21:19:51.997+0000] {dag.py:3954} INFO - Setting next_dagrun for tutorial to 2024-04-11 00:00:00+00:00, run_after=2024-04-12 00:00:00+00:00
[2024-04-12T21:19:52.026+0000] {processor.py:183} INFO - Processing /home/airflow/.local/lib/python3.12/site-packages/airflow/example_dags/tutorial.py took 0.095 seconds
[2024-04-12T21:20:22.114+0000] {processor.py:161} INFO - Started process (PID=685) to work on /home/airflow/.local/lib/python3.12/site-packages/airflow/example_dags/tutorial.py
[2024-04-12T21:20:22.115+0000] {processor.py:830} INFO - Processing file /home/airflow/.local/lib/python3.12/site-packages/airflow/example_dags/tutorial.py for tasks to queue
[2024-04-12T21:20:22.118+0000] {logging_mixin.py:188} INFO - [2024-04-12T21:20:22.117+0000] {dagbag.py:540} INFO - Filling up the DagBag from /home/airflow/.local/lib/python3.12/site-packages/airflow/example_dags/tutorial.py
[2024-04-12T21:20:22.126+0000] {processor.py:840} INFO - DAG(s) 'tutorial' retrieved from /home/airflow/.local/lib/python3.12/site-packages/airflow/example_dags/tutorial.py
[2024-04-12T21:20:22.153+0000] {logging_mixin.py:188} INFO - [2024-04-12T21:20:22.153+0000] {dag.py:3096} INFO - Sync 1 DAGs
[2024-04-12T21:20:22.178+0000] {logging_mixin.py:188} INFO - [2024-04-12T21:20:22.177+0000] {dag.py:3954} INFO - Setting next_dagrun for tutorial to 2024-04-11 00:00:00+00:00, run_after=2024-04-12 00:00:00+00:00
[2024-04-12T21:20:22.203+0000] {processor.py:183} INFO - Processing /home/airflow/.local/lib/python3.12/site-packages/airflow/example_dags/tutorial.py took 0.096 seconds
[2024-04-12T21:20:52.634+0000] {processor.py:161} INFO - Started process (PID=744) to work on /home/airflow/.local/lib/python3.12/site-packages/airflow/example_dags/tutorial.py
[2024-04-12T21:20:52.640+0000] {processor.py:830} INFO - Processing file /home/airflow/.local/lib/python3.12/site-packages/airflow/example_dags/tutorial.py for tasks to queue
[2024-04-12T21:20:52.645+0000] {logging_mixin.py:188} INFO - [2024-04-12T21:20:52.644+0000] {dagbag.py:540} INFO - Filling up the DagBag from /home/airflow/.local/lib/python3.12/site-packages/airflow/example_dags/tutorial.py
[2024-04-12T21:20:52.679+0000] {processor.py:840} INFO - DAG(s) 'tutorial' retrieved from /home/airflow/.local/lib/python3.12/site-packages/airflow/example_dags/tutorial.py
[2024-04-12T21:20:52.766+0000] {logging_mixin.py:188} INFO - [2024-04-12T21:20:52.765+0000] {dag.py:3096} INFO - Sync 1 DAGs
[2024-04-12T21:20:52.905+0000] {logging_mixin.py:188} INFO - [2024-04-12T21:20:52.905+0000] {dag.py:3954} INFO - Setting next_dagrun for tutorial to 2024-04-11 00:00:00+00:00, run_after=2024-04-12 00:00:00+00:00
[2024-04-12T21:20:52.982+0000] {processor.py:183} INFO - Processing /home/airflow/.local/lib/python3.12/site-packages/airflow/example_dags/tutorial.py took 0.409 seconds
[2024-04-12T21:21:23.987+0000] {processor.py:161} INFO - Started process (PID=802) to work on /home/airflow/.local/lib/python3.12/site-packages/airflow/example_dags/tutorial.py
[2024-04-12T21:21:24.005+0000] {processor.py:830} INFO - Processing file /home/airflow/.local/lib/python3.12/site-packages/airflow/example_dags/tutorial.py for tasks to queue
[2024-04-12T21:21:24.008+0000] {logging_mixin.py:188} INFO - [2024-04-12T21:21:24.007+0000] {dagbag.py:540} INFO - Filling up the DagBag from /home/airflow/.local/lib/python3.12/site-packages/airflow/example_dags/tutorial.py
[2024-04-12T21:21:24.019+0000] {processor.py:840} INFO - DAG(s) 'tutorial' retrieved from /home/airflow/.local/lib/python3.12/site-packages/airflow/example_dags/tutorial.py
[2024-04-12T21:21:24.084+0000] {logging_mixin.py:188} INFO - [2024-04-12T21:21:24.084+0000] {dag.py:3096} INFO - Sync 1 DAGs
[2024-04-12T21:21:24.212+0000] {logging_mixin.py:188} INFO - [2024-04-12T21:21:24.212+0000] {dag.py:3954} INFO - Setting next_dagrun for tutorial to 2024-04-11 00:00:00+00:00, run_after=2024-04-12 00:00:00+00:00
[2024-04-12T21:21:24.325+0000] {processor.py:183} INFO - Processing /home/airflow/.local/lib/python3.12/site-packages/airflow/example_dags/tutorial.py took 0.347 seconds
[2024-04-12T21:21:55.342+0000] {processor.py:161} INFO - Started process (PID=860) to work on /home/airflow/.local/lib/python3.12/site-packages/airflow/example_dags/tutorial.py
[2024-04-12T21:21:55.344+0000] {processor.py:830} INFO - Processing file /home/airflow/.local/lib/python3.12/site-packages/airflow/example_dags/tutorial.py for tasks to queue
[2024-04-12T21:21:55.347+0000] {logging_mixin.py:188} INFO - [2024-04-12T21:21:55.346+0000] {dagbag.py:540} INFO - Filling up the DagBag from /home/airflow/.local/lib/python3.12/site-packages/airflow/example_dags/tutorial.py
[2024-04-12T21:21:55.355+0000] {processor.py:840} INFO - DAG(s) 'tutorial' retrieved from /home/airflow/.local/lib/python3.12/site-packages/airflow/example_dags/tutorial.py
[2024-04-12T21:21:55.383+0000] {logging_mixin.py:188} INFO - [2024-04-12T21:21:55.383+0000] {dag.py:3096} INFO - Sync 1 DAGs
[2024-04-12T21:21:55.417+0000] {logging_mixin.py:188} INFO - [2024-04-12T21:21:55.417+0000] {dag.py:3954} INFO - Setting next_dagrun for tutorial to 2024-04-11 00:00:00+00:00, run_after=2024-04-12 00:00:00+00:00
[2024-04-12T21:21:55.449+0000] {processor.py:183} INFO - Processing /home/airflow/.local/lib/python3.12/site-packages/airflow/example_dags/tutorial.py took 0.116 seconds
[2024-04-12T21:22:26.134+0000] {processor.py:161} INFO - Started process (PID=918) to work on /home/airflow/.local/lib/python3.12/site-packages/airflow/example_dags/tutorial.py
[2024-04-12T21:22:26.136+0000] {processor.py:830} INFO - Processing file /home/airflow/.local/lib/python3.12/site-packages/airflow/example_dags/tutorial.py for tasks to queue
[2024-04-12T21:22:26.147+0000] {logging_mixin.py:188} INFO - [2024-04-12T21:22:26.146+0000] {dagbag.py:540} INFO - Filling up the DagBag from /home/airflow/.local/lib/python3.12/site-packages/airflow/example_dags/tutorial.py
[2024-04-12T21:22:26.157+0000] {processor.py:840} INFO - DAG(s) 'tutorial' retrieved from /home/airflow/.local/lib/python3.12/site-packages/airflow/example_dags/tutorial.py
[2024-04-12T21:22:26.203+0000] {logging_mixin.py:188} INFO - [2024-04-12T21:22:26.202+0000] {dag.py:3096} INFO - Sync 1 DAGs
[2024-04-12T21:22:26.241+0000] {logging_mixin.py:188} INFO - [2024-04-12T21:22:26.240+0000] {dag.py:3954} INFO - Setting next_dagrun for tutorial to 2024-04-11 00:00:00+00:00, run_after=2024-04-12 00:00:00+00:00
[2024-04-12T21:22:26.271+0000] {processor.py:183} INFO - Processing /home/airflow/.local/lib/python3.12/site-packages/airflow/example_dags/tutorial.py took 0.145 seconds
[2024-04-12T21:22:56.561+0000] {processor.py:161} INFO - Started process (PID=975) to work on /home/airflow/.local/lib/python3.12/site-packages/airflow/example_dags/tutorial.py
[2024-04-12T21:22:56.564+0000] {processor.py:830} INFO - Processing file /home/airflow/.local/lib/python3.12/site-packages/airflow/example_dags/tutorial.py for tasks to queue
[2024-04-12T21:22:56.568+0000] {logging_mixin.py:188} INFO - [2024-04-12T21:22:56.567+0000] {dagbag.py:540} INFO - Filling up the DagBag from /home/airflow/.local/lib/python3.12/site-packages/airflow/example_dags/tutorial.py
[2024-04-12T21:22:56.576+0000] {processor.py:840} INFO - DAG(s) 'tutorial' retrieved from /home/airflow/.local/lib/python3.12/site-packages/airflow/example_dags/tutorial.py
[2024-04-12T21:22:56.610+0000] {logging_mixin.py:188} INFO - [2024-04-12T21:22:56.610+0000] {dag.py:3096} INFO - Sync 1 DAGs
[2024-04-12T21:22:56.832+0000] {logging_mixin.py:188} INFO - [2024-04-12T21:22:56.832+0000] {dag.py:3954} INFO - Setting next_dagrun for tutorial to 2024-04-11 00:00:00+00:00, run_after=2024-04-12 00:00:00+00:00
[2024-04-12T21:22:56.861+0000] {processor.py:183} INFO - Processing /home/airflow/.local/lib/python3.12/site-packages/airflow/example_dags/tutorial.py took 0.309 seconds
[2024-04-12T21:23:26.941+0000] {processor.py:161} INFO - Started process (PID=1034) to work on /home/airflow/.local/lib/python3.12/site-packages/airflow/example_dags/tutorial.py
[2024-04-12T21:23:26.942+0000] {processor.py:830} INFO - Processing file /home/airflow/.local/lib/python3.12/site-packages/airflow/example_dags/tutorial.py for tasks to queue
[2024-04-12T21:23:26.945+0000] {logging_mixin.py:188} INFO - [2024-04-12T21:23:26.945+0000] {dagbag.py:540} INFO - Filling up the DagBag from /home/airflow/.local/lib/python3.12/site-packages/airflow/example_dags/tutorial.py
[2024-04-12T21:23:26.954+0000] {processor.py:840} INFO - DAG(s) 'tutorial' retrieved from /home/airflow/.local/lib/python3.12/site-packages/airflow/example_dags/tutorial.py
[2024-04-12T21:23:26.988+0000] {logging_mixin.py:188} INFO - [2024-04-12T21:23:26.988+0000] {dag.py:3096} INFO - Sync 1 DAGs
[2024-04-12T21:23:27.030+0000] {logging_mixin.py:188} INFO - [2024-04-12T21:23:27.030+0000] {dag.py:3954} INFO - Setting next_dagrun for tutorial to 2024-04-11 00:00:00+00:00, run_after=2024-04-12 00:00:00+00:00
[2024-04-12T21:23:27.291+0000] {processor.py:183} INFO - Processing /home/airflow/.local/lib/python3.12/site-packages/airflow/example_dags/tutorial.py took 0.363 seconds
[2024-04-12T21:23:57.559+0000] {processor.py:161} INFO - Started process (PID=1092) to work on /home/airflow/.local/lib/python3.12/site-packages/airflow/example_dags/tutorial.py
[2024-04-12T21:23:57.566+0000] {processor.py:830} INFO - Processing file /home/airflow/.local/lib/python3.12/site-packages/airflow/example_dags/tutorial.py for tasks to queue
[2024-04-12T21:23:57.608+0000] {logging_mixin.py:188} INFO - [2024-04-12T21:23:57.585+0000] {dagbag.py:540} INFO - Filling up the DagBag from /home/airflow/.local/lib/python3.12/site-packages/airflow/example_dags/tutorial.py
[2024-04-12T21:23:57.698+0000] {processor.py:840} INFO - DAG(s) 'tutorial' retrieved from /home/airflow/.local/lib/python3.12/site-packages/airflow/example_dags/tutorial.py
[2024-04-12T21:23:57.871+0000] {logging_mixin.py:188} INFO - [2024-04-12T21:23:57.871+0000] {dag.py:3096} INFO - Sync 1 DAGs
[2024-04-12T21:28:06.708+0000] {processor.py:161} INFO - Started process (PID=70) to work on /home/airflow/.local/lib/python3.12/site-packages/airflow/example_dags/tutorial.py
[2024-04-12T21:28:06.709+0000] {processor.py:830} INFO - Processing file /home/airflow/.local/lib/python3.12/site-packages/airflow/example_dags/tutorial.py for tasks to queue
[2024-04-12T21:28:06.715+0000] {logging_mixin.py:188} INFO - [2024-04-12T21:28:06.711+0000] {dagbag.py:540} INFO - Filling up the DagBag from /home/airflow/.local/lib/python3.12/site-packages/airflow/example_dags/tutorial.py
[2024-04-12T21:28:06.723+0000] {processor.py:840} INFO - DAG(s) 'tutorial' retrieved from /home/airflow/.local/lib/python3.12/site-packages/airflow/example_dags/tutorial.py
[2024-04-12T21:28:06.869+0000] {logging_mixin.py:188} INFO - [2024-04-12T21:28:06.869+0000] {dag.py:3096} INFO - Sync 1 DAGs
[2024-04-12T21:28:06.901+0000] {logging_mixin.py:188} INFO - [2024-04-12T21:28:06.901+0000] {dag.py:3954} INFO - Setting next_dagrun for tutorial to 2024-04-11 00:00:00+00:00, run_after=2024-04-12 00:00:00+00:00
[2024-04-12T21:28:06.930+0000] {processor.py:183} INFO - Processing /home/airflow/.local/lib/python3.12/site-packages/airflow/example_dags/tutorial.py took 0.228 seconds
[2024-04-12T21:28:39.459+0000] {processor.py:161} INFO - Started process (PID=128) to work on /home/airflow/.local/lib/python3.12/site-packages/airflow/example_dags/tutorial.py
[2024-04-12T21:28:39.461+0000] {processor.py:830} INFO - Processing file /home/airflow/.local/lib/python3.12/site-packages/airflow/example_dags/tutorial.py for tasks to queue
[2024-04-12T21:28:39.464+0000] {logging_mixin.py:188} INFO - [2024-04-12T21:28:39.464+0000] {dagbag.py:540} INFO - Filling up the DagBag from /home/airflow/.local/lib/python3.12/site-packages/airflow/example_dags/tutorial.py
[2024-04-12T21:28:39.474+0000] {processor.py:840} INFO - DAG(s) 'tutorial' retrieved from /home/airflow/.local/lib/python3.12/site-packages/airflow/example_dags/tutorial.py
[2024-04-12T21:28:39.508+0000] {logging_mixin.py:188} INFO - [2024-04-12T21:28:39.508+0000] {dag.py:3096} INFO - Sync 1 DAGs
[2024-04-12T21:28:39.553+0000] {logging_mixin.py:188} INFO - [2024-04-12T21:28:39.552+0000] {dag.py:3954} INFO - Setting next_dagrun for tutorial to 2024-04-11 00:00:00+00:00, run_after=2024-04-12 00:00:00+00:00
[2024-04-12T21:28:39.591+0000] {processor.py:183} INFO - Processing /home/airflow/.local/lib/python3.12/site-packages/airflow/example_dags/tutorial.py took 0.149 seconds
[2024-04-12T21:29:10.500+0000] {processor.py:161} INFO - Started process (PID=187) to work on /home/airflow/.local/lib/python3.12/site-packages/airflow/example_dags/tutorial.py
[2024-04-12T21:29:10.502+0000] {processor.py:830} INFO - Processing file /home/airflow/.local/lib/python3.12/site-packages/airflow/example_dags/tutorial.py for tasks to queue
[2024-04-12T21:29:10.504+0000] {logging_mixin.py:188} INFO - [2024-04-12T21:29:10.504+0000] {dagbag.py:540} INFO - Filling up the DagBag from /home/airflow/.local/lib/python3.12/site-packages/airflow/example_dags/tutorial.py
[2024-04-12T21:29:10.511+0000] {processor.py:840} INFO - DAG(s) 'tutorial' retrieved from /home/airflow/.local/lib/python3.12/site-packages/airflow/example_dags/tutorial.py
[2024-04-12T21:29:10.535+0000] {logging_mixin.py:188} INFO - [2024-04-12T21:29:10.534+0000] {dag.py:3096} INFO - Sync 1 DAGs
[2024-04-12T21:29:10.563+0000] {logging_mixin.py:188} INFO - [2024-04-12T21:29:10.563+0000] {dag.py:3954} INFO - Setting next_dagrun for tutorial to 2024-04-11 00:00:00+00:00, run_after=2024-04-12 00:00:00+00:00
[2024-04-12T21:29:10.591+0000] {processor.py:183} INFO - Processing /home/airflow/.local/lib/python3.12/site-packages/airflow/example_dags/tutorial.py took 0.098 seconds
[2024-04-12T21:29:41.392+0000] {processor.py:161} INFO - Started process (PID=245) to work on /home/airflow/.local/lib/python3.12/site-packages/airflow/example_dags/tutorial.py
[2024-04-12T21:29:41.402+0000] {processor.py:830} INFO - Processing file /home/airflow/.local/lib/python3.12/site-packages/airflow/example_dags/tutorial.py for tasks to queue
[2024-04-12T21:29:41.409+0000] {logging_mixin.py:188} INFO - [2024-04-12T21:29:41.408+0000] {dagbag.py:540} INFO - Filling up the DagBag from /home/airflow/.local/lib/python3.12/site-packages/airflow/example_dags/tutorial.py
[2024-04-12T21:29:41.431+0000] {processor.py:840} INFO - DAG(s) 'tutorial' retrieved from /home/airflow/.local/lib/python3.12/site-packages/airflow/example_dags/tutorial.py
[2024-04-12T21:29:42.674+0000] {logging_mixin.py:188} INFO - [2024-04-12T21:29:42.674+0000] {process_utils.py:263} INFO - Waiting up to 5 seconds for processes to exit...
[2024-04-12T21:29:42.714+0000] {logging_mixin.py:188} INFO - [2024-04-12T21:29:42.714+0000] {process_utils.py:263} INFO - Waiting up to 5 seconds for processes to exit...
[2024-04-12T21:57:25.814+0000] {processor.py:161} INFO - Started process (PID=64) to work on /home/airflow/.local/lib/python3.12/site-packages/airflow/example_dags/tutorial.py
[2024-04-12T21:57:25.816+0000] {processor.py:830} INFO - Processing file /home/airflow/.local/lib/python3.12/site-packages/airflow/example_dags/tutorial.py for tasks to queue
[2024-04-12T21:57:25.822+0000] {logging_mixin.py:188} INFO - [2024-04-12T21:57:25.819+0000] {dagbag.py:540} INFO - Filling up the DagBag from /home/airflow/.local/lib/python3.12/site-packages/airflow/example_dags/tutorial.py
[2024-04-12T21:57:25.831+0000] {processor.py:840} INFO - DAG(s) 'tutorial' retrieved from /home/airflow/.local/lib/python3.12/site-packages/airflow/example_dags/tutorial.py
[2024-04-12T21:57:26.118+0000] {logging_mixin.py:188} INFO - [2024-04-12T21:57:26.117+0000] {dag.py:3096} INFO - Sync 1 DAGs
[2024-04-12T21:57:26.192+0000] {logging_mixin.py:188} INFO - [2024-04-12T21:57:26.192+0000] {dag.py:3954} INFO - Setting next_dagrun for tutorial to 2024-04-11 00:00:00+00:00, run_after=2024-04-12 00:00:00+00:00
[2024-04-12T21:57:26.265+0000] {processor.py:183} INFO - Processing /home/airflow/.local/lib/python3.12/site-packages/airflow/example_dags/tutorial.py took 0.461 seconds
[2024-04-12T21:57:57.260+0000] {processor.py:161} INFO - Started process (PID=129) to work on /home/airflow/.local/lib/python3.12/site-packages/airflow/example_dags/tutorial.py
[2024-04-12T21:57:57.269+0000] {processor.py:830} INFO - Processing file /home/airflow/.local/lib/python3.12/site-packages/airflow/example_dags/tutorial.py for tasks to queue
[2024-04-12T21:57:57.272+0000] {logging_mixin.py:188} INFO - [2024-04-12T21:57:57.272+0000] {dagbag.py:540} INFO - Filling up the DagBag from /home/airflow/.local/lib/python3.12/site-packages/airflow/example_dags/tutorial.py
[2024-04-12T21:57:57.286+0000] {processor.py:840} INFO - DAG(s) 'tutorial' retrieved from /home/airflow/.local/lib/python3.12/site-packages/airflow/example_dags/tutorial.py
[2024-04-12T21:57:57.315+0000] {logging_mixin.py:188} INFO - [2024-04-12T21:57:57.314+0000] {dag.py:3096} INFO - Sync 1 DAGs
[2024-04-12T21:57:57.348+0000] {logging_mixin.py:188} INFO - [2024-04-12T21:57:57.347+0000] {dag.py:3954} INFO - Setting next_dagrun for tutorial to 2024-04-11 00:00:00+00:00, run_after=2024-04-12 00:00:00+00:00
[2024-04-12T21:57:57.394+0000] {processor.py:183} INFO - Processing /home/airflow/.local/lib/python3.12/site-packages/airflow/example_dags/tutorial.py took 0.143 seconds
[2024-04-12T21:58:28.034+0000] {processor.py:161} INFO - Started process (PID=188) to work on /home/airflow/.local/lib/python3.12/site-packages/airflow/example_dags/tutorial.py
[2024-04-12T21:58:28.036+0000] {processor.py:830} INFO - Processing file /home/airflow/.local/lib/python3.12/site-packages/airflow/example_dags/tutorial.py for tasks to queue
[2024-04-12T21:58:28.038+0000] {logging_mixin.py:188} INFO - [2024-04-12T21:58:28.038+0000] {dagbag.py:540} INFO - Filling up the DagBag from /home/airflow/.local/lib/python3.12/site-packages/airflow/example_dags/tutorial.py
[2024-04-12T21:58:28.049+0000] {processor.py:840} INFO - DAG(s) 'tutorial' retrieved from /home/airflow/.local/lib/python3.12/site-packages/airflow/example_dags/tutorial.py
[2024-04-12T21:58:28.083+0000] {logging_mixin.py:188} INFO - [2024-04-12T21:58:28.082+0000] {dag.py:3096} INFO - Sync 1 DAGs
[2024-04-12T21:58:28.122+0000] {logging_mixin.py:188} INFO - [2024-04-12T21:58:28.121+0000] {dag.py:3954} INFO - Setting next_dagrun for tutorial to 2024-04-11 00:00:00+00:00, run_after=2024-04-12 00:00:00+00:00
[2024-04-12T21:58:28.149+0000] {processor.py:183} INFO - Processing /home/airflow/.local/lib/python3.12/site-packages/airflow/example_dags/tutorial.py took 0.122 seconds
[2024-04-12T21:58:58.224+0000] {processor.py:161} INFO - Started process (PID=247) to work on /home/airflow/.local/lib/python3.12/site-packages/airflow/example_dags/tutorial.py
[2024-04-12T21:58:58.226+0000] {processor.py:830} INFO - Processing file /home/airflow/.local/lib/python3.12/site-packages/airflow/example_dags/tutorial.py for tasks to queue
[2024-04-12T21:58:58.228+0000] {logging_mixin.py:188} INFO - [2024-04-12T21:58:58.227+0000] {dagbag.py:540} INFO - Filling up the DagBag from /home/airflow/.local/lib/python3.12/site-packages/airflow/example_dags/tutorial.py
[2024-04-12T21:58:58.238+0000] {processor.py:840} INFO - DAG(s) 'tutorial' retrieved from /home/airflow/.local/lib/python3.12/site-packages/airflow/example_dags/tutorial.py
[2024-04-12T21:58:58.264+0000] {logging_mixin.py:188} INFO - [2024-04-12T21:58:58.264+0000] {dag.py:3096} INFO - Sync 1 DAGs
[2024-04-12T21:58:58.294+0000] {logging_mixin.py:188} INFO - [2024-04-12T21:58:58.294+0000] {dag.py:3954} INFO - Setting next_dagrun for tutorial to 2024-04-11 00:00:00+00:00, run_after=2024-04-12 00:00:00+00:00
[2024-04-12T21:58:58.317+0000] {processor.py:183} INFO - Processing /home/airflow/.local/lib/python3.12/site-packages/airflow/example_dags/tutorial.py took 0.100 seconds
[2024-04-12T21:59:28.483+0000] {processor.py:161} INFO - Started process (PID=306) to work on /home/airflow/.local/lib/python3.12/site-packages/airflow/example_dags/tutorial.py
[2024-04-12T21:59:28.484+0000] {processor.py:830} INFO - Processing file /home/airflow/.local/lib/python3.12/site-packages/airflow/example_dags/tutorial.py for tasks to queue
[2024-04-12T21:59:28.486+0000] {logging_mixin.py:188} INFO - [2024-04-12T21:59:28.486+0000] {dagbag.py:540} INFO - Filling up the DagBag from /home/airflow/.local/lib/python3.12/site-packages/airflow/example_dags/tutorial.py
[2024-04-12T21:59:28.494+0000] {processor.py:840} INFO - DAG(s) 'tutorial' retrieved from /home/airflow/.local/lib/python3.12/site-packages/airflow/example_dags/tutorial.py
[2024-04-12T21:59:28.523+0000] {logging_mixin.py:188} INFO - [2024-04-12T21:59:28.523+0000] {dag.py:3096} INFO - Sync 1 DAGs
[2024-04-12T21:59:28.559+0000] {logging_mixin.py:188} INFO - [2024-04-12T21:59:28.559+0000] {dag.py:3954} INFO - Setting next_dagrun for tutorial to 2024-04-11 00:00:00+00:00, run_after=2024-04-12 00:00:00+00:00
[2024-04-12T21:59:28.586+0000] {processor.py:183} INFO - Processing /home/airflow/.local/lib/python3.12/site-packages/airflow/example_dags/tutorial.py took 0.110 seconds
[2024-04-12T21:59:59.445+0000] {processor.py:161} INFO - Started process (PID=365) to work on /home/airflow/.local/lib/python3.12/site-packages/airflow/example_dags/tutorial.py
[2024-04-12T21:59:59.446+0000] {processor.py:830} INFO - Processing file /home/airflow/.local/lib/python3.12/site-packages/airflow/example_dags/tutorial.py for tasks to queue
[2024-04-12T21:59:59.449+0000] {logging_mixin.py:188} INFO - [2024-04-12T21:59:59.448+0000] {dagbag.py:540} INFO - Filling up the DagBag from /home/airflow/.local/lib/python3.12/site-packages/airflow/example_dags/tutorial.py
[2024-04-12T21:59:59.456+0000] {processor.py:840} INFO - DAG(s) 'tutorial' retrieved from /home/airflow/.local/lib/python3.12/site-packages/airflow/example_dags/tutorial.py
[2024-04-12T21:59:59.481+0000] {logging_mixin.py:188} INFO - [2024-04-12T21:59:59.480+0000] {dag.py:3096} INFO - Sync 1 DAGs
[2024-04-12T21:59:59.508+0000] {logging_mixin.py:188} INFO - [2024-04-12T21:59:59.508+0000] {dag.py:3954} INFO - Setting next_dagrun for tutorial to 2024-04-11 00:00:00+00:00, run_after=2024-04-12 00:00:00+00:00
[2024-04-12T21:59:59.532+0000] {processor.py:183} INFO - Processing /home/airflow/.local/lib/python3.12/site-packages/airflow/example_dags/tutorial.py took 0.095 seconds
[2024-04-12T22:00:29.819+0000] {processor.py:161} INFO - Started process (PID=424) to work on /home/airflow/.local/lib/python3.12/site-packages/airflow/example_dags/tutorial.py
[2024-04-12T22:00:29.820+0000] {processor.py:830} INFO - Processing file /home/airflow/.local/lib/python3.12/site-packages/airflow/example_dags/tutorial.py for tasks to queue
[2024-04-12T22:00:29.822+0000] {logging_mixin.py:188} INFO - [2024-04-12T22:00:29.822+0000] {dagbag.py:540} INFO - Filling up the DagBag from /home/airflow/.local/lib/python3.12/site-packages/airflow/example_dags/tutorial.py
[2024-04-12T22:00:29.830+0000] {processor.py:840} INFO - DAG(s) 'tutorial' retrieved from /home/airflow/.local/lib/python3.12/site-packages/airflow/example_dags/tutorial.py
[2024-04-12T22:00:29.862+0000] {logging_mixin.py:188} INFO - [2024-04-12T22:00:29.861+0000] {dag.py:3096} INFO - Sync 1 DAGs
[2024-04-12T22:00:29.890+0000] {logging_mixin.py:188} INFO - [2024-04-12T22:00:29.890+0000] {dag.py:3954} INFO - Setting next_dagrun for tutorial to 2024-04-11 00:00:00+00:00, run_after=2024-04-12 00:00:00+00:00
[2024-04-12T22:00:29.913+0000] {processor.py:183} INFO - Processing /home/airflow/.local/lib/python3.12/site-packages/airflow/example_dags/tutorial.py took 0.101 seconds
[2024-04-12T22:01:00.442+0000] {processor.py:161} INFO - Started process (PID=482) to work on /home/airflow/.local/lib/python3.12/site-packages/airflow/example_dags/tutorial.py
[2024-04-12T22:01:00.444+0000] {processor.py:830} INFO - Processing file /home/airflow/.local/lib/python3.12/site-packages/airflow/example_dags/tutorial.py for tasks to queue
[2024-04-12T22:01:00.450+0000] {logging_mixin.py:188} INFO - [2024-04-12T22:01:00.449+0000] {dagbag.py:540} INFO - Filling up the DagBag from /home/airflow/.local/lib/python3.12/site-packages/airflow/example_dags/tutorial.py
[2024-04-12T22:01:00.465+0000] {processor.py:840} INFO - DAG(s) 'tutorial' retrieved from /home/airflow/.local/lib/python3.12/site-packages/airflow/example_dags/tutorial.py
[2024-04-12T22:01:00.498+0000] {logging_mixin.py:188} INFO - [2024-04-12T22:01:00.497+0000] {dag.py:3096} INFO - Sync 1 DAGs
[2024-04-12T22:01:00.535+0000] {logging_mixin.py:188} INFO - [2024-04-12T22:01:00.534+0000] {dag.py:3954} INFO - Setting next_dagrun for tutorial to 2024-04-11 00:00:00+00:00, run_after=2024-04-12 00:00:00+00:00
[2024-04-12T22:01:00.562+0000] {processor.py:183} INFO - Processing /home/airflow/.local/lib/python3.12/site-packages/airflow/example_dags/tutorial.py took 0.129 seconds
[2024-04-12T22:01:31.188+0000] {processor.py:161} INFO - Started process (PID=541) to work on /home/airflow/.local/lib/python3.12/site-packages/airflow/example_dags/tutorial.py
[2024-04-12T22:01:31.189+0000] {processor.py:830} INFO - Processing file /home/airflow/.local/lib/python3.12/site-packages/airflow/example_dags/tutorial.py for tasks to queue
[2024-04-12T22:01:31.192+0000] {logging_mixin.py:188} INFO - [2024-04-12T22:01:31.191+0000] {dagbag.py:540} INFO - Filling up the DagBag from /home/airflow/.local/lib/python3.12/site-packages/airflow/example_dags/tutorial.py
[2024-04-12T22:01:31.203+0000] {processor.py:840} INFO - DAG(s) 'tutorial' retrieved from /home/airflow/.local/lib/python3.12/site-packages/airflow/example_dags/tutorial.py
[2024-04-12T22:01:31.231+0000] {logging_mixin.py:188} INFO - [2024-04-12T22:01:31.231+0000] {dag.py:3096} INFO - Sync 1 DAGs
[2024-04-12T22:01:31.255+0000] {logging_mixin.py:188} INFO - [2024-04-12T22:01:31.255+0000] {dag.py:3954} INFO - Setting next_dagrun for tutorial to 2024-04-11 00:00:00+00:00, run_after=2024-04-12 00:00:00+00:00
[2024-04-12T22:01:31.295+0000] {processor.py:183} INFO - Processing /home/airflow/.local/lib/python3.12/site-packages/airflow/example_dags/tutorial.py took 0.115 seconds
[2024-04-12T22:02:02.447+0000] {processor.py:161} INFO - Started process (PID=600) to work on /home/airflow/.local/lib/python3.12/site-packages/airflow/example_dags/tutorial.py
[2024-04-12T22:02:02.448+0000] {processor.py:830} INFO - Processing file /home/airflow/.local/lib/python3.12/site-packages/airflow/example_dags/tutorial.py for tasks to queue
[2024-04-12T22:02:02.451+0000] {logging_mixin.py:188} INFO - [2024-04-12T22:02:02.451+0000] {dagbag.py:540} INFO - Filling up the DagBag from /home/airflow/.local/lib/python3.12/site-packages/airflow/example_dags/tutorial.py
[2024-04-12T22:02:02.464+0000] {processor.py:840} INFO - DAG(s) 'tutorial' retrieved from /home/airflow/.local/lib/python3.12/site-packages/airflow/example_dags/tutorial.py
[2024-04-12T22:02:02.517+0000] {logging_mixin.py:188} INFO - [2024-04-12T22:02:02.517+0000] {dag.py:3096} INFO - Sync 1 DAGs
[2024-04-12T22:02:02.595+0000] {logging_mixin.py:188} INFO - [2024-04-12T22:02:02.594+0000] {dag.py:3954} INFO - Setting next_dagrun for tutorial to 2024-04-11 00:00:00+00:00, run_after=2024-04-12 00:00:00+00:00
[2024-04-12T22:02:02.645+0000] {processor.py:183} INFO - Processing /home/airflow/.local/lib/python3.12/site-packages/airflow/example_dags/tutorial.py took 0.209 seconds
[2024-04-12T22:02:34.112+0000] {processor.py:161} INFO - Started process (PID=659) to work on /home/airflow/.local/lib/python3.12/site-packages/airflow/example_dags/tutorial.py
[2024-04-12T22:02:34.114+0000] {processor.py:830} INFO - Processing file /home/airflow/.local/lib/python3.12/site-packages/airflow/example_dags/tutorial.py for tasks to queue
[2024-04-12T22:02:34.137+0000] {logging_mixin.py:188} INFO - [2024-04-12T22:02:34.137+0000] {dagbag.py:540} INFO - Filling up the DagBag from /home/airflow/.local/lib/python3.12/site-packages/airflow/example_dags/tutorial.py
[2024-04-12T22:02:34.158+0000] {processor.py:840} INFO - DAG(s) 'tutorial' retrieved from /home/airflow/.local/lib/python3.12/site-packages/airflow/example_dags/tutorial.py
[2024-04-12T22:02:34.258+0000] {logging_mixin.py:188} INFO - [2024-04-12T22:02:34.257+0000] {dag.py:3096} INFO - Sync 1 DAGs
[2024-04-12T22:02:34.370+0000] {logging_mixin.py:188} INFO - [2024-04-12T22:02:34.369+0000] {dag.py:3954} INFO - Setting next_dagrun for tutorial to 2024-04-11 00:00:00+00:00, run_after=2024-04-12 00:00:00+00:00
[2024-04-12T22:02:34.485+0000] {processor.py:183} INFO - Processing /home/airflow/.local/lib/python3.12/site-packages/airflow/example_dags/tutorial.py took 0.393 seconds
[2024-04-12T22:03:05.130+0000] {processor.py:161} INFO - Started process (PID=718) to work on /home/airflow/.local/lib/python3.12/site-packages/airflow/example_dags/tutorial.py
[2024-04-12T22:03:05.132+0000] {processor.py:830} INFO - Processing file /home/airflow/.local/lib/python3.12/site-packages/airflow/example_dags/tutorial.py for tasks to queue
[2024-04-12T22:03:05.135+0000] {logging_mixin.py:188} INFO - [2024-04-12T22:03:05.134+0000] {dagbag.py:540} INFO - Filling up the DagBag from /home/airflow/.local/lib/python3.12/site-packages/airflow/example_dags/tutorial.py
[2024-04-12T22:03:05.143+0000] {processor.py:840} INFO - DAG(s) 'tutorial' retrieved from /home/airflow/.local/lib/python3.12/site-packages/airflow/example_dags/tutorial.py
[2024-04-12T22:03:05.172+0000] {logging_mixin.py:188} INFO - [2024-04-12T22:03:05.172+0000] {dag.py:3096} INFO - Sync 1 DAGs
[2024-04-12T22:03:05.208+0000] {logging_mixin.py:188} INFO - [2024-04-12T22:03:05.208+0000] {dag.py:3954} INFO - Setting next_dagrun for tutorial to 2024-04-11 00:00:00+00:00, run_after=2024-04-12 00:00:00+00:00
[2024-04-12T22:03:05.240+0000] {processor.py:183} INFO - Processing /home/airflow/.local/lib/python3.12/site-packages/airflow/example_dags/tutorial.py took 0.118 seconds
[2024-04-12T22:03:35.542+0000] {processor.py:161} INFO - Started process (PID=777) to work on /home/airflow/.local/lib/python3.12/site-packages/airflow/example_dags/tutorial.py
[2024-04-12T22:03:35.546+0000] {processor.py:830} INFO - Processing file /home/airflow/.local/lib/python3.12/site-packages/airflow/example_dags/tutorial.py for tasks to queue
[2024-04-12T22:03:35.549+0000] {logging_mixin.py:188} INFO - [2024-04-12T22:03:35.548+0000] {dagbag.py:540} INFO - Filling up the DagBag from /home/airflow/.local/lib/python3.12/site-packages/airflow/example_dags/tutorial.py
[2024-04-12T22:03:35.556+0000] {processor.py:840} INFO - DAG(s) 'tutorial' retrieved from /home/airflow/.local/lib/python3.12/site-packages/airflow/example_dags/tutorial.py
[2024-04-12T22:03:35.585+0000] {logging_mixin.py:188} INFO - [2024-04-12T22:03:35.585+0000] {dag.py:3096} INFO - Sync 1 DAGs
[2024-04-12T22:03:35.616+0000] {logging_mixin.py:188} INFO - [2024-04-12T22:03:35.616+0000] {dag.py:3954} INFO - Setting next_dagrun for tutorial to 2024-04-11 00:00:00+00:00, run_after=2024-04-12 00:00:00+00:00
[2024-04-12T22:03:35.645+0000] {processor.py:183} INFO - Processing /home/airflow/.local/lib/python3.12/site-packages/airflow/example_dags/tutorial.py took 0.110 seconds
[2024-04-12T22:04:06.032+0000] {processor.py:161} INFO - Started process (PID=837) to work on /home/airflow/.local/lib/python3.12/site-packages/airflow/example_dags/tutorial.py
[2024-04-12T22:04:06.034+0000] {processor.py:830} INFO - Processing file /home/airflow/.local/lib/python3.12/site-packages/airflow/example_dags/tutorial.py for tasks to queue
[2024-04-12T22:04:06.037+0000] {logging_mixin.py:188} INFO - [2024-04-12T22:04:06.037+0000] {dagbag.py:540} INFO - Filling up the DagBag from /home/airflow/.local/lib/python3.12/site-packages/airflow/example_dags/tutorial.py
[2024-04-12T22:04:06.046+0000] {processor.py:840} INFO - DAG(s) 'tutorial' retrieved from /home/airflow/.local/lib/python3.12/site-packages/airflow/example_dags/tutorial.py
[2024-04-12T22:04:06.075+0000] {logging_mixin.py:188} INFO - [2024-04-12T22:04:06.075+0000] {dag.py:3096} INFO - Sync 1 DAGs
[2024-04-12T22:04:06.105+0000] {logging_mixin.py:188} INFO - [2024-04-12T22:04:06.104+0000] {dag.py:3954} INFO - Setting next_dagrun for tutorial to 2024-04-11 00:00:00+00:00, run_after=2024-04-12 00:00:00+00:00
[2024-04-12T22:04:06.130+0000] {processor.py:183} INFO - Processing /home/airflow/.local/lib/python3.12/site-packages/airflow/example_dags/tutorial.py took 0.106 seconds
[2024-04-12T22:04:36.811+0000] {processor.py:161} INFO - Started process (PID=896) to work on /home/airflow/.local/lib/python3.12/site-packages/airflow/example_dags/tutorial.py
[2024-04-12T22:04:36.815+0000] {processor.py:830} INFO - Processing file /home/airflow/.local/lib/python3.12/site-packages/airflow/example_dags/tutorial.py for tasks to queue
[2024-04-12T22:04:36.819+0000] {logging_mixin.py:188} INFO - [2024-04-12T22:04:36.818+0000] {dagbag.py:540} INFO - Filling up the DagBag from /home/airflow/.local/lib/python3.12/site-packages/airflow/example_dags/tutorial.py
[2024-04-12T22:04:36.835+0000] {processor.py:840} INFO - DAG(s) 'tutorial' retrieved from /home/airflow/.local/lib/python3.12/site-packages/airflow/example_dags/tutorial.py
[2024-04-12T22:04:36.880+0000] {logging_mixin.py:188} INFO - [2024-04-12T22:04:36.879+0000] {dag.py:3096} INFO - Sync 1 DAGs
[2024-04-12T22:04:37.219+0000] {logging_mixin.py:188} INFO - [2024-04-12T22:04:37.219+0000] {dag.py:3954} INFO - Setting next_dagrun for tutorial to 2024-04-11 00:00:00+00:00, run_after=2024-04-12 00:00:00+00:00
[2024-04-12T22:04:37.275+0000] {processor.py:183} INFO - Processing /home/airflow/.local/lib/python3.12/site-packages/airflow/example_dags/tutorial.py took 0.481 seconds
[2024-04-12T22:05:07.667+0000] {processor.py:161} INFO - Started process (PID=955) to work on /home/airflow/.local/lib/python3.12/site-packages/airflow/example_dags/tutorial.py
[2024-04-12T22:05:07.668+0000] {processor.py:830} INFO - Processing file /home/airflow/.local/lib/python3.12/site-packages/airflow/example_dags/tutorial.py for tasks to queue
[2024-04-12T22:05:07.671+0000] {logging_mixin.py:188} INFO - [2024-04-12T22:05:07.670+0000] {dagbag.py:540} INFO - Filling up the DagBag from /home/airflow/.local/lib/python3.12/site-packages/airflow/example_dags/tutorial.py
[2024-04-12T22:05:07.677+0000] {processor.py:840} INFO - DAG(s) 'tutorial' retrieved from /home/airflow/.local/lib/python3.12/site-packages/airflow/example_dags/tutorial.py
[2024-04-12T22:05:07.700+0000] {logging_mixin.py:188} INFO - [2024-04-12T22:05:07.699+0000] {dag.py:3096} INFO - Sync 1 DAGs
[2024-04-12T22:05:07.733+0000] {logging_mixin.py:188} INFO - [2024-04-12T22:05:07.733+0000] {dag.py:3954} INFO - Setting next_dagrun for tutorial to 2024-04-11 00:00:00+00:00, run_after=2024-04-12 00:00:00+00:00
[2024-04-12T22:05:07.763+0000] {processor.py:183} INFO - Processing /home/airflow/.local/lib/python3.12/site-packages/airflow/example_dags/tutorial.py took 0.102 seconds
[2024-04-12T22:05:37.910+0000] {processor.py:161} INFO - Started process (PID=1014) to work on /home/airflow/.local/lib/python3.12/site-packages/airflow/example_dags/tutorial.py
[2024-04-12T22:05:37.912+0000] {processor.py:830} INFO - Processing file /home/airflow/.local/lib/python3.12/site-packages/airflow/example_dags/tutorial.py for tasks to queue
[2024-04-12T22:05:37.914+0000] {logging_mixin.py:188} INFO - [2024-04-12T22:05:37.913+0000] {dagbag.py:540} INFO - Filling up the DagBag from /home/airflow/.local/lib/python3.12/site-packages/airflow/example_dags/tutorial.py
[2024-04-12T22:05:37.922+0000] {processor.py:840} INFO - DAG(s) 'tutorial' retrieved from /home/airflow/.local/lib/python3.12/site-packages/airflow/example_dags/tutorial.py
[2024-04-12T22:05:37.947+0000] {logging_mixin.py:188} INFO - [2024-04-12T22:05:37.947+0000] {dag.py:3096} INFO - Sync 1 DAGs
[2024-04-12T22:05:37.976+0000] {logging_mixin.py:188} INFO - [2024-04-12T22:05:37.976+0000] {dag.py:3954} INFO - Setting next_dagrun for tutorial to 2024-04-11 00:00:00+00:00, run_after=2024-04-12 00:00:00+00:00
[2024-04-12T22:05:38.003+0000] {processor.py:183} INFO - Processing /home/airflow/.local/lib/python3.12/site-packages/airflow/example_dags/tutorial.py took 0.099 seconds
