[2024-04-12T21:15:18.841+0000] {processor.py:161} INFO - Started process (PID=110) to work on /home/airflow/.local/lib/python3.12/site-packages/airflow/example_dags/tutorial_taskflow_api.py
[2024-04-12T21:15:18.843+0000] {processor.py:830} INFO - Processing file /home/airflow/.local/lib/python3.12/site-packages/airflow/example_dags/tutorial_taskflow_api.py for tasks to queue
[2024-04-12T21:15:18.852+0000] {logging_mixin.py:188} INFO - [2024-04-12T21:15:18.851+0000] {dagbag.py:540} INFO - Filling up the DagBag from /home/airflow/.local/lib/python3.12/site-packages/airflow/example_dags/tutorial_taskflow_api.py
[2024-04-12T21:15:18.874+0000] {processor.py:840} INFO - DAG(s) 'tutorial_taskflow_api' retrieved from /home/airflow/.local/lib/python3.12/site-packages/airflow/example_dags/tutorial_taskflow_api.py
[2024-04-12T21:15:19.199+0000] {logging_mixin.py:188} INFO - [2024-04-12T21:15:19.199+0000] {dag.py:3096} INFO - Sync 1 DAGs
[2024-04-12T21:15:19.237+0000] {logging_mixin.py:188} INFO - [2024-04-12T21:15:19.236+0000] {dag.py:3954} INFO - Setting next_dagrun for tutorial_taskflow_api to None, run_after=None
[2024-04-12T21:15:19.330+0000] {processor.py:183} INFO - Processing /home/airflow/.local/lib/python3.12/site-packages/airflow/example_dags/tutorial_taskflow_api.py took 0.504 seconds
[2024-04-12T21:15:50.044+0000] {processor.py:161} INFO - Started process (PID=169) to work on /home/airflow/.local/lib/python3.12/site-packages/airflow/example_dags/tutorial_taskflow_api.py
[2024-04-12T21:15:50.047+0000] {processor.py:830} INFO - Processing file /home/airflow/.local/lib/python3.12/site-packages/airflow/example_dags/tutorial_taskflow_api.py for tasks to queue
[2024-04-12T21:15:50.055+0000] {logging_mixin.py:188} INFO - [2024-04-12T21:15:50.054+0000] {dagbag.py:540} INFO - Filling up the DagBag from /home/airflow/.local/lib/python3.12/site-packages/airflow/example_dags/tutorial_taskflow_api.py
[2024-04-12T21:15:50.072+0000] {processor.py:840} INFO - DAG(s) 'tutorial_taskflow_api' retrieved from /home/airflow/.local/lib/python3.12/site-packages/airflow/example_dags/tutorial_taskflow_api.py
[2024-04-12T21:15:50.277+0000] {logging_mixin.py:188} INFO - [2024-04-12T21:15:50.277+0000] {dag.py:3096} INFO - Sync 1 DAGs
[2024-04-12T21:15:50.334+0000] {logging_mixin.py:188} INFO - [2024-04-12T21:15:50.334+0000] {dag.py:3954} INFO - Setting next_dagrun for tutorial_taskflow_api to None, run_after=None
[2024-04-12T21:15:50.403+0000] {processor.py:183} INFO - Processing /home/airflow/.local/lib/python3.12/site-packages/airflow/example_dags/tutorial_taskflow_api.py took 0.381 seconds
[2024-04-12T21:16:20.740+0000] {processor.py:161} INFO - Started process (PID=226) to work on /home/airflow/.local/lib/python3.12/site-packages/airflow/example_dags/tutorial_taskflow_api.py
[2024-04-12T21:16:20.741+0000] {processor.py:830} INFO - Processing file /home/airflow/.local/lib/python3.12/site-packages/airflow/example_dags/tutorial_taskflow_api.py for tasks to queue
[2024-04-12T21:16:20.743+0000] {logging_mixin.py:188} INFO - [2024-04-12T21:16:20.743+0000] {dagbag.py:540} INFO - Filling up the DagBag from /home/airflow/.local/lib/python3.12/site-packages/airflow/example_dags/tutorial_taskflow_api.py
[2024-04-12T21:16:20.751+0000] {processor.py:840} INFO - DAG(s) 'tutorial_taskflow_api' retrieved from /home/airflow/.local/lib/python3.12/site-packages/airflow/example_dags/tutorial_taskflow_api.py
[2024-04-12T21:16:20.774+0000] {logging_mixin.py:188} INFO - [2024-04-12T21:16:20.773+0000] {dag.py:3096} INFO - Sync 1 DAGs
[2024-04-12T21:16:20.789+0000] {logging_mixin.py:188} INFO - [2024-04-12T21:16:20.789+0000] {dag.py:3954} INFO - Setting next_dagrun for tutorial_taskflow_api to None, run_after=None
[2024-04-12T21:16:20.814+0000] {processor.py:183} INFO - Processing /home/airflow/.local/lib/python3.12/site-packages/airflow/example_dags/tutorial_taskflow_api.py took 0.081 seconds
[2024-04-12T21:16:51.486+0000] {processor.py:161} INFO - Started process (PID=283) to work on /home/airflow/.local/lib/python3.12/site-packages/airflow/example_dags/tutorial_taskflow_api.py
[2024-04-12T21:16:51.488+0000] {processor.py:830} INFO - Processing file /home/airflow/.local/lib/python3.12/site-packages/airflow/example_dags/tutorial_taskflow_api.py for tasks to queue
[2024-04-12T21:16:51.491+0000] {logging_mixin.py:188} INFO - [2024-04-12T21:16:51.490+0000] {dagbag.py:540} INFO - Filling up the DagBag from /home/airflow/.local/lib/python3.12/site-packages/airflow/example_dags/tutorial_taskflow_api.py
[2024-04-12T21:16:51.509+0000] {processor.py:840} INFO - DAG(s) 'tutorial_taskflow_api' retrieved from /home/airflow/.local/lib/python3.12/site-packages/airflow/example_dags/tutorial_taskflow_api.py
[2024-04-12T21:16:51.559+0000] {logging_mixin.py:188} INFO - [2024-04-12T21:16:51.559+0000] {dag.py:3096} INFO - Sync 1 DAGs
[2024-04-12T21:16:51.588+0000] {logging_mixin.py:188} INFO - [2024-04-12T21:16:51.587+0000] {dag.py:3954} INFO - Setting next_dagrun for tutorial_taskflow_api to None, run_after=None
[2024-04-12T21:16:51.637+0000] {processor.py:183} INFO - Processing /home/airflow/.local/lib/python3.12/site-packages/airflow/example_dags/tutorial_taskflow_api.py took 0.164 seconds
[2024-04-12T21:17:21.803+0000] {processor.py:161} INFO - Started process (PID=341) to work on /home/airflow/.local/lib/python3.12/site-packages/airflow/example_dags/tutorial_taskflow_api.py
[2024-04-12T21:17:21.805+0000] {processor.py:830} INFO - Processing file /home/airflow/.local/lib/python3.12/site-packages/airflow/example_dags/tutorial_taskflow_api.py for tasks to queue
[2024-04-12T21:17:21.808+0000] {logging_mixin.py:188} INFO - [2024-04-12T21:17:21.808+0000] {dagbag.py:540} INFO - Filling up the DagBag from /home/airflow/.local/lib/python3.12/site-packages/airflow/example_dags/tutorial_taskflow_api.py
[2024-04-12T21:17:21.820+0000] {processor.py:840} INFO - DAG(s) 'tutorial_taskflow_api' retrieved from /home/airflow/.local/lib/python3.12/site-packages/airflow/example_dags/tutorial_taskflow_api.py
[2024-04-12T21:17:21.877+0000] {logging_mixin.py:188} INFO - [2024-04-12T21:17:21.875+0000] {dag.py:3096} INFO - Sync 1 DAGs
[2024-04-12T21:17:21.919+0000] {logging_mixin.py:188} INFO - [2024-04-12T21:17:21.918+0000] {dag.py:3954} INFO - Setting next_dagrun for tutorial_taskflow_api to None, run_after=None
[2024-04-12T21:17:21.973+0000] {processor.py:183} INFO - Processing /home/airflow/.local/lib/python3.12/site-packages/airflow/example_dags/tutorial_taskflow_api.py took 0.186 seconds
[2024-04-12T21:17:52.137+0000] {processor.py:161} INFO - Started process (PID=399) to work on /home/airflow/.local/lib/python3.12/site-packages/airflow/example_dags/tutorial_taskflow_api.py
[2024-04-12T21:17:52.138+0000] {processor.py:830} INFO - Processing file /home/airflow/.local/lib/python3.12/site-packages/airflow/example_dags/tutorial_taskflow_api.py for tasks to queue
[2024-04-12T21:17:52.141+0000] {logging_mixin.py:188} INFO - [2024-04-12T21:17:52.141+0000] {dagbag.py:540} INFO - Filling up the DagBag from /home/airflow/.local/lib/python3.12/site-packages/airflow/example_dags/tutorial_taskflow_api.py
[2024-04-12T21:17:52.151+0000] {processor.py:840} INFO - DAG(s) 'tutorial_taskflow_api' retrieved from /home/airflow/.local/lib/python3.12/site-packages/airflow/example_dags/tutorial_taskflow_api.py
[2024-04-12T21:17:52.176+0000] {logging_mixin.py:188} INFO - [2024-04-12T21:17:52.175+0000] {dag.py:3096} INFO - Sync 1 DAGs
[2024-04-12T21:17:52.194+0000] {logging_mixin.py:188} INFO - [2024-04-12T21:17:52.194+0000] {dag.py:3954} INFO - Setting next_dagrun for tutorial_taskflow_api to None, run_after=None
[2024-04-12T21:17:52.223+0000] {processor.py:183} INFO - Processing /home/airflow/.local/lib/python3.12/site-packages/airflow/example_dags/tutorial_taskflow_api.py took 0.094 seconds
[2024-04-12T21:18:22.400+0000] {processor.py:161} INFO - Started process (PID=459) to work on /home/airflow/.local/lib/python3.12/site-packages/airflow/example_dags/tutorial_taskflow_api.py
[2024-04-12T21:18:22.401+0000] {processor.py:830} INFO - Processing file /home/airflow/.local/lib/python3.12/site-packages/airflow/example_dags/tutorial_taskflow_api.py for tasks to queue
[2024-04-12T21:18:22.404+0000] {logging_mixin.py:188} INFO - [2024-04-12T21:18:22.404+0000] {dagbag.py:540} INFO - Filling up the DagBag from /home/airflow/.local/lib/python3.12/site-packages/airflow/example_dags/tutorial_taskflow_api.py
[2024-04-12T21:18:22.413+0000] {processor.py:840} INFO - DAG(s) 'tutorial_taskflow_api' retrieved from /home/airflow/.local/lib/python3.12/site-packages/airflow/example_dags/tutorial_taskflow_api.py
[2024-04-12T21:18:22.444+0000] {logging_mixin.py:188} INFO - [2024-04-12T21:18:22.444+0000] {dag.py:3096} INFO - Sync 1 DAGs
[2024-04-12T21:18:22.462+0000] {logging_mixin.py:188} INFO - [2024-04-12T21:18:22.462+0000] {dag.py:3954} INFO - Setting next_dagrun for tutorial_taskflow_api to None, run_after=None
[2024-04-12T21:18:22.492+0000] {processor.py:183} INFO - Processing /home/airflow/.local/lib/python3.12/site-packages/airflow/example_dags/tutorial_taskflow_api.py took 0.099 seconds
[2024-04-12T21:18:52.655+0000] {processor.py:161} INFO - Started process (PID=517) to work on /home/airflow/.local/lib/python3.12/site-packages/airflow/example_dags/tutorial_taskflow_api.py
[2024-04-12T21:18:52.656+0000] {processor.py:830} INFO - Processing file /home/airflow/.local/lib/python3.12/site-packages/airflow/example_dags/tutorial_taskflow_api.py for tasks to queue
[2024-04-12T21:18:52.658+0000] {logging_mixin.py:188} INFO - [2024-04-12T21:18:52.658+0000] {dagbag.py:540} INFO - Filling up the DagBag from /home/airflow/.local/lib/python3.12/site-packages/airflow/example_dags/tutorial_taskflow_api.py
[2024-04-12T21:18:52.668+0000] {processor.py:840} INFO - DAG(s) 'tutorial_taskflow_api' retrieved from /home/airflow/.local/lib/python3.12/site-packages/airflow/example_dags/tutorial_taskflow_api.py
[2024-04-12T21:18:52.693+0000] {logging_mixin.py:188} INFO - [2024-04-12T21:18:52.693+0000] {dag.py:3096} INFO - Sync 1 DAGs
[2024-04-12T21:18:52.708+0000] {logging_mixin.py:188} INFO - [2024-04-12T21:18:52.708+0000] {dag.py:3954} INFO - Setting next_dagrun for tutorial_taskflow_api to None, run_after=None
[2024-04-12T21:18:52.732+0000] {processor.py:183} INFO - Processing /home/airflow/.local/lib/python3.12/site-packages/airflow/example_dags/tutorial_taskflow_api.py took 0.084 seconds
[2024-04-12T21:19:22.898+0000] {processor.py:161} INFO - Started process (PID=576) to work on /home/airflow/.local/lib/python3.12/site-packages/airflow/example_dags/tutorial_taskflow_api.py
[2024-04-12T21:19:22.899+0000] {processor.py:830} INFO - Processing file /home/airflow/.local/lib/python3.12/site-packages/airflow/example_dags/tutorial_taskflow_api.py for tasks to queue
[2024-04-12T21:19:22.902+0000] {logging_mixin.py:188} INFO - [2024-04-12T21:19:22.902+0000] {dagbag.py:540} INFO - Filling up the DagBag from /home/airflow/.local/lib/python3.12/site-packages/airflow/example_dags/tutorial_taskflow_api.py
[2024-04-12T21:19:22.911+0000] {processor.py:840} INFO - DAG(s) 'tutorial_taskflow_api' retrieved from /home/airflow/.local/lib/python3.12/site-packages/airflow/example_dags/tutorial_taskflow_api.py
[2024-04-12T21:19:22.936+0000] {logging_mixin.py:188} INFO - [2024-04-12T21:19:22.936+0000] {dag.py:3096} INFO - Sync 1 DAGs
[2024-04-12T21:19:22.953+0000] {logging_mixin.py:188} INFO - [2024-04-12T21:19:22.953+0000] {dag.py:3954} INFO - Setting next_dagrun for tutorial_taskflow_api to None, run_after=None
[2024-04-12T21:19:22.977+0000] {processor.py:183} INFO - Processing /home/airflow/.local/lib/python3.12/site-packages/airflow/example_dags/tutorial_taskflow_api.py took 0.086 seconds
[2024-04-12T21:19:53.344+0000] {processor.py:161} INFO - Started process (PID=633) to work on /home/airflow/.local/lib/python3.12/site-packages/airflow/example_dags/tutorial_taskflow_api.py
[2024-04-12T21:19:53.345+0000] {processor.py:830} INFO - Processing file /home/airflow/.local/lib/python3.12/site-packages/airflow/example_dags/tutorial_taskflow_api.py for tasks to queue
[2024-04-12T21:19:53.348+0000] {logging_mixin.py:188} INFO - [2024-04-12T21:19:53.347+0000] {dagbag.py:540} INFO - Filling up the DagBag from /home/airflow/.local/lib/python3.12/site-packages/airflow/example_dags/tutorial_taskflow_api.py
[2024-04-12T21:19:53.355+0000] {processor.py:840} INFO - DAG(s) 'tutorial_taskflow_api' retrieved from /home/airflow/.local/lib/python3.12/site-packages/airflow/example_dags/tutorial_taskflow_api.py
[2024-04-12T21:19:53.380+0000] {logging_mixin.py:188} INFO - [2024-04-12T21:19:53.379+0000] {dag.py:3096} INFO - Sync 1 DAGs
[2024-04-12T21:19:53.398+0000] {logging_mixin.py:188} INFO - [2024-04-12T21:19:53.398+0000] {dag.py:3954} INFO - Setting next_dagrun for tutorial_taskflow_api to None, run_after=None
[2024-04-12T21:19:53.422+0000] {processor.py:183} INFO - Processing /home/airflow/.local/lib/python3.12/site-packages/airflow/example_dags/tutorial_taskflow_api.py took 0.085 seconds
[2024-04-12T21:20:23.532+0000] {processor.py:161} INFO - Started process (PID=691) to work on /home/airflow/.local/lib/python3.12/site-packages/airflow/example_dags/tutorial_taskflow_api.py
[2024-04-12T21:20:23.533+0000] {processor.py:830} INFO - Processing file /home/airflow/.local/lib/python3.12/site-packages/airflow/example_dags/tutorial_taskflow_api.py for tasks to queue
[2024-04-12T21:20:23.536+0000] {logging_mixin.py:188} INFO - [2024-04-12T21:20:23.535+0000] {dagbag.py:540} INFO - Filling up the DagBag from /home/airflow/.local/lib/python3.12/site-packages/airflow/example_dags/tutorial_taskflow_api.py
[2024-04-12T21:20:23.543+0000] {processor.py:840} INFO - DAG(s) 'tutorial_taskflow_api' retrieved from /home/airflow/.local/lib/python3.12/site-packages/airflow/example_dags/tutorial_taskflow_api.py
[2024-04-12T21:20:23.572+0000] {logging_mixin.py:188} INFO - [2024-04-12T21:20:23.572+0000] {dag.py:3096} INFO - Sync 1 DAGs
[2024-04-12T21:20:23.591+0000] {logging_mixin.py:188} INFO - [2024-04-12T21:20:23.591+0000] {dag.py:3954} INFO - Setting next_dagrun for tutorial_taskflow_api to None, run_after=None
[2024-04-12T21:20:23.618+0000] {processor.py:183} INFO - Processing /home/airflow/.local/lib/python3.12/site-packages/airflow/example_dags/tutorial_taskflow_api.py took 0.094 seconds
[2024-04-12T21:20:54.578+0000] {processor.py:161} INFO - Started process (PID=750) to work on /home/airflow/.local/lib/python3.12/site-packages/airflow/example_dags/tutorial_taskflow_api.py
[2024-04-12T21:20:54.580+0000] {processor.py:830} INFO - Processing file /home/airflow/.local/lib/python3.12/site-packages/airflow/example_dags/tutorial_taskflow_api.py for tasks to queue
[2024-04-12T21:20:54.583+0000] {logging_mixin.py:188} INFO - [2024-04-12T21:20:54.582+0000] {dagbag.py:540} INFO - Filling up the DagBag from /home/airflow/.local/lib/python3.12/site-packages/airflow/example_dags/tutorial_taskflow_api.py
[2024-04-12T21:20:54.597+0000] {processor.py:840} INFO - DAG(s) 'tutorial_taskflow_api' retrieved from /home/airflow/.local/lib/python3.12/site-packages/airflow/example_dags/tutorial_taskflow_api.py
[2024-04-12T21:20:54.629+0000] {logging_mixin.py:188} INFO - [2024-04-12T21:20:54.629+0000] {dag.py:3096} INFO - Sync 1 DAGs
[2024-04-12T21:20:54.676+0000] {logging_mixin.py:188} INFO - [2024-04-12T21:20:54.676+0000] {dag.py:3954} INFO - Setting next_dagrun for tutorial_taskflow_api to None, run_after=None
[2024-04-12T21:20:54.750+0000] {processor.py:183} INFO - Processing /home/airflow/.local/lib/python3.12/site-packages/airflow/example_dags/tutorial_taskflow_api.py took 0.189 seconds
[2024-04-12T21:21:25.002+0000] {processor.py:161} INFO - Started process (PID=808) to work on /home/airflow/.local/lib/python3.12/site-packages/airflow/example_dags/tutorial_taskflow_api.py
[2024-04-12T21:21:25.004+0000] {processor.py:830} INFO - Processing file /home/airflow/.local/lib/python3.12/site-packages/airflow/example_dags/tutorial_taskflow_api.py for tasks to queue
[2024-04-12T21:21:25.009+0000] {logging_mixin.py:188} INFO - [2024-04-12T21:21:25.008+0000] {dagbag.py:540} INFO - Filling up the DagBag from /home/airflow/.local/lib/python3.12/site-packages/airflow/example_dags/tutorial_taskflow_api.py
[2024-04-12T21:21:25.030+0000] {processor.py:840} INFO - DAG(s) 'tutorial_taskflow_api' retrieved from /home/airflow/.local/lib/python3.12/site-packages/airflow/example_dags/tutorial_taskflow_api.py
[2024-04-12T21:21:25.089+0000] {logging_mixin.py:188} INFO - [2024-04-12T21:21:25.088+0000] {dag.py:3096} INFO - Sync 1 DAGs
[2024-04-12T21:21:25.145+0000] {logging_mixin.py:188} INFO - [2024-04-12T21:21:25.144+0000] {dag.py:3954} INFO - Setting next_dagrun for tutorial_taskflow_api to None, run_after=None
[2024-04-12T21:21:25.178+0000] {processor.py:183} INFO - Processing /home/airflow/.local/lib/python3.12/site-packages/airflow/example_dags/tutorial_taskflow_api.py took 0.191 seconds
[2024-04-12T21:21:55.768+0000] {processor.py:161} INFO - Started process (PID=866) to work on /home/airflow/.local/lib/python3.12/site-packages/airflow/example_dags/tutorial_taskflow_api.py
[2024-04-12T21:21:55.770+0000] {processor.py:830} INFO - Processing file /home/airflow/.local/lib/python3.12/site-packages/airflow/example_dags/tutorial_taskflow_api.py for tasks to queue
[2024-04-12T21:21:55.773+0000] {logging_mixin.py:188} INFO - [2024-04-12T21:21:55.772+0000] {dagbag.py:540} INFO - Filling up the DagBag from /home/airflow/.local/lib/python3.12/site-packages/airflow/example_dags/tutorial_taskflow_api.py
[2024-04-12T21:21:55.782+0000] {processor.py:840} INFO - DAG(s) 'tutorial_taskflow_api' retrieved from /home/airflow/.local/lib/python3.12/site-packages/airflow/example_dags/tutorial_taskflow_api.py
[2024-04-12T21:21:55.805+0000] {logging_mixin.py:188} INFO - [2024-04-12T21:21:55.805+0000] {dag.py:3096} INFO - Sync 1 DAGs
[2024-04-12T21:21:55.822+0000] {logging_mixin.py:188} INFO - [2024-04-12T21:21:55.821+0000] {dag.py:3954} INFO - Setting next_dagrun for tutorial_taskflow_api to None, run_after=None
[2024-04-12T21:21:55.848+0000] {processor.py:183} INFO - Processing /home/airflow/.local/lib/python3.12/site-packages/airflow/example_dags/tutorial_taskflow_api.py took 0.086 seconds
[2024-04-12T21:22:26.920+0000] {processor.py:161} INFO - Started process (PID=924) to work on /home/airflow/.local/lib/python3.12/site-packages/airflow/example_dags/tutorial_taskflow_api.py
[2024-04-12T21:22:26.921+0000] {processor.py:830} INFO - Processing file /home/airflow/.local/lib/python3.12/site-packages/airflow/example_dags/tutorial_taskflow_api.py for tasks to queue
[2024-04-12T21:22:26.924+0000] {logging_mixin.py:188} INFO - [2024-04-12T21:22:26.923+0000] {dagbag.py:540} INFO - Filling up the DagBag from /home/airflow/.local/lib/python3.12/site-packages/airflow/example_dags/tutorial_taskflow_api.py
[2024-04-12T21:22:26.933+0000] {processor.py:840} INFO - DAG(s) 'tutorial_taskflow_api' retrieved from /home/airflow/.local/lib/python3.12/site-packages/airflow/example_dags/tutorial_taskflow_api.py
[2024-04-12T21:22:26.962+0000] {logging_mixin.py:188} INFO - [2024-04-12T21:22:26.962+0000] {dag.py:3096} INFO - Sync 1 DAGs
[2024-04-12T21:22:26.977+0000] {logging_mixin.py:188} INFO - [2024-04-12T21:22:26.977+0000] {dag.py:3954} INFO - Setting next_dagrun for tutorial_taskflow_api to None, run_after=None
[2024-04-12T21:22:27.005+0000] {processor.py:183} INFO - Processing /home/airflow/.local/lib/python3.12/site-packages/airflow/example_dags/tutorial_taskflow_api.py took 0.094 seconds
[2024-04-12T21:22:57.782+0000] {processor.py:161} INFO - Started process (PID=981) to work on /home/airflow/.local/lib/python3.12/site-packages/airflow/example_dags/tutorial_taskflow_api.py
[2024-04-12T21:22:57.783+0000] {processor.py:830} INFO - Processing file /home/airflow/.local/lib/python3.12/site-packages/airflow/example_dags/tutorial_taskflow_api.py for tasks to queue
[2024-04-12T21:22:57.786+0000] {logging_mixin.py:188} INFO - [2024-04-12T21:22:57.785+0000] {dagbag.py:540} INFO - Filling up the DagBag from /home/airflow/.local/lib/python3.12/site-packages/airflow/example_dags/tutorial_taskflow_api.py
[2024-04-12T21:22:57.807+0000] {processor.py:840} INFO - DAG(s) 'tutorial_taskflow_api' retrieved from /home/airflow/.local/lib/python3.12/site-packages/airflow/example_dags/tutorial_taskflow_api.py
[2024-04-12T21:22:57.851+0000] {logging_mixin.py:188} INFO - [2024-04-12T21:22:57.851+0000] {dag.py:3096} INFO - Sync 1 DAGs
[2024-04-12T21:22:57.889+0000] {logging_mixin.py:188} INFO - [2024-04-12T21:22:57.889+0000] {dag.py:3954} INFO - Setting next_dagrun for tutorial_taskflow_api to None, run_after=None
[2024-04-12T21:22:58.159+0000] {processor.py:183} INFO - Processing /home/airflow/.local/lib/python3.12/site-packages/airflow/example_dags/tutorial_taskflow_api.py took 0.387 seconds
[2024-04-12T21:23:28.296+0000] {processor.py:161} INFO - Started process (PID=1040) to work on /home/airflow/.local/lib/python3.12/site-packages/airflow/example_dags/tutorial_taskflow_api.py
[2024-04-12T21:23:28.297+0000] {processor.py:830} INFO - Processing file /home/airflow/.local/lib/python3.12/site-packages/airflow/example_dags/tutorial_taskflow_api.py for tasks to queue
[2024-04-12T21:23:28.300+0000] {logging_mixin.py:188} INFO - [2024-04-12T21:23:28.300+0000] {dagbag.py:540} INFO - Filling up the DagBag from /home/airflow/.local/lib/python3.12/site-packages/airflow/example_dags/tutorial_taskflow_api.py
[2024-04-12T21:23:28.312+0000] {processor.py:840} INFO - DAG(s) 'tutorial_taskflow_api' retrieved from /home/airflow/.local/lib/python3.12/site-packages/airflow/example_dags/tutorial_taskflow_api.py
[2024-04-12T21:23:28.340+0000] {logging_mixin.py:188} INFO - [2024-04-12T21:23:28.340+0000] {dag.py:3096} INFO - Sync 1 DAGs
[2024-04-12T21:23:28.358+0000] {logging_mixin.py:188} INFO - [2024-04-12T21:23:28.358+0000] {dag.py:3954} INFO - Setting next_dagrun for tutorial_taskflow_api to None, run_after=None
[2024-04-12T21:23:28.395+0000] {processor.py:183} INFO - Processing /home/airflow/.local/lib/python3.12/site-packages/airflow/example_dags/tutorial_taskflow_api.py took 0.107 seconds
[2024-04-12T21:28:08.209+0000] {processor.py:161} INFO - Started process (PID=77) to work on /home/airflow/.local/lib/python3.12/site-packages/airflow/example_dags/tutorial_taskflow_api.py
[2024-04-12T21:28:08.210+0000] {processor.py:830} INFO - Processing file /home/airflow/.local/lib/python3.12/site-packages/airflow/example_dags/tutorial_taskflow_api.py for tasks to queue
[2024-04-12T21:28:08.213+0000] {logging_mixin.py:188} INFO - [2024-04-12T21:28:08.212+0000] {dagbag.py:540} INFO - Filling up the DagBag from /home/airflow/.local/lib/python3.12/site-packages/airflow/example_dags/tutorial_taskflow_api.py
[2024-04-12T21:28:08.223+0000] {processor.py:840} INFO - DAG(s) 'tutorial_taskflow_api' retrieved from /home/airflow/.local/lib/python3.12/site-packages/airflow/example_dags/tutorial_taskflow_api.py
[2024-04-12T21:28:08.390+0000] {logging_mixin.py:188} INFO - [2024-04-12T21:28:08.390+0000] {dag.py:3096} INFO - Sync 1 DAGs
[2024-04-12T21:28:08.407+0000] {logging_mixin.py:188} INFO - [2024-04-12T21:28:08.407+0000] {dag.py:3954} INFO - Setting next_dagrun for tutorial_taskflow_api to None, run_after=None
[2024-04-12T21:28:08.437+0000] {processor.py:183} INFO - Processing /home/airflow/.local/lib/python3.12/site-packages/airflow/example_dags/tutorial_taskflow_api.py took 0.237 seconds
[2024-04-12T21:28:40.262+0000] {processor.py:161} INFO - Started process (PID=134) to work on /home/airflow/.local/lib/python3.12/site-packages/airflow/example_dags/tutorial_taskflow_api.py
[2024-04-12T21:28:40.270+0000] {processor.py:830} INFO - Processing file /home/airflow/.local/lib/python3.12/site-packages/airflow/example_dags/tutorial_taskflow_api.py for tasks to queue
[2024-04-12T21:28:40.273+0000] {logging_mixin.py:188} INFO - [2024-04-12T21:28:40.272+0000] {dagbag.py:540} INFO - Filling up the DagBag from /home/airflow/.local/lib/python3.12/site-packages/airflow/example_dags/tutorial_taskflow_api.py
[2024-04-12T21:28:40.290+0000] {processor.py:840} INFO - DAG(s) 'tutorial_taskflow_api' retrieved from /home/airflow/.local/lib/python3.12/site-packages/airflow/example_dags/tutorial_taskflow_api.py
[2024-04-12T21:28:40.328+0000] {logging_mixin.py:188} INFO - [2024-04-12T21:28:40.327+0000] {dag.py:3096} INFO - Sync 1 DAGs
[2024-04-12T21:28:40.354+0000] {logging_mixin.py:188} INFO - [2024-04-12T21:28:40.354+0000] {dag.py:3954} INFO - Setting next_dagrun for tutorial_taskflow_api to None, run_after=None
[2024-04-12T21:28:40.391+0000] {processor.py:183} INFO - Processing /home/airflow/.local/lib/python3.12/site-packages/airflow/example_dags/tutorial_taskflow_api.py took 0.141 seconds
[2024-04-12T21:29:10.937+0000] {processor.py:161} INFO - Started process (PID=193) to work on /home/airflow/.local/lib/python3.12/site-packages/airflow/example_dags/tutorial_taskflow_api.py
[2024-04-12T21:29:10.939+0000] {processor.py:830} INFO - Processing file /home/airflow/.local/lib/python3.12/site-packages/airflow/example_dags/tutorial_taskflow_api.py for tasks to queue
[2024-04-12T21:29:10.941+0000] {logging_mixin.py:188} INFO - [2024-04-12T21:29:10.941+0000] {dagbag.py:540} INFO - Filling up the DagBag from /home/airflow/.local/lib/python3.12/site-packages/airflow/example_dags/tutorial_taskflow_api.py
[2024-04-12T21:29:10.951+0000] {processor.py:840} INFO - DAG(s) 'tutorial_taskflow_api' retrieved from /home/airflow/.local/lib/python3.12/site-packages/airflow/example_dags/tutorial_taskflow_api.py
[2024-04-12T21:29:10.975+0000] {logging_mixin.py:188} INFO - [2024-04-12T21:29:10.974+0000] {dag.py:3096} INFO - Sync 1 DAGs
[2024-04-12T21:29:10.990+0000] {logging_mixin.py:188} INFO - [2024-04-12T21:29:10.990+0000] {dag.py:3954} INFO - Setting next_dagrun for tutorial_taskflow_api to None, run_after=None
[2024-04-12T21:29:11.018+0000] {processor.py:183} INFO - Processing /home/airflow/.local/lib/python3.12/site-packages/airflow/example_dags/tutorial_taskflow_api.py took 0.088 seconds
[2024-04-12T21:57:28.210+0000] {processor.py:161} INFO - Started process (PID=77) to work on /home/airflow/.local/lib/python3.12/site-packages/airflow/example_dags/tutorial_taskflow_api.py
[2024-04-12T21:57:28.212+0000] {processor.py:830} INFO - Processing file /home/airflow/.local/lib/python3.12/site-packages/airflow/example_dags/tutorial_taskflow_api.py for tasks to queue
[2024-04-12T21:57:28.215+0000] {logging_mixin.py:188} INFO - [2024-04-12T21:57:28.215+0000] {dagbag.py:540} INFO - Filling up the DagBag from /home/airflow/.local/lib/python3.12/site-packages/airflow/example_dags/tutorial_taskflow_api.py
[2024-04-12T21:57:28.227+0000] {processor.py:840} INFO - DAG(s) 'tutorial_taskflow_api' retrieved from /home/airflow/.local/lib/python3.12/site-packages/airflow/example_dags/tutorial_taskflow_api.py
[2024-04-12T21:57:28.432+0000] {logging_mixin.py:188} INFO - [2024-04-12T21:57:28.431+0000] {dag.py:3096} INFO - Sync 1 DAGs
[2024-04-12T21:57:28.456+0000] {logging_mixin.py:188} INFO - [2024-04-12T21:57:28.456+0000] {dag.py:3954} INFO - Setting next_dagrun for tutorial_taskflow_api to None, run_after=None
[2024-04-12T21:57:28.506+0000] {processor.py:183} INFO - Processing /home/airflow/.local/lib/python3.12/site-packages/airflow/example_dags/tutorial_taskflow_api.py took 0.306 seconds
[2024-04-12T21:57:59.141+0000] {processor.py:161} INFO - Started process (PID=136) to work on /home/airflow/.local/lib/python3.12/site-packages/airflow/example_dags/tutorial_taskflow_api.py
[2024-04-12T21:57:59.142+0000] {processor.py:830} INFO - Processing file /home/airflow/.local/lib/python3.12/site-packages/airflow/example_dags/tutorial_taskflow_api.py for tasks to queue
[2024-04-12T21:57:59.144+0000] {logging_mixin.py:188} INFO - [2024-04-12T21:57:59.144+0000] {dagbag.py:540} INFO - Filling up the DagBag from /home/airflow/.local/lib/python3.12/site-packages/airflow/example_dags/tutorial_taskflow_api.py
[2024-04-12T21:57:59.152+0000] {processor.py:840} INFO - DAG(s) 'tutorial_taskflow_api' retrieved from /home/airflow/.local/lib/python3.12/site-packages/airflow/example_dags/tutorial_taskflow_api.py
[2024-04-12T21:57:59.173+0000] {logging_mixin.py:188} INFO - [2024-04-12T21:57:59.172+0000] {dag.py:3096} INFO - Sync 1 DAGs
[2024-04-12T21:57:59.188+0000] {logging_mixin.py:188} INFO - [2024-04-12T21:57:59.188+0000] {dag.py:3954} INFO - Setting next_dagrun for tutorial_taskflow_api to None, run_after=None
[2024-04-12T21:57:59.212+0000] {processor.py:183} INFO - Processing /home/airflow/.local/lib/python3.12/site-packages/airflow/example_dags/tutorial_taskflow_api.py took 0.077 seconds
[2024-04-12T21:58:29.687+0000] {processor.py:161} INFO - Started process (PID=195) to work on /home/airflow/.local/lib/python3.12/site-packages/airflow/example_dags/tutorial_taskflow_api.py
[2024-04-12T21:58:29.688+0000] {processor.py:830} INFO - Processing file /home/airflow/.local/lib/python3.12/site-packages/airflow/example_dags/tutorial_taskflow_api.py for tasks to queue
[2024-04-12T21:58:29.690+0000] {logging_mixin.py:188} INFO - [2024-04-12T21:58:29.690+0000] {dagbag.py:540} INFO - Filling up the DagBag from /home/airflow/.local/lib/python3.12/site-packages/airflow/example_dags/tutorial_taskflow_api.py
[2024-04-12T21:58:29.698+0000] {processor.py:840} INFO - DAG(s) 'tutorial_taskflow_api' retrieved from /home/airflow/.local/lib/python3.12/site-packages/airflow/example_dags/tutorial_taskflow_api.py
[2024-04-12T21:58:29.722+0000] {logging_mixin.py:188} INFO - [2024-04-12T21:58:29.722+0000] {dag.py:3096} INFO - Sync 1 DAGs
[2024-04-12T21:58:29.742+0000] {logging_mixin.py:188} INFO - [2024-04-12T21:58:29.741+0000] {dag.py:3954} INFO - Setting next_dagrun for tutorial_taskflow_api to None, run_after=None
[2024-04-12T21:58:29.785+0000] {processor.py:183} INFO - Processing /home/airflow/.local/lib/python3.12/site-packages/airflow/example_dags/tutorial_taskflow_api.py took 0.105 seconds
[2024-04-12T21:59:01.170+0000] {processor.py:161} INFO - Started process (PID=254) to work on /home/airflow/.local/lib/python3.12/site-packages/airflow/example_dags/tutorial_taskflow_api.py
[2024-04-12T21:59:01.171+0000] {processor.py:830} INFO - Processing file /home/airflow/.local/lib/python3.12/site-packages/airflow/example_dags/tutorial_taskflow_api.py for tasks to queue
[2024-04-12T21:59:01.174+0000] {logging_mixin.py:188} INFO - [2024-04-12T21:59:01.174+0000] {dagbag.py:540} INFO - Filling up the DagBag from /home/airflow/.local/lib/python3.12/site-packages/airflow/example_dags/tutorial_taskflow_api.py
[2024-04-12T21:59:01.183+0000] {processor.py:840} INFO - DAG(s) 'tutorial_taskflow_api' retrieved from /home/airflow/.local/lib/python3.12/site-packages/airflow/example_dags/tutorial_taskflow_api.py
[2024-04-12T21:59:01.207+0000] {logging_mixin.py:188} INFO - [2024-04-12T21:59:01.206+0000] {dag.py:3096} INFO - Sync 1 DAGs
[2024-04-12T21:59:01.221+0000] {logging_mixin.py:188} INFO - [2024-04-12T21:59:01.221+0000] {dag.py:3954} INFO - Setting next_dagrun for tutorial_taskflow_api to None, run_after=None
[2024-04-12T21:59:01.246+0000] {processor.py:183} INFO - Processing /home/airflow/.local/lib/python3.12/site-packages/airflow/example_dags/tutorial_taskflow_api.py took 0.082 seconds
[2024-04-12T21:59:31.994+0000] {processor.py:161} INFO - Started process (PID=313) to work on /home/airflow/.local/lib/python3.12/site-packages/airflow/example_dags/tutorial_taskflow_api.py
[2024-04-12T21:59:31.995+0000] {processor.py:830} INFO - Processing file /home/airflow/.local/lib/python3.12/site-packages/airflow/example_dags/tutorial_taskflow_api.py for tasks to queue
[2024-04-12T21:59:31.998+0000] {logging_mixin.py:188} INFO - [2024-04-12T21:59:31.997+0000] {dagbag.py:540} INFO - Filling up the DagBag from /home/airflow/.local/lib/python3.12/site-packages/airflow/example_dags/tutorial_taskflow_api.py
[2024-04-12T21:59:32.005+0000] {processor.py:840} INFO - DAG(s) 'tutorial_taskflow_api' retrieved from /home/airflow/.local/lib/python3.12/site-packages/airflow/example_dags/tutorial_taskflow_api.py
[2024-04-12T21:59:32.028+0000] {logging_mixin.py:188} INFO - [2024-04-12T21:59:32.028+0000] {dag.py:3096} INFO - Sync 1 DAGs
[2024-04-12T21:59:32.048+0000] {logging_mixin.py:188} INFO - [2024-04-12T21:59:32.048+0000] {dag.py:3954} INFO - Setting next_dagrun for tutorial_taskflow_api to None, run_after=None
[2024-04-12T21:59:32.073+0000] {processor.py:183} INFO - Processing /home/airflow/.local/lib/python3.12/site-packages/airflow/example_dags/tutorial_taskflow_api.py took 0.086 seconds
[2024-04-12T22:00:03.038+0000] {processor.py:161} INFO - Started process (PID=372) to work on /home/airflow/.local/lib/python3.12/site-packages/airflow/example_dags/tutorial_taskflow_api.py
[2024-04-12T22:00:03.040+0000] {processor.py:830} INFO - Processing file /home/airflow/.local/lib/python3.12/site-packages/airflow/example_dags/tutorial_taskflow_api.py for tasks to queue
[2024-04-12T22:00:03.047+0000] {logging_mixin.py:188} INFO - [2024-04-12T22:00:03.047+0000] {dagbag.py:540} INFO - Filling up the DagBag from /home/airflow/.local/lib/python3.12/site-packages/airflow/example_dags/tutorial_taskflow_api.py
[2024-04-12T22:00:03.056+0000] {processor.py:840} INFO - DAG(s) 'tutorial_taskflow_api' retrieved from /home/airflow/.local/lib/python3.12/site-packages/airflow/example_dags/tutorial_taskflow_api.py
[2024-04-12T22:00:03.099+0000] {logging_mixin.py:188} INFO - [2024-04-12T22:00:03.099+0000] {dag.py:3096} INFO - Sync 1 DAGs
[2024-04-12T22:00:03.123+0000] {logging_mixin.py:188} INFO - [2024-04-12T22:00:03.123+0000] {dag.py:3954} INFO - Setting next_dagrun for tutorial_taskflow_api to None, run_after=None
[2024-04-12T22:00:03.161+0000] {processor.py:183} INFO - Processing /home/airflow/.local/lib/python3.12/site-packages/airflow/example_dags/tutorial_taskflow_api.py took 0.131 seconds
[2024-04-12T22:00:33.289+0000] {processor.py:161} INFO - Started process (PID=430) to work on /home/airflow/.local/lib/python3.12/site-packages/airflow/example_dags/tutorial_taskflow_api.py
[2024-04-12T22:00:33.291+0000] {processor.py:830} INFO - Processing file /home/airflow/.local/lib/python3.12/site-packages/airflow/example_dags/tutorial_taskflow_api.py for tasks to queue
[2024-04-12T22:00:33.295+0000] {logging_mixin.py:188} INFO - [2024-04-12T22:00:33.295+0000] {dagbag.py:540} INFO - Filling up the DagBag from /home/airflow/.local/lib/python3.12/site-packages/airflow/example_dags/tutorial_taskflow_api.py
[2024-04-12T22:00:33.305+0000] {processor.py:840} INFO - DAG(s) 'tutorial_taskflow_api' retrieved from /home/airflow/.local/lib/python3.12/site-packages/airflow/example_dags/tutorial_taskflow_api.py
[2024-04-12T22:00:33.331+0000] {logging_mixin.py:188} INFO - [2024-04-12T22:00:33.331+0000] {dag.py:3096} INFO - Sync 1 DAGs
[2024-04-12T22:00:33.349+0000] {logging_mixin.py:188} INFO - [2024-04-12T22:00:33.349+0000] {dag.py:3954} INFO - Setting next_dagrun for tutorial_taskflow_api to None, run_after=None
[2024-04-12T22:00:33.375+0000] {processor.py:183} INFO - Processing /home/airflow/.local/lib/python3.12/site-packages/airflow/example_dags/tutorial_taskflow_api.py took 0.093 seconds
[2024-04-12T22:01:03.888+0000] {processor.py:161} INFO - Started process (PID=488) to work on /home/airflow/.local/lib/python3.12/site-packages/airflow/example_dags/tutorial_taskflow_api.py
[2024-04-12T22:01:03.889+0000] {processor.py:830} INFO - Processing file /home/airflow/.local/lib/python3.12/site-packages/airflow/example_dags/tutorial_taskflow_api.py for tasks to queue
[2024-04-12T22:01:03.891+0000] {logging_mixin.py:188} INFO - [2024-04-12T22:01:03.891+0000] {dagbag.py:540} INFO - Filling up the DagBag from /home/airflow/.local/lib/python3.12/site-packages/airflow/example_dags/tutorial_taskflow_api.py
[2024-04-12T22:01:03.898+0000] {processor.py:840} INFO - DAG(s) 'tutorial_taskflow_api' retrieved from /home/airflow/.local/lib/python3.12/site-packages/airflow/example_dags/tutorial_taskflow_api.py
[2024-04-12T22:01:03.922+0000] {logging_mixin.py:188} INFO - [2024-04-12T22:01:03.922+0000] {dag.py:3096} INFO - Sync 1 DAGs
[2024-04-12T22:01:03.937+0000] {logging_mixin.py:188} INFO - [2024-04-12T22:01:03.937+0000] {dag.py:3954} INFO - Setting next_dagrun for tutorial_taskflow_api to None, run_after=None
[2024-04-12T22:01:03.961+0000] {processor.py:183} INFO - Processing /home/airflow/.local/lib/python3.12/site-packages/airflow/example_dags/tutorial_taskflow_api.py took 0.081 seconds
[2024-04-12T22:01:34.674+0000] {processor.py:161} INFO - Started process (PID=547) to work on /home/airflow/.local/lib/python3.12/site-packages/airflow/example_dags/tutorial_taskflow_api.py
[2024-04-12T22:01:34.675+0000] {processor.py:830} INFO - Processing file /home/airflow/.local/lib/python3.12/site-packages/airflow/example_dags/tutorial_taskflow_api.py for tasks to queue
[2024-04-12T22:01:34.678+0000] {logging_mixin.py:188} INFO - [2024-04-12T22:01:34.677+0000] {dagbag.py:540} INFO - Filling up the DagBag from /home/airflow/.local/lib/python3.12/site-packages/airflow/example_dags/tutorial_taskflow_api.py
[2024-04-12T22:01:34.687+0000] {processor.py:840} INFO - DAG(s) 'tutorial_taskflow_api' retrieved from /home/airflow/.local/lib/python3.12/site-packages/airflow/example_dags/tutorial_taskflow_api.py
[2024-04-12T22:01:34.710+0000] {logging_mixin.py:188} INFO - [2024-04-12T22:01:34.710+0000] {dag.py:3096} INFO - Sync 1 DAGs
[2024-04-12T22:01:34.729+0000] {logging_mixin.py:188} INFO - [2024-04-12T22:01:34.729+0000] {dag.py:3954} INFO - Setting next_dagrun for tutorial_taskflow_api to None, run_after=None
[2024-04-12T22:01:34.755+0000] {processor.py:183} INFO - Processing /home/airflow/.local/lib/python3.12/site-packages/airflow/example_dags/tutorial_taskflow_api.py took 0.090 seconds
[2024-04-12T22:02:05.135+0000] {processor.py:161} INFO - Started process (PID=606) to work on /home/airflow/.local/lib/python3.12/site-packages/airflow/example_dags/tutorial_taskflow_api.py
[2024-04-12T22:02:05.137+0000] {processor.py:830} INFO - Processing file /home/airflow/.local/lib/python3.12/site-packages/airflow/example_dags/tutorial_taskflow_api.py for tasks to queue
[2024-04-12T22:02:05.148+0000] {logging_mixin.py:188} INFO - [2024-04-12T22:02:05.148+0000] {dagbag.py:540} INFO - Filling up the DagBag from /home/airflow/.local/lib/python3.12/site-packages/airflow/example_dags/tutorial_taskflow_api.py
[2024-04-12T22:02:05.164+0000] {processor.py:840} INFO - DAG(s) 'tutorial_taskflow_api' retrieved from /home/airflow/.local/lib/python3.12/site-packages/airflow/example_dags/tutorial_taskflow_api.py
[2024-04-12T22:02:05.224+0000] {logging_mixin.py:188} INFO - [2024-04-12T22:02:05.223+0000] {dag.py:3096} INFO - Sync 1 DAGs
[2024-04-12T22:02:05.265+0000] {logging_mixin.py:188} INFO - [2024-04-12T22:02:05.259+0000] {dag.py:3954} INFO - Setting next_dagrun for tutorial_taskflow_api to None, run_after=None
[2024-04-12T22:02:05.354+0000] {processor.py:183} INFO - Processing /home/airflow/.local/lib/python3.12/site-packages/airflow/example_dags/tutorial_taskflow_api.py took 0.227 seconds
[2024-04-12T22:02:36.029+0000] {processor.py:161} INFO - Started process (PID=665) to work on /home/airflow/.local/lib/python3.12/site-packages/airflow/example_dags/tutorial_taskflow_api.py
[2024-04-12T22:02:36.030+0000] {processor.py:830} INFO - Processing file /home/airflow/.local/lib/python3.12/site-packages/airflow/example_dags/tutorial_taskflow_api.py for tasks to queue
[2024-04-12T22:02:36.033+0000] {logging_mixin.py:188} INFO - [2024-04-12T22:02:36.033+0000] {dagbag.py:540} INFO - Filling up the DagBag from /home/airflow/.local/lib/python3.12/site-packages/airflow/example_dags/tutorial_taskflow_api.py
[2024-04-12T22:02:36.043+0000] {processor.py:840} INFO - DAG(s) 'tutorial_taskflow_api' retrieved from /home/airflow/.local/lib/python3.12/site-packages/airflow/example_dags/tutorial_taskflow_api.py
[2024-04-12T22:02:36.074+0000] {logging_mixin.py:188} INFO - [2024-04-12T22:02:36.074+0000] {dag.py:3096} INFO - Sync 1 DAGs
[2024-04-12T22:02:36.104+0000] {logging_mixin.py:188} INFO - [2024-04-12T22:02:36.103+0000] {dag.py:3954} INFO - Setting next_dagrun for tutorial_taskflow_api to None, run_after=None
[2024-04-12T22:02:36.147+0000] {processor.py:183} INFO - Processing /home/airflow/.local/lib/python3.12/site-packages/airflow/example_dags/tutorial_taskflow_api.py took 0.129 seconds
[2024-04-12T22:03:06.787+0000] {processor.py:161} INFO - Started process (PID=724) to work on /home/airflow/.local/lib/python3.12/site-packages/airflow/example_dags/tutorial_taskflow_api.py
[2024-04-12T22:03:06.788+0000] {processor.py:830} INFO - Processing file /home/airflow/.local/lib/python3.12/site-packages/airflow/example_dags/tutorial_taskflow_api.py for tasks to queue
[2024-04-12T22:03:06.791+0000] {logging_mixin.py:188} INFO - [2024-04-12T22:03:06.790+0000] {dagbag.py:540} INFO - Filling up the DagBag from /home/airflow/.local/lib/python3.12/site-packages/airflow/example_dags/tutorial_taskflow_api.py
[2024-04-12T22:03:06.799+0000] {processor.py:840} INFO - DAG(s) 'tutorial_taskflow_api' retrieved from /home/airflow/.local/lib/python3.12/site-packages/airflow/example_dags/tutorial_taskflow_api.py
[2024-04-12T22:03:06.822+0000] {logging_mixin.py:188} INFO - [2024-04-12T22:03:06.822+0000] {dag.py:3096} INFO - Sync 1 DAGs
[2024-04-12T22:03:06.838+0000] {logging_mixin.py:188} INFO - [2024-04-12T22:03:06.837+0000] {dag.py:3954} INFO - Setting next_dagrun for tutorial_taskflow_api to None, run_after=None
[2024-04-12T22:03:06.865+0000] {processor.py:183} INFO - Processing /home/airflow/.local/lib/python3.12/site-packages/airflow/example_dags/tutorial_taskflow_api.py took 0.084 seconds
[2024-04-12T22:03:37.172+0000] {processor.py:161} INFO - Started process (PID=783) to work on /home/airflow/.local/lib/python3.12/site-packages/airflow/example_dags/tutorial_taskflow_api.py
[2024-04-12T22:03:37.173+0000] {processor.py:830} INFO - Processing file /home/airflow/.local/lib/python3.12/site-packages/airflow/example_dags/tutorial_taskflow_api.py for tasks to queue
[2024-04-12T22:03:37.178+0000] {logging_mixin.py:188} INFO - [2024-04-12T22:03:37.177+0000] {dagbag.py:540} INFO - Filling up the DagBag from /home/airflow/.local/lib/python3.12/site-packages/airflow/example_dags/tutorial_taskflow_api.py
[2024-04-12T22:03:37.187+0000] {processor.py:840} INFO - DAG(s) 'tutorial_taskflow_api' retrieved from /home/airflow/.local/lib/python3.12/site-packages/airflow/example_dags/tutorial_taskflow_api.py
[2024-04-12T22:03:37.220+0000] {logging_mixin.py:188} INFO - [2024-04-12T22:03:37.220+0000] {dag.py:3096} INFO - Sync 1 DAGs
[2024-04-12T22:03:37.242+0000] {logging_mixin.py:188} INFO - [2024-04-12T22:03:37.242+0000] {dag.py:3954} INFO - Setting next_dagrun for tutorial_taskflow_api to None, run_after=None
[2024-04-12T22:03:37.277+0000] {processor.py:183} INFO - Processing /home/airflow/.local/lib/python3.12/site-packages/airflow/example_dags/tutorial_taskflow_api.py took 0.120 seconds
[2024-04-12T22:04:07.555+0000] {processor.py:161} INFO - Started process (PID=843) to work on /home/airflow/.local/lib/python3.12/site-packages/airflow/example_dags/tutorial_taskflow_api.py
[2024-04-12T22:04:07.556+0000] {processor.py:830} INFO - Processing file /home/airflow/.local/lib/python3.12/site-packages/airflow/example_dags/tutorial_taskflow_api.py for tasks to queue
[2024-04-12T22:04:07.560+0000] {logging_mixin.py:188} INFO - [2024-04-12T22:04:07.559+0000] {dagbag.py:540} INFO - Filling up the DagBag from /home/airflow/.local/lib/python3.12/site-packages/airflow/example_dags/tutorial_taskflow_api.py
[2024-04-12T22:04:07.571+0000] {processor.py:840} INFO - DAG(s) 'tutorial_taskflow_api' retrieved from /home/airflow/.local/lib/python3.12/site-packages/airflow/example_dags/tutorial_taskflow_api.py
[2024-04-12T22:04:07.600+0000] {logging_mixin.py:188} INFO - [2024-04-12T22:04:07.599+0000] {dag.py:3096} INFO - Sync 1 DAGs
[2024-04-12T22:04:07.619+0000] {logging_mixin.py:188} INFO - [2024-04-12T22:04:07.619+0000] {dag.py:3954} INFO - Setting next_dagrun for tutorial_taskflow_api to None, run_after=None
[2024-04-12T22:04:07.649+0000] {processor.py:183} INFO - Processing /home/airflow/.local/lib/python3.12/site-packages/airflow/example_dags/tutorial_taskflow_api.py took 0.101 seconds
[2024-04-12T22:04:38.621+0000] {processor.py:161} INFO - Started process (PID=902) to work on /home/airflow/.local/lib/python3.12/site-packages/airflow/example_dags/tutorial_taskflow_api.py
[2024-04-12T22:04:38.624+0000] {processor.py:830} INFO - Processing file /home/airflow/.local/lib/python3.12/site-packages/airflow/example_dags/tutorial_taskflow_api.py for tasks to queue
[2024-04-12T22:04:38.628+0000] {logging_mixin.py:188} INFO - [2024-04-12T22:04:38.628+0000] {dagbag.py:540} INFO - Filling up the DagBag from /home/airflow/.local/lib/python3.12/site-packages/airflow/example_dags/tutorial_taskflow_api.py
[2024-04-12T22:04:38.640+0000] {processor.py:840} INFO - DAG(s) 'tutorial_taskflow_api' retrieved from /home/airflow/.local/lib/python3.12/site-packages/airflow/example_dags/tutorial_taskflow_api.py
[2024-04-12T22:04:38.696+0000] {logging_mixin.py:188} INFO - [2024-04-12T22:04:38.696+0000] {dag.py:3096} INFO - Sync 1 DAGs
[2024-04-12T22:04:38.733+0000] {logging_mixin.py:188} INFO - [2024-04-12T22:04:38.733+0000] {dag.py:3954} INFO - Setting next_dagrun for tutorial_taskflow_api to None, run_after=None
[2024-04-12T22:04:38.961+0000] {processor.py:183} INFO - Processing /home/airflow/.local/lib/python3.12/site-packages/airflow/example_dags/tutorial_taskflow_api.py took 0.350 seconds
[2024-04-12T22:05:09.111+0000] {processor.py:161} INFO - Started process (PID=961) to work on /home/airflow/.local/lib/python3.12/site-packages/airflow/example_dags/tutorial_taskflow_api.py
[2024-04-12T22:05:09.113+0000] {processor.py:830} INFO - Processing file /home/airflow/.local/lib/python3.12/site-packages/airflow/example_dags/tutorial_taskflow_api.py for tasks to queue
[2024-04-12T22:05:09.116+0000] {logging_mixin.py:188} INFO - [2024-04-12T22:05:09.116+0000] {dagbag.py:540} INFO - Filling up the DagBag from /home/airflow/.local/lib/python3.12/site-packages/airflow/example_dags/tutorial_taskflow_api.py
[2024-04-12T22:05:09.127+0000] {processor.py:840} INFO - DAG(s) 'tutorial_taskflow_api' retrieved from /home/airflow/.local/lib/python3.12/site-packages/airflow/example_dags/tutorial_taskflow_api.py
[2024-04-12T22:05:09.153+0000] {logging_mixin.py:188} INFO - [2024-04-12T22:05:09.153+0000] {dag.py:3096} INFO - Sync 1 DAGs
[2024-04-12T22:05:09.172+0000] {logging_mixin.py:188} INFO - [2024-04-12T22:05:09.172+0000] {dag.py:3954} INFO - Setting next_dagrun for tutorial_taskflow_api to None, run_after=None
[2024-04-12T22:05:09.194+0000] {processor.py:183} INFO - Processing /home/airflow/.local/lib/python3.12/site-packages/airflow/example_dags/tutorial_taskflow_api.py took 0.091 seconds
[2024-04-12T22:05:39.381+0000] {processor.py:161} INFO - Started process (PID=1020) to work on /home/airflow/.local/lib/python3.12/site-packages/airflow/example_dags/tutorial_taskflow_api.py
[2024-04-12T22:05:39.382+0000] {processor.py:830} INFO - Processing file /home/airflow/.local/lib/python3.12/site-packages/airflow/example_dags/tutorial_taskflow_api.py for tasks to queue
[2024-04-12T22:05:39.385+0000] {logging_mixin.py:188} INFO - [2024-04-12T22:05:39.385+0000] {dagbag.py:540} INFO - Filling up the DagBag from /home/airflow/.local/lib/python3.12/site-packages/airflow/example_dags/tutorial_taskflow_api.py
[2024-04-12T22:05:39.396+0000] {processor.py:840} INFO - DAG(s) 'tutorial_taskflow_api' retrieved from /home/airflow/.local/lib/python3.12/site-packages/airflow/example_dags/tutorial_taskflow_api.py
[2024-04-12T22:05:39.419+0000] {logging_mixin.py:188} INFO - [2024-04-12T22:05:39.419+0000] {dag.py:3096} INFO - Sync 1 DAGs
[2024-04-12T22:05:39.435+0000] {logging_mixin.py:188} INFO - [2024-04-12T22:05:39.435+0000] {dag.py:3954} INFO - Setting next_dagrun for tutorial_taskflow_api to None, run_after=None
[2024-04-12T22:05:39.460+0000] {processor.py:183} INFO - Processing /home/airflow/.local/lib/python3.12/site-packages/airflow/example_dags/tutorial_taskflow_api.py took 0.089 seconds
