[2024-04-12T21:15:15.872+0000] {processor.py:161} INFO - Started process (PID=104) to work on /home/airflow/.local/lib/python3.12/site-packages/airflow/example_dags/tutorial_objectstorage.py
[2024-04-12T21:15:15.915+0000] {processor.py:830} INFO - Processing file /home/airflow/.local/lib/python3.12/site-packages/airflow/example_dags/tutorial_objectstorage.py for tasks to queue
[2024-04-12T21:15:15.932+0000] {logging_mixin.py:188} INFO - [2024-04-12T21:15:15.931+0000] {dagbag.py:540} INFO - Filling up the DagBag from /home/airflow/.local/lib/python3.12/site-packages/airflow/example_dags/tutorial_objectstorage.py
[2024-04-12T21:15:16.067+0000] {processor.py:840} INFO - DAG(s) 'tutorial_objectstorage' retrieved from /home/airflow/.local/lib/python3.12/site-packages/airflow/example_dags/tutorial_objectstorage.py
[2024-04-12T21:15:17.124+0000] {logging_mixin.py:188} INFO - [2024-04-12T21:15:17.123+0000] {dag.py:3096} INFO - Sync 1 DAGs
[2024-04-12T21:15:17.188+0000] {logging_mixin.py:188} INFO - [2024-04-12T21:15:17.188+0000] {dag.py:3954} INFO - Setting next_dagrun for tutorial_objectstorage to None, run_after=None
[2024-04-12T21:15:17.311+0000] {processor.py:183} INFO - Processing /home/airflow/.local/lib/python3.12/site-packages/airflow/example_dags/tutorial_objectstorage.py took 1.522 seconds
[2024-04-12T21:15:47.407+0000] {processor.py:161} INFO - Started process (PID=163) to work on /home/airflow/.local/lib/python3.12/site-packages/airflow/example_dags/tutorial_objectstorage.py
[2024-04-12T21:15:47.408+0000] {processor.py:830} INFO - Processing file /home/airflow/.local/lib/python3.12/site-packages/airflow/example_dags/tutorial_objectstorage.py for tasks to queue
[2024-04-12T21:15:47.411+0000] {logging_mixin.py:188} INFO - [2024-04-12T21:15:47.411+0000] {dagbag.py:540} INFO - Filling up the DagBag from /home/airflow/.local/lib/python3.12/site-packages/airflow/example_dags/tutorial_objectstorage.py
[2024-04-12T21:15:47.424+0000] {processor.py:840} INFO - DAG(s) 'tutorial_objectstorage' retrieved from /home/airflow/.local/lib/python3.12/site-packages/airflow/example_dags/tutorial_objectstorage.py
[2024-04-12T21:15:47.461+0000] {logging_mixin.py:188} INFO - [2024-04-12T21:15:47.460+0000] {dag.py:3096} INFO - Sync 1 DAGs
[2024-04-12T21:15:47.488+0000] {logging_mixin.py:188} INFO - [2024-04-12T21:15:47.488+0000] {dag.py:3954} INFO - Setting next_dagrun for tutorial_objectstorage to None, run_after=None
[2024-04-12T21:15:47.568+0000] {processor.py:183} INFO - Processing /home/airflow/.local/lib/python3.12/site-packages/airflow/example_dags/tutorial_objectstorage.py took 0.171 seconds
[2024-04-12T21:16:18.400+0000] {processor.py:161} INFO - Started process (PID=221) to work on /home/airflow/.local/lib/python3.12/site-packages/airflow/example_dags/tutorial_objectstorage.py
[2024-04-12T21:16:18.402+0000] {processor.py:830} INFO - Processing file /home/airflow/.local/lib/python3.12/site-packages/airflow/example_dags/tutorial_objectstorage.py for tasks to queue
[2024-04-12T21:16:18.407+0000] {logging_mixin.py:188} INFO - [2024-04-12T21:16:18.407+0000] {dagbag.py:540} INFO - Filling up the DagBag from /home/airflow/.local/lib/python3.12/site-packages/airflow/example_dags/tutorial_objectstorage.py
[2024-04-12T21:16:18.420+0000] {processor.py:840} INFO - DAG(s) 'tutorial_objectstorage' retrieved from /home/airflow/.local/lib/python3.12/site-packages/airflow/example_dags/tutorial_objectstorage.py
[2024-04-12T21:16:18.453+0000] {logging_mixin.py:188} INFO - [2024-04-12T21:16:18.453+0000] {dag.py:3096} INFO - Sync 1 DAGs
[2024-04-12T21:16:18.475+0000] {logging_mixin.py:188} INFO - [2024-04-12T21:16:18.475+0000] {dag.py:3954} INFO - Setting next_dagrun for tutorial_objectstorage to None, run_after=None
[2024-04-12T21:16:18.509+0000] {processor.py:183} INFO - Processing /home/airflow/.local/lib/python3.12/site-packages/airflow/example_dags/tutorial_objectstorage.py took 0.119 seconds
[2024-04-12T21:16:49.074+0000] {processor.py:161} INFO - Started process (PID=278) to work on /home/airflow/.local/lib/python3.12/site-packages/airflow/example_dags/tutorial_objectstorage.py
[2024-04-12T21:16:49.092+0000] {processor.py:830} INFO - Processing file /home/airflow/.local/lib/python3.12/site-packages/airflow/example_dags/tutorial_objectstorage.py for tasks to queue
[2024-04-12T21:16:49.101+0000] {logging_mixin.py:188} INFO - [2024-04-12T21:16:49.100+0000] {dagbag.py:540} INFO - Filling up the DagBag from /home/airflow/.local/lib/python3.12/site-packages/airflow/example_dags/tutorial_objectstorage.py
[2024-04-12T21:16:49.118+0000] {processor.py:840} INFO - DAG(s) 'tutorial_objectstorage' retrieved from /home/airflow/.local/lib/python3.12/site-packages/airflow/example_dags/tutorial_objectstorage.py
[2024-04-12T21:16:49.184+0000] {logging_mixin.py:188} INFO - [2024-04-12T21:16:49.183+0000] {dag.py:3096} INFO - Sync 1 DAGs
[2024-04-12T21:16:49.202+0000] {logging_mixin.py:188} INFO - [2024-04-12T21:16:49.202+0000] {dag.py:3954} INFO - Setting next_dagrun for tutorial_objectstorage to None, run_after=None
[2024-04-12T21:16:49.230+0000] {processor.py:183} INFO - Processing /home/airflow/.local/lib/python3.12/site-packages/airflow/example_dags/tutorial_objectstorage.py took 0.172 seconds
[2024-04-12T21:17:20.065+0000] {processor.py:161} INFO - Started process (PID=336) to work on /home/airflow/.local/lib/python3.12/site-packages/airflow/example_dags/tutorial_objectstorage.py
[2024-04-12T21:17:20.067+0000] {processor.py:830} INFO - Processing file /home/airflow/.local/lib/python3.12/site-packages/airflow/example_dags/tutorial_objectstorage.py for tasks to queue
[2024-04-12T21:17:20.070+0000] {logging_mixin.py:188} INFO - [2024-04-12T21:17:20.069+0000] {dagbag.py:540} INFO - Filling up the DagBag from /home/airflow/.local/lib/python3.12/site-packages/airflow/example_dags/tutorial_objectstorage.py
[2024-04-12T21:17:20.085+0000] {processor.py:840} INFO - DAG(s) 'tutorial_objectstorage' retrieved from /home/airflow/.local/lib/python3.12/site-packages/airflow/example_dags/tutorial_objectstorage.py
[2024-04-12T21:17:20.121+0000] {logging_mixin.py:188} INFO - [2024-04-12T21:17:20.121+0000] {dag.py:3096} INFO - Sync 1 DAGs
[2024-04-12T21:17:20.153+0000] {logging_mixin.py:188} INFO - [2024-04-12T21:17:20.153+0000] {dag.py:3954} INFO - Setting next_dagrun for tutorial_objectstorage to None, run_after=None
[2024-04-12T21:17:20.193+0000] {processor.py:183} INFO - Processing /home/airflow/.local/lib/python3.12/site-packages/airflow/example_dags/tutorial_objectstorage.py took 0.138 seconds
[2024-04-12T21:17:50.643+0000] {processor.py:161} INFO - Started process (PID=394) to work on /home/airflow/.local/lib/python3.12/site-packages/airflow/example_dags/tutorial_objectstorage.py
[2024-04-12T21:17:50.645+0000] {processor.py:830} INFO - Processing file /home/airflow/.local/lib/python3.12/site-packages/airflow/example_dags/tutorial_objectstorage.py for tasks to queue
[2024-04-12T21:17:50.648+0000] {logging_mixin.py:188} INFO - [2024-04-12T21:17:50.647+0000] {dagbag.py:540} INFO - Filling up the DagBag from /home/airflow/.local/lib/python3.12/site-packages/airflow/example_dags/tutorial_objectstorage.py
[2024-04-12T21:17:50.656+0000] {processor.py:840} INFO - DAG(s) 'tutorial_objectstorage' retrieved from /home/airflow/.local/lib/python3.12/site-packages/airflow/example_dags/tutorial_objectstorage.py
[2024-04-12T21:17:50.682+0000] {logging_mixin.py:188} INFO - [2024-04-12T21:17:50.681+0000] {dag.py:3096} INFO - Sync 1 DAGs
[2024-04-12T21:17:50.698+0000] {logging_mixin.py:188} INFO - [2024-04-12T21:17:50.698+0000] {dag.py:3954} INFO - Setting next_dagrun for tutorial_objectstorage to None, run_after=None
[2024-04-12T21:17:50.723+0000] {processor.py:183} INFO - Processing /home/airflow/.local/lib/python3.12/site-packages/airflow/example_dags/tutorial_objectstorage.py took 0.089 seconds
[2024-04-12T21:18:20.827+0000] {processor.py:161} INFO - Started process (PID=453) to work on /home/airflow/.local/lib/python3.12/site-packages/airflow/example_dags/tutorial_objectstorage.py
[2024-04-12T21:18:20.829+0000] {processor.py:830} INFO - Processing file /home/airflow/.local/lib/python3.12/site-packages/airflow/example_dags/tutorial_objectstorage.py for tasks to queue
[2024-04-12T21:18:20.832+0000] {logging_mixin.py:188} INFO - [2024-04-12T21:18:20.831+0000] {dagbag.py:540} INFO - Filling up the DagBag from /home/airflow/.local/lib/python3.12/site-packages/airflow/example_dags/tutorial_objectstorage.py
[2024-04-12T21:18:20.840+0000] {processor.py:840} INFO - DAG(s) 'tutorial_objectstorage' retrieved from /home/airflow/.local/lib/python3.12/site-packages/airflow/example_dags/tutorial_objectstorage.py
[2024-04-12T21:18:20.866+0000] {logging_mixin.py:188} INFO - [2024-04-12T21:18:20.865+0000] {dag.py:3096} INFO - Sync 1 DAGs
[2024-04-12T21:18:20.884+0000] {logging_mixin.py:188} INFO - [2024-04-12T21:18:20.883+0000] {dag.py:3954} INFO - Setting next_dagrun for tutorial_objectstorage to None, run_after=None
[2024-04-12T21:18:20.910+0000] {processor.py:183} INFO - Processing /home/airflow/.local/lib/python3.12/site-packages/airflow/example_dags/tutorial_objectstorage.py took 0.089 seconds
[2024-04-12T21:18:50.959+0000] {processor.py:161} INFO - Started process (PID=511) to work on /home/airflow/.local/lib/python3.12/site-packages/airflow/example_dags/tutorial_objectstorage.py
[2024-04-12T21:18:50.960+0000] {processor.py:830} INFO - Processing file /home/airflow/.local/lib/python3.12/site-packages/airflow/example_dags/tutorial_objectstorage.py for tasks to queue
[2024-04-12T21:18:50.963+0000] {logging_mixin.py:188} INFO - [2024-04-12T21:18:50.963+0000] {dagbag.py:540} INFO - Filling up the DagBag from /home/airflow/.local/lib/python3.12/site-packages/airflow/example_dags/tutorial_objectstorage.py
[2024-04-12T21:18:50.978+0000] {processor.py:840} INFO - DAG(s) 'tutorial_objectstorage' retrieved from /home/airflow/.local/lib/python3.12/site-packages/airflow/example_dags/tutorial_objectstorage.py
[2024-04-12T21:18:51.011+0000] {logging_mixin.py:188} INFO - [2024-04-12T21:18:51.009+0000] {dag.py:3096} INFO - Sync 1 DAGs
[2024-04-12T21:18:51.040+0000] {logging_mixin.py:188} INFO - [2024-04-12T21:18:51.040+0000] {dag.py:3954} INFO - Setting next_dagrun for tutorial_objectstorage to None, run_after=None
[2024-04-12T21:18:51.072+0000] {processor.py:183} INFO - Processing /home/airflow/.local/lib/python3.12/site-packages/airflow/example_dags/tutorial_objectstorage.py took 0.123 seconds
[2024-04-12T21:19:21.430+0000] {processor.py:161} INFO - Started process (PID=570) to work on /home/airflow/.local/lib/python3.12/site-packages/airflow/example_dags/tutorial_objectstorage.py
[2024-04-12T21:19:21.431+0000] {processor.py:830} INFO - Processing file /home/airflow/.local/lib/python3.12/site-packages/airflow/example_dags/tutorial_objectstorage.py for tasks to queue
[2024-04-12T21:19:21.434+0000] {logging_mixin.py:188} INFO - [2024-04-12T21:19:21.433+0000] {dagbag.py:540} INFO - Filling up the DagBag from /home/airflow/.local/lib/python3.12/site-packages/airflow/example_dags/tutorial_objectstorage.py
[2024-04-12T21:19:21.442+0000] {processor.py:840} INFO - DAG(s) 'tutorial_objectstorage' retrieved from /home/airflow/.local/lib/python3.12/site-packages/airflow/example_dags/tutorial_objectstorage.py
[2024-04-12T21:19:21.464+0000] {logging_mixin.py:188} INFO - [2024-04-12T21:19:21.463+0000] {dag.py:3096} INFO - Sync 1 DAGs
[2024-04-12T21:19:21.479+0000] {logging_mixin.py:188} INFO - [2024-04-12T21:19:21.479+0000] {dag.py:3954} INFO - Setting next_dagrun for tutorial_objectstorage to None, run_after=None
[2024-04-12T21:19:21.507+0000] {processor.py:183} INFO - Processing /home/airflow/.local/lib/python3.12/site-packages/airflow/example_dags/tutorial_objectstorage.py took 0.084 seconds
[2024-04-12T21:19:51.938+0000] {processor.py:161} INFO - Started process (PID=628) to work on /home/airflow/.local/lib/python3.12/site-packages/airflow/example_dags/tutorial_objectstorage.py
[2024-04-12T21:19:51.940+0000] {processor.py:830} INFO - Processing file /home/airflow/.local/lib/python3.12/site-packages/airflow/example_dags/tutorial_objectstorage.py for tasks to queue
[2024-04-12T21:19:51.942+0000] {logging_mixin.py:188} INFO - [2024-04-12T21:19:51.942+0000] {dagbag.py:540} INFO - Filling up the DagBag from /home/airflow/.local/lib/python3.12/site-packages/airflow/example_dags/tutorial_objectstorage.py
[2024-04-12T21:19:51.950+0000] {processor.py:840} INFO - DAG(s) 'tutorial_objectstorage' retrieved from /home/airflow/.local/lib/python3.12/site-packages/airflow/example_dags/tutorial_objectstorage.py
[2024-04-12T21:19:51.971+0000] {logging_mixin.py:188} INFO - [2024-04-12T21:19:51.971+0000] {dag.py:3096} INFO - Sync 1 DAGs
[2024-04-12T21:19:51.986+0000] {logging_mixin.py:188} INFO - [2024-04-12T21:19:51.986+0000] {dag.py:3954} INFO - Setting next_dagrun for tutorial_objectstorage to None, run_after=None
[2024-04-12T21:19:52.011+0000] {processor.py:183} INFO - Processing /home/airflow/.local/lib/python3.12/site-packages/airflow/example_dags/tutorial_objectstorage.py took 0.079 seconds
[2024-04-12T21:20:22.114+0000] {processor.py:161} INFO - Started process (PID=686) to work on /home/airflow/.local/lib/python3.12/site-packages/airflow/example_dags/tutorial_objectstorage.py
[2024-04-12T21:20:22.115+0000] {processor.py:830} INFO - Processing file /home/airflow/.local/lib/python3.12/site-packages/airflow/example_dags/tutorial_objectstorage.py for tasks to queue
[2024-04-12T21:20:22.118+0000] {logging_mixin.py:188} INFO - [2024-04-12T21:20:22.117+0000] {dagbag.py:540} INFO - Filling up the DagBag from /home/airflow/.local/lib/python3.12/site-packages/airflow/example_dags/tutorial_objectstorage.py
[2024-04-12T21:20:22.128+0000] {processor.py:840} INFO - DAG(s) 'tutorial_objectstorage' retrieved from /home/airflow/.local/lib/python3.12/site-packages/airflow/example_dags/tutorial_objectstorage.py
[2024-04-12T21:20:22.153+0000] {logging_mixin.py:188} INFO - [2024-04-12T21:20:22.153+0000] {dag.py:3096} INFO - Sync 1 DAGs
[2024-04-12T21:20:22.167+0000] {logging_mixin.py:188} INFO - [2024-04-12T21:20:22.167+0000] {dag.py:3954} INFO - Setting next_dagrun for tutorial_objectstorage to None, run_after=None
[2024-04-12T21:20:22.191+0000] {processor.py:183} INFO - Processing /home/airflow/.local/lib/python3.12/site-packages/airflow/example_dags/tutorial_objectstorage.py took 0.084 seconds
[2024-04-12T21:20:52.566+0000] {processor.py:161} INFO - Started process (PID=745) to work on /home/airflow/.local/lib/python3.12/site-packages/airflow/example_dags/tutorial_objectstorage.py
[2024-04-12T21:20:52.569+0000] {processor.py:830} INFO - Processing file /home/airflow/.local/lib/python3.12/site-packages/airflow/example_dags/tutorial_objectstorage.py for tasks to queue
[2024-04-12T21:20:52.574+0000] {logging_mixin.py:188} INFO - [2024-04-12T21:20:52.573+0000] {dagbag.py:540} INFO - Filling up the DagBag from /home/airflow/.local/lib/python3.12/site-packages/airflow/example_dags/tutorial_objectstorage.py
[2024-04-12T21:20:52.630+0000] {processor.py:840} INFO - DAG(s) 'tutorial_objectstorage' retrieved from /home/airflow/.local/lib/python3.12/site-packages/airflow/example_dags/tutorial_objectstorage.py
[2024-04-12T21:20:52.723+0000] {logging_mixin.py:188} INFO - [2024-04-12T21:20:52.723+0000] {dag.py:3096} INFO - Sync 1 DAGs
[2024-04-12T21:20:52.779+0000] {logging_mixin.py:188} INFO - [2024-04-12T21:20:52.778+0000] {dag.py:3954} INFO - Setting next_dagrun for tutorial_objectstorage to None, run_after=None
[2024-04-12T21:20:52.860+0000] {processor.py:183} INFO - Processing /home/airflow/.local/lib/python3.12/site-packages/airflow/example_dags/tutorial_objectstorage.py took 0.307 seconds
[2024-04-12T21:21:23.998+0000] {processor.py:161} INFO - Started process (PID=803) to work on /home/airflow/.local/lib/python3.12/site-packages/airflow/example_dags/tutorial_objectstorage.py
[2024-04-12T21:21:24.010+0000] {processor.py:830} INFO - Processing file /home/airflow/.local/lib/python3.12/site-packages/airflow/example_dags/tutorial_objectstorage.py for tasks to queue
[2024-04-12T21:21:24.013+0000] {logging_mixin.py:188} INFO - [2024-04-12T21:21:24.013+0000] {dagbag.py:540} INFO - Filling up the DagBag from /home/airflow/.local/lib/python3.12/site-packages/airflow/example_dags/tutorial_objectstorage.py
[2024-04-12T21:21:24.045+0000] {processor.py:840} INFO - DAG(s) 'tutorial_objectstorage' retrieved from /home/airflow/.local/lib/python3.12/site-packages/airflow/example_dags/tutorial_objectstorage.py
[2024-04-12T21:21:24.114+0000] {logging_mixin.py:188} INFO - [2024-04-12T21:21:24.114+0000] {dag.py:3096} INFO - Sync 1 DAGs
[2024-04-12T21:21:24.192+0000] {logging_mixin.py:188} INFO - [2024-04-12T21:21:24.192+0000] {dag.py:3954} INFO - Setting next_dagrun for tutorial_objectstorage to None, run_after=None
[2024-04-12T21:21:24.287+0000] {processor.py:183} INFO - Processing /home/airflow/.local/lib/python3.12/site-packages/airflow/example_dags/tutorial_objectstorage.py took 0.298 seconds
[2024-04-12T21:21:55.343+0000] {processor.py:161} INFO - Started process (PID=861) to work on /home/airflow/.local/lib/python3.12/site-packages/airflow/example_dags/tutorial_objectstorage.py
[2024-04-12T21:21:55.345+0000] {processor.py:830} INFO - Processing file /home/airflow/.local/lib/python3.12/site-packages/airflow/example_dags/tutorial_objectstorage.py for tasks to queue
[2024-04-12T21:21:55.347+0000] {logging_mixin.py:188} INFO - [2024-04-12T21:21:55.346+0000] {dagbag.py:540} INFO - Filling up the DagBag from /home/airflow/.local/lib/python3.12/site-packages/airflow/example_dags/tutorial_objectstorage.py
[2024-04-12T21:21:55.357+0000] {processor.py:840} INFO - DAG(s) 'tutorial_objectstorage' retrieved from /home/airflow/.local/lib/python3.12/site-packages/airflow/example_dags/tutorial_objectstorage.py
[2024-04-12T21:21:55.381+0000] {logging_mixin.py:188} INFO - [2024-04-12T21:21:55.381+0000] {dag.py:3096} INFO - Sync 1 DAGs
[2024-04-12T21:21:55.398+0000] {logging_mixin.py:188} INFO - [2024-04-12T21:21:55.398+0000] {dag.py:3954} INFO - Setting next_dagrun for tutorial_objectstorage to None, run_after=None
[2024-04-12T21:21:55.430+0000] {processor.py:183} INFO - Processing /home/airflow/.local/lib/python3.12/site-packages/airflow/example_dags/tutorial_objectstorage.py took 0.096 seconds
[2024-04-12T21:22:26.143+0000] {processor.py:161} INFO - Started process (PID=919) to work on /home/airflow/.local/lib/python3.12/site-packages/airflow/example_dags/tutorial_objectstorage.py
[2024-04-12T21:22:26.146+0000] {processor.py:830} INFO - Processing file /home/airflow/.local/lib/python3.12/site-packages/airflow/example_dags/tutorial_objectstorage.py for tasks to queue
[2024-04-12T21:22:26.153+0000] {logging_mixin.py:188} INFO - [2024-04-12T21:22:26.153+0000] {dagbag.py:540} INFO - Filling up the DagBag from /home/airflow/.local/lib/python3.12/site-packages/airflow/example_dags/tutorial_objectstorage.py
[2024-04-12T21:22:26.166+0000] {processor.py:840} INFO - DAG(s) 'tutorial_objectstorage' retrieved from /home/airflow/.local/lib/python3.12/site-packages/airflow/example_dags/tutorial_objectstorage.py
[2024-04-12T21:22:26.203+0000] {logging_mixin.py:188} INFO - [2024-04-12T21:22:26.202+0000] {dag.py:3096} INFO - Sync 1 DAGs
[2024-04-12T21:22:26.223+0000] {logging_mixin.py:188} INFO - [2024-04-12T21:22:26.223+0000] {dag.py:3954} INFO - Setting next_dagrun for tutorial_objectstorage to None, run_after=None
[2024-04-12T21:22:26.268+0000] {processor.py:183} INFO - Processing /home/airflow/.local/lib/python3.12/site-packages/airflow/example_dags/tutorial_objectstorage.py took 0.153 seconds
[2024-04-12T21:22:56.562+0000] {processor.py:161} INFO - Started process (PID=976) to work on /home/airflow/.local/lib/python3.12/site-packages/airflow/example_dags/tutorial_objectstorage.py
[2024-04-12T21:22:56.565+0000] {processor.py:830} INFO - Processing file /home/airflow/.local/lib/python3.12/site-packages/airflow/example_dags/tutorial_objectstorage.py for tasks to queue
[2024-04-12T21:22:56.568+0000] {logging_mixin.py:188} INFO - [2024-04-12T21:22:56.567+0000] {dagbag.py:540} INFO - Filling up the DagBag from /home/airflow/.local/lib/python3.12/site-packages/airflow/example_dags/tutorial_objectstorage.py
[2024-04-12T21:22:56.577+0000] {processor.py:840} INFO - DAG(s) 'tutorial_objectstorage' retrieved from /home/airflow/.local/lib/python3.12/site-packages/airflow/example_dags/tutorial_objectstorage.py
[2024-04-12T21:22:56.605+0000] {logging_mixin.py:188} INFO - [2024-04-12T21:22:56.604+0000] {dag.py:3096} INFO - Sync 1 DAGs
[2024-04-12T21:22:56.829+0000] {logging_mixin.py:188} INFO - [2024-04-12T21:22:56.829+0000] {dag.py:3954} INFO - Setting next_dagrun for tutorial_objectstorage to None, run_after=None
[2024-04-12T21:22:56.862+0000] {processor.py:183} INFO - Processing /home/airflow/.local/lib/python3.12/site-packages/airflow/example_dags/tutorial_objectstorage.py took 0.308 seconds
[2024-04-12T21:23:26.943+0000] {processor.py:161} INFO - Started process (PID=1035) to work on /home/airflow/.local/lib/python3.12/site-packages/airflow/example_dags/tutorial_objectstorage.py
[2024-04-12T21:23:26.944+0000] {processor.py:830} INFO - Processing file /home/airflow/.local/lib/python3.12/site-packages/airflow/example_dags/tutorial_objectstorage.py for tasks to queue
[2024-04-12T21:23:26.947+0000] {logging_mixin.py:188} INFO - [2024-04-12T21:23:26.947+0000] {dagbag.py:540} INFO - Filling up the DagBag from /home/airflow/.local/lib/python3.12/site-packages/airflow/example_dags/tutorial_objectstorage.py
[2024-04-12T21:23:26.957+0000] {processor.py:840} INFO - DAG(s) 'tutorial_objectstorage' retrieved from /home/airflow/.local/lib/python3.12/site-packages/airflow/example_dags/tutorial_objectstorage.py
[2024-04-12T21:23:26.992+0000] {logging_mixin.py:188} INFO - [2024-04-12T21:23:26.992+0000] {dag.py:3096} INFO - Sync 1 DAGs
[2024-04-12T21:23:27.018+0000] {logging_mixin.py:188} INFO - [2024-04-12T21:23:27.017+0000] {dag.py:3954} INFO - Setting next_dagrun for tutorial_objectstorage to None, run_after=None
[2024-04-12T21:23:27.072+0000] {processor.py:183} INFO - Processing /home/airflow/.local/lib/python3.12/site-packages/airflow/example_dags/tutorial_objectstorage.py took 0.141 seconds
[2024-04-12T21:23:57.418+0000] {processor.py:161} INFO - Started process (PID=1093) to work on /home/airflow/.local/lib/python3.12/site-packages/airflow/example_dags/tutorial_objectstorage.py
[2024-04-12T21:23:57.427+0000] {processor.py:830} INFO - Processing file /home/airflow/.local/lib/python3.12/site-packages/airflow/example_dags/tutorial_objectstorage.py for tasks to queue
[2024-04-12T21:23:57.446+0000] {logging_mixin.py:188} INFO - [2024-04-12T21:23:57.445+0000] {dagbag.py:540} INFO - Filling up the DagBag from /home/airflow/.local/lib/python3.12/site-packages/airflow/example_dags/tutorial_objectstorage.py
[2024-04-12T21:23:57.525+0000] {processor.py:840} INFO - DAG(s) 'tutorial_objectstorage' retrieved from /home/airflow/.local/lib/python3.12/site-packages/airflow/example_dags/tutorial_objectstorage.py
[2024-04-12T21:23:57.738+0000] {logging_mixin.py:188} INFO - [2024-04-12T21:23:57.736+0000] {dag.py:3096} INFO - Sync 1 DAGs
[2024-04-12T21:23:57.841+0000] {logging_mixin.py:188} INFO - [2024-04-12T21:23:57.840+0000] {dag.py:3954} INFO - Setting next_dagrun for tutorial_objectstorage to None, run_after=None
[2024-04-12T21:24:00.888+0000] {logging_mixin.py:188} INFO - [2024-04-12T21:24:00.888+0000] {process_utils.py:263} INFO - Waiting up to 5 seconds for processes to exit...
[2024-04-12T21:28:07.049+0000] {processor.py:161} INFO - Started process (PID=71) to work on /home/airflow/.local/lib/python3.12/site-packages/airflow/example_dags/tutorial_objectstorage.py
[2024-04-12T21:28:07.051+0000] {processor.py:830} INFO - Processing file /home/airflow/.local/lib/python3.12/site-packages/airflow/example_dags/tutorial_objectstorage.py for tasks to queue
[2024-04-12T21:28:07.053+0000] {logging_mixin.py:188} INFO - [2024-04-12T21:28:07.053+0000] {dagbag.py:540} INFO - Filling up the DagBag from /home/airflow/.local/lib/python3.12/site-packages/airflow/example_dags/tutorial_objectstorage.py
[2024-04-12T21:28:07.064+0000] {processor.py:840} INFO - DAG(s) 'tutorial_objectstorage' retrieved from /home/airflow/.local/lib/python3.12/site-packages/airflow/example_dags/tutorial_objectstorage.py
[2024-04-12T21:28:07.190+0000] {logging_mixin.py:188} INFO - [2024-04-12T21:28:07.189+0000] {dag.py:3096} INFO - Sync 1 DAGs
[2024-04-12T21:28:07.207+0000] {logging_mixin.py:188} INFO - [2024-04-12T21:28:07.207+0000] {dag.py:3954} INFO - Setting next_dagrun for tutorial_objectstorage to None, run_after=None
[2024-04-12T21:28:07.249+0000] {processor.py:183} INFO - Processing /home/airflow/.local/lib/python3.12/site-packages/airflow/example_dags/tutorial_objectstorage.py took 0.206 seconds
[2024-04-12T21:28:39.717+0000] {processor.py:161} INFO - Started process (PID=129) to work on /home/airflow/.local/lib/python3.12/site-packages/airflow/example_dags/tutorial_objectstorage.py
[2024-04-12T21:28:39.723+0000] {processor.py:830} INFO - Processing file /home/airflow/.local/lib/python3.12/site-packages/airflow/example_dags/tutorial_objectstorage.py for tasks to queue
[2024-04-12T21:28:39.727+0000] {logging_mixin.py:188} INFO - [2024-04-12T21:28:39.727+0000] {dagbag.py:540} INFO - Filling up the DagBag from /home/airflow/.local/lib/python3.12/site-packages/airflow/example_dags/tutorial_objectstorage.py
[2024-04-12T21:28:39.744+0000] {processor.py:840} INFO - DAG(s) 'tutorial_objectstorage' retrieved from /home/airflow/.local/lib/python3.12/site-packages/airflow/example_dags/tutorial_objectstorage.py
[2024-04-12T21:28:39.821+0000] {logging_mixin.py:188} INFO - [2024-04-12T21:28:39.820+0000] {dag.py:3096} INFO - Sync 1 DAGs
[2024-04-12T21:28:39.859+0000] {logging_mixin.py:188} INFO - [2024-04-12T21:28:39.858+0000] {dag.py:3954} INFO - Setting next_dagrun for tutorial_objectstorage to None, run_after=None
[2024-04-12T21:28:39.946+0000] {processor.py:183} INFO - Processing /home/airflow/.local/lib/python3.12/site-packages/airflow/example_dags/tutorial_objectstorage.py took 0.240 seconds
[2024-04-12T21:29:10.503+0000] {processor.py:161} INFO - Started process (PID=188) to work on /home/airflow/.local/lib/python3.12/site-packages/airflow/example_dags/tutorial_objectstorage.py
[2024-04-12T21:29:10.504+0000] {processor.py:830} INFO - Processing file /home/airflow/.local/lib/python3.12/site-packages/airflow/example_dags/tutorial_objectstorage.py for tasks to queue
[2024-04-12T21:29:10.507+0000] {logging_mixin.py:188} INFO - [2024-04-12T21:29:10.506+0000] {dagbag.py:540} INFO - Filling up the DagBag from /home/airflow/.local/lib/python3.12/site-packages/airflow/example_dags/tutorial_objectstorage.py
[2024-04-12T21:29:10.515+0000] {processor.py:840} INFO - DAG(s) 'tutorial_objectstorage' retrieved from /home/airflow/.local/lib/python3.12/site-packages/airflow/example_dags/tutorial_objectstorage.py
[2024-04-12T21:29:10.537+0000] {logging_mixin.py:188} INFO - [2024-04-12T21:29:10.537+0000] {dag.py:3096} INFO - Sync 1 DAGs
[2024-04-12T21:29:10.554+0000] {logging_mixin.py:188} INFO - [2024-04-12T21:29:10.553+0000] {dag.py:3954} INFO - Setting next_dagrun for tutorial_objectstorage to None, run_after=None
[2024-04-12T21:29:10.579+0000] {processor.py:183} INFO - Processing /home/airflow/.local/lib/python3.12/site-packages/airflow/example_dags/tutorial_objectstorage.py took 0.084 seconds
[2024-04-12T21:57:26.720+0000] {processor.py:161} INFO - Started process (PID=71) to work on /home/airflow/.local/lib/python3.12/site-packages/airflow/example_dags/tutorial_objectstorage.py
[2024-04-12T21:57:26.721+0000] {processor.py:830} INFO - Processing file /home/airflow/.local/lib/python3.12/site-packages/airflow/example_dags/tutorial_objectstorage.py for tasks to queue
[2024-04-12T21:57:26.725+0000] {logging_mixin.py:188} INFO - [2024-04-12T21:57:26.724+0000] {dagbag.py:540} INFO - Filling up the DagBag from /home/airflow/.local/lib/python3.12/site-packages/airflow/example_dags/tutorial_objectstorage.py
[2024-04-12T21:57:26.756+0000] {processor.py:840} INFO - DAG(s) 'tutorial_objectstorage' retrieved from /home/airflow/.local/lib/python3.12/site-packages/airflow/example_dags/tutorial_objectstorage.py
[2024-04-12T21:57:27.256+0000] {logging_mixin.py:188} INFO - [2024-04-12T21:57:27.255+0000] {dag.py:3096} INFO - Sync 1 DAGs
[2024-04-12T21:57:27.303+0000] {logging_mixin.py:188} INFO - [2024-04-12T21:57:27.296+0000] {dag.py:3954} INFO - Setting next_dagrun for tutorial_objectstorage to None, run_after=None
[2024-04-12T21:57:27.364+0000] {processor.py:183} INFO - Processing /home/airflow/.local/lib/python3.12/site-packages/airflow/example_dags/tutorial_objectstorage.py took 0.677 seconds
[2024-04-12T21:57:57.438+0000] {processor.py:161} INFO - Started process (PID=130) to work on /home/airflow/.local/lib/python3.12/site-packages/airflow/example_dags/tutorial_objectstorage.py
[2024-04-12T21:57:57.440+0000] {processor.py:830} INFO - Processing file /home/airflow/.local/lib/python3.12/site-packages/airflow/example_dags/tutorial_objectstorage.py for tasks to queue
[2024-04-12T21:57:57.442+0000] {logging_mixin.py:188} INFO - [2024-04-12T21:57:57.442+0000] {dagbag.py:540} INFO - Filling up the DagBag from /home/airflow/.local/lib/python3.12/site-packages/airflow/example_dags/tutorial_objectstorage.py
[2024-04-12T21:57:57.452+0000] {processor.py:840} INFO - DAG(s) 'tutorial_objectstorage' retrieved from /home/airflow/.local/lib/python3.12/site-packages/airflow/example_dags/tutorial_objectstorage.py
[2024-04-12T21:57:57.484+0000] {logging_mixin.py:188} INFO - [2024-04-12T21:57:57.484+0000] {dag.py:3096} INFO - Sync 1 DAGs
[2024-04-12T21:57:57.499+0000] {logging_mixin.py:188} INFO - [2024-04-12T21:57:57.499+0000] {dag.py:3954} INFO - Setting next_dagrun for tutorial_objectstorage to None, run_after=None
[2024-04-12T21:57:57.519+0000] {processor.py:183} INFO - Processing /home/airflow/.local/lib/python3.12/site-packages/airflow/example_dags/tutorial_objectstorage.py took 0.087 seconds
[2024-04-12T21:58:28.093+0000] {processor.py:161} INFO - Started process (PID=189) to work on /home/airflow/.local/lib/python3.12/site-packages/airflow/example_dags/tutorial_objectstorage.py
[2024-04-12T21:58:28.095+0000] {processor.py:830} INFO - Processing file /home/airflow/.local/lib/python3.12/site-packages/airflow/example_dags/tutorial_objectstorage.py for tasks to queue
[2024-04-12T21:58:28.102+0000] {logging_mixin.py:188} INFO - [2024-04-12T21:58:28.101+0000] {dagbag.py:540} INFO - Filling up the DagBag from /home/airflow/.local/lib/python3.12/site-packages/airflow/example_dags/tutorial_objectstorage.py
[2024-04-12T21:58:28.113+0000] {processor.py:840} INFO - DAG(s) 'tutorial_objectstorage' retrieved from /home/airflow/.local/lib/python3.12/site-packages/airflow/example_dags/tutorial_objectstorage.py
[2024-04-12T21:58:28.140+0000] {logging_mixin.py:188} INFO - [2024-04-12T21:58:28.140+0000] {dag.py:3096} INFO - Sync 1 DAGs
[2024-04-12T21:58:28.158+0000] {logging_mixin.py:188} INFO - [2024-04-12T21:58:28.158+0000] {dag.py:3954} INFO - Setting next_dagrun for tutorial_objectstorage to None, run_after=None
[2024-04-12T21:58:28.181+0000] {processor.py:183} INFO - Processing /home/airflow/.local/lib/python3.12/site-packages/airflow/example_dags/tutorial_objectstorage.py took 0.096 seconds
[2024-04-12T21:58:58.260+0000] {processor.py:161} INFO - Started process (PID=248) to work on /home/airflow/.local/lib/python3.12/site-packages/airflow/example_dags/tutorial_objectstorage.py
[2024-04-12T21:58:58.261+0000] {processor.py:830} INFO - Processing file /home/airflow/.local/lib/python3.12/site-packages/airflow/example_dags/tutorial_objectstorage.py for tasks to queue
[2024-04-12T21:58:58.263+0000] {logging_mixin.py:188} INFO - [2024-04-12T21:58:58.263+0000] {dagbag.py:540} INFO - Filling up the DagBag from /home/airflow/.local/lib/python3.12/site-packages/airflow/example_dags/tutorial_objectstorage.py
[2024-04-12T21:58:58.273+0000] {processor.py:840} INFO - DAG(s) 'tutorial_objectstorage' retrieved from /home/airflow/.local/lib/python3.12/site-packages/airflow/example_dags/tutorial_objectstorage.py
[2024-04-12T21:58:58.297+0000] {logging_mixin.py:188} INFO - [2024-04-12T21:58:58.296+0000] {dag.py:3096} INFO - Sync 1 DAGs
[2024-04-12T21:58:58.312+0000] {logging_mixin.py:188} INFO - [2024-04-12T21:58:58.312+0000] {dag.py:3954} INFO - Setting next_dagrun for tutorial_objectstorage to None, run_after=None
[2024-04-12T21:58:58.338+0000] {processor.py:183} INFO - Processing /home/airflow/.local/lib/python3.12/site-packages/airflow/example_dags/tutorial_objectstorage.py took 0.085 seconds
[2024-04-12T21:59:28.526+0000] {processor.py:161} INFO - Started process (PID=307) to work on /home/airflow/.local/lib/python3.12/site-packages/airflow/example_dags/tutorial_objectstorage.py
[2024-04-12T21:59:28.527+0000] {processor.py:830} INFO - Processing file /home/airflow/.local/lib/python3.12/site-packages/airflow/example_dags/tutorial_objectstorage.py for tasks to queue
[2024-04-12T21:59:28.531+0000] {logging_mixin.py:188} INFO - [2024-04-12T21:59:28.531+0000] {dagbag.py:540} INFO - Filling up the DagBag from /home/airflow/.local/lib/python3.12/site-packages/airflow/example_dags/tutorial_objectstorage.py
[2024-04-12T21:59:28.543+0000] {processor.py:840} INFO - DAG(s) 'tutorial_objectstorage' retrieved from /home/airflow/.local/lib/python3.12/site-packages/airflow/example_dags/tutorial_objectstorage.py
[2024-04-12T21:59:28.567+0000] {logging_mixin.py:188} INFO - [2024-04-12T21:59:28.567+0000] {dag.py:3096} INFO - Sync 1 DAGs
[2024-04-12T21:59:28.586+0000] {logging_mixin.py:188} INFO - [2024-04-12T21:59:28.586+0000] {dag.py:3954} INFO - Setting next_dagrun for tutorial_objectstorage to None, run_after=None
[2024-04-12T21:59:28.617+0000] {processor.py:183} INFO - Processing /home/airflow/.local/lib/python3.12/site-packages/airflow/example_dags/tutorial_objectstorage.py took 0.101 seconds
[2024-04-12T21:59:59.478+0000] {processor.py:161} INFO - Started process (PID=366) to work on /home/airflow/.local/lib/python3.12/site-packages/airflow/example_dags/tutorial_objectstorage.py
[2024-04-12T21:59:59.479+0000] {processor.py:830} INFO - Processing file /home/airflow/.local/lib/python3.12/site-packages/airflow/example_dags/tutorial_objectstorage.py for tasks to queue
[2024-04-12T21:59:59.481+0000] {logging_mixin.py:188} INFO - [2024-04-12T21:59:59.481+0000] {dagbag.py:540} INFO - Filling up the DagBag from /home/airflow/.local/lib/python3.12/site-packages/airflow/example_dags/tutorial_objectstorage.py
[2024-04-12T21:59:59.489+0000] {processor.py:840} INFO - DAG(s) 'tutorial_objectstorage' retrieved from /home/airflow/.local/lib/python3.12/site-packages/airflow/example_dags/tutorial_objectstorage.py
[2024-04-12T21:59:59.511+0000] {logging_mixin.py:188} INFO - [2024-04-12T21:59:59.510+0000] {dag.py:3096} INFO - Sync 1 DAGs
[2024-04-12T21:59:59.527+0000] {logging_mixin.py:188} INFO - [2024-04-12T21:59:59.526+0000] {dag.py:3954} INFO - Setting next_dagrun for tutorial_objectstorage to None, run_after=None
[2024-04-12T21:59:59.552+0000] {processor.py:183} INFO - Processing /home/airflow/.local/lib/python3.12/site-packages/airflow/example_dags/tutorial_objectstorage.py took 0.080 seconds
[2024-04-12T22:00:29.871+0000] {processor.py:161} INFO - Started process (PID=425) to work on /home/airflow/.local/lib/python3.12/site-packages/airflow/example_dags/tutorial_objectstorage.py
[2024-04-12T22:00:29.872+0000] {processor.py:830} INFO - Processing file /home/airflow/.local/lib/python3.12/site-packages/airflow/example_dags/tutorial_objectstorage.py for tasks to queue
[2024-04-12T22:00:29.874+0000] {logging_mixin.py:188} INFO - [2024-04-12T22:00:29.874+0000] {dagbag.py:540} INFO - Filling up the DagBag from /home/airflow/.local/lib/python3.12/site-packages/airflow/example_dags/tutorial_objectstorage.py
[2024-04-12T22:00:29.882+0000] {processor.py:840} INFO - DAG(s) 'tutorial_objectstorage' retrieved from /home/airflow/.local/lib/python3.12/site-packages/airflow/example_dags/tutorial_objectstorage.py
[2024-04-12T22:00:29.904+0000] {logging_mixin.py:188} INFO - [2024-04-12T22:00:29.903+0000] {dag.py:3096} INFO - Sync 1 DAGs
[2024-04-12T22:00:29.922+0000] {logging_mixin.py:188} INFO - [2024-04-12T22:00:29.922+0000] {dag.py:3954} INFO - Setting next_dagrun for tutorial_objectstorage to None, run_after=None
[2024-04-12T22:00:29.945+0000] {processor.py:183} INFO - Processing /home/airflow/.local/lib/python3.12/site-packages/airflow/example_dags/tutorial_objectstorage.py took 0.083 seconds
[2024-04-12T22:01:00.502+0000] {processor.py:161} INFO - Started process (PID=483) to work on /home/airflow/.local/lib/python3.12/site-packages/airflow/example_dags/tutorial_objectstorage.py
[2024-04-12T22:01:00.504+0000] {processor.py:830} INFO - Processing file /home/airflow/.local/lib/python3.12/site-packages/airflow/example_dags/tutorial_objectstorage.py for tasks to queue
[2024-04-12T22:01:00.507+0000] {logging_mixin.py:188} INFO - [2024-04-12T22:01:00.506+0000] {dagbag.py:540} INFO - Filling up the DagBag from /home/airflow/.local/lib/python3.12/site-packages/airflow/example_dags/tutorial_objectstorage.py
[2024-04-12T22:01:00.518+0000] {processor.py:840} INFO - DAG(s) 'tutorial_objectstorage' retrieved from /home/airflow/.local/lib/python3.12/site-packages/airflow/example_dags/tutorial_objectstorage.py
[2024-04-12T22:01:00.544+0000] {logging_mixin.py:188} INFO - [2024-04-12T22:01:00.544+0000] {dag.py:3096} INFO - Sync 1 DAGs
[2024-04-12T22:01:00.563+0000] {logging_mixin.py:188} INFO - [2024-04-12T22:01:00.563+0000] {dag.py:3954} INFO - Setting next_dagrun for tutorial_objectstorage to None, run_after=None
[2024-04-12T22:01:00.602+0000] {processor.py:183} INFO - Processing /home/airflow/.local/lib/python3.12/site-packages/airflow/example_dags/tutorial_objectstorage.py took 0.111 seconds
[2024-04-12T22:01:31.315+0000] {processor.py:161} INFO - Started process (PID=542) to work on /home/airflow/.local/lib/python3.12/site-packages/airflow/example_dags/tutorial_objectstorage.py
[2024-04-12T22:01:31.319+0000] {processor.py:830} INFO - Processing file /home/airflow/.local/lib/python3.12/site-packages/airflow/example_dags/tutorial_objectstorage.py for tasks to queue
[2024-04-12T22:01:31.325+0000] {logging_mixin.py:188} INFO - [2024-04-12T22:01:31.325+0000] {dagbag.py:540} INFO - Filling up the DagBag from /home/airflow/.local/lib/python3.12/site-packages/airflow/example_dags/tutorial_objectstorage.py
[2024-04-12T22:01:31.337+0000] {processor.py:840} INFO - DAG(s) 'tutorial_objectstorage' retrieved from /home/airflow/.local/lib/python3.12/site-packages/airflow/example_dags/tutorial_objectstorage.py
[2024-04-12T22:01:31.356+0000] {logging_mixin.py:188} INFO - [2024-04-12T22:01:31.356+0000] {dag.py:3096} INFO - Sync 1 DAGs
[2024-04-12T22:01:31.370+0000] {logging_mixin.py:188} INFO - [2024-04-12T22:01:31.369+0000] {dag.py:3954} INFO - Setting next_dagrun for tutorial_objectstorage to None, run_after=None
[2024-04-12T22:01:31.390+0000] {processor.py:183} INFO - Processing /home/airflow/.local/lib/python3.12/site-packages/airflow/example_dags/tutorial_objectstorage.py took 0.085 seconds
[2024-04-12T22:02:02.496+0000] {processor.py:161} INFO - Started process (PID=601) to work on /home/airflow/.local/lib/python3.12/site-packages/airflow/example_dags/tutorial_objectstorage.py
[2024-04-12T22:02:02.498+0000] {processor.py:830} INFO - Processing file /home/airflow/.local/lib/python3.12/site-packages/airflow/example_dags/tutorial_objectstorage.py for tasks to queue
[2024-04-12T22:02:02.504+0000] {logging_mixin.py:188} INFO - [2024-04-12T22:02:02.504+0000] {dagbag.py:540} INFO - Filling up the DagBag from /home/airflow/.local/lib/python3.12/site-packages/airflow/example_dags/tutorial_objectstorage.py
[2024-04-12T22:02:02.535+0000] {processor.py:840} INFO - DAG(s) 'tutorial_objectstorage' retrieved from /home/airflow/.local/lib/python3.12/site-packages/airflow/example_dags/tutorial_objectstorage.py
[2024-04-12T22:02:02.599+0000] {logging_mixin.py:188} INFO - [2024-04-12T22:02:02.598+0000] {dag.py:3096} INFO - Sync 1 DAGs
[2024-04-12T22:02:02.622+0000] {logging_mixin.py:188} INFO - [2024-04-12T22:02:02.622+0000] {dag.py:3954} INFO - Setting next_dagrun for tutorial_objectstorage to None, run_after=None
[2024-04-12T22:02:02.677+0000] {processor.py:183} INFO - Processing /home/airflow/.local/lib/python3.12/site-packages/airflow/example_dags/tutorial_objectstorage.py took 0.190 seconds
[2024-04-12T22:02:34.527+0000] {processor.py:161} INFO - Started process (PID=660) to work on /home/airflow/.local/lib/python3.12/site-packages/airflow/example_dags/tutorial_objectstorage.py
[2024-04-12T22:02:34.529+0000] {processor.py:830} INFO - Processing file /home/airflow/.local/lib/python3.12/site-packages/airflow/example_dags/tutorial_objectstorage.py for tasks to queue
[2024-04-12T22:02:34.536+0000] {logging_mixin.py:188} INFO - [2024-04-12T22:02:34.535+0000] {dagbag.py:540} INFO - Filling up the DagBag from /home/airflow/.local/lib/python3.12/site-packages/airflow/example_dags/tutorial_objectstorage.py
[2024-04-12T22:02:34.551+0000] {processor.py:840} INFO - DAG(s) 'tutorial_objectstorage' retrieved from /home/airflow/.local/lib/python3.12/site-packages/airflow/example_dags/tutorial_objectstorage.py
[2024-04-12T22:02:34.587+0000] {logging_mixin.py:188} INFO - [2024-04-12T22:02:34.587+0000] {dag.py:3096} INFO - Sync 1 DAGs
[2024-04-12T22:02:34.613+0000] {logging_mixin.py:188} INFO - [2024-04-12T22:02:34.612+0000] {dag.py:3954} INFO - Setting next_dagrun for tutorial_objectstorage to None, run_after=None
[2024-04-12T22:02:34.645+0000] {processor.py:183} INFO - Processing /home/airflow/.local/lib/python3.12/site-packages/airflow/example_dags/tutorial_objectstorage.py took 0.129 seconds
[2024-04-12T22:03:05.285+0000] {processor.py:161} INFO - Started process (PID=719) to work on /home/airflow/.local/lib/python3.12/site-packages/airflow/example_dags/tutorial_objectstorage.py
[2024-04-12T22:03:05.286+0000] {processor.py:830} INFO - Processing file /home/airflow/.local/lib/python3.12/site-packages/airflow/example_dags/tutorial_objectstorage.py for tasks to queue
[2024-04-12T22:03:05.288+0000] {logging_mixin.py:188} INFO - [2024-04-12T22:03:05.288+0000] {dagbag.py:540} INFO - Filling up the DagBag from /home/airflow/.local/lib/python3.12/site-packages/airflow/example_dags/tutorial_objectstorage.py
[2024-04-12T22:03:05.297+0000] {processor.py:840} INFO - DAG(s) 'tutorial_objectstorage' retrieved from /home/airflow/.local/lib/python3.12/site-packages/airflow/example_dags/tutorial_objectstorage.py
[2024-04-12T22:03:05.322+0000] {logging_mixin.py:188} INFO - [2024-04-12T22:03:05.321+0000] {dag.py:3096} INFO - Sync 1 DAGs
[2024-04-12T22:03:05.348+0000] {logging_mixin.py:188} INFO - [2024-04-12T22:03:05.347+0000] {dag.py:3954} INFO - Setting next_dagrun for tutorial_objectstorage to None, run_after=None
[2024-04-12T22:03:05.382+0000] {processor.py:183} INFO - Processing /home/airflow/.local/lib/python3.12/site-packages/airflow/example_dags/tutorial_objectstorage.py took 0.104 seconds
[2024-04-12T22:03:35.692+0000] {processor.py:161} INFO - Started process (PID=778) to work on /home/airflow/.local/lib/python3.12/site-packages/airflow/example_dags/tutorial_objectstorage.py
[2024-04-12T22:03:35.694+0000] {processor.py:830} INFO - Processing file /home/airflow/.local/lib/python3.12/site-packages/airflow/example_dags/tutorial_objectstorage.py for tasks to queue
[2024-04-12T22:03:35.696+0000] {logging_mixin.py:188} INFO - [2024-04-12T22:03:35.695+0000] {dagbag.py:540} INFO - Filling up the DagBag from /home/airflow/.local/lib/python3.12/site-packages/airflow/example_dags/tutorial_objectstorage.py
[2024-04-12T22:03:35.704+0000] {processor.py:840} INFO - DAG(s) 'tutorial_objectstorage' retrieved from /home/airflow/.local/lib/python3.12/site-packages/airflow/example_dags/tutorial_objectstorage.py
[2024-04-12T22:03:35.727+0000] {logging_mixin.py:188} INFO - [2024-04-12T22:03:35.726+0000] {dag.py:3096} INFO - Sync 1 DAGs
[2024-04-12T22:03:35.744+0000] {logging_mixin.py:188} INFO - [2024-04-12T22:03:35.744+0000] {dag.py:3954} INFO - Setting next_dagrun for tutorial_objectstorage to None, run_after=None
[2024-04-12T22:03:35.770+0000] {processor.py:183} INFO - Processing /home/airflow/.local/lib/python3.12/site-packages/airflow/example_dags/tutorial_objectstorage.py took 0.085 seconds
[2024-04-12T22:04:06.168+0000] {processor.py:161} INFO - Started process (PID=838) to work on /home/airflow/.local/lib/python3.12/site-packages/airflow/example_dags/tutorial_objectstorage.py
[2024-04-12T22:04:06.169+0000] {processor.py:830} INFO - Processing file /home/airflow/.local/lib/python3.12/site-packages/airflow/example_dags/tutorial_objectstorage.py for tasks to queue
[2024-04-12T22:04:06.171+0000] {logging_mixin.py:188} INFO - [2024-04-12T22:04:06.171+0000] {dagbag.py:540} INFO - Filling up the DagBag from /home/airflow/.local/lib/python3.12/site-packages/airflow/example_dags/tutorial_objectstorage.py
[2024-04-12T22:04:06.179+0000] {processor.py:840} INFO - DAG(s) 'tutorial_objectstorage' retrieved from /home/airflow/.local/lib/python3.12/site-packages/airflow/example_dags/tutorial_objectstorage.py
[2024-04-12T22:04:06.198+0000] {logging_mixin.py:188} INFO - [2024-04-12T22:04:06.198+0000] {dag.py:3096} INFO - Sync 1 DAGs
[2024-04-12T22:04:06.211+0000] {logging_mixin.py:188} INFO - [2024-04-12T22:04:06.211+0000] {dag.py:3954} INFO - Setting next_dagrun for tutorial_objectstorage to None, run_after=None
[2024-04-12T22:04:06.233+0000] {processor.py:183} INFO - Processing /home/airflow/.local/lib/python3.12/site-packages/airflow/example_dags/tutorial_objectstorage.py took 0.071 seconds
[2024-04-12T22:04:37.377+0000] {processor.py:161} INFO - Started process (PID=897) to work on /home/airflow/.local/lib/python3.12/site-packages/airflow/example_dags/tutorial_objectstorage.py
[2024-04-12T22:04:37.379+0000] {processor.py:830} INFO - Processing file /home/airflow/.local/lib/python3.12/site-packages/airflow/example_dags/tutorial_objectstorage.py for tasks to queue
[2024-04-12T22:04:37.384+0000] {logging_mixin.py:188} INFO - [2024-04-12T22:04:37.383+0000] {dagbag.py:540} INFO - Filling up the DagBag from /home/airflow/.local/lib/python3.12/site-packages/airflow/example_dags/tutorial_objectstorage.py
[2024-04-12T22:04:37.405+0000] {processor.py:840} INFO - DAG(s) 'tutorial_objectstorage' retrieved from /home/airflow/.local/lib/python3.12/site-packages/airflow/example_dags/tutorial_objectstorage.py
[2024-04-12T22:04:37.448+0000] {logging_mixin.py:188} INFO - [2024-04-12T22:04:37.448+0000] {dag.py:3096} INFO - Sync 1 DAGs
[2024-04-12T22:04:37.480+0000] {logging_mixin.py:188} INFO - [2024-04-12T22:04:37.480+0000] {dag.py:3954} INFO - Setting next_dagrun for tutorial_objectstorage to None, run_after=None
[2024-04-12T22:04:37.744+0000] {processor.py:183} INFO - Processing /home/airflow/.local/lib/python3.12/site-packages/airflow/example_dags/tutorial_objectstorage.py took 0.386 seconds
[2024-04-12T22:05:07.811+0000] {processor.py:161} INFO - Started process (PID=956) to work on /home/airflow/.local/lib/python3.12/site-packages/airflow/example_dags/tutorial_objectstorage.py
[2024-04-12T22:05:07.812+0000] {processor.py:830} INFO - Processing file /home/airflow/.local/lib/python3.12/site-packages/airflow/example_dags/tutorial_objectstorage.py for tasks to queue
[2024-04-12T22:05:07.814+0000] {logging_mixin.py:188} INFO - [2024-04-12T22:05:07.814+0000] {dagbag.py:540} INFO - Filling up the DagBag from /home/airflow/.local/lib/python3.12/site-packages/airflow/example_dags/tutorial_objectstorage.py
[2024-04-12T22:05:07.823+0000] {processor.py:840} INFO - DAG(s) 'tutorial_objectstorage' retrieved from /home/airflow/.local/lib/python3.12/site-packages/airflow/example_dags/tutorial_objectstorage.py
[2024-04-12T22:05:07.846+0000] {logging_mixin.py:188} INFO - [2024-04-12T22:05:07.845+0000] {dag.py:3096} INFO - Sync 1 DAGs
[2024-04-12T22:05:07.864+0000] {logging_mixin.py:188} INFO - [2024-04-12T22:05:07.863+0000] {dag.py:3954} INFO - Setting next_dagrun for tutorial_objectstorage to None, run_after=None
[2024-04-12T22:05:07.889+0000] {processor.py:183} INFO - Processing /home/airflow/.local/lib/python3.12/site-packages/airflow/example_dags/tutorial_objectstorage.py took 0.087 seconds
[2024-04-12T22:05:38.047+0000] {processor.py:161} INFO - Started process (PID=1015) to work on /home/airflow/.local/lib/python3.12/site-packages/airflow/example_dags/tutorial_objectstorage.py
[2024-04-12T22:05:38.049+0000] {processor.py:830} INFO - Processing file /home/airflow/.local/lib/python3.12/site-packages/airflow/example_dags/tutorial_objectstorage.py for tasks to queue
[2024-04-12T22:05:38.051+0000] {logging_mixin.py:188} INFO - [2024-04-12T22:05:38.050+0000] {dagbag.py:540} INFO - Filling up the DagBag from /home/airflow/.local/lib/python3.12/site-packages/airflow/example_dags/tutorial_objectstorage.py
[2024-04-12T22:05:38.059+0000] {processor.py:840} INFO - DAG(s) 'tutorial_objectstorage' retrieved from /home/airflow/.local/lib/python3.12/site-packages/airflow/example_dags/tutorial_objectstorage.py
[2024-04-12T22:05:38.079+0000] {logging_mixin.py:188} INFO - [2024-04-12T22:05:38.079+0000] {dag.py:3096} INFO - Sync 1 DAGs
[2024-04-12T22:05:38.096+0000] {logging_mixin.py:188} INFO - [2024-04-12T22:05:38.096+0000] {dag.py:3954} INFO - Setting next_dagrun for tutorial_objectstorage to None, run_after=None
[2024-04-12T22:05:38.119+0000] {processor.py:183} INFO - Processing /home/airflow/.local/lib/python3.12/site-packages/airflow/example_dags/tutorial_objectstorage.py took 0.078 seconds
